[2023-03-09T16:22:48.880+0000] {taskinstance.py:1083} INFO - Dependencies all met for <TaskInstance: bitcoin_second_webscrape.scrape_close_bitcoin_price scheduled__2023-03-08T13:00:00+00:00 [queued]>
[2023-03-09T16:22:48.900+0000] {taskinstance.py:1083} INFO - Dependencies all met for <TaskInstance: bitcoin_second_webscrape.scrape_close_bitcoin_price scheduled__2023-03-08T13:00:00+00:00 [queued]>
[2023-03-09T16:22:48.901+0000] {taskinstance.py:1279} INFO - 
--------------------------------------------------------------------------------
[2023-03-09T16:22:48.903+0000] {taskinstance.py:1280} INFO - Starting attempt 1 of 1
[2023-03-09T16:22:48.904+0000] {taskinstance.py:1281} INFO - 
--------------------------------------------------------------------------------
[2023-03-09T16:22:48.926+0000] {taskinstance.py:1300} INFO - Executing <Task(PythonOperator): scrape_close_bitcoin_price> on 2023-03-08 13:00:00+00:00
[2023-03-09T16:22:48.945+0000] {standard_task_runner.py:55} INFO - Started process 67 to run task
[2023-03-09T16:22:48.957+0000] {standard_task_runner.py:82} INFO - Running: ['***', 'tasks', 'run', 'bitcoin_second_webscrape', 'scrape_close_bitcoin_price', 'scheduled__2023-03-08T13:00:00+00:00', '--job-id', '263', '--raw', '--subdir', 'DAGS_FOLDER/main.py', '--cfg-path', '/tmp/tmpkyagl69u']
[2023-03-09T16:22:48.962+0000] {standard_task_runner.py:83} INFO - Job 263: Subtask scrape_close_bitcoin_price
[2023-03-09T16:22:49.133+0000] {task_command.py:388} INFO - Running <TaskInstance: bitcoin_second_webscrape.scrape_close_bitcoin_price scheduled__2023-03-08T13:00:00+00:00 [running]> on host cd114ba8c1f8
[2023-03-09T16:22:49.289+0000] {taskinstance.py:1509} INFO - Exporting the following env vars:
AIRFLOW_CTX_DAG_EMAIL=***@example.com
AIRFLOW_CTX_DAG_OWNER=***
AIRFLOW_CTX_DAG_ID=bitcoin_second_webscrape
AIRFLOW_CTX_TASK_ID=scrape_close_bitcoin_price
AIRFLOW_CTX_EXECUTION_DATE=2023-03-08T13:00:00+00:00
AIRFLOW_CTX_TRY_NUMBER=1
AIRFLOW_CTX_DAG_RUN_ID=scheduled__2023-03-08T13:00:00+00:00
[2023-03-09T16:22:50.524+0000] {logging_mixin.py:137} INFO - ['W(100%)']
[2023-03-09T16:22:50.674+0000] {python.py:177} INFO - Done. Returned value was: None
[2023-03-09T16:22:50.696+0000] {taskinstance.py:1323} INFO - Marking task as SUCCESS. dag_id=bitcoin_second_webscrape, task_id=scrape_close_bitcoin_price, execution_date=20230308T130000, start_date=20230309T162248, end_date=20230309T162250
[2023-03-09T16:22:50.752+0000] {local_task_job.py:208} INFO - Task exited with return code 0
[2023-03-09T16:22:50.796+0000] {taskinstance.py:2578} INFO - 1 downstream tasks scheduled from follow-on schedule check
