[2023-03-06T23:31:26.409+0000] {taskinstance.py:1083} INFO - Dependencies all met for <TaskInstance: bitcoin_second_webscrape.create_dataset manual__2023-03-06T23:30:29.977628+00:00 [queued]>
[2023-03-06T23:31:26.477+0000] {taskinstance.py:1083} INFO - Dependencies all met for <TaskInstance: bitcoin_second_webscrape.create_dataset manual__2023-03-06T23:30:29.977628+00:00 [queued]>
[2023-03-06T23:31:26.482+0000] {taskinstance.py:1279} INFO - 
--------------------------------------------------------------------------------
[2023-03-06T23:31:26.487+0000] {taskinstance.py:1280} INFO - Starting attempt 1 of 1
[2023-03-06T23:31:26.494+0000] {taskinstance.py:1281} INFO - 
--------------------------------------------------------------------------------
[2023-03-06T23:31:26.575+0000] {taskinstance.py:1300} INFO - Executing <Task(PythonOperator): create_dataset> on 2023-03-06 23:30:29.977628+00:00
[2023-03-06T23:31:26.608+0000] {standard_task_runner.py:55} INFO - Started process 160 to run task
[2023-03-06T23:31:26.650+0000] {standard_task_runner.py:82} INFO - Running: ['***', 'tasks', 'run', 'bitcoin_second_webscrape', 'create_dataset', 'manual__2023-03-06T23:30:29.977628+00:00', '--job-id', '126', '--raw', '--subdir', 'DAGS_FOLDER/main.py', '--cfg-path', '/tmp/tmp286cd2ia']
[2023-03-06T23:31:26.657+0000] {standard_task_runner.py:83} INFO - Job 126: Subtask create_dataset
[2023-03-06T23:31:27.315+0000] {task_command.py:388} INFO - Running <TaskInstance: bitcoin_second_webscrape.create_dataset manual__2023-03-06T23:30:29.977628+00:00 [running]> on host 12a6d3b9daec
[2023-03-06T23:31:27.695+0000] {taskinstance.py:1509} INFO - Exporting the following env vars:
AIRFLOW_CTX_DAG_EMAIL=***@example.com
AIRFLOW_CTX_DAG_OWNER=***
AIRFLOW_CTX_DAG_ID=bitcoin_second_webscrape
AIRFLOW_CTX_TASK_ID=create_dataset
AIRFLOW_CTX_EXECUTION_DATE=2023-03-06T23:30:29.977628+00:00
AIRFLOW_CTX_TRY_NUMBER=1
AIRFLOW_CTX_DAG_RUN_ID=manual__2023-03-06T23:30:29.977628+00:00
[2023-03-06T23:31:28.411+0000] {python.py:177} INFO - Done. Returned value was: None
[2023-03-06T23:31:28.516+0000] {taskinstance.py:1323} INFO - Marking task as SUCCESS. dag_id=bitcoin_second_webscrape, task_id=create_dataset, execution_date=20230306T233029, start_date=20230306T233126, end_date=20230306T233128
[2023-03-06T23:31:28.645+0000] {local_task_job.py:208} INFO - Task exited with return code 0
[2023-03-06T23:31:28.823+0000] {taskinstance.py:2578} INFO - 1 downstream tasks scheduled from follow-on schedule check
