[2023-03-07T23:44:25.796+0000] {taskinstance.py:1083} INFO - Dependencies all met for <TaskInstance: bitcoin_second_webscrape.transform_close_webscrape_pricing scheduled__2023-03-06T13:00:00+00:00 [queued]>
[2023-03-07T23:44:25.902+0000] {taskinstance.py:1083} INFO - Dependencies all met for <TaskInstance: bitcoin_second_webscrape.transform_close_webscrape_pricing scheduled__2023-03-06T13:00:00+00:00 [queued]>
[2023-03-07T23:44:25.904+0000] {taskinstance.py:1279} INFO - 
--------------------------------------------------------------------------------
[2023-03-07T23:44:25.907+0000] {taskinstance.py:1280} INFO - Starting attempt 1 of 1
[2023-03-07T23:44:25.911+0000] {taskinstance.py:1281} INFO - 
--------------------------------------------------------------------------------
[2023-03-07T23:44:26.042+0000] {taskinstance.py:1300} INFO - Executing <Task(PythonOperator): transform_close_webscrape_pricing> on 2023-03-06 13:00:00+00:00
[2023-03-07T23:44:26.071+0000] {standard_task_runner.py:55} INFO - Started process 196 to run task
[2023-03-07T23:44:26.100+0000] {standard_task_runner.py:82} INFO - Running: ['***', 'tasks', 'run', 'bitcoin_second_webscrape', 'transform_close_webscrape_pricing', 'scheduled__2023-03-06T13:00:00+00:00', '--job-id', '165', '--raw', '--subdir', 'DAGS_FOLDER/main.py', '--cfg-path', '/tmp/tmp_1plpvq_']
[2023-03-07T23:44:26.106+0000] {standard_task_runner.py:83} INFO - Job 165: Subtask transform_close_webscrape_pricing
[2023-03-07T23:44:26.672+0000] {task_command.py:388} INFO - Running <TaskInstance: bitcoin_second_webscrape.transform_close_webscrape_pricing scheduled__2023-03-06T13:00:00+00:00 [running]> on host cd114ba8c1f8
[2023-03-07T23:44:27.401+0000] {taskinstance.py:1509} INFO - Exporting the following env vars:
AIRFLOW_CTX_DAG_EMAIL=***@example.com
AIRFLOW_CTX_DAG_OWNER=***
AIRFLOW_CTX_DAG_ID=bitcoin_second_webscrape
AIRFLOW_CTX_TASK_ID=transform_close_webscrape_pricing
AIRFLOW_CTX_EXECUTION_DATE=2023-03-06T13:00:00+00:00
AIRFLOW_CTX_TRY_NUMBER=1
AIRFLOW_CTX_DAG_RUN_ID=scheduled__2023-03-06T13:00:00+00:00
[2023-03-07T23:44:27.726+0000] {python.py:177} INFO - Done. Returned value was: None
[2023-03-07T23:44:27.781+0000] {taskinstance.py:1323} INFO - Marking task as SUCCESS. dag_id=bitcoin_second_webscrape, task_id=transform_close_webscrape_pricing, execution_date=20230306T130000, start_date=20230307T234425, end_date=20230307T234427
[2023-03-07T23:44:28.070+0000] {local_task_job.py:208} INFO - Task exited with return code 0
[2023-03-07T23:44:28.666+0000] {taskinstance.py:2578} INFO - 1 downstream tasks scheduled from follow-on schedule check
