[2023-03-07T23:47:56.673+0000] {taskinstance.py:1083} INFO - Dependencies all met for <TaskInstance: bitcoin_second_webscrape.scrape_close_bitcoin_price manual__2023-03-07T23:47:42.922440+00:00 [queued]>
[2023-03-07T23:47:56.737+0000] {taskinstance.py:1083} INFO - Dependencies all met for <TaskInstance: bitcoin_second_webscrape.scrape_close_bitcoin_price manual__2023-03-07T23:47:42.922440+00:00 [queued]>
[2023-03-07T23:47:56.742+0000] {taskinstance.py:1279} INFO - 
--------------------------------------------------------------------------------
[2023-03-07T23:47:56.745+0000] {taskinstance.py:1280} INFO - Starting attempt 1 of 1
[2023-03-07T23:47:56.749+0000] {taskinstance.py:1281} INFO - 
--------------------------------------------------------------------------------
[2023-03-07T23:47:56.864+0000] {taskinstance.py:1300} INFO - Executing <Task(PythonOperator): scrape_close_bitcoin_price> on 2023-03-07 23:47:42.922440+00:00
[2023-03-07T23:47:56.897+0000] {standard_task_runner.py:55} INFO - Started process 394 to run task
[2023-03-07T23:47:56.921+0000] {standard_task_runner.py:82} INFO - Running: ['***', 'tasks', 'run', 'bitcoin_second_webscrape', 'scrape_close_bitcoin_price', 'manual__2023-03-07T23:47:42.922440+00:00', '--job-id', '174', '--raw', '--subdir', 'DAGS_FOLDER/main.py', '--cfg-path', '/tmp/tmpfh6wnnq8']
[2023-03-07T23:47:56.927+0000] {standard_task_runner.py:83} INFO - Job 174: Subtask scrape_close_bitcoin_price
[2023-03-07T23:47:57.459+0000] {task_command.py:388} INFO - Running <TaskInstance: bitcoin_second_webscrape.scrape_close_bitcoin_price manual__2023-03-07T23:47:42.922440+00:00 [running]> on host cd114ba8c1f8
[2023-03-07T23:47:57.788+0000] {taskinstance.py:1509} INFO - Exporting the following env vars:
AIRFLOW_CTX_DAG_EMAIL=***@example.com
AIRFLOW_CTX_DAG_OWNER=***
AIRFLOW_CTX_DAG_ID=bitcoin_second_webscrape
AIRFLOW_CTX_TASK_ID=scrape_close_bitcoin_price
AIRFLOW_CTX_EXECUTION_DATE=2023-03-07T23:47:42.922440+00:00
AIRFLOW_CTX_TRY_NUMBER=1
AIRFLOW_CTX_DAG_RUN_ID=manual__2023-03-07T23:47:42.922440+00:00
[2023-03-07T23:47:59.332+0000] {logging_mixin.py:137} INFO - ['W(100%)']
[2023-03-07T23:47:59.728+0000] {python.py:177} INFO - Done. Returned value was: None
[2023-03-07T23:47:59.760+0000] {taskinstance.py:1323} INFO - Marking task as SUCCESS. dag_id=bitcoin_second_webscrape, task_id=scrape_close_bitcoin_price, execution_date=20230307T234742, start_date=20230307T234756, end_date=20230307T234759
[2023-03-07T23:47:59.866+0000] {local_task_job.py:208} INFO - Task exited with return code 0
[2023-03-07T23:48:00.092+0000] {taskinstance.py:2578} INFO - 1 downstream tasks scheduled from follow-on schedule check
