[2023-03-08T16:56:34.911+0000] {taskinstance.py:1083} INFO - Dependencies all met for <TaskInstance: bitcoin_second_webscrape.transform_close_webscrape_pricing scheduled__2023-03-07T13:00:00+00:00 [queued]>
[2023-03-08T16:56:34.926+0000] {taskinstance.py:1083} INFO - Dependencies all met for <TaskInstance: bitcoin_second_webscrape.transform_close_webscrape_pricing scheduled__2023-03-07T13:00:00+00:00 [queued]>
[2023-03-08T16:56:34.927+0000] {taskinstance.py:1279} INFO - 
--------------------------------------------------------------------------------
[2023-03-08T16:56:34.929+0000] {taskinstance.py:1280} INFO - Starting attempt 1 of 1
[2023-03-08T16:56:34.930+0000] {taskinstance.py:1281} INFO - 
--------------------------------------------------------------------------------
[2023-03-08T16:56:34.951+0000] {taskinstance.py:1300} INFO - Executing <Task(PythonOperator): transform_close_webscrape_pricing> on 2023-03-07 13:00:00+00:00
[2023-03-08T16:56:34.964+0000] {standard_task_runner.py:55} INFO - Started process 87 to run task
[2023-03-08T16:56:34.970+0000] {standard_task_runner.py:82} INFO - Running: ['***', 'tasks', 'run', 'bitcoin_second_webscrape', 'transform_close_webscrape_pricing', 'scheduled__2023-03-07T13:00:00+00:00', '--job-id', '197', '--raw', '--subdir', 'DAGS_FOLDER/main.py', '--cfg-path', '/tmp/tmpvv1hoy_a']
[2023-03-08T16:56:34.971+0000] {standard_task_runner.py:83} INFO - Job 197: Subtask transform_close_webscrape_pricing
[2023-03-08T16:56:35.080+0000] {task_command.py:388} INFO - Running <TaskInstance: bitcoin_second_webscrape.transform_close_webscrape_pricing scheduled__2023-03-07T13:00:00+00:00 [running]> on host cd114ba8c1f8
[2023-03-08T16:56:35.192+0000] {taskinstance.py:1509} INFO - Exporting the following env vars:
AIRFLOW_CTX_DAG_EMAIL=***@example.com
AIRFLOW_CTX_DAG_OWNER=***
AIRFLOW_CTX_DAG_ID=bitcoin_second_webscrape
AIRFLOW_CTX_TASK_ID=transform_close_webscrape_pricing
AIRFLOW_CTX_EXECUTION_DATE=2023-03-07T13:00:00+00:00
AIRFLOW_CTX_TRY_NUMBER=1
AIRFLOW_CTX_DAG_RUN_ID=scheduled__2023-03-07T13:00:00+00:00
[2023-03-08T16:56:35.234+0000] {python.py:177} INFO - Done. Returned value was: None
[2023-03-08T16:56:35.249+0000] {taskinstance.py:1323} INFO - Marking task as SUCCESS. dag_id=bitcoin_second_webscrape, task_id=transform_close_webscrape_pricing, execution_date=20230307T130000, start_date=20230308T165634, end_date=20230308T165635
[2023-03-08T16:56:35.305+0000] {local_task_job.py:208} INFO - Task exited with return code 0
[2023-03-08T16:56:35.361+0000] {taskinstance.py:2578} INFO - 1 downstream tasks scheduled from follow-on schedule check
