[2023-03-08T21:23:41.972+0000] {taskinstance.py:1083} INFO - Dependencies all met for <TaskInstance: bitcoin_second_webscrape.create_dataset manual__2023-03-08T21:23:11.089498+00:00 [queued]>
[2023-03-08T21:23:42.027+0000] {taskinstance.py:1083} INFO - Dependencies all met for <TaskInstance: bitcoin_second_webscrape.create_dataset manual__2023-03-08T21:23:11.089498+00:00 [queued]>
[2023-03-08T21:23:42.028+0000] {taskinstance.py:1279} INFO - 
--------------------------------------------------------------------------------
[2023-03-08T21:23:42.038+0000] {taskinstance.py:1280} INFO - Starting attempt 1 of 1
[2023-03-08T21:23:42.042+0000] {taskinstance.py:1281} INFO - 
--------------------------------------------------------------------------------
[2023-03-08T21:23:42.367+0000] {taskinstance.py:1300} INFO - Executing <Task(PythonOperator): create_dataset> on 2023-03-08 21:23:11.089498+00:00
[2023-03-08T21:23:42.412+0000] {standard_task_runner.py:55} INFO - Started process 221 to run task
[2023-03-08T21:23:42.439+0000] {standard_task_runner.py:82} INFO - Running: ['***', 'tasks', 'run', 'bitcoin_second_webscrape', 'create_dataset', 'manual__2023-03-08T21:23:11.089498+00:00', '--job-id', '251', '--raw', '--subdir', 'DAGS_FOLDER/main.py', '--cfg-path', '/tmp/tmpnnv3heel']
[2023-03-08T21:23:42.443+0000] {standard_task_runner.py:83} INFO - Job 251: Subtask create_dataset
[2023-03-08T21:23:42.728+0000] {task_command.py:388} INFO - Running <TaskInstance: bitcoin_second_webscrape.create_dataset manual__2023-03-08T21:23:11.089498+00:00 [running]> on host cd114ba8c1f8
[2023-03-08T21:23:43.080+0000] {taskinstance.py:1509} INFO - Exporting the following env vars:
AIRFLOW_CTX_DAG_EMAIL=***@example.com
AIRFLOW_CTX_DAG_OWNER=***
AIRFLOW_CTX_DAG_ID=bitcoin_second_webscrape
AIRFLOW_CTX_TASK_ID=create_dataset
AIRFLOW_CTX_EXECUTION_DATE=2023-03-08T21:23:11.089498+00:00
AIRFLOW_CTX_TRY_NUMBER=1
AIRFLOW_CTX_DAG_RUN_ID=manual__2023-03-08T21:23:11.089498+00:00
[2023-03-08T21:23:43.713+0000] {python.py:177} INFO - Done. Returned value was: None
[2023-03-08T21:23:43.753+0000] {taskinstance.py:1323} INFO - Marking task as SUCCESS. dag_id=bitcoin_second_webscrape, task_id=create_dataset, execution_date=20230308T212311, start_date=20230308T212341, end_date=20230308T212343
[2023-03-08T21:23:43.838+0000] {local_task_job.py:208} INFO - Task exited with return code 0
[2023-03-08T21:23:43.944+0000] {taskinstance.py:2578} INFO - 0 downstream tasks scheduled from follow-on schedule check
