[2023-03-08T18:30:39.544+0000] {taskinstance.py:1083} INFO - Dependencies all met for <TaskInstance: bitcoin_second_webscrape.gcs_csv_file_upload manual__2023-03-08T18:30:12.846434+00:00 [queued]>
[2023-03-08T18:30:39.560+0000] {taskinstance.py:1083} INFO - Dependencies all met for <TaskInstance: bitcoin_second_webscrape.gcs_csv_file_upload manual__2023-03-08T18:30:12.846434+00:00 [queued]>
[2023-03-08T18:30:39.562+0000] {taskinstance.py:1279} INFO - 
--------------------------------------------------------------------------------
[2023-03-08T18:30:39.565+0000] {taskinstance.py:1280} INFO - Starting attempt 1 of 1
[2023-03-08T18:30:39.566+0000] {taskinstance.py:1281} INFO - 
--------------------------------------------------------------------------------
[2023-03-08T18:30:39.596+0000] {taskinstance.py:1300} INFO - Executing <Task(PythonOperator): gcs_csv_file_upload> on 2023-03-08 18:30:12.846434+00:00
[2023-03-08T18:30:39.607+0000] {standard_task_runner.py:55} INFO - Started process 5489 to run task
[2023-03-08T18:30:39.614+0000] {standard_task_runner.py:82} INFO - Running: ['***', 'tasks', 'run', 'bitcoin_second_webscrape', 'gcs_csv_file_upload', 'manual__2023-03-08T18:30:12.846434+00:00', '--job-id', '239', '--raw', '--subdir', 'DAGS_FOLDER/main.py', '--cfg-path', '/tmp/tmp9erd9wjc']
[2023-03-08T18:30:39.616+0000] {standard_task_runner.py:83} INFO - Job 239: Subtask gcs_csv_file_upload
[2023-03-08T18:30:39.758+0000] {task_command.py:388} INFO - Running <TaskInstance: bitcoin_second_webscrape.gcs_csv_file_upload manual__2023-03-08T18:30:12.846434+00:00 [running]> on host cd114ba8c1f8
[2023-03-08T18:30:39.915+0000] {taskinstance.py:1509} INFO - Exporting the following env vars:
AIRFLOW_CTX_DAG_EMAIL=***@example.com
AIRFLOW_CTX_DAG_OWNER=***
AIRFLOW_CTX_DAG_ID=bitcoin_second_webscrape
AIRFLOW_CTX_TASK_ID=gcs_csv_file_upload
AIRFLOW_CTX_EXECUTION_DATE=2023-03-08T18:30:12.846434+00:00
AIRFLOW_CTX_TRY_NUMBER=1
AIRFLOW_CTX_DAG_RUN_ID=manual__2023-03-08T18:30:12.846434+00:00
[2023-03-08T18:30:41.043+0000] {python.py:177} INFO - Done. Returned value was: None
[2023-03-08T18:30:41.121+0000] {taskinstance.py:1323} INFO - Marking task as SUCCESS. dag_id=bitcoin_second_webscrape, task_id=gcs_csv_file_upload, execution_date=20230308T183012, start_date=20230308T183039, end_date=20230308T183041
[2023-03-08T18:30:41.275+0000] {local_task_job.py:208} INFO - Task exited with return code 0
[2023-03-08T18:30:41.474+0000] {taskinstance.py:2578} INFO - 1 downstream tasks scheduled from follow-on schedule check
