[2023-03-08T18:22:36.961+0000] {taskinstance.py:1083} INFO - Dependencies all met for <TaskInstance: bitcoin_first_webscrape.scrape_open_bitcoin_price manual__2023-03-08T18:22:27.274074+00:00 [queued]>
[2023-03-08T18:22:36.978+0000] {taskinstance.py:1083} INFO - Dependencies all met for <TaskInstance: bitcoin_first_webscrape.scrape_open_bitcoin_price manual__2023-03-08T18:22:27.274074+00:00 [queued]>
[2023-03-08T18:22:36.980+0000] {taskinstance.py:1279} INFO - 
--------------------------------------------------------------------------------
[2023-03-08T18:22:36.982+0000] {taskinstance.py:1280} INFO - Starting attempt 1 of 1
[2023-03-08T18:22:36.983+0000] {taskinstance.py:1281} INFO - 
--------------------------------------------------------------------------------
[2023-03-08T18:22:37.006+0000] {taskinstance.py:1300} INFO - Executing <Task(PythonOperator): scrape_open_bitcoin_price> on 2023-03-08 18:22:27.274074+00:00
[2023-03-08T18:22:37.019+0000] {standard_task_runner.py:55} INFO - Started process 5012 to run task
[2023-03-08T18:22:37.028+0000] {standard_task_runner.py:82} INFO - Running: ['***', 'tasks', 'run', 'bitcoin_first_webscrape', 'scrape_open_bitcoin_price', 'manual__2023-03-08T18:22:27.274074+00:00', '--job-id', '232', '--raw', '--subdir', 'DAGS_FOLDER/main.py', '--cfg-path', '/tmp/tmp6qsz2p9k']
[2023-03-08T18:22:37.030+0000] {standard_task_runner.py:83} INFO - Job 232: Subtask scrape_open_bitcoin_price
[2023-03-08T18:22:37.166+0000] {task_command.py:388} INFO - Running <TaskInstance: bitcoin_first_webscrape.scrape_open_bitcoin_price manual__2023-03-08T18:22:27.274074+00:00 [running]> on host cd114ba8c1f8
[2023-03-08T18:22:37.289+0000] {taskinstance.py:1509} INFO - Exporting the following env vars:
AIRFLOW_CTX_DAG_EMAIL=***@example.com
AIRFLOW_CTX_DAG_OWNER=***
AIRFLOW_CTX_DAG_ID=bitcoin_first_webscrape
AIRFLOW_CTX_TASK_ID=scrape_open_bitcoin_price
AIRFLOW_CTX_EXECUTION_DATE=2023-03-08T18:22:27.274074+00:00
AIRFLOW_CTX_TRY_NUMBER=1
AIRFLOW_CTX_DAG_RUN_ID=manual__2023-03-08T18:22:27.274074+00:00
[2023-03-08T18:22:38.332+0000] {logging_mixin.py:137} INFO - ['W(100%)']
[2023-03-08T18:22:38.516+0000] {python.py:177} INFO - Done. Returned value was: None
[2023-03-08T18:22:38.537+0000] {taskinstance.py:1323} INFO - Marking task as SUCCESS. dag_id=bitcoin_first_webscrape, task_id=scrape_open_bitcoin_price, execution_date=20230308T182227, start_date=20230308T182236, end_date=20230308T182238
[2023-03-08T18:22:38.592+0000] {local_task_job.py:208} INFO - Task exited with return code 0
[2023-03-08T18:22:38.631+0000] {taskinstance.py:2578} INFO - 1 downstream tasks scheduled from follow-on schedule check
