[2023-03-08T16:56:37.723+0000] {taskinstance.py:1083} INFO - Dependencies all met for <TaskInstance: bitcoin_second_webscrape.combine_open_close_pricing scheduled__2023-03-07T13:00:00+00:00 [queued]>
[2023-03-08T16:56:37.739+0000] {taskinstance.py:1083} INFO - Dependencies all met for <TaskInstance: bitcoin_second_webscrape.combine_open_close_pricing scheduled__2023-03-07T13:00:00+00:00 [queued]>
[2023-03-08T16:56:37.740+0000] {taskinstance.py:1279} INFO - 
--------------------------------------------------------------------------------
[2023-03-08T16:56:37.741+0000] {taskinstance.py:1280} INFO - Starting attempt 1 of 1
[2023-03-08T16:56:37.744+0000] {taskinstance.py:1281} INFO - 
--------------------------------------------------------------------------------
[2023-03-08T16:56:37.766+0000] {taskinstance.py:1300} INFO - Executing <Task(PythonOperator): combine_open_close_pricing> on 2023-03-07 13:00:00+00:00
[2023-03-08T16:56:37.780+0000] {standard_task_runner.py:55} INFO - Started process 93 to run task
[2023-03-08T16:56:37.789+0000] {standard_task_runner.py:82} INFO - Running: ['***', 'tasks', 'run', 'bitcoin_second_webscrape', 'combine_open_close_pricing', 'scheduled__2023-03-07T13:00:00+00:00', '--job-id', '199', '--raw', '--subdir', 'DAGS_FOLDER/main.py', '--cfg-path', '/tmp/tmpn6w17rdb']
[2023-03-08T16:56:37.791+0000] {standard_task_runner.py:83} INFO - Job 199: Subtask combine_open_close_pricing
[2023-03-08T16:56:37.941+0000] {task_command.py:388} INFO - Running <TaskInstance: bitcoin_second_webscrape.combine_open_close_pricing scheduled__2023-03-07T13:00:00+00:00 [running]> on host cd114ba8c1f8
[2023-03-08T16:56:38.084+0000] {taskinstance.py:1509} INFO - Exporting the following env vars:
AIRFLOW_CTX_DAG_EMAIL=***@example.com
AIRFLOW_CTX_DAG_OWNER=***
AIRFLOW_CTX_DAG_ID=bitcoin_second_webscrape
AIRFLOW_CTX_TASK_ID=combine_open_close_pricing
AIRFLOW_CTX_EXECUTION_DATE=2023-03-07T13:00:00+00:00
AIRFLOW_CTX_TRY_NUMBER=1
AIRFLOW_CTX_DAG_RUN_ID=scheduled__2023-03-07T13:00:00+00:00
[2023-03-08T16:56:38.128+0000] {python.py:177} INFO - Done. Returned value was: None
[2023-03-08T16:56:38.142+0000] {taskinstance.py:1323} INFO - Marking task as SUCCESS. dag_id=bitcoin_second_webscrape, task_id=combine_open_close_pricing, execution_date=20230307T130000, start_date=20230308T165637, end_date=20230308T165638
[2023-03-08T16:56:38.207+0000] {local_task_job.py:208} INFO - Task exited with return code 0
[2023-03-08T16:56:38.249+0000] {taskinstance.py:2578} INFO - 1 downstream tasks scheduled from follow-on schedule check
