[2023-03-08T16:58:36.203+0000] {taskinstance.py:1083} INFO - Dependencies all met for <TaskInstance: bitcoin_first_webscrape.scrape_open_bitcoin_price manual__2023-03-08T16:58:27.519911+00:00 [queued]>
[2023-03-08T16:58:36.221+0000] {taskinstance.py:1083} INFO - Dependencies all met for <TaskInstance: bitcoin_first_webscrape.scrape_open_bitcoin_price manual__2023-03-08T16:58:27.519911+00:00 [queued]>
[2023-03-08T16:58:36.223+0000] {taskinstance.py:1279} INFO - 
--------------------------------------------------------------------------------
[2023-03-08T16:58:36.224+0000] {taskinstance.py:1280} INFO - Starting attempt 1 of 1
[2023-03-08T16:58:36.226+0000] {taskinstance.py:1281} INFO - 
--------------------------------------------------------------------------------
[2023-03-08T16:58:36.255+0000] {taskinstance.py:1300} INFO - Executing <Task(PythonOperator): scrape_open_bitcoin_price> on 2023-03-08 16:58:27.519911+00:00
[2023-03-08T16:58:36.269+0000] {standard_task_runner.py:55} INFO - Started process 220 to run task
[2023-03-08T16:58:36.276+0000] {standard_task_runner.py:82} INFO - Running: ['***', 'tasks', 'run', 'bitcoin_first_webscrape', 'scrape_open_bitcoin_price', 'manual__2023-03-08T16:58:27.519911+00:00', '--job-id', '205', '--raw', '--subdir', 'DAGS_FOLDER/main.py', '--cfg-path', '/tmp/tmpj43li9gh']
[2023-03-08T16:58:36.281+0000] {standard_task_runner.py:83} INFO - Job 205: Subtask scrape_open_bitcoin_price
[2023-03-08T16:58:36.393+0000] {task_command.py:388} INFO - Running <TaskInstance: bitcoin_first_webscrape.scrape_open_bitcoin_price manual__2023-03-08T16:58:27.519911+00:00 [running]> on host cd114ba8c1f8
[2023-03-08T16:58:36.497+0000] {taskinstance.py:1509} INFO - Exporting the following env vars:
AIRFLOW_CTX_DAG_EMAIL=***@example.com
AIRFLOW_CTX_DAG_OWNER=***
AIRFLOW_CTX_DAG_ID=bitcoin_first_webscrape
AIRFLOW_CTX_TASK_ID=scrape_open_bitcoin_price
AIRFLOW_CTX_EXECUTION_DATE=2023-03-08T16:58:27.519911+00:00
AIRFLOW_CTX_TRY_NUMBER=1
AIRFLOW_CTX_DAG_RUN_ID=manual__2023-03-08T16:58:27.519911+00:00
[2023-03-08T16:58:37.144+0000] {logging_mixin.py:137} INFO - ['W(100%)']
[2023-03-08T16:58:37.282+0000] {python.py:177} INFO - Done. Returned value was: None
[2023-03-08T16:58:37.298+0000] {taskinstance.py:1323} INFO - Marking task as SUCCESS. dag_id=bitcoin_first_webscrape, task_id=scrape_open_bitcoin_price, execution_date=20230308T165827, start_date=20230308T165836, end_date=20230308T165837
[2023-03-08T16:58:37.337+0000] {local_task_job.py:208} INFO - Task exited with return code 0
[2023-03-08T16:58:37.377+0000] {taskinstance.py:2578} INFO - 0 downstream tasks scheduled from follow-on schedule check
