[2023-03-06T23:30:23.663+0000] {taskinstance.py:1083} INFO - Dependencies all met for <TaskInstance: bitcoin_second_webscrape.scrape_close_bitcoin_price manual__2023-03-06T23:30:14.231430+00:00 [queued]>
[2023-03-06T23:30:23.699+0000] {taskinstance.py:1083} INFO - Dependencies all met for <TaskInstance: bitcoin_second_webscrape.scrape_close_bitcoin_price manual__2023-03-06T23:30:14.231430+00:00 [queued]>
[2023-03-06T23:30:23.702+0000] {taskinstance.py:1279} INFO - 
--------------------------------------------------------------------------------
[2023-03-06T23:30:23.706+0000] {taskinstance.py:1280} INFO - Starting attempt 1 of 1
[2023-03-06T23:30:23.708+0000] {taskinstance.py:1281} INFO - 
--------------------------------------------------------------------------------
[2023-03-06T23:30:23.753+0000] {taskinstance.py:1300} INFO - Executing <Task(PythonOperator): scrape_close_bitcoin_price> on 2023-03-06 23:30:14.231430+00:00
[2023-03-06T23:30:23.779+0000] {standard_task_runner.py:55} INFO - Started process 100 to run task
[2023-03-06T23:30:23.794+0000] {standard_task_runner.py:82} INFO - Running: ['***', 'tasks', 'run', 'bitcoin_second_webscrape', 'scrape_close_bitcoin_price', 'manual__2023-03-06T23:30:14.231430+00:00', '--job-id', '118', '--raw', '--subdir', 'DAGS_FOLDER/main.py', '--cfg-path', '/tmp/tmpun4udcem']
[2023-03-06T23:30:23.799+0000] {standard_task_runner.py:83} INFO - Job 118: Subtask scrape_close_bitcoin_price
[2023-03-06T23:30:24.018+0000] {task_command.py:388} INFO - Running <TaskInstance: bitcoin_second_webscrape.scrape_close_bitcoin_price manual__2023-03-06T23:30:14.231430+00:00 [running]> on host 12a6d3b9daec
[2023-03-06T23:30:24.255+0000] {taskinstance.py:1509} INFO - Exporting the following env vars:
AIRFLOW_CTX_DAG_EMAIL=***@example.com
AIRFLOW_CTX_DAG_OWNER=***
AIRFLOW_CTX_DAG_ID=bitcoin_second_webscrape
AIRFLOW_CTX_TASK_ID=scrape_close_bitcoin_price
AIRFLOW_CTX_EXECUTION_DATE=2023-03-06T23:30:14.231430+00:00
AIRFLOW_CTX_TRY_NUMBER=1
AIRFLOW_CTX_DAG_RUN_ID=manual__2023-03-06T23:30:14.231430+00:00
[2023-03-06T23:30:25.321+0000] {logging_mixin.py:137} INFO - ['W(100%)']
[2023-03-06T23:30:25.632+0000] {python.py:177} INFO - Done. Returned value was: None
[2023-03-06T23:30:25.669+0000] {taskinstance.py:1323} INFO - Marking task as SUCCESS. dag_id=bitcoin_second_webscrape, task_id=scrape_close_bitcoin_price, execution_date=20230306T233014, start_date=20230306T233023, end_date=20230306T233025
[2023-03-06T23:30:25.760+0000] {local_task_job.py:208} INFO - Task exited with return code 0
[2023-03-06T23:30:25.858+0000] {taskinstance.py:2578} INFO - 1 downstream tasks scheduled from follow-on schedule check
