[2023-03-07T00:00:29.927+0000] {processor.py:153} INFO - Started process (PID=1788) to work on /home/airflow/.local/lib/python3.7/site-packages/airflow/example_dags/example_task_group_decorator.py
[2023-03-07T00:00:29.932+0000] {processor.py:743} INFO - Processing file /home/airflow/.local/lib/python3.7/site-packages/airflow/example_dags/example_task_group_decorator.py for tasks to queue
[2023-03-07T00:00:29.936+0000] {logging_mixin.py:137} INFO - [2023-03-07T00:00:29.936+0000] {dagbag.py:538} INFO - Filling up the DagBag from /home/airflow/.local/lib/python3.7/site-packages/airflow/example_dags/example_task_group_decorator.py
[2023-03-07T00:00:30.001+0000] {processor.py:753} INFO - DAG(s) dict_keys(['example_task_group_decorator']) retrieved from /home/airflow/.local/lib/python3.7/site-packages/airflow/example_dags/example_task_group_decorator.py
[2023-03-07T00:00:30.091+0000] {logging_mixin.py:137} INFO - [2023-03-07T00:00:30.091+0000] {dag.py:2690} INFO - Sync 1 DAGs
[2023-03-07T00:00:30.142+0000] {logging_mixin.py:137} INFO - [2023-03-07T00:00:30.142+0000] {dag.py:3441} INFO - Setting next_dagrun for example_task_group_decorator to 2023-03-06T00:00:30.141865+00:00, run_after=2023-03-07T00:00:30.141865+00:00
[2023-03-07T00:00:30.186+0000] {processor.py:175} INFO - Processing /home/airflow/.local/lib/python3.7/site-packages/airflow/example_dags/example_task_group_decorator.py took 0.274 seconds
[2023-03-07T00:01:00.320+0000] {processor.py:153} INFO - Started process (PID=1858) to work on /home/airflow/.local/lib/python3.7/site-packages/airflow/example_dags/example_task_group_decorator.py
[2023-03-07T00:01:00.323+0000] {processor.py:743} INFO - Processing file /home/airflow/.local/lib/python3.7/site-packages/airflow/example_dags/example_task_group_decorator.py for tasks to queue
[2023-03-07T00:01:00.326+0000] {logging_mixin.py:137} INFO - [2023-03-07T00:01:00.325+0000] {dagbag.py:538} INFO - Filling up the DagBag from /home/airflow/.local/lib/python3.7/site-packages/airflow/example_dags/example_task_group_decorator.py
[2023-03-07T00:01:00.387+0000] {processor.py:753} INFO - DAG(s) dict_keys(['example_task_group_decorator']) retrieved from /home/airflow/.local/lib/python3.7/site-packages/airflow/example_dags/example_task_group_decorator.py
[2023-03-07T00:01:00.459+0000] {logging_mixin.py:137} INFO - [2023-03-07T00:01:00.458+0000] {dag.py:2690} INFO - Sync 1 DAGs
[2023-03-07T00:01:00.515+0000] {logging_mixin.py:137} INFO - [2023-03-07T00:01:00.515+0000] {dag.py:3441} INFO - Setting next_dagrun for example_task_group_decorator to 2023-03-06T00:01:00.514378+00:00, run_after=2023-03-07T00:01:00.514378+00:00
[2023-03-07T00:01:00.561+0000] {processor.py:175} INFO - Processing /home/airflow/.local/lib/python3.7/site-packages/airflow/example_dags/example_task_group_decorator.py took 0.250 seconds
[2023-03-07T00:01:30.747+0000] {processor.py:153} INFO - Started process (PID=1928) to work on /home/airflow/.local/lib/python3.7/site-packages/airflow/example_dags/example_task_group_decorator.py
[2023-03-07T00:01:30.751+0000] {processor.py:743} INFO - Processing file /home/airflow/.local/lib/python3.7/site-packages/airflow/example_dags/example_task_group_decorator.py for tasks to queue
[2023-03-07T00:01:30.754+0000] {logging_mixin.py:137} INFO - [2023-03-07T00:01:30.754+0000] {dagbag.py:538} INFO - Filling up the DagBag from /home/airflow/.local/lib/python3.7/site-packages/airflow/example_dags/example_task_group_decorator.py
[2023-03-07T00:01:30.815+0000] {processor.py:753} INFO - DAG(s) dict_keys(['example_task_group_decorator']) retrieved from /home/airflow/.local/lib/python3.7/site-packages/airflow/example_dags/example_task_group_decorator.py
[2023-03-07T00:01:30.873+0000] {logging_mixin.py:137} INFO - [2023-03-07T00:01:30.873+0000] {dag.py:2690} INFO - Sync 1 DAGs
[2023-03-07T00:01:30.929+0000] {logging_mixin.py:137} INFO - [2023-03-07T00:01:30.929+0000] {dag.py:3441} INFO - Setting next_dagrun for example_task_group_decorator to 2023-03-06T00:01:30.928700+00:00, run_after=2023-03-07T00:01:30.928700+00:00
[2023-03-07T00:01:30.968+0000] {processor.py:175} INFO - Processing /home/airflow/.local/lib/python3.7/site-packages/airflow/example_dags/example_task_group_decorator.py took 0.229 seconds
[2023-03-07T00:02:01.416+0000] {processor.py:153} INFO - Started process (PID=1999) to work on /home/airflow/.local/lib/python3.7/site-packages/airflow/example_dags/example_task_group_decorator.py
[2023-03-07T00:02:01.423+0000] {processor.py:743} INFO - Processing file /home/airflow/.local/lib/python3.7/site-packages/airflow/example_dags/example_task_group_decorator.py for tasks to queue
[2023-03-07T00:02:01.432+0000] {logging_mixin.py:137} INFO - [2023-03-07T00:02:01.431+0000] {dagbag.py:538} INFO - Filling up the DagBag from /home/airflow/.local/lib/python3.7/site-packages/airflow/example_dags/example_task_group_decorator.py
[2023-03-07T00:02:01.523+0000] {processor.py:753} INFO - DAG(s) dict_keys(['example_task_group_decorator']) retrieved from /home/airflow/.local/lib/python3.7/site-packages/airflow/example_dags/example_task_group_decorator.py
[2023-03-07T00:02:01.605+0000] {logging_mixin.py:137} INFO - [2023-03-07T00:02:01.605+0000] {dag.py:2690} INFO - Sync 1 DAGs
[2023-03-07T00:02:01.690+0000] {logging_mixin.py:137} INFO - [2023-03-07T00:02:01.690+0000] {dag.py:3441} INFO - Setting next_dagrun for example_task_group_decorator to 2023-03-06T00:02:01.689940+00:00, run_after=2023-03-07T00:02:01.689940+00:00
[2023-03-07T00:02:01.790+0000] {processor.py:175} INFO - Processing /home/airflow/.local/lib/python3.7/site-packages/airflow/example_dags/example_task_group_decorator.py took 0.385 seconds
[2023-03-07T00:02:32.475+0000] {processor.py:153} INFO - Started process (PID=2070) to work on /home/airflow/.local/lib/python3.7/site-packages/airflow/example_dags/example_task_group_decorator.py
[2023-03-07T00:02:32.482+0000] {processor.py:743} INFO - Processing file /home/airflow/.local/lib/python3.7/site-packages/airflow/example_dags/example_task_group_decorator.py for tasks to queue
[2023-03-07T00:02:32.487+0000] {logging_mixin.py:137} INFO - [2023-03-07T00:02:32.487+0000] {dagbag.py:538} INFO - Filling up the DagBag from /home/airflow/.local/lib/python3.7/site-packages/airflow/example_dags/example_task_group_decorator.py
[2023-03-07T00:02:32.563+0000] {processor.py:753} INFO - DAG(s) dict_keys(['example_task_group_decorator']) retrieved from /home/airflow/.local/lib/python3.7/site-packages/airflow/example_dags/example_task_group_decorator.py
[2023-03-07T00:02:32.647+0000] {logging_mixin.py:137} INFO - [2023-03-07T00:02:32.647+0000] {dag.py:2690} INFO - Sync 1 DAGs
[2023-03-07T00:02:32.713+0000] {logging_mixin.py:137} INFO - [2023-03-07T00:02:32.712+0000] {dag.py:3441} INFO - Setting next_dagrun for example_task_group_decorator to 2023-03-06T00:02:32.711249+00:00, run_after=2023-03-07T00:02:32.711249+00:00
[2023-03-07T00:02:32.761+0000] {processor.py:175} INFO - Processing /home/airflow/.local/lib/python3.7/site-packages/airflow/example_dags/example_task_group_decorator.py took 0.296 seconds
[2023-03-07T00:03:02.990+0000] {processor.py:153} INFO - Started process (PID=2138) to work on /home/airflow/.local/lib/python3.7/site-packages/airflow/example_dags/example_task_group_decorator.py
[2023-03-07T00:03:02.993+0000] {processor.py:743} INFO - Processing file /home/airflow/.local/lib/python3.7/site-packages/airflow/example_dags/example_task_group_decorator.py for tasks to queue
[2023-03-07T00:03:02.996+0000] {logging_mixin.py:137} INFO - [2023-03-07T00:03:02.996+0000] {dagbag.py:538} INFO - Filling up the DagBag from /home/airflow/.local/lib/python3.7/site-packages/airflow/example_dags/example_task_group_decorator.py
[2023-03-07T00:03:03.046+0000] {processor.py:753} INFO - DAG(s) dict_keys(['example_task_group_decorator']) retrieved from /home/airflow/.local/lib/python3.7/site-packages/airflow/example_dags/example_task_group_decorator.py
[2023-03-07T00:03:03.103+0000] {logging_mixin.py:137} INFO - [2023-03-07T00:03:03.102+0000] {dag.py:2690} INFO - Sync 1 DAGs
[2023-03-07T00:03:03.188+0000] {logging_mixin.py:137} INFO - [2023-03-07T00:03:03.187+0000] {dag.py:3441} INFO - Setting next_dagrun for example_task_group_decorator to 2023-03-06T00:03:03.186856+00:00, run_after=2023-03-07T00:03:03.186856+00:00
[2023-03-07T00:03:03.232+0000] {processor.py:175} INFO - Processing /home/airflow/.local/lib/python3.7/site-packages/airflow/example_dags/example_task_group_decorator.py took 0.249 seconds
[2023-03-07T00:03:34.102+0000] {processor.py:153} INFO - Started process (PID=2209) to work on /home/airflow/.local/lib/python3.7/site-packages/airflow/example_dags/example_task_group_decorator.py
[2023-03-07T00:03:34.107+0000] {processor.py:743} INFO - Processing file /home/airflow/.local/lib/python3.7/site-packages/airflow/example_dags/example_task_group_decorator.py for tasks to queue
[2023-03-07T00:03:34.111+0000] {logging_mixin.py:137} INFO - [2023-03-07T00:03:34.110+0000] {dagbag.py:538} INFO - Filling up the DagBag from /home/airflow/.local/lib/python3.7/site-packages/airflow/example_dags/example_task_group_decorator.py
[2023-03-07T00:03:34.170+0000] {processor.py:753} INFO - DAG(s) dict_keys(['example_task_group_decorator']) retrieved from /home/airflow/.local/lib/python3.7/site-packages/airflow/example_dags/example_task_group_decorator.py
[2023-03-07T00:03:34.235+0000] {logging_mixin.py:137} INFO - [2023-03-07T00:03:34.235+0000] {dag.py:2690} INFO - Sync 1 DAGs
[2023-03-07T00:03:34.287+0000] {logging_mixin.py:137} INFO - [2023-03-07T00:03:34.287+0000] {dag.py:3441} INFO - Setting next_dagrun for example_task_group_decorator to 2023-03-06T00:03:34.287113+00:00, run_after=2023-03-07T00:03:34.287113+00:00
[2023-03-07T00:03:34.328+0000] {processor.py:175} INFO - Processing /home/airflow/.local/lib/python3.7/site-packages/airflow/example_dags/example_task_group_decorator.py took 0.236 seconds
[2023-03-07T00:04:05.039+0000] {processor.py:153} INFO - Started process (PID=2279) to work on /home/airflow/.local/lib/python3.7/site-packages/airflow/example_dags/example_task_group_decorator.py
[2023-03-07T00:04:05.043+0000] {processor.py:743} INFO - Processing file /home/airflow/.local/lib/python3.7/site-packages/airflow/example_dags/example_task_group_decorator.py for tasks to queue
[2023-03-07T00:04:05.046+0000] {logging_mixin.py:137} INFO - [2023-03-07T00:04:05.046+0000] {dagbag.py:538} INFO - Filling up the DagBag from /home/airflow/.local/lib/python3.7/site-packages/airflow/example_dags/example_task_group_decorator.py
[2023-03-07T00:04:05.105+0000] {processor.py:753} INFO - DAG(s) dict_keys(['example_task_group_decorator']) retrieved from /home/airflow/.local/lib/python3.7/site-packages/airflow/example_dags/example_task_group_decorator.py
[2023-03-07T00:04:05.163+0000] {logging_mixin.py:137} INFO - [2023-03-07T00:04:05.163+0000] {dag.py:2690} INFO - Sync 1 DAGs
[2023-03-07T00:04:05.220+0000] {logging_mixin.py:137} INFO - [2023-03-07T00:04:05.220+0000] {dag.py:3441} INFO - Setting next_dagrun for example_task_group_decorator to 2023-03-06T00:04:05.219494+00:00, run_after=2023-03-07T00:04:05.219494+00:00
[2023-03-07T00:04:05.260+0000] {processor.py:175} INFO - Processing /home/airflow/.local/lib/python3.7/site-packages/airflow/example_dags/example_task_group_decorator.py took 0.228 seconds
[2023-03-07T00:04:35.368+0000] {processor.py:153} INFO - Started process (PID=2351) to work on /home/airflow/.local/lib/python3.7/site-packages/airflow/example_dags/example_task_group_decorator.py
[2023-03-07T00:04:35.374+0000] {processor.py:743} INFO - Processing file /home/airflow/.local/lib/python3.7/site-packages/airflow/example_dags/example_task_group_decorator.py for tasks to queue
[2023-03-07T00:04:35.378+0000] {logging_mixin.py:137} INFO - [2023-03-07T00:04:35.378+0000] {dagbag.py:538} INFO - Filling up the DagBag from /home/airflow/.local/lib/python3.7/site-packages/airflow/example_dags/example_task_group_decorator.py
[2023-03-07T00:04:35.491+0000] {processor.py:753} INFO - DAG(s) dict_keys(['example_task_group_decorator']) retrieved from /home/airflow/.local/lib/python3.7/site-packages/airflow/example_dags/example_task_group_decorator.py
[2023-03-07T00:04:35.598+0000] {logging_mixin.py:137} INFO - [2023-03-07T00:04:35.597+0000] {dag.py:2690} INFO - Sync 1 DAGs
[2023-03-07T00:04:35.708+0000] {logging_mixin.py:137} INFO - [2023-03-07T00:04:35.708+0000] {dag.py:3441} INFO - Setting next_dagrun for example_task_group_decorator to 2023-03-06T00:04:35.707324+00:00, run_after=2023-03-07T00:04:35.707324+00:00
[2023-03-07T00:04:35.791+0000] {processor.py:175} INFO - Processing /home/airflow/.local/lib/python3.7/site-packages/airflow/example_dags/example_task_group_decorator.py took 0.436 seconds
[2023-03-07T00:05:06.077+0000] {processor.py:153} INFO - Started process (PID=2422) to work on /home/airflow/.local/lib/python3.7/site-packages/airflow/example_dags/example_task_group_decorator.py
[2023-03-07T00:05:06.089+0000] {processor.py:743} INFO - Processing file /home/airflow/.local/lib/python3.7/site-packages/airflow/example_dags/example_task_group_decorator.py for tasks to queue
[2023-03-07T00:05:06.093+0000] {logging_mixin.py:137} INFO - [2023-03-07T00:05:06.093+0000] {dagbag.py:538} INFO - Filling up the DagBag from /home/airflow/.local/lib/python3.7/site-packages/airflow/example_dags/example_task_group_decorator.py
[2023-03-07T00:05:06.210+0000] {processor.py:753} INFO - DAG(s) dict_keys(['example_task_group_decorator']) retrieved from /home/airflow/.local/lib/python3.7/site-packages/airflow/example_dags/example_task_group_decorator.py
[2023-03-07T00:05:06.303+0000] {logging_mixin.py:137} INFO - [2023-03-07T00:05:06.303+0000] {dag.py:2690} INFO - Sync 1 DAGs
[2023-03-07T00:05:06.387+0000] {logging_mixin.py:137} INFO - [2023-03-07T00:05:06.386+0000] {dag.py:3441} INFO - Setting next_dagrun for example_task_group_decorator to 2023-03-06T00:05:06.386082+00:00, run_after=2023-03-07T00:05:06.386082+00:00
[2023-03-07T00:05:06.457+0000] {processor.py:175} INFO - Processing /home/airflow/.local/lib/python3.7/site-packages/airflow/example_dags/example_task_group_decorator.py took 0.392 seconds
[2023-03-07T00:05:46.558+0000] {processor.py:153} INFO - Started process (PID=2494) to work on /home/airflow/.local/lib/python3.7/site-packages/airflow/example_dags/example_task_group_decorator.py
[2023-03-07T00:05:46.572+0000] {processor.py:743} INFO - Processing file /home/airflow/.local/lib/python3.7/site-packages/airflow/example_dags/example_task_group_decorator.py for tasks to queue
[2023-03-07T00:05:46.581+0000] {logging_mixin.py:137} INFO - [2023-03-07T00:05:46.579+0000] {dagbag.py:538} INFO - Filling up the DagBag from /home/airflow/.local/lib/python3.7/site-packages/airflow/example_dags/example_task_group_decorator.py
[2023-03-07T00:05:47.375+0000] {processor.py:753} INFO - DAG(s) dict_keys(['example_task_group_decorator']) retrieved from /home/airflow/.local/lib/python3.7/site-packages/airflow/example_dags/example_task_group_decorator.py
[2023-03-07T00:05:48.225+0000] {logging_mixin.py:137} INFO - [2023-03-07T00:05:48.225+0000] {dag.py:2690} INFO - Sync 1 DAGs
[2023-03-07T00:05:48.678+0000] {logging_mixin.py:137} INFO - [2023-03-07T00:05:48.677+0000] {dag.py:3441} INFO - Setting next_dagrun for example_task_group_decorator to 2023-03-06T00:05:48.677022+00:00, run_after=2023-03-07T00:05:48.677022+00:00
[2023-03-07T00:05:48.987+0000] {processor.py:175} INFO - Processing /home/airflow/.local/lib/python3.7/site-packages/airflow/example_dags/example_task_group_decorator.py took 2.456 seconds
[2023-03-07T00:06:22.097+0000] {processor.py:153} INFO - Started process (PID=2565) to work on /home/airflow/.local/lib/python3.7/site-packages/airflow/example_dags/example_task_group_decorator.py
[2023-03-07T00:06:22.110+0000] {processor.py:743} INFO - Processing file /home/airflow/.local/lib/python3.7/site-packages/airflow/example_dags/example_task_group_decorator.py for tasks to queue
[2023-03-07T00:06:22.126+0000] {logging_mixin.py:137} INFO - [2023-03-07T00:06:22.122+0000] {dagbag.py:538} INFO - Filling up the DagBag from /home/airflow/.local/lib/python3.7/site-packages/airflow/example_dags/example_task_group_decorator.py
[2023-03-07T00:06:22.449+0000] {processor.py:753} INFO - DAG(s) dict_keys(['example_task_group_decorator']) retrieved from /home/airflow/.local/lib/python3.7/site-packages/airflow/example_dags/example_task_group_decorator.py
[2023-03-07T00:06:22.622+0000] {logging_mixin.py:137} INFO - [2023-03-07T00:06:22.621+0000] {dag.py:2690} INFO - Sync 1 DAGs
[2023-03-07T00:06:22.913+0000] {logging_mixin.py:137} INFO - [2023-03-07T00:06:22.913+0000] {dag.py:3441} INFO - Setting next_dagrun for example_task_group_decorator to 2023-03-06T00:06:22.912229+00:00, run_after=2023-03-07T00:06:22.912229+00:00
[2023-03-07T00:06:23.088+0000] {processor.py:175} INFO - Processing /home/airflow/.local/lib/python3.7/site-packages/airflow/example_dags/example_task_group_decorator.py took 1.021 seconds
[2023-03-07T00:06:53.592+0000] {processor.py:153} INFO - Started process (PID=2635) to work on /home/airflow/.local/lib/python3.7/site-packages/airflow/example_dags/example_task_group_decorator.py
[2023-03-07T00:06:53.600+0000] {processor.py:743} INFO - Processing file /home/airflow/.local/lib/python3.7/site-packages/airflow/example_dags/example_task_group_decorator.py for tasks to queue
[2023-03-07T00:06:53.610+0000] {logging_mixin.py:137} INFO - [2023-03-07T00:06:53.607+0000] {dagbag.py:538} INFO - Filling up the DagBag from /home/airflow/.local/lib/python3.7/site-packages/airflow/example_dags/example_task_group_decorator.py
[2023-03-07T00:06:53.693+0000] {processor.py:753} INFO - DAG(s) dict_keys(['example_task_group_decorator']) retrieved from /home/airflow/.local/lib/python3.7/site-packages/airflow/example_dags/example_task_group_decorator.py
[2023-03-07T00:06:53.763+0000] {logging_mixin.py:137} INFO - [2023-03-07T00:06:53.763+0000] {dag.py:2690} INFO - Sync 1 DAGs
[2023-03-07T00:06:53.841+0000] {logging_mixin.py:137} INFO - [2023-03-07T00:06:53.841+0000] {dag.py:3441} INFO - Setting next_dagrun for example_task_group_decorator to 2023-03-06T00:06:53.840406+00:00, run_after=2023-03-07T00:06:53.840406+00:00
[2023-03-07T00:06:53.904+0000] {processor.py:175} INFO - Processing /home/airflow/.local/lib/python3.7/site-packages/airflow/example_dags/example_task_group_decorator.py took 0.329 seconds
[2023-03-07T00:07:24.022+0000] {processor.py:153} INFO - Started process (PID=2706) to work on /home/airflow/.local/lib/python3.7/site-packages/airflow/example_dags/example_task_group_decorator.py
[2023-03-07T00:07:24.027+0000] {processor.py:743} INFO - Processing file /home/airflow/.local/lib/python3.7/site-packages/airflow/example_dags/example_task_group_decorator.py for tasks to queue
[2023-03-07T00:07:24.032+0000] {logging_mixin.py:137} INFO - [2023-03-07T00:07:24.032+0000] {dagbag.py:538} INFO - Filling up the DagBag from /home/airflow/.local/lib/python3.7/site-packages/airflow/example_dags/example_task_group_decorator.py
[2023-03-07T00:07:24.104+0000] {processor.py:753} INFO - DAG(s) dict_keys(['example_task_group_decorator']) retrieved from /home/airflow/.local/lib/python3.7/site-packages/airflow/example_dags/example_task_group_decorator.py
[2023-03-07T00:07:24.164+0000] {logging_mixin.py:137} INFO - [2023-03-07T00:07:24.163+0000] {dag.py:2690} INFO - Sync 1 DAGs
[2023-03-07T00:07:24.226+0000] {logging_mixin.py:137} INFO - [2023-03-07T00:07:24.226+0000] {dag.py:3441} INFO - Setting next_dagrun for example_task_group_decorator to 2023-03-06T00:07:24.225650+00:00, run_after=2023-03-07T00:07:24.225650+00:00
[2023-03-07T00:07:24.270+0000] {processor.py:175} INFO - Processing /home/airflow/.local/lib/python3.7/site-packages/airflow/example_dags/example_task_group_decorator.py took 0.259 seconds
[2023-03-07T00:07:54.846+0000] {processor.py:153} INFO - Started process (PID=2777) to work on /home/airflow/.local/lib/python3.7/site-packages/airflow/example_dags/example_task_group_decorator.py
[2023-03-07T00:07:54.857+0000] {processor.py:743} INFO - Processing file /home/airflow/.local/lib/python3.7/site-packages/airflow/example_dags/example_task_group_decorator.py for tasks to queue
[2023-03-07T00:07:54.862+0000] {logging_mixin.py:137} INFO - [2023-03-07T00:07:54.861+0000] {dagbag.py:538} INFO - Filling up the DagBag from /home/airflow/.local/lib/python3.7/site-packages/airflow/example_dags/example_task_group_decorator.py
[2023-03-07T00:07:54.959+0000] {processor.py:753} INFO - DAG(s) dict_keys(['example_task_group_decorator']) retrieved from /home/airflow/.local/lib/python3.7/site-packages/airflow/example_dags/example_task_group_decorator.py
[2023-03-07T00:07:55.027+0000] {logging_mixin.py:137} INFO - [2023-03-07T00:07:55.027+0000] {dag.py:2690} INFO - Sync 1 DAGs
[2023-03-07T00:07:55.114+0000] {logging_mixin.py:137} INFO - [2023-03-07T00:07:55.114+0000] {dag.py:3441} INFO - Setting next_dagrun for example_task_group_decorator to 2023-03-06T00:07:55.113322+00:00, run_after=2023-03-07T00:07:55.113322+00:00
[2023-03-07T00:07:55.177+0000] {processor.py:175} INFO - Processing /home/airflow/.local/lib/python3.7/site-packages/airflow/example_dags/example_task_group_decorator.py took 0.347 seconds
[2023-03-07T00:08:25.344+0000] {processor.py:153} INFO - Started process (PID=2848) to work on /home/airflow/.local/lib/python3.7/site-packages/airflow/example_dags/example_task_group_decorator.py
[2023-03-07T00:08:25.350+0000] {processor.py:743} INFO - Processing file /home/airflow/.local/lib/python3.7/site-packages/airflow/example_dags/example_task_group_decorator.py for tasks to queue
[2023-03-07T00:08:25.354+0000] {logging_mixin.py:137} INFO - [2023-03-07T00:08:25.353+0000] {dagbag.py:538} INFO - Filling up the DagBag from /home/airflow/.local/lib/python3.7/site-packages/airflow/example_dags/example_task_group_decorator.py
[2023-03-07T00:08:25.430+0000] {processor.py:753} INFO - DAG(s) dict_keys(['example_task_group_decorator']) retrieved from /home/airflow/.local/lib/python3.7/site-packages/airflow/example_dags/example_task_group_decorator.py
[2023-03-07T00:08:25.488+0000] {logging_mixin.py:137} INFO - [2023-03-07T00:08:25.488+0000] {dag.py:2690} INFO - Sync 1 DAGs
[2023-03-07T00:08:25.545+0000] {logging_mixin.py:137} INFO - [2023-03-07T00:08:25.544+0000] {dag.py:3441} INFO - Setting next_dagrun for example_task_group_decorator to 2023-03-06T00:08:25.544412+00:00, run_after=2023-03-07T00:08:25.544412+00:00
[2023-03-07T00:08:25.584+0000] {processor.py:175} INFO - Processing /home/airflow/.local/lib/python3.7/site-packages/airflow/example_dags/example_task_group_decorator.py took 0.247 seconds
[2023-03-07T00:08:55.766+0000] {processor.py:153} INFO - Started process (PID=2918) to work on /home/airflow/.local/lib/python3.7/site-packages/airflow/example_dags/example_task_group_decorator.py
[2023-03-07T00:08:55.769+0000] {processor.py:743} INFO - Processing file /home/airflow/.local/lib/python3.7/site-packages/airflow/example_dags/example_task_group_decorator.py for tasks to queue
[2023-03-07T00:08:55.771+0000] {logging_mixin.py:137} INFO - [2023-03-07T00:08:55.771+0000] {dagbag.py:538} INFO - Filling up the DagBag from /home/airflow/.local/lib/python3.7/site-packages/airflow/example_dags/example_task_group_decorator.py
[2023-03-07T00:08:55.826+0000] {processor.py:753} INFO - DAG(s) dict_keys(['example_task_group_decorator']) retrieved from /home/airflow/.local/lib/python3.7/site-packages/airflow/example_dags/example_task_group_decorator.py
[2023-03-07T00:08:55.880+0000] {logging_mixin.py:137} INFO - [2023-03-07T00:08:55.880+0000] {dag.py:2690} INFO - Sync 1 DAGs
[2023-03-07T00:08:55.926+0000] {logging_mixin.py:137} INFO - [2023-03-07T00:08:55.925+0000] {dag.py:3441} INFO - Setting next_dagrun for example_task_group_decorator to 2023-03-06T00:08:55.925444+00:00, run_after=2023-03-07T00:08:55.925444+00:00
[2023-03-07T00:08:55.962+0000] {processor.py:175} INFO - Processing /home/airflow/.local/lib/python3.7/site-packages/airflow/example_dags/example_task_group_decorator.py took 0.204 seconds
[2023-03-07T00:09:26.328+0000] {processor.py:153} INFO - Started process (PID=2997) to work on /home/airflow/.local/lib/python3.7/site-packages/airflow/example_dags/example_task_group_decorator.py
[2023-03-07T00:09:26.344+0000] {processor.py:743} INFO - Processing file /home/airflow/.local/lib/python3.7/site-packages/airflow/example_dags/example_task_group_decorator.py for tasks to queue
[2023-03-07T00:09:26.351+0000] {logging_mixin.py:137} INFO - [2023-03-07T00:09:26.350+0000] {dagbag.py:538} INFO - Filling up the DagBag from /home/airflow/.local/lib/python3.7/site-packages/airflow/example_dags/example_task_group_decorator.py
[2023-03-07T00:09:26.646+0000] {processor.py:753} INFO - DAG(s) dict_keys(['example_task_group_decorator']) retrieved from /home/airflow/.local/lib/python3.7/site-packages/airflow/example_dags/example_task_group_decorator.py
[2023-03-07T00:09:26.937+0000] {logging_mixin.py:137} INFO - [2023-03-07T00:09:26.936+0000] {dag.py:2690} INFO - Sync 1 DAGs
[2023-03-07T00:09:27.026+0000] {logging_mixin.py:137} INFO - [2023-03-07T00:09:27.026+0000] {dag.py:3441} INFO - Setting next_dagrun for example_task_group_decorator to 2023-03-06T00:09:27.025722+00:00, run_after=2023-03-07T00:09:27.025722+00:00
[2023-03-07T00:09:27.086+0000] {processor.py:175} INFO - Processing /home/airflow/.local/lib/python3.7/site-packages/airflow/example_dags/example_task_group_decorator.py took 0.783 seconds
[2023-03-07T00:09:58.247+0000] {processor.py:153} INFO - Started process (PID=3061) to work on /home/airflow/.local/lib/python3.7/site-packages/airflow/example_dags/example_task_group_decorator.py
[2023-03-07T00:09:58.253+0000] {processor.py:743} INFO - Processing file /home/airflow/.local/lib/python3.7/site-packages/airflow/example_dags/example_task_group_decorator.py for tasks to queue
[2023-03-07T00:09:58.258+0000] {logging_mixin.py:137} INFO - [2023-03-07T00:09:58.258+0000] {dagbag.py:538} INFO - Filling up the DagBag from /home/airflow/.local/lib/python3.7/site-packages/airflow/example_dags/example_task_group_decorator.py
[2023-03-07T00:09:58.362+0000] {processor.py:753} INFO - DAG(s) dict_keys(['example_task_group_decorator']) retrieved from /home/airflow/.local/lib/python3.7/site-packages/airflow/example_dags/example_task_group_decorator.py
[2023-03-07T00:09:58.507+0000] {logging_mixin.py:137} INFO - [2023-03-07T00:09:58.507+0000] {dag.py:2690} INFO - Sync 1 DAGs
[2023-03-07T00:09:58.668+0000] {logging_mixin.py:137} INFO - [2023-03-07T00:09:58.668+0000] {dag.py:3441} INFO - Setting next_dagrun for example_task_group_decorator to 2023-03-06T00:09:58.664220+00:00, run_after=2023-03-07T00:09:58.664220+00:00
[2023-03-07T00:09:58.785+0000] {processor.py:175} INFO - Processing /home/airflow/.local/lib/python3.7/site-packages/airflow/example_dags/example_task_group_decorator.py took 0.551 seconds
[2023-03-07T00:10:29.658+0000] {processor.py:153} INFO - Started process (PID=3132) to work on /home/airflow/.local/lib/python3.7/site-packages/airflow/example_dags/example_task_group_decorator.py
[2023-03-07T00:10:29.662+0000] {processor.py:743} INFO - Processing file /home/airflow/.local/lib/python3.7/site-packages/airflow/example_dags/example_task_group_decorator.py for tasks to queue
[2023-03-07T00:10:29.668+0000] {logging_mixin.py:137} INFO - [2023-03-07T00:10:29.668+0000] {dagbag.py:538} INFO - Filling up the DagBag from /home/airflow/.local/lib/python3.7/site-packages/airflow/example_dags/example_task_group_decorator.py
[2023-03-07T00:10:29.751+0000] {processor.py:753} INFO - DAG(s) dict_keys(['example_task_group_decorator']) retrieved from /home/airflow/.local/lib/python3.7/site-packages/airflow/example_dags/example_task_group_decorator.py
[2023-03-07T00:10:29.829+0000] {logging_mixin.py:137} INFO - [2023-03-07T00:10:29.829+0000] {dag.py:2690} INFO - Sync 1 DAGs
[2023-03-07T00:10:29.883+0000] {logging_mixin.py:137} INFO - [2023-03-07T00:10:29.883+0000] {dag.py:3441} INFO - Setting next_dagrun for example_task_group_decorator to 2023-03-06T00:10:29.882334+00:00, run_after=2023-03-07T00:10:29.882334+00:00
[2023-03-07T00:10:29.925+0000] {processor.py:175} INFO - Processing /home/airflow/.local/lib/python3.7/site-packages/airflow/example_dags/example_task_group_decorator.py took 0.274 seconds
[2023-03-07T00:11:00.772+0000] {processor.py:153} INFO - Started process (PID=3203) to work on /home/airflow/.local/lib/python3.7/site-packages/airflow/example_dags/example_task_group_decorator.py
[2023-03-07T00:11:00.778+0000] {processor.py:743} INFO - Processing file /home/airflow/.local/lib/python3.7/site-packages/airflow/example_dags/example_task_group_decorator.py for tasks to queue
[2023-03-07T00:11:00.785+0000] {logging_mixin.py:137} INFO - [2023-03-07T00:11:00.784+0000] {dagbag.py:538} INFO - Filling up the DagBag from /home/airflow/.local/lib/python3.7/site-packages/airflow/example_dags/example_task_group_decorator.py
[2023-03-07T00:11:00.851+0000] {processor.py:753} INFO - DAG(s) dict_keys(['example_task_group_decorator']) retrieved from /home/airflow/.local/lib/python3.7/site-packages/airflow/example_dags/example_task_group_decorator.py
[2023-03-07T00:11:00.929+0000] {logging_mixin.py:137} INFO - [2023-03-07T00:11:00.929+0000] {dag.py:2690} INFO - Sync 1 DAGs
[2023-03-07T00:11:00.991+0000] {logging_mixin.py:137} INFO - [2023-03-07T00:11:00.990+0000] {dag.py:3441} INFO - Setting next_dagrun for example_task_group_decorator to 2023-03-06T00:11:00.990441+00:00, run_after=2023-03-07T00:11:00.990441+00:00
[2023-03-07T00:11:01.036+0000] {processor.py:175} INFO - Processing /home/airflow/.local/lib/python3.7/site-packages/airflow/example_dags/example_task_group_decorator.py took 0.275 seconds
[2023-03-07T00:11:31.346+0000] {processor.py:153} INFO - Started process (PID=3272) to work on /home/airflow/.local/lib/python3.7/site-packages/airflow/example_dags/example_task_group_decorator.py
[2023-03-07T00:11:31.352+0000] {processor.py:743} INFO - Processing file /home/airflow/.local/lib/python3.7/site-packages/airflow/example_dags/example_task_group_decorator.py for tasks to queue
[2023-03-07T00:11:31.358+0000] {logging_mixin.py:137} INFO - [2023-03-07T00:11:31.357+0000] {dagbag.py:538} INFO - Filling up the DagBag from /home/airflow/.local/lib/python3.7/site-packages/airflow/example_dags/example_task_group_decorator.py
[2023-03-07T00:11:31.444+0000] {processor.py:753} INFO - DAG(s) dict_keys(['example_task_group_decorator']) retrieved from /home/airflow/.local/lib/python3.7/site-packages/airflow/example_dags/example_task_group_decorator.py
[2023-03-07T00:11:31.566+0000] {logging_mixin.py:137} INFO - [2023-03-07T00:11:31.566+0000] {dag.py:2690} INFO - Sync 1 DAGs
[2023-03-07T00:11:31.672+0000] {logging_mixin.py:137} INFO - [2023-03-07T00:11:31.672+0000] {dag.py:3441} INFO - Setting next_dagrun for example_task_group_decorator to 2023-03-06T00:11:31.668391+00:00, run_after=2023-03-07T00:11:31.668391+00:00
[2023-03-07T00:11:31.749+0000] {processor.py:175} INFO - Processing /home/airflow/.local/lib/python3.7/site-packages/airflow/example_dags/example_task_group_decorator.py took 0.417 seconds
[2023-03-07T00:12:02.475+0000] {processor.py:153} INFO - Started process (PID=3341) to work on /home/airflow/.local/lib/python3.7/site-packages/airflow/example_dags/example_task_group_decorator.py
[2023-03-07T00:12:02.479+0000] {processor.py:743} INFO - Processing file /home/airflow/.local/lib/python3.7/site-packages/airflow/example_dags/example_task_group_decorator.py for tasks to queue
[2023-03-07T00:12:02.482+0000] {logging_mixin.py:137} INFO - [2023-03-07T00:12:02.482+0000] {dagbag.py:538} INFO - Filling up the DagBag from /home/airflow/.local/lib/python3.7/site-packages/airflow/example_dags/example_task_group_decorator.py
[2023-03-07T00:12:02.543+0000] {processor.py:753} INFO - DAG(s) dict_keys(['example_task_group_decorator']) retrieved from /home/airflow/.local/lib/python3.7/site-packages/airflow/example_dags/example_task_group_decorator.py
[2023-03-07T00:12:02.618+0000] {logging_mixin.py:137} INFO - [2023-03-07T00:12:02.618+0000] {dag.py:2690} INFO - Sync 1 DAGs
[2023-03-07T00:12:02.680+0000] {logging_mixin.py:137} INFO - [2023-03-07T00:12:02.680+0000] {dag.py:3441} INFO - Setting next_dagrun for example_task_group_decorator to 2023-03-06T00:12:02.680048+00:00, run_after=2023-03-07T00:12:02.680048+00:00
[2023-03-07T00:12:02.730+0000] {processor.py:175} INFO - Processing /home/airflow/.local/lib/python3.7/site-packages/airflow/example_dags/example_task_group_decorator.py took 0.267 seconds
[2023-03-07T00:12:32.833+0000] {processor.py:153} INFO - Started process (PID=3411) to work on /home/airflow/.local/lib/python3.7/site-packages/airflow/example_dags/example_task_group_decorator.py
[2023-03-07T00:12:32.838+0000] {processor.py:743} INFO - Processing file /home/airflow/.local/lib/python3.7/site-packages/airflow/example_dags/example_task_group_decorator.py for tasks to queue
[2023-03-07T00:12:32.840+0000] {logging_mixin.py:137} INFO - [2023-03-07T00:12:32.840+0000] {dagbag.py:538} INFO - Filling up the DagBag from /home/airflow/.local/lib/python3.7/site-packages/airflow/example_dags/example_task_group_decorator.py
[2023-03-07T00:12:32.890+0000] {processor.py:753} INFO - DAG(s) dict_keys(['example_task_group_decorator']) retrieved from /home/airflow/.local/lib/python3.7/site-packages/airflow/example_dags/example_task_group_decorator.py
[2023-03-07T00:12:32.940+0000] {logging_mixin.py:137} INFO - [2023-03-07T00:12:32.939+0000] {dag.py:2690} INFO - Sync 1 DAGs
[2023-03-07T00:12:32.988+0000] {logging_mixin.py:137} INFO - [2023-03-07T00:12:32.988+0000] {dag.py:3441} INFO - Setting next_dagrun for example_task_group_decorator to 2023-03-06T00:12:32.987982+00:00, run_after=2023-03-07T00:12:32.987982+00:00
[2023-03-07T00:12:33.023+0000] {processor.py:175} INFO - Processing /home/airflow/.local/lib/python3.7/site-packages/airflow/example_dags/example_task_group_decorator.py took 0.196 seconds
[2023-03-07T00:13:03.555+0000] {processor.py:153} INFO - Started process (PID=3489) to work on /home/airflow/.local/lib/python3.7/site-packages/airflow/example_dags/example_task_group_decorator.py
[2023-03-07T00:13:03.559+0000] {processor.py:743} INFO - Processing file /home/airflow/.local/lib/python3.7/site-packages/airflow/example_dags/example_task_group_decorator.py for tasks to queue
[2023-03-07T00:13:03.564+0000] {logging_mixin.py:137} INFO - [2023-03-07T00:13:03.563+0000] {dagbag.py:538} INFO - Filling up the DagBag from /home/airflow/.local/lib/python3.7/site-packages/airflow/example_dags/example_task_group_decorator.py
[2023-03-07T00:13:03.706+0000] {processor.py:753} INFO - DAG(s) dict_keys(['example_task_group_decorator']) retrieved from /home/airflow/.local/lib/python3.7/site-packages/airflow/example_dags/example_task_group_decorator.py
[2023-03-07T00:13:03.771+0000] {logging_mixin.py:137} INFO - [2023-03-07T00:13:03.771+0000] {dag.py:2690} INFO - Sync 1 DAGs
[2023-03-07T00:13:03.833+0000] {logging_mixin.py:137} INFO - [2023-03-07T00:13:03.833+0000] {dag.py:3441} INFO - Setting next_dagrun for example_task_group_decorator to 2023-03-06T00:13:03.832760+00:00, run_after=2023-03-07T00:13:03.832760+00:00
[2023-03-07T00:13:03.884+0000] {processor.py:175} INFO - Processing /home/airflow/.local/lib/python3.7/site-packages/airflow/example_dags/example_task_group_decorator.py took 0.342 seconds
[2023-03-07T00:13:47.278+0000] {processor.py:153} INFO - Started process (PID=3568) to work on /home/airflow/.local/lib/python3.7/site-packages/airflow/example_dags/example_task_group_decorator.py
[2023-03-07T00:13:47.285+0000] {processor.py:743} INFO - Processing file /home/airflow/.local/lib/python3.7/site-packages/airflow/example_dags/example_task_group_decorator.py for tasks to queue
[2023-03-07T00:13:47.291+0000] {logging_mixin.py:137} INFO - [2023-03-07T00:13:47.290+0000] {dagbag.py:538} INFO - Filling up the DagBag from /home/airflow/.local/lib/python3.7/site-packages/airflow/example_dags/example_task_group_decorator.py
[2023-03-07T00:13:47.386+0000] {processor.py:753} INFO - DAG(s) dict_keys(['example_task_group_decorator']) retrieved from /home/airflow/.local/lib/python3.7/site-packages/airflow/example_dags/example_task_group_decorator.py
[2023-03-07T00:13:47.469+0000] {logging_mixin.py:137} INFO - [2023-03-07T00:13:47.469+0000] {dag.py:2690} INFO - Sync 1 DAGs
[2023-03-07T00:13:47.598+0000] {logging_mixin.py:137} INFO - [2023-03-07T00:13:47.598+0000] {dag.py:3441} INFO - Setting next_dagrun for example_task_group_decorator to 2023-03-06T00:13:47.597268+00:00, run_after=2023-03-07T00:13:47.597268+00:00
[2023-03-07T00:13:47.713+0000] {processor.py:175} INFO - Processing /home/airflow/.local/lib/python3.7/site-packages/airflow/example_dags/example_task_group_decorator.py took 0.452 seconds
[2023-03-07T00:14:18.432+0000] {processor.py:153} INFO - Started process (PID=3626) to work on /home/airflow/.local/lib/python3.7/site-packages/airflow/example_dags/example_task_group_decorator.py
[2023-03-07T00:14:18.437+0000] {processor.py:743} INFO - Processing file /home/airflow/.local/lib/python3.7/site-packages/airflow/example_dags/example_task_group_decorator.py for tasks to queue
[2023-03-07T00:14:18.441+0000] {logging_mixin.py:137} INFO - [2023-03-07T00:14:18.441+0000] {dagbag.py:538} INFO - Filling up the DagBag from /home/airflow/.local/lib/python3.7/site-packages/airflow/example_dags/example_task_group_decorator.py
[2023-03-07T00:14:18.514+0000] {processor.py:753} INFO - DAG(s) dict_keys(['example_task_group_decorator']) retrieved from /home/airflow/.local/lib/python3.7/site-packages/airflow/example_dags/example_task_group_decorator.py
[2023-03-07T00:14:18.581+0000] {logging_mixin.py:137} INFO - [2023-03-07T00:14:18.580+0000] {dag.py:2690} INFO - Sync 1 DAGs
[2023-03-07T00:14:18.663+0000] {logging_mixin.py:137} INFO - [2023-03-07T00:14:18.662+0000] {dag.py:3441} INFO - Setting next_dagrun for example_task_group_decorator to 2023-03-06T00:14:18.662490+00:00, run_after=2023-03-07T00:14:18.662490+00:00
[2023-03-07T00:14:18.718+0000] {processor.py:175} INFO - Processing /home/airflow/.local/lib/python3.7/site-packages/airflow/example_dags/example_task_group_decorator.py took 0.298 seconds
[2023-03-07T00:14:49.246+0000] {processor.py:153} INFO - Started process (PID=3694) to work on /home/airflow/.local/lib/python3.7/site-packages/airflow/example_dags/example_task_group_decorator.py
[2023-03-07T00:14:49.253+0000] {processor.py:743} INFO - Processing file /home/airflow/.local/lib/python3.7/site-packages/airflow/example_dags/example_task_group_decorator.py for tasks to queue
[2023-03-07T00:14:49.263+0000] {logging_mixin.py:137} INFO - [2023-03-07T00:14:49.262+0000] {dagbag.py:538} INFO - Filling up the DagBag from /home/airflow/.local/lib/python3.7/site-packages/airflow/example_dags/example_task_group_decorator.py
[2023-03-07T00:14:49.558+0000] {processor.py:753} INFO - DAG(s) dict_keys(['example_task_group_decorator']) retrieved from /home/airflow/.local/lib/python3.7/site-packages/airflow/example_dags/example_task_group_decorator.py
[2023-03-07T00:14:49.674+0000] {logging_mixin.py:137} INFO - [2023-03-07T00:14:49.673+0000] {dag.py:2690} INFO - Sync 1 DAGs
[2023-03-07T00:14:49.758+0000] {logging_mixin.py:137} INFO - [2023-03-07T00:14:49.757+0000] {dag.py:3441} INFO - Setting next_dagrun for example_task_group_decorator to 2023-03-06T00:14:49.755518+00:00, run_after=2023-03-07T00:14:49.755518+00:00
[2023-03-07T00:14:49.814+0000] {processor.py:175} INFO - Processing /home/airflow/.local/lib/python3.7/site-packages/airflow/example_dags/example_task_group_decorator.py took 0.589 seconds
[2023-03-07T00:16:31.691+0000] {processor.py:153} INFO - Started process (PID=3768) to work on /home/airflow/.local/lib/python3.7/site-packages/airflow/example_dags/example_task_group_decorator.py
[2023-03-07T00:16:31.696+0000] {processor.py:743} INFO - Processing file /home/airflow/.local/lib/python3.7/site-packages/airflow/example_dags/example_task_group_decorator.py for tasks to queue
[2023-03-07T00:16:31.703+0000] {logging_mixin.py:137} INFO - [2023-03-07T00:16:31.703+0000] {dagbag.py:538} INFO - Filling up the DagBag from /home/airflow/.local/lib/python3.7/site-packages/airflow/example_dags/example_task_group_decorator.py
[2023-03-07T00:16:31.871+0000] {processor.py:753} INFO - DAG(s) dict_keys(['example_task_group_decorator']) retrieved from /home/airflow/.local/lib/python3.7/site-packages/airflow/example_dags/example_task_group_decorator.py
[2023-03-07T00:16:31.972+0000] {logging_mixin.py:137} INFO - [2023-03-07T00:16:31.971+0000] {dag.py:2690} INFO - Sync 1 DAGs
[2023-03-07T00:16:32.070+0000] {logging_mixin.py:137} INFO - [2023-03-07T00:16:32.070+0000] {dag.py:3441} INFO - Setting next_dagrun for example_task_group_decorator to 2023-03-06T00:16:32.069684+00:00, run_after=2023-03-07T00:16:32.069684+00:00
[2023-03-07T00:16:32.199+0000] {processor.py:175} INFO - Processing /home/airflow/.local/lib/python3.7/site-packages/airflow/example_dags/example_task_group_decorator.py took 0.518 seconds
[2023-03-07T00:17:04.465+0000] {processor.py:153} INFO - Started process (PID=3839) to work on /home/airflow/.local/lib/python3.7/site-packages/airflow/example_dags/example_task_group_decorator.py
[2023-03-07T00:17:04.471+0000] {processor.py:743} INFO - Processing file /home/airflow/.local/lib/python3.7/site-packages/airflow/example_dags/example_task_group_decorator.py for tasks to queue
[2023-03-07T00:17:04.476+0000] {logging_mixin.py:137} INFO - [2023-03-07T00:17:04.475+0000] {dagbag.py:538} INFO - Filling up the DagBag from /home/airflow/.local/lib/python3.7/site-packages/airflow/example_dags/example_task_group_decorator.py
[2023-03-07T00:17:04.566+0000] {processor.py:753} INFO - DAG(s) dict_keys(['example_task_group_decorator']) retrieved from /home/airflow/.local/lib/python3.7/site-packages/airflow/example_dags/example_task_group_decorator.py
[2023-03-07T00:17:04.657+0000] {logging_mixin.py:137} INFO - [2023-03-07T00:17:04.657+0000] {dag.py:2690} INFO - Sync 1 DAGs
[2023-03-07T00:17:04.737+0000] {logging_mixin.py:137} INFO - [2023-03-07T00:17:04.737+0000] {dag.py:3441} INFO - Setting next_dagrun for example_task_group_decorator to 2023-03-06T00:17:04.736917+00:00, run_after=2023-03-07T00:17:04.736917+00:00
[2023-03-07T00:17:04.796+0000] {processor.py:175} INFO - Processing /home/airflow/.local/lib/python3.7/site-packages/airflow/example_dags/example_task_group_decorator.py took 0.343 seconds
[2023-03-07T00:17:35.024+0000] {processor.py:153} INFO - Started process (PID=3907) to work on /home/airflow/.local/lib/python3.7/site-packages/airflow/example_dags/example_task_group_decorator.py
[2023-03-07T00:17:35.028+0000] {processor.py:743} INFO - Processing file /home/airflow/.local/lib/python3.7/site-packages/airflow/example_dags/example_task_group_decorator.py for tasks to queue
[2023-03-07T00:17:35.032+0000] {logging_mixin.py:137} INFO - [2023-03-07T00:17:35.032+0000] {dagbag.py:538} INFO - Filling up the DagBag from /home/airflow/.local/lib/python3.7/site-packages/airflow/example_dags/example_task_group_decorator.py
[2023-03-07T00:17:35.110+0000] {processor.py:753} INFO - DAG(s) dict_keys(['example_task_group_decorator']) retrieved from /home/airflow/.local/lib/python3.7/site-packages/airflow/example_dags/example_task_group_decorator.py
[2023-03-07T00:17:35.189+0000] {logging_mixin.py:137} INFO - [2023-03-07T00:17:35.188+0000] {dag.py:2690} INFO - Sync 1 DAGs
[2023-03-07T00:17:35.246+0000] {logging_mixin.py:137} INFO - [2023-03-07T00:17:35.246+0000] {dag.py:3441} INFO - Setting next_dagrun for example_task_group_decorator to 2023-03-06T00:17:35.245200+00:00, run_after=2023-03-07T00:17:35.245200+00:00
[2023-03-07T00:17:35.293+0000] {processor.py:175} INFO - Processing /home/airflow/.local/lib/python3.7/site-packages/airflow/example_dags/example_task_group_decorator.py took 0.279 seconds
[2023-03-07T00:18:06.212+0000] {processor.py:153} INFO - Started process (PID=3981) to work on /home/airflow/.local/lib/python3.7/site-packages/airflow/example_dags/example_task_group_decorator.py
[2023-03-07T00:18:06.216+0000] {processor.py:743} INFO - Processing file /home/airflow/.local/lib/python3.7/site-packages/airflow/example_dags/example_task_group_decorator.py for tasks to queue
[2023-03-07T00:18:06.221+0000] {logging_mixin.py:137} INFO - [2023-03-07T00:18:06.220+0000] {dagbag.py:538} INFO - Filling up the DagBag from /home/airflow/.local/lib/python3.7/site-packages/airflow/example_dags/example_task_group_decorator.py
[2023-03-07T00:18:06.371+0000] {processor.py:753} INFO - DAG(s) dict_keys(['example_task_group_decorator']) retrieved from /home/airflow/.local/lib/python3.7/site-packages/airflow/example_dags/example_task_group_decorator.py
[2023-03-07T00:18:06.450+0000] {logging_mixin.py:137} INFO - [2023-03-07T00:18:06.450+0000] {dag.py:2690} INFO - Sync 1 DAGs
[2023-03-07T00:18:06.532+0000] {logging_mixin.py:137} INFO - [2023-03-07T00:18:06.531+0000] {dag.py:3441} INFO - Setting next_dagrun for example_task_group_decorator to 2023-03-06T00:18:06.530897+00:00, run_after=2023-03-07T00:18:06.530897+00:00
[2023-03-07T00:18:06.593+0000] {processor.py:175} INFO - Processing /home/airflow/.local/lib/python3.7/site-packages/airflow/example_dags/example_task_group_decorator.py took 0.393 seconds
[2023-03-07T00:18:37.601+0000] {processor.py:153} INFO - Started process (PID=4052) to work on /home/airflow/.local/lib/python3.7/site-packages/airflow/example_dags/example_task_group_decorator.py
[2023-03-07T00:18:37.607+0000] {processor.py:743} INFO - Processing file /home/airflow/.local/lib/python3.7/site-packages/airflow/example_dags/example_task_group_decorator.py for tasks to queue
[2023-03-07T00:18:37.611+0000] {logging_mixin.py:137} INFO - [2023-03-07T00:18:37.611+0000] {dagbag.py:538} INFO - Filling up the DagBag from /home/airflow/.local/lib/python3.7/site-packages/airflow/example_dags/example_task_group_decorator.py
[2023-03-07T00:18:37.704+0000] {processor.py:753} INFO - DAG(s) dict_keys(['example_task_group_decorator']) retrieved from /home/airflow/.local/lib/python3.7/site-packages/airflow/example_dags/example_task_group_decorator.py
[2023-03-07T00:18:37.812+0000] {logging_mixin.py:137} INFO - [2023-03-07T00:18:37.812+0000] {dag.py:2690} INFO - Sync 1 DAGs
[2023-03-07T00:18:37.902+0000] {logging_mixin.py:137} INFO - [2023-03-07T00:18:37.902+0000] {dag.py:3441} INFO - Setting next_dagrun for example_task_group_decorator to 2023-03-06T00:18:37.901683+00:00, run_after=2023-03-07T00:18:37.901683+00:00
[2023-03-07T00:18:37.967+0000] {processor.py:175} INFO - Processing /home/airflow/.local/lib/python3.7/site-packages/airflow/example_dags/example_task_group_decorator.py took 0.382 seconds
[2023-03-07T00:19:24.779+0000] {processor.py:153} INFO - Started process (PID=4121) to work on /home/airflow/.local/lib/python3.7/site-packages/airflow/example_dags/example_task_group_decorator.py
[2023-03-07T00:19:24.787+0000] {processor.py:743} INFO - Processing file /home/airflow/.local/lib/python3.7/site-packages/airflow/example_dags/example_task_group_decorator.py for tasks to queue
[2023-03-07T00:19:24.794+0000] {logging_mixin.py:137} INFO - [2023-03-07T00:19:24.792+0000] {dagbag.py:538} INFO - Filling up the DagBag from /home/airflow/.local/lib/python3.7/site-packages/airflow/example_dags/example_task_group_decorator.py
[2023-03-07T00:19:24.967+0000] {processor.py:753} INFO - DAG(s) dict_keys(['example_task_group_decorator']) retrieved from /home/airflow/.local/lib/python3.7/site-packages/airflow/example_dags/example_task_group_decorator.py
[2023-03-07T00:19:25.140+0000] {logging_mixin.py:137} INFO - [2023-03-07T00:19:25.139+0000] {dag.py:2690} INFO - Sync 1 DAGs
[2023-03-07T00:19:25.264+0000] {logging_mixin.py:137} INFO - [2023-03-07T00:19:25.263+0000] {dag.py:3441} INFO - Setting next_dagrun for example_task_group_decorator to 2023-03-06T00:19:25.262596+00:00, run_after=2023-03-07T00:19:25.262596+00:00
[2023-03-07T00:19:25.393+0000] {processor.py:175} INFO - Processing /home/airflow/.local/lib/python3.7/site-packages/airflow/example_dags/example_task_group_decorator.py took 0.630 seconds
[2023-03-07T00:19:55.708+0000] {processor.py:153} INFO - Started process (PID=4192) to work on /home/airflow/.local/lib/python3.7/site-packages/airflow/example_dags/example_task_group_decorator.py
[2023-03-07T00:19:55.713+0000] {processor.py:743} INFO - Processing file /home/airflow/.local/lib/python3.7/site-packages/airflow/example_dags/example_task_group_decorator.py for tasks to queue
[2023-03-07T00:19:55.719+0000] {logging_mixin.py:137} INFO - [2023-03-07T00:19:55.718+0000] {dagbag.py:538} INFO - Filling up the DagBag from /home/airflow/.local/lib/python3.7/site-packages/airflow/example_dags/example_task_group_decorator.py
[2023-03-07T00:19:55.907+0000] {processor.py:753} INFO - DAG(s) dict_keys(['example_task_group_decorator']) retrieved from /home/airflow/.local/lib/python3.7/site-packages/airflow/example_dags/example_task_group_decorator.py
[2023-03-07T00:19:55.986+0000] {logging_mixin.py:137} INFO - [2023-03-07T00:19:55.986+0000] {dag.py:2690} INFO - Sync 1 DAGs
[2023-03-07T00:19:56.081+0000] {logging_mixin.py:137} INFO - [2023-03-07T00:19:56.080+0000] {dag.py:3441} INFO - Setting next_dagrun for example_task_group_decorator to 2023-03-06T00:19:56.080020+00:00, run_after=2023-03-07T00:19:56.080020+00:00
[2023-03-07T00:19:56.140+0000] {processor.py:175} INFO - Processing /home/airflow/.local/lib/python3.7/site-packages/airflow/example_dags/example_task_group_decorator.py took 0.444 seconds
[2023-03-07T00:21:03.217+0000] {processor.py:153} INFO - Started process (PID=4286) to work on /home/airflow/.local/lib/python3.7/site-packages/airflow/example_dags/example_task_group_decorator.py
[2023-03-07T00:21:03.224+0000] {processor.py:743} INFO - Processing file /home/airflow/.local/lib/python3.7/site-packages/airflow/example_dags/example_task_group_decorator.py for tasks to queue
[2023-03-07T00:21:03.230+0000] {logging_mixin.py:137} INFO - [2023-03-07T00:21:03.229+0000] {dagbag.py:538} INFO - Filling up the DagBag from /home/airflow/.local/lib/python3.7/site-packages/airflow/example_dags/example_task_group_decorator.py
[2023-03-07T00:21:03.342+0000] {processor.py:753} INFO - DAG(s) dict_keys(['example_task_group_decorator']) retrieved from /home/airflow/.local/lib/python3.7/site-packages/airflow/example_dags/example_task_group_decorator.py
[2023-03-07T00:21:03.449+0000] {logging_mixin.py:137} INFO - [2023-03-07T00:21:03.448+0000] {dag.py:2690} INFO - Sync 1 DAGs
[2023-03-07T00:21:03.581+0000] {logging_mixin.py:137} INFO - [2023-03-07T00:21:03.580+0000] {dag.py:3441} INFO - Setting next_dagrun for example_task_group_decorator to 2023-03-06T00:21:03.579142+00:00, run_after=2023-03-07T00:21:03.579142+00:00
[2023-03-07T00:21:03.700+0000] {processor.py:175} INFO - Processing /home/airflow/.local/lib/python3.7/site-packages/airflow/example_dags/example_task_group_decorator.py took 0.500 seconds
[2023-03-07T00:21:34.062+0000] {processor.py:153} INFO - Started process (PID=4357) to work on /home/airflow/.local/lib/python3.7/site-packages/airflow/example_dags/example_task_group_decorator.py
[2023-03-07T00:21:34.070+0000] {processor.py:743} INFO - Processing file /home/airflow/.local/lib/python3.7/site-packages/airflow/example_dags/example_task_group_decorator.py for tasks to queue
[2023-03-07T00:21:34.076+0000] {logging_mixin.py:137} INFO - [2023-03-07T00:21:34.075+0000] {dagbag.py:538} INFO - Filling up the DagBag from /home/airflow/.local/lib/python3.7/site-packages/airflow/example_dags/example_task_group_decorator.py
[2023-03-07T00:21:34.275+0000] {processor.py:753} INFO - DAG(s) dict_keys(['example_task_group_decorator']) retrieved from /home/airflow/.local/lib/python3.7/site-packages/airflow/example_dags/example_task_group_decorator.py
[2023-03-07T00:21:34.423+0000] {logging_mixin.py:137} INFO - [2023-03-07T00:21:34.422+0000] {dag.py:2690} INFO - Sync 1 DAGs
[2023-03-07T00:21:34.498+0000] {logging_mixin.py:137} INFO - [2023-03-07T00:21:34.498+0000] {dag.py:3441} INFO - Setting next_dagrun for example_task_group_decorator to 2023-03-06T00:21:34.497255+00:00, run_after=2023-03-07T00:21:34.497255+00:00
[2023-03-07T00:21:34.549+0000] {processor.py:175} INFO - Processing /home/airflow/.local/lib/python3.7/site-packages/airflow/example_dags/example_task_group_decorator.py took 0.508 seconds
[2023-03-07T00:22:35.942+0000] {processor.py:153} INFO - Started process (PID=4438) to work on /home/airflow/.local/lib/python3.7/site-packages/airflow/example_dags/example_task_group_decorator.py
[2023-03-07T00:22:35.977+0000] {processor.py:743} INFO - Processing file /home/airflow/.local/lib/python3.7/site-packages/airflow/example_dags/example_task_group_decorator.py for tasks to queue
[2023-03-07T00:22:36.012+0000] {logging_mixin.py:137} INFO - [2023-03-07T00:22:35.997+0000] {dagbag.py:538} INFO - Filling up the DagBag from /home/airflow/.local/lib/python3.7/site-packages/airflow/example_dags/example_task_group_decorator.py
[2023-03-07T00:22:36.894+0000] {processor.py:753} INFO - DAG(s) dict_keys(['example_task_group_decorator']) retrieved from /home/airflow/.local/lib/python3.7/site-packages/airflow/example_dags/example_task_group_decorator.py
[2023-03-07T00:22:37.478+0000] {logging_mixin.py:137} INFO - [2023-03-07T00:22:37.476+0000] {dag.py:2690} INFO - Sync 1 DAGs
[2023-03-07T00:22:39.211+0000] {logging_mixin.py:137} INFO - [2023-03-07T00:22:39.204+0000] {dag.py:3441} INFO - Setting next_dagrun for example_task_group_decorator to 2023-03-06T00:22:39.033667+00:00, run_after=2023-03-07T00:22:39.033667+00:00
[2023-03-07T00:22:40.150+0000] {processor.py:175} INFO - Processing /home/airflow/.local/lib/python3.7/site-packages/airflow/example_dags/example_task_group_decorator.py took 4.531 seconds
[2023-03-07T00:23:37.609+0000] {processor.py:153} INFO - Started process (PID=4515) to work on /home/airflow/.local/lib/python3.7/site-packages/airflow/example_dags/example_task_group_decorator.py
[2023-03-07T00:23:37.620+0000] {processor.py:743} INFO - Processing file /home/airflow/.local/lib/python3.7/site-packages/airflow/example_dags/example_task_group_decorator.py for tasks to queue
[2023-03-07T00:23:37.627+0000] {logging_mixin.py:137} INFO - [2023-03-07T00:23:37.626+0000] {dagbag.py:538} INFO - Filling up the DagBag from /home/airflow/.local/lib/python3.7/site-packages/airflow/example_dags/example_task_group_decorator.py
[2023-03-07T00:23:37.778+0000] {processor.py:753} INFO - DAG(s) dict_keys(['example_task_group_decorator']) retrieved from /home/airflow/.local/lib/python3.7/site-packages/airflow/example_dags/example_task_group_decorator.py
[2023-03-07T00:23:37.937+0000] {logging_mixin.py:137} INFO - [2023-03-07T00:23:37.937+0000] {dag.py:2690} INFO - Sync 1 DAGs
[2023-03-07T00:23:38.046+0000] {logging_mixin.py:137} INFO - [2023-03-07T00:23:38.045+0000] {dag.py:3441} INFO - Setting next_dagrun for example_task_group_decorator to 2023-03-06T00:23:38.044352+00:00, run_after=2023-03-07T00:23:38.044352+00:00
[2023-03-07T00:23:38.121+0000] {processor.py:175} INFO - Processing /home/airflow/.local/lib/python3.7/site-packages/airflow/example_dags/example_task_group_decorator.py took 0.561 seconds
[2023-03-07T00:24:08.837+0000] {processor.py:153} INFO - Started process (PID=4584) to work on /home/airflow/.local/lib/python3.7/site-packages/airflow/example_dags/example_task_group_decorator.py
[2023-03-07T00:24:08.852+0000] {processor.py:743} INFO - Processing file /home/airflow/.local/lib/python3.7/site-packages/airflow/example_dags/example_task_group_decorator.py for tasks to queue
[2023-03-07T00:24:08.863+0000] {logging_mixin.py:137} INFO - [2023-03-07T00:24:08.862+0000] {dagbag.py:538} INFO - Filling up the DagBag from /home/airflow/.local/lib/python3.7/site-packages/airflow/example_dags/example_task_group_decorator.py
[2023-03-07T00:24:08.950+0000] {processor.py:753} INFO - DAG(s) dict_keys(['example_task_group_decorator']) retrieved from /home/airflow/.local/lib/python3.7/site-packages/airflow/example_dags/example_task_group_decorator.py
[2023-03-07T00:24:09.019+0000] {logging_mixin.py:137} INFO - [2023-03-07T00:24:09.019+0000] {dag.py:2690} INFO - Sync 1 DAGs
[2023-03-07T00:24:09.080+0000] {logging_mixin.py:137} INFO - [2023-03-07T00:24:09.079+0000] {dag.py:3441} INFO - Setting next_dagrun for example_task_group_decorator to 2023-03-06T00:24:09.079273+00:00, run_after=2023-03-07T00:24:09.079273+00:00
[2023-03-07T00:24:09.127+0000] {processor.py:175} INFO - Processing /home/airflow/.local/lib/python3.7/site-packages/airflow/example_dags/example_task_group_decorator.py took 0.298 seconds
[2023-03-07T00:24:39.224+0000] {processor.py:153} INFO - Started process (PID=4655) to work on /home/airflow/.local/lib/python3.7/site-packages/airflow/example_dags/example_task_group_decorator.py
[2023-03-07T00:24:39.228+0000] {processor.py:743} INFO - Processing file /home/airflow/.local/lib/python3.7/site-packages/airflow/example_dags/example_task_group_decorator.py for tasks to queue
[2023-03-07T00:24:39.232+0000] {logging_mixin.py:137} INFO - [2023-03-07T00:24:39.231+0000] {dagbag.py:538} INFO - Filling up the DagBag from /home/airflow/.local/lib/python3.7/site-packages/airflow/example_dags/example_task_group_decorator.py
[2023-03-07T00:24:39.296+0000] {processor.py:753} INFO - DAG(s) dict_keys(['example_task_group_decorator']) retrieved from /home/airflow/.local/lib/python3.7/site-packages/airflow/example_dags/example_task_group_decorator.py
[2023-03-07T00:24:39.371+0000] {logging_mixin.py:137} INFO - [2023-03-07T00:24:39.371+0000] {dag.py:2690} INFO - Sync 1 DAGs
[2023-03-07T00:24:39.430+0000] {logging_mixin.py:137} INFO - [2023-03-07T00:24:39.429+0000] {dag.py:3441} INFO - Setting next_dagrun for example_task_group_decorator to 2023-03-06T00:24:39.427097+00:00, run_after=2023-03-07T00:24:39.427097+00:00
[2023-03-07T00:24:39.495+0000] {processor.py:175} INFO - Processing /home/airflow/.local/lib/python3.7/site-packages/airflow/example_dags/example_task_group_decorator.py took 0.280 seconds
[2023-03-07T00:25:09.975+0000] {processor.py:153} INFO - Started process (PID=4725) to work on /home/airflow/.local/lib/python3.7/site-packages/airflow/example_dags/example_task_group_decorator.py
[2023-03-07T00:25:09.980+0000] {processor.py:743} INFO - Processing file /home/airflow/.local/lib/python3.7/site-packages/airflow/example_dags/example_task_group_decorator.py for tasks to queue
[2023-03-07T00:25:09.986+0000] {logging_mixin.py:137} INFO - [2023-03-07T00:25:09.985+0000] {dagbag.py:538} INFO - Filling up the DagBag from /home/airflow/.local/lib/python3.7/site-packages/airflow/example_dags/example_task_group_decorator.py
[2023-03-07T00:25:10.076+0000] {processor.py:753} INFO - DAG(s) dict_keys(['example_task_group_decorator']) retrieved from /home/airflow/.local/lib/python3.7/site-packages/airflow/example_dags/example_task_group_decorator.py
[2023-03-07T00:25:10.147+0000] {logging_mixin.py:137} INFO - [2023-03-07T00:25:10.147+0000] {dag.py:2690} INFO - Sync 1 DAGs
[2023-03-07T00:25:10.208+0000] {logging_mixin.py:137} INFO - [2023-03-07T00:25:10.208+0000] {dag.py:3441} INFO - Setting next_dagrun for example_task_group_decorator to 2023-03-06T00:25:10.207258+00:00, run_after=2023-03-07T00:25:10.207258+00:00
[2023-03-07T00:25:10.248+0000] {processor.py:175} INFO - Processing /home/airflow/.local/lib/python3.7/site-packages/airflow/example_dags/example_task_group_decorator.py took 0.286 seconds
[2023-03-07T00:25:40.471+0000] {processor.py:153} INFO - Started process (PID=4803) to work on /home/airflow/.local/lib/python3.7/site-packages/airflow/example_dags/example_task_group_decorator.py
[2023-03-07T00:25:40.478+0000] {processor.py:743} INFO - Processing file /home/airflow/.local/lib/python3.7/site-packages/airflow/example_dags/example_task_group_decorator.py for tasks to queue
[2023-03-07T00:25:40.483+0000] {logging_mixin.py:137} INFO - [2023-03-07T00:25:40.483+0000] {dagbag.py:538} INFO - Filling up the DagBag from /home/airflow/.local/lib/python3.7/site-packages/airflow/example_dags/example_task_group_decorator.py
[2023-03-07T00:25:40.678+0000] {processor.py:753} INFO - DAG(s) dict_keys(['example_task_group_decorator']) retrieved from /home/airflow/.local/lib/python3.7/site-packages/airflow/example_dags/example_task_group_decorator.py
[2023-03-07T00:25:40.773+0000] {logging_mixin.py:137} INFO - [2023-03-07T00:25:40.773+0000] {dag.py:2690} INFO - Sync 1 DAGs
[2023-03-07T00:25:40.888+0000] {logging_mixin.py:137} INFO - [2023-03-07T00:25:40.888+0000] {dag.py:3441} INFO - Setting next_dagrun for example_task_group_decorator to 2023-03-06T00:25:40.887279+00:00, run_after=2023-03-07T00:25:40.887279+00:00
[2023-03-07T00:25:40.995+0000] {processor.py:175} INFO - Processing /home/airflow/.local/lib/python3.7/site-packages/airflow/example_dags/example_task_group_decorator.py took 0.589 seconds
[2023-03-07T00:26:11.406+0000] {processor.py:153} INFO - Started process (PID=4875) to work on /home/airflow/.local/lib/python3.7/site-packages/airflow/example_dags/example_task_group_decorator.py
[2023-03-07T00:26:11.412+0000] {processor.py:743} INFO - Processing file /home/airflow/.local/lib/python3.7/site-packages/airflow/example_dags/example_task_group_decorator.py for tasks to queue
[2023-03-07T00:26:11.435+0000] {logging_mixin.py:137} INFO - [2023-03-07T00:26:11.434+0000] {dagbag.py:538} INFO - Filling up the DagBag from /home/airflow/.local/lib/python3.7/site-packages/airflow/example_dags/example_task_group_decorator.py
[2023-03-07T00:26:11.527+0000] {processor.py:753} INFO - DAG(s) dict_keys(['example_task_group_decorator']) retrieved from /home/airflow/.local/lib/python3.7/site-packages/airflow/example_dags/example_task_group_decorator.py
[2023-03-07T00:26:11.598+0000] {logging_mixin.py:137} INFO - [2023-03-07T00:26:11.598+0000] {dag.py:2690} INFO - Sync 1 DAGs
[2023-03-07T00:26:11.660+0000] {logging_mixin.py:137} INFO - [2023-03-07T00:26:11.659+0000] {dag.py:3441} INFO - Setting next_dagrun for example_task_group_decorator to 2023-03-06T00:26:11.659016+00:00, run_after=2023-03-07T00:26:11.659016+00:00
[2023-03-07T00:26:11.718+0000] {processor.py:175} INFO - Processing /home/airflow/.local/lib/python3.7/site-packages/airflow/example_dags/example_task_group_decorator.py took 0.324 seconds
[2023-03-07T00:26:41.842+0000] {processor.py:153} INFO - Started process (PID=4946) to work on /home/airflow/.local/lib/python3.7/site-packages/airflow/example_dags/example_task_group_decorator.py
[2023-03-07T00:26:41.853+0000] {processor.py:743} INFO - Processing file /home/airflow/.local/lib/python3.7/site-packages/airflow/example_dags/example_task_group_decorator.py for tasks to queue
[2023-03-07T00:26:41.857+0000] {logging_mixin.py:137} INFO - [2023-03-07T00:26:41.857+0000] {dagbag.py:538} INFO - Filling up the DagBag from /home/airflow/.local/lib/python3.7/site-packages/airflow/example_dags/example_task_group_decorator.py
[2023-03-07T00:26:41.917+0000] {processor.py:753} INFO - DAG(s) dict_keys(['example_task_group_decorator']) retrieved from /home/airflow/.local/lib/python3.7/site-packages/airflow/example_dags/example_task_group_decorator.py
[2023-03-07T00:26:41.999+0000] {logging_mixin.py:137} INFO - [2023-03-07T00:26:41.999+0000] {dag.py:2690} INFO - Sync 1 DAGs
[2023-03-07T00:26:42.045+0000] {logging_mixin.py:137} INFO - [2023-03-07T00:26:42.044+0000] {dag.py:3441} INFO - Setting next_dagrun for example_task_group_decorator to 2023-03-06T00:26:42.042531+00:00, run_after=2023-03-07T00:26:42.042531+00:00
[2023-03-07T00:26:42.097+0000] {processor.py:175} INFO - Processing /home/airflow/.local/lib/python3.7/site-packages/airflow/example_dags/example_task_group_decorator.py took 0.263 seconds
[2023-03-07T00:27:12.384+0000] {processor.py:153} INFO - Started process (PID=5009) to work on /home/airflow/.local/lib/python3.7/site-packages/airflow/example_dags/example_task_group_decorator.py
[2023-03-07T00:27:12.390+0000] {processor.py:743} INFO - Processing file /home/airflow/.local/lib/python3.7/site-packages/airflow/example_dags/example_task_group_decorator.py for tasks to queue
[2023-03-07T00:27:12.394+0000] {logging_mixin.py:137} INFO - [2023-03-07T00:27:12.394+0000] {dagbag.py:538} INFO - Filling up the DagBag from /home/airflow/.local/lib/python3.7/site-packages/airflow/example_dags/example_task_group_decorator.py
[2023-03-07T00:27:12.478+0000] {processor.py:753} INFO - DAG(s) dict_keys(['example_task_group_decorator']) retrieved from /home/airflow/.local/lib/python3.7/site-packages/airflow/example_dags/example_task_group_decorator.py
[2023-03-07T00:27:12.542+0000] {logging_mixin.py:137} INFO - [2023-03-07T00:27:12.542+0000] {dag.py:2690} INFO - Sync 1 DAGs
[2023-03-07T00:27:12.595+0000] {logging_mixin.py:137} INFO - [2023-03-07T00:27:12.595+0000] {dag.py:3441} INFO - Setting next_dagrun for example_task_group_decorator to 2023-03-06T00:27:12.595190+00:00, run_after=2023-03-07T00:27:12.595190+00:00
[2023-03-07T00:27:12.632+0000] {processor.py:175} INFO - Processing /home/airflow/.local/lib/python3.7/site-packages/airflow/example_dags/example_task_group_decorator.py took 0.255 seconds
[2023-03-07T00:27:42.930+0000] {processor.py:153} INFO - Started process (PID=5090) to work on /home/airflow/.local/lib/python3.7/site-packages/airflow/example_dags/example_task_group_decorator.py
[2023-03-07T00:27:42.933+0000] {processor.py:743} INFO - Processing file /home/airflow/.local/lib/python3.7/site-packages/airflow/example_dags/example_task_group_decorator.py for tasks to queue
[2023-03-07T00:27:42.939+0000] {logging_mixin.py:137} INFO - [2023-03-07T00:27:42.938+0000] {dagbag.py:538} INFO - Filling up the DagBag from /home/airflow/.local/lib/python3.7/site-packages/airflow/example_dags/example_task_group_decorator.py
[2023-03-07T00:27:43.030+0000] {processor.py:753} INFO - DAG(s) dict_keys(['example_task_group_decorator']) retrieved from /home/airflow/.local/lib/python3.7/site-packages/airflow/example_dags/example_task_group_decorator.py
[2023-03-07T00:27:43.108+0000] {logging_mixin.py:137} INFO - [2023-03-07T00:27:43.107+0000] {dag.py:2690} INFO - Sync 1 DAGs
[2023-03-07T00:27:43.189+0000] {logging_mixin.py:137} INFO - [2023-03-07T00:27:43.188+0000] {dag.py:3441} INFO - Setting next_dagrun for example_task_group_decorator to 2023-03-06T00:27:43.188309+00:00, run_after=2023-03-07T00:27:43.188309+00:00
[2023-03-07T00:27:43.230+0000] {processor.py:175} INFO - Processing /home/airflow/.local/lib/python3.7/site-packages/airflow/example_dags/example_task_group_decorator.py took 0.314 seconds
[2023-03-07T00:28:13.699+0000] {processor.py:153} INFO - Started process (PID=5165) to work on /home/airflow/.local/lib/python3.7/site-packages/airflow/example_dags/example_task_group_decorator.py
[2023-03-07T00:28:13.705+0000] {processor.py:743} INFO - Processing file /home/airflow/.local/lib/python3.7/site-packages/airflow/example_dags/example_task_group_decorator.py for tasks to queue
[2023-03-07T00:28:13.710+0000] {logging_mixin.py:137} INFO - [2023-03-07T00:28:13.709+0000] {dagbag.py:538} INFO - Filling up the DagBag from /home/airflow/.local/lib/python3.7/site-packages/airflow/example_dags/example_task_group_decorator.py
[2023-03-07T00:28:13.782+0000] {processor.py:753} INFO - DAG(s) dict_keys(['example_task_group_decorator']) retrieved from /home/airflow/.local/lib/python3.7/site-packages/airflow/example_dags/example_task_group_decorator.py
[2023-03-07T00:28:13.855+0000] {logging_mixin.py:137} INFO - [2023-03-07T00:28:13.855+0000] {dag.py:2690} INFO - Sync 1 DAGs
[2023-03-07T00:28:13.909+0000] {logging_mixin.py:137} INFO - [2023-03-07T00:28:13.909+0000] {dag.py:3441} INFO - Setting next_dagrun for example_task_group_decorator to 2023-03-06T00:28:13.908822+00:00, run_after=2023-03-07T00:28:13.908822+00:00
[2023-03-07T00:28:13.947+0000] {processor.py:175} INFO - Processing /home/airflow/.local/lib/python3.7/site-packages/airflow/example_dags/example_task_group_decorator.py took 0.260 seconds
[2023-03-07T00:28:46.991+0000] {processor.py:153} INFO - Started process (PID=5235) to work on /home/airflow/.local/lib/python3.7/site-packages/airflow/example_dags/example_task_group_decorator.py
[2023-03-07T00:28:46.998+0000] {processor.py:743} INFO - Processing file /home/airflow/.local/lib/python3.7/site-packages/airflow/example_dags/example_task_group_decorator.py for tasks to queue
[2023-03-07T00:28:47.007+0000] {logging_mixin.py:137} INFO - [2023-03-07T00:28:47.006+0000] {dagbag.py:538} INFO - Filling up the DagBag from /home/airflow/.local/lib/python3.7/site-packages/airflow/example_dags/example_task_group_decorator.py
[2023-03-07T00:28:47.191+0000] {processor.py:753} INFO - DAG(s) dict_keys(['example_task_group_decorator']) retrieved from /home/airflow/.local/lib/python3.7/site-packages/airflow/example_dags/example_task_group_decorator.py
[2023-03-07T00:28:47.411+0000] {logging_mixin.py:137} INFO - [2023-03-07T00:28:47.411+0000] {dag.py:2690} INFO - Sync 1 DAGs
[2023-03-07T00:28:47.609+0000] {logging_mixin.py:137} INFO - [2023-03-07T00:28:47.609+0000] {dag.py:3441} INFO - Setting next_dagrun for example_task_group_decorator to 2023-03-06T00:28:47.608062+00:00, run_after=2023-03-07T00:28:47.608062+00:00
[2023-03-07T00:28:47.733+0000] {processor.py:175} INFO - Processing /home/airflow/.local/lib/python3.7/site-packages/airflow/example_dags/example_task_group_decorator.py took 0.768 seconds
[2023-03-07T00:29:18.209+0000] {processor.py:153} INFO - Started process (PID=5294) to work on /home/airflow/.local/lib/python3.7/site-packages/airflow/example_dags/example_task_group_decorator.py
[2023-03-07T00:29:18.215+0000] {processor.py:743} INFO - Processing file /home/airflow/.local/lib/python3.7/site-packages/airflow/example_dags/example_task_group_decorator.py for tasks to queue
[2023-03-07T00:29:18.219+0000] {logging_mixin.py:137} INFO - [2023-03-07T00:29:18.219+0000] {dagbag.py:538} INFO - Filling up the DagBag from /home/airflow/.local/lib/python3.7/site-packages/airflow/example_dags/example_task_group_decorator.py
[2023-03-07T00:29:18.295+0000] {processor.py:753} INFO - DAG(s) dict_keys(['example_task_group_decorator']) retrieved from /home/airflow/.local/lib/python3.7/site-packages/airflow/example_dags/example_task_group_decorator.py
[2023-03-07T00:29:18.379+0000] {logging_mixin.py:137} INFO - [2023-03-07T00:29:18.379+0000] {dag.py:2690} INFO - Sync 1 DAGs
[2023-03-07T00:29:18.441+0000] {logging_mixin.py:137} INFO - [2023-03-07T00:29:18.441+0000] {dag.py:3441} INFO - Setting next_dagrun for example_task_group_decorator to 2023-03-06T00:29:18.440494+00:00, run_after=2023-03-07T00:29:18.440494+00:00
[2023-03-07T00:29:18.487+0000] {processor.py:175} INFO - Processing /home/airflow/.local/lib/python3.7/site-packages/airflow/example_dags/example_task_group_decorator.py took 0.287 seconds
[2023-03-07T00:29:49.302+0000] {processor.py:153} INFO - Started process (PID=5374) to work on /home/airflow/.local/lib/python3.7/site-packages/airflow/example_dags/example_task_group_decorator.py
[2023-03-07T00:29:49.305+0000] {processor.py:743} INFO - Processing file /home/airflow/.local/lib/python3.7/site-packages/airflow/example_dags/example_task_group_decorator.py for tasks to queue
[2023-03-07T00:29:49.309+0000] {logging_mixin.py:137} INFO - [2023-03-07T00:29:49.308+0000] {dagbag.py:538} INFO - Filling up the DagBag from /home/airflow/.local/lib/python3.7/site-packages/airflow/example_dags/example_task_group_decorator.py
[2023-03-07T00:29:49.376+0000] {processor.py:753} INFO - DAG(s) dict_keys(['example_task_group_decorator']) retrieved from /home/airflow/.local/lib/python3.7/site-packages/airflow/example_dags/example_task_group_decorator.py
[2023-03-07T00:29:49.458+0000] {logging_mixin.py:137} INFO - [2023-03-07T00:29:49.457+0000] {dag.py:2690} INFO - Sync 1 DAGs
[2023-03-07T00:29:49.531+0000] {logging_mixin.py:137} INFO - [2023-03-07T00:29:49.530+0000] {dag.py:3441} INFO - Setting next_dagrun for example_task_group_decorator to 2023-03-06T00:29:49.529926+00:00, run_after=2023-03-07T00:29:49.529926+00:00
[2023-03-07T00:29:49.597+0000] {processor.py:175} INFO - Processing /home/airflow/.local/lib/python3.7/site-packages/airflow/example_dags/example_task_group_decorator.py took 0.306 seconds
[2023-03-07T00:30:20.997+0000] {processor.py:153} INFO - Started process (PID=5448) to work on /home/airflow/.local/lib/python3.7/site-packages/airflow/example_dags/example_task_group_decorator.py
[2023-03-07T00:30:21.001+0000] {processor.py:743} INFO - Processing file /home/airflow/.local/lib/python3.7/site-packages/airflow/example_dags/example_task_group_decorator.py for tasks to queue
[2023-03-07T00:30:21.006+0000] {logging_mixin.py:137} INFO - [2023-03-07T00:30:21.006+0000] {dagbag.py:538} INFO - Filling up the DagBag from /home/airflow/.local/lib/python3.7/site-packages/airflow/example_dags/example_task_group_decorator.py
[2023-03-07T00:30:21.094+0000] {processor.py:753} INFO - DAG(s) dict_keys(['example_task_group_decorator']) retrieved from /home/airflow/.local/lib/python3.7/site-packages/airflow/example_dags/example_task_group_decorator.py
[2023-03-07T00:30:21.181+0000] {logging_mixin.py:137} INFO - [2023-03-07T00:30:21.181+0000] {dag.py:2690} INFO - Sync 1 DAGs
[2023-03-07T00:30:21.249+0000] {logging_mixin.py:137} INFO - [2023-03-07T00:30:21.248+0000] {dag.py:3441} INFO - Setting next_dagrun for example_task_group_decorator to 2023-03-06T00:30:21.248154+00:00, run_after=2023-03-07T00:30:21.248154+00:00
[2023-03-07T00:30:21.302+0000] {processor.py:175} INFO - Processing /home/airflow/.local/lib/python3.7/site-packages/airflow/example_dags/example_task_group_decorator.py took 0.320 seconds
