[2023-03-07T00:00:20.285+0000] {processor.py:153} INFO - Started process (PID=1767) to work on /home/airflow/.local/lib/python3.7/site-packages/airflow/example_dags/example_sensor_decorator.py
[2023-03-07T00:00:20.289+0000] {processor.py:743} INFO - Processing file /home/airflow/.local/lib/python3.7/site-packages/airflow/example_dags/example_sensor_decorator.py for tasks to queue
[2023-03-07T00:00:20.294+0000] {logging_mixin.py:137} INFO - [2023-03-07T00:00:20.293+0000] {dagbag.py:538} INFO - Filling up the DagBag from /home/airflow/.local/lib/python3.7/site-packages/airflow/example_dags/example_sensor_decorator.py
[2023-03-07T00:00:20.349+0000] {processor.py:753} INFO - DAG(s) dict_keys(['example_sensor_decorator']) retrieved from /home/airflow/.local/lib/python3.7/site-packages/airflow/example_dags/example_sensor_decorator.py
[2023-03-07T00:00:20.449+0000] {logging_mixin.py:137} INFO - [2023-03-07T00:00:20.449+0000] {dag.py:2690} INFO - Sync 1 DAGs
[2023-03-07T00:00:20.514+0000] {logging_mixin.py:137} INFO - [2023-03-07T00:00:20.514+0000] {dag.py:3441} INFO - Setting next_dagrun for example_sensor_decorator to None, run_after=None
[2023-03-07T00:00:20.574+0000] {processor.py:175} INFO - Processing /home/airflow/.local/lib/python3.7/site-packages/airflow/example_dags/example_sensor_decorator.py took 0.303 seconds
[2023-03-07T00:00:50.883+0000] {processor.py:153} INFO - Started process (PID=1837) to work on /home/airflow/.local/lib/python3.7/site-packages/airflow/example_dags/example_sensor_decorator.py
[2023-03-07T00:00:50.886+0000] {processor.py:743} INFO - Processing file /home/airflow/.local/lib/python3.7/site-packages/airflow/example_dags/example_sensor_decorator.py for tasks to queue
[2023-03-07T00:00:50.890+0000] {logging_mixin.py:137} INFO - [2023-03-07T00:00:50.889+0000] {dagbag.py:538} INFO - Filling up the DagBag from /home/airflow/.local/lib/python3.7/site-packages/airflow/example_dags/example_sensor_decorator.py
[2023-03-07T00:00:50.935+0000] {processor.py:753} INFO - DAG(s) dict_keys(['example_sensor_decorator']) retrieved from /home/airflow/.local/lib/python3.7/site-packages/airflow/example_dags/example_sensor_decorator.py
[2023-03-07T00:00:50.987+0000] {logging_mixin.py:137} INFO - [2023-03-07T00:00:50.987+0000] {dag.py:2690} INFO - Sync 1 DAGs
[2023-03-07T00:00:51.042+0000] {logging_mixin.py:137} INFO - [2023-03-07T00:00:51.041+0000] {dag.py:3441} INFO - Setting next_dagrun for example_sensor_decorator to None, run_after=None
[2023-03-07T00:00:51.086+0000] {processor.py:175} INFO - Processing /home/airflow/.local/lib/python3.7/site-packages/airflow/example_dags/example_sensor_decorator.py took 0.210 seconds
[2023-03-07T00:01:21.522+0000] {processor.py:153} INFO - Started process (PID=1907) to work on /home/airflow/.local/lib/python3.7/site-packages/airflow/example_dags/example_sensor_decorator.py
[2023-03-07T00:01:21.527+0000] {processor.py:743} INFO - Processing file /home/airflow/.local/lib/python3.7/site-packages/airflow/example_dags/example_sensor_decorator.py for tasks to queue
[2023-03-07T00:01:21.532+0000] {logging_mixin.py:137} INFO - [2023-03-07T00:01:21.532+0000] {dagbag.py:538} INFO - Filling up the DagBag from /home/airflow/.local/lib/python3.7/site-packages/airflow/example_dags/example_sensor_decorator.py
[2023-03-07T00:01:21.647+0000] {processor.py:753} INFO - DAG(s) dict_keys(['example_sensor_decorator']) retrieved from /home/airflow/.local/lib/python3.7/site-packages/airflow/example_dags/example_sensor_decorator.py
[2023-03-07T00:01:21.735+0000] {logging_mixin.py:137} INFO - [2023-03-07T00:01:21.735+0000] {dag.py:2690} INFO - Sync 1 DAGs
[2023-03-07T00:01:21.841+0000] {logging_mixin.py:137} INFO - [2023-03-07T00:01:21.841+0000] {dag.py:3441} INFO - Setting next_dagrun for example_sensor_decorator to None, run_after=None
[2023-03-07T00:01:21.886+0000] {processor.py:175} INFO - Processing /home/airflow/.local/lib/python3.7/site-packages/airflow/example_dags/example_sensor_decorator.py took 0.375 seconds
[2023-03-07T00:01:52.432+0000] {processor.py:153} INFO - Started process (PID=1986) to work on /home/airflow/.local/lib/python3.7/site-packages/airflow/example_dags/example_sensor_decorator.py
[2023-03-07T00:01:52.437+0000] {processor.py:743} INFO - Processing file /home/airflow/.local/lib/python3.7/site-packages/airflow/example_dags/example_sensor_decorator.py for tasks to queue
[2023-03-07T00:01:52.441+0000] {logging_mixin.py:137} INFO - [2023-03-07T00:01:52.441+0000] {dagbag.py:538} INFO - Filling up the DagBag from /home/airflow/.local/lib/python3.7/site-packages/airflow/example_dags/example_sensor_decorator.py
[2023-03-07T00:01:52.506+0000] {processor.py:753} INFO - DAG(s) dict_keys(['example_sensor_decorator']) retrieved from /home/airflow/.local/lib/python3.7/site-packages/airflow/example_dags/example_sensor_decorator.py
[2023-03-07T00:01:52.577+0000] {logging_mixin.py:137} INFO - [2023-03-07T00:01:52.576+0000] {dag.py:2690} INFO - Sync 1 DAGs
[2023-03-07T00:01:52.654+0000] {logging_mixin.py:137} INFO - [2023-03-07T00:01:52.653+0000] {dag.py:3441} INFO - Setting next_dagrun for example_sensor_decorator to None, run_after=None
[2023-03-07T00:01:52.720+0000] {processor.py:175} INFO - Processing /home/airflow/.local/lib/python3.7/site-packages/airflow/example_dags/example_sensor_decorator.py took 0.301 seconds
[2023-03-07T00:02:23.570+0000] {processor.py:153} INFO - Started process (PID=2061) to work on /home/airflow/.local/lib/python3.7/site-packages/airflow/example_dags/example_sensor_decorator.py
[2023-03-07T00:02:23.575+0000] {processor.py:743} INFO - Processing file /home/airflow/.local/lib/python3.7/site-packages/airflow/example_dags/example_sensor_decorator.py for tasks to queue
[2023-03-07T00:02:23.580+0000] {logging_mixin.py:137} INFO - [2023-03-07T00:02:23.579+0000] {dagbag.py:538} INFO - Filling up the DagBag from /home/airflow/.local/lib/python3.7/site-packages/airflow/example_dags/example_sensor_decorator.py
[2023-03-07T00:02:23.712+0000] {processor.py:753} INFO - DAG(s) dict_keys(['example_sensor_decorator']) retrieved from /home/airflow/.local/lib/python3.7/site-packages/airflow/example_dags/example_sensor_decorator.py
[2023-03-07T00:02:23.800+0000] {logging_mixin.py:137} INFO - [2023-03-07T00:02:23.799+0000] {dag.py:2690} INFO - Sync 1 DAGs
[2023-03-07T00:02:23.869+0000] {logging_mixin.py:137} INFO - [2023-03-07T00:02:23.869+0000] {dag.py:3441} INFO - Setting next_dagrun for example_sensor_decorator to None, run_after=None
[2023-03-07T00:02:23.915+0000] {processor.py:175} INFO - Processing /home/airflow/.local/lib/python3.7/site-packages/airflow/example_dags/example_sensor_decorator.py took 0.355 seconds
[2023-03-07T00:02:54.103+0000] {processor.py:153} INFO - Started process (PID=2126) to work on /home/airflow/.local/lib/python3.7/site-packages/airflow/example_dags/example_sensor_decorator.py
[2023-03-07T00:02:54.113+0000] {processor.py:743} INFO - Processing file /home/airflow/.local/lib/python3.7/site-packages/airflow/example_dags/example_sensor_decorator.py for tasks to queue
[2023-03-07T00:02:54.118+0000] {logging_mixin.py:137} INFO - [2023-03-07T00:02:54.118+0000] {dagbag.py:538} INFO - Filling up the DagBag from /home/airflow/.local/lib/python3.7/site-packages/airflow/example_dags/example_sensor_decorator.py
[2023-03-07T00:02:54.195+0000] {processor.py:753} INFO - DAG(s) dict_keys(['example_sensor_decorator']) retrieved from /home/airflow/.local/lib/python3.7/site-packages/airflow/example_dags/example_sensor_decorator.py
[2023-03-07T00:02:54.264+0000] {logging_mixin.py:137} INFO - [2023-03-07T00:02:54.263+0000] {dag.py:2690} INFO - Sync 1 DAGs
[2023-03-07T00:02:54.346+0000] {logging_mixin.py:137} INFO - [2023-03-07T00:02:54.346+0000] {dag.py:3441} INFO - Setting next_dagrun for example_sensor_decorator to None, run_after=None
[2023-03-07T00:02:54.408+0000] {processor.py:175} INFO - Processing /home/airflow/.local/lib/python3.7/site-packages/airflow/example_dags/example_sensor_decorator.py took 0.344 seconds
[2023-03-07T00:03:24.602+0000] {processor.py:153} INFO - Started process (PID=2196) to work on /home/airflow/.local/lib/python3.7/site-packages/airflow/example_dags/example_sensor_decorator.py
[2023-03-07T00:03:24.615+0000] {processor.py:743} INFO - Processing file /home/airflow/.local/lib/python3.7/site-packages/airflow/example_dags/example_sensor_decorator.py for tasks to queue
[2023-03-07T00:03:24.618+0000] {logging_mixin.py:137} INFO - [2023-03-07T00:03:24.617+0000] {dagbag.py:538} INFO - Filling up the DagBag from /home/airflow/.local/lib/python3.7/site-packages/airflow/example_dags/example_sensor_decorator.py
[2023-03-07T00:03:24.663+0000] {processor.py:753} INFO - DAG(s) dict_keys(['example_sensor_decorator']) retrieved from /home/airflow/.local/lib/python3.7/site-packages/airflow/example_dags/example_sensor_decorator.py
[2023-03-07T00:03:24.715+0000] {logging_mixin.py:137} INFO - [2023-03-07T00:03:24.715+0000] {dag.py:2690} INFO - Sync 1 DAGs
[2023-03-07T00:03:24.777+0000] {logging_mixin.py:137} INFO - [2023-03-07T00:03:24.777+0000] {dag.py:3441} INFO - Setting next_dagrun for example_sensor_decorator to None, run_after=None
[2023-03-07T00:03:24.816+0000] {processor.py:175} INFO - Processing /home/airflow/.local/lib/python3.7/site-packages/airflow/example_dags/example_sensor_decorator.py took 0.223 seconds
[2023-03-07T00:03:55.594+0000] {processor.py:153} INFO - Started process (PID=2269) to work on /home/airflow/.local/lib/python3.7/site-packages/airflow/example_dags/example_sensor_decorator.py
[2023-03-07T00:03:55.597+0000] {processor.py:743} INFO - Processing file /home/airflow/.local/lib/python3.7/site-packages/airflow/example_dags/example_sensor_decorator.py for tasks to queue
[2023-03-07T00:03:55.601+0000] {logging_mixin.py:137} INFO - [2023-03-07T00:03:55.600+0000] {dagbag.py:538} INFO - Filling up the DagBag from /home/airflow/.local/lib/python3.7/site-packages/airflow/example_dags/example_sensor_decorator.py
[2023-03-07T00:03:55.649+0000] {processor.py:753} INFO - DAG(s) dict_keys(['example_sensor_decorator']) retrieved from /home/airflow/.local/lib/python3.7/site-packages/airflow/example_dags/example_sensor_decorator.py
[2023-03-07T00:03:55.701+0000] {logging_mixin.py:137} INFO - [2023-03-07T00:03:55.701+0000] {dag.py:2690} INFO - Sync 1 DAGs
[2023-03-07T00:03:55.761+0000] {logging_mixin.py:137} INFO - [2023-03-07T00:03:55.760+0000] {dag.py:3441} INFO - Setting next_dagrun for example_sensor_decorator to None, run_after=None
[2023-03-07T00:03:55.798+0000] {processor.py:175} INFO - Processing /home/airflow/.local/lib/python3.7/site-packages/airflow/example_dags/example_sensor_decorator.py took 0.213 seconds
[2023-03-07T00:04:26.838+0000] {processor.py:153} INFO - Started process (PID=2341) to work on /home/airflow/.local/lib/python3.7/site-packages/airflow/example_dags/example_sensor_decorator.py
[2023-03-07T00:04:26.843+0000] {processor.py:743} INFO - Processing file /home/airflow/.local/lib/python3.7/site-packages/airflow/example_dags/example_sensor_decorator.py for tasks to queue
[2023-03-07T00:04:26.847+0000] {logging_mixin.py:137} INFO - [2023-03-07T00:04:26.847+0000] {dagbag.py:538} INFO - Filling up the DagBag from /home/airflow/.local/lib/python3.7/site-packages/airflow/example_dags/example_sensor_decorator.py
[2023-03-07T00:04:26.917+0000] {processor.py:753} INFO - DAG(s) dict_keys(['example_sensor_decorator']) retrieved from /home/airflow/.local/lib/python3.7/site-packages/airflow/example_dags/example_sensor_decorator.py
[2023-03-07T00:04:26.983+0000] {logging_mixin.py:137} INFO - [2023-03-07T00:04:26.982+0000] {dag.py:2690} INFO - Sync 1 DAGs
[2023-03-07T00:04:27.052+0000] {logging_mixin.py:137} INFO - [2023-03-07T00:04:27.051+0000] {dag.py:3441} INFO - Setting next_dagrun for example_sensor_decorator to None, run_after=None
[2023-03-07T00:04:27.102+0000] {processor.py:175} INFO - Processing /home/airflow/.local/lib/python3.7/site-packages/airflow/example_dags/example_sensor_decorator.py took 0.278 seconds
[2023-03-07T00:04:58.160+0000] {processor.py:153} INFO - Started process (PID=2412) to work on /home/airflow/.local/lib/python3.7/site-packages/airflow/example_dags/example_sensor_decorator.py
[2023-03-07T00:04:58.165+0000] {processor.py:743} INFO - Processing file /home/airflow/.local/lib/python3.7/site-packages/airflow/example_dags/example_sensor_decorator.py for tasks to queue
[2023-03-07T00:04:58.174+0000] {logging_mixin.py:137} INFO - [2023-03-07T00:04:58.173+0000] {dagbag.py:538} INFO - Filling up the DagBag from /home/airflow/.local/lib/python3.7/site-packages/airflow/example_dags/example_sensor_decorator.py
[2023-03-07T00:04:58.508+0000] {processor.py:753} INFO - DAG(s) dict_keys(['example_sensor_decorator']) retrieved from /home/airflow/.local/lib/python3.7/site-packages/airflow/example_dags/example_sensor_decorator.py
[2023-03-07T00:04:58.706+0000] {logging_mixin.py:137} INFO - [2023-03-07T00:04:58.705+0000] {dag.py:2690} INFO - Sync 1 DAGs
[2023-03-07T00:04:58.860+0000] {logging_mixin.py:137} INFO - [2023-03-07T00:04:58.860+0000] {dag.py:3441} INFO - Setting next_dagrun for example_sensor_decorator to None, run_after=None
[2023-03-07T00:04:58.936+0000] {processor.py:175} INFO - Processing /home/airflow/.local/lib/python3.7/site-packages/airflow/example_dags/example_sensor_decorator.py took 0.790 seconds
[2023-03-07T00:05:34.503+0000] {processor.py:153} INFO - Started process (PID=2481) to work on /home/airflow/.local/lib/python3.7/site-packages/airflow/example_dags/example_sensor_decorator.py
[2023-03-07T00:05:34.525+0000] {processor.py:743} INFO - Processing file /home/airflow/.local/lib/python3.7/site-packages/airflow/example_dags/example_sensor_decorator.py for tasks to queue
[2023-03-07T00:05:34.545+0000] {logging_mixin.py:137} INFO - [2023-03-07T00:05:34.545+0000] {dagbag.py:538} INFO - Filling up the DagBag from /home/airflow/.local/lib/python3.7/site-packages/airflow/example_dags/example_sensor_decorator.py
[2023-03-07T00:05:34.847+0000] {processor.py:753} INFO - DAG(s) dict_keys(['example_sensor_decorator']) retrieved from /home/airflow/.local/lib/python3.7/site-packages/airflow/example_dags/example_sensor_decorator.py
[2023-03-07T00:05:35.083+0000] {logging_mixin.py:137} INFO - [2023-03-07T00:05:35.082+0000] {dag.py:2690} INFO - Sync 1 DAGs
[2023-03-07T00:05:35.506+0000] {logging_mixin.py:137} INFO - [2023-03-07T00:05:35.505+0000] {dag.py:3441} INFO - Setting next_dagrun for example_sensor_decorator to None, run_after=None
[2023-03-07T00:05:35.696+0000] {processor.py:175} INFO - Processing /home/airflow/.local/lib/python3.7/site-packages/airflow/example_dags/example_sensor_decorator.py took 1.232 seconds
[2023-03-07T00:06:11.859+0000] {processor.py:153} INFO - Started process (PID=2552) to work on /home/airflow/.local/lib/python3.7/site-packages/airflow/example_dags/example_sensor_decorator.py
[2023-03-07T00:06:11.871+0000] {processor.py:743} INFO - Processing file /home/airflow/.local/lib/python3.7/site-packages/airflow/example_dags/example_sensor_decorator.py for tasks to queue
[2023-03-07T00:06:11.878+0000] {logging_mixin.py:137} INFO - [2023-03-07T00:06:11.878+0000] {dagbag.py:538} INFO - Filling up the DagBag from /home/airflow/.local/lib/python3.7/site-packages/airflow/example_dags/example_sensor_decorator.py
[2023-03-07T00:06:12.012+0000] {processor.py:753} INFO - DAG(s) dict_keys(['example_sensor_decorator']) retrieved from /home/airflow/.local/lib/python3.7/site-packages/airflow/example_dags/example_sensor_decorator.py
[2023-03-07T00:06:12.163+0000] {logging_mixin.py:137} INFO - [2023-03-07T00:06:12.163+0000] {dag.py:2690} INFO - Sync 1 DAGs
[2023-03-07T00:06:12.299+0000] {logging_mixin.py:137} INFO - [2023-03-07T00:06:12.298+0000] {dag.py:3441} INFO - Setting next_dagrun for example_sensor_decorator to None, run_after=None
[2023-03-07T00:06:12.408+0000] {processor.py:175} INFO - Processing /home/airflow/.local/lib/python3.7/site-packages/airflow/example_dags/example_sensor_decorator.py took 0.570 seconds
[2023-03-07T00:06:43.278+0000] {processor.py:153} INFO - Started process (PID=2622) to work on /home/airflow/.local/lib/python3.7/site-packages/airflow/example_dags/example_sensor_decorator.py
[2023-03-07T00:06:43.285+0000] {processor.py:743} INFO - Processing file /home/airflow/.local/lib/python3.7/site-packages/airflow/example_dags/example_sensor_decorator.py for tasks to queue
[2023-03-07T00:06:43.291+0000] {logging_mixin.py:137} INFO - [2023-03-07T00:06:43.290+0000] {dagbag.py:538} INFO - Filling up the DagBag from /home/airflow/.local/lib/python3.7/site-packages/airflow/example_dags/example_sensor_decorator.py
[2023-03-07T00:06:43.361+0000] {processor.py:753} INFO - DAG(s) dict_keys(['example_sensor_decorator']) retrieved from /home/airflow/.local/lib/python3.7/site-packages/airflow/example_dags/example_sensor_decorator.py
[2023-03-07T00:06:43.432+0000] {logging_mixin.py:137} INFO - [2023-03-07T00:06:43.432+0000] {dag.py:2690} INFO - Sync 1 DAGs
[2023-03-07T00:06:43.552+0000] {logging_mixin.py:137} INFO - [2023-03-07T00:06:43.551+0000] {dag.py:3441} INFO - Setting next_dagrun for example_sensor_decorator to None, run_after=None
[2023-03-07T00:06:43.614+0000] {processor.py:175} INFO - Processing /home/airflow/.local/lib/python3.7/site-packages/airflow/example_dags/example_sensor_decorator.py took 0.343 seconds
[2023-03-07T00:07:14.324+0000] {processor.py:153} INFO - Started process (PID=2694) to work on /home/airflow/.local/lib/python3.7/site-packages/airflow/example_dags/example_sensor_decorator.py
[2023-03-07T00:07:14.328+0000] {processor.py:743} INFO - Processing file /home/airflow/.local/lib/python3.7/site-packages/airflow/example_dags/example_sensor_decorator.py for tasks to queue
[2023-03-07T00:07:14.332+0000] {logging_mixin.py:137} INFO - [2023-03-07T00:07:14.332+0000] {dagbag.py:538} INFO - Filling up the DagBag from /home/airflow/.local/lib/python3.7/site-packages/airflow/example_dags/example_sensor_decorator.py
[2023-03-07T00:07:14.397+0000] {processor.py:753} INFO - DAG(s) dict_keys(['example_sensor_decorator']) retrieved from /home/airflow/.local/lib/python3.7/site-packages/airflow/example_dags/example_sensor_decorator.py
[2023-03-07T00:07:14.478+0000] {logging_mixin.py:137} INFO - [2023-03-07T00:07:14.478+0000] {dag.py:2690} INFO - Sync 1 DAGs
[2023-03-07T00:07:14.621+0000] {logging_mixin.py:137} INFO - [2023-03-07T00:07:14.620+0000] {dag.py:3441} INFO - Setting next_dagrun for example_sensor_decorator to None, run_after=None
[2023-03-07T00:07:14.823+0000] {processor.py:175} INFO - Processing /home/airflow/.local/lib/python3.7/site-packages/airflow/example_dags/example_sensor_decorator.py took 0.508 seconds
[2023-03-07T00:07:44.946+0000] {processor.py:153} INFO - Started process (PID=2767) to work on /home/airflow/.local/lib/python3.7/site-packages/airflow/example_dags/example_sensor_decorator.py
[2023-03-07T00:07:44.950+0000] {processor.py:743} INFO - Processing file /home/airflow/.local/lib/python3.7/site-packages/airflow/example_dags/example_sensor_decorator.py for tasks to queue
[2023-03-07T00:07:44.959+0000] {logging_mixin.py:137} INFO - [2023-03-07T00:07:44.958+0000] {dagbag.py:538} INFO - Filling up the DagBag from /home/airflow/.local/lib/python3.7/site-packages/airflow/example_dags/example_sensor_decorator.py
[2023-03-07T00:07:45.011+0000] {processor.py:753} INFO - DAG(s) dict_keys(['example_sensor_decorator']) retrieved from /home/airflow/.local/lib/python3.7/site-packages/airflow/example_dags/example_sensor_decorator.py
[2023-03-07T00:07:45.099+0000] {logging_mixin.py:137} INFO - [2023-03-07T00:07:45.098+0000] {dag.py:2690} INFO - Sync 1 DAGs
[2023-03-07T00:07:45.157+0000] {logging_mixin.py:137} INFO - [2023-03-07T00:07:45.157+0000] {dag.py:3441} INFO - Setting next_dagrun for example_sensor_decorator to None, run_after=None
[2023-03-07T00:07:45.209+0000] {processor.py:175} INFO - Processing /home/airflow/.local/lib/python3.7/site-packages/airflow/example_dags/example_sensor_decorator.py took 0.270 seconds
[2023-03-07T00:08:15.633+0000] {processor.py:153} INFO - Started process (PID=2838) to work on /home/airflow/.local/lib/python3.7/site-packages/airflow/example_dags/example_sensor_decorator.py
[2023-03-07T00:08:15.650+0000] {processor.py:743} INFO - Processing file /home/airflow/.local/lib/python3.7/site-packages/airflow/example_dags/example_sensor_decorator.py for tasks to queue
[2023-03-07T00:08:15.672+0000] {logging_mixin.py:137} INFO - [2023-03-07T00:08:15.671+0000] {dagbag.py:538} INFO - Filling up the DagBag from /home/airflow/.local/lib/python3.7/site-packages/airflow/example_dags/example_sensor_decorator.py
[2023-03-07T00:08:15.755+0000] {processor.py:753} INFO - DAG(s) dict_keys(['example_sensor_decorator']) retrieved from /home/airflow/.local/lib/python3.7/site-packages/airflow/example_dags/example_sensor_decorator.py
[2023-03-07T00:08:15.824+0000] {logging_mixin.py:137} INFO - [2023-03-07T00:08:15.823+0000] {dag.py:2690} INFO - Sync 1 DAGs
[2023-03-07T00:08:15.886+0000] {logging_mixin.py:137} INFO - [2023-03-07T00:08:15.885+0000] {dag.py:3441} INFO - Setting next_dagrun for example_sensor_decorator to None, run_after=None
[2023-03-07T00:08:15.942+0000] {processor.py:175} INFO - Processing /home/airflow/.local/lib/python3.7/site-packages/airflow/example_dags/example_sensor_decorator.py took 0.320 seconds
[2023-03-07T00:08:46.320+0000] {processor.py:153} INFO - Started process (PID=2908) to work on /home/airflow/.local/lib/python3.7/site-packages/airflow/example_dags/example_sensor_decorator.py
[2023-03-07T00:08:46.324+0000] {processor.py:743} INFO - Processing file /home/airflow/.local/lib/python3.7/site-packages/airflow/example_dags/example_sensor_decorator.py for tasks to queue
[2023-03-07T00:08:46.327+0000] {logging_mixin.py:137} INFO - [2023-03-07T00:08:46.327+0000] {dagbag.py:538} INFO - Filling up the DagBag from /home/airflow/.local/lib/python3.7/site-packages/airflow/example_dags/example_sensor_decorator.py
[2023-03-07T00:08:46.378+0000] {processor.py:753} INFO - DAG(s) dict_keys(['example_sensor_decorator']) retrieved from /home/airflow/.local/lib/python3.7/site-packages/airflow/example_dags/example_sensor_decorator.py
[2023-03-07T00:08:46.451+0000] {logging_mixin.py:137} INFO - [2023-03-07T00:08:46.451+0000] {dag.py:2690} INFO - Sync 1 DAGs
[2023-03-07T00:08:46.511+0000] {logging_mixin.py:137} INFO - [2023-03-07T00:08:46.510+0000] {dag.py:3441} INFO - Setting next_dagrun for example_sensor_decorator to None, run_after=None
[2023-03-07T00:08:46.556+0000] {processor.py:175} INFO - Processing /home/airflow/.local/lib/python3.7/site-packages/airflow/example_dags/example_sensor_decorator.py took 0.246 seconds
[2023-03-07T00:09:16.869+0000] {processor.py:153} INFO - Started process (PID=2979) to work on /home/airflow/.local/lib/python3.7/site-packages/airflow/example_dags/example_sensor_decorator.py
[2023-03-07T00:09:16.875+0000] {processor.py:743} INFO - Processing file /home/airflow/.local/lib/python3.7/site-packages/airflow/example_dags/example_sensor_decorator.py for tasks to queue
[2023-03-07T00:09:16.885+0000] {logging_mixin.py:137} INFO - [2023-03-07T00:09:16.884+0000] {dagbag.py:538} INFO - Filling up the DagBag from /home/airflow/.local/lib/python3.7/site-packages/airflow/example_dags/example_sensor_decorator.py
[2023-03-07T00:09:16.987+0000] {processor.py:753} INFO - DAG(s) dict_keys(['example_sensor_decorator']) retrieved from /home/airflow/.local/lib/python3.7/site-packages/airflow/example_dags/example_sensor_decorator.py
[2023-03-07T00:09:17.137+0000] {logging_mixin.py:137} INFO - [2023-03-07T00:09:17.137+0000] {dag.py:2690} INFO - Sync 1 DAGs
[2023-03-07T00:09:17.229+0000] {logging_mixin.py:137} INFO - [2023-03-07T00:09:17.228+0000] {dag.py:3441} INFO - Setting next_dagrun for example_sensor_decorator to None, run_after=None
[2023-03-07T00:09:17.292+0000] {processor.py:175} INFO - Processing /home/airflow/.local/lib/python3.7/site-packages/airflow/example_dags/example_sensor_decorator.py took 0.436 seconds
[2023-03-07T00:09:47.444+0000] {processor.py:153} INFO - Started process (PID=3046) to work on /home/airflow/.local/lib/python3.7/site-packages/airflow/example_dags/example_sensor_decorator.py
[2023-03-07T00:09:47.447+0000] {processor.py:743} INFO - Processing file /home/airflow/.local/lib/python3.7/site-packages/airflow/example_dags/example_sensor_decorator.py for tasks to queue
[2023-03-07T00:09:47.450+0000] {logging_mixin.py:137} INFO - [2023-03-07T00:09:47.450+0000] {dagbag.py:538} INFO - Filling up the DagBag from /home/airflow/.local/lib/python3.7/site-packages/airflow/example_dags/example_sensor_decorator.py
[2023-03-07T00:09:47.498+0000] {processor.py:753} INFO - DAG(s) dict_keys(['example_sensor_decorator']) retrieved from /home/airflow/.local/lib/python3.7/site-packages/airflow/example_dags/example_sensor_decorator.py
[2023-03-07T00:09:47.551+0000] {logging_mixin.py:137} INFO - [2023-03-07T00:09:47.551+0000] {dag.py:2690} INFO - Sync 1 DAGs
[2023-03-07T00:09:47.622+0000] {logging_mixin.py:137} INFO - [2023-03-07T00:09:47.621+0000] {dag.py:3441} INFO - Setting next_dagrun for example_sensor_decorator to None, run_after=None
[2023-03-07T00:09:47.721+0000] {processor.py:175} INFO - Processing /home/airflow/.local/lib/python3.7/site-packages/airflow/example_dags/example_sensor_decorator.py took 0.287 seconds
[2023-03-07T00:10:18.229+0000] {processor.py:153} INFO - Started process (PID=3117) to work on /home/airflow/.local/lib/python3.7/site-packages/airflow/example_dags/example_sensor_decorator.py
[2023-03-07T00:10:18.233+0000] {processor.py:743} INFO - Processing file /home/airflow/.local/lib/python3.7/site-packages/airflow/example_dags/example_sensor_decorator.py for tasks to queue
[2023-03-07T00:10:18.236+0000] {logging_mixin.py:137} INFO - [2023-03-07T00:10:18.236+0000] {dagbag.py:538} INFO - Filling up the DagBag from /home/airflow/.local/lib/python3.7/site-packages/airflow/example_dags/example_sensor_decorator.py
[2023-03-07T00:10:18.302+0000] {processor.py:753} INFO - DAG(s) dict_keys(['example_sensor_decorator']) retrieved from /home/airflow/.local/lib/python3.7/site-packages/airflow/example_dags/example_sensor_decorator.py
[2023-03-07T00:10:18.384+0000] {logging_mixin.py:137} INFO - [2023-03-07T00:10:18.383+0000] {dag.py:2690} INFO - Sync 1 DAGs
[2023-03-07T00:10:18.447+0000] {logging_mixin.py:137} INFO - [2023-03-07T00:10:18.446+0000] {dag.py:3441} INFO - Setting next_dagrun for example_sensor_decorator to None, run_after=None
[2023-03-07T00:10:18.498+0000] {processor.py:175} INFO - Processing /home/airflow/.local/lib/python3.7/site-packages/airflow/example_dags/example_sensor_decorator.py took 0.286 seconds
[2023-03-07T00:10:49.209+0000] {processor.py:153} INFO - Started process (PID=3188) to work on /home/airflow/.local/lib/python3.7/site-packages/airflow/example_dags/example_sensor_decorator.py
[2023-03-07T00:10:49.215+0000] {processor.py:743} INFO - Processing file /home/airflow/.local/lib/python3.7/site-packages/airflow/example_dags/example_sensor_decorator.py for tasks to queue
[2023-03-07T00:10:49.220+0000] {logging_mixin.py:137} INFO - [2023-03-07T00:10:49.219+0000] {dagbag.py:538} INFO - Filling up the DagBag from /home/airflow/.local/lib/python3.7/site-packages/airflow/example_dags/example_sensor_decorator.py
[2023-03-07T00:10:49.326+0000] {processor.py:753} INFO - DAG(s) dict_keys(['example_sensor_decorator']) retrieved from /home/airflow/.local/lib/python3.7/site-packages/airflow/example_dags/example_sensor_decorator.py
[2023-03-07T00:10:49.514+0000] {logging_mixin.py:137} INFO - [2023-03-07T00:10:49.514+0000] {dag.py:2690} INFO - Sync 1 DAGs
[2023-03-07T00:10:49.638+0000] {logging_mixin.py:137} INFO - [2023-03-07T00:10:49.638+0000] {dag.py:3441} INFO - Setting next_dagrun for example_sensor_decorator to None, run_after=None
[2023-03-07T00:10:49.704+0000] {processor.py:175} INFO - Processing /home/airflow/.local/lib/python3.7/site-packages/airflow/example_dags/example_sensor_decorator.py took 0.504 seconds
[2023-03-07T00:11:20.010+0000] {processor.py:153} INFO - Started process (PID=3259) to work on /home/airflow/.local/lib/python3.7/site-packages/airflow/example_dags/example_sensor_decorator.py
[2023-03-07T00:11:20.015+0000] {processor.py:743} INFO - Processing file /home/airflow/.local/lib/python3.7/site-packages/airflow/example_dags/example_sensor_decorator.py for tasks to queue
[2023-03-07T00:11:20.025+0000] {logging_mixin.py:137} INFO - [2023-03-07T00:11:20.024+0000] {dagbag.py:538} INFO - Filling up the DagBag from /home/airflow/.local/lib/python3.7/site-packages/airflow/example_dags/example_sensor_decorator.py
[2023-03-07T00:11:20.132+0000] {processor.py:753} INFO - DAG(s) dict_keys(['example_sensor_decorator']) retrieved from /home/airflow/.local/lib/python3.7/site-packages/airflow/example_dags/example_sensor_decorator.py
[2023-03-07T00:11:20.254+0000] {logging_mixin.py:137} INFO - [2023-03-07T00:11:20.253+0000] {dag.py:2690} INFO - Sync 1 DAGs
[2023-03-07T00:11:20.361+0000] {logging_mixin.py:137} INFO - [2023-03-07T00:11:20.361+0000] {dag.py:3441} INFO - Setting next_dagrun for example_sensor_decorator to None, run_after=None
[2023-03-07T00:11:20.447+0000] {processor.py:175} INFO - Processing /home/airflow/.local/lib/python3.7/site-packages/airflow/example_dags/example_sensor_decorator.py took 0.450 seconds
[2023-03-07T00:11:51.231+0000] {processor.py:153} INFO - Started process (PID=3330) to work on /home/airflow/.local/lib/python3.7/site-packages/airflow/example_dags/example_sensor_decorator.py
[2023-03-07T00:11:51.236+0000] {processor.py:743} INFO - Processing file /home/airflow/.local/lib/python3.7/site-packages/airflow/example_dags/example_sensor_decorator.py for tasks to queue
[2023-03-07T00:11:51.240+0000] {logging_mixin.py:137} INFO - [2023-03-07T00:11:51.240+0000] {dagbag.py:538} INFO - Filling up the DagBag from /home/airflow/.local/lib/python3.7/site-packages/airflow/example_dags/example_sensor_decorator.py
[2023-03-07T00:11:51.301+0000] {processor.py:753} INFO - DAG(s) dict_keys(['example_sensor_decorator']) retrieved from /home/airflow/.local/lib/python3.7/site-packages/airflow/example_dags/example_sensor_decorator.py
[2023-03-07T00:11:51.386+0000] {logging_mixin.py:137} INFO - [2023-03-07T00:11:51.386+0000] {dag.py:2690} INFO - Sync 1 DAGs
[2023-03-07T00:11:51.478+0000] {logging_mixin.py:137} INFO - [2023-03-07T00:11:51.477+0000] {dag.py:3441} INFO - Setting next_dagrun for example_sensor_decorator to None, run_after=None
[2023-03-07T00:11:51.531+0000] {processor.py:175} INFO - Processing /home/airflow/.local/lib/python3.7/site-packages/airflow/example_dags/example_sensor_decorator.py took 0.313 seconds
[2023-03-07T00:12:21.704+0000] {processor.py:153} INFO - Started process (PID=3398) to work on /home/airflow/.local/lib/python3.7/site-packages/airflow/example_dags/example_sensor_decorator.py
[2023-03-07T00:12:21.707+0000] {processor.py:743} INFO - Processing file /home/airflow/.local/lib/python3.7/site-packages/airflow/example_dags/example_sensor_decorator.py for tasks to queue
[2023-03-07T00:12:21.710+0000] {logging_mixin.py:137} INFO - [2023-03-07T00:12:21.710+0000] {dagbag.py:538} INFO - Filling up the DagBag from /home/airflow/.local/lib/python3.7/site-packages/airflow/example_dags/example_sensor_decorator.py
[2023-03-07T00:12:21.759+0000] {processor.py:753} INFO - DAG(s) dict_keys(['example_sensor_decorator']) retrieved from /home/airflow/.local/lib/python3.7/site-packages/airflow/example_dags/example_sensor_decorator.py
[2023-03-07T00:12:21.812+0000] {logging_mixin.py:137} INFO - [2023-03-07T00:12:21.811+0000] {dag.py:2690} INFO - Sync 1 DAGs
[2023-03-07T00:12:21.864+0000] {logging_mixin.py:137} INFO - [2023-03-07T00:12:21.864+0000] {dag.py:3441} INFO - Setting next_dagrun for example_sensor_decorator to None, run_after=None
[2023-03-07T00:12:21.907+0000] {processor.py:175} INFO - Processing /home/airflow/.local/lib/python3.7/site-packages/airflow/example_dags/example_sensor_decorator.py took 0.211 seconds
[2023-03-07T00:12:52.688+0000] {processor.py:153} INFO - Started process (PID=3472) to work on /home/airflow/.local/lib/python3.7/site-packages/airflow/example_dags/example_sensor_decorator.py
[2023-03-07T00:12:52.691+0000] {processor.py:743} INFO - Processing file /home/airflow/.local/lib/python3.7/site-packages/airflow/example_dags/example_sensor_decorator.py for tasks to queue
[2023-03-07T00:12:52.693+0000] {logging_mixin.py:137} INFO - [2023-03-07T00:12:52.693+0000] {dagbag.py:538} INFO - Filling up the DagBag from /home/airflow/.local/lib/python3.7/site-packages/airflow/example_dags/example_sensor_decorator.py
[2023-03-07T00:12:52.739+0000] {processor.py:753} INFO - DAG(s) dict_keys(['example_sensor_decorator']) retrieved from /home/airflow/.local/lib/python3.7/site-packages/airflow/example_dags/example_sensor_decorator.py
[2023-03-07T00:12:52.787+0000] {logging_mixin.py:137} INFO - [2023-03-07T00:12:52.787+0000] {dag.py:2690} INFO - Sync 1 DAGs
[2023-03-07T00:12:52.841+0000] {logging_mixin.py:137} INFO - [2023-03-07T00:12:52.840+0000] {dag.py:3441} INFO - Setting next_dagrun for example_sensor_decorator to None, run_after=None
[2023-03-07T00:12:52.887+0000] {processor.py:175} INFO - Processing /home/airflow/.local/lib/python3.7/site-packages/airflow/example_dags/example_sensor_decorator.py took 0.208 seconds
[2023-03-07T00:13:38.910+0000] {processor.py:153} INFO - Started process (PID=3545) to work on /home/airflow/.local/lib/python3.7/site-packages/airflow/example_dags/example_sensor_decorator.py
[2023-03-07T00:13:38.917+0000] {processor.py:743} INFO - Processing file /home/airflow/.local/lib/python3.7/site-packages/airflow/example_dags/example_sensor_decorator.py for tasks to queue
[2023-03-07T00:13:38.927+0000] {logging_mixin.py:137} INFO - [2023-03-07T00:13:38.926+0000] {dagbag.py:538} INFO - Filling up the DagBag from /home/airflow/.local/lib/python3.7/site-packages/airflow/example_dags/example_sensor_decorator.py
[2023-03-07T00:13:39.366+0000] {processor.py:753} INFO - DAG(s) dict_keys(['example_sensor_decorator']) retrieved from /home/airflow/.local/lib/python3.7/site-packages/airflow/example_dags/example_sensor_decorator.py
[2023-03-07T00:13:39.706+0000] {logging_mixin.py:137} INFO - [2023-03-07T00:13:39.706+0000] {dag.py:2690} INFO - Sync 1 DAGs
[2023-03-07T00:13:39.920+0000] {logging_mixin.py:137} INFO - [2023-03-07T00:13:39.918+0000] {dag.py:3441} INFO - Setting next_dagrun for example_sensor_decorator to None, run_after=None
[2023-03-07T00:13:40.043+0000] {processor.py:175} INFO - Processing /home/airflow/.local/lib/python3.7/site-packages/airflow/example_dags/example_sensor_decorator.py took 1.190 seconds
[2023-03-07T00:14:10.829+0000] {processor.py:153} INFO - Started process (PID=3614) to work on /home/airflow/.local/lib/python3.7/site-packages/airflow/example_dags/example_sensor_decorator.py
[2023-03-07T00:14:10.842+0000] {processor.py:743} INFO - Processing file /home/airflow/.local/lib/python3.7/site-packages/airflow/example_dags/example_sensor_decorator.py for tasks to queue
[2023-03-07T00:14:10.847+0000] {logging_mixin.py:137} INFO - [2023-03-07T00:14:10.846+0000] {dagbag.py:538} INFO - Filling up the DagBag from /home/airflow/.local/lib/python3.7/site-packages/airflow/example_dags/example_sensor_decorator.py
[2023-03-07T00:14:10.921+0000] {processor.py:753} INFO - DAG(s) dict_keys(['example_sensor_decorator']) retrieved from /home/airflow/.local/lib/python3.7/site-packages/airflow/example_dags/example_sensor_decorator.py
[2023-03-07T00:14:11.002+0000] {logging_mixin.py:137} INFO - [2023-03-07T00:14:11.002+0000] {dag.py:2690} INFO - Sync 1 DAGs
[2023-03-07T00:14:11.120+0000] {logging_mixin.py:137} INFO - [2023-03-07T00:14:11.119+0000] {dag.py:3441} INFO - Setting next_dagrun for example_sensor_decorator to None, run_after=None
[2023-03-07T00:14:11.212+0000] {processor.py:175} INFO - Processing /home/airflow/.local/lib/python3.7/site-packages/airflow/example_dags/example_sensor_decorator.py took 0.414 seconds
[2023-03-07T00:14:41.480+0000] {processor.py:153} INFO - Started process (PID=3678) to work on /home/airflow/.local/lib/python3.7/site-packages/airflow/example_dags/example_sensor_decorator.py
[2023-03-07T00:14:41.484+0000] {processor.py:743} INFO - Processing file /home/airflow/.local/lib/python3.7/site-packages/airflow/example_dags/example_sensor_decorator.py for tasks to queue
[2023-03-07T00:14:41.487+0000] {logging_mixin.py:137} INFO - [2023-03-07T00:14:41.487+0000] {dagbag.py:538} INFO - Filling up the DagBag from /home/airflow/.local/lib/python3.7/site-packages/airflow/example_dags/example_sensor_decorator.py
[2023-03-07T00:14:41.542+0000] {processor.py:753} INFO - DAG(s) dict_keys(['example_sensor_decorator']) retrieved from /home/airflow/.local/lib/python3.7/site-packages/airflow/example_dags/example_sensor_decorator.py
[2023-03-07T00:14:41.594+0000] {logging_mixin.py:137} INFO - [2023-03-07T00:14:41.593+0000] {dag.py:2690} INFO - Sync 1 DAGs
[2023-03-07T00:14:41.651+0000] {logging_mixin.py:137} INFO - [2023-03-07T00:14:41.650+0000] {dag.py:3441} INFO - Setting next_dagrun for example_sensor_decorator to None, run_after=None
[2023-03-07T00:14:41.693+0000] {processor.py:175} INFO - Processing /home/airflow/.local/lib/python3.7/site-packages/airflow/example_dags/example_sensor_decorator.py took 0.220 seconds
[2023-03-07T00:16:26.973+0000] {processor.py:153} INFO - Started process (PID=3757) to work on /home/airflow/.local/lib/python3.7/site-packages/airflow/example_dags/example_sensor_decorator.py
[2023-03-07T00:16:26.979+0000] {processor.py:743} INFO - Processing file /home/airflow/.local/lib/python3.7/site-packages/airflow/example_dags/example_sensor_decorator.py for tasks to queue
[2023-03-07T00:16:26.986+0000] {logging_mixin.py:137} INFO - [2023-03-07T00:16:26.986+0000] {dagbag.py:538} INFO - Filling up the DagBag from /home/airflow/.local/lib/python3.7/site-packages/airflow/example_dags/example_sensor_decorator.py
[2023-03-07T00:16:27.108+0000] {processor.py:753} INFO - DAG(s) dict_keys(['example_sensor_decorator']) retrieved from /home/airflow/.local/lib/python3.7/site-packages/airflow/example_dags/example_sensor_decorator.py
[2023-03-07T00:16:27.279+0000] {logging_mixin.py:137} INFO - [2023-03-07T00:16:27.279+0000] {dag.py:2690} INFO - Sync 1 DAGs
[2023-03-07T00:16:27.414+0000] {logging_mixin.py:137} INFO - [2023-03-07T00:16:27.414+0000] {dag.py:3441} INFO - Setting next_dagrun for example_sensor_decorator to None, run_after=None
[2023-03-07T00:16:27.471+0000] {processor.py:175} INFO - Processing /home/airflow/.local/lib/python3.7/site-packages/airflow/example_dags/example_sensor_decorator.py took 0.510 seconds
[2023-03-07T00:17:02.193+0000] {processor.py:153} INFO - Started process (PID=3828) to work on /home/airflow/.local/lib/python3.7/site-packages/airflow/example_dags/example_sensor_decorator.py
[2023-03-07T00:17:02.198+0000] {processor.py:743} INFO - Processing file /home/airflow/.local/lib/python3.7/site-packages/airflow/example_dags/example_sensor_decorator.py for tasks to queue
[2023-03-07T00:17:02.203+0000] {logging_mixin.py:137} INFO - [2023-03-07T00:17:02.203+0000] {dagbag.py:538} INFO - Filling up the DagBag from /home/airflow/.local/lib/python3.7/site-packages/airflow/example_dags/example_sensor_decorator.py
[2023-03-07T00:17:02.282+0000] {processor.py:753} INFO - DAG(s) dict_keys(['example_sensor_decorator']) retrieved from /home/airflow/.local/lib/python3.7/site-packages/airflow/example_dags/example_sensor_decorator.py
[2023-03-07T00:17:02.364+0000] {logging_mixin.py:137} INFO - [2023-03-07T00:17:02.364+0000] {dag.py:2690} INFO - Sync 1 DAGs
[2023-03-07T00:17:02.448+0000] {logging_mixin.py:137} INFO - [2023-03-07T00:17:02.448+0000] {dag.py:3441} INFO - Setting next_dagrun for example_sensor_decorator to None, run_after=None
[2023-03-07T00:17:02.514+0000] {processor.py:175} INFO - Processing /home/airflow/.local/lib/python3.7/site-packages/airflow/example_dags/example_sensor_decorator.py took 0.332 seconds
[2023-03-07T00:17:33.214+0000] {processor.py:153} INFO - Started process (PID=3890) to work on /home/airflow/.local/lib/python3.7/site-packages/airflow/example_dags/example_sensor_decorator.py
[2023-03-07T00:17:33.220+0000] {processor.py:743} INFO - Processing file /home/airflow/.local/lib/python3.7/site-packages/airflow/example_dags/example_sensor_decorator.py for tasks to queue
[2023-03-07T00:17:33.225+0000] {logging_mixin.py:137} INFO - [2023-03-07T00:17:33.224+0000] {dagbag.py:538} INFO - Filling up the DagBag from /home/airflow/.local/lib/python3.7/site-packages/airflow/example_dags/example_sensor_decorator.py
[2023-03-07T00:17:33.276+0000] {processor.py:753} INFO - DAG(s) dict_keys(['example_sensor_decorator']) retrieved from /home/airflow/.local/lib/python3.7/site-packages/airflow/example_dags/example_sensor_decorator.py
[2023-03-07T00:17:33.350+0000] {logging_mixin.py:137} INFO - [2023-03-07T00:17:33.350+0000] {dag.py:2690} INFO - Sync 1 DAGs
[2023-03-07T00:17:33.420+0000] {logging_mixin.py:137} INFO - [2023-03-07T00:17:33.420+0000] {dag.py:3441} INFO - Setting next_dagrun for example_sensor_decorator to None, run_after=None
[2023-03-07T00:17:33.479+0000] {processor.py:175} INFO - Processing /home/airflow/.local/lib/python3.7/site-packages/airflow/example_dags/example_sensor_decorator.py took 0.277 seconds
[2023-03-07T00:18:04.191+0000] {processor.py:153} INFO - Started process (PID=3970) to work on /home/airflow/.local/lib/python3.7/site-packages/airflow/example_dags/example_sensor_decorator.py
[2023-03-07T00:18:04.204+0000] {processor.py:743} INFO - Processing file /home/airflow/.local/lib/python3.7/site-packages/airflow/example_dags/example_sensor_decorator.py for tasks to queue
[2023-03-07T00:18:04.209+0000] {logging_mixin.py:137} INFO - [2023-03-07T00:18:04.209+0000] {dagbag.py:538} INFO - Filling up the DagBag from /home/airflow/.local/lib/python3.7/site-packages/airflow/example_dags/example_sensor_decorator.py
[2023-03-07T00:18:04.297+0000] {processor.py:753} INFO - DAG(s) dict_keys(['example_sensor_decorator']) retrieved from /home/airflow/.local/lib/python3.7/site-packages/airflow/example_dags/example_sensor_decorator.py
[2023-03-07T00:18:04.400+0000] {logging_mixin.py:137} INFO - [2023-03-07T00:18:04.400+0000] {dag.py:2690} INFO - Sync 1 DAGs
[2023-03-07T00:18:04.480+0000] {logging_mixin.py:137} INFO - [2023-03-07T00:18:04.480+0000] {dag.py:3441} INFO - Setting next_dagrun for example_sensor_decorator to None, run_after=None
[2023-03-07T00:18:04.528+0000] {processor.py:175} INFO - Processing /home/airflow/.local/lib/python3.7/site-packages/airflow/example_dags/example_sensor_decorator.py took 0.348 seconds
[2023-03-07T00:18:35.475+0000] {processor.py:153} INFO - Started process (PID=4044) to work on /home/airflow/.local/lib/python3.7/site-packages/airflow/example_dags/example_sensor_decorator.py
[2023-03-07T00:18:35.481+0000] {processor.py:743} INFO - Processing file /home/airflow/.local/lib/python3.7/site-packages/airflow/example_dags/example_sensor_decorator.py for tasks to queue
[2023-03-07T00:18:35.489+0000] {logging_mixin.py:137} INFO - [2023-03-07T00:18:35.488+0000] {dagbag.py:538} INFO - Filling up the DagBag from /home/airflow/.local/lib/python3.7/site-packages/airflow/example_dags/example_sensor_decorator.py
[2023-03-07T00:18:35.588+0000] {processor.py:753} INFO - DAG(s) dict_keys(['example_sensor_decorator']) retrieved from /home/airflow/.local/lib/python3.7/site-packages/airflow/example_dags/example_sensor_decorator.py
[2023-03-07T00:18:35.663+0000] {logging_mixin.py:137} INFO - [2023-03-07T00:18:35.663+0000] {dag.py:2690} INFO - Sync 1 DAGs
[2023-03-07T00:18:35.721+0000] {logging_mixin.py:137} INFO - [2023-03-07T00:18:35.721+0000] {dag.py:3441} INFO - Setting next_dagrun for example_sensor_decorator to None, run_after=None
[2023-03-07T00:18:35.762+0000] {processor.py:175} INFO - Processing /home/airflow/.local/lib/python3.7/site-packages/airflow/example_dags/example_sensor_decorator.py took 0.302 seconds
[2023-03-07T00:19:18.832+0000] {processor.py:153} INFO - Started process (PID=4113) to work on /home/airflow/.local/lib/python3.7/site-packages/airflow/example_dags/example_sensor_decorator.py
[2023-03-07T00:19:18.847+0000] {processor.py:743} INFO - Processing file /home/airflow/.local/lib/python3.7/site-packages/airflow/example_dags/example_sensor_decorator.py for tasks to queue
[2023-03-07T00:19:18.853+0000] {logging_mixin.py:137} INFO - [2023-03-07T00:19:18.852+0000] {dagbag.py:538} INFO - Filling up the DagBag from /home/airflow/.local/lib/python3.7/site-packages/airflow/example_dags/example_sensor_decorator.py
[2023-03-07T00:19:19.064+0000] {processor.py:753} INFO - DAG(s) dict_keys(['example_sensor_decorator']) retrieved from /home/airflow/.local/lib/python3.7/site-packages/airflow/example_dags/example_sensor_decorator.py
[2023-03-07T00:19:19.327+0000] {logging_mixin.py:137} INFO - [2023-03-07T00:19:19.327+0000] {dag.py:2690} INFO - Sync 1 DAGs
[2023-03-07T00:19:19.490+0000] {logging_mixin.py:137} INFO - [2023-03-07T00:19:19.489+0000] {dag.py:3441} INFO - Setting next_dagrun for example_sensor_decorator to None, run_after=None
[2023-03-07T00:19:19.591+0000] {processor.py:175} INFO - Processing /home/airflow/.local/lib/python3.7/site-packages/airflow/example_dags/example_sensor_decorator.py took 0.786 seconds
[2023-03-07T00:19:50.516+0000] {processor.py:153} INFO - Started process (PID=4184) to work on /home/airflow/.local/lib/python3.7/site-packages/airflow/example_dags/example_sensor_decorator.py
[2023-03-07T00:19:50.523+0000] {processor.py:743} INFO - Processing file /home/airflow/.local/lib/python3.7/site-packages/airflow/example_dags/example_sensor_decorator.py for tasks to queue
[2023-03-07T00:19:50.534+0000] {logging_mixin.py:137} INFO - [2023-03-07T00:19:50.533+0000] {dagbag.py:538} INFO - Filling up the DagBag from /home/airflow/.local/lib/python3.7/site-packages/airflow/example_dags/example_sensor_decorator.py
[2023-03-07T00:19:50.690+0000] {processor.py:753} INFO - DAG(s) dict_keys(['example_sensor_decorator']) retrieved from /home/airflow/.local/lib/python3.7/site-packages/airflow/example_dags/example_sensor_decorator.py
[2023-03-07T00:19:50.856+0000] {logging_mixin.py:137} INFO - [2023-03-07T00:19:50.856+0000] {dag.py:2690} INFO - Sync 1 DAGs
[2023-03-07T00:19:51.276+0000] {logging_mixin.py:137} INFO - [2023-03-07T00:19:51.257+0000] {dag.py:3441} INFO - Setting next_dagrun for example_sensor_decorator to None, run_after=None
[2023-03-07T00:19:51.477+0000] {processor.py:175} INFO - Processing /home/airflow/.local/lib/python3.7/site-packages/airflow/example_dags/example_sensor_decorator.py took 0.978 seconds
[2023-03-07T00:20:21.868+0000] {processor.py:153} INFO - Started process (PID=4241) to work on /home/airflow/.local/lib/python3.7/site-packages/airflow/example_dags/example_sensor_decorator.py
[2023-03-07T00:20:21.876+0000] {processor.py:743} INFO - Processing file /home/airflow/.local/lib/python3.7/site-packages/airflow/example_dags/example_sensor_decorator.py for tasks to queue
[2023-03-07T00:20:21.888+0000] {logging_mixin.py:137} INFO - [2023-03-07T00:20:21.887+0000] {dagbag.py:538} INFO - Filling up the DagBag from /home/airflow/.local/lib/python3.7/site-packages/airflow/example_dags/example_sensor_decorator.py
[2023-03-07T00:20:21.948+0000] {processor.py:753} INFO - DAG(s) dict_keys(['example_sensor_decorator']) retrieved from /home/airflow/.local/lib/python3.7/site-packages/airflow/example_dags/example_sensor_decorator.py
[2023-03-07T00:20:22.047+0000] {logging_mixin.py:137} INFO - [2023-03-07T00:20:22.047+0000] {dag.py:2690} INFO - Sync 1 DAGs
[2023-03-07T00:20:22.138+0000] {logging_mixin.py:137} INFO - [2023-03-07T00:20:22.138+0000] {dag.py:3441} INFO - Setting next_dagrun for example_sensor_decorator to None, run_after=None
[2023-03-07T00:20:22.183+0000] {processor.py:175} INFO - Processing /home/airflow/.local/lib/python3.7/site-packages/airflow/example_dags/example_sensor_decorator.py took 0.328 seconds
[2023-03-07T00:21:11.391+0000] {processor.py:153} INFO - Started process (PID=4318) to work on /home/airflow/.local/lib/python3.7/site-packages/airflow/example_dags/example_sensor_decorator.py
[2023-03-07T00:21:11.396+0000] {processor.py:743} INFO - Processing file /home/airflow/.local/lib/python3.7/site-packages/airflow/example_dags/example_sensor_decorator.py for tasks to queue
[2023-03-07T00:21:11.401+0000] {logging_mixin.py:137} INFO - [2023-03-07T00:21:11.401+0000] {dagbag.py:538} INFO - Filling up the DagBag from /home/airflow/.local/lib/python3.7/site-packages/airflow/example_dags/example_sensor_decorator.py
[2023-03-07T00:21:11.493+0000] {processor.py:753} INFO - DAG(s) dict_keys(['example_sensor_decorator']) retrieved from /home/airflow/.local/lib/python3.7/site-packages/airflow/example_dags/example_sensor_decorator.py
[2023-03-07T00:21:11.585+0000] {logging_mixin.py:137} INFO - [2023-03-07T00:21:11.584+0000] {dag.py:2690} INFO - Sync 1 DAGs
[2023-03-07T00:21:11.675+0000] {logging_mixin.py:137} INFO - [2023-03-07T00:21:11.675+0000] {dag.py:3441} INFO - Setting next_dagrun for example_sensor_decorator to None, run_after=None
[2023-03-07T00:21:11.754+0000] {processor.py:175} INFO - Processing /home/airflow/.local/lib/python3.7/site-packages/airflow/example_dags/example_sensor_decorator.py took 0.379 seconds
[2023-03-07T00:21:45.760+0000] {processor.py:153} INFO - Started process (PID=4386) to work on /home/airflow/.local/lib/python3.7/site-packages/airflow/example_dags/example_sensor_decorator.py
[2023-03-07T00:21:45.767+0000] {processor.py:743} INFO - Processing file /home/airflow/.local/lib/python3.7/site-packages/airflow/example_dags/example_sensor_decorator.py for tasks to queue
[2023-03-07T00:21:45.775+0000] {logging_mixin.py:137} INFO - [2023-03-07T00:21:45.774+0000] {dagbag.py:538} INFO - Filling up the DagBag from /home/airflow/.local/lib/python3.7/site-packages/airflow/example_dags/example_sensor_decorator.py
[2023-03-07T00:21:45.877+0000] {processor.py:753} INFO - DAG(s) dict_keys(['example_sensor_decorator']) retrieved from /home/airflow/.local/lib/python3.7/site-packages/airflow/example_dags/example_sensor_decorator.py
[2023-03-07T00:21:45.994+0000] {logging_mixin.py:137} INFO - [2023-03-07T00:21:45.993+0000] {dag.py:2690} INFO - Sync 1 DAGs
[2023-03-07T00:21:46.118+0000] {logging_mixin.py:137} INFO - [2023-03-07T00:21:46.118+0000] {dag.py:3441} INFO - Setting next_dagrun for example_sensor_decorator to None, run_after=None
[2023-03-07T00:21:46.191+0000] {processor.py:175} INFO - Processing /home/airflow/.local/lib/python3.7/site-packages/airflow/example_dags/example_sensor_decorator.py took 0.457 seconds
[2023-03-07T00:23:23.922+0000] {processor.py:153} INFO - Started process (PID=4483) to work on /home/airflow/.local/lib/python3.7/site-packages/airflow/example_dags/example_sensor_decorator.py
[2023-03-07T00:23:23.932+0000] {processor.py:743} INFO - Processing file /home/airflow/.local/lib/python3.7/site-packages/airflow/example_dags/example_sensor_decorator.py for tasks to queue
[2023-03-07T00:23:23.943+0000] {logging_mixin.py:137} INFO - [2023-03-07T00:23:23.941+0000] {dagbag.py:538} INFO - Filling up the DagBag from /home/airflow/.local/lib/python3.7/site-packages/airflow/example_dags/example_sensor_decorator.py
[2023-03-07T00:23:24.140+0000] {processor.py:753} INFO - DAG(s) dict_keys(['example_sensor_decorator']) retrieved from /home/airflow/.local/lib/python3.7/site-packages/airflow/example_dags/example_sensor_decorator.py
[2023-03-07T00:23:24.312+0000] {logging_mixin.py:137} INFO - [2023-03-07T00:23:24.311+0000] {dag.py:2690} INFO - Sync 1 DAGs
[2023-03-07T00:23:24.420+0000] {logging_mixin.py:137} INFO - [2023-03-07T00:23:24.420+0000] {dag.py:3441} INFO - Setting next_dagrun for example_sensor_decorator to None, run_after=None
[2023-03-07T00:23:24.536+0000] {processor.py:175} INFO - Processing /home/airflow/.local/lib/python3.7/site-packages/airflow/example_dags/example_sensor_decorator.py took 0.632 seconds
[2023-03-07T00:23:55.058+0000] {processor.py:153} INFO - Started process (PID=4545) to work on /home/airflow/.local/lib/python3.7/site-packages/airflow/example_dags/example_sensor_decorator.py
[2023-03-07T00:23:55.064+0000] {processor.py:743} INFO - Processing file /home/airflow/.local/lib/python3.7/site-packages/airflow/example_dags/example_sensor_decorator.py for tasks to queue
[2023-03-07T00:23:55.068+0000] {logging_mixin.py:137} INFO - [2023-03-07T00:23:55.067+0000] {dagbag.py:538} INFO - Filling up the DagBag from /home/airflow/.local/lib/python3.7/site-packages/airflow/example_dags/example_sensor_decorator.py
[2023-03-07T00:23:55.129+0000] {processor.py:753} INFO - DAG(s) dict_keys(['example_sensor_decorator']) retrieved from /home/airflow/.local/lib/python3.7/site-packages/airflow/example_dags/example_sensor_decorator.py
[2023-03-07T00:23:55.195+0000] {logging_mixin.py:137} INFO - [2023-03-07T00:23:55.195+0000] {dag.py:2690} INFO - Sync 1 DAGs
[2023-03-07T00:23:55.254+0000] {logging_mixin.py:137} INFO - [2023-03-07T00:23:55.254+0000] {dag.py:3441} INFO - Setting next_dagrun for example_sensor_decorator to None, run_after=None
[2023-03-07T00:23:55.301+0000] {processor.py:175} INFO - Processing /home/airflow/.local/lib/python3.7/site-packages/airflow/example_dags/example_sensor_decorator.py took 0.253 seconds
[2023-03-07T00:24:25.452+0000] {processor.py:153} INFO - Started process (PID=4616) to work on /home/airflow/.local/lib/python3.7/site-packages/airflow/example_dags/example_sensor_decorator.py
[2023-03-07T00:24:25.459+0000] {processor.py:743} INFO - Processing file /home/airflow/.local/lib/python3.7/site-packages/airflow/example_dags/example_sensor_decorator.py for tasks to queue
[2023-03-07T00:24:25.469+0000] {logging_mixin.py:137} INFO - [2023-03-07T00:24:25.469+0000] {dagbag.py:538} INFO - Filling up the DagBag from /home/airflow/.local/lib/python3.7/site-packages/airflow/example_dags/example_sensor_decorator.py
[2023-03-07T00:24:25.542+0000] {processor.py:753} INFO - DAG(s) dict_keys(['example_sensor_decorator']) retrieved from /home/airflow/.local/lib/python3.7/site-packages/airflow/example_dags/example_sensor_decorator.py
[2023-03-07T00:24:25.609+0000] {logging_mixin.py:137} INFO - [2023-03-07T00:24:25.609+0000] {dag.py:2690} INFO - Sync 1 DAGs
[2023-03-07T00:24:25.684+0000] {logging_mixin.py:137} INFO - [2023-03-07T00:24:25.684+0000] {dag.py:3441} INFO - Setting next_dagrun for example_sensor_decorator to None, run_after=None
[2023-03-07T00:24:25.742+0000] {processor.py:175} INFO - Processing /home/airflow/.local/lib/python3.7/site-packages/airflow/example_dags/example_sensor_decorator.py took 0.298 seconds
[2023-03-07T00:24:56.373+0000] {processor.py:153} INFO - Started process (PID=4686) to work on /home/airflow/.local/lib/python3.7/site-packages/airflow/example_dags/example_sensor_decorator.py
[2023-03-07T00:24:56.378+0000] {processor.py:743} INFO - Processing file /home/airflow/.local/lib/python3.7/site-packages/airflow/example_dags/example_sensor_decorator.py for tasks to queue
[2023-03-07T00:24:56.383+0000] {logging_mixin.py:137} INFO - [2023-03-07T00:24:56.382+0000] {dagbag.py:538} INFO - Filling up the DagBag from /home/airflow/.local/lib/python3.7/site-packages/airflow/example_dags/example_sensor_decorator.py
[2023-03-07T00:24:56.451+0000] {processor.py:753} INFO - DAG(s) dict_keys(['example_sensor_decorator']) retrieved from /home/airflow/.local/lib/python3.7/site-packages/airflow/example_dags/example_sensor_decorator.py
[2023-03-07T00:24:56.535+0000] {logging_mixin.py:137} INFO - [2023-03-07T00:24:56.535+0000] {dag.py:2690} INFO - Sync 1 DAGs
[2023-03-07T00:24:56.612+0000] {logging_mixin.py:137} INFO - [2023-03-07T00:24:56.612+0000] {dag.py:3441} INFO - Setting next_dagrun for example_sensor_decorator to None, run_after=None
[2023-03-07T00:24:56.690+0000] {processor.py:175} INFO - Processing /home/airflow/.local/lib/python3.7/site-packages/airflow/example_dags/example_sensor_decorator.py took 0.328 seconds
[2023-03-07T00:25:27.349+0000] {processor.py:153} INFO - Started process (PID=4766) to work on /home/airflow/.local/lib/python3.7/site-packages/airflow/example_dags/example_sensor_decorator.py
[2023-03-07T00:25:27.353+0000] {processor.py:743} INFO - Processing file /home/airflow/.local/lib/python3.7/site-packages/airflow/example_dags/example_sensor_decorator.py for tasks to queue
[2023-03-07T00:25:27.356+0000] {logging_mixin.py:137} INFO - [2023-03-07T00:25:27.355+0000] {dagbag.py:538} INFO - Filling up the DagBag from /home/airflow/.local/lib/python3.7/site-packages/airflow/example_dags/example_sensor_decorator.py
[2023-03-07T00:25:27.400+0000] {processor.py:753} INFO - DAG(s) dict_keys(['example_sensor_decorator']) retrieved from /home/airflow/.local/lib/python3.7/site-packages/airflow/example_dags/example_sensor_decorator.py
[2023-03-07T00:25:27.458+0000] {logging_mixin.py:137} INFO - [2023-03-07T00:25:27.458+0000] {dag.py:2690} INFO - Sync 1 DAGs
[2023-03-07T00:25:27.515+0000] {logging_mixin.py:137} INFO - [2023-03-07T00:25:27.515+0000] {dag.py:3441} INFO - Setting next_dagrun for example_sensor_decorator to None, run_after=None
[2023-03-07T00:25:27.557+0000] {processor.py:175} INFO - Processing /home/airflow/.local/lib/python3.7/site-packages/airflow/example_dags/example_sensor_decorator.py took 0.217 seconds
[2023-03-07T00:25:58.095+0000] {processor.py:153} INFO - Started process (PID=4837) to work on /home/airflow/.local/lib/python3.7/site-packages/airflow/example_dags/example_sensor_decorator.py
[2023-03-07T00:25:58.100+0000] {processor.py:743} INFO - Processing file /home/airflow/.local/lib/python3.7/site-packages/airflow/example_dags/example_sensor_decorator.py for tasks to queue
[2023-03-07T00:25:58.108+0000] {logging_mixin.py:137} INFO - [2023-03-07T00:25:58.108+0000] {dagbag.py:538} INFO - Filling up the DagBag from /home/airflow/.local/lib/python3.7/site-packages/airflow/example_dags/example_sensor_decorator.py
[2023-03-07T00:25:58.184+0000] {processor.py:753} INFO - DAG(s) dict_keys(['example_sensor_decorator']) retrieved from /home/airflow/.local/lib/python3.7/site-packages/airflow/example_dags/example_sensor_decorator.py
[2023-03-07T00:25:58.250+0000] {logging_mixin.py:137} INFO - [2023-03-07T00:25:58.250+0000] {dag.py:2690} INFO - Sync 1 DAGs
[2023-03-07T00:25:58.323+0000] {logging_mixin.py:137} INFO - [2023-03-07T00:25:58.322+0000] {dag.py:3441} INFO - Setting next_dagrun for example_sensor_decorator to None, run_after=None
[2023-03-07T00:25:58.377+0000] {processor.py:175} INFO - Processing /home/airflow/.local/lib/python3.7/site-packages/airflow/example_dags/example_sensor_decorator.py took 0.290 seconds
[2023-03-07T00:26:29.427+0000] {processor.py:153} INFO - Started process (PID=4908) to work on /home/airflow/.local/lib/python3.7/site-packages/airflow/example_dags/example_sensor_decorator.py
[2023-03-07T00:26:29.434+0000] {processor.py:743} INFO - Processing file /home/airflow/.local/lib/python3.7/site-packages/airflow/example_dags/example_sensor_decorator.py for tasks to queue
[2023-03-07T00:26:29.438+0000] {logging_mixin.py:137} INFO - [2023-03-07T00:26:29.438+0000] {dagbag.py:538} INFO - Filling up the DagBag from /home/airflow/.local/lib/python3.7/site-packages/airflow/example_dags/example_sensor_decorator.py
[2023-03-07T00:26:29.527+0000] {processor.py:753} INFO - DAG(s) dict_keys(['example_sensor_decorator']) retrieved from /home/airflow/.local/lib/python3.7/site-packages/airflow/example_dags/example_sensor_decorator.py
[2023-03-07T00:26:29.615+0000] {logging_mixin.py:137} INFO - [2023-03-07T00:26:29.615+0000] {dag.py:2690} INFO - Sync 1 DAGs
[2023-03-07T00:26:29.682+0000] {logging_mixin.py:137} INFO - [2023-03-07T00:26:29.682+0000] {dag.py:3441} INFO - Setting next_dagrun for example_sensor_decorator to None, run_after=None
[2023-03-07T00:26:29.758+0000] {processor.py:175} INFO - Processing /home/airflow/.local/lib/python3.7/site-packages/airflow/example_dags/example_sensor_decorator.py took 0.339 seconds
[2023-03-07T00:27:00.970+0000] {processor.py:153} INFO - Started process (PID=4980) to work on /home/airflow/.local/lib/python3.7/site-packages/airflow/example_dags/example_sensor_decorator.py
[2023-03-07T00:27:00.985+0000] {processor.py:743} INFO - Processing file /home/airflow/.local/lib/python3.7/site-packages/airflow/example_dags/example_sensor_decorator.py for tasks to queue
[2023-03-07T00:27:00.990+0000] {logging_mixin.py:137} INFO - [2023-03-07T00:27:00.989+0000] {dagbag.py:538} INFO - Filling up the DagBag from /home/airflow/.local/lib/python3.7/site-packages/airflow/example_dags/example_sensor_decorator.py
[2023-03-07T00:27:01.093+0000] {processor.py:753} INFO - DAG(s) dict_keys(['example_sensor_decorator']) retrieved from /home/airflow/.local/lib/python3.7/site-packages/airflow/example_dags/example_sensor_decorator.py
[2023-03-07T00:27:01.174+0000] {logging_mixin.py:137} INFO - [2023-03-07T00:27:01.173+0000] {dag.py:2690} INFO - Sync 1 DAGs
[2023-03-07T00:27:01.254+0000] {logging_mixin.py:137} INFO - [2023-03-07T00:27:01.253+0000] {dag.py:3441} INFO - Setting next_dagrun for example_sensor_decorator to None, run_after=None
[2023-03-07T00:27:01.305+0000] {processor.py:175} INFO - Processing /home/airflow/.local/lib/python3.7/site-packages/airflow/example_dags/example_sensor_decorator.py took 0.366 seconds
[2023-03-07T00:27:32.069+0000] {processor.py:153} INFO - Started process (PID=5052) to work on /home/airflow/.local/lib/python3.7/site-packages/airflow/example_dags/example_sensor_decorator.py
[2023-03-07T00:27:32.072+0000] {processor.py:743} INFO - Processing file /home/airflow/.local/lib/python3.7/site-packages/airflow/example_dags/example_sensor_decorator.py for tasks to queue
[2023-03-07T00:27:32.075+0000] {logging_mixin.py:137} INFO - [2023-03-07T00:27:32.075+0000] {dagbag.py:538} INFO - Filling up the DagBag from /home/airflow/.local/lib/python3.7/site-packages/airflow/example_dags/example_sensor_decorator.py
[2023-03-07T00:27:32.129+0000] {processor.py:753} INFO - DAG(s) dict_keys(['example_sensor_decorator']) retrieved from /home/airflow/.local/lib/python3.7/site-packages/airflow/example_dags/example_sensor_decorator.py
[2023-03-07T00:27:32.180+0000] {logging_mixin.py:137} INFO - [2023-03-07T00:27:32.180+0000] {dag.py:2690} INFO - Sync 1 DAGs
[2023-03-07T00:27:32.231+0000] {logging_mixin.py:137} INFO - [2023-03-07T00:27:32.231+0000] {dag.py:3441} INFO - Setting next_dagrun for example_sensor_decorator to None, run_after=None
[2023-03-07T00:27:32.268+0000] {processor.py:175} INFO - Processing /home/airflow/.local/lib/python3.7/site-packages/airflow/example_dags/example_sensor_decorator.py took 0.206 seconds
[2023-03-07T00:28:02.612+0000] {processor.py:153} INFO - Started process (PID=5123) to work on /home/airflow/.local/lib/python3.7/site-packages/airflow/example_dags/example_sensor_decorator.py
[2023-03-07T00:28:02.615+0000] {processor.py:743} INFO - Processing file /home/airflow/.local/lib/python3.7/site-packages/airflow/example_dags/example_sensor_decorator.py for tasks to queue
[2023-03-07T00:28:02.618+0000] {logging_mixin.py:137} INFO - [2023-03-07T00:28:02.617+0000] {dagbag.py:538} INFO - Filling up the DagBag from /home/airflow/.local/lib/python3.7/site-packages/airflow/example_dags/example_sensor_decorator.py
[2023-03-07T00:28:02.661+0000] {processor.py:753} INFO - DAG(s) dict_keys(['example_sensor_decorator']) retrieved from /home/airflow/.local/lib/python3.7/site-packages/airflow/example_dags/example_sensor_decorator.py
[2023-03-07T00:28:02.708+0000] {logging_mixin.py:137} INFO - [2023-03-07T00:28:02.708+0000] {dag.py:2690} INFO - Sync 1 DAGs
[2023-03-07T00:28:02.755+0000] {logging_mixin.py:137} INFO - [2023-03-07T00:28:02.755+0000] {dag.py:3441} INFO - Setting next_dagrun for example_sensor_decorator to None, run_after=None
[2023-03-07T00:28:02.789+0000] {processor.py:175} INFO - Processing /home/airflow/.local/lib/python3.7/site-packages/airflow/example_dags/example_sensor_decorator.py took 0.184 seconds
[2023-03-07T00:28:34.213+0000] {processor.py:153} INFO - Started process (PID=5195) to work on /home/airflow/.local/lib/python3.7/site-packages/airflow/example_dags/example_sensor_decorator.py
[2023-03-07T00:28:34.219+0000] {processor.py:743} INFO - Processing file /home/airflow/.local/lib/python3.7/site-packages/airflow/example_dags/example_sensor_decorator.py for tasks to queue
[2023-03-07T00:28:34.248+0000] {logging_mixin.py:137} INFO - [2023-03-07T00:28:34.247+0000] {dagbag.py:538} INFO - Filling up the DagBag from /home/airflow/.local/lib/python3.7/site-packages/airflow/example_dags/example_sensor_decorator.py
[2023-03-07T00:28:34.372+0000] {processor.py:753} INFO - DAG(s) dict_keys(['example_sensor_decorator']) retrieved from /home/airflow/.local/lib/python3.7/site-packages/airflow/example_dags/example_sensor_decorator.py
[2023-03-07T00:28:34.483+0000] {logging_mixin.py:137} INFO - [2023-03-07T00:28:34.482+0000] {dag.py:2690} INFO - Sync 1 DAGs
[2023-03-07T00:28:34.578+0000] {logging_mixin.py:137} INFO - [2023-03-07T00:28:34.578+0000] {dag.py:3441} INFO - Setting next_dagrun for example_sensor_decorator to None, run_after=None
[2023-03-07T00:28:34.639+0000] {processor.py:175} INFO - Processing /home/airflow/.local/lib/python3.7/site-packages/airflow/example_dags/example_sensor_decorator.py took 0.441 seconds
[2023-03-07T00:29:09.060+0000] {processor.py:153} INFO - Started process (PID=5265) to work on /home/airflow/.local/lib/python3.7/site-packages/airflow/example_dags/example_sensor_decorator.py
[2023-03-07T00:29:09.079+0000] {processor.py:743} INFO - Processing file /home/airflow/.local/lib/python3.7/site-packages/airflow/example_dags/example_sensor_decorator.py for tasks to queue
[2023-03-07T00:29:09.087+0000] {logging_mixin.py:137} INFO - [2023-03-07T00:29:09.085+0000] {dagbag.py:538} INFO - Filling up the DagBag from /home/airflow/.local/lib/python3.7/site-packages/airflow/example_dags/example_sensor_decorator.py
[2023-03-07T00:29:09.200+0000] {processor.py:753} INFO - DAG(s) dict_keys(['example_sensor_decorator']) retrieved from /home/airflow/.local/lib/python3.7/site-packages/airflow/example_dags/example_sensor_decorator.py
[2023-03-07T00:29:09.328+0000] {logging_mixin.py:137} INFO - [2023-03-07T00:29:09.328+0000] {dag.py:2690} INFO - Sync 1 DAGs
[2023-03-07T00:29:09.505+0000] {logging_mixin.py:137} INFO - [2023-03-07T00:29:09.503+0000] {dag.py:3441} INFO - Setting next_dagrun for example_sensor_decorator to None, run_after=None
[2023-03-07T00:29:09.723+0000] {processor.py:175} INFO - Processing /home/airflow/.local/lib/python3.7/site-packages/airflow/example_dags/example_sensor_decorator.py took 0.678 seconds
[2023-03-07T00:29:40.676+0000] {processor.py:153} INFO - Started process (PID=5336) to work on /home/airflow/.local/lib/python3.7/site-packages/airflow/example_dags/example_sensor_decorator.py
[2023-03-07T00:29:40.679+0000] {processor.py:743} INFO - Processing file /home/airflow/.local/lib/python3.7/site-packages/airflow/example_dags/example_sensor_decorator.py for tasks to queue
[2023-03-07T00:29:40.684+0000] {logging_mixin.py:137} INFO - [2023-03-07T00:29:40.684+0000] {dagbag.py:538} INFO - Filling up the DagBag from /home/airflow/.local/lib/python3.7/site-packages/airflow/example_dags/example_sensor_decorator.py
[2023-03-07T00:29:40.743+0000] {processor.py:753} INFO - DAG(s) dict_keys(['example_sensor_decorator']) retrieved from /home/airflow/.local/lib/python3.7/site-packages/airflow/example_dags/example_sensor_decorator.py
[2023-03-07T00:29:40.815+0000] {logging_mixin.py:137} INFO - [2023-03-07T00:29:40.815+0000] {dag.py:2690} INFO - Sync 1 DAGs
[2023-03-07T00:29:40.868+0000] {logging_mixin.py:137} INFO - [2023-03-07T00:29:40.868+0000] {dag.py:3441} INFO - Setting next_dagrun for example_sensor_decorator to None, run_after=None
[2023-03-07T00:29:40.901+0000] {processor.py:175} INFO - Processing /home/airflow/.local/lib/python3.7/site-packages/airflow/example_dags/example_sensor_decorator.py took 0.232 seconds
[2023-03-07T00:30:11.268+0000] {processor.py:153} INFO - Started process (PID=5408) to work on /home/airflow/.local/lib/python3.7/site-packages/airflow/example_dags/example_sensor_decorator.py
[2023-03-07T00:30:11.272+0000] {processor.py:743} INFO - Processing file /home/airflow/.local/lib/python3.7/site-packages/airflow/example_dags/example_sensor_decorator.py for tasks to queue
[2023-03-07T00:30:11.276+0000] {logging_mixin.py:137} INFO - [2023-03-07T00:30:11.276+0000] {dagbag.py:538} INFO - Filling up the DagBag from /home/airflow/.local/lib/python3.7/site-packages/airflow/example_dags/example_sensor_decorator.py
[2023-03-07T00:30:11.333+0000] {processor.py:753} INFO - DAG(s) dict_keys(['example_sensor_decorator']) retrieved from /home/airflow/.local/lib/python3.7/site-packages/airflow/example_dags/example_sensor_decorator.py
[2023-03-07T00:30:11.398+0000] {logging_mixin.py:137} INFO - [2023-03-07T00:30:11.398+0000] {dag.py:2690} INFO - Sync 1 DAGs
[2023-03-07T00:30:11.459+0000] {logging_mixin.py:137} INFO - [2023-03-07T00:30:11.459+0000] {dag.py:3441} INFO - Setting next_dagrun for example_sensor_decorator to None, run_after=None
[2023-03-07T00:30:11.504+0000] {processor.py:175} INFO - Processing /home/airflow/.local/lib/python3.7/site-packages/airflow/example_dags/example_sensor_decorator.py took 0.245 seconds
