[2023-03-07T00:00:20.282+0000] {processor.py:153} INFO - Started process (PID=1766) to work on /home/airflow/.local/lib/python3.7/site-packages/airflow/example_dags/example_kubernetes_executor.py
[2023-03-07T00:00:20.285+0000] {processor.py:743} INFO - Processing file /home/airflow/.local/lib/python3.7/site-packages/airflow/example_dags/example_kubernetes_executor.py for tasks to queue
[2023-03-07T00:00:20.291+0000] {logging_mixin.py:137} INFO - [2023-03-07T00:00:20.289+0000] {dagbag.py:538} INFO - Filling up the DagBag from /home/airflow/.local/lib/python3.7/site-packages/airflow/example_dags/example_kubernetes_executor.py
[2023-03-07T00:00:20.369+0000] {processor.py:753} INFO - DAG(s) dict_keys(['example_kubernetes_executor']) retrieved from /home/airflow/.local/lib/python3.7/site-packages/airflow/example_dags/example_kubernetes_executor.py
[2023-03-07T00:00:20.481+0000] {logging_mixin.py:137} INFO - [2023-03-07T00:00:20.480+0000] {dag.py:2690} INFO - Sync 1 DAGs
[2023-03-07T00:00:20.549+0000] {logging_mixin.py:137} INFO - [2023-03-07T00:00:20.549+0000] {dag.py:3441} INFO - Setting next_dagrun for example_kubernetes_executor to None, run_after=None
[2023-03-07T00:00:20.604+0000] {processor.py:175} INFO - Processing /home/airflow/.local/lib/python3.7/site-packages/airflow/example_dags/example_kubernetes_executor.py took 0.338 seconds
[2023-03-07T00:00:50.876+0000] {processor.py:153} INFO - Started process (PID=1836) to work on /home/airflow/.local/lib/python3.7/site-packages/airflow/example_dags/example_kubernetes_executor.py
[2023-03-07T00:00:50.879+0000] {processor.py:743} INFO - Processing file /home/airflow/.local/lib/python3.7/site-packages/airflow/example_dags/example_kubernetes_executor.py for tasks to queue
[2023-03-07T00:00:50.883+0000] {logging_mixin.py:137} INFO - [2023-03-07T00:00:50.883+0000] {dagbag.py:538} INFO - Filling up the DagBag from /home/airflow/.local/lib/python3.7/site-packages/airflow/example_dags/example_kubernetes_executor.py
[2023-03-07T00:00:50.946+0000] {processor.py:753} INFO - DAG(s) dict_keys(['example_kubernetes_executor']) retrieved from /home/airflow/.local/lib/python3.7/site-packages/airflow/example_dags/example_kubernetes_executor.py
[2023-03-07T00:00:51.010+0000] {logging_mixin.py:137} INFO - [2023-03-07T00:00:51.010+0000] {dag.py:2690} INFO - Sync 1 DAGs
[2023-03-07T00:00:51.067+0000] {logging_mixin.py:137} INFO - [2023-03-07T00:00:51.067+0000] {dag.py:3441} INFO - Setting next_dagrun for example_kubernetes_executor to None, run_after=None
[2023-03-07T00:00:51.113+0000] {processor.py:175} INFO - Processing /home/airflow/.local/lib/python3.7/site-packages/airflow/example_dags/example_kubernetes_executor.py took 0.247 seconds
[2023-03-07T00:01:21.521+0000] {processor.py:153} INFO - Started process (PID=1906) to work on /home/airflow/.local/lib/python3.7/site-packages/airflow/example_dags/example_kubernetes_executor.py
[2023-03-07T00:01:21.528+0000] {processor.py:743} INFO - Processing file /home/airflow/.local/lib/python3.7/site-packages/airflow/example_dags/example_kubernetes_executor.py for tasks to queue
[2023-03-07T00:01:21.555+0000] {logging_mixin.py:137} INFO - [2023-03-07T00:01:21.533+0000] {dagbag.py:538} INFO - Filling up the DagBag from /home/airflow/.local/lib/python3.7/site-packages/airflow/example_dags/example_kubernetes_executor.py
[2023-03-07T00:01:21.741+0000] {processor.py:753} INFO - DAG(s) dict_keys(['example_kubernetes_executor']) retrieved from /home/airflow/.local/lib/python3.7/site-packages/airflow/example_dags/example_kubernetes_executor.py
[2023-03-07T00:01:21.841+0000] {logging_mixin.py:137} INFO - [2023-03-07T00:01:21.841+0000] {dag.py:2690} INFO - Sync 1 DAGs
[2023-03-07T00:01:21.919+0000] {logging_mixin.py:137} INFO - [2023-03-07T00:01:21.919+0000] {dag.py:3441} INFO - Setting next_dagrun for example_kubernetes_executor to None, run_after=None
[2023-03-07T00:01:21.969+0000] {processor.py:175} INFO - Processing /home/airflow/.local/lib/python3.7/site-packages/airflow/example_dags/example_kubernetes_executor.py took 0.475 seconds
[2023-03-07T00:01:52.401+0000] {processor.py:153} INFO - Started process (PID=1985) to work on /home/airflow/.local/lib/python3.7/site-packages/airflow/example_dags/example_kubernetes_executor.py
[2023-03-07T00:01:52.407+0000] {processor.py:743} INFO - Processing file /home/airflow/.local/lib/python3.7/site-packages/airflow/example_dags/example_kubernetes_executor.py for tasks to queue
[2023-03-07T00:01:52.412+0000] {logging_mixin.py:137} INFO - [2023-03-07T00:01:52.412+0000] {dagbag.py:538} INFO - Filling up the DagBag from /home/airflow/.local/lib/python3.7/site-packages/airflow/example_dags/example_kubernetes_executor.py
[2023-03-07T00:01:52.489+0000] {processor.py:753} INFO - DAG(s) dict_keys(['example_kubernetes_executor']) retrieved from /home/airflow/.local/lib/python3.7/site-packages/airflow/example_dags/example_kubernetes_executor.py
[2023-03-07T00:01:52.587+0000] {logging_mixin.py:137} INFO - [2023-03-07T00:01:52.586+0000] {dag.py:2690} INFO - Sync 1 DAGs
[2023-03-07T00:01:52.672+0000] {logging_mixin.py:137} INFO - [2023-03-07T00:01:52.671+0000] {dag.py:3441} INFO - Setting next_dagrun for example_kubernetes_executor to None, run_after=None
[2023-03-07T00:01:52.746+0000] {processor.py:175} INFO - Processing /home/airflow/.local/lib/python3.7/site-packages/airflow/example_dags/example_kubernetes_executor.py took 0.356 seconds
[2023-03-07T00:02:23.060+0000] {processor.py:153} INFO - Started process (PID=2057) to work on /home/airflow/.local/lib/python3.7/site-packages/airflow/example_dags/example_kubernetes_executor.py
[2023-03-07T00:02:23.066+0000] {processor.py:743} INFO - Processing file /home/airflow/.local/lib/python3.7/site-packages/airflow/example_dags/example_kubernetes_executor.py for tasks to queue
[2023-03-07T00:02:23.070+0000] {logging_mixin.py:137} INFO - [2023-03-07T00:02:23.070+0000] {dagbag.py:538} INFO - Filling up the DagBag from /home/airflow/.local/lib/python3.7/site-packages/airflow/example_dags/example_kubernetes_executor.py
[2023-03-07T00:02:23.139+0000] {processor.py:753} INFO - DAG(s) dict_keys(['example_kubernetes_executor']) retrieved from /home/airflow/.local/lib/python3.7/site-packages/airflow/example_dags/example_kubernetes_executor.py
[2023-03-07T00:02:23.355+0000] {logging_mixin.py:137} INFO - [2023-03-07T00:02:23.354+0000] {dag.py:2690} INFO - Sync 1 DAGs
[2023-03-07T00:02:23.434+0000] {logging_mixin.py:137} INFO - [2023-03-07T00:02:23.433+0000] {dag.py:3441} INFO - Setting next_dagrun for example_kubernetes_executor to None, run_after=None
[2023-03-07T00:02:23.489+0000] {processor.py:175} INFO - Processing /home/airflow/.local/lib/python3.7/site-packages/airflow/example_dags/example_kubernetes_executor.py took 0.439 seconds
[2023-03-07T00:02:53.617+0000] {processor.py:153} INFO - Started process (PID=2124) to work on /home/airflow/.local/lib/python3.7/site-packages/airflow/example_dags/example_kubernetes_executor.py
[2023-03-07T00:02:53.625+0000] {processor.py:743} INFO - Processing file /home/airflow/.local/lib/python3.7/site-packages/airflow/example_dags/example_kubernetes_executor.py for tasks to queue
[2023-03-07T00:02:53.631+0000] {logging_mixin.py:137} INFO - [2023-03-07T00:02:53.631+0000] {dagbag.py:538} INFO - Filling up the DagBag from /home/airflow/.local/lib/python3.7/site-packages/airflow/example_dags/example_kubernetes_executor.py
[2023-03-07T00:02:53.727+0000] {processor.py:753} INFO - DAG(s) dict_keys(['example_kubernetes_executor']) retrieved from /home/airflow/.local/lib/python3.7/site-packages/airflow/example_dags/example_kubernetes_executor.py
[2023-03-07T00:02:53.812+0000] {logging_mixin.py:137} INFO - [2023-03-07T00:02:53.811+0000] {dag.py:2690} INFO - Sync 1 DAGs
[2023-03-07T00:02:53.884+0000] {logging_mixin.py:137} INFO - [2023-03-07T00:02:53.883+0000] {dag.py:3441} INFO - Setting next_dagrun for example_kubernetes_executor to None, run_after=None
[2023-03-07T00:02:53.945+0000] {processor.py:175} INFO - Processing /home/airflow/.local/lib/python3.7/site-packages/airflow/example_dags/example_kubernetes_executor.py took 0.340 seconds
[2023-03-07T00:03:24.337+0000] {processor.py:153} INFO - Started process (PID=2195) to work on /home/airflow/.local/lib/python3.7/site-packages/airflow/example_dags/example_kubernetes_executor.py
[2023-03-07T00:03:24.341+0000] {processor.py:743} INFO - Processing file /home/airflow/.local/lib/python3.7/site-packages/airflow/example_dags/example_kubernetes_executor.py for tasks to queue
[2023-03-07T00:03:24.345+0000] {logging_mixin.py:137} INFO - [2023-03-07T00:03:24.345+0000] {dagbag.py:538} INFO - Filling up the DagBag from /home/airflow/.local/lib/python3.7/site-packages/airflow/example_dags/example_kubernetes_executor.py
[2023-03-07T00:03:24.419+0000] {processor.py:753} INFO - DAG(s) dict_keys(['example_kubernetes_executor']) retrieved from /home/airflow/.local/lib/python3.7/site-packages/airflow/example_dags/example_kubernetes_executor.py
[2023-03-07T00:03:24.511+0000] {logging_mixin.py:137} INFO - [2023-03-07T00:03:24.511+0000] {dag.py:2690} INFO - Sync 1 DAGs
[2023-03-07T00:03:24.562+0000] {logging_mixin.py:137} INFO - [2023-03-07T00:03:24.561+0000] {dag.py:3441} INFO - Setting next_dagrun for example_kubernetes_executor to None, run_after=None
[2023-03-07T00:03:24.604+0000] {processor.py:175} INFO - Processing /home/airflow/.local/lib/python3.7/site-packages/airflow/example_dags/example_kubernetes_executor.py took 0.274 seconds
[2023-03-07T00:03:55.316+0000] {processor.py:153} INFO - Started process (PID=2268) to work on /home/airflow/.local/lib/python3.7/site-packages/airflow/example_dags/example_kubernetes_executor.py
[2023-03-07T00:03:55.319+0000] {processor.py:743} INFO - Processing file /home/airflow/.local/lib/python3.7/site-packages/airflow/example_dags/example_kubernetes_executor.py for tasks to queue
[2023-03-07T00:03:55.322+0000] {logging_mixin.py:137} INFO - [2023-03-07T00:03:55.322+0000] {dagbag.py:538} INFO - Filling up the DagBag from /home/airflow/.local/lib/python3.7/site-packages/airflow/example_dags/example_kubernetes_executor.py
[2023-03-07T00:03:55.382+0000] {processor.py:753} INFO - DAG(s) dict_keys(['example_kubernetes_executor']) retrieved from /home/airflow/.local/lib/python3.7/site-packages/airflow/example_dags/example_kubernetes_executor.py
[2023-03-07T00:03:55.464+0000] {logging_mixin.py:137} INFO - [2023-03-07T00:03:55.464+0000] {dag.py:2690} INFO - Sync 1 DAGs
[2023-03-07T00:03:55.522+0000] {logging_mixin.py:137} INFO - [2023-03-07T00:03:55.522+0000] {dag.py:3441} INFO - Setting next_dagrun for example_kubernetes_executor to None, run_after=None
[2023-03-07T00:03:55.568+0000] {processor.py:175} INFO - Processing /home/airflow/.local/lib/python3.7/site-packages/airflow/example_dags/example_kubernetes_executor.py took 0.261 seconds
[2023-03-07T00:04:26.530+0000] {processor.py:153} INFO - Started process (PID=2340) to work on /home/airflow/.local/lib/python3.7/site-packages/airflow/example_dags/example_kubernetes_executor.py
[2023-03-07T00:04:26.536+0000] {processor.py:743} INFO - Processing file /home/airflow/.local/lib/python3.7/site-packages/airflow/example_dags/example_kubernetes_executor.py for tasks to queue
[2023-03-07T00:04:26.540+0000] {logging_mixin.py:137} INFO - [2023-03-07T00:04:26.539+0000] {dagbag.py:538} INFO - Filling up the DagBag from /home/airflow/.local/lib/python3.7/site-packages/airflow/example_dags/example_kubernetes_executor.py
[2023-03-07T00:04:26.627+0000] {processor.py:753} INFO - DAG(s) dict_keys(['example_kubernetes_executor']) retrieved from /home/airflow/.local/lib/python3.7/site-packages/airflow/example_dags/example_kubernetes_executor.py
[2023-03-07T00:04:26.729+0000] {logging_mixin.py:137} INFO - [2023-03-07T00:04:26.729+0000] {dag.py:2690} INFO - Sync 1 DAGs
[2023-03-07T00:04:26.817+0000] {logging_mixin.py:137} INFO - [2023-03-07T00:04:26.816+0000] {dag.py:3441} INFO - Setting next_dagrun for example_kubernetes_executor to None, run_after=None
[2023-03-07T00:04:26.878+0000] {processor.py:175} INFO - Processing /home/airflow/.local/lib/python3.7/site-packages/airflow/example_dags/example_kubernetes_executor.py took 0.358 seconds
[2023-03-07T00:04:57.999+0000] {processor.py:153} INFO - Started process (PID=2411) to work on /home/airflow/.local/lib/python3.7/site-packages/airflow/example_dags/example_kubernetes_executor.py
[2023-03-07T00:04:58.007+0000] {processor.py:743} INFO - Processing file /home/airflow/.local/lib/python3.7/site-packages/airflow/example_dags/example_kubernetes_executor.py for tasks to queue
[2023-03-07T00:04:58.012+0000] {logging_mixin.py:137} INFO - [2023-03-07T00:04:58.012+0000] {dagbag.py:538} INFO - Filling up the DagBag from /home/airflow/.local/lib/python3.7/site-packages/airflow/example_dags/example_kubernetes_executor.py
[2023-03-07T00:04:58.127+0000] {processor.py:753} INFO - DAG(s) dict_keys(['example_kubernetes_executor']) retrieved from /home/airflow/.local/lib/python3.7/site-packages/airflow/example_dags/example_kubernetes_executor.py
[2023-03-07T00:04:58.439+0000] {logging_mixin.py:137} INFO - [2023-03-07T00:04:58.438+0000] {dag.py:2690} INFO - Sync 1 DAGs
[2023-03-07T00:04:58.728+0000] {logging_mixin.py:137} INFO - [2023-03-07T00:04:58.727+0000] {dag.py:3441} INFO - Setting next_dagrun for example_kubernetes_executor to None, run_after=None
[2023-03-07T00:04:58.837+0000] {processor.py:175} INFO - Processing /home/airflow/.local/lib/python3.7/site-packages/airflow/example_dags/example_kubernetes_executor.py took 0.855 seconds
[2023-03-07T00:05:33.490+0000] {processor.py:153} INFO - Started process (PID=2480) to work on /home/airflow/.local/lib/python3.7/site-packages/airflow/example_dags/example_kubernetes_executor.py
[2023-03-07T00:05:33.505+0000] {processor.py:743} INFO - Processing file /home/airflow/.local/lib/python3.7/site-packages/airflow/example_dags/example_kubernetes_executor.py for tasks to queue
[2023-03-07T00:05:33.516+0000] {logging_mixin.py:137} INFO - [2023-03-07T00:05:33.515+0000] {dagbag.py:538} INFO - Filling up the DagBag from /home/airflow/.local/lib/python3.7/site-packages/airflow/example_dags/example_kubernetes_executor.py
[2023-03-07T00:05:33.862+0000] {processor.py:753} INFO - DAG(s) dict_keys(['example_kubernetes_executor']) retrieved from /home/airflow/.local/lib/python3.7/site-packages/airflow/example_dags/example_kubernetes_executor.py
[2023-03-07T00:05:34.054+0000] {logging_mixin.py:137} INFO - [2023-03-07T00:05:34.053+0000] {dag.py:2690} INFO - Sync 1 DAGs
[2023-03-07T00:05:34.325+0000] {logging_mixin.py:137} INFO - [2023-03-07T00:05:34.324+0000] {dag.py:3441} INFO - Setting next_dagrun for example_kubernetes_executor to None, run_after=None
[2023-03-07T00:05:34.650+0000] {processor.py:175} INFO - Processing /home/airflow/.local/lib/python3.7/site-packages/airflow/example_dags/example_kubernetes_executor.py took 1.186 seconds
[2023-03-07T00:06:11.722+0000] {processor.py:153} INFO - Started process (PID=2551) to work on /home/airflow/.local/lib/python3.7/site-packages/airflow/example_dags/example_kubernetes_executor.py
[2023-03-07T00:06:11.730+0000] {processor.py:743} INFO - Processing file /home/airflow/.local/lib/python3.7/site-packages/airflow/example_dags/example_kubernetes_executor.py for tasks to queue
[2023-03-07T00:06:11.739+0000] {logging_mixin.py:137} INFO - [2023-03-07T00:06:11.738+0000] {dagbag.py:538} INFO - Filling up the DagBag from /home/airflow/.local/lib/python3.7/site-packages/airflow/example_dags/example_kubernetes_executor.py
[2023-03-07T00:06:11.931+0000] {processor.py:753} INFO - DAG(s) dict_keys(['example_kubernetes_executor']) retrieved from /home/airflow/.local/lib/python3.7/site-packages/airflow/example_dags/example_kubernetes_executor.py
[2023-03-07T00:06:12.098+0000] {logging_mixin.py:137} INFO - [2023-03-07T00:06:12.098+0000] {dag.py:2690} INFO - Sync 1 DAGs
[2023-03-07T00:06:12.244+0000] {logging_mixin.py:137} INFO - [2023-03-07T00:06:12.244+0000] {dag.py:3441} INFO - Setting next_dagrun for example_kubernetes_executor to None, run_after=None
[2023-03-07T00:06:12.339+0000] {processor.py:175} INFO - Processing /home/airflow/.local/lib/python3.7/site-packages/airflow/example_dags/example_kubernetes_executor.py took 0.634 seconds
[2023-03-07T00:06:42.944+0000] {processor.py:153} INFO - Started process (PID=2620) to work on /home/airflow/.local/lib/python3.7/site-packages/airflow/example_dags/example_kubernetes_executor.py
[2023-03-07T00:06:42.953+0000] {processor.py:743} INFO - Processing file /home/airflow/.local/lib/python3.7/site-packages/airflow/example_dags/example_kubernetes_executor.py for tasks to queue
[2023-03-07T00:06:42.956+0000] {logging_mixin.py:137} INFO - [2023-03-07T00:06:42.956+0000] {dagbag.py:538} INFO - Filling up the DagBag from /home/airflow/.local/lib/python3.7/site-packages/airflow/example_dags/example_kubernetes_executor.py
[2023-03-07T00:06:43.025+0000] {processor.py:753} INFO - DAG(s) dict_keys(['example_kubernetes_executor']) retrieved from /home/airflow/.local/lib/python3.7/site-packages/airflow/example_dags/example_kubernetes_executor.py
[2023-03-07T00:06:43.098+0000] {logging_mixin.py:137} INFO - [2023-03-07T00:06:43.097+0000] {dag.py:2690} INFO - Sync 1 DAGs
[2023-03-07T00:06:43.160+0000] {logging_mixin.py:137} INFO - [2023-03-07T00:06:43.160+0000] {dag.py:3441} INFO - Setting next_dagrun for example_kubernetes_executor to None, run_after=None
[2023-03-07T00:06:43.205+0000] {processor.py:175} INFO - Processing /home/airflow/.local/lib/python3.7/site-packages/airflow/example_dags/example_kubernetes_executor.py took 0.272 seconds
[2023-03-07T00:07:13.290+0000] {processor.py:153} INFO - Started process (PID=2690) to work on /home/airflow/.local/lib/python3.7/site-packages/airflow/example_dags/example_kubernetes_executor.py
[2023-03-07T00:07:13.295+0000] {processor.py:743} INFO - Processing file /home/airflow/.local/lib/python3.7/site-packages/airflow/example_dags/example_kubernetes_executor.py for tasks to queue
[2023-03-07T00:07:13.298+0000] {logging_mixin.py:137} INFO - [2023-03-07T00:07:13.298+0000] {dagbag.py:538} INFO - Filling up the DagBag from /home/airflow/.local/lib/python3.7/site-packages/airflow/example_dags/example_kubernetes_executor.py
[2023-03-07T00:07:13.354+0000] {processor.py:753} INFO - DAG(s) dict_keys(['example_kubernetes_executor']) retrieved from /home/airflow/.local/lib/python3.7/site-packages/airflow/example_dags/example_kubernetes_executor.py
[2023-03-07T00:07:13.417+0000] {logging_mixin.py:137} INFO - [2023-03-07T00:07:13.417+0000] {dag.py:2690} INFO - Sync 1 DAGs
[2023-03-07T00:07:13.465+0000] {logging_mixin.py:137} INFO - [2023-03-07T00:07:13.465+0000] {dag.py:3441} INFO - Setting next_dagrun for example_kubernetes_executor to None, run_after=None
[2023-03-07T00:07:13.513+0000] {processor.py:175} INFO - Processing /home/airflow/.local/lib/python3.7/site-packages/airflow/example_dags/example_kubernetes_executor.py took 0.231 seconds
[2023-03-07T00:07:43.631+0000] {processor.py:153} INFO - Started process (PID=2763) to work on /home/airflow/.local/lib/python3.7/site-packages/airflow/example_dags/example_kubernetes_executor.py
[2023-03-07T00:07:43.634+0000] {processor.py:743} INFO - Processing file /home/airflow/.local/lib/python3.7/site-packages/airflow/example_dags/example_kubernetes_executor.py for tasks to queue
[2023-03-07T00:07:43.639+0000] {logging_mixin.py:137} INFO - [2023-03-07T00:07:43.639+0000] {dagbag.py:538} INFO - Filling up the DagBag from /home/airflow/.local/lib/python3.7/site-packages/airflow/example_dags/example_kubernetes_executor.py
[2023-03-07T00:07:43.723+0000] {processor.py:753} INFO - DAG(s) dict_keys(['example_kubernetes_executor']) retrieved from /home/airflow/.local/lib/python3.7/site-packages/airflow/example_dags/example_kubernetes_executor.py
[2023-03-07T00:07:43.785+0000] {logging_mixin.py:137} INFO - [2023-03-07T00:07:43.785+0000] {dag.py:2690} INFO - Sync 1 DAGs
[2023-03-07T00:07:43.834+0000] {logging_mixin.py:137} INFO - [2023-03-07T00:07:43.833+0000] {dag.py:3441} INFO - Setting next_dagrun for example_kubernetes_executor to None, run_after=None
[2023-03-07T00:07:43.877+0000] {processor.py:175} INFO - Processing /home/airflow/.local/lib/python3.7/site-packages/airflow/example_dags/example_kubernetes_executor.py took 0.256 seconds
[2023-03-07T00:08:14.155+0000] {processor.py:153} INFO - Started process (PID=2834) to work on /home/airflow/.local/lib/python3.7/site-packages/airflow/example_dags/example_kubernetes_executor.py
[2023-03-07T00:08:14.164+0000] {processor.py:743} INFO - Processing file /home/airflow/.local/lib/python3.7/site-packages/airflow/example_dags/example_kubernetes_executor.py for tasks to queue
[2023-03-07T00:08:14.169+0000] {logging_mixin.py:137} INFO - [2023-03-07T00:08:14.168+0000] {dagbag.py:538} INFO - Filling up the DagBag from /home/airflow/.local/lib/python3.7/site-packages/airflow/example_dags/example_kubernetes_executor.py
[2023-03-07T00:08:14.272+0000] {processor.py:753} INFO - DAG(s) dict_keys(['example_kubernetes_executor']) retrieved from /home/airflow/.local/lib/python3.7/site-packages/airflow/example_dags/example_kubernetes_executor.py
[2023-03-07T00:08:14.348+0000] {logging_mixin.py:137} INFO - [2023-03-07T00:08:14.348+0000] {dag.py:2690} INFO - Sync 1 DAGs
[2023-03-07T00:08:14.451+0000] {logging_mixin.py:137} INFO - [2023-03-07T00:08:14.450+0000] {dag.py:3441} INFO - Setting next_dagrun for example_kubernetes_executor to None, run_after=None
[2023-03-07T00:08:14.522+0000] {processor.py:175} INFO - Processing /home/airflow/.local/lib/python3.7/site-packages/airflow/example_dags/example_kubernetes_executor.py took 0.378 seconds
[2023-03-07T00:08:45.293+0000] {processor.py:153} INFO - Started process (PID=2907) to work on /home/airflow/.local/lib/python3.7/site-packages/airflow/example_dags/example_kubernetes_executor.py
[2023-03-07T00:08:45.298+0000] {processor.py:743} INFO - Processing file /home/airflow/.local/lib/python3.7/site-packages/airflow/example_dags/example_kubernetes_executor.py for tasks to queue
[2023-03-07T00:08:45.303+0000] {logging_mixin.py:137} INFO - [2023-03-07T00:08:45.303+0000] {dagbag.py:538} INFO - Filling up the DagBag from /home/airflow/.local/lib/python3.7/site-packages/airflow/example_dags/example_kubernetes_executor.py
[2023-03-07T00:08:45.379+0000] {processor.py:753} INFO - DAG(s) dict_keys(['example_kubernetes_executor']) retrieved from /home/airflow/.local/lib/python3.7/site-packages/airflow/example_dags/example_kubernetes_executor.py
[2023-03-07T00:08:45.481+0000] {logging_mixin.py:137} INFO - [2023-03-07T00:08:45.481+0000] {dag.py:2690} INFO - Sync 1 DAGs
[2023-03-07T00:08:45.552+0000] {logging_mixin.py:137} INFO - [2023-03-07T00:08:45.551+0000] {dag.py:3441} INFO - Setting next_dagrun for example_kubernetes_executor to None, run_after=None
[2023-03-07T00:08:45.599+0000] {processor.py:175} INFO - Processing /home/airflow/.local/lib/python3.7/site-packages/airflow/example_dags/example_kubernetes_executor.py took 0.318 seconds
[2023-03-07T00:09:15.735+0000] {processor.py:153} INFO - Started process (PID=2977) to work on /home/airflow/.local/lib/python3.7/site-packages/airflow/example_dags/example_kubernetes_executor.py
[2023-03-07T00:09:15.739+0000] {processor.py:743} INFO - Processing file /home/airflow/.local/lib/python3.7/site-packages/airflow/example_dags/example_kubernetes_executor.py for tasks to queue
[2023-03-07T00:09:15.743+0000] {logging_mixin.py:137} INFO - [2023-03-07T00:09:15.742+0000] {dagbag.py:538} INFO - Filling up the DagBag from /home/airflow/.local/lib/python3.7/site-packages/airflow/example_dags/example_kubernetes_executor.py
[2023-03-07T00:09:15.810+0000] {processor.py:753} INFO - DAG(s) dict_keys(['example_kubernetes_executor']) retrieved from /home/airflow/.local/lib/python3.7/site-packages/airflow/example_dags/example_kubernetes_executor.py
[2023-03-07T00:09:15.882+0000] {logging_mixin.py:137} INFO - [2023-03-07T00:09:15.881+0000] {dag.py:2690} INFO - Sync 1 DAGs
[2023-03-07T00:09:15.942+0000] {logging_mixin.py:137} INFO - [2023-03-07T00:09:15.942+0000] {dag.py:3441} INFO - Setting next_dagrun for example_kubernetes_executor to None, run_after=None
[2023-03-07T00:09:15.985+0000] {processor.py:175} INFO - Processing /home/airflow/.local/lib/python3.7/site-packages/airflow/example_dags/example_kubernetes_executor.py took 0.258 seconds
[2023-03-07T00:09:46.415+0000] {processor.py:153} INFO - Started process (PID=3045) to work on /home/airflow/.local/lib/python3.7/site-packages/airflow/example_dags/example_kubernetes_executor.py
[2023-03-07T00:09:46.419+0000] {processor.py:743} INFO - Processing file /home/airflow/.local/lib/python3.7/site-packages/airflow/example_dags/example_kubernetes_executor.py for tasks to queue
[2023-03-07T00:09:46.425+0000] {logging_mixin.py:137} INFO - [2023-03-07T00:09:46.425+0000] {dagbag.py:538} INFO - Filling up the DagBag from /home/airflow/.local/lib/python3.7/site-packages/airflow/example_dags/example_kubernetes_executor.py
[2023-03-07T00:09:46.498+0000] {processor.py:753} INFO - DAG(s) dict_keys(['example_kubernetes_executor']) retrieved from /home/airflow/.local/lib/python3.7/site-packages/airflow/example_dags/example_kubernetes_executor.py
[2023-03-07T00:09:46.566+0000] {logging_mixin.py:137} INFO - [2023-03-07T00:09:46.566+0000] {dag.py:2690} INFO - Sync 1 DAGs
[2023-03-07T00:09:46.624+0000] {logging_mixin.py:137} INFO - [2023-03-07T00:09:46.624+0000] {dag.py:3441} INFO - Setting next_dagrun for example_kubernetes_executor to None, run_after=None
[2023-03-07T00:09:46.674+0000] {processor.py:175} INFO - Processing /home/airflow/.local/lib/python3.7/site-packages/airflow/example_dags/example_kubernetes_executor.py took 0.280 seconds
[2023-03-07T00:10:17.165+0000] {processor.py:153} INFO - Started process (PID=3106) to work on /home/airflow/.local/lib/python3.7/site-packages/airflow/example_dags/example_kubernetes_executor.py
[2023-03-07T00:10:17.168+0000] {processor.py:743} INFO - Processing file /home/airflow/.local/lib/python3.7/site-packages/airflow/example_dags/example_kubernetes_executor.py for tasks to queue
[2023-03-07T00:10:17.177+0000] {logging_mixin.py:137} INFO - [2023-03-07T00:10:17.176+0000] {dagbag.py:538} INFO - Filling up the DagBag from /home/airflow/.local/lib/python3.7/site-packages/airflow/example_dags/example_kubernetes_executor.py
[2023-03-07T00:10:17.271+0000] {processor.py:753} INFO - DAG(s) dict_keys(['example_kubernetes_executor']) retrieved from /home/airflow/.local/lib/python3.7/site-packages/airflow/example_dags/example_kubernetes_executor.py
[2023-03-07T00:10:17.346+0000] {logging_mixin.py:137} INFO - [2023-03-07T00:10:17.346+0000] {dag.py:2690} INFO - Sync 1 DAGs
[2023-03-07T00:10:17.408+0000] {logging_mixin.py:137} INFO - [2023-03-07T00:10:17.408+0000] {dag.py:3441} INFO - Setting next_dagrun for example_kubernetes_executor to None, run_after=None
[2023-03-07T00:10:17.454+0000] {processor.py:175} INFO - Processing /home/airflow/.local/lib/python3.7/site-packages/airflow/example_dags/example_kubernetes_executor.py took 0.299 seconds
[2023-03-07T00:10:48.056+0000] {processor.py:153} INFO - Started process (PID=3187) to work on /home/airflow/.local/lib/python3.7/site-packages/airflow/example_dags/example_kubernetes_executor.py
[2023-03-07T00:10:48.061+0000] {processor.py:743} INFO - Processing file /home/airflow/.local/lib/python3.7/site-packages/airflow/example_dags/example_kubernetes_executor.py for tasks to queue
[2023-03-07T00:10:48.067+0000] {logging_mixin.py:137} INFO - [2023-03-07T00:10:48.066+0000] {dagbag.py:538} INFO - Filling up the DagBag from /home/airflow/.local/lib/python3.7/site-packages/airflow/example_dags/example_kubernetes_executor.py
[2023-03-07T00:10:48.179+0000] {processor.py:753} INFO - DAG(s) dict_keys(['example_kubernetes_executor']) retrieved from /home/airflow/.local/lib/python3.7/site-packages/airflow/example_dags/example_kubernetes_executor.py
[2023-03-07T00:10:48.307+0000] {logging_mixin.py:137} INFO - [2023-03-07T00:10:48.306+0000] {dag.py:2690} INFO - Sync 1 DAGs
[2023-03-07T00:10:48.367+0000] {logging_mixin.py:137} INFO - [2023-03-07T00:10:48.367+0000] {dag.py:3441} INFO - Setting next_dagrun for example_kubernetes_executor to None, run_after=None
[2023-03-07T00:10:48.418+0000] {processor.py:175} INFO - Processing /home/airflow/.local/lib/python3.7/site-packages/airflow/example_dags/example_kubernetes_executor.py took 0.377 seconds
[2023-03-07T00:11:19.565+0000] {processor.py:153} INFO - Started process (PID=3258) to work on /home/airflow/.local/lib/python3.7/site-packages/airflow/example_dags/example_kubernetes_executor.py
[2023-03-07T00:11:19.573+0000] {processor.py:743} INFO - Processing file /home/airflow/.local/lib/python3.7/site-packages/airflow/example_dags/example_kubernetes_executor.py for tasks to queue
[2023-03-07T00:11:19.578+0000] {logging_mixin.py:137} INFO - [2023-03-07T00:11:19.577+0000] {dagbag.py:538} INFO - Filling up the DagBag from /home/airflow/.local/lib/python3.7/site-packages/airflow/example_dags/example_kubernetes_executor.py
[2023-03-07T00:11:19.662+0000] {processor.py:753} INFO - DAG(s) dict_keys(['example_kubernetes_executor']) retrieved from /home/airflow/.local/lib/python3.7/site-packages/airflow/example_dags/example_kubernetes_executor.py
[2023-03-07T00:11:19.758+0000] {logging_mixin.py:137} INFO - [2023-03-07T00:11:19.757+0000] {dag.py:2690} INFO - Sync 1 DAGs
[2023-03-07T00:11:19.858+0000] {logging_mixin.py:137} INFO - [2023-03-07T00:11:19.857+0000] {dag.py:3441} INFO - Setting next_dagrun for example_kubernetes_executor to None, run_after=None
[2023-03-07T00:11:19.925+0000] {processor.py:175} INFO - Processing /home/airflow/.local/lib/python3.7/site-packages/airflow/example_dags/example_kubernetes_executor.py took 0.370 seconds
[2023-03-07T00:11:50.852+0000] {processor.py:153} INFO - Started process (PID=3326) to work on /home/airflow/.local/lib/python3.7/site-packages/airflow/example_dags/example_kubernetes_executor.py
[2023-03-07T00:11:50.857+0000] {processor.py:743} INFO - Processing file /home/airflow/.local/lib/python3.7/site-packages/airflow/example_dags/example_kubernetes_executor.py for tasks to queue
[2023-03-07T00:11:50.861+0000] {logging_mixin.py:137} INFO - [2023-03-07T00:11:50.860+0000] {dagbag.py:538} INFO - Filling up the DagBag from /home/airflow/.local/lib/python3.7/site-packages/airflow/example_dags/example_kubernetes_executor.py
[2023-03-07T00:11:50.947+0000] {processor.py:753} INFO - DAG(s) dict_keys(['example_kubernetes_executor']) retrieved from /home/airflow/.local/lib/python3.7/site-packages/airflow/example_dags/example_kubernetes_executor.py
[2023-03-07T00:11:51.026+0000] {logging_mixin.py:137} INFO - [2023-03-07T00:11:51.025+0000] {dag.py:2690} INFO - Sync 1 DAGs
[2023-03-07T00:11:51.091+0000] {logging_mixin.py:137} INFO - [2023-03-07T00:11:51.091+0000] {dag.py:3441} INFO - Setting next_dagrun for example_kubernetes_executor to None, run_after=None
[2023-03-07T00:11:51.136+0000] {processor.py:175} INFO - Processing /home/airflow/.local/lib/python3.7/site-packages/airflow/example_dags/example_kubernetes_executor.py took 0.297 seconds
[2023-03-07T00:12:21.382+0000] {processor.py:153} INFO - Started process (PID=3397) to work on /home/airflow/.local/lib/python3.7/site-packages/airflow/example_dags/example_kubernetes_executor.py
[2023-03-07T00:12:21.389+0000] {processor.py:743} INFO - Processing file /home/airflow/.local/lib/python3.7/site-packages/airflow/example_dags/example_kubernetes_executor.py for tasks to queue
[2023-03-07T00:12:21.395+0000] {logging_mixin.py:137} INFO - [2023-03-07T00:12:21.394+0000] {dagbag.py:538} INFO - Filling up the DagBag from /home/airflow/.local/lib/python3.7/site-packages/airflow/example_dags/example_kubernetes_executor.py
[2023-03-07T00:12:21.462+0000] {processor.py:753} INFO - DAG(s) dict_keys(['example_kubernetes_executor']) retrieved from /home/airflow/.local/lib/python3.7/site-packages/airflow/example_dags/example_kubernetes_executor.py
[2023-03-07T00:12:21.528+0000] {logging_mixin.py:137} INFO - [2023-03-07T00:12:21.528+0000] {dag.py:2690} INFO - Sync 1 DAGs
[2023-03-07T00:12:21.597+0000] {logging_mixin.py:137} INFO - [2023-03-07T00:12:21.596+0000] {dag.py:3441} INFO - Setting next_dagrun for example_kubernetes_executor to None, run_after=None
[2023-03-07T00:12:21.645+0000] {processor.py:175} INFO - Processing /home/airflow/.local/lib/python3.7/site-packages/airflow/example_dags/example_kubernetes_executor.py took 0.277 seconds
[2023-03-07T00:12:52.402+0000] {processor.py:153} INFO - Started process (PID=3471) to work on /home/airflow/.local/lib/python3.7/site-packages/airflow/example_dags/example_kubernetes_executor.py
[2023-03-07T00:12:52.406+0000] {processor.py:743} INFO - Processing file /home/airflow/.local/lib/python3.7/site-packages/airflow/example_dags/example_kubernetes_executor.py for tasks to queue
[2023-03-07T00:12:52.412+0000] {logging_mixin.py:137} INFO - [2023-03-07T00:12:52.411+0000] {dagbag.py:538} INFO - Filling up the DagBag from /home/airflow/.local/lib/python3.7/site-packages/airflow/example_dags/example_kubernetes_executor.py
[2023-03-07T00:12:52.468+0000] {processor.py:753} INFO - DAG(s) dict_keys(['example_kubernetes_executor']) retrieved from /home/airflow/.local/lib/python3.7/site-packages/airflow/example_dags/example_kubernetes_executor.py
[2023-03-07T00:12:52.529+0000] {logging_mixin.py:137} INFO - [2023-03-07T00:12:52.529+0000] {dag.py:2690} INFO - Sync 1 DAGs
[2023-03-07T00:12:52.581+0000] {logging_mixin.py:137} INFO - [2023-03-07T00:12:52.581+0000] {dag.py:3441} INFO - Setting next_dagrun for example_kubernetes_executor to None, run_after=None
[2023-03-07T00:12:52.627+0000] {processor.py:175} INFO - Processing /home/airflow/.local/lib/python3.7/site-packages/airflow/example_dags/example_kubernetes_executor.py took 0.233 seconds
[2023-03-07T00:13:37.415+0000] {processor.py:153} INFO - Started process (PID=3544) to work on /home/airflow/.local/lib/python3.7/site-packages/airflow/example_dags/example_kubernetes_executor.py
[2023-03-07T00:13:37.428+0000] {processor.py:743} INFO - Processing file /home/airflow/.local/lib/python3.7/site-packages/airflow/example_dags/example_kubernetes_executor.py for tasks to queue
[2023-03-07T00:13:37.439+0000] {logging_mixin.py:137} INFO - [2023-03-07T00:13:37.438+0000] {dagbag.py:538} INFO - Filling up the DagBag from /home/airflow/.local/lib/python3.7/site-packages/airflow/example_dags/example_kubernetes_executor.py
[2023-03-07T00:13:37.839+0000] {processor.py:753} INFO - DAG(s) dict_keys(['example_kubernetes_executor']) retrieved from /home/airflow/.local/lib/python3.7/site-packages/airflow/example_dags/example_kubernetes_executor.py
[2023-03-07T00:13:38.175+0000] {logging_mixin.py:137} INFO - [2023-03-07T00:13:38.175+0000] {dag.py:2690} INFO - Sync 1 DAGs
[2023-03-07T00:13:38.494+0000] {logging_mixin.py:137} INFO - [2023-03-07T00:13:38.493+0000] {dag.py:3441} INFO - Setting next_dagrun for example_kubernetes_executor to None, run_after=None
[2023-03-07T00:13:38.678+0000] {processor.py:175} INFO - Processing /home/airflow/.local/lib/python3.7/site-packages/airflow/example_dags/example_kubernetes_executor.py took 1.299 seconds
[2023-03-07T00:14:09.455+0000] {processor.py:153} INFO - Started process (PID=3613) to work on /home/airflow/.local/lib/python3.7/site-packages/airflow/example_dags/example_kubernetes_executor.py
[2023-03-07T00:14:09.479+0000] {processor.py:743} INFO - Processing file /home/airflow/.local/lib/python3.7/site-packages/airflow/example_dags/example_kubernetes_executor.py for tasks to queue
[2023-03-07T00:14:09.500+0000] {logging_mixin.py:137} INFO - [2023-03-07T00:14:09.500+0000] {dagbag.py:538} INFO - Filling up the DagBag from /home/airflow/.local/lib/python3.7/site-packages/airflow/example_dags/example_kubernetes_executor.py
[2023-03-07T00:14:09.619+0000] {processor.py:753} INFO - DAG(s) dict_keys(['example_kubernetes_executor']) retrieved from /home/airflow/.local/lib/python3.7/site-packages/airflow/example_dags/example_kubernetes_executor.py
[2023-03-07T00:14:09.739+0000] {logging_mixin.py:137} INFO - [2023-03-07T00:14:09.739+0000] {dag.py:2690} INFO - Sync 1 DAGs
[2023-03-07T00:14:09.861+0000] {logging_mixin.py:137} INFO - [2023-03-07T00:14:09.860+0000] {dag.py:3441} INFO - Setting next_dagrun for example_kubernetes_executor to None, run_after=None
[2023-03-07T00:14:09.941+0000] {processor.py:175} INFO - Processing /home/airflow/.local/lib/python3.7/site-packages/airflow/example_dags/example_kubernetes_executor.py took 0.503 seconds
[2023-03-07T00:14:40.189+0000] {processor.py:153} INFO - Started process (PID=3669) to work on /home/airflow/.local/lib/python3.7/site-packages/airflow/example_dags/example_kubernetes_executor.py
[2023-03-07T00:14:40.193+0000] {processor.py:743} INFO - Processing file /home/airflow/.local/lib/python3.7/site-packages/airflow/example_dags/example_kubernetes_executor.py for tasks to queue
[2023-03-07T00:14:40.197+0000] {logging_mixin.py:137} INFO - [2023-03-07T00:14:40.197+0000] {dagbag.py:538} INFO - Filling up the DagBag from /home/airflow/.local/lib/python3.7/site-packages/airflow/example_dags/example_kubernetes_executor.py
[2023-03-07T00:14:40.256+0000] {processor.py:753} INFO - DAG(s) dict_keys(['example_kubernetes_executor']) retrieved from /home/airflow/.local/lib/python3.7/site-packages/airflow/example_dags/example_kubernetes_executor.py
[2023-03-07T00:14:40.315+0000] {logging_mixin.py:137} INFO - [2023-03-07T00:14:40.315+0000] {dag.py:2690} INFO - Sync 1 DAGs
[2023-03-07T00:14:40.363+0000] {logging_mixin.py:137} INFO - [2023-03-07T00:14:40.363+0000] {dag.py:3441} INFO - Setting next_dagrun for example_kubernetes_executor to None, run_after=None
[2023-03-07T00:14:40.399+0000] {processor.py:175} INFO - Processing /home/airflow/.local/lib/python3.7/site-packages/airflow/example_dags/example_kubernetes_executor.py took 0.217 seconds
[2023-03-07T00:16:26.881+0000] {processor.py:153} INFO - Started process (PID=3756) to work on /home/airflow/.local/lib/python3.7/site-packages/airflow/example_dags/example_kubernetes_executor.py
[2023-03-07T00:16:26.887+0000] {processor.py:743} INFO - Processing file /home/airflow/.local/lib/python3.7/site-packages/airflow/example_dags/example_kubernetes_executor.py for tasks to queue
[2023-03-07T00:16:26.894+0000] {logging_mixin.py:137} INFO - [2023-03-07T00:16:26.893+0000] {dagbag.py:538} INFO - Filling up the DagBag from /home/airflow/.local/lib/python3.7/site-packages/airflow/example_dags/example_kubernetes_executor.py
[2023-03-07T00:16:27.006+0000] {processor.py:753} INFO - DAG(s) dict_keys(['example_kubernetes_executor']) retrieved from /home/airflow/.local/lib/python3.7/site-packages/airflow/example_dags/example_kubernetes_executor.py
[2023-03-07T00:16:27.158+0000] {logging_mixin.py:137} INFO - [2023-03-07T00:16:27.157+0000] {dag.py:2690} INFO - Sync 1 DAGs
[2023-03-07T00:16:27.422+0000] {logging_mixin.py:137} INFO - [2023-03-07T00:16:27.421+0000] {dag.py:3441} INFO - Setting next_dagrun for example_kubernetes_executor to None, run_after=None
[2023-03-07T00:16:27.480+0000] {processor.py:175} INFO - Processing /home/airflow/.local/lib/python3.7/site-packages/airflow/example_dags/example_kubernetes_executor.py took 0.612 seconds
[2023-03-07T00:17:02.033+0000] {processor.py:153} INFO - Started process (PID=3827) to work on /home/airflow/.local/lib/python3.7/site-packages/airflow/example_dags/example_kubernetes_executor.py
[2023-03-07T00:17:02.037+0000] {processor.py:743} INFO - Processing file /home/airflow/.local/lib/python3.7/site-packages/airflow/example_dags/example_kubernetes_executor.py for tasks to queue
[2023-03-07T00:17:02.045+0000] {logging_mixin.py:137} INFO - [2023-03-07T00:17:02.045+0000] {dagbag.py:538} INFO - Filling up the DagBag from /home/airflow/.local/lib/python3.7/site-packages/airflow/example_dags/example_kubernetes_executor.py
[2023-03-07T00:17:02.209+0000] {processor.py:753} INFO - DAG(s) dict_keys(['example_kubernetes_executor']) retrieved from /home/airflow/.local/lib/python3.7/site-packages/airflow/example_dags/example_kubernetes_executor.py
[2023-03-07T00:17:02.307+0000] {logging_mixin.py:137} INFO - [2023-03-07T00:17:02.307+0000] {dag.py:2690} INFO - Sync 1 DAGs
[2023-03-07T00:17:02.391+0000] {logging_mixin.py:137} INFO - [2023-03-07T00:17:02.391+0000] {dag.py:3441} INFO - Setting next_dagrun for example_kubernetes_executor to None, run_after=None
[2023-03-07T00:17:02.447+0000] {processor.py:175} INFO - Processing /home/airflow/.local/lib/python3.7/site-packages/airflow/example_dags/example_kubernetes_executor.py took 0.423 seconds
[2023-03-07T00:17:33.202+0000] {processor.py:153} INFO - Started process (PID=3889) to work on /home/airflow/.local/lib/python3.7/site-packages/airflow/example_dags/example_kubernetes_executor.py
[2023-03-07T00:17:33.207+0000] {processor.py:743} INFO - Processing file /home/airflow/.local/lib/python3.7/site-packages/airflow/example_dags/example_kubernetes_executor.py for tasks to queue
[2023-03-07T00:17:33.211+0000] {logging_mixin.py:137} INFO - [2023-03-07T00:17:33.211+0000] {dagbag.py:538} INFO - Filling up the DagBag from /home/airflow/.local/lib/python3.7/site-packages/airflow/example_dags/example_kubernetes_executor.py
[2023-03-07T00:17:33.294+0000] {processor.py:753} INFO - DAG(s) dict_keys(['example_kubernetes_executor']) retrieved from /home/airflow/.local/lib/python3.7/site-packages/airflow/example_dags/example_kubernetes_executor.py
[2023-03-07T00:17:33.369+0000] {logging_mixin.py:137} INFO - [2023-03-07T00:17:33.369+0000] {dag.py:2690} INFO - Sync 1 DAGs
[2023-03-07T00:17:33.439+0000] {logging_mixin.py:137} INFO - [2023-03-07T00:17:33.439+0000] {dag.py:3441} INFO - Setting next_dagrun for example_kubernetes_executor to None, run_after=None
[2023-03-07T00:17:33.501+0000] {processor.py:175} INFO - Processing /home/airflow/.local/lib/python3.7/site-packages/airflow/example_dags/example_kubernetes_executor.py took 0.310 seconds
[2023-03-07T00:18:04.176+0000] {processor.py:153} INFO - Started process (PID=3969) to work on /home/airflow/.local/lib/python3.7/site-packages/airflow/example_dags/example_kubernetes_executor.py
[2023-03-07T00:18:04.179+0000] {processor.py:743} INFO - Processing file /home/airflow/.local/lib/python3.7/site-packages/airflow/example_dags/example_kubernetes_executor.py for tasks to queue
[2023-03-07T00:18:04.182+0000] {logging_mixin.py:137} INFO - [2023-03-07T00:18:04.182+0000] {dagbag.py:538} INFO - Filling up the DagBag from /home/airflow/.local/lib/python3.7/site-packages/airflow/example_dags/example_kubernetes_executor.py
[2023-03-07T00:18:04.285+0000] {processor.py:753} INFO - DAG(s) dict_keys(['example_kubernetes_executor']) retrieved from /home/airflow/.local/lib/python3.7/site-packages/airflow/example_dags/example_kubernetes_executor.py
[2023-03-07T00:18:04.384+0000] {logging_mixin.py:137} INFO - [2023-03-07T00:18:04.384+0000] {dag.py:2690} INFO - Sync 1 DAGs
[2023-03-07T00:18:04.469+0000] {logging_mixin.py:137} INFO - [2023-03-07T00:18:04.468+0000] {dag.py:3441} INFO - Setting next_dagrun for example_kubernetes_executor to None, run_after=None
[2023-03-07T00:18:04.527+0000] {processor.py:175} INFO - Processing /home/airflow/.local/lib/python3.7/site-packages/airflow/example_dags/example_kubernetes_executor.py took 0.361 seconds
[2023-03-07T00:18:35.383+0000] {processor.py:153} INFO - Started process (PID=4043) to work on /home/airflow/.local/lib/python3.7/site-packages/airflow/example_dags/example_kubernetes_executor.py
[2023-03-07T00:18:35.387+0000] {processor.py:743} INFO - Processing file /home/airflow/.local/lib/python3.7/site-packages/airflow/example_dags/example_kubernetes_executor.py for tasks to queue
[2023-03-07T00:18:35.395+0000] {logging_mixin.py:137} INFO - [2023-03-07T00:18:35.394+0000] {dagbag.py:538} INFO - Filling up the DagBag from /home/airflow/.local/lib/python3.7/site-packages/airflow/example_dags/example_kubernetes_executor.py
[2023-03-07T00:18:35.496+0000] {processor.py:753} INFO - DAG(s) dict_keys(['example_kubernetes_executor']) retrieved from /home/airflow/.local/lib/python3.7/site-packages/airflow/example_dags/example_kubernetes_executor.py
[2023-03-07T00:18:35.626+0000] {logging_mixin.py:137} INFO - [2023-03-07T00:18:35.625+0000] {dag.py:2690} INFO - Sync 1 DAGs
[2023-03-07T00:18:35.693+0000] {logging_mixin.py:137} INFO - [2023-03-07T00:18:35.693+0000] {dag.py:3441} INFO - Setting next_dagrun for example_kubernetes_executor to None, run_after=None
[2023-03-07T00:18:35.749+0000] {processor.py:175} INFO - Processing /home/airflow/.local/lib/python3.7/site-packages/airflow/example_dags/example_kubernetes_executor.py took 0.376 seconds
[2023-03-07T00:19:18.102+0000] {processor.py:153} INFO - Started process (PID=4112) to work on /home/airflow/.local/lib/python3.7/site-packages/airflow/example_dags/example_kubernetes_executor.py
[2023-03-07T00:19:18.109+0000] {processor.py:743} INFO - Processing file /home/airflow/.local/lib/python3.7/site-packages/airflow/example_dags/example_kubernetes_executor.py for tasks to queue
[2023-03-07T00:19:18.119+0000] {logging_mixin.py:137} INFO - [2023-03-07T00:19:18.118+0000] {dagbag.py:538} INFO - Filling up the DagBag from /home/airflow/.local/lib/python3.7/site-packages/airflow/example_dags/example_kubernetes_executor.py
[2023-03-07T00:19:18.222+0000] {processor.py:753} INFO - DAG(s) dict_keys(['example_kubernetes_executor']) retrieved from /home/airflow/.local/lib/python3.7/site-packages/airflow/example_dags/example_kubernetes_executor.py
[2023-03-07T00:19:18.348+0000] {logging_mixin.py:137} INFO - [2023-03-07T00:19:18.347+0000] {dag.py:2690} INFO - Sync 1 DAGs
[2023-03-07T00:19:18.465+0000] {logging_mixin.py:137} INFO - [2023-03-07T00:19:18.464+0000] {dag.py:3441} INFO - Setting next_dagrun for example_kubernetes_executor to None, run_after=None
[2023-03-07T00:19:18.591+0000] {processor.py:175} INFO - Processing /home/airflow/.local/lib/python3.7/site-packages/airflow/example_dags/example_kubernetes_executor.py took 0.506 seconds
[2023-03-07T00:19:49.238+0000] {processor.py:153} INFO - Started process (PID=4181) to work on /home/airflow/.local/lib/python3.7/site-packages/airflow/example_dags/example_kubernetes_executor.py
[2023-03-07T00:19:49.242+0000] {processor.py:743} INFO - Processing file /home/airflow/.local/lib/python3.7/site-packages/airflow/example_dags/example_kubernetes_executor.py for tasks to queue
[2023-03-07T00:19:49.249+0000] {logging_mixin.py:137} INFO - [2023-03-07T00:19:49.247+0000] {dagbag.py:538} INFO - Filling up the DagBag from /home/airflow/.local/lib/python3.7/site-packages/airflow/example_dags/example_kubernetes_executor.py
[2023-03-07T00:19:49.435+0000] {processor.py:753} INFO - DAG(s) dict_keys(['example_kubernetes_executor']) retrieved from /home/airflow/.local/lib/python3.7/site-packages/airflow/example_dags/example_kubernetes_executor.py
[2023-03-07T00:19:50.178+0000] {logging_mixin.py:137} INFO - [2023-03-07T00:19:50.178+0000] {dag.py:2690} INFO - Sync 1 DAGs
[2023-03-07T00:19:50.354+0000] {logging_mixin.py:137} INFO - [2023-03-07T00:19:50.354+0000] {dag.py:3441} INFO - Setting next_dagrun for example_kubernetes_executor to None, run_after=None
[2023-03-07T00:19:50.423+0000] {processor.py:175} INFO - Processing /home/airflow/.local/lib/python3.7/site-packages/airflow/example_dags/example_kubernetes_executor.py took 1.199 seconds
[2023-03-07T00:20:21.104+0000] {processor.py:153} INFO - Started process (PID=4240) to work on /home/airflow/.local/lib/python3.7/site-packages/airflow/example_dags/example_kubernetes_executor.py
[2023-03-07T00:20:21.110+0000] {processor.py:743} INFO - Processing file /home/airflow/.local/lib/python3.7/site-packages/airflow/example_dags/example_kubernetes_executor.py for tasks to queue
[2023-03-07T00:20:21.114+0000] {logging_mixin.py:137} INFO - [2023-03-07T00:20:21.113+0000] {dagbag.py:538} INFO - Filling up the DagBag from /home/airflow/.local/lib/python3.7/site-packages/airflow/example_dags/example_kubernetes_executor.py
[2023-03-07T00:20:21.235+0000] {processor.py:753} INFO - DAG(s) dict_keys(['example_kubernetes_executor']) retrieved from /home/airflow/.local/lib/python3.7/site-packages/airflow/example_dags/example_kubernetes_executor.py
[2023-03-07T00:20:21.374+0000] {logging_mixin.py:137} INFO - [2023-03-07T00:20:21.373+0000] {dag.py:2690} INFO - Sync 1 DAGs
[2023-03-07T00:20:21.491+0000] {logging_mixin.py:137} INFO - [2023-03-07T00:20:21.491+0000] {dag.py:3441} INFO - Setting next_dagrun for example_kubernetes_executor to None, run_after=None
[2023-03-07T00:20:21.589+0000] {processor.py:175} INFO - Processing /home/airflow/.local/lib/python3.7/site-packages/airflow/example_dags/example_kubernetes_executor.py took 0.497 seconds
[2023-03-07T00:21:10.955+0000] {processor.py:153} INFO - Started process (PID=4317) to work on /home/airflow/.local/lib/python3.7/site-packages/airflow/example_dags/example_kubernetes_executor.py
[2023-03-07T00:21:10.963+0000] {processor.py:743} INFO - Processing file /home/airflow/.local/lib/python3.7/site-packages/airflow/example_dags/example_kubernetes_executor.py for tasks to queue
[2023-03-07T00:21:10.977+0000] {logging_mixin.py:137} INFO - [2023-03-07T00:21:10.976+0000] {dagbag.py:538} INFO - Filling up the DagBag from /home/airflow/.local/lib/python3.7/site-packages/airflow/example_dags/example_kubernetes_executor.py
[2023-03-07T00:21:11.102+0000] {processor.py:753} INFO - DAG(s) dict_keys(['example_kubernetes_executor']) retrieved from /home/airflow/.local/lib/python3.7/site-packages/airflow/example_dags/example_kubernetes_executor.py
[2023-03-07T00:21:11.229+0000] {logging_mixin.py:137} INFO - [2023-03-07T00:21:11.228+0000] {dag.py:2690} INFO - Sync 1 DAGs
[2023-03-07T00:21:11.366+0000] {logging_mixin.py:137} INFO - [2023-03-07T00:21:11.366+0000] {dag.py:3441} INFO - Setting next_dagrun for example_kubernetes_executor to None, run_after=None
[2023-03-07T00:21:11.437+0000] {processor.py:175} INFO - Processing /home/airflow/.local/lib/python3.7/site-packages/airflow/example_dags/example_kubernetes_executor.py took 0.518 seconds
[2023-03-07T00:21:45.642+0000] {processor.py:153} INFO - Started process (PID=4385) to work on /home/airflow/.local/lib/python3.7/site-packages/airflow/example_dags/example_kubernetes_executor.py
[2023-03-07T00:21:45.657+0000] {processor.py:743} INFO - Processing file /home/airflow/.local/lib/python3.7/site-packages/airflow/example_dags/example_kubernetes_executor.py for tasks to queue
[2023-03-07T00:21:45.661+0000] {logging_mixin.py:137} INFO - [2023-03-07T00:21:45.661+0000] {dagbag.py:538} INFO - Filling up the DagBag from /home/airflow/.local/lib/python3.7/site-packages/airflow/example_dags/example_kubernetes_executor.py
[2023-03-07T00:21:45.813+0000] {processor.py:753} INFO - DAG(s) dict_keys(['example_kubernetes_executor']) retrieved from /home/airflow/.local/lib/python3.7/site-packages/airflow/example_dags/example_kubernetes_executor.py
[2023-03-07T00:21:45.952+0000] {logging_mixin.py:137} INFO - [2023-03-07T00:21:45.952+0000] {dag.py:2690} INFO - Sync 1 DAGs
[2023-03-07T00:21:46.080+0000] {logging_mixin.py:137} INFO - [2023-03-07T00:21:46.080+0000] {dag.py:3441} INFO - Setting next_dagrun for example_kubernetes_executor to None, run_after=None
[2023-03-07T00:21:46.193+0000] {processor.py:175} INFO - Processing /home/airflow/.local/lib/python3.7/site-packages/airflow/example_dags/example_kubernetes_executor.py took 0.573 seconds
[2023-03-07T00:23:23.223+0000] {processor.py:153} INFO - Started process (PID=4482) to work on /home/airflow/.local/lib/python3.7/site-packages/airflow/example_dags/example_kubernetes_executor.py
[2023-03-07T00:23:23.232+0000] {processor.py:743} INFO - Processing file /home/airflow/.local/lib/python3.7/site-packages/airflow/example_dags/example_kubernetes_executor.py for tasks to queue
[2023-03-07T00:23:23.247+0000] {logging_mixin.py:137} INFO - [2023-03-07T00:23:23.243+0000] {dagbag.py:538} INFO - Filling up the DagBag from /home/airflow/.local/lib/python3.7/site-packages/airflow/example_dags/example_kubernetes_executor.py
[2023-03-07T00:23:23.434+0000] {processor.py:753} INFO - DAG(s) dict_keys(['example_kubernetes_executor']) retrieved from /home/airflow/.local/lib/python3.7/site-packages/airflow/example_dags/example_kubernetes_executor.py
[2023-03-07T00:23:23.637+0000] {logging_mixin.py:137} INFO - [2023-03-07T00:23:23.637+0000] {dag.py:2690} INFO - Sync 1 DAGs
[2023-03-07T00:23:23.775+0000] {logging_mixin.py:137} INFO - [2023-03-07T00:23:23.775+0000] {dag.py:3441} INFO - Setting next_dagrun for example_kubernetes_executor to None, run_after=None
[2023-03-07T00:23:23.899+0000] {processor.py:175} INFO - Processing /home/airflow/.local/lib/python3.7/site-packages/airflow/example_dags/example_kubernetes_executor.py took 0.700 seconds
[2023-03-07T00:23:54.649+0000] {processor.py:153} INFO - Started process (PID=4544) to work on /home/airflow/.local/lib/python3.7/site-packages/airflow/example_dags/example_kubernetes_executor.py
[2023-03-07T00:23:54.653+0000] {processor.py:743} INFO - Processing file /home/airflow/.local/lib/python3.7/site-packages/airflow/example_dags/example_kubernetes_executor.py for tasks to queue
[2023-03-07T00:23:54.661+0000] {logging_mixin.py:137} INFO - [2023-03-07T00:23:54.661+0000] {dagbag.py:538} INFO - Filling up the DagBag from /home/airflow/.local/lib/python3.7/site-packages/airflow/example_dags/example_kubernetes_executor.py
[2023-03-07T00:23:54.772+0000] {processor.py:753} INFO - DAG(s) dict_keys(['example_kubernetes_executor']) retrieved from /home/airflow/.local/lib/python3.7/site-packages/airflow/example_dags/example_kubernetes_executor.py
[2023-03-07T00:23:54.873+0000] {logging_mixin.py:137} INFO - [2023-03-07T00:23:54.873+0000] {dag.py:2690} INFO - Sync 1 DAGs
[2023-03-07T00:23:54.998+0000] {logging_mixin.py:137} INFO - [2023-03-07T00:23:54.998+0000] {dag.py:3441} INFO - Setting next_dagrun for example_kubernetes_executor to None, run_after=None
[2023-03-07T00:23:55.052+0000] {processor.py:175} INFO - Processing /home/airflow/.local/lib/python3.7/site-packages/airflow/example_dags/example_kubernetes_executor.py took 0.428 seconds
[2023-03-07T00:24:25.135+0000] {processor.py:153} INFO - Started process (PID=4615) to work on /home/airflow/.local/lib/python3.7/site-packages/airflow/example_dags/example_kubernetes_executor.py
[2023-03-07T00:24:25.138+0000] {processor.py:743} INFO - Processing file /home/airflow/.local/lib/python3.7/site-packages/airflow/example_dags/example_kubernetes_executor.py for tasks to queue
[2023-03-07T00:24:25.142+0000] {logging_mixin.py:137} INFO - [2023-03-07T00:24:25.141+0000] {dagbag.py:538} INFO - Filling up the DagBag from /home/airflow/.local/lib/python3.7/site-packages/airflow/example_dags/example_kubernetes_executor.py
[2023-03-07T00:24:25.219+0000] {processor.py:753} INFO - DAG(s) dict_keys(['example_kubernetes_executor']) retrieved from /home/airflow/.local/lib/python3.7/site-packages/airflow/example_dags/example_kubernetes_executor.py
[2023-03-07T00:24:25.292+0000] {logging_mixin.py:137} INFO - [2023-03-07T00:24:25.292+0000] {dag.py:2690} INFO - Sync 1 DAGs
[2023-03-07T00:24:25.346+0000] {logging_mixin.py:137} INFO - [2023-03-07T00:24:25.346+0000] {dag.py:3441} INFO - Setting next_dagrun for example_kubernetes_executor to None, run_after=None
[2023-03-07T00:24:25.395+0000] {processor.py:175} INFO - Processing /home/airflow/.local/lib/python3.7/site-packages/airflow/example_dags/example_kubernetes_executor.py took 0.267 seconds
[2023-03-07T00:24:56.266+0000] {processor.py:153} INFO - Started process (PID=4685) to work on /home/airflow/.local/lib/python3.7/site-packages/airflow/example_dags/example_kubernetes_executor.py
[2023-03-07T00:24:56.273+0000] {processor.py:743} INFO - Processing file /home/airflow/.local/lib/python3.7/site-packages/airflow/example_dags/example_kubernetes_executor.py for tasks to queue
[2023-03-07T00:24:56.281+0000] {logging_mixin.py:137} INFO - [2023-03-07T00:24:56.281+0000] {dagbag.py:538} INFO - Filling up the DagBag from /home/airflow/.local/lib/python3.7/site-packages/airflow/example_dags/example_kubernetes_executor.py
[2023-03-07T00:24:56.392+0000] {processor.py:753} INFO - DAG(s) dict_keys(['example_kubernetes_executor']) retrieved from /home/airflow/.local/lib/python3.7/site-packages/airflow/example_dags/example_kubernetes_executor.py
[2023-03-07T00:24:56.480+0000] {logging_mixin.py:137} INFO - [2023-03-07T00:24:56.480+0000] {dag.py:2690} INFO - Sync 1 DAGs
[2023-03-07T00:24:56.570+0000] {logging_mixin.py:137} INFO - [2023-03-07T00:24:56.569+0000] {dag.py:3441} INFO - Setting next_dagrun for example_kubernetes_executor to None, run_after=None
[2023-03-07T00:24:56.627+0000] {processor.py:175} INFO - Processing /home/airflow/.local/lib/python3.7/site-packages/airflow/example_dags/example_kubernetes_executor.py took 0.373 seconds
[2023-03-07T00:25:27.038+0000] {processor.py:153} INFO - Started process (PID=4765) to work on /home/airflow/.local/lib/python3.7/site-packages/airflow/example_dags/example_kubernetes_executor.py
[2023-03-07T00:25:27.041+0000] {processor.py:743} INFO - Processing file /home/airflow/.local/lib/python3.7/site-packages/airflow/example_dags/example_kubernetes_executor.py for tasks to queue
[2023-03-07T00:25:27.046+0000] {logging_mixin.py:137} INFO - [2023-03-07T00:25:27.046+0000] {dagbag.py:538} INFO - Filling up the DagBag from /home/airflow/.local/lib/python3.7/site-packages/airflow/example_dags/example_kubernetes_executor.py
[2023-03-07T00:25:27.111+0000] {processor.py:753} INFO - DAG(s) dict_keys(['example_kubernetes_executor']) retrieved from /home/airflow/.local/lib/python3.7/site-packages/airflow/example_dags/example_kubernetes_executor.py
[2023-03-07T00:25:27.180+0000] {logging_mixin.py:137} INFO - [2023-03-07T00:25:27.180+0000] {dag.py:2690} INFO - Sync 1 DAGs
[2023-03-07T00:25:27.237+0000] {logging_mixin.py:137} INFO - [2023-03-07T00:25:27.237+0000] {dag.py:3441} INFO - Setting next_dagrun for example_kubernetes_executor to None, run_after=None
[2023-03-07T00:25:27.282+0000] {processor.py:175} INFO - Processing /home/airflow/.local/lib/python3.7/site-packages/airflow/example_dags/example_kubernetes_executor.py took 0.252 seconds
[2023-03-07T00:25:57.763+0000] {processor.py:153} INFO - Started process (PID=4836) to work on /home/airflow/.local/lib/python3.7/site-packages/airflow/example_dags/example_kubernetes_executor.py
[2023-03-07T00:25:57.768+0000] {processor.py:743} INFO - Processing file /home/airflow/.local/lib/python3.7/site-packages/airflow/example_dags/example_kubernetes_executor.py for tasks to queue
[2023-03-07T00:25:57.774+0000] {logging_mixin.py:137} INFO - [2023-03-07T00:25:57.773+0000] {dagbag.py:538} INFO - Filling up the DagBag from /home/airflow/.local/lib/python3.7/site-packages/airflow/example_dags/example_kubernetes_executor.py
[2023-03-07T00:25:57.859+0000] {processor.py:753} INFO - DAG(s) dict_keys(['example_kubernetes_executor']) retrieved from /home/airflow/.local/lib/python3.7/site-packages/airflow/example_dags/example_kubernetes_executor.py
[2023-03-07T00:25:57.936+0000] {logging_mixin.py:137} INFO - [2023-03-07T00:25:57.936+0000] {dag.py:2690} INFO - Sync 1 DAGs
[2023-03-07T00:25:57.997+0000] {logging_mixin.py:137} INFO - [2023-03-07T00:25:57.997+0000] {dag.py:3441} INFO - Setting next_dagrun for example_kubernetes_executor to None, run_after=None
[2023-03-07T00:25:58.059+0000] {processor.py:175} INFO - Processing /home/airflow/.local/lib/python3.7/site-packages/airflow/example_dags/example_kubernetes_executor.py took 0.304 seconds
[2023-03-07T00:26:29.018+0000] {processor.py:153} INFO - Started process (PID=4907) to work on /home/airflow/.local/lib/python3.7/site-packages/airflow/example_dags/example_kubernetes_executor.py
[2023-03-07T00:26:29.026+0000] {processor.py:743} INFO - Processing file /home/airflow/.local/lib/python3.7/site-packages/airflow/example_dags/example_kubernetes_executor.py for tasks to queue
[2023-03-07T00:26:29.032+0000] {logging_mixin.py:137} INFO - [2023-03-07T00:26:29.030+0000] {dagbag.py:538} INFO - Filling up the DagBag from /home/airflow/.local/lib/python3.7/site-packages/airflow/example_dags/example_kubernetes_executor.py
[2023-03-07T00:26:29.121+0000] {processor.py:753} INFO - DAG(s) dict_keys(['example_kubernetes_executor']) retrieved from /home/airflow/.local/lib/python3.7/site-packages/airflow/example_dags/example_kubernetes_executor.py
[2023-03-07T00:26:29.212+0000] {logging_mixin.py:137} INFO - [2023-03-07T00:26:29.212+0000] {dag.py:2690} INFO - Sync 1 DAGs
[2023-03-07T00:26:29.292+0000] {logging_mixin.py:137} INFO - [2023-03-07T00:26:29.291+0000] {dag.py:3441} INFO - Setting next_dagrun for example_kubernetes_executor to None, run_after=None
[2023-03-07T00:26:29.362+0000] {processor.py:175} INFO - Processing /home/airflow/.local/lib/python3.7/site-packages/airflow/example_dags/example_kubernetes_executor.py took 0.354 seconds
[2023-03-07T00:27:00.292+0000] {processor.py:153} INFO - Started process (PID=4979) to work on /home/airflow/.local/lib/python3.7/site-packages/airflow/example_dags/example_kubernetes_executor.py
[2023-03-07T00:27:00.299+0000] {processor.py:743} INFO - Processing file /home/airflow/.local/lib/python3.7/site-packages/airflow/example_dags/example_kubernetes_executor.py for tasks to queue
[2023-03-07T00:27:00.306+0000] {logging_mixin.py:137} INFO - [2023-03-07T00:27:00.306+0000] {dagbag.py:538} INFO - Filling up the DagBag from /home/airflow/.local/lib/python3.7/site-packages/airflow/example_dags/example_kubernetes_executor.py
[2023-03-07T00:27:00.453+0000] {processor.py:753} INFO - DAG(s) dict_keys(['example_kubernetes_executor']) retrieved from /home/airflow/.local/lib/python3.7/site-packages/airflow/example_dags/example_kubernetes_executor.py
[2023-03-07T00:27:00.535+0000] {logging_mixin.py:137} INFO - [2023-03-07T00:27:00.535+0000] {dag.py:2690} INFO - Sync 1 DAGs
[2023-03-07T00:27:00.838+0000] {logging_mixin.py:137} INFO - [2023-03-07T00:27:00.838+0000] {dag.py:3441} INFO - Setting next_dagrun for example_kubernetes_executor to None, run_after=None
[2023-03-07T00:27:00.955+0000] {processor.py:175} INFO - Processing /home/airflow/.local/lib/python3.7/site-packages/airflow/example_dags/example_kubernetes_executor.py took 0.678 seconds
[2023-03-07T00:27:31.814+0000] {processor.py:153} INFO - Started process (PID=5051) to work on /home/airflow/.local/lib/python3.7/site-packages/airflow/example_dags/example_kubernetes_executor.py
[2023-03-07T00:27:31.817+0000] {processor.py:743} INFO - Processing file /home/airflow/.local/lib/python3.7/site-packages/airflow/example_dags/example_kubernetes_executor.py for tasks to queue
[2023-03-07T00:27:31.821+0000] {logging_mixin.py:137} INFO - [2023-03-07T00:27:31.820+0000] {dagbag.py:538} INFO - Filling up the DagBag from /home/airflow/.local/lib/python3.7/site-packages/airflow/example_dags/example_kubernetes_executor.py
[2023-03-07T00:27:31.880+0000] {processor.py:753} INFO - DAG(s) dict_keys(['example_kubernetes_executor']) retrieved from /home/airflow/.local/lib/python3.7/site-packages/airflow/example_dags/example_kubernetes_executor.py
[2023-03-07T00:27:31.940+0000] {logging_mixin.py:137} INFO - [2023-03-07T00:27:31.940+0000] {dag.py:2690} INFO - Sync 1 DAGs
[2023-03-07T00:27:31.991+0000] {logging_mixin.py:137} INFO - [2023-03-07T00:27:31.990+0000] {dag.py:3441} INFO - Setting next_dagrun for example_kubernetes_executor to None, run_after=None
[2023-03-07T00:27:32.030+0000] {processor.py:175} INFO - Processing /home/airflow/.local/lib/python3.7/site-packages/airflow/example_dags/example_kubernetes_executor.py took 0.221 seconds
[2023-03-07T00:28:02.335+0000] {processor.py:153} INFO - Started process (PID=5122) to work on /home/airflow/.local/lib/python3.7/site-packages/airflow/example_dags/example_kubernetes_executor.py
[2023-03-07T00:28:02.338+0000] {processor.py:743} INFO - Processing file /home/airflow/.local/lib/python3.7/site-packages/airflow/example_dags/example_kubernetes_executor.py for tasks to queue
[2023-03-07T00:28:02.342+0000] {logging_mixin.py:137} INFO - [2023-03-07T00:28:02.342+0000] {dagbag.py:538} INFO - Filling up the DagBag from /home/airflow/.local/lib/python3.7/site-packages/airflow/example_dags/example_kubernetes_executor.py
[2023-03-07T00:28:02.405+0000] {processor.py:753} INFO - DAG(s) dict_keys(['example_kubernetes_executor']) retrieved from /home/airflow/.local/lib/python3.7/site-packages/airflow/example_dags/example_kubernetes_executor.py
[2023-03-07T00:28:02.473+0000] {logging_mixin.py:137} INFO - [2023-03-07T00:28:02.473+0000] {dag.py:2690} INFO - Sync 1 DAGs
[2023-03-07T00:28:02.523+0000] {logging_mixin.py:137} INFO - [2023-03-07T00:28:02.522+0000] {dag.py:3441} INFO - Setting next_dagrun for example_kubernetes_executor to None, run_after=None
[2023-03-07T00:28:02.560+0000] {processor.py:175} INFO - Processing /home/airflow/.local/lib/python3.7/site-packages/airflow/example_dags/example_kubernetes_executor.py took 0.234 seconds
[2023-03-07T00:28:33.061+0000] {processor.py:153} INFO - Started process (PID=5194) to work on /home/airflow/.local/lib/python3.7/site-packages/airflow/example_dags/example_kubernetes_executor.py
[2023-03-07T00:28:33.073+0000] {processor.py:743} INFO - Processing file /home/airflow/.local/lib/python3.7/site-packages/airflow/example_dags/example_kubernetes_executor.py for tasks to queue
[2023-03-07T00:28:33.078+0000] {logging_mixin.py:137} INFO - [2023-03-07T00:28:33.078+0000] {dagbag.py:538} INFO - Filling up the DagBag from /home/airflow/.local/lib/python3.7/site-packages/airflow/example_dags/example_kubernetes_executor.py
[2023-03-07T00:28:33.274+0000] {processor.py:753} INFO - DAG(s) dict_keys(['example_kubernetes_executor']) retrieved from /home/airflow/.local/lib/python3.7/site-packages/airflow/example_dags/example_kubernetes_executor.py
[2023-03-07T00:28:33.513+0000] {logging_mixin.py:137} INFO - [2023-03-07T00:28:33.512+0000] {dag.py:2690} INFO - Sync 1 DAGs
[2023-03-07T00:28:33.906+0000] {logging_mixin.py:137} INFO - [2023-03-07T00:28:33.895+0000] {dag.py:3441} INFO - Setting next_dagrun for example_kubernetes_executor to None, run_after=None
[2023-03-07T00:28:34.056+0000] {processor.py:175} INFO - Processing /home/airflow/.local/lib/python3.7/site-packages/airflow/example_dags/example_kubernetes_executor.py took 1.011 seconds
[2023-03-07T00:29:08.964+0000] {processor.py:153} INFO - Started process (PID=5264) to work on /home/airflow/.local/lib/python3.7/site-packages/airflow/example_dags/example_kubernetes_executor.py
[2023-03-07T00:29:08.970+0000] {processor.py:743} INFO - Processing file /home/airflow/.local/lib/python3.7/site-packages/airflow/example_dags/example_kubernetes_executor.py for tasks to queue
[2023-03-07T00:29:08.986+0000] {logging_mixin.py:137} INFO - [2023-03-07T00:29:08.985+0000] {dagbag.py:538} INFO - Filling up the DagBag from /home/airflow/.local/lib/python3.7/site-packages/airflow/example_dags/example_kubernetes_executor.py
[2023-03-07T00:29:09.104+0000] {processor.py:753} INFO - DAG(s) dict_keys(['example_kubernetes_executor']) retrieved from /home/airflow/.local/lib/python3.7/site-packages/airflow/example_dags/example_kubernetes_executor.py
[2023-03-07T00:29:09.236+0000] {logging_mixin.py:137} INFO - [2023-03-07T00:29:09.236+0000] {dag.py:2690} INFO - Sync 1 DAGs
[2023-03-07T00:29:09.440+0000] {logging_mixin.py:137} INFO - [2023-03-07T00:29:09.440+0000] {dag.py:3441} INFO - Setting next_dagrun for example_kubernetes_executor to None, run_after=None
[2023-03-07T00:29:09.649+0000] {processor.py:175} INFO - Processing /home/airflow/.local/lib/python3.7/site-packages/airflow/example_dags/example_kubernetes_executor.py took 0.694 seconds
[2023-03-07T00:29:40.650+0000] {processor.py:153} INFO - Started process (PID=5335) to work on /home/airflow/.local/lib/python3.7/site-packages/airflow/example_dags/example_kubernetes_executor.py
[2023-03-07T00:29:40.654+0000] {processor.py:743} INFO - Processing file /home/airflow/.local/lib/python3.7/site-packages/airflow/example_dags/example_kubernetes_executor.py for tasks to queue
[2023-03-07T00:29:40.659+0000] {logging_mixin.py:137} INFO - [2023-03-07T00:29:40.658+0000] {dagbag.py:538} INFO - Filling up the DagBag from /home/airflow/.local/lib/python3.7/site-packages/airflow/example_dags/example_kubernetes_executor.py
[2023-03-07T00:29:40.729+0000] {processor.py:753} INFO - DAG(s) dict_keys(['example_kubernetes_executor']) retrieved from /home/airflow/.local/lib/python3.7/site-packages/airflow/example_dags/example_kubernetes_executor.py
[2023-03-07T00:29:40.821+0000] {logging_mixin.py:137} INFO - [2023-03-07T00:29:40.821+0000] {dag.py:2690} INFO - Sync 1 DAGs
[2023-03-07T00:29:40.872+0000] {logging_mixin.py:137} INFO - [2023-03-07T00:29:40.872+0000] {dag.py:3441} INFO - Setting next_dagrun for example_kubernetes_executor to None, run_after=None
[2023-03-07T00:29:40.907+0000] {processor.py:175} INFO - Processing /home/airflow/.local/lib/python3.7/site-packages/airflow/example_dags/example_kubernetes_executor.py took 0.269 seconds
[2023-03-07T00:30:11.251+0000] {processor.py:153} INFO - Started process (PID=5407) to work on /home/airflow/.local/lib/python3.7/site-packages/airflow/example_dags/example_kubernetes_executor.py
[2023-03-07T00:30:11.255+0000] {processor.py:743} INFO - Processing file /home/airflow/.local/lib/python3.7/site-packages/airflow/example_dags/example_kubernetes_executor.py for tasks to queue
[2023-03-07T00:30:11.259+0000] {logging_mixin.py:137} INFO - [2023-03-07T00:30:11.259+0000] {dagbag.py:538} INFO - Filling up the DagBag from /home/airflow/.local/lib/python3.7/site-packages/airflow/example_dags/example_kubernetes_executor.py
[2023-03-07T00:30:11.341+0000] {processor.py:753} INFO - DAG(s) dict_keys(['example_kubernetes_executor']) retrieved from /home/airflow/.local/lib/python3.7/site-packages/airflow/example_dags/example_kubernetes_executor.py
[2023-03-07T00:30:11.421+0000] {logging_mixin.py:137} INFO - [2023-03-07T00:30:11.421+0000] {dag.py:2690} INFO - Sync 1 DAGs
[2023-03-07T00:30:11.481+0000] {logging_mixin.py:137} INFO - [2023-03-07T00:30:11.481+0000] {dag.py:3441} INFO - Setting next_dagrun for example_kubernetes_executor to None, run_after=None
[2023-03-07T00:30:11.534+0000] {processor.py:175} INFO - Processing /home/airflow/.local/lib/python3.7/site-packages/airflow/example_dags/example_kubernetes_executor.py took 0.292 seconds
