[2023-03-07T00:00:16.631+0000] {processor.py:153} INFO - Started process (PID=1761) to work on /home/airflow/.local/lib/python3.7/site-packages/airflow/example_dags/example_external_task_marker_dag.py
[2023-03-07T00:00:16.635+0000] {processor.py:743} INFO - Processing file /home/airflow/.local/lib/python3.7/site-packages/airflow/example_dags/example_external_task_marker_dag.py for tasks to queue
[2023-03-07T00:00:16.641+0000] {logging_mixin.py:137} INFO - [2023-03-07T00:00:16.640+0000] {dagbag.py:538} INFO - Filling up the DagBag from /home/airflow/.local/lib/python3.7/site-packages/airflow/example_dags/example_external_task_marker_dag.py
[2023-03-07T00:00:16.675+0000] {processor.py:753} INFO - DAG(s) dict_keys(['example_external_task_marker_parent', 'example_external_task_marker_child']) retrieved from /home/airflow/.local/lib/python3.7/site-packages/airflow/example_dags/example_external_task_marker_dag.py
[2023-03-07T00:00:16.744+0000] {logging_mixin.py:137} INFO - [2023-03-07T00:00:16.744+0000] {dag.py:2690} INFO - Sync 2 DAGs
[2023-03-07T00:00:16.822+0000] {logging_mixin.py:137} INFO - [2023-03-07T00:00:16.822+0000] {dag.py:3441} INFO - Setting next_dagrun for example_external_task_marker_child to None, run_after=None
[2023-03-07T00:00:16.835+0000] {logging_mixin.py:137} INFO - [2023-03-07T00:00:16.834+0000] {dag.py:3441} INFO - Setting next_dagrun for example_external_task_marker_parent to None, run_after=None
[2023-03-07T00:00:16.876+0000] {processor.py:175} INFO - Processing /home/airflow/.local/lib/python3.7/site-packages/airflow/example_dags/example_external_task_marker_dag.py took 0.256 seconds
[2023-03-07T00:00:47.068+0000] {processor.py:153} INFO - Started process (PID=1829) to work on /home/airflow/.local/lib/python3.7/site-packages/airflow/example_dags/example_external_task_marker_dag.py
[2023-03-07T00:00:47.071+0000] {processor.py:743} INFO - Processing file /home/airflow/.local/lib/python3.7/site-packages/airflow/example_dags/example_external_task_marker_dag.py for tasks to queue
[2023-03-07T00:00:47.075+0000] {logging_mixin.py:137} INFO - [2023-03-07T00:00:47.075+0000] {dagbag.py:538} INFO - Filling up the DagBag from /home/airflow/.local/lib/python3.7/site-packages/airflow/example_dags/example_external_task_marker_dag.py
[2023-03-07T00:00:47.102+0000] {processor.py:753} INFO - DAG(s) dict_keys(['example_external_task_marker_child', 'example_external_task_marker_parent']) retrieved from /home/airflow/.local/lib/python3.7/site-packages/airflow/example_dags/example_external_task_marker_dag.py
[2023-03-07T00:00:47.259+0000] {logging_mixin.py:137} INFO - [2023-03-07T00:00:47.259+0000] {dag.py:2690} INFO - Sync 2 DAGs
[2023-03-07T00:00:47.306+0000] {logging_mixin.py:137} INFO - [2023-03-07T00:00:47.306+0000] {dag.py:3441} INFO - Setting next_dagrun for example_external_task_marker_child to None, run_after=None
[2023-03-07T00:00:47.315+0000] {logging_mixin.py:137} INFO - [2023-03-07T00:00:47.315+0000] {dag.py:3441} INFO - Setting next_dagrun for example_external_task_marker_parent to None, run_after=None
[2023-03-07T00:00:47.347+0000] {processor.py:175} INFO - Processing /home/airflow/.local/lib/python3.7/site-packages/airflow/example_dags/example_external_task_marker_dag.py took 0.285 seconds
[2023-03-07T00:01:17.523+0000] {processor.py:153} INFO - Started process (PID=1899) to work on /home/airflow/.local/lib/python3.7/site-packages/airflow/example_dags/example_external_task_marker_dag.py
[2023-03-07T00:01:17.526+0000] {processor.py:743} INFO - Processing file /home/airflow/.local/lib/python3.7/site-packages/airflow/example_dags/example_external_task_marker_dag.py for tasks to queue
[2023-03-07T00:01:17.529+0000] {logging_mixin.py:137} INFO - [2023-03-07T00:01:17.529+0000] {dagbag.py:538} INFO - Filling up the DagBag from /home/airflow/.local/lib/python3.7/site-packages/airflow/example_dags/example_external_task_marker_dag.py
[2023-03-07T00:01:17.556+0000] {processor.py:753} INFO - DAG(s) dict_keys(['example_external_task_marker_child', 'example_external_task_marker_parent']) retrieved from /home/airflow/.local/lib/python3.7/site-packages/airflow/example_dags/example_external_task_marker_dag.py
[2023-03-07T00:01:17.620+0000] {logging_mixin.py:137} INFO - [2023-03-07T00:01:17.620+0000] {dag.py:2690} INFO - Sync 2 DAGs
[2023-03-07T00:01:17.716+0000] {logging_mixin.py:137} INFO - [2023-03-07T00:01:17.716+0000] {dag.py:3441} INFO - Setting next_dagrun for example_external_task_marker_child to None, run_after=None
[2023-03-07T00:01:17.729+0000] {logging_mixin.py:137} INFO - [2023-03-07T00:01:17.728+0000] {dag.py:3441} INFO - Setting next_dagrun for example_external_task_marker_parent to None, run_after=None
[2023-03-07T00:01:17.772+0000] {processor.py:175} INFO - Processing /home/airflow/.local/lib/python3.7/site-packages/airflow/example_dags/example_external_task_marker_dag.py took 0.257 seconds
[2023-03-07T00:01:48.049+0000] {processor.py:153} INFO - Started process (PID=1969) to work on /home/airflow/.local/lib/python3.7/site-packages/airflow/example_dags/example_external_task_marker_dag.py
[2023-03-07T00:01:48.053+0000] {processor.py:743} INFO - Processing file /home/airflow/.local/lib/python3.7/site-packages/airflow/example_dags/example_external_task_marker_dag.py for tasks to queue
[2023-03-07T00:01:48.057+0000] {logging_mixin.py:137} INFO - [2023-03-07T00:01:48.056+0000] {dagbag.py:538} INFO - Filling up the DagBag from /home/airflow/.local/lib/python3.7/site-packages/airflow/example_dags/example_external_task_marker_dag.py
[2023-03-07T00:01:48.096+0000] {processor.py:753} INFO - DAG(s) dict_keys(['example_external_task_marker_parent', 'example_external_task_marker_child']) retrieved from /home/airflow/.local/lib/python3.7/site-packages/airflow/example_dags/example_external_task_marker_dag.py
[2023-03-07T00:01:48.167+0000] {logging_mixin.py:137} INFO - [2023-03-07T00:01:48.167+0000] {dag.py:2690} INFO - Sync 2 DAGs
[2023-03-07T00:01:48.220+0000] {logging_mixin.py:137} INFO - [2023-03-07T00:01:48.220+0000] {dag.py:3441} INFO - Setting next_dagrun for example_external_task_marker_child to None, run_after=None
[2023-03-07T00:01:48.229+0000] {logging_mixin.py:137} INFO - [2023-03-07T00:01:48.229+0000] {dag.py:3441} INFO - Setting next_dagrun for example_external_task_marker_parent to None, run_after=None
[2023-03-07T00:01:48.268+0000] {processor.py:175} INFO - Processing /home/airflow/.local/lib/python3.7/site-packages/airflow/example_dags/example_external_task_marker_dag.py took 0.231 seconds
[2023-03-07T00:02:18.977+0000] {processor.py:153} INFO - Started process (PID=2040) to work on /home/airflow/.local/lib/python3.7/site-packages/airflow/example_dags/example_external_task_marker_dag.py
[2023-03-07T00:02:18.984+0000] {processor.py:743} INFO - Processing file /home/airflow/.local/lib/python3.7/site-packages/airflow/example_dags/example_external_task_marker_dag.py for tasks to queue
[2023-03-07T00:02:18.992+0000] {logging_mixin.py:137} INFO - [2023-03-07T00:02:18.991+0000] {dagbag.py:538} INFO - Filling up the DagBag from /home/airflow/.local/lib/python3.7/site-packages/airflow/example_dags/example_external_task_marker_dag.py
[2023-03-07T00:02:19.046+0000] {processor.py:753} INFO - DAG(s) dict_keys(['example_external_task_marker_parent', 'example_external_task_marker_child']) retrieved from /home/airflow/.local/lib/python3.7/site-packages/airflow/example_dags/example_external_task_marker_dag.py
[2023-03-07T00:02:19.130+0000] {logging_mixin.py:137} INFO - [2023-03-07T00:02:19.129+0000] {dag.py:2690} INFO - Sync 2 DAGs
[2023-03-07T00:02:19.225+0000] {logging_mixin.py:137} INFO - [2023-03-07T00:02:19.225+0000] {dag.py:3441} INFO - Setting next_dagrun for example_external_task_marker_child to None, run_after=None
[2023-03-07T00:02:19.239+0000] {logging_mixin.py:137} INFO - [2023-03-07T00:02:19.239+0000] {dag.py:3441} INFO - Setting next_dagrun for example_external_task_marker_parent to None, run_after=None
[2023-03-07T00:02:19.284+0000] {processor.py:175} INFO - Processing /home/airflow/.local/lib/python3.7/site-packages/airflow/example_dags/example_external_task_marker_dag.py took 0.329 seconds
[2023-03-07T00:02:52.241+0000] {processor.py:153} INFO - Started process (PID=2117) to work on /home/airflow/.local/lib/python3.7/site-packages/airflow/example_dags/example_external_task_marker_dag.py
[2023-03-07T00:02:52.249+0000] {processor.py:743} INFO - Processing file /home/airflow/.local/lib/python3.7/site-packages/airflow/example_dags/example_external_task_marker_dag.py for tasks to queue
[2023-03-07T00:02:52.252+0000] {logging_mixin.py:137} INFO - [2023-03-07T00:02:52.252+0000] {dagbag.py:538} INFO - Filling up the DagBag from /home/airflow/.local/lib/python3.7/site-packages/airflow/example_dags/example_external_task_marker_dag.py
[2023-03-07T00:02:52.297+0000] {processor.py:753} INFO - DAG(s) dict_keys(['example_external_task_marker_parent', 'example_external_task_marker_child']) retrieved from /home/airflow/.local/lib/python3.7/site-packages/airflow/example_dags/example_external_task_marker_dag.py
[2023-03-07T00:02:52.451+0000] {logging_mixin.py:137} INFO - [2023-03-07T00:02:52.451+0000] {dag.py:2690} INFO - Sync 2 DAGs
[2023-03-07T00:02:52.578+0000] {logging_mixin.py:137} INFO - [2023-03-07T00:02:52.578+0000] {dag.py:3441} INFO - Setting next_dagrun for example_external_task_marker_child to None, run_after=None
[2023-03-07T00:02:52.594+0000] {logging_mixin.py:137} INFO - [2023-03-07T00:02:52.594+0000] {dag.py:3441} INFO - Setting next_dagrun for example_external_task_marker_parent to None, run_after=None
[2023-03-07T00:02:52.669+0000] {processor.py:175} INFO - Processing /home/airflow/.local/lib/python3.7/site-packages/airflow/example_dags/example_external_task_marker_dag.py took 0.439 seconds
[2023-03-07T00:03:23.490+0000] {processor.py:153} INFO - Started process (PID=2190) to work on /home/airflow/.local/lib/python3.7/site-packages/airflow/example_dags/example_external_task_marker_dag.py
[2023-03-07T00:03:23.494+0000] {processor.py:743} INFO - Processing file /home/airflow/.local/lib/python3.7/site-packages/airflow/example_dags/example_external_task_marker_dag.py for tasks to queue
[2023-03-07T00:03:23.501+0000] {logging_mixin.py:137} INFO - [2023-03-07T00:03:23.500+0000] {dagbag.py:538} INFO - Filling up the DagBag from /home/airflow/.local/lib/python3.7/site-packages/airflow/example_dags/example_external_task_marker_dag.py
[2023-03-07T00:03:23.535+0000] {processor.py:753} INFO - DAG(s) dict_keys(['example_external_task_marker_child', 'example_external_task_marker_parent']) retrieved from /home/airflow/.local/lib/python3.7/site-packages/airflow/example_dags/example_external_task_marker_dag.py
[2023-03-07T00:03:23.605+0000] {logging_mixin.py:137} INFO - [2023-03-07T00:03:23.605+0000] {dag.py:2690} INFO - Sync 2 DAGs
[2023-03-07T00:03:23.711+0000] {logging_mixin.py:137} INFO - [2023-03-07T00:03:23.710+0000] {dag.py:3441} INFO - Setting next_dagrun for example_external_task_marker_child to None, run_after=None
[2023-03-07T00:03:23.719+0000] {logging_mixin.py:137} INFO - [2023-03-07T00:03:23.719+0000] {dag.py:3441} INFO - Setting next_dagrun for example_external_task_marker_parent to None, run_after=None
[2023-03-07T00:03:23.755+0000] {processor.py:175} INFO - Processing /home/airflow/.local/lib/python3.7/site-packages/airflow/example_dags/example_external_task_marker_dag.py took 0.273 seconds
[2023-03-07T00:03:54.497+0000] {processor.py:153} INFO - Started process (PID=2263) to work on /home/airflow/.local/lib/python3.7/site-packages/airflow/example_dags/example_external_task_marker_dag.py
[2023-03-07T00:03:54.502+0000] {processor.py:743} INFO - Processing file /home/airflow/.local/lib/python3.7/site-packages/airflow/example_dags/example_external_task_marker_dag.py for tasks to queue
[2023-03-07T00:03:54.505+0000] {logging_mixin.py:137} INFO - [2023-03-07T00:03:54.505+0000] {dagbag.py:538} INFO - Filling up the DagBag from /home/airflow/.local/lib/python3.7/site-packages/airflow/example_dags/example_external_task_marker_dag.py
[2023-03-07T00:03:54.539+0000] {processor.py:753} INFO - DAG(s) dict_keys(['example_external_task_marker_parent', 'example_external_task_marker_child']) retrieved from /home/airflow/.local/lib/python3.7/site-packages/airflow/example_dags/example_external_task_marker_dag.py
[2023-03-07T00:03:54.612+0000] {logging_mixin.py:137} INFO - [2023-03-07T00:03:54.612+0000] {dag.py:2690} INFO - Sync 2 DAGs
[2023-03-07T00:03:54.672+0000] {logging_mixin.py:137} INFO - [2023-03-07T00:03:54.671+0000] {dag.py:3441} INFO - Setting next_dagrun for example_external_task_marker_child to None, run_after=None
[2023-03-07T00:03:54.685+0000] {logging_mixin.py:137} INFO - [2023-03-07T00:03:54.685+0000] {dag.py:3441} INFO - Setting next_dagrun for example_external_task_marker_parent to None, run_after=None
[2023-03-07T00:03:54.723+0000] {processor.py:175} INFO - Processing /home/airflow/.local/lib/python3.7/site-packages/airflow/example_dags/example_external_task_marker_dag.py took 0.236 seconds
[2023-03-07T00:04:25.735+0000] {processor.py:153} INFO - Started process (PID=2335) to work on /home/airflow/.local/lib/python3.7/site-packages/airflow/example_dags/example_external_task_marker_dag.py
[2023-03-07T00:04:25.742+0000] {processor.py:743} INFO - Processing file /home/airflow/.local/lib/python3.7/site-packages/airflow/example_dags/example_external_task_marker_dag.py for tasks to queue
[2023-03-07T00:04:25.749+0000] {logging_mixin.py:137} INFO - [2023-03-07T00:04:25.748+0000] {dagbag.py:538} INFO - Filling up the DagBag from /home/airflow/.local/lib/python3.7/site-packages/airflow/example_dags/example_external_task_marker_dag.py
[2023-03-07T00:04:25.793+0000] {processor.py:753} INFO - DAG(s) dict_keys(['example_external_task_marker_child', 'example_external_task_marker_parent']) retrieved from /home/airflow/.local/lib/python3.7/site-packages/airflow/example_dags/example_external_task_marker_dag.py
[2023-03-07T00:04:25.885+0000] {logging_mixin.py:137} INFO - [2023-03-07T00:04:25.884+0000] {dag.py:2690} INFO - Sync 2 DAGs
[2023-03-07T00:04:25.959+0000] {logging_mixin.py:137} INFO - [2023-03-07T00:04:25.959+0000] {dag.py:3441} INFO - Setting next_dagrun for example_external_task_marker_child to None, run_after=None
[2023-03-07T00:04:25.970+0000] {logging_mixin.py:137} INFO - [2023-03-07T00:04:25.970+0000] {dag.py:3441} INFO - Setting next_dagrun for example_external_task_marker_parent to None, run_after=None
[2023-03-07T00:04:26.026+0000] {processor.py:175} INFO - Processing /home/airflow/.local/lib/python3.7/site-packages/airflow/example_dags/example_external_task_marker_dag.py took 0.305 seconds
[2023-03-07T00:04:56.204+0000] {processor.py:153} INFO - Started process (PID=2406) to work on /home/airflow/.local/lib/python3.7/site-packages/airflow/example_dags/example_external_task_marker_dag.py
[2023-03-07T00:04:56.209+0000] {processor.py:743} INFO - Processing file /home/airflow/.local/lib/python3.7/site-packages/airflow/example_dags/example_external_task_marker_dag.py for tasks to queue
[2023-03-07T00:04:56.214+0000] {logging_mixin.py:137} INFO - [2023-03-07T00:04:56.213+0000] {dagbag.py:538} INFO - Filling up the DagBag from /home/airflow/.local/lib/python3.7/site-packages/airflow/example_dags/example_external_task_marker_dag.py
[2023-03-07T00:04:56.258+0000] {processor.py:753} INFO - DAG(s) dict_keys(['example_external_task_marker_child', 'example_external_task_marker_parent']) retrieved from /home/airflow/.local/lib/python3.7/site-packages/airflow/example_dags/example_external_task_marker_dag.py
[2023-03-07T00:04:56.376+0000] {logging_mixin.py:137} INFO - [2023-03-07T00:04:56.376+0000] {dag.py:2690} INFO - Sync 2 DAGs
[2023-03-07T00:04:56.518+0000] {logging_mixin.py:137} INFO - [2023-03-07T00:04:56.518+0000] {dag.py:3441} INFO - Setting next_dagrun for example_external_task_marker_child to None, run_after=None
[2023-03-07T00:04:56.540+0000] {logging_mixin.py:137} INFO - [2023-03-07T00:04:56.539+0000] {dag.py:3441} INFO - Setting next_dagrun for example_external_task_marker_parent to None, run_after=None
[2023-03-07T00:04:56.614+0000] {processor.py:175} INFO - Processing /home/airflow/.local/lib/python3.7/site-packages/airflow/example_dags/example_external_task_marker_dag.py took 0.426 seconds
[2023-03-07T00:05:27.442+0000] {processor.py:153} INFO - Started process (PID=2464) to work on /home/airflow/.local/lib/python3.7/site-packages/airflow/example_dags/example_external_task_marker_dag.py
[2023-03-07T00:05:27.498+0000] {processor.py:743} INFO - Processing file /home/airflow/.local/lib/python3.7/site-packages/airflow/example_dags/example_external_task_marker_dag.py for tasks to queue
[2023-03-07T00:05:27.506+0000] {logging_mixin.py:137} INFO - [2023-03-07T00:05:27.506+0000] {dagbag.py:538} INFO - Filling up the DagBag from /home/airflow/.local/lib/python3.7/site-packages/airflow/example_dags/example_external_task_marker_dag.py
[2023-03-07T00:05:27.674+0000] {processor.py:753} INFO - DAG(s) dict_keys(['example_external_task_marker_parent', 'example_external_task_marker_child']) retrieved from /home/airflow/.local/lib/python3.7/site-packages/airflow/example_dags/example_external_task_marker_dag.py
[2023-03-07T00:05:27.854+0000] {logging_mixin.py:137} INFO - [2023-03-07T00:05:27.854+0000] {dag.py:2690} INFO - Sync 2 DAGs
[2023-03-07T00:05:27.996+0000] {logging_mixin.py:137} INFO - [2023-03-07T00:05:27.996+0000] {dag.py:3441} INFO - Setting next_dagrun for example_external_task_marker_child to None, run_after=None
[2023-03-07T00:05:28.012+0000] {logging_mixin.py:137} INFO - [2023-03-07T00:05:28.011+0000] {dag.py:3441} INFO - Setting next_dagrun for example_external_task_marker_parent to None, run_after=None
[2023-03-07T00:05:28.091+0000] {processor.py:175} INFO - Processing /home/airflow/.local/lib/python3.7/site-packages/airflow/example_dags/example_external_task_marker_dag.py took 0.707 seconds
[2023-03-07T00:06:08.103+0000] {processor.py:153} INFO - Started process (PID=2544) to work on /home/airflow/.local/lib/python3.7/site-packages/airflow/example_dags/example_external_task_marker_dag.py
[2023-03-07T00:06:08.110+0000] {processor.py:743} INFO - Processing file /home/airflow/.local/lib/python3.7/site-packages/airflow/example_dags/example_external_task_marker_dag.py for tasks to queue
[2023-03-07T00:06:08.118+0000] {logging_mixin.py:137} INFO - [2023-03-07T00:06:08.117+0000] {dagbag.py:538} INFO - Filling up the DagBag from /home/airflow/.local/lib/python3.7/site-packages/airflow/example_dags/example_external_task_marker_dag.py
[2023-03-07T00:06:08.180+0000] {processor.py:753} INFO - DAG(s) dict_keys(['example_external_task_marker_child', 'example_external_task_marker_parent']) retrieved from /home/airflow/.local/lib/python3.7/site-packages/airflow/example_dags/example_external_task_marker_dag.py
[2023-03-07T00:06:08.310+0000] {logging_mixin.py:137} INFO - [2023-03-07T00:06:08.309+0000] {dag.py:2690} INFO - Sync 2 DAGs
[2023-03-07T00:06:08.413+0000] {logging_mixin.py:137} INFO - [2023-03-07T00:06:08.413+0000] {dag.py:3441} INFO - Setting next_dagrun for example_external_task_marker_child to None, run_after=None
[2023-03-07T00:06:08.429+0000] {logging_mixin.py:137} INFO - [2023-03-07T00:06:08.429+0000] {dag.py:3441} INFO - Setting next_dagrun for example_external_task_marker_parent to None, run_after=None
[2023-03-07T00:06:08.513+0000] {processor.py:175} INFO - Processing /home/airflow/.local/lib/python3.7/site-packages/airflow/example_dags/example_external_task_marker_dag.py took 0.425 seconds
[2023-03-07T00:06:39.070+0000] {processor.py:153} INFO - Started process (PID=2606) to work on /home/airflow/.local/lib/python3.7/site-packages/airflow/example_dags/example_external_task_marker_dag.py
[2023-03-07T00:06:39.078+0000] {processor.py:743} INFO - Processing file /home/airflow/.local/lib/python3.7/site-packages/airflow/example_dags/example_external_task_marker_dag.py for tasks to queue
[2023-03-07T00:06:39.083+0000] {logging_mixin.py:137} INFO - [2023-03-07T00:06:39.082+0000] {dagbag.py:538} INFO - Filling up the DagBag from /home/airflow/.local/lib/python3.7/site-packages/airflow/example_dags/example_external_task_marker_dag.py
[2023-03-07T00:06:39.134+0000] {processor.py:753} INFO - DAG(s) dict_keys(['example_external_task_marker_child', 'example_external_task_marker_parent']) retrieved from /home/airflow/.local/lib/python3.7/site-packages/airflow/example_dags/example_external_task_marker_dag.py
[2023-03-07T00:06:39.274+0000] {logging_mixin.py:137} INFO - [2023-03-07T00:06:39.274+0000] {dag.py:2690} INFO - Sync 2 DAGs
[2023-03-07T00:06:39.370+0000] {logging_mixin.py:137} INFO - [2023-03-07T00:06:39.370+0000] {dag.py:3441} INFO - Setting next_dagrun for example_external_task_marker_child to None, run_after=None
[2023-03-07T00:06:39.398+0000] {logging_mixin.py:137} INFO - [2023-03-07T00:06:39.398+0000] {dag.py:3441} INFO - Setting next_dagrun for example_external_task_marker_parent to None, run_after=None
[2023-03-07T00:06:39.495+0000] {processor.py:175} INFO - Processing /home/airflow/.local/lib/python3.7/site-packages/airflow/example_dags/example_external_task_marker_dag.py took 0.442 seconds
[2023-03-07T00:07:09.706+0000] {processor.py:153} INFO - Started process (PID=2678) to work on /home/airflow/.local/lib/python3.7/site-packages/airflow/example_dags/example_external_task_marker_dag.py
[2023-03-07T00:07:09.712+0000] {processor.py:743} INFO - Processing file /home/airflow/.local/lib/python3.7/site-packages/airflow/example_dags/example_external_task_marker_dag.py for tasks to queue
[2023-03-07T00:07:09.718+0000] {logging_mixin.py:137} INFO - [2023-03-07T00:07:09.717+0000] {dagbag.py:538} INFO - Filling up the DagBag from /home/airflow/.local/lib/python3.7/site-packages/airflow/example_dags/example_external_task_marker_dag.py
[2023-03-07T00:07:09.751+0000] {processor.py:753} INFO - DAG(s) dict_keys(['example_external_task_marker_child', 'example_external_task_marker_parent']) retrieved from /home/airflow/.local/lib/python3.7/site-packages/airflow/example_dags/example_external_task_marker_dag.py
[2023-03-07T00:07:09.821+0000] {logging_mixin.py:137} INFO - [2023-03-07T00:07:09.820+0000] {dag.py:2690} INFO - Sync 2 DAGs
[2023-03-07T00:07:09.877+0000] {logging_mixin.py:137} INFO - [2023-03-07T00:07:09.877+0000] {dag.py:3441} INFO - Setting next_dagrun for example_external_task_marker_child to None, run_after=None
[2023-03-07T00:07:09.886+0000] {logging_mixin.py:137} INFO - [2023-03-07T00:07:09.885+0000] {dag.py:3441} INFO - Setting next_dagrun for example_external_task_marker_parent to None, run_after=None
[2023-03-07T00:07:09.925+0000] {processor.py:175} INFO - Processing /home/airflow/.local/lib/python3.7/site-packages/airflow/example_dags/example_external_task_marker_dag.py took 0.243 seconds
[2023-03-07T00:07:40.885+0000] {processor.py:153} INFO - Started process (PID=2749) to work on /home/airflow/.local/lib/python3.7/site-packages/airflow/example_dags/example_external_task_marker_dag.py
[2023-03-07T00:07:40.889+0000] {processor.py:743} INFO - Processing file /home/airflow/.local/lib/python3.7/site-packages/airflow/example_dags/example_external_task_marker_dag.py for tasks to queue
[2023-03-07T00:07:40.891+0000] {logging_mixin.py:137} INFO - [2023-03-07T00:07:40.891+0000] {dagbag.py:538} INFO - Filling up the DagBag from /home/airflow/.local/lib/python3.7/site-packages/airflow/example_dags/example_external_task_marker_dag.py
[2023-03-07T00:07:40.915+0000] {processor.py:753} INFO - DAG(s) dict_keys(['example_external_task_marker_parent', 'example_external_task_marker_child']) retrieved from /home/airflow/.local/lib/python3.7/site-packages/airflow/example_dags/example_external_task_marker_dag.py
[2023-03-07T00:07:40.968+0000] {logging_mixin.py:137} INFO - [2023-03-07T00:07:40.967+0000] {dag.py:2690} INFO - Sync 2 DAGs
[2023-03-07T00:07:41.012+0000] {logging_mixin.py:137} INFO - [2023-03-07T00:07:41.011+0000] {dag.py:3441} INFO - Setting next_dagrun for example_external_task_marker_child to None, run_after=None
[2023-03-07T00:07:41.019+0000] {logging_mixin.py:137} INFO - [2023-03-07T00:07:41.019+0000] {dag.py:3441} INFO - Setting next_dagrun for example_external_task_marker_parent to None, run_after=None
[2023-03-07T00:07:41.047+0000] {processor.py:175} INFO - Processing /home/airflow/.local/lib/python3.7/site-packages/airflow/example_dags/example_external_task_marker_dag.py took 0.169 seconds
[2023-03-07T00:08:11.376+0000] {processor.py:153} INFO - Started process (PID=2819) to work on /home/airflow/.local/lib/python3.7/site-packages/airflow/example_dags/example_external_task_marker_dag.py
[2023-03-07T00:08:11.442+0000] {processor.py:743} INFO - Processing file /home/airflow/.local/lib/python3.7/site-packages/airflow/example_dags/example_external_task_marker_dag.py for tasks to queue
[2023-03-07T00:08:11.561+0000] {logging_mixin.py:137} INFO - [2023-03-07T00:08:11.561+0000] {dagbag.py:538} INFO - Filling up the DagBag from /home/airflow/.local/lib/python3.7/site-packages/airflow/example_dags/example_external_task_marker_dag.py
[2023-03-07T00:08:11.675+0000] {processor.py:753} INFO - DAG(s) dict_keys(['example_external_task_marker_child', 'example_external_task_marker_parent']) retrieved from /home/airflow/.local/lib/python3.7/site-packages/airflow/example_dags/example_external_task_marker_dag.py
[2023-03-07T00:08:11.754+0000] {logging_mixin.py:137} INFO - [2023-03-07T00:08:11.754+0000] {dag.py:2690} INFO - Sync 2 DAGs
[2023-03-07T00:08:11.818+0000] {logging_mixin.py:137} INFO - [2023-03-07T00:08:11.817+0000] {dag.py:3441} INFO - Setting next_dagrun for example_external_task_marker_child to None, run_after=None
[2023-03-07T00:08:11.827+0000] {logging_mixin.py:137} INFO - [2023-03-07T00:08:11.827+0000] {dag.py:3441} INFO - Setting next_dagrun for example_external_task_marker_parent to None, run_after=None
[2023-03-07T00:08:11.887+0000] {processor.py:175} INFO - Processing /home/airflow/.local/lib/python3.7/site-packages/airflow/example_dags/example_external_task_marker_dag.py took 0.520 seconds
[2023-03-07T00:08:42.005+0000] {processor.py:153} INFO - Started process (PID=2894) to work on /home/airflow/.local/lib/python3.7/site-packages/airflow/example_dags/example_external_task_marker_dag.py
[2023-03-07T00:08:42.008+0000] {processor.py:743} INFO - Processing file /home/airflow/.local/lib/python3.7/site-packages/airflow/example_dags/example_external_task_marker_dag.py for tasks to queue
[2023-03-07T00:08:42.012+0000] {logging_mixin.py:137} INFO - [2023-03-07T00:08:42.012+0000] {dagbag.py:538} INFO - Filling up the DagBag from /home/airflow/.local/lib/python3.7/site-packages/airflow/example_dags/example_external_task_marker_dag.py
[2023-03-07T00:08:42.047+0000] {processor.py:753} INFO - DAG(s) dict_keys(['example_external_task_marker_parent', 'example_external_task_marker_child']) retrieved from /home/airflow/.local/lib/python3.7/site-packages/airflow/example_dags/example_external_task_marker_dag.py
[2023-03-07T00:08:42.122+0000] {logging_mixin.py:137} INFO - [2023-03-07T00:08:42.122+0000] {dag.py:2690} INFO - Sync 2 DAGs
[2023-03-07T00:08:42.189+0000] {logging_mixin.py:137} INFO - [2023-03-07T00:08:42.189+0000] {dag.py:3441} INFO - Setting next_dagrun for example_external_task_marker_child to None, run_after=None
[2023-03-07T00:08:42.202+0000] {logging_mixin.py:137} INFO - [2023-03-07T00:08:42.201+0000] {dag.py:3441} INFO - Setting next_dagrun for example_external_task_marker_parent to None, run_after=None
[2023-03-07T00:08:42.232+0000] {processor.py:175} INFO - Processing /home/airflow/.local/lib/python3.7/site-packages/airflow/example_dags/example_external_task_marker_dag.py took 0.247 seconds
[2023-03-07T00:09:12.798+0000] {processor.py:153} INFO - Started process (PID=2972) to work on /home/airflow/.local/lib/python3.7/site-packages/airflow/example_dags/example_external_task_marker_dag.py
[2023-03-07T00:09:12.816+0000] {processor.py:743} INFO - Processing file /home/airflow/.local/lib/python3.7/site-packages/airflow/example_dags/example_external_task_marker_dag.py for tasks to queue
[2023-03-07T00:09:12.819+0000] {logging_mixin.py:137} INFO - [2023-03-07T00:09:12.819+0000] {dagbag.py:538} INFO - Filling up the DagBag from /home/airflow/.local/lib/python3.7/site-packages/airflow/example_dags/example_external_task_marker_dag.py
[2023-03-07T00:09:12.860+0000] {processor.py:753} INFO - DAG(s) dict_keys(['example_external_task_marker_child', 'example_external_task_marker_parent']) retrieved from /home/airflow/.local/lib/python3.7/site-packages/airflow/example_dags/example_external_task_marker_dag.py
[2023-03-07T00:09:12.961+0000] {logging_mixin.py:137} INFO - [2023-03-07T00:09:12.960+0000] {dag.py:2690} INFO - Sync 2 DAGs
[2023-03-07T00:09:13.031+0000] {logging_mixin.py:137} INFO - [2023-03-07T00:09:13.031+0000] {dag.py:3441} INFO - Setting next_dagrun for example_external_task_marker_child to None, run_after=None
[2023-03-07T00:09:13.049+0000] {logging_mixin.py:137} INFO - [2023-03-07T00:09:13.049+0000] {dag.py:3441} INFO - Setting next_dagrun for example_external_task_marker_parent to None, run_after=None
[2023-03-07T00:09:13.092+0000] {processor.py:175} INFO - Processing /home/airflow/.local/lib/python3.7/site-packages/airflow/example_dags/example_external_task_marker_dag.py took 0.303 seconds
[2023-03-07T00:09:43.525+0000] {processor.py:153} INFO - Started process (PID=3031) to work on /home/airflow/.local/lib/python3.7/site-packages/airflow/example_dags/example_external_task_marker_dag.py
[2023-03-07T00:09:43.529+0000] {processor.py:743} INFO - Processing file /home/airflow/.local/lib/python3.7/site-packages/airflow/example_dags/example_external_task_marker_dag.py for tasks to queue
[2023-03-07T00:09:43.534+0000] {logging_mixin.py:137} INFO - [2023-03-07T00:09:43.534+0000] {dagbag.py:538} INFO - Filling up the DagBag from /home/airflow/.local/lib/python3.7/site-packages/airflow/example_dags/example_external_task_marker_dag.py
[2023-03-07T00:09:43.566+0000] {processor.py:753} INFO - DAG(s) dict_keys(['example_external_task_marker_child', 'example_external_task_marker_parent']) retrieved from /home/airflow/.local/lib/python3.7/site-packages/airflow/example_dags/example_external_task_marker_dag.py
[2023-03-07T00:09:43.635+0000] {logging_mixin.py:137} INFO - [2023-03-07T00:09:43.634+0000] {dag.py:2690} INFO - Sync 2 DAGs
[2023-03-07T00:09:43.693+0000] {logging_mixin.py:137} INFO - [2023-03-07T00:09:43.693+0000] {dag.py:3441} INFO - Setting next_dagrun for example_external_task_marker_child to None, run_after=None
[2023-03-07T00:09:43.704+0000] {logging_mixin.py:137} INFO - [2023-03-07T00:09:43.703+0000] {dag.py:3441} INFO - Setting next_dagrun for example_external_task_marker_parent to None, run_after=None
[2023-03-07T00:09:43.741+0000] {processor.py:175} INFO - Processing /home/airflow/.local/lib/python3.7/site-packages/airflow/example_dags/example_external_task_marker_dag.py took 0.226 seconds
[2023-03-07T00:10:14.717+0000] {processor.py:153} INFO - Started process (PID=3101) to work on /home/airflow/.local/lib/python3.7/site-packages/airflow/example_dags/example_external_task_marker_dag.py
[2023-03-07T00:10:14.723+0000] {processor.py:743} INFO - Processing file /home/airflow/.local/lib/python3.7/site-packages/airflow/example_dags/example_external_task_marker_dag.py for tasks to queue
[2023-03-07T00:10:14.728+0000] {logging_mixin.py:137} INFO - [2023-03-07T00:10:14.727+0000] {dagbag.py:538} INFO - Filling up the DagBag from /home/airflow/.local/lib/python3.7/site-packages/airflow/example_dags/example_external_task_marker_dag.py
[2023-03-07T00:10:14.775+0000] {processor.py:753} INFO - DAG(s) dict_keys(['example_external_task_marker_parent', 'example_external_task_marker_child']) retrieved from /home/airflow/.local/lib/python3.7/site-packages/airflow/example_dags/example_external_task_marker_dag.py
[2023-03-07T00:10:14.858+0000] {logging_mixin.py:137} INFO - [2023-03-07T00:10:14.857+0000] {dag.py:2690} INFO - Sync 2 DAGs
[2023-03-07T00:10:14.934+0000] {logging_mixin.py:137} INFO - [2023-03-07T00:10:14.933+0000] {dag.py:3441} INFO - Setting next_dagrun for example_external_task_marker_child to None, run_after=None
[2023-03-07T00:10:14.948+0000] {logging_mixin.py:137} INFO - [2023-03-07T00:10:14.948+0000] {dag.py:3441} INFO - Setting next_dagrun for example_external_task_marker_parent to None, run_after=None
[2023-03-07T00:10:14.994+0000] {processor.py:175} INFO - Processing /home/airflow/.local/lib/python3.7/site-packages/airflow/example_dags/example_external_task_marker_dag.py took 0.293 seconds
[2023-03-07T00:10:45.301+0000] {processor.py:153} INFO - Started process (PID=3171) to work on /home/airflow/.local/lib/python3.7/site-packages/airflow/example_dags/example_external_task_marker_dag.py
[2023-03-07T00:10:45.308+0000] {processor.py:743} INFO - Processing file /home/airflow/.local/lib/python3.7/site-packages/airflow/example_dags/example_external_task_marker_dag.py for tasks to queue
[2023-03-07T00:10:45.314+0000] {logging_mixin.py:137} INFO - [2023-03-07T00:10:45.313+0000] {dagbag.py:538} INFO - Filling up the DagBag from /home/airflow/.local/lib/python3.7/site-packages/airflow/example_dags/example_external_task_marker_dag.py
[2023-03-07T00:10:45.356+0000] {processor.py:753} INFO - DAG(s) dict_keys(['example_external_task_marker_parent', 'example_external_task_marker_child']) retrieved from /home/airflow/.local/lib/python3.7/site-packages/airflow/example_dags/example_external_task_marker_dag.py
[2023-03-07T00:10:45.442+0000] {logging_mixin.py:137} INFO - [2023-03-07T00:10:45.442+0000] {dag.py:2690} INFO - Sync 2 DAGs
[2023-03-07T00:10:45.506+0000] {logging_mixin.py:137} INFO - [2023-03-07T00:10:45.505+0000] {dag.py:3441} INFO - Setting next_dagrun for example_external_task_marker_child to None, run_after=None
[2023-03-07T00:10:45.519+0000] {logging_mixin.py:137} INFO - [2023-03-07T00:10:45.519+0000] {dag.py:3441} INFO - Setting next_dagrun for example_external_task_marker_parent to None, run_after=None
[2023-03-07T00:10:45.564+0000] {processor.py:175} INFO - Processing /home/airflow/.local/lib/python3.7/site-packages/airflow/example_dags/example_external_task_marker_dag.py took 0.276 seconds
[2023-03-07T00:11:16.006+0000] {processor.py:153} INFO - Started process (PID=3242) to work on /home/airflow/.local/lib/python3.7/site-packages/airflow/example_dags/example_external_task_marker_dag.py
[2023-03-07T00:11:16.012+0000] {processor.py:743} INFO - Processing file /home/airflow/.local/lib/python3.7/site-packages/airflow/example_dags/example_external_task_marker_dag.py for tasks to queue
[2023-03-07T00:11:16.015+0000] {logging_mixin.py:137} INFO - [2023-03-07T00:11:16.015+0000] {dagbag.py:538} INFO - Filling up the DagBag from /home/airflow/.local/lib/python3.7/site-packages/airflow/example_dags/example_external_task_marker_dag.py
[2023-03-07T00:11:16.058+0000] {processor.py:753} INFO - DAG(s) dict_keys(['example_external_task_marker_child', 'example_external_task_marker_parent']) retrieved from /home/airflow/.local/lib/python3.7/site-packages/airflow/example_dags/example_external_task_marker_dag.py
[2023-03-07T00:11:16.138+0000] {logging_mixin.py:137} INFO - [2023-03-07T00:11:16.137+0000] {dag.py:2690} INFO - Sync 2 DAGs
[2023-03-07T00:11:16.218+0000] {logging_mixin.py:137} INFO - [2023-03-07T00:11:16.217+0000] {dag.py:3441} INFO - Setting next_dagrun for example_external_task_marker_child to None, run_after=None
[2023-03-07T00:11:16.231+0000] {logging_mixin.py:137} INFO - [2023-03-07T00:11:16.230+0000] {dag.py:3441} INFO - Setting next_dagrun for example_external_task_marker_parent to None, run_after=None
[2023-03-07T00:11:16.285+0000] {processor.py:175} INFO - Processing /home/airflow/.local/lib/python3.7/site-packages/airflow/example_dags/example_external_task_marker_dag.py took 0.294 seconds
[2023-03-07T00:11:46.362+0000] {processor.py:153} INFO - Started process (PID=3313) to work on /home/airflow/.local/lib/python3.7/site-packages/airflow/example_dags/example_external_task_marker_dag.py
[2023-03-07T00:11:46.365+0000] {processor.py:743} INFO - Processing file /home/airflow/.local/lib/python3.7/site-packages/airflow/example_dags/example_external_task_marker_dag.py for tasks to queue
[2023-03-07T00:11:46.369+0000] {logging_mixin.py:137} INFO - [2023-03-07T00:11:46.369+0000] {dagbag.py:538} INFO - Filling up the DagBag from /home/airflow/.local/lib/python3.7/site-packages/airflow/example_dags/example_external_task_marker_dag.py
[2023-03-07T00:11:46.411+0000] {processor.py:753} INFO - DAG(s) dict_keys(['example_external_task_marker_parent', 'example_external_task_marker_child']) retrieved from /home/airflow/.local/lib/python3.7/site-packages/airflow/example_dags/example_external_task_marker_dag.py
[2023-03-07T00:11:46.668+0000] {logging_mixin.py:137} INFO - [2023-03-07T00:11:46.667+0000] {dag.py:2690} INFO - Sync 2 DAGs
[2023-03-07T00:11:46.752+0000] {logging_mixin.py:137} INFO - [2023-03-07T00:11:46.752+0000] {dag.py:3441} INFO - Setting next_dagrun for example_external_task_marker_child to None, run_after=None
[2023-03-07T00:11:46.761+0000] {logging_mixin.py:137} INFO - [2023-03-07T00:11:46.761+0000] {dag.py:3441} INFO - Setting next_dagrun for example_external_task_marker_parent to None, run_after=None
[2023-03-07T00:11:46.798+0000] {processor.py:175} INFO - Processing /home/airflow/.local/lib/python3.7/site-packages/airflow/example_dags/example_external_task_marker_dag.py took 0.445 seconds
[2023-03-07T00:12:17.384+0000] {processor.py:153} INFO - Started process (PID=3383) to work on /home/airflow/.local/lib/python3.7/site-packages/airflow/example_dags/example_external_task_marker_dag.py
[2023-03-07T00:12:17.392+0000] {processor.py:743} INFO - Processing file /home/airflow/.local/lib/python3.7/site-packages/airflow/example_dags/example_external_task_marker_dag.py for tasks to queue
[2023-03-07T00:12:17.397+0000] {logging_mixin.py:137} INFO - [2023-03-07T00:12:17.397+0000] {dagbag.py:538} INFO - Filling up the DagBag from /home/airflow/.local/lib/python3.7/site-packages/airflow/example_dags/example_external_task_marker_dag.py
[2023-03-07T00:12:17.490+0000] {processor.py:753} INFO - DAG(s) dict_keys(['example_external_task_marker_child', 'example_external_task_marker_parent']) retrieved from /home/airflow/.local/lib/python3.7/site-packages/airflow/example_dags/example_external_task_marker_dag.py
[2023-03-07T00:12:17.675+0000] {logging_mixin.py:137} INFO - [2023-03-07T00:12:17.675+0000] {dag.py:2690} INFO - Sync 2 DAGs
[2023-03-07T00:12:17.823+0000] {logging_mixin.py:137} INFO - [2023-03-07T00:12:17.822+0000] {dag.py:3441} INFO - Setting next_dagrun for example_external_task_marker_child to None, run_after=None
[2023-03-07T00:12:17.839+0000] {logging_mixin.py:137} INFO - [2023-03-07T00:12:17.839+0000] {dag.py:3441} INFO - Setting next_dagrun for example_external_task_marker_parent to None, run_after=None
[2023-03-07T00:12:17.930+0000] {processor.py:175} INFO - Processing /home/airflow/.local/lib/python3.7/site-packages/airflow/example_dags/example_external_task_marker_dag.py took 0.596 seconds
[2023-03-07T00:12:48.817+0000] {processor.py:153} INFO - Started process (PID=3454) to work on /home/airflow/.local/lib/python3.7/site-packages/airflow/example_dags/example_external_task_marker_dag.py
[2023-03-07T00:12:48.823+0000] {processor.py:743} INFO - Processing file /home/airflow/.local/lib/python3.7/site-packages/airflow/example_dags/example_external_task_marker_dag.py for tasks to queue
[2023-03-07T00:12:48.827+0000] {logging_mixin.py:137} INFO - [2023-03-07T00:12:48.827+0000] {dagbag.py:538} INFO - Filling up the DagBag from /home/airflow/.local/lib/python3.7/site-packages/airflow/example_dags/example_external_task_marker_dag.py
[2023-03-07T00:12:48.863+0000] {processor.py:753} INFO - DAG(s) dict_keys(['example_external_task_marker_child', 'example_external_task_marker_parent']) retrieved from /home/airflow/.local/lib/python3.7/site-packages/airflow/example_dags/example_external_task_marker_dag.py
[2023-03-07T00:12:48.927+0000] {logging_mixin.py:137} INFO - [2023-03-07T00:12:48.927+0000] {dag.py:2690} INFO - Sync 2 DAGs
[2023-03-07T00:12:48.989+0000] {logging_mixin.py:137} INFO - [2023-03-07T00:12:48.989+0000] {dag.py:3441} INFO - Setting next_dagrun for example_external_task_marker_child to None, run_after=None
[2023-03-07T00:12:48.996+0000] {logging_mixin.py:137} INFO - [2023-03-07T00:12:48.995+0000] {dag.py:3441} INFO - Setting next_dagrun for example_external_task_marker_parent to None, run_after=None
[2023-03-07T00:12:49.033+0000] {processor.py:175} INFO - Processing /home/airflow/.local/lib/python3.7/site-packages/airflow/example_dags/example_external_task_marker_dag.py took 0.226 seconds
[2023-03-07T00:13:30.772+0000] {processor.py:153} INFO - Started process (PID=3534) to work on /home/airflow/.local/lib/python3.7/site-packages/airflow/example_dags/example_external_task_marker_dag.py
[2023-03-07T00:13:30.797+0000] {processor.py:743} INFO - Processing file /home/airflow/.local/lib/python3.7/site-packages/airflow/example_dags/example_external_task_marker_dag.py for tasks to queue
[2023-03-07T00:13:30.821+0000] {logging_mixin.py:137} INFO - [2023-03-07T00:13:30.812+0000] {dagbag.py:538} INFO - Filling up the DagBag from /home/airflow/.local/lib/python3.7/site-packages/airflow/example_dags/example_external_task_marker_dag.py
[2023-03-07T00:13:31.029+0000] {processor.py:753} INFO - DAG(s) dict_keys(['example_external_task_marker_parent', 'example_external_task_marker_child']) retrieved from /home/airflow/.local/lib/python3.7/site-packages/airflow/example_dags/example_external_task_marker_dag.py
[2023-03-07T00:13:31.253+0000] {logging_mixin.py:137} INFO - [2023-03-07T00:13:31.252+0000] {dag.py:2690} INFO - Sync 2 DAGs
[2023-03-07T00:13:31.706+0000] {logging_mixin.py:137} INFO - [2023-03-07T00:13:31.705+0000] {dag.py:3441} INFO - Setting next_dagrun for example_external_task_marker_child to None, run_after=None
[2023-03-07T00:13:31.759+0000] {logging_mixin.py:137} INFO - [2023-03-07T00:13:31.759+0000] {dag.py:3441} INFO - Setting next_dagrun for example_external_task_marker_parent to None, run_after=None
[2023-03-07T00:13:32.051+0000] {processor.py:175} INFO - Processing /home/airflow/.local/lib/python3.7/site-packages/airflow/example_dags/example_external_task_marker_dag.py took 1.348 seconds
[2023-03-07T00:14:06.386+0000] {processor.py:153} INFO - Started process (PID=3603) to work on /home/airflow/.local/lib/python3.7/site-packages/airflow/example_dags/example_external_task_marker_dag.py
[2023-03-07T00:14:06.395+0000] {processor.py:743} INFO - Processing file /home/airflow/.local/lib/python3.7/site-packages/airflow/example_dags/example_external_task_marker_dag.py for tasks to queue
[2023-03-07T00:14:06.404+0000] {logging_mixin.py:137} INFO - [2023-03-07T00:14:06.403+0000] {dagbag.py:538} INFO - Filling up the DagBag from /home/airflow/.local/lib/python3.7/site-packages/airflow/example_dags/example_external_task_marker_dag.py
[2023-03-07T00:14:06.492+0000] {processor.py:753} INFO - DAG(s) dict_keys(['example_external_task_marker_child', 'example_external_task_marker_parent']) retrieved from /home/airflow/.local/lib/python3.7/site-packages/airflow/example_dags/example_external_task_marker_dag.py
[2023-03-07T00:14:06.620+0000] {logging_mixin.py:137} INFO - [2023-03-07T00:14:06.619+0000] {dag.py:2690} INFO - Sync 2 DAGs
[2023-03-07T00:14:06.758+0000] {logging_mixin.py:137} INFO - [2023-03-07T00:14:06.758+0000] {dag.py:3441} INFO - Setting next_dagrun for example_external_task_marker_child to None, run_after=None
[2023-03-07T00:14:06.778+0000] {logging_mixin.py:137} INFO - [2023-03-07T00:14:06.777+0000] {dag.py:3441} INFO - Setting next_dagrun for example_external_task_marker_parent to None, run_after=None
[2023-03-07T00:14:06.854+0000] {processor.py:175} INFO - Processing /home/airflow/.local/lib/python3.7/site-packages/airflow/example_dags/example_external_task_marker_dag.py took 0.487 seconds
[2023-03-07T00:14:36.981+0000] {processor.py:153} INFO - Started process (PID=3664) to work on /home/airflow/.local/lib/python3.7/site-packages/airflow/example_dags/example_external_task_marker_dag.py
[2023-03-07T00:14:36.985+0000] {processor.py:743} INFO - Processing file /home/airflow/.local/lib/python3.7/site-packages/airflow/example_dags/example_external_task_marker_dag.py for tasks to queue
[2023-03-07T00:14:36.989+0000] {logging_mixin.py:137} INFO - [2023-03-07T00:14:36.988+0000] {dagbag.py:538} INFO - Filling up the DagBag from /home/airflow/.local/lib/python3.7/site-packages/airflow/example_dags/example_external_task_marker_dag.py
[2023-03-07T00:14:37.027+0000] {processor.py:753} INFO - DAG(s) dict_keys(['example_external_task_marker_parent', 'example_external_task_marker_child']) retrieved from /home/airflow/.local/lib/python3.7/site-packages/airflow/example_dags/example_external_task_marker_dag.py
[2023-03-07T00:14:37.102+0000] {logging_mixin.py:137} INFO - [2023-03-07T00:14:37.102+0000] {dag.py:2690} INFO - Sync 2 DAGs
[2023-03-07T00:14:37.163+0000] {logging_mixin.py:137} INFO - [2023-03-07T00:14:37.163+0000] {dag.py:3441} INFO - Setting next_dagrun for example_external_task_marker_child to None, run_after=None
[2023-03-07T00:14:37.173+0000] {logging_mixin.py:137} INFO - [2023-03-07T00:14:37.172+0000] {dag.py:3441} INFO - Setting next_dagrun for example_external_task_marker_parent to None, run_after=None
[2023-03-07T00:14:37.221+0000] {processor.py:175} INFO - Processing /home/airflow/.local/lib/python3.7/site-packages/airflow/example_dags/example_external_task_marker_dag.py took 0.253 seconds
[2023-03-07T00:16:25.282+0000] {processor.py:153} INFO - Started process (PID=3751) to work on /home/airflow/.local/lib/python3.7/site-packages/airflow/example_dags/example_external_task_marker_dag.py
[2023-03-07T00:16:25.288+0000] {processor.py:743} INFO - Processing file /home/airflow/.local/lib/python3.7/site-packages/airflow/example_dags/example_external_task_marker_dag.py for tasks to queue
[2023-03-07T00:16:25.297+0000] {logging_mixin.py:137} INFO - [2023-03-07T00:16:25.296+0000] {dagbag.py:538} INFO - Filling up the DagBag from /home/airflow/.local/lib/python3.7/site-packages/airflow/example_dags/example_external_task_marker_dag.py
[2023-03-07T00:16:25.354+0000] {processor.py:753} INFO - DAG(s) dict_keys(['example_external_task_marker_child', 'example_external_task_marker_parent']) retrieved from /home/airflow/.local/lib/python3.7/site-packages/airflow/example_dags/example_external_task_marker_dag.py
[2023-03-07T00:16:25.509+0000] {logging_mixin.py:137} INFO - [2023-03-07T00:16:25.509+0000] {dag.py:2690} INFO - Sync 2 DAGs
[2023-03-07T00:16:25.641+0000] {logging_mixin.py:137} INFO - [2023-03-07T00:16:25.640+0000] {dag.py:3441} INFO - Setting next_dagrun for example_external_task_marker_child to None, run_after=None
[2023-03-07T00:16:25.662+0000] {logging_mixin.py:137} INFO - [2023-03-07T00:16:25.661+0000] {dag.py:3441} INFO - Setting next_dagrun for example_external_task_marker_parent to None, run_after=None
[2023-03-07T00:16:25.740+0000] {processor.py:175} INFO - Processing /home/airflow/.local/lib/python3.7/site-packages/airflow/example_dags/example_external_task_marker_dag.py took 0.473 seconds
[2023-03-07T00:16:59.414+0000] {processor.py:153} INFO - Started process (PID=3822) to work on /home/airflow/.local/lib/python3.7/site-packages/airflow/example_dags/example_external_task_marker_dag.py
[2023-03-07T00:16:59.421+0000] {processor.py:743} INFO - Processing file /home/airflow/.local/lib/python3.7/site-packages/airflow/example_dags/example_external_task_marker_dag.py for tasks to queue
[2023-03-07T00:16:59.432+0000] {logging_mixin.py:137} INFO - [2023-03-07T00:16:59.430+0000] {dagbag.py:538} INFO - Filling up the DagBag from /home/airflow/.local/lib/python3.7/site-packages/airflow/example_dags/example_external_task_marker_dag.py
[2023-03-07T00:16:59.530+0000] {processor.py:753} INFO - DAG(s) dict_keys(['example_external_task_marker_child', 'example_external_task_marker_parent']) retrieved from /home/airflow/.local/lib/python3.7/site-packages/airflow/example_dags/example_external_task_marker_dag.py
[2023-03-07T00:17:00.052+0000] {logging_mixin.py:137} INFO - [2023-03-07T00:17:00.052+0000] {dag.py:2690} INFO - Sync 2 DAGs
[2023-03-07T00:17:00.669+0000] {logging_mixin.py:137} INFO - [2023-03-07T00:17:00.669+0000] {dag.py:3441} INFO - Setting next_dagrun for example_external_task_marker_child to None, run_after=None
[2023-03-07T00:17:00.785+0000] {logging_mixin.py:137} INFO - [2023-03-07T00:17:00.784+0000] {dag.py:3441} INFO - Setting next_dagrun for example_external_task_marker_parent to None, run_after=None
[2023-03-07T00:17:00.931+0000] {processor.py:175} INFO - Processing /home/airflow/.local/lib/python3.7/site-packages/airflow/example_dags/example_external_task_marker_dag.py took 1.549 seconds
[2023-03-07T00:17:31.567+0000] {processor.py:153} INFO - Started process (PID=3884) to work on /home/airflow/.local/lib/python3.7/site-packages/airflow/example_dags/example_external_task_marker_dag.py
[2023-03-07T00:17:31.572+0000] {processor.py:743} INFO - Processing file /home/airflow/.local/lib/python3.7/site-packages/airflow/example_dags/example_external_task_marker_dag.py for tasks to queue
[2023-03-07T00:17:31.575+0000] {logging_mixin.py:137} INFO - [2023-03-07T00:17:31.574+0000] {dagbag.py:538} INFO - Filling up the DagBag from /home/airflow/.local/lib/python3.7/site-packages/airflow/example_dags/example_external_task_marker_dag.py
[2023-03-07T00:17:31.610+0000] {processor.py:753} INFO - DAG(s) dict_keys(['example_external_task_marker_child', 'example_external_task_marker_parent']) retrieved from /home/airflow/.local/lib/python3.7/site-packages/airflow/example_dags/example_external_task_marker_dag.py
[2023-03-07T00:17:31.689+0000] {logging_mixin.py:137} INFO - [2023-03-07T00:17:31.689+0000] {dag.py:2690} INFO - Sync 2 DAGs
[2023-03-07T00:17:31.751+0000] {logging_mixin.py:137} INFO - [2023-03-07T00:17:31.750+0000] {dag.py:3441} INFO - Setting next_dagrun for example_external_task_marker_child to None, run_after=None
[2023-03-07T00:17:31.764+0000] {logging_mixin.py:137} INFO - [2023-03-07T00:17:31.764+0000] {dag.py:3441} INFO - Setting next_dagrun for example_external_task_marker_parent to None, run_after=None
[2023-03-07T00:17:31.812+0000] {processor.py:175} INFO - Processing /home/airflow/.local/lib/python3.7/site-packages/airflow/example_dags/example_external_task_marker_dag.py took 0.257 seconds
[2023-03-07T00:18:02.018+0000] {processor.py:153} INFO - Started process (PID=3955) to work on /home/airflow/.local/lib/python3.7/site-packages/airflow/example_dags/example_external_task_marker_dag.py
[2023-03-07T00:18:02.025+0000] {processor.py:743} INFO - Processing file /home/airflow/.local/lib/python3.7/site-packages/airflow/example_dags/example_external_task_marker_dag.py for tasks to queue
[2023-03-07T00:18:02.028+0000] {logging_mixin.py:137} INFO - [2023-03-07T00:18:02.028+0000] {dagbag.py:538} INFO - Filling up the DagBag from /home/airflow/.local/lib/python3.7/site-packages/airflow/example_dags/example_external_task_marker_dag.py
[2023-03-07T00:18:02.073+0000] {processor.py:753} INFO - DAG(s) dict_keys(['example_external_task_marker_parent', 'example_external_task_marker_child']) retrieved from /home/airflow/.local/lib/python3.7/site-packages/airflow/example_dags/example_external_task_marker_dag.py
[2023-03-07T00:18:02.147+0000] {logging_mixin.py:137} INFO - [2023-03-07T00:18:02.147+0000] {dag.py:2690} INFO - Sync 2 DAGs
[2023-03-07T00:18:02.220+0000] {logging_mixin.py:137} INFO - [2023-03-07T00:18:02.219+0000] {dag.py:3441} INFO - Setting next_dagrun for example_external_task_marker_child to None, run_after=None
[2023-03-07T00:18:02.231+0000] {logging_mixin.py:137} INFO - [2023-03-07T00:18:02.231+0000] {dag.py:3441} INFO - Setting next_dagrun for example_external_task_marker_parent to None, run_after=None
[2023-03-07T00:18:02.277+0000] {processor.py:175} INFO - Processing /home/airflow/.local/lib/python3.7/site-packages/airflow/example_dags/example_external_task_marker_dag.py took 0.268 seconds
[2023-03-07T00:18:32.643+0000] {processor.py:153} INFO - Started process (PID=4033) to work on /home/airflow/.local/lib/python3.7/site-packages/airflow/example_dags/example_external_task_marker_dag.py
[2023-03-07T00:18:32.647+0000] {processor.py:743} INFO - Processing file /home/airflow/.local/lib/python3.7/site-packages/airflow/example_dags/example_external_task_marker_dag.py for tasks to queue
[2023-03-07T00:18:32.652+0000] {logging_mixin.py:137} INFO - [2023-03-07T00:18:32.651+0000] {dagbag.py:538} INFO - Filling up the DagBag from /home/airflow/.local/lib/python3.7/site-packages/airflow/example_dags/example_external_task_marker_dag.py
[2023-03-07T00:18:32.704+0000] {processor.py:753} INFO - DAG(s) dict_keys(['example_external_task_marker_child', 'example_external_task_marker_parent']) retrieved from /home/airflow/.local/lib/python3.7/site-packages/airflow/example_dags/example_external_task_marker_dag.py
[2023-03-07T00:18:32.771+0000] {logging_mixin.py:137} INFO - [2023-03-07T00:18:32.771+0000] {dag.py:2690} INFO - Sync 2 DAGs
[2023-03-07T00:18:32.836+0000] {logging_mixin.py:137} INFO - [2023-03-07T00:18:32.835+0000] {dag.py:3441} INFO - Setting next_dagrun for example_external_task_marker_child to None, run_after=None
[2023-03-07T00:18:32.847+0000] {logging_mixin.py:137} INFO - [2023-03-07T00:18:32.846+0000] {dag.py:3441} INFO - Setting next_dagrun for example_external_task_marker_parent to None, run_after=None
[2023-03-07T00:18:32.897+0000] {processor.py:175} INFO - Processing /home/airflow/.local/lib/python3.7/site-packages/airflow/example_dags/example_external_task_marker_dag.py took 0.262 seconds
[2023-03-07T00:19:05.485+0000] {processor.py:153} INFO - Started process (PID=4096) to work on /home/airflow/.local/lib/python3.7/site-packages/airflow/example_dags/example_external_task_marker_dag.py
[2023-03-07T00:19:05.682+0000] {processor.py:743} INFO - Processing file /home/airflow/.local/lib/python3.7/site-packages/airflow/example_dags/example_external_task_marker_dag.py for tasks to queue
[2023-03-07T00:19:05.764+0000] {logging_mixin.py:137} INFO - [2023-03-07T00:19:05.763+0000] {dagbag.py:538} INFO - Filling up the DagBag from /home/airflow/.local/lib/python3.7/site-packages/airflow/example_dags/example_external_task_marker_dag.py
[2023-03-07T00:19:06.782+0000] {processor.py:753} INFO - DAG(s) dict_keys(['example_external_task_marker_parent', 'example_external_task_marker_child']) retrieved from /home/airflow/.local/lib/python3.7/site-packages/airflow/example_dags/example_external_task_marker_dag.py
[2023-03-07T00:19:10.908+0000] {logging_mixin.py:137} INFO - [2023-03-07T00:19:10.458+0000] {dag.py:2690} INFO - Sync 2 DAGs
[2023-03-07T00:19:12.598+0000] {logging_mixin.py:137} INFO - [2023-03-07T00:19:12.597+0000] {dag.py:3441} INFO - Setting next_dagrun for example_external_task_marker_child to None, run_after=None
[2023-03-07T00:19:12.844+0000] {logging_mixin.py:137} INFO - [2023-03-07T00:19:12.843+0000] {dag.py:3441} INFO - Setting next_dagrun for example_external_task_marker_parent to None, run_after=None
[2023-03-07T00:19:13.759+0000] {processor.py:175} INFO - Processing /home/airflow/.local/lib/python3.7/site-packages/airflow/example_dags/example_external_task_marker_dag.py took 8.325 seconds
[2023-03-07T00:19:44.620+0000] {processor.py:153} INFO - Started process (PID=4165) to work on /home/airflow/.local/lib/python3.7/site-packages/airflow/example_dags/example_external_task_marker_dag.py
[2023-03-07T00:19:44.624+0000] {processor.py:743} INFO - Processing file /home/airflow/.local/lib/python3.7/site-packages/airflow/example_dags/example_external_task_marker_dag.py for tasks to queue
[2023-03-07T00:19:44.628+0000] {logging_mixin.py:137} INFO - [2023-03-07T00:19:44.627+0000] {dagbag.py:538} INFO - Filling up the DagBag from /home/airflow/.local/lib/python3.7/site-packages/airflow/example_dags/example_external_task_marker_dag.py
[2023-03-07T00:19:44.664+0000] {processor.py:753} INFO - DAG(s) dict_keys(['example_external_task_marker_parent', 'example_external_task_marker_child']) retrieved from /home/airflow/.local/lib/python3.7/site-packages/airflow/example_dags/example_external_task_marker_dag.py
[2023-03-07T00:19:44.740+0000] {logging_mixin.py:137} INFO - [2023-03-07T00:19:44.739+0000] {dag.py:2690} INFO - Sync 2 DAGs
[2023-03-07T00:19:44.799+0000] {logging_mixin.py:137} INFO - [2023-03-07T00:19:44.798+0000] {dag.py:3441} INFO - Setting next_dagrun for example_external_task_marker_child to None, run_after=None
[2023-03-07T00:19:44.809+0000] {logging_mixin.py:137} INFO - [2023-03-07T00:19:44.809+0000] {dag.py:3441} INFO - Setting next_dagrun for example_external_task_marker_parent to None, run_after=None
[2023-03-07T00:19:44.888+0000] {processor.py:175} INFO - Processing /home/airflow/.local/lib/python3.7/site-packages/airflow/example_dags/example_external_task_marker_dag.py took 0.278 seconds
[2023-03-07T00:20:15.619+0000] {processor.py:153} INFO - Started process (PID=4236) to work on /home/airflow/.local/lib/python3.7/site-packages/airflow/example_dags/example_external_task_marker_dag.py
[2023-03-07T00:20:15.623+0000] {processor.py:743} INFO - Processing file /home/airflow/.local/lib/python3.7/site-packages/airflow/example_dags/example_external_task_marker_dag.py for tasks to queue
[2023-03-07T00:20:15.628+0000] {logging_mixin.py:137} INFO - [2023-03-07T00:20:15.628+0000] {dagbag.py:538} INFO - Filling up the DagBag from /home/airflow/.local/lib/python3.7/site-packages/airflow/example_dags/example_external_task_marker_dag.py
[2023-03-07T00:20:15.663+0000] {processor.py:753} INFO - DAG(s) dict_keys(['example_external_task_marker_child', 'example_external_task_marker_parent']) retrieved from /home/airflow/.local/lib/python3.7/site-packages/airflow/example_dags/example_external_task_marker_dag.py
[2023-03-07T00:20:15.726+0000] {logging_mixin.py:137} INFO - [2023-03-07T00:20:15.726+0000] {dag.py:2690} INFO - Sync 2 DAGs
[2023-03-07T00:20:15.799+0000] {logging_mixin.py:137} INFO - [2023-03-07T00:20:15.799+0000] {dag.py:3441} INFO - Setting next_dagrun for example_external_task_marker_child to None, run_after=None
[2023-03-07T00:20:15.813+0000] {logging_mixin.py:137} INFO - [2023-03-07T00:20:15.813+0000] {dag.py:3441} INFO - Setting next_dagrun for example_external_task_marker_parent to None, run_after=None
[2023-03-07T00:20:15.857+0000] {processor.py:175} INFO - Processing /home/airflow/.local/lib/python3.7/site-packages/airflow/example_dags/example_external_task_marker_dag.py took 0.247 seconds
[2023-03-07T00:21:09.530+0000] {processor.py:153} INFO - Started process (PID=4310) to work on /home/airflow/.local/lib/python3.7/site-packages/airflow/example_dags/example_external_task_marker_dag.py
[2023-03-07T00:21:09.536+0000] {processor.py:743} INFO - Processing file /home/airflow/.local/lib/python3.7/site-packages/airflow/example_dags/example_external_task_marker_dag.py for tasks to queue
[2023-03-07T00:21:09.551+0000] {logging_mixin.py:137} INFO - [2023-03-07T00:21:09.550+0000] {dagbag.py:538} INFO - Filling up the DagBag from /home/airflow/.local/lib/python3.7/site-packages/airflow/example_dags/example_external_task_marker_dag.py
[2023-03-07T00:21:09.643+0000] {processor.py:753} INFO - DAG(s) dict_keys(['example_external_task_marker_child', 'example_external_task_marker_parent']) retrieved from /home/airflow/.local/lib/python3.7/site-packages/airflow/example_dags/example_external_task_marker_dag.py
[2023-03-07T00:21:09.779+0000] {logging_mixin.py:137} INFO - [2023-03-07T00:21:09.779+0000] {dag.py:2690} INFO - Sync 2 DAGs
[2023-03-07T00:21:09.879+0000] {logging_mixin.py:137} INFO - [2023-03-07T00:21:09.878+0000] {dag.py:3441} INFO - Setting next_dagrun for example_external_task_marker_child to None, run_after=None
[2023-03-07T00:21:09.917+0000] {logging_mixin.py:137} INFO - [2023-03-07T00:21:09.916+0000] {dag.py:3441} INFO - Setting next_dagrun for example_external_task_marker_parent to None, run_after=None
[2023-03-07T00:21:10.054+0000] {processor.py:175} INFO - Processing /home/airflow/.local/lib/python3.7/site-packages/airflow/example_dags/example_external_task_marker_dag.py took 0.559 seconds
[2023-03-07T00:21:43.995+0000] {processor.py:153} INFO - Started process (PID=4381) to work on /home/airflow/.local/lib/python3.7/site-packages/airflow/example_dags/example_external_task_marker_dag.py
[2023-03-07T00:21:44.001+0000] {processor.py:743} INFO - Processing file /home/airflow/.local/lib/python3.7/site-packages/airflow/example_dags/example_external_task_marker_dag.py for tasks to queue
[2023-03-07T00:21:44.012+0000] {logging_mixin.py:137} INFO - [2023-03-07T00:21:44.010+0000] {dagbag.py:538} INFO - Filling up the DagBag from /home/airflow/.local/lib/python3.7/site-packages/airflow/example_dags/example_external_task_marker_dag.py
[2023-03-07T00:21:44.123+0000] {processor.py:753} INFO - DAG(s) dict_keys(['example_external_task_marker_child', 'example_external_task_marker_parent']) retrieved from /home/airflow/.local/lib/python3.7/site-packages/airflow/example_dags/example_external_task_marker_dag.py
[2023-03-07T00:21:44.318+0000] {logging_mixin.py:137} INFO - [2023-03-07T00:21:44.317+0000] {dag.py:2690} INFO - Sync 2 DAGs
[2023-03-07T00:21:44.481+0000] {logging_mixin.py:137} INFO - [2023-03-07T00:21:44.477+0000] {dag.py:3441} INFO - Setting next_dagrun for example_external_task_marker_child to None, run_after=None
[2023-03-07T00:21:44.516+0000] {logging_mixin.py:137} INFO - [2023-03-07T00:21:44.516+0000] {dag.py:3441} INFO - Setting next_dagrun for example_external_task_marker_parent to None, run_after=None
[2023-03-07T00:21:44.631+0000] {processor.py:175} INFO - Processing /home/airflow/.local/lib/python3.7/site-packages/airflow/example_dags/example_external_task_marker_dag.py took 0.664 seconds
[2023-03-07T00:23:20.798+0000] {processor.py:153} INFO - Started process (PID=4476) to work on /home/airflow/.local/lib/python3.7/site-packages/airflow/example_dags/example_external_task_marker_dag.py
[2023-03-07T00:23:20.808+0000] {processor.py:743} INFO - Processing file /home/airflow/.local/lib/python3.7/site-packages/airflow/example_dags/example_external_task_marker_dag.py for tasks to queue
[2023-03-07T00:23:20.826+0000] {logging_mixin.py:137} INFO - [2023-03-07T00:23:20.823+0000] {dagbag.py:538} INFO - Filling up the DagBag from /home/airflow/.local/lib/python3.7/site-packages/airflow/example_dags/example_external_task_marker_dag.py
[2023-03-07T00:23:20.945+0000] {processor.py:753} INFO - DAG(s) dict_keys(['example_external_task_marker_child', 'example_external_task_marker_parent']) retrieved from /home/airflow/.local/lib/python3.7/site-packages/airflow/example_dags/example_external_task_marker_dag.py
[2023-03-07T00:23:21.168+0000] {logging_mixin.py:137} INFO - [2023-03-07T00:23:21.168+0000] {dag.py:2690} INFO - Sync 2 DAGs
[2023-03-07T00:23:21.454+0000] {logging_mixin.py:137} INFO - [2023-03-07T00:23:21.454+0000] {dag.py:3441} INFO - Setting next_dagrun for example_external_task_marker_child to None, run_after=None
[2023-03-07T00:23:21.508+0000] {logging_mixin.py:137} INFO - [2023-03-07T00:23:21.507+0000] {dag.py:3441} INFO - Setting next_dagrun for example_external_task_marker_parent to None, run_after=None
[2023-03-07T00:23:21.696+0000] {processor.py:175} INFO - Processing /home/airflow/.local/lib/python3.7/site-packages/airflow/example_dags/example_external_task_marker_dag.py took 0.911 seconds
[2023-03-07T00:23:52.288+0000] {processor.py:153} INFO - Started process (PID=4540) to work on /home/airflow/.local/lib/python3.7/site-packages/airflow/example_dags/example_external_task_marker_dag.py
[2023-03-07T00:23:52.293+0000] {processor.py:743} INFO - Processing file /home/airflow/.local/lib/python3.7/site-packages/airflow/example_dags/example_external_task_marker_dag.py for tasks to queue
[2023-03-07T00:23:52.297+0000] {logging_mixin.py:137} INFO - [2023-03-07T00:23:52.296+0000] {dagbag.py:538} INFO - Filling up the DagBag from /home/airflow/.local/lib/python3.7/site-packages/airflow/example_dags/example_external_task_marker_dag.py
[2023-03-07T00:23:52.327+0000] {processor.py:753} INFO - DAG(s) dict_keys(['example_external_task_marker_child', 'example_external_task_marker_parent']) retrieved from /home/airflow/.local/lib/python3.7/site-packages/airflow/example_dags/example_external_task_marker_dag.py
[2023-03-07T00:23:52.387+0000] {logging_mixin.py:137} INFO - [2023-03-07T00:23:52.387+0000] {dag.py:2690} INFO - Sync 2 DAGs
[2023-03-07T00:23:52.441+0000] {logging_mixin.py:137} INFO - [2023-03-07T00:23:52.441+0000] {dag.py:3441} INFO - Setting next_dagrun for example_external_task_marker_child to None, run_after=None
[2023-03-07T00:23:52.450+0000] {logging_mixin.py:137} INFO - [2023-03-07T00:23:52.450+0000] {dag.py:3441} INFO - Setting next_dagrun for example_external_task_marker_parent to None, run_after=None
[2023-03-07T00:23:52.487+0000] {processor.py:175} INFO - Processing /home/airflow/.local/lib/python3.7/site-packages/airflow/example_dags/example_external_task_marker_dag.py took 0.206 seconds
[2023-03-07T00:24:22.808+0000] {processor.py:153} INFO - Started process (PID=4611) to work on /home/airflow/.local/lib/python3.7/site-packages/airflow/example_dags/example_external_task_marker_dag.py
[2023-03-07T00:24:22.811+0000] {processor.py:743} INFO - Processing file /home/airflow/.local/lib/python3.7/site-packages/airflow/example_dags/example_external_task_marker_dag.py for tasks to queue
[2023-03-07T00:24:22.815+0000] {logging_mixin.py:137} INFO - [2023-03-07T00:24:22.814+0000] {dagbag.py:538} INFO - Filling up the DagBag from /home/airflow/.local/lib/python3.7/site-packages/airflow/example_dags/example_external_task_marker_dag.py
[2023-03-07T00:24:22.842+0000] {processor.py:753} INFO - DAG(s) dict_keys(['example_external_task_marker_child', 'example_external_task_marker_parent']) retrieved from /home/airflow/.local/lib/python3.7/site-packages/airflow/example_dags/example_external_task_marker_dag.py
[2023-03-07T00:24:22.904+0000] {logging_mixin.py:137} INFO - [2023-03-07T00:24:22.904+0000] {dag.py:2690} INFO - Sync 2 DAGs
[2023-03-07T00:24:22.957+0000] {logging_mixin.py:137} INFO - [2023-03-07T00:24:22.957+0000] {dag.py:3441} INFO - Setting next_dagrun for example_external_task_marker_child to None, run_after=None
[2023-03-07T00:24:22.967+0000] {logging_mixin.py:137} INFO - [2023-03-07T00:24:22.967+0000] {dag.py:3441} INFO - Setting next_dagrun for example_external_task_marker_parent to None, run_after=None
[2023-03-07T00:24:23.009+0000] {processor.py:175} INFO - Processing /home/airflow/.local/lib/python3.7/site-packages/airflow/example_dags/example_external_task_marker_dag.py took 0.209 seconds
[2023-03-07T00:24:53.111+0000] {processor.py:153} INFO - Started process (PID=4679) to work on /home/airflow/.local/lib/python3.7/site-packages/airflow/example_dags/example_external_task_marker_dag.py
[2023-03-07T00:24:53.115+0000] {processor.py:743} INFO - Processing file /home/airflow/.local/lib/python3.7/site-packages/airflow/example_dags/example_external_task_marker_dag.py for tasks to queue
[2023-03-07T00:24:53.120+0000] {logging_mixin.py:137} INFO - [2023-03-07T00:24:53.120+0000] {dagbag.py:538} INFO - Filling up the DagBag from /home/airflow/.local/lib/python3.7/site-packages/airflow/example_dags/example_external_task_marker_dag.py
[2023-03-07T00:24:53.159+0000] {processor.py:753} INFO - DAG(s) dict_keys(['example_external_task_marker_child', 'example_external_task_marker_parent']) retrieved from /home/airflow/.local/lib/python3.7/site-packages/airflow/example_dags/example_external_task_marker_dag.py
[2023-03-07T00:24:53.290+0000] {logging_mixin.py:137} INFO - [2023-03-07T00:24:53.289+0000] {dag.py:2690} INFO - Sync 2 DAGs
[2023-03-07T00:24:53.479+0000] {logging_mixin.py:137} INFO - [2023-03-07T00:24:53.479+0000] {dag.py:3441} INFO - Setting next_dagrun for example_external_task_marker_child to None, run_after=None
[2023-03-07T00:24:53.498+0000] {logging_mixin.py:137} INFO - [2023-03-07T00:24:53.498+0000] {dag.py:3441} INFO - Setting next_dagrun for example_external_task_marker_parent to None, run_after=None
[2023-03-07T00:24:53.544+0000] {processor.py:175} INFO - Processing /home/airflow/.local/lib/python3.7/site-packages/airflow/example_dags/example_external_task_marker_dag.py took 0.445 seconds
[2023-03-07T00:25:24.116+0000] {processor.py:153} INFO - Started process (PID=4750) to work on /home/airflow/.local/lib/python3.7/site-packages/airflow/example_dags/example_external_task_marker_dag.py
[2023-03-07T00:25:24.119+0000] {processor.py:743} INFO - Processing file /home/airflow/.local/lib/python3.7/site-packages/airflow/example_dags/example_external_task_marker_dag.py for tasks to queue
[2023-03-07T00:25:24.123+0000] {logging_mixin.py:137} INFO - [2023-03-07T00:25:24.123+0000] {dagbag.py:538} INFO - Filling up the DagBag from /home/airflow/.local/lib/python3.7/site-packages/airflow/example_dags/example_external_task_marker_dag.py
[2023-03-07T00:25:24.169+0000] {processor.py:753} INFO - DAG(s) dict_keys(['example_external_task_marker_child', 'example_external_task_marker_parent']) retrieved from /home/airflow/.local/lib/python3.7/site-packages/airflow/example_dags/example_external_task_marker_dag.py
[2023-03-07T00:25:24.234+0000] {logging_mixin.py:137} INFO - [2023-03-07T00:25:24.233+0000] {dag.py:2690} INFO - Sync 2 DAGs
[2023-03-07T00:25:24.306+0000] {logging_mixin.py:137} INFO - [2023-03-07T00:25:24.306+0000] {dag.py:3441} INFO - Setting next_dagrun for example_external_task_marker_child to None, run_after=None
[2023-03-07T00:25:24.318+0000] {logging_mixin.py:137} INFO - [2023-03-07T00:25:24.318+0000] {dag.py:3441} INFO - Setting next_dagrun for example_external_task_marker_parent to None, run_after=None
[2023-03-07T00:25:24.366+0000] {processor.py:175} INFO - Processing /home/airflow/.local/lib/python3.7/site-packages/airflow/example_dags/example_external_task_marker_dag.py took 0.260 seconds
[2023-03-07T00:25:54.856+0000] {processor.py:153} INFO - Started process (PID=4821) to work on /home/airflow/.local/lib/python3.7/site-packages/airflow/example_dags/example_external_task_marker_dag.py
[2023-03-07T00:25:54.864+0000] {processor.py:743} INFO - Processing file /home/airflow/.local/lib/python3.7/site-packages/airflow/example_dags/example_external_task_marker_dag.py for tasks to queue
[2023-03-07T00:25:54.875+0000] {logging_mixin.py:137} INFO - [2023-03-07T00:25:54.874+0000] {dagbag.py:538} INFO - Filling up the DagBag from /home/airflow/.local/lib/python3.7/site-packages/airflow/example_dags/example_external_task_marker_dag.py
[2023-03-07T00:25:54.951+0000] {processor.py:753} INFO - DAG(s) dict_keys(['example_external_task_marker_parent', 'example_external_task_marker_child']) retrieved from /home/airflow/.local/lib/python3.7/site-packages/airflow/example_dags/example_external_task_marker_dag.py
[2023-03-07T00:25:55.037+0000] {logging_mixin.py:137} INFO - [2023-03-07T00:25:55.036+0000] {dag.py:2690} INFO - Sync 2 DAGs
[2023-03-07T00:25:55.124+0000] {logging_mixin.py:137} INFO - [2023-03-07T00:25:55.124+0000] {dag.py:3441} INFO - Setting next_dagrun for example_external_task_marker_child to None, run_after=None
[2023-03-07T00:25:55.139+0000] {logging_mixin.py:137} INFO - [2023-03-07T00:25:55.139+0000] {dag.py:3441} INFO - Setting next_dagrun for example_external_task_marker_parent to None, run_after=None
[2023-03-07T00:25:55.196+0000] {processor.py:175} INFO - Processing /home/airflow/.local/lib/python3.7/site-packages/airflow/example_dags/example_external_task_marker_dag.py took 0.365 seconds
[2023-03-07T00:26:25.768+0000] {processor.py:153} INFO - Started process (PID=4898) to work on /home/airflow/.local/lib/python3.7/site-packages/airflow/example_dags/example_external_task_marker_dag.py
[2023-03-07T00:26:25.842+0000] {processor.py:743} INFO - Processing file /home/airflow/.local/lib/python3.7/site-packages/airflow/example_dags/example_external_task_marker_dag.py for tasks to queue
[2023-03-07T00:26:25.858+0000] {logging_mixin.py:137} INFO - [2023-03-07T00:26:25.858+0000] {dagbag.py:538} INFO - Filling up the DagBag from /home/airflow/.local/lib/python3.7/site-packages/airflow/example_dags/example_external_task_marker_dag.py
[2023-03-07T00:26:25.956+0000] {processor.py:753} INFO - DAG(s) dict_keys(['example_external_task_marker_child', 'example_external_task_marker_parent']) retrieved from /home/airflow/.local/lib/python3.7/site-packages/airflow/example_dags/example_external_task_marker_dag.py
[2023-03-07T00:26:26.320+0000] {logging_mixin.py:137} INFO - [2023-03-07T00:26:26.320+0000] {dag.py:2690} INFO - Sync 2 DAGs
[2023-03-07T00:26:26.396+0000] {logging_mixin.py:137} INFO - [2023-03-07T00:26:26.396+0000] {dag.py:3441} INFO - Setting next_dagrun for example_external_task_marker_child to None, run_after=None
[2023-03-07T00:26:26.430+0000] {logging_mixin.py:137} INFO - [2023-03-07T00:26:26.430+0000] {dag.py:3441} INFO - Setting next_dagrun for example_external_task_marker_parent to None, run_after=None
[2023-03-07T00:26:26.499+0000] {processor.py:175} INFO - Processing /home/airflow/.local/lib/python3.7/site-packages/airflow/example_dags/example_external_task_marker_dag.py took 0.768 seconds
[2023-03-07T00:26:56.812+0000] {processor.py:153} INFO - Started process (PID=4972) to work on /home/airflow/.local/lib/python3.7/site-packages/airflow/example_dags/example_external_task_marker_dag.py
[2023-03-07T00:26:56.825+0000] {processor.py:743} INFO - Processing file /home/airflow/.local/lib/python3.7/site-packages/airflow/example_dags/example_external_task_marker_dag.py for tasks to queue
[2023-03-07T00:26:56.843+0000] {logging_mixin.py:137} INFO - [2023-03-07T00:26:56.842+0000] {dagbag.py:538} INFO - Filling up the DagBag from /home/airflow/.local/lib/python3.7/site-packages/airflow/example_dags/example_external_task_marker_dag.py
[2023-03-07T00:26:56.931+0000] {processor.py:753} INFO - DAG(s) dict_keys(['example_external_task_marker_child', 'example_external_task_marker_parent']) retrieved from /home/airflow/.local/lib/python3.7/site-packages/airflow/example_dags/example_external_task_marker_dag.py
[2023-03-07T00:26:57.132+0000] {logging_mixin.py:137} INFO - [2023-03-07T00:26:57.130+0000] {dag.py:2690} INFO - Sync 2 DAGs
[2023-03-07T00:26:57.254+0000] {logging_mixin.py:137} INFO - [2023-03-07T00:26:57.253+0000] {dag.py:3441} INFO - Setting next_dagrun for example_external_task_marker_child to None, run_after=None
[2023-03-07T00:26:57.278+0000] {logging_mixin.py:137} INFO - [2023-03-07T00:26:57.278+0000] {dag.py:3441} INFO - Setting next_dagrun for example_external_task_marker_parent to None, run_after=None
[2023-03-07T00:26:57.342+0000] {processor.py:175} INFO - Processing /home/airflow/.local/lib/python3.7/site-packages/airflow/example_dags/example_external_task_marker_dag.py took 0.570 seconds
[2023-03-07T00:27:28.047+0000] {processor.py:153} INFO - Started process (PID=5044) to work on /home/airflow/.local/lib/python3.7/site-packages/airflow/example_dags/example_external_task_marker_dag.py
[2023-03-07T00:27:28.051+0000] {processor.py:743} INFO - Processing file /home/airflow/.local/lib/python3.7/site-packages/airflow/example_dags/example_external_task_marker_dag.py for tasks to queue
[2023-03-07T00:27:28.056+0000] {logging_mixin.py:137} INFO - [2023-03-07T00:27:28.055+0000] {dagbag.py:538} INFO - Filling up the DagBag from /home/airflow/.local/lib/python3.7/site-packages/airflow/example_dags/example_external_task_marker_dag.py
[2023-03-07T00:27:28.107+0000] {processor.py:753} INFO - DAG(s) dict_keys(['example_external_task_marker_parent', 'example_external_task_marker_child']) retrieved from /home/airflow/.local/lib/python3.7/site-packages/airflow/example_dags/example_external_task_marker_dag.py
[2023-03-07T00:27:28.203+0000] {logging_mixin.py:137} INFO - [2023-03-07T00:27:28.203+0000] {dag.py:2690} INFO - Sync 2 DAGs
[2023-03-07T00:27:28.287+0000] {logging_mixin.py:137} INFO - [2023-03-07T00:27:28.287+0000] {dag.py:3441} INFO - Setting next_dagrun for example_external_task_marker_child to None, run_after=None
[2023-03-07T00:27:28.304+0000] {logging_mixin.py:137} INFO - [2023-03-07T00:27:28.303+0000] {dag.py:3441} INFO - Setting next_dagrun for example_external_task_marker_parent to None, run_after=None
[2023-03-07T00:27:28.365+0000] {processor.py:175} INFO - Processing /home/airflow/.local/lib/python3.7/site-packages/airflow/example_dags/example_external_task_marker_dag.py took 0.326 seconds
[2023-03-07T00:27:58.431+0000] {processor.py:153} INFO - Started process (PID=5117) to work on /home/airflow/.local/lib/python3.7/site-packages/airflow/example_dags/example_external_task_marker_dag.py
[2023-03-07T00:27:58.435+0000] {processor.py:743} INFO - Processing file /home/airflow/.local/lib/python3.7/site-packages/airflow/example_dags/example_external_task_marker_dag.py for tasks to queue
[2023-03-07T00:27:58.438+0000] {logging_mixin.py:137} INFO - [2023-03-07T00:27:58.438+0000] {dagbag.py:538} INFO - Filling up the DagBag from /home/airflow/.local/lib/python3.7/site-packages/airflow/example_dags/example_external_task_marker_dag.py
[2023-03-07T00:27:58.468+0000] {processor.py:753} INFO - DAG(s) dict_keys(['example_external_task_marker_child', 'example_external_task_marker_parent']) retrieved from /home/airflow/.local/lib/python3.7/site-packages/airflow/example_dags/example_external_task_marker_dag.py
[2023-03-07T00:27:58.526+0000] {logging_mixin.py:137} INFO - [2023-03-07T00:27:58.526+0000] {dag.py:2690} INFO - Sync 2 DAGs
[2023-03-07T00:27:58.580+0000] {logging_mixin.py:137} INFO - [2023-03-07T00:27:58.579+0000] {dag.py:3441} INFO - Setting next_dagrun for example_external_task_marker_child to None, run_after=None
[2023-03-07T00:27:58.592+0000] {logging_mixin.py:137} INFO - [2023-03-07T00:27:58.592+0000] {dag.py:3441} INFO - Setting next_dagrun for example_external_task_marker_parent to None, run_after=None
[2023-03-07T00:27:58.630+0000] {processor.py:175} INFO - Processing /home/airflow/.local/lib/python3.7/site-packages/airflow/example_dags/example_external_task_marker_dag.py took 0.210 seconds
[2023-03-07T00:28:30.082+0000] {processor.py:153} INFO - Started process (PID=5189) to work on /home/airflow/.local/lib/python3.7/site-packages/airflow/example_dags/example_external_task_marker_dag.py
[2023-03-07T00:28:30.086+0000] {processor.py:743} INFO - Processing file /home/airflow/.local/lib/python3.7/site-packages/airflow/example_dags/example_external_task_marker_dag.py for tasks to queue
[2023-03-07T00:28:30.090+0000] {logging_mixin.py:137} INFO - [2023-03-07T00:28:30.090+0000] {dagbag.py:538} INFO - Filling up the DagBag from /home/airflow/.local/lib/python3.7/site-packages/airflow/example_dags/example_external_task_marker_dag.py
[2023-03-07T00:28:30.134+0000] {processor.py:753} INFO - DAG(s) dict_keys(['example_external_task_marker_parent', 'example_external_task_marker_child']) retrieved from /home/airflow/.local/lib/python3.7/site-packages/airflow/example_dags/example_external_task_marker_dag.py
[2023-03-07T00:28:30.202+0000] {logging_mixin.py:137} INFO - [2023-03-07T00:28:30.202+0000] {dag.py:2690} INFO - Sync 2 DAGs
[2023-03-07T00:28:30.264+0000] {logging_mixin.py:137} INFO - [2023-03-07T00:28:30.264+0000] {dag.py:3441} INFO - Setting next_dagrun for example_external_task_marker_child to None, run_after=None
[2023-03-07T00:28:30.275+0000] {logging_mixin.py:137} INFO - [2023-03-07T00:28:30.275+0000] {dag.py:3441} INFO - Setting next_dagrun for example_external_task_marker_parent to None, run_after=None
[2023-03-07T00:28:30.331+0000] {processor.py:175} INFO - Processing /home/airflow/.local/lib/python3.7/site-packages/airflow/example_dags/example_external_task_marker_dag.py took 0.263 seconds
[2023-03-07T00:29:05.841+0000] {processor.py:153} INFO - Started process (PID=5256) to work on /home/airflow/.local/lib/python3.7/site-packages/airflow/example_dags/example_external_task_marker_dag.py
[2023-03-07T00:29:05.924+0000] {processor.py:743} INFO - Processing file /home/airflow/.local/lib/python3.7/site-packages/airflow/example_dags/example_external_task_marker_dag.py for tasks to queue
[2023-03-07T00:29:05.973+0000] {logging_mixin.py:137} INFO - [2023-03-07T00:29:05.973+0000] {dagbag.py:538} INFO - Filling up the DagBag from /home/airflow/.local/lib/python3.7/site-packages/airflow/example_dags/example_external_task_marker_dag.py
[2023-03-07T00:29:06.050+0000] {processor.py:753} INFO - DAG(s) dict_keys(['example_external_task_marker_parent', 'example_external_task_marker_child']) retrieved from /home/airflow/.local/lib/python3.7/site-packages/airflow/example_dags/example_external_task_marker_dag.py
[2023-03-07T00:29:06.795+0000] {logging_mixin.py:137} INFO - [2023-03-07T00:29:06.795+0000] {dag.py:2690} INFO - Sync 2 DAGs
[2023-03-07T00:29:07.014+0000] {logging_mixin.py:137} INFO - [2023-03-07T00:29:07.014+0000] {dag.py:3441} INFO - Setting next_dagrun for example_external_task_marker_child to None, run_after=None
[2023-03-07T00:29:07.057+0000] {logging_mixin.py:137} INFO - [2023-03-07T00:29:07.055+0000] {dag.py:3441} INFO - Setting next_dagrun for example_external_task_marker_parent to None, run_after=None
[2023-03-07T00:29:07.159+0000] {processor.py:175} INFO - Processing /home/airflow/.local/lib/python3.7/site-packages/airflow/example_dags/example_external_task_marker_dag.py took 1.350 seconds
[2023-03-07T00:29:37.849+0000] {processor.py:153} INFO - Started process (PID=5330) to work on /home/airflow/.local/lib/python3.7/site-packages/airflow/example_dags/example_external_task_marker_dag.py
[2023-03-07T00:29:37.853+0000] {processor.py:743} INFO - Processing file /home/airflow/.local/lib/python3.7/site-packages/airflow/example_dags/example_external_task_marker_dag.py for tasks to queue
[2023-03-07T00:29:37.856+0000] {logging_mixin.py:137} INFO - [2023-03-07T00:29:37.856+0000] {dagbag.py:538} INFO - Filling up the DagBag from /home/airflow/.local/lib/python3.7/site-packages/airflow/example_dags/example_external_task_marker_dag.py
[2023-03-07T00:29:37.883+0000] {processor.py:753} INFO - DAG(s) dict_keys(['example_external_task_marker_child', 'example_external_task_marker_parent']) retrieved from /home/airflow/.local/lib/python3.7/site-packages/airflow/example_dags/example_external_task_marker_dag.py
[2023-03-07T00:29:37.934+0000] {logging_mixin.py:137} INFO - [2023-03-07T00:29:37.934+0000] {dag.py:2690} INFO - Sync 2 DAGs
[2023-03-07T00:29:37.980+0000] {logging_mixin.py:137} INFO - [2023-03-07T00:29:37.980+0000] {dag.py:3441} INFO - Setting next_dagrun for example_external_task_marker_child to None, run_after=None
[2023-03-07T00:29:37.989+0000] {logging_mixin.py:137} INFO - [2023-03-07T00:29:37.989+0000] {dag.py:3441} INFO - Setting next_dagrun for example_external_task_marker_parent to None, run_after=None
[2023-03-07T00:29:38.021+0000] {processor.py:175} INFO - Processing /home/airflow/.local/lib/python3.7/site-packages/airflow/example_dags/example_external_task_marker_dag.py took 0.179 seconds
[2023-03-07T00:30:08.183+0000] {processor.py:153} INFO - Started process (PID=5400) to work on /home/airflow/.local/lib/python3.7/site-packages/airflow/example_dags/example_external_task_marker_dag.py
[2023-03-07T00:30:08.188+0000] {processor.py:743} INFO - Processing file /home/airflow/.local/lib/python3.7/site-packages/airflow/example_dags/example_external_task_marker_dag.py for tasks to queue
[2023-03-07T00:30:08.194+0000] {logging_mixin.py:137} INFO - [2023-03-07T00:30:08.193+0000] {dagbag.py:538} INFO - Filling up the DagBag from /home/airflow/.local/lib/python3.7/site-packages/airflow/example_dags/example_external_task_marker_dag.py
[2023-03-07T00:30:08.243+0000] {processor.py:753} INFO - DAG(s) dict_keys(['example_external_task_marker_parent', 'example_external_task_marker_child']) retrieved from /home/airflow/.local/lib/python3.7/site-packages/airflow/example_dags/example_external_task_marker_dag.py
[2023-03-07T00:30:08.325+0000] {logging_mixin.py:137} INFO - [2023-03-07T00:30:08.325+0000] {dag.py:2690} INFO - Sync 2 DAGs
[2023-03-07T00:30:08.400+0000] {logging_mixin.py:137} INFO - [2023-03-07T00:30:08.400+0000] {dag.py:3441} INFO - Setting next_dagrun for example_external_task_marker_child to None, run_after=None
[2023-03-07T00:30:08.418+0000] {logging_mixin.py:137} INFO - [2023-03-07T00:30:08.418+0000] {dag.py:3441} INFO - Setting next_dagrun for example_external_task_marker_parent to None, run_after=None
[2023-03-07T00:30:08.476+0000] {processor.py:175} INFO - Processing /home/airflow/.local/lib/python3.7/site-packages/airflow/example_dags/example_external_task_marker_dag.py took 0.310 seconds
[2023-03-07T00:30:39.675+0000] {processor.py:153} INFO - Started process (PID=5466) to work on /home/airflow/.local/lib/python3.7/site-packages/airflow/example_dags/example_external_task_marker_dag.py
[2023-03-07T00:30:39.696+0000] {processor.py:743} INFO - Processing file /home/airflow/.local/lib/python3.7/site-packages/airflow/example_dags/example_external_task_marker_dag.py for tasks to queue
[2023-03-07T00:30:39.724+0000] {logging_mixin.py:137} INFO - [2023-03-07T00:30:39.723+0000] {dagbag.py:538} INFO - Filling up the DagBag from /home/airflow/.local/lib/python3.7/site-packages/airflow/example_dags/example_external_task_marker_dag.py
[2023-03-07T00:30:39.951+0000] {processor.py:753} INFO - DAG(s) dict_keys(['example_external_task_marker_parent', 'example_external_task_marker_child']) retrieved from /home/airflow/.local/lib/python3.7/site-packages/airflow/example_dags/example_external_task_marker_dag.py
[2023-03-07T00:30:40.541+0000] {logging_mixin.py:137} INFO - [2023-03-07T00:30:40.540+0000] {dag.py:2690} INFO - Sync 2 DAGs
[2023-03-07T00:30:41.095+0000] {logging_mixin.py:137} INFO - [2023-03-07T00:30:41.094+0000] {dag.py:3441} INFO - Setting next_dagrun for example_external_task_marker_child to None, run_after=None
[2023-03-07T00:30:41.266+0000] {logging_mixin.py:137} INFO - [2023-03-07T00:30:41.265+0000] {dag.py:3441} INFO - Setting next_dagrun for example_external_task_marker_parent to None, run_after=None
[2023-03-07T00:30:41.650+0000] {processor.py:175} INFO - Processing /home/airflow/.local/lib/python3.7/site-packages/airflow/example_dags/example_external_task_marker_dag.py took 2.026 seconds
