[2023-03-07T00:00:28.903+0000] {processor.py:153} INFO - Started process (PID=1787) to work on /home/airflow/.local/lib/python3.7/site-packages/airflow/example_dags/example_branch_python_dop_operator_3.py
[2023-03-07T00:00:28.907+0000] {processor.py:743} INFO - Processing file /home/airflow/.local/lib/python3.7/site-packages/airflow/example_dags/example_branch_python_dop_operator_3.py for tasks to queue
[2023-03-07T00:00:28.911+0000] {logging_mixin.py:137} INFO - [2023-03-07T00:00:28.910+0000] {dagbag.py:538} INFO - Filling up the DagBag from /home/airflow/.local/lib/python3.7/site-packages/airflow/example_dags/example_branch_python_dop_operator_3.py
[2023-03-07T00:00:28.956+0000] {processor.py:753} INFO - DAG(s) dict_keys(['example_branch_dop_operator_v3']) retrieved from /home/airflow/.local/lib/python3.7/site-packages/airflow/example_dags/example_branch_python_dop_operator_3.py
[2023-03-07T00:00:29.017+0000] {logging_mixin.py:137} INFO - [2023-03-07T00:00:29.017+0000] {dag.py:2690} INFO - Sync 1 DAGs
[2023-03-07T00:00:29.073+0000] {logging_mixin.py:137} INFO - [2023-03-07T00:00:29.073+0000] {dag.py:3441} INFO - Setting next_dagrun for example_branch_dop_operator_v3 to 2023-03-06T23:59:00+00:00, run_after=2023-03-07T00:00:00+00:00
[2023-03-07T00:00:29.111+0000] {processor.py:175} INFO - Processing /home/airflow/.local/lib/python3.7/site-packages/airflow/example_dags/example_branch_python_dop_operator_3.py took 0.216 seconds
[2023-03-07T00:00:59.306+0000] {processor.py:153} INFO - Started process (PID=1857) to work on /home/airflow/.local/lib/python3.7/site-packages/airflow/example_dags/example_branch_python_dop_operator_3.py
[2023-03-07T00:00:59.310+0000] {processor.py:743} INFO - Processing file /home/airflow/.local/lib/python3.7/site-packages/airflow/example_dags/example_branch_python_dop_operator_3.py for tasks to queue
[2023-03-07T00:00:59.313+0000] {logging_mixin.py:137} INFO - [2023-03-07T00:00:59.313+0000] {dagbag.py:538} INFO - Filling up the DagBag from /home/airflow/.local/lib/python3.7/site-packages/airflow/example_dags/example_branch_python_dop_operator_3.py
[2023-03-07T00:00:59.384+0000] {processor.py:753} INFO - DAG(s) dict_keys(['example_branch_dop_operator_v3']) retrieved from /home/airflow/.local/lib/python3.7/site-packages/airflow/example_dags/example_branch_python_dop_operator_3.py
[2023-03-07T00:00:59.464+0000] {logging_mixin.py:137} INFO - [2023-03-07T00:00:59.464+0000] {dag.py:2690} INFO - Sync 1 DAGs
[2023-03-07T00:00:59.541+0000] {logging_mixin.py:137} INFO - [2023-03-07T00:00:59.541+0000] {dag.py:3441} INFO - Setting next_dagrun for example_branch_dop_operator_v3 to 2023-03-06T23:59:00+00:00, run_after=2023-03-07T00:00:00+00:00
[2023-03-07T00:00:59.587+0000] {processor.py:175} INFO - Processing /home/airflow/.local/lib/python3.7/site-packages/airflow/example_dags/example_branch_python_dop_operator_3.py took 0.290 seconds
[2023-03-07T00:01:30.420+0000] {processor.py:153} INFO - Started process (PID=1927) to work on /home/airflow/.local/lib/python3.7/site-packages/airflow/example_dags/example_branch_python_dop_operator_3.py
[2023-03-07T00:01:30.424+0000] {processor.py:743} INFO - Processing file /home/airflow/.local/lib/python3.7/site-packages/airflow/example_dags/example_branch_python_dop_operator_3.py for tasks to queue
[2023-03-07T00:01:30.429+0000] {logging_mixin.py:137} INFO - [2023-03-07T00:01:30.429+0000] {dagbag.py:538} INFO - Filling up the DagBag from /home/airflow/.local/lib/python3.7/site-packages/airflow/example_dags/example_branch_python_dop_operator_3.py
[2023-03-07T00:01:30.506+0000] {processor.py:753} INFO - DAG(s) dict_keys(['example_branch_dop_operator_v3']) retrieved from /home/airflow/.local/lib/python3.7/site-packages/airflow/example_dags/example_branch_python_dop_operator_3.py
[2023-03-07T00:01:30.568+0000] {logging_mixin.py:137} INFO - [2023-03-07T00:01:30.568+0000] {dag.py:2690} INFO - Sync 1 DAGs
[2023-03-07T00:01:30.639+0000] {logging_mixin.py:137} INFO - [2023-03-07T00:01:30.639+0000] {dag.py:3441} INFO - Setting next_dagrun for example_branch_dop_operator_v3 to 2023-03-07T00:00:00+00:00, run_after=2023-03-07T00:01:00+00:00
[2023-03-07T00:01:30.686+0000] {processor.py:175} INFO - Processing /home/airflow/.local/lib/python3.7/site-packages/airflow/example_dags/example_branch_python_dop_operator_3.py took 0.275 seconds
[2023-03-07T00:02:01.012+0000] {processor.py:153} INFO - Started process (PID=1998) to work on /home/airflow/.local/lib/python3.7/site-packages/airflow/example_dags/example_branch_python_dop_operator_3.py
[2023-03-07T00:02:01.024+0000] {processor.py:743} INFO - Processing file /home/airflow/.local/lib/python3.7/site-packages/airflow/example_dags/example_branch_python_dop_operator_3.py for tasks to queue
[2023-03-07T00:02:01.030+0000] {logging_mixin.py:137} INFO - [2023-03-07T00:02:01.029+0000] {dagbag.py:538} INFO - Filling up the DagBag from /home/airflow/.local/lib/python3.7/site-packages/airflow/example_dags/example_branch_python_dop_operator_3.py
[2023-03-07T00:02:01.103+0000] {processor.py:753} INFO - DAG(s) dict_keys(['example_branch_dop_operator_v3']) retrieved from /home/airflow/.local/lib/python3.7/site-packages/airflow/example_dags/example_branch_python_dop_operator_3.py
[2023-03-07T00:02:01.172+0000] {logging_mixin.py:137} INFO - [2023-03-07T00:02:01.171+0000] {dag.py:2690} INFO - Sync 1 DAGs
[2023-03-07T00:02:01.268+0000] {logging_mixin.py:137} INFO - [2023-03-07T00:02:01.268+0000] {dag.py:3441} INFO - Setting next_dagrun for example_branch_dop_operator_v3 to 2023-03-07T00:01:00+00:00, run_after=2023-03-07T00:02:00+00:00
[2023-03-07T00:02:01.332+0000] {processor.py:175} INFO - Processing /home/airflow/.local/lib/python3.7/site-packages/airflow/example_dags/example_branch_python_dop_operator_3.py took 0.334 seconds
[2023-03-07T00:02:31.432+0000] {processor.py:153} INFO - Started process (PID=2068) to work on /home/airflow/.local/lib/python3.7/site-packages/airflow/example_dags/example_branch_python_dop_operator_3.py
[2023-03-07T00:02:31.440+0000] {processor.py:743} INFO - Processing file /home/airflow/.local/lib/python3.7/site-packages/airflow/example_dags/example_branch_python_dop_operator_3.py for tasks to queue
[2023-03-07T00:02:31.444+0000] {logging_mixin.py:137} INFO - [2023-03-07T00:02:31.444+0000] {dagbag.py:538} INFO - Filling up the DagBag from /home/airflow/.local/lib/python3.7/site-packages/airflow/example_dags/example_branch_python_dop_operator_3.py
[2023-03-07T00:02:31.494+0000] {processor.py:753} INFO - DAG(s) dict_keys(['example_branch_dop_operator_v3']) retrieved from /home/airflow/.local/lib/python3.7/site-packages/airflow/example_dags/example_branch_python_dop_operator_3.py
[2023-03-07T00:02:31.560+0000] {logging_mixin.py:137} INFO - [2023-03-07T00:02:31.560+0000] {dag.py:2690} INFO - Sync 1 DAGs
[2023-03-07T00:02:31.629+0000] {logging_mixin.py:137} INFO - [2023-03-07T00:02:31.629+0000] {dag.py:3441} INFO - Setting next_dagrun for example_branch_dop_operator_v3 to 2023-03-07T00:01:00+00:00, run_after=2023-03-07T00:02:00+00:00
[2023-03-07T00:02:31.671+0000] {processor.py:175} INFO - Processing /home/airflow/.local/lib/python3.7/site-packages/airflow/example_dags/example_branch_python_dop_operator_3.py took 0.256 seconds
[2023-03-07T00:03:01.867+0000] {processor.py:153} INFO - Started process (PID=2137) to work on /home/airflow/.local/lib/python3.7/site-packages/airflow/example_dags/example_branch_python_dop_operator_3.py
[2023-03-07T00:03:01.871+0000] {processor.py:743} INFO - Processing file /home/airflow/.local/lib/python3.7/site-packages/airflow/example_dags/example_branch_python_dop_operator_3.py for tasks to queue
[2023-03-07T00:03:01.876+0000] {logging_mixin.py:137} INFO - [2023-03-07T00:03:01.875+0000] {dagbag.py:538} INFO - Filling up the DagBag from /home/airflow/.local/lib/python3.7/site-packages/airflow/example_dags/example_branch_python_dop_operator_3.py
[2023-03-07T00:03:01.937+0000] {processor.py:753} INFO - DAG(s) dict_keys(['example_branch_dop_operator_v3']) retrieved from /home/airflow/.local/lib/python3.7/site-packages/airflow/example_dags/example_branch_python_dop_operator_3.py
[2023-03-07T00:03:01.988+0000] {logging_mixin.py:137} INFO - [2023-03-07T00:03:01.988+0000] {dag.py:2690} INFO - Sync 1 DAGs
[2023-03-07T00:03:02.052+0000] {logging_mixin.py:137} INFO - [2023-03-07T00:03:02.051+0000] {dag.py:3441} INFO - Setting next_dagrun for example_branch_dop_operator_v3 to 2023-03-07T00:02:00+00:00, run_after=2023-03-07T00:03:00+00:00
[2023-03-07T00:03:02.091+0000] {processor.py:175} INFO - Processing /home/airflow/.local/lib/python3.7/site-packages/airflow/example_dags/example_branch_python_dop_operator_3.py took 0.237 seconds
[2023-03-07T00:03:32.716+0000] {processor.py:153} INFO - Started process (PID=2208) to work on /home/airflow/.local/lib/python3.7/site-packages/airflow/example_dags/example_branch_python_dop_operator_3.py
[2023-03-07T00:03:32.727+0000] {processor.py:743} INFO - Processing file /home/airflow/.local/lib/python3.7/site-packages/airflow/example_dags/example_branch_python_dop_operator_3.py for tasks to queue
[2023-03-07T00:03:32.741+0000] {logging_mixin.py:137} INFO - [2023-03-07T00:03:32.740+0000] {dagbag.py:538} INFO - Filling up the DagBag from /home/airflow/.local/lib/python3.7/site-packages/airflow/example_dags/example_branch_python_dop_operator_3.py
[2023-03-07T00:03:32.813+0000] {processor.py:753} INFO - DAG(s) dict_keys(['example_branch_dop_operator_v3']) retrieved from /home/airflow/.local/lib/python3.7/site-packages/airflow/example_dags/example_branch_python_dop_operator_3.py
[2023-03-07T00:03:32.886+0000] {logging_mixin.py:137} INFO - [2023-03-07T00:03:32.885+0000] {dag.py:2690} INFO - Sync 1 DAGs
[2023-03-07T00:03:32.960+0000] {logging_mixin.py:137} INFO - [2023-03-07T00:03:32.960+0000] {dag.py:3441} INFO - Setting next_dagrun for example_branch_dop_operator_v3 to 2023-03-07T00:02:00+00:00, run_after=2023-03-07T00:03:00+00:00
[2023-03-07T00:03:33.012+0000] {processor.py:175} INFO - Processing /home/airflow/.local/lib/python3.7/site-packages/airflow/example_dags/example_branch_python_dop_operator_3.py took 0.318 seconds
[2023-03-07T00:04:03.493+0000] {processor.py:153} INFO - Started process (PID=2278) to work on /home/airflow/.local/lib/python3.7/site-packages/airflow/example_dags/example_branch_python_dop_operator_3.py
[2023-03-07T00:04:03.501+0000] {processor.py:743} INFO - Processing file /home/airflow/.local/lib/python3.7/site-packages/airflow/example_dags/example_branch_python_dop_operator_3.py for tasks to queue
[2023-03-07T00:04:03.512+0000] {logging_mixin.py:137} INFO - [2023-03-07T00:04:03.510+0000] {dagbag.py:538} INFO - Filling up the DagBag from /home/airflow/.local/lib/python3.7/site-packages/airflow/example_dags/example_branch_python_dop_operator_3.py
[2023-03-07T00:04:03.634+0000] {processor.py:753} INFO - DAG(s) dict_keys(['example_branch_dop_operator_v3']) retrieved from /home/airflow/.local/lib/python3.7/site-packages/airflow/example_dags/example_branch_python_dop_operator_3.py
[2023-03-07T00:04:03.796+0000] {logging_mixin.py:137} INFO - [2023-03-07T00:04:03.794+0000] {dag.py:2690} INFO - Sync 1 DAGs
[2023-03-07T00:04:03.909+0000] {logging_mixin.py:137} INFO - [2023-03-07T00:04:03.908+0000] {dag.py:3441} INFO - Setting next_dagrun for example_branch_dop_operator_v3 to 2023-03-07T00:03:00+00:00, run_after=2023-03-07T00:04:00+00:00
[2023-03-07T00:04:03.965+0000] {processor.py:175} INFO - Processing /home/airflow/.local/lib/python3.7/site-packages/airflow/example_dags/example_branch_python_dop_operator_3.py took 0.495 seconds
[2023-03-07T00:04:34.925+0000] {processor.py:153} INFO - Started process (PID=2350) to work on /home/airflow/.local/lib/python3.7/site-packages/airflow/example_dags/example_branch_python_dop_operator_3.py
[2023-03-07T00:04:34.929+0000] {processor.py:743} INFO - Processing file /home/airflow/.local/lib/python3.7/site-packages/airflow/example_dags/example_branch_python_dop_operator_3.py for tasks to queue
[2023-03-07T00:04:34.934+0000] {logging_mixin.py:137} INFO - [2023-03-07T00:04:34.934+0000] {dagbag.py:538} INFO - Filling up the DagBag from /home/airflow/.local/lib/python3.7/site-packages/airflow/example_dags/example_branch_python_dop_operator_3.py
[2023-03-07T00:04:35.018+0000] {processor.py:753} INFO - DAG(s) dict_keys(['example_branch_dop_operator_v3']) retrieved from /home/airflow/.local/lib/python3.7/site-packages/airflow/example_dags/example_branch_python_dop_operator_3.py
[2023-03-07T00:04:35.118+0000] {logging_mixin.py:137} INFO - [2023-03-07T00:04:35.117+0000] {dag.py:2690} INFO - Sync 1 DAGs
[2023-03-07T00:04:35.221+0000] {logging_mixin.py:137} INFO - [2023-03-07T00:04:35.220+0000] {dag.py:3441} INFO - Setting next_dagrun for example_branch_dop_operator_v3 to 2023-03-07T00:03:00+00:00, run_after=2023-03-07T00:04:00+00:00
[2023-03-07T00:04:35.284+0000] {processor.py:175} INFO - Processing /home/airflow/.local/lib/python3.7/site-packages/airflow/example_dags/example_branch_python_dop_operator_3.py took 0.370 seconds
[2023-03-07T00:05:05.570+0000] {processor.py:153} INFO - Started process (PID=2421) to work on /home/airflow/.local/lib/python3.7/site-packages/airflow/example_dags/example_branch_python_dop_operator_3.py
[2023-03-07T00:05:05.576+0000] {processor.py:743} INFO - Processing file /home/airflow/.local/lib/python3.7/site-packages/airflow/example_dags/example_branch_python_dop_operator_3.py for tasks to queue
[2023-03-07T00:05:05.585+0000] {logging_mixin.py:137} INFO - [2023-03-07T00:05:05.584+0000] {dagbag.py:538} INFO - Filling up the DagBag from /home/airflow/.local/lib/python3.7/site-packages/airflow/example_dags/example_branch_python_dop_operator_3.py
[2023-03-07T00:05:05.676+0000] {processor.py:753} INFO - DAG(s) dict_keys(['example_branch_dop_operator_v3']) retrieved from /home/airflow/.local/lib/python3.7/site-packages/airflow/example_dags/example_branch_python_dop_operator_3.py
[2023-03-07T00:05:05.776+0000] {logging_mixin.py:137} INFO - [2023-03-07T00:05:05.775+0000] {dag.py:2690} INFO - Sync 1 DAGs
[2023-03-07T00:05:05.901+0000] {logging_mixin.py:137} INFO - [2023-03-07T00:05:05.901+0000] {dag.py:3441} INFO - Setting next_dagrun for example_branch_dop_operator_v3 to 2023-03-07T00:04:00+00:00, run_after=2023-03-07T00:05:00+00:00
[2023-03-07T00:05:05.977+0000] {processor.py:175} INFO - Processing /home/airflow/.local/lib/python3.7/site-packages/airflow/example_dags/example_branch_python_dop_operator_3.py took 0.425 seconds
[2023-03-07T00:05:45.201+0000] {processor.py:153} INFO - Started process (PID=2493) to work on /home/airflow/.local/lib/python3.7/site-packages/airflow/example_dags/example_branch_python_dop_operator_3.py
[2023-03-07T00:05:45.211+0000] {processor.py:743} INFO - Processing file /home/airflow/.local/lib/python3.7/site-packages/airflow/example_dags/example_branch_python_dop_operator_3.py for tasks to queue
[2023-03-07T00:05:45.228+0000] {logging_mixin.py:137} INFO - [2023-03-07T00:05:45.227+0000] {dagbag.py:538} INFO - Filling up the DagBag from /home/airflow/.local/lib/python3.7/site-packages/airflow/example_dags/example_branch_python_dop_operator_3.py
[2023-03-07T00:05:45.543+0000] {processor.py:753} INFO - DAG(s) dict_keys(['example_branch_dop_operator_v3']) retrieved from /home/airflow/.local/lib/python3.7/site-packages/airflow/example_dags/example_branch_python_dop_operator_3.py
[2023-03-07T00:05:45.848+0000] {logging_mixin.py:137} INFO - [2023-03-07T00:05:45.847+0000] {dag.py:2690} INFO - Sync 1 DAGs
[2023-03-07T00:05:46.158+0000] {logging_mixin.py:137} INFO - [2023-03-07T00:05:46.158+0000] {dag.py:3441} INFO - Setting next_dagrun for example_branch_dop_operator_v3 to 2023-03-07T00:04:00+00:00, run_after=2023-03-07T00:05:00+00:00
[2023-03-07T00:05:46.297+0000] {processor.py:175} INFO - Processing /home/airflow/.local/lib/python3.7/site-packages/airflow/example_dags/example_branch_python_dop_operator_3.py took 1.124 seconds
[2023-03-07T00:06:21.116+0000] {processor.py:153} INFO - Started process (PID=2564) to work on /home/airflow/.local/lib/python3.7/site-packages/airflow/example_dags/example_branch_python_dop_operator_3.py
[2023-03-07T00:06:21.122+0000] {processor.py:743} INFO - Processing file /home/airflow/.local/lib/python3.7/site-packages/airflow/example_dags/example_branch_python_dop_operator_3.py for tasks to queue
[2023-03-07T00:06:21.134+0000] {logging_mixin.py:137} INFO - [2023-03-07T00:06:21.134+0000] {dagbag.py:538} INFO - Filling up the DagBag from /home/airflow/.local/lib/python3.7/site-packages/airflow/example_dags/example_branch_python_dop_operator_3.py
[2023-03-07T00:06:21.266+0000] {processor.py:753} INFO - DAG(s) dict_keys(['example_branch_dop_operator_v3']) retrieved from /home/airflow/.local/lib/python3.7/site-packages/airflow/example_dags/example_branch_python_dop_operator_3.py
[2023-03-07T00:06:21.393+0000] {logging_mixin.py:137} INFO - [2023-03-07T00:06:21.393+0000] {dag.py:2690} INFO - Sync 1 DAGs
[2023-03-07T00:06:21.772+0000] {logging_mixin.py:137} INFO - [2023-03-07T00:06:21.770+0000] {dag.py:3441} INFO - Setting next_dagrun for example_branch_dop_operator_v3 to 2023-03-07T00:05:00+00:00, run_after=2023-03-07T00:06:00+00:00
[2023-03-07T00:06:21.891+0000] {processor.py:175} INFO - Processing /home/airflow/.local/lib/python3.7/site-packages/airflow/example_dags/example_branch_python_dop_operator_3.py took 0.795 seconds
[2023-03-07T00:06:52.546+0000] {processor.py:153} INFO - Started process (PID=2634) to work on /home/airflow/.local/lib/python3.7/site-packages/airflow/example_dags/example_branch_python_dop_operator_3.py
[2023-03-07T00:06:52.551+0000] {processor.py:743} INFO - Processing file /home/airflow/.local/lib/python3.7/site-packages/airflow/example_dags/example_branch_python_dop_operator_3.py for tasks to queue
[2023-03-07T00:06:52.557+0000] {logging_mixin.py:137} INFO - [2023-03-07T00:06:52.556+0000] {dagbag.py:538} INFO - Filling up the DagBag from /home/airflow/.local/lib/python3.7/site-packages/airflow/example_dags/example_branch_python_dop_operator_3.py
[2023-03-07T00:06:52.626+0000] {processor.py:753} INFO - DAG(s) dict_keys(['example_branch_dop_operator_v3']) retrieved from /home/airflow/.local/lib/python3.7/site-packages/airflow/example_dags/example_branch_python_dop_operator_3.py
[2023-03-07T00:06:52.699+0000] {logging_mixin.py:137} INFO - [2023-03-07T00:06:52.699+0000] {dag.py:2690} INFO - Sync 1 DAGs
[2023-03-07T00:06:52.776+0000] {logging_mixin.py:137} INFO - [2023-03-07T00:06:52.775+0000] {dag.py:3441} INFO - Setting next_dagrun for example_branch_dop_operator_v3 to 2023-03-07T00:05:00+00:00, run_after=2023-03-07T00:06:00+00:00
[2023-03-07T00:06:52.833+0000] {processor.py:175} INFO - Processing /home/airflow/.local/lib/python3.7/site-packages/airflow/example_dags/example_branch_python_dop_operator_3.py took 0.298 seconds
[2023-03-07T00:07:22.997+0000] {processor.py:153} INFO - Started process (PID=2705) to work on /home/airflow/.local/lib/python3.7/site-packages/airflow/example_dags/example_branch_python_dop_operator_3.py
[2023-03-07T00:07:23.001+0000] {processor.py:743} INFO - Processing file /home/airflow/.local/lib/python3.7/site-packages/airflow/example_dags/example_branch_python_dop_operator_3.py for tasks to queue
[2023-03-07T00:07:23.004+0000] {logging_mixin.py:137} INFO - [2023-03-07T00:07:23.004+0000] {dagbag.py:538} INFO - Filling up the DagBag from /home/airflow/.local/lib/python3.7/site-packages/airflow/example_dags/example_branch_python_dop_operator_3.py
[2023-03-07T00:07:23.056+0000] {processor.py:753} INFO - DAG(s) dict_keys(['example_branch_dop_operator_v3']) retrieved from /home/airflow/.local/lib/python3.7/site-packages/airflow/example_dags/example_branch_python_dop_operator_3.py
[2023-03-07T00:07:23.119+0000] {logging_mixin.py:137} INFO - [2023-03-07T00:07:23.119+0000] {dag.py:2690} INFO - Sync 1 DAGs
[2023-03-07T00:07:23.188+0000] {logging_mixin.py:137} INFO - [2023-03-07T00:07:23.188+0000] {dag.py:3441} INFO - Setting next_dagrun for example_branch_dop_operator_v3 to 2023-03-07T00:06:00+00:00, run_after=2023-03-07T00:07:00+00:00
[2023-03-07T00:07:23.234+0000] {processor.py:175} INFO - Processing /home/airflow/.local/lib/python3.7/site-packages/airflow/example_dags/example_branch_python_dop_operator_3.py took 0.248 seconds
[2023-03-07T00:07:53.517+0000] {processor.py:153} INFO - Started process (PID=2776) to work on /home/airflow/.local/lib/python3.7/site-packages/airflow/example_dags/example_branch_python_dop_operator_3.py
[2023-03-07T00:07:53.523+0000] {processor.py:743} INFO - Processing file /home/airflow/.local/lib/python3.7/site-packages/airflow/example_dags/example_branch_python_dop_operator_3.py for tasks to queue
[2023-03-07T00:07:53.533+0000] {logging_mixin.py:137} INFO - [2023-03-07T00:07:53.532+0000] {dagbag.py:538} INFO - Filling up the DagBag from /home/airflow/.local/lib/python3.7/site-packages/airflow/example_dags/example_branch_python_dop_operator_3.py
[2023-03-07T00:07:54.186+0000] {processor.py:753} INFO - DAG(s) dict_keys(['example_branch_dop_operator_v3']) retrieved from /home/airflow/.local/lib/python3.7/site-packages/airflow/example_dags/example_branch_python_dop_operator_3.py
[2023-03-07T00:07:54.480+0000] {logging_mixin.py:137} INFO - [2023-03-07T00:07:54.480+0000] {dag.py:2690} INFO - Sync 1 DAGs
[2023-03-07T00:07:54.698+0000] {logging_mixin.py:137} INFO - [2023-03-07T00:07:54.697+0000] {dag.py:3441} INFO - Setting next_dagrun for example_branch_dop_operator_v3 to 2023-03-07T00:06:00+00:00, run_after=2023-03-07T00:07:00+00:00
[2023-03-07T00:07:54.758+0000] {processor.py:175} INFO - Processing /home/airflow/.local/lib/python3.7/site-packages/airflow/example_dags/example_branch_python_dop_operator_3.py took 1.254 seconds
[2023-03-07T00:08:25.041+0000] {processor.py:153} INFO - Started process (PID=2847) to work on /home/airflow/.local/lib/python3.7/site-packages/airflow/example_dags/example_branch_python_dop_operator_3.py
[2023-03-07T00:08:25.044+0000] {processor.py:743} INFO - Processing file /home/airflow/.local/lib/python3.7/site-packages/airflow/example_dags/example_branch_python_dop_operator_3.py for tasks to queue
[2023-03-07T00:08:25.047+0000] {logging_mixin.py:137} INFO - [2023-03-07T00:08:25.047+0000] {dagbag.py:538} INFO - Filling up the DagBag from /home/airflow/.local/lib/python3.7/site-packages/airflow/example_dags/example_branch_python_dop_operator_3.py
[2023-03-07T00:08:25.102+0000] {processor.py:753} INFO - DAG(s) dict_keys(['example_branch_dop_operator_v3']) retrieved from /home/airflow/.local/lib/python3.7/site-packages/airflow/example_dags/example_branch_python_dop_operator_3.py
[2023-03-07T00:08:25.167+0000] {logging_mixin.py:137} INFO - [2023-03-07T00:08:25.167+0000] {dag.py:2690} INFO - Sync 1 DAGs
[2023-03-07T00:08:25.232+0000] {logging_mixin.py:137} INFO - [2023-03-07T00:08:25.231+0000] {dag.py:3441} INFO - Setting next_dagrun for example_branch_dop_operator_v3 to 2023-03-07T00:07:00+00:00, run_after=2023-03-07T00:08:00+00:00
[2023-03-07T00:08:25.281+0000] {processor.py:175} INFO - Processing /home/airflow/.local/lib/python3.7/site-packages/airflow/example_dags/example_branch_python_dop_operator_3.py took 0.252 seconds
[2023-03-07T00:08:55.492+0000] {processor.py:153} INFO - Started process (PID=2917) to work on /home/airflow/.local/lib/python3.7/site-packages/airflow/example_dags/example_branch_python_dop_operator_3.py
[2023-03-07T00:08:55.496+0000] {processor.py:743} INFO - Processing file /home/airflow/.local/lib/python3.7/site-packages/airflow/example_dags/example_branch_python_dop_operator_3.py for tasks to queue
[2023-03-07T00:08:55.500+0000] {logging_mixin.py:137} INFO - [2023-03-07T00:08:55.499+0000] {dagbag.py:538} INFO - Filling up the DagBag from /home/airflow/.local/lib/python3.7/site-packages/airflow/example_dags/example_branch_python_dop_operator_3.py
[2023-03-07T00:08:55.557+0000] {processor.py:753} INFO - DAG(s) dict_keys(['example_branch_dop_operator_v3']) retrieved from /home/airflow/.local/lib/python3.7/site-packages/airflow/example_dags/example_branch_python_dop_operator_3.py
[2023-03-07T00:08:55.608+0000] {logging_mixin.py:137} INFO - [2023-03-07T00:08:55.608+0000] {dag.py:2690} INFO - Sync 1 DAGs
[2023-03-07T00:08:55.667+0000] {logging_mixin.py:137} INFO - [2023-03-07T00:08:55.667+0000] {dag.py:3441} INFO - Setting next_dagrun for example_branch_dop_operator_v3 to 2023-03-07T00:07:00+00:00, run_after=2023-03-07T00:08:00+00:00
[2023-03-07T00:08:55.709+0000] {processor.py:175} INFO - Processing /home/airflow/.local/lib/python3.7/site-packages/airflow/example_dags/example_branch_python_dop_operator_3.py took 0.225 seconds
[2023-03-07T00:09:25.814+0000] {processor.py:153} INFO - Started process (PID=2994) to work on /home/airflow/.local/lib/python3.7/site-packages/airflow/example_dags/example_branch_python_dop_operator_3.py
[2023-03-07T00:09:25.820+0000] {processor.py:743} INFO - Processing file /home/airflow/.local/lib/python3.7/site-packages/airflow/example_dags/example_branch_python_dop_operator_3.py for tasks to queue
[2023-03-07T00:09:25.829+0000] {logging_mixin.py:137} INFO - [2023-03-07T00:09:25.828+0000] {dagbag.py:538} INFO - Filling up the DagBag from /home/airflow/.local/lib/python3.7/site-packages/airflow/example_dags/example_branch_python_dop_operator_3.py
[2023-03-07T00:09:25.927+0000] {processor.py:753} INFO - DAG(s) dict_keys(['example_branch_dop_operator_v3']) retrieved from /home/airflow/.local/lib/python3.7/site-packages/airflow/example_dags/example_branch_python_dop_operator_3.py
[2023-03-07T00:09:26.014+0000] {logging_mixin.py:137} INFO - [2023-03-07T00:09:26.014+0000] {dag.py:2690} INFO - Sync 1 DAGs
[2023-03-07T00:09:26.119+0000] {logging_mixin.py:137} INFO - [2023-03-07T00:09:26.118+0000] {dag.py:3441} INFO - Setting next_dagrun for example_branch_dop_operator_v3 to 2023-03-07T00:08:00+00:00, run_after=2023-03-07T00:09:00+00:00
[2023-03-07T00:09:26.176+0000] {processor.py:175} INFO - Processing /home/airflow/.local/lib/python3.7/site-packages/airflow/example_dags/example_branch_python_dop_operator_3.py took 0.374 seconds
[2023-03-07T00:09:56.659+0000] {processor.py:153} INFO - Started process (PID=3059) to work on /home/airflow/.local/lib/python3.7/site-packages/airflow/example_dags/example_branch_python_dop_operator_3.py
[2023-03-07T00:09:56.666+0000] {processor.py:743} INFO - Processing file /home/airflow/.local/lib/python3.7/site-packages/airflow/example_dags/example_branch_python_dop_operator_3.py for tasks to queue
[2023-03-07T00:09:56.672+0000] {logging_mixin.py:137} INFO - [2023-03-07T00:09:56.671+0000] {dagbag.py:538} INFO - Filling up the DagBag from /home/airflow/.local/lib/python3.7/site-packages/airflow/example_dags/example_branch_python_dop_operator_3.py
[2023-03-07T00:09:56.768+0000] {processor.py:753} INFO - DAG(s) dict_keys(['example_branch_dop_operator_v3']) retrieved from /home/airflow/.local/lib/python3.7/site-packages/airflow/example_dags/example_branch_python_dop_operator_3.py
[2023-03-07T00:09:56.902+0000] {logging_mixin.py:137} INFO - [2023-03-07T00:09:56.902+0000] {dag.py:2690} INFO - Sync 1 DAGs
[2023-03-07T00:09:57.012+0000] {logging_mixin.py:137} INFO - [2023-03-07T00:09:57.012+0000] {dag.py:3441} INFO - Setting next_dagrun for example_branch_dop_operator_v3 to 2023-03-07T00:08:00+00:00, run_after=2023-03-07T00:09:00+00:00
[2023-03-07T00:09:57.077+0000] {processor.py:175} INFO - Processing /home/airflow/.local/lib/python3.7/site-packages/airflow/example_dags/example_branch_python_dop_operator_3.py took 0.429 seconds
[2023-03-07T00:10:27.181+0000] {processor.py:153} INFO - Started process (PID=3127) to work on /home/airflow/.local/lib/python3.7/site-packages/airflow/example_dags/example_branch_python_dop_operator_3.py
[2023-03-07T00:10:27.184+0000] {processor.py:743} INFO - Processing file /home/airflow/.local/lib/python3.7/site-packages/airflow/example_dags/example_branch_python_dop_operator_3.py for tasks to queue
[2023-03-07T00:10:27.187+0000] {logging_mixin.py:137} INFO - [2023-03-07T00:10:27.187+0000] {dagbag.py:538} INFO - Filling up the DagBag from /home/airflow/.local/lib/python3.7/site-packages/airflow/example_dags/example_branch_python_dop_operator_3.py
[2023-03-07T00:10:27.227+0000] {processor.py:753} INFO - DAG(s) dict_keys(['example_branch_dop_operator_v3']) retrieved from /home/airflow/.local/lib/python3.7/site-packages/airflow/example_dags/example_branch_python_dop_operator_3.py
[2023-03-07T00:10:27.278+0000] {logging_mixin.py:137} INFO - [2023-03-07T00:10:27.278+0000] {dag.py:2690} INFO - Sync 1 DAGs
[2023-03-07T00:10:27.334+0000] {logging_mixin.py:137} INFO - [2023-03-07T00:10:27.334+0000] {dag.py:3441} INFO - Setting next_dagrun for example_branch_dop_operator_v3 to 2023-03-07T00:09:00+00:00, run_after=2023-03-07T00:10:00+00:00
[2023-03-07T00:10:27.370+0000] {processor.py:175} INFO - Processing /home/airflow/.local/lib/python3.7/site-packages/airflow/example_dags/example_branch_python_dop_operator_3.py took 0.197 seconds
[2023-03-07T00:10:57.471+0000] {processor.py:153} INFO - Started process (PID=3197) to work on /home/airflow/.local/lib/python3.7/site-packages/airflow/example_dags/example_branch_python_dop_operator_3.py
[2023-03-07T00:10:57.474+0000] {processor.py:743} INFO - Processing file /home/airflow/.local/lib/python3.7/site-packages/airflow/example_dags/example_branch_python_dop_operator_3.py for tasks to queue
[2023-03-07T00:10:57.478+0000] {logging_mixin.py:137} INFO - [2023-03-07T00:10:57.478+0000] {dagbag.py:538} INFO - Filling up the DagBag from /home/airflow/.local/lib/python3.7/site-packages/airflow/example_dags/example_branch_python_dop_operator_3.py
[2023-03-07T00:10:57.524+0000] {processor.py:753} INFO - DAG(s) dict_keys(['example_branch_dop_operator_v3']) retrieved from /home/airflow/.local/lib/python3.7/site-packages/airflow/example_dags/example_branch_python_dop_operator_3.py
[2023-03-07T00:10:57.581+0000] {logging_mixin.py:137} INFO - [2023-03-07T00:10:57.581+0000] {dag.py:2690} INFO - Sync 1 DAGs
[2023-03-07T00:10:57.648+0000] {logging_mixin.py:137} INFO - [2023-03-07T00:10:57.646+0000] {dag.py:3441} INFO - Setting next_dagrun for example_branch_dop_operator_v3 to 2023-03-07T00:09:00+00:00, run_after=2023-03-07T00:10:00+00:00
[2023-03-07T00:10:57.681+0000] {processor.py:175} INFO - Processing /home/airflow/.local/lib/python3.7/site-packages/airflow/example_dags/example_branch_python_dop_operator_3.py took 0.219 seconds
[2023-03-07T00:11:27.962+0000] {processor.py:153} INFO - Started process (PID=3268) to work on /home/airflow/.local/lib/python3.7/site-packages/airflow/example_dags/example_branch_python_dop_operator_3.py
[2023-03-07T00:11:27.966+0000] {processor.py:743} INFO - Processing file /home/airflow/.local/lib/python3.7/site-packages/airflow/example_dags/example_branch_python_dop_operator_3.py for tasks to queue
[2023-03-07T00:11:27.970+0000] {logging_mixin.py:137} INFO - [2023-03-07T00:11:27.970+0000] {dagbag.py:538} INFO - Filling up the DagBag from /home/airflow/.local/lib/python3.7/site-packages/airflow/example_dags/example_branch_python_dop_operator_3.py
[2023-03-07T00:11:28.034+0000] {processor.py:753} INFO - DAG(s) dict_keys(['example_branch_dop_operator_v3']) retrieved from /home/airflow/.local/lib/python3.7/site-packages/airflow/example_dags/example_branch_python_dop_operator_3.py
[2023-03-07T00:11:28.110+0000] {logging_mixin.py:137} INFO - [2023-03-07T00:11:28.110+0000] {dag.py:2690} INFO - Sync 1 DAGs
[2023-03-07T00:11:28.180+0000] {logging_mixin.py:137} INFO - [2023-03-07T00:11:28.179+0000] {dag.py:3441} INFO - Setting next_dagrun for example_branch_dop_operator_v3 to 2023-03-07T00:10:00+00:00, run_after=2023-03-07T00:11:00+00:00
[2023-03-07T00:11:28.218+0000] {processor.py:175} INFO - Processing /home/airflow/.local/lib/python3.7/site-packages/airflow/example_dags/example_branch_python_dop_operator_3.py took 0.266 seconds
[2023-03-07T00:11:58.437+0000] {processor.py:153} INFO - Started process (PID=3339) to work on /home/airflow/.local/lib/python3.7/site-packages/airflow/example_dags/example_branch_python_dop_operator_3.py
[2023-03-07T00:11:58.447+0000] {processor.py:743} INFO - Processing file /home/airflow/.local/lib/python3.7/site-packages/airflow/example_dags/example_branch_python_dop_operator_3.py for tasks to queue
[2023-03-07T00:11:58.456+0000] {logging_mixin.py:137} INFO - [2023-03-07T00:11:58.455+0000] {dagbag.py:538} INFO - Filling up the DagBag from /home/airflow/.local/lib/python3.7/site-packages/airflow/example_dags/example_branch_python_dop_operator_3.py
[2023-03-07T00:11:58.552+0000] {processor.py:753} INFO - DAG(s) dict_keys(['example_branch_dop_operator_v3']) retrieved from /home/airflow/.local/lib/python3.7/site-packages/airflow/example_dags/example_branch_python_dop_operator_3.py
[2023-03-07T00:11:58.656+0000] {logging_mixin.py:137} INFO - [2023-03-07T00:11:58.656+0000] {dag.py:2690} INFO - Sync 1 DAGs
[2023-03-07T00:11:58.757+0000] {logging_mixin.py:137} INFO - [2023-03-07T00:11:58.757+0000] {dag.py:3441} INFO - Setting next_dagrun for example_branch_dop_operator_v3 to 2023-03-07T00:10:00+00:00, run_after=2023-03-07T00:11:00+00:00
[2023-03-07T00:11:58.803+0000] {processor.py:175} INFO - Processing /home/airflow/.local/lib/python3.7/site-packages/airflow/example_dags/example_branch_python_dop_operator_3.py took 0.380 seconds
[2023-03-07T00:12:29.559+0000] {processor.py:153} INFO - Started process (PID=3409) to work on /home/airflow/.local/lib/python3.7/site-packages/airflow/example_dags/example_branch_python_dop_operator_3.py
[2023-03-07T00:12:29.562+0000] {processor.py:743} INFO - Processing file /home/airflow/.local/lib/python3.7/site-packages/airflow/example_dags/example_branch_python_dop_operator_3.py for tasks to queue
[2023-03-07T00:12:29.565+0000] {logging_mixin.py:137} INFO - [2023-03-07T00:12:29.565+0000] {dagbag.py:538} INFO - Filling up the DagBag from /home/airflow/.local/lib/python3.7/site-packages/airflow/example_dags/example_branch_python_dop_operator_3.py
[2023-03-07T00:12:29.611+0000] {processor.py:753} INFO - DAG(s) dict_keys(['example_branch_dop_operator_v3']) retrieved from /home/airflow/.local/lib/python3.7/site-packages/airflow/example_dags/example_branch_python_dop_operator_3.py
[2023-03-07T00:12:29.661+0000] {logging_mixin.py:137} INFO - [2023-03-07T00:12:29.661+0000] {dag.py:2690} INFO - Sync 1 DAGs
[2023-03-07T00:12:29.719+0000] {logging_mixin.py:137} INFO - [2023-03-07T00:12:29.719+0000] {dag.py:3441} INFO - Setting next_dagrun for example_branch_dop_operator_v3 to 2023-03-07T00:11:00+00:00, run_after=2023-03-07T00:12:00+00:00
[2023-03-07T00:12:29.757+0000] {processor.py:175} INFO - Processing /home/airflow/.local/lib/python3.7/site-packages/airflow/example_dags/example_branch_python_dop_operator_3.py took 0.208 seconds
[2023-03-07T00:13:00.030+0000] {processor.py:153} INFO - Started process (PID=3480) to work on /home/airflow/.local/lib/python3.7/site-packages/airflow/example_dags/example_branch_python_dop_operator_3.py
[2023-03-07T00:13:00.034+0000] {processor.py:743} INFO - Processing file /home/airflow/.local/lib/python3.7/site-packages/airflow/example_dags/example_branch_python_dop_operator_3.py for tasks to queue
[2023-03-07T00:13:00.038+0000] {logging_mixin.py:137} INFO - [2023-03-07T00:13:00.038+0000] {dagbag.py:538} INFO - Filling up the DagBag from /home/airflow/.local/lib/python3.7/site-packages/airflow/example_dags/example_branch_python_dop_operator_3.py
[2023-03-07T00:13:00.089+0000] {processor.py:753} INFO - DAG(s) dict_keys(['example_branch_dop_operator_v3']) retrieved from /home/airflow/.local/lib/python3.7/site-packages/airflow/example_dags/example_branch_python_dop_operator_3.py
[2023-03-07T00:13:00.270+0000] {logging_mixin.py:137} INFO - [2023-03-07T00:13:00.268+0000] {dag.py:2690} INFO - Sync 1 DAGs
[2023-03-07T00:13:00.384+0000] {logging_mixin.py:137} INFO - [2023-03-07T00:13:00.384+0000] {dag.py:3441} INFO - Setting next_dagrun for example_branch_dop_operator_v3 to 2023-03-07T00:12:00+00:00, run_after=2023-03-07T00:13:00+00:00
[2023-03-07T00:13:00.445+0000] {processor.py:175} INFO - Processing /home/airflow/.local/lib/python3.7/site-packages/airflow/example_dags/example_branch_python_dop_operator_3.py took 0.425 seconds
[2023-03-07T00:13:43.087+0000] {processor.py:153} INFO - Started process (PID=3557) to work on /home/airflow/.local/lib/python3.7/site-packages/airflow/example_dags/example_branch_python_dop_operator_3.py
[2023-03-07T00:13:43.129+0000] {processor.py:743} INFO - Processing file /home/airflow/.local/lib/python3.7/site-packages/airflow/example_dags/example_branch_python_dop_operator_3.py for tasks to queue
[2023-03-07T00:13:43.139+0000] {logging_mixin.py:137} INFO - [2023-03-07T00:13:43.137+0000] {dagbag.py:538} INFO - Filling up the DagBag from /home/airflow/.local/lib/python3.7/site-packages/airflow/example_dags/example_branch_python_dop_operator_3.py
[2023-03-07T00:13:43.305+0000] {processor.py:753} INFO - DAG(s) dict_keys(['example_branch_dop_operator_v3']) retrieved from /home/airflow/.local/lib/python3.7/site-packages/airflow/example_dags/example_branch_python_dop_operator_3.py
[2023-03-07T00:13:43.464+0000] {logging_mixin.py:137} INFO - [2023-03-07T00:13:43.464+0000] {dag.py:2690} INFO - Sync 1 DAGs
[2023-03-07T00:13:43.643+0000] {logging_mixin.py:137} INFO - [2023-03-07T00:13:43.643+0000] {dag.py:3441} INFO - Setting next_dagrun for example_branch_dop_operator_v3 to 2023-03-07T00:12:00+00:00, run_after=2023-03-07T00:13:00+00:00
[2023-03-07T00:13:43.810+0000] {processor.py:175} INFO - Processing /home/airflow/.local/lib/python3.7/site-packages/airflow/example_dags/example_branch_python_dop_operator_3.py took 0.751 seconds
[2023-03-07T00:14:14.201+0000] {processor.py:153} INFO - Started process (PID=3620) to work on /home/airflow/.local/lib/python3.7/site-packages/airflow/example_dags/example_branch_python_dop_operator_3.py
[2023-03-07T00:14:14.216+0000] {processor.py:743} INFO - Processing file /home/airflow/.local/lib/python3.7/site-packages/airflow/example_dags/example_branch_python_dop_operator_3.py for tasks to queue
[2023-03-07T00:14:14.220+0000] {logging_mixin.py:137} INFO - [2023-03-07T00:14:14.220+0000] {dagbag.py:538} INFO - Filling up the DagBag from /home/airflow/.local/lib/python3.7/site-packages/airflow/example_dags/example_branch_python_dop_operator_3.py
[2023-03-07T00:14:14.323+0000] {processor.py:753} INFO - DAG(s) dict_keys(['example_branch_dop_operator_v3']) retrieved from /home/airflow/.local/lib/python3.7/site-packages/airflow/example_dags/example_branch_python_dop_operator_3.py
[2023-03-07T00:14:14.436+0000] {logging_mixin.py:137} INFO - [2023-03-07T00:14:14.436+0000] {dag.py:2690} INFO - Sync 1 DAGs
[2023-03-07T00:14:14.534+0000] {logging_mixin.py:137} INFO - [2023-03-07T00:14:14.534+0000] {dag.py:3441} INFO - Setting next_dagrun for example_branch_dop_operator_v3 to 2023-03-07T00:13:00+00:00, run_after=2023-03-07T00:14:00+00:00
[2023-03-07T00:14:14.591+0000] {processor.py:175} INFO - Processing /home/airflow/.local/lib/python3.7/site-packages/airflow/example_dags/example_branch_python_dop_operator_3.py took 0.400 seconds
[2023-03-07T00:14:45.324+0000] {processor.py:153} INFO - Started process (PID=3690) to work on /home/airflow/.local/lib/python3.7/site-packages/airflow/example_dags/example_branch_python_dop_operator_3.py
[2023-03-07T00:14:45.329+0000] {processor.py:743} INFO - Processing file /home/airflow/.local/lib/python3.7/site-packages/airflow/example_dags/example_branch_python_dop_operator_3.py for tasks to queue
[2023-03-07T00:14:45.334+0000] {logging_mixin.py:137} INFO - [2023-03-07T00:14:45.333+0000] {dagbag.py:538} INFO - Filling up the DagBag from /home/airflow/.local/lib/python3.7/site-packages/airflow/example_dags/example_branch_python_dop_operator_3.py
[2023-03-07T00:14:45.398+0000] {processor.py:753} INFO - DAG(s) dict_keys(['example_branch_dop_operator_v3']) retrieved from /home/airflow/.local/lib/python3.7/site-packages/airflow/example_dags/example_branch_python_dop_operator_3.py
[2023-03-07T00:14:45.457+0000] {logging_mixin.py:137} INFO - [2023-03-07T00:14:45.457+0000] {dag.py:2690} INFO - Sync 1 DAGs
[2023-03-07T00:14:45.543+0000] {logging_mixin.py:137} INFO - [2023-03-07T00:14:45.542+0000] {dag.py:3441} INFO - Setting next_dagrun for example_branch_dop_operator_v3 to 2023-03-07T00:13:00+00:00, run_after=2023-03-07T00:14:00+00:00
[2023-03-07T00:14:45.586+0000] {processor.py:175} INFO - Processing /home/airflow/.local/lib/python3.7/site-packages/airflow/example_dags/example_branch_python_dop_operator_3.py took 0.273 seconds
[2023-03-07T00:16:29.800+0000] {processor.py:153} INFO - Started process (PID=3767) to work on /home/airflow/.local/lib/python3.7/site-packages/airflow/example_dags/example_branch_python_dop_operator_3.py
[2023-03-07T00:16:29.809+0000] {processor.py:743} INFO - Processing file /home/airflow/.local/lib/python3.7/site-packages/airflow/example_dags/example_branch_python_dop_operator_3.py for tasks to queue
[2023-03-07T00:16:29.827+0000] {logging_mixin.py:137} INFO - [2023-03-07T00:16:29.826+0000] {dagbag.py:538} INFO - Filling up the DagBag from /home/airflow/.local/lib/python3.7/site-packages/airflow/example_dags/example_branch_python_dop_operator_3.py
[2023-03-07T00:16:30.083+0000] {processor.py:753} INFO - DAG(s) dict_keys(['example_branch_dop_operator_v3']) retrieved from /home/airflow/.local/lib/python3.7/site-packages/airflow/example_dags/example_branch_python_dop_operator_3.py
[2023-03-07T00:16:31.142+0000] {logging_mixin.py:137} INFO - [2023-03-07T00:16:31.127+0000] {dag.py:2690} INFO - Sync 1 DAGs
[2023-03-07T00:16:31.495+0000] {logging_mixin.py:137} INFO - [2023-03-07T00:16:31.495+0000] {dag.py:3441} INFO - Setting next_dagrun for example_branch_dop_operator_v3 to 2023-03-07T00:15:00+00:00, run_after=2023-03-07T00:16:00+00:00
[2023-03-07T00:16:31.556+0000] {processor.py:175} INFO - Processing /home/airflow/.local/lib/python3.7/site-packages/airflow/example_dags/example_branch_python_dop_operator_3.py took 1.786 seconds
[2023-03-07T00:17:04.197+0000] {processor.py:153} INFO - Started process (PID=3838) to work on /home/airflow/.local/lib/python3.7/site-packages/airflow/example_dags/example_branch_python_dop_operator_3.py
[2023-03-07T00:17:04.211+0000] {processor.py:743} INFO - Processing file /home/airflow/.local/lib/python3.7/site-packages/airflow/example_dags/example_branch_python_dop_operator_3.py for tasks to queue
[2023-03-07T00:17:04.217+0000] {logging_mixin.py:137} INFO - [2023-03-07T00:17:04.217+0000] {dagbag.py:538} INFO - Filling up the DagBag from /home/airflow/.local/lib/python3.7/site-packages/airflow/example_dags/example_branch_python_dop_operator_3.py
[2023-03-07T00:17:04.292+0000] {processor.py:753} INFO - DAG(s) dict_keys(['example_branch_dop_operator_v3']) retrieved from /home/airflow/.local/lib/python3.7/site-packages/airflow/example_dags/example_branch_python_dop_operator_3.py
[2023-03-07T00:17:04.397+0000] {logging_mixin.py:137} INFO - [2023-03-07T00:17:04.397+0000] {dag.py:2690} INFO - Sync 1 DAGs
[2023-03-07T00:17:04.512+0000] {logging_mixin.py:137} INFO - [2023-03-07T00:17:04.512+0000] {dag.py:3441} INFO - Setting next_dagrun for example_branch_dop_operator_v3 to 2023-03-07T00:16:00+00:00, run_after=2023-03-07T00:17:00+00:00
[2023-03-07T00:17:04.572+0000] {processor.py:175} INFO - Processing /home/airflow/.local/lib/python3.7/site-packages/airflow/example_dags/example_branch_python_dop_operator_3.py took 0.387 seconds
[2023-03-07T00:17:35.008+0000] {processor.py:153} INFO - Started process (PID=3906) to work on /home/airflow/.local/lib/python3.7/site-packages/airflow/example_dags/example_branch_python_dop_operator_3.py
[2023-03-07T00:17:35.011+0000] {processor.py:743} INFO - Processing file /home/airflow/.local/lib/python3.7/site-packages/airflow/example_dags/example_branch_python_dop_operator_3.py for tasks to queue
[2023-03-07T00:17:35.015+0000] {logging_mixin.py:137} INFO - [2023-03-07T00:17:35.014+0000] {dagbag.py:538} INFO - Filling up the DagBag from /home/airflow/.local/lib/python3.7/site-packages/airflow/example_dags/example_branch_python_dop_operator_3.py
[2023-03-07T00:17:35.083+0000] {processor.py:753} INFO - DAG(s) dict_keys(['example_branch_dop_operator_v3']) retrieved from /home/airflow/.local/lib/python3.7/site-packages/airflow/example_dags/example_branch_python_dop_operator_3.py
[2023-03-07T00:17:35.154+0000] {logging_mixin.py:137} INFO - [2023-03-07T00:17:35.154+0000] {dag.py:2690} INFO - Sync 1 DAGs
[2023-03-07T00:17:35.222+0000] {logging_mixin.py:137} INFO - [2023-03-07T00:17:35.221+0000] {dag.py:3441} INFO - Setting next_dagrun for example_branch_dop_operator_v3 to 2023-03-07T00:16:00+00:00, run_after=2023-03-07T00:17:00+00:00
[2023-03-07T00:17:35.269+0000] {processor.py:175} INFO - Processing /home/airflow/.local/lib/python3.7/site-packages/airflow/example_dags/example_branch_python_dop_operator_3.py took 0.270 seconds
[2023-03-07T00:18:06.005+0000] {processor.py:153} INFO - Started process (PID=3980) to work on /home/airflow/.local/lib/python3.7/site-packages/airflow/example_dags/example_branch_python_dop_operator_3.py
[2023-03-07T00:18:06.012+0000] {processor.py:743} INFO - Processing file /home/airflow/.local/lib/python3.7/site-packages/airflow/example_dags/example_branch_python_dop_operator_3.py for tasks to queue
[2023-03-07T00:18:06.015+0000] {logging_mixin.py:137} INFO - [2023-03-07T00:18:06.015+0000] {dagbag.py:538} INFO - Filling up the DagBag from /home/airflow/.local/lib/python3.7/site-packages/airflow/example_dags/example_branch_python_dop_operator_3.py
[2023-03-07T00:18:06.083+0000] {processor.py:753} INFO - DAG(s) dict_keys(['example_branch_dop_operator_v3']) retrieved from /home/airflow/.local/lib/python3.7/site-packages/airflow/example_dags/example_branch_python_dop_operator_3.py
[2023-03-07T00:18:06.153+0000] {logging_mixin.py:137} INFO - [2023-03-07T00:18:06.152+0000] {dag.py:2690} INFO - Sync 1 DAGs
[2023-03-07T00:18:06.240+0000] {logging_mixin.py:137} INFO - [2023-03-07T00:18:06.240+0000] {dag.py:3441} INFO - Setting next_dagrun for example_branch_dop_operator_v3 to 2023-03-07T00:17:00+00:00, run_after=2023-03-07T00:18:00+00:00
[2023-03-07T00:18:06.291+0000] {processor.py:175} INFO - Processing /home/airflow/.local/lib/python3.7/site-packages/airflow/example_dags/example_branch_python_dop_operator_3.py took 0.307 seconds
[2023-03-07T00:18:37.298+0000] {processor.py:153} INFO - Started process (PID=4051) to work on /home/airflow/.local/lib/python3.7/site-packages/airflow/example_dags/example_branch_python_dop_operator_3.py
[2023-03-07T00:18:37.310+0000] {processor.py:743} INFO - Processing file /home/airflow/.local/lib/python3.7/site-packages/airflow/example_dags/example_branch_python_dop_operator_3.py for tasks to queue
[2023-03-07T00:18:37.318+0000] {logging_mixin.py:137} INFO - [2023-03-07T00:18:37.317+0000] {dagbag.py:538} INFO - Filling up the DagBag from /home/airflow/.local/lib/python3.7/site-packages/airflow/example_dags/example_branch_python_dop_operator_3.py
[2023-03-07T00:18:37.416+0000] {processor.py:753} INFO - DAG(s) dict_keys(['example_branch_dop_operator_v3']) retrieved from /home/airflow/.local/lib/python3.7/site-packages/airflow/example_dags/example_branch_python_dop_operator_3.py
[2023-03-07T00:18:37.496+0000] {logging_mixin.py:137} INFO - [2023-03-07T00:18:37.496+0000] {dag.py:2690} INFO - Sync 1 DAGs
[2023-03-07T00:18:37.585+0000] {logging_mixin.py:137} INFO - [2023-03-07T00:18:37.585+0000] {dag.py:3441} INFO - Setting next_dagrun for example_branch_dop_operator_v3 to 2023-03-07T00:17:00+00:00, run_after=2023-03-07T00:18:00+00:00
[2023-03-07T00:18:37.658+0000] {processor.py:175} INFO - Processing /home/airflow/.local/lib/python3.7/site-packages/airflow/example_dags/example_branch_python_dop_operator_3.py took 0.384 seconds
[2023-03-07T00:19:23.696+0000] {processor.py:153} INFO - Started process (PID=4120) to work on /home/airflow/.local/lib/python3.7/site-packages/airflow/example_dags/example_branch_python_dop_operator_3.py
[2023-03-07T00:19:23.737+0000] {processor.py:743} INFO - Processing file /home/airflow/.local/lib/python3.7/site-packages/airflow/example_dags/example_branch_python_dop_operator_3.py for tasks to queue
[2023-03-07T00:19:23.851+0000] {logging_mixin.py:137} INFO - [2023-03-07T00:19:23.781+0000] {dagbag.py:538} INFO - Filling up the DagBag from /home/airflow/.local/lib/python3.7/site-packages/airflow/example_dags/example_branch_python_dop_operator_3.py
[2023-03-07T00:19:24.380+0000] {processor.py:753} INFO - DAG(s) dict_keys(['example_branch_dop_operator_v3']) retrieved from /home/airflow/.local/lib/python3.7/site-packages/airflow/example_dags/example_branch_python_dop_operator_3.py
[2023-03-07T00:19:24.547+0000] {logging_mixin.py:137} INFO - [2023-03-07T00:19:24.546+0000] {dag.py:2690} INFO - Sync 1 DAGs
[2023-03-07T00:19:24.718+0000] {logging_mixin.py:137} INFO - [2023-03-07T00:19:24.717+0000] {dag.py:3441} INFO - Setting next_dagrun for example_branch_dop_operator_v3 to 2023-03-07T00:18:00+00:00, run_after=2023-03-07T00:19:00+00:00
[2023-03-07T00:19:24.804+0000] {processor.py:175} INFO - Processing /home/airflow/.local/lib/python3.7/site-packages/airflow/example_dags/example_branch_python_dop_operator_3.py took 1.209 seconds
[2023-03-07T00:19:55.084+0000] {processor.py:153} INFO - Started process (PID=4191) to work on /home/airflow/.local/lib/python3.7/site-packages/airflow/example_dags/example_branch_python_dop_operator_3.py
[2023-03-07T00:19:55.088+0000] {processor.py:743} INFO - Processing file /home/airflow/.local/lib/python3.7/site-packages/airflow/example_dags/example_branch_python_dop_operator_3.py for tasks to queue
[2023-03-07T00:19:55.096+0000] {logging_mixin.py:137} INFO - [2023-03-07T00:19:55.094+0000] {dagbag.py:538} INFO - Filling up the DagBag from /home/airflow/.local/lib/python3.7/site-packages/airflow/example_dags/example_branch_python_dop_operator_3.py
[2023-03-07T00:19:55.185+0000] {processor.py:753} INFO - DAG(s) dict_keys(['example_branch_dop_operator_v3']) retrieved from /home/airflow/.local/lib/python3.7/site-packages/airflow/example_dags/example_branch_python_dop_operator_3.py
[2023-03-07T00:19:55.284+0000] {logging_mixin.py:137} INFO - [2023-03-07T00:19:55.283+0000] {dag.py:2690} INFO - Sync 1 DAGs
[2023-03-07T00:19:55.487+0000] {logging_mixin.py:137} INFO - [2023-03-07T00:19:55.487+0000] {dag.py:3441} INFO - Setting next_dagrun for example_branch_dop_operator_v3 to 2023-03-07T00:18:00+00:00, run_after=2023-03-07T00:19:00+00:00
[2023-03-07T00:19:55.577+0000] {processor.py:175} INFO - Processing /home/airflow/.local/lib/python3.7/site-packages/airflow/example_dags/example_branch_python_dop_operator_3.py took 0.508 seconds
[2023-03-07T00:20:44.356+0000] {processor.py:153} INFO - Started process (PID=4265) to work on /home/airflow/.local/lib/python3.7/site-packages/airflow/example_dags/example_branch_python_dop_operator_3.py
[2023-03-07T00:20:44.364+0000] {processor.py:743} INFO - Processing file /home/airflow/.local/lib/python3.7/site-packages/airflow/example_dags/example_branch_python_dop_operator_3.py for tasks to queue
[2023-03-07T00:20:44.392+0000] {logging_mixin.py:137} INFO - [2023-03-07T00:20:44.391+0000] {dagbag.py:538} INFO - Filling up the DagBag from /home/airflow/.local/lib/python3.7/site-packages/airflow/example_dags/example_branch_python_dop_operator_3.py
[2023-03-07T00:20:45.201+0000] {processor.py:753} INFO - DAG(s) dict_keys(['example_branch_dop_operator_v3']) retrieved from /home/airflow/.local/lib/python3.7/site-packages/airflow/example_dags/example_branch_python_dop_operator_3.py
[2023-03-07T00:20:46.033+0000] {logging_mixin.py:137} INFO - [2023-03-07T00:20:46.033+0000] {dag.py:2690} INFO - Sync 1 DAGs
[2023-03-07T00:20:46.378+0000] {logging_mixin.py:137} INFO - [2023-03-07T00:20:46.377+0000] {dag.py:3441} INFO - Setting next_dagrun for example_branch_dop_operator_v3 to 2023-03-07T00:19:00+00:00, run_after=2023-03-07T00:20:00+00:00
[2023-03-07T00:20:46.554+0000] {processor.py:175} INFO - Processing /home/airflow/.local/lib/python3.7/site-packages/airflow/example_dags/example_branch_python_dop_operator_3.py took 2.229 seconds
[2023-03-07T00:21:16.956+0000] {processor.py:153} INFO - Started process (PID=4327) to work on /home/airflow/.local/lib/python3.7/site-packages/airflow/example_dags/example_branch_python_dop_operator_3.py
[2023-03-07T00:21:16.964+0000] {processor.py:743} INFO - Processing file /home/airflow/.local/lib/python3.7/site-packages/airflow/example_dags/example_branch_python_dop_operator_3.py for tasks to queue
[2023-03-07T00:21:16.969+0000] {logging_mixin.py:137} INFO - [2023-03-07T00:21:16.968+0000] {dagbag.py:538} INFO - Filling up the DagBag from /home/airflow/.local/lib/python3.7/site-packages/airflow/example_dags/example_branch_python_dop_operator_3.py
[2023-03-07T00:21:17.036+0000] {processor.py:753} INFO - DAG(s) dict_keys(['example_branch_dop_operator_v3']) retrieved from /home/airflow/.local/lib/python3.7/site-packages/airflow/example_dags/example_branch_python_dop_operator_3.py
[2023-03-07T00:21:17.113+0000] {logging_mixin.py:137} INFO - [2023-03-07T00:21:17.112+0000] {dag.py:2690} INFO - Sync 1 DAGs
[2023-03-07T00:21:17.211+0000] {logging_mixin.py:137} INFO - [2023-03-07T00:21:17.210+0000] {dag.py:3441} INFO - Setting next_dagrun for example_branch_dop_operator_v3 to 2023-03-07T00:20:00+00:00, run_after=2023-03-07T00:21:00+00:00
[2023-03-07T00:21:17.274+0000] {processor.py:175} INFO - Processing /home/airflow/.local/lib/python3.7/site-packages/airflow/example_dags/example_branch_python_dop_operator_3.py took 0.337 seconds
[2023-03-07T00:21:50.634+0000] {processor.py:153} INFO - Started process (PID=4398) to work on /home/airflow/.local/lib/python3.7/site-packages/airflow/example_dags/example_branch_python_dop_operator_3.py
[2023-03-07T00:21:50.649+0000] {processor.py:743} INFO - Processing file /home/airflow/.local/lib/python3.7/site-packages/airflow/example_dags/example_branch_python_dop_operator_3.py for tasks to queue
[2023-03-07T00:21:50.658+0000] {logging_mixin.py:137} INFO - [2023-03-07T00:21:50.656+0000] {dagbag.py:538} INFO - Filling up the DagBag from /home/airflow/.local/lib/python3.7/site-packages/airflow/example_dags/example_branch_python_dop_operator_3.py
[2023-03-07T00:21:50.801+0000] {processor.py:753} INFO - DAG(s) dict_keys(['example_branch_dop_operator_v3']) retrieved from /home/airflow/.local/lib/python3.7/site-packages/airflow/example_dags/example_branch_python_dop_operator_3.py
[2023-03-07T00:21:50.913+0000] {logging_mixin.py:137} INFO - [2023-03-07T00:21:50.912+0000] {dag.py:2690} INFO - Sync 1 DAGs
[2023-03-07T00:21:51.060+0000] {logging_mixin.py:137} INFO - [2023-03-07T00:21:51.059+0000] {dag.py:3441} INFO - Setting next_dagrun for example_branch_dop_operator_v3 to 2023-03-07T00:20:00+00:00, run_after=2023-03-07T00:21:00+00:00
[2023-03-07T00:21:51.188+0000] {processor.py:175} INFO - Processing /home/airflow/.local/lib/python3.7/site-packages/airflow/example_dags/example_branch_python_dop_operator_3.py took 0.596 seconds
[2023-03-07T00:23:26.351+0000] {processor.py:153} INFO - Started process (PID=4490) to work on /home/airflow/.local/lib/python3.7/site-packages/airflow/example_dags/example_branch_python_dop_operator_3.py
[2023-03-07T00:23:26.359+0000] {processor.py:743} INFO - Processing file /home/airflow/.local/lib/python3.7/site-packages/airflow/example_dags/example_branch_python_dop_operator_3.py for tasks to queue
[2023-03-07T00:23:26.367+0000] {logging_mixin.py:137} INFO - [2023-03-07T00:23:26.366+0000] {dagbag.py:538} INFO - Filling up the DagBag from /home/airflow/.local/lib/python3.7/site-packages/airflow/example_dags/example_branch_python_dop_operator_3.py
[2023-03-07T00:23:26.451+0000] {processor.py:753} INFO - DAG(s) dict_keys(['example_branch_dop_operator_v3']) retrieved from /home/airflow/.local/lib/python3.7/site-packages/airflow/example_dags/example_branch_python_dop_operator_3.py
[2023-03-07T00:23:26.542+0000] {logging_mixin.py:137} INFO - [2023-03-07T00:23:26.541+0000] {dag.py:2690} INFO - Sync 1 DAGs
[2023-03-07T00:23:26.660+0000] {logging_mixin.py:137} INFO - [2023-03-07T00:23:26.660+0000] {dag.py:3441} INFO - Setting next_dagrun for example_branch_dop_operator_v3 to 2023-03-07T00:22:00+00:00, run_after=2023-03-07T00:23:00+00:00
[2023-03-07T00:23:26.733+0000] {processor.py:175} INFO - Processing /home/airflow/.local/lib/python3.7/site-packages/airflow/example_dags/example_branch_python_dop_operator_3.py took 0.395 seconds
[2023-03-07T00:23:57.138+0000] {processor.py:153} INFO - Started process (PID=4552) to work on /home/airflow/.local/lib/python3.7/site-packages/airflow/example_dags/example_branch_python_dop_operator_3.py
[2023-03-07T00:23:57.143+0000] {processor.py:743} INFO - Processing file /home/airflow/.local/lib/python3.7/site-packages/airflow/example_dags/example_branch_python_dop_operator_3.py for tasks to queue
[2023-03-07T00:23:57.147+0000] {logging_mixin.py:137} INFO - [2023-03-07T00:23:57.147+0000] {dagbag.py:538} INFO - Filling up the DagBag from /home/airflow/.local/lib/python3.7/site-packages/airflow/example_dags/example_branch_python_dop_operator_3.py
[2023-03-07T00:23:57.209+0000] {processor.py:753} INFO - DAG(s) dict_keys(['example_branch_dop_operator_v3']) retrieved from /home/airflow/.local/lib/python3.7/site-packages/airflow/example_dags/example_branch_python_dop_operator_3.py
[2023-03-07T00:23:57.291+0000] {logging_mixin.py:137} INFO - [2023-03-07T00:23:57.291+0000] {dag.py:2690} INFO - Sync 1 DAGs
[2023-03-07T00:23:57.362+0000] {logging_mixin.py:137} INFO - [2023-03-07T00:23:57.362+0000] {dag.py:3441} INFO - Setting next_dagrun for example_branch_dop_operator_v3 to 2023-03-07T00:22:00+00:00, run_after=2023-03-07T00:23:00+00:00
[2023-03-07T00:23:57.403+0000] {processor.py:175} INFO - Processing /home/airflow/.local/lib/python3.7/site-packages/airflow/example_dags/example_branch_python_dop_operator_3.py took 0.275 seconds
[2023-03-07T00:24:27.522+0000] {processor.py:153} INFO - Started process (PID=4623) to work on /home/airflow/.local/lib/python3.7/site-packages/airflow/example_dags/example_branch_python_dop_operator_3.py
[2023-03-07T00:24:27.526+0000] {processor.py:743} INFO - Processing file /home/airflow/.local/lib/python3.7/site-packages/airflow/example_dags/example_branch_python_dop_operator_3.py for tasks to queue
[2023-03-07T00:24:27.531+0000] {logging_mixin.py:137} INFO - [2023-03-07T00:24:27.530+0000] {dagbag.py:538} INFO - Filling up the DagBag from /home/airflow/.local/lib/python3.7/site-packages/airflow/example_dags/example_branch_python_dop_operator_3.py
[2023-03-07T00:24:27.588+0000] {processor.py:753} INFO - DAG(s) dict_keys(['example_branch_dop_operator_v3']) retrieved from /home/airflow/.local/lib/python3.7/site-packages/airflow/example_dags/example_branch_python_dop_operator_3.py
[2023-03-07T00:24:27.653+0000] {logging_mixin.py:137} INFO - [2023-03-07T00:24:27.653+0000] {dag.py:2690} INFO - Sync 1 DAGs
[2023-03-07T00:24:27.772+0000] {logging_mixin.py:137} INFO - [2023-03-07T00:24:27.772+0000] {dag.py:3441} INFO - Setting next_dagrun for example_branch_dop_operator_v3 to 2023-03-07T00:23:00+00:00, run_after=2023-03-07T00:24:00+00:00
[2023-03-07T00:24:27.814+0000] {processor.py:175} INFO - Processing /home/airflow/.local/lib/python3.7/site-packages/airflow/example_dags/example_branch_python_dop_operator_3.py took 0.302 seconds
[2023-03-07T00:24:58.812+0000] {processor.py:153} INFO - Started process (PID=4702) to work on /home/airflow/.local/lib/python3.7/site-packages/airflow/example_dags/example_branch_python_dop_operator_3.py
[2023-03-07T00:24:58.815+0000] {processor.py:743} INFO - Processing file /home/airflow/.local/lib/python3.7/site-packages/airflow/example_dags/example_branch_python_dop_operator_3.py for tasks to queue
[2023-03-07T00:24:58.819+0000] {logging_mixin.py:137} INFO - [2023-03-07T00:24:58.819+0000] {dagbag.py:538} INFO - Filling up the DagBag from /home/airflow/.local/lib/python3.7/site-packages/airflow/example_dags/example_branch_python_dop_operator_3.py
[2023-03-07T00:24:58.882+0000] {processor.py:753} INFO - DAG(s) dict_keys(['example_branch_dop_operator_v3']) retrieved from /home/airflow/.local/lib/python3.7/site-packages/airflow/example_dags/example_branch_python_dop_operator_3.py
[2023-03-07T00:24:58.952+0000] {logging_mixin.py:137} INFO - [2023-03-07T00:24:58.952+0000] {dag.py:2690} INFO - Sync 1 DAGs
[2023-03-07T00:24:59.044+0000] {logging_mixin.py:137} INFO - [2023-03-07T00:24:59.043+0000] {dag.py:3441} INFO - Setting next_dagrun for example_branch_dop_operator_v3 to 2023-03-07T00:23:00+00:00, run_after=2023-03-07T00:24:00+00:00
[2023-03-07T00:24:59.089+0000] {processor.py:175} INFO - Processing /home/airflow/.local/lib/python3.7/site-packages/airflow/example_dags/example_branch_python_dop_operator_3.py took 0.289 seconds
[2023-03-07T00:25:29.519+0000] {processor.py:153} INFO - Started process (PID=4776) to work on /home/airflow/.local/lib/python3.7/site-packages/airflow/example_dags/example_branch_python_dop_operator_3.py
[2023-03-07T00:25:29.523+0000] {processor.py:743} INFO - Processing file /home/airflow/.local/lib/python3.7/site-packages/airflow/example_dags/example_branch_python_dop_operator_3.py for tasks to queue
[2023-03-07T00:25:29.527+0000] {logging_mixin.py:137} INFO - [2023-03-07T00:25:29.527+0000] {dagbag.py:538} INFO - Filling up the DagBag from /home/airflow/.local/lib/python3.7/site-packages/airflow/example_dags/example_branch_python_dop_operator_3.py
[2023-03-07T00:25:29.581+0000] {processor.py:753} INFO - DAG(s) dict_keys(['example_branch_dop_operator_v3']) retrieved from /home/airflow/.local/lib/python3.7/site-packages/airflow/example_dags/example_branch_python_dop_operator_3.py
[2023-03-07T00:25:29.642+0000] {logging_mixin.py:137} INFO - [2023-03-07T00:25:29.642+0000] {dag.py:2690} INFO - Sync 1 DAGs
[2023-03-07T00:25:29.744+0000] {logging_mixin.py:137} INFO - [2023-03-07T00:25:29.743+0000] {dag.py:3441} INFO - Setting next_dagrun for example_branch_dop_operator_v3 to 2023-03-07T00:24:00+00:00, run_after=2023-03-07T00:25:00+00:00
[2023-03-07T00:25:29.789+0000] {processor.py:175} INFO - Processing /home/airflow/.local/lib/python3.7/site-packages/airflow/example_dags/example_branch_python_dop_operator_3.py took 0.279 seconds
[2023-03-07T00:26:01.106+0000] {processor.py:153} INFO - Started process (PID=4846) to work on /home/airflow/.local/lib/python3.7/site-packages/airflow/example_dags/example_branch_python_dop_operator_3.py
[2023-03-07T00:26:01.114+0000] {processor.py:743} INFO - Processing file /home/airflow/.local/lib/python3.7/site-packages/airflow/example_dags/example_branch_python_dop_operator_3.py for tasks to queue
[2023-03-07T00:26:01.123+0000] {logging_mixin.py:137} INFO - [2023-03-07T00:26:01.121+0000] {dagbag.py:538} INFO - Filling up the DagBag from /home/airflow/.local/lib/python3.7/site-packages/airflow/example_dags/example_branch_python_dop_operator_3.py
[2023-03-07T00:26:01.243+0000] {processor.py:753} INFO - DAG(s) dict_keys(['example_branch_dop_operator_v3']) retrieved from /home/airflow/.local/lib/python3.7/site-packages/airflow/example_dags/example_branch_python_dop_operator_3.py
[2023-03-07T00:26:01.407+0000] {logging_mixin.py:137} INFO - [2023-03-07T00:26:01.406+0000] {dag.py:2690} INFO - Sync 1 DAGs
[2023-03-07T00:26:01.535+0000] {logging_mixin.py:137} INFO - [2023-03-07T00:26:01.535+0000] {dag.py:3441} INFO - Setting next_dagrun for example_branch_dop_operator_v3 to 2023-03-07T00:25:00+00:00, run_after=2023-03-07T00:26:00+00:00
[2023-03-07T00:26:01.593+0000] {processor.py:175} INFO - Processing /home/airflow/.local/lib/python3.7/site-packages/airflow/example_dags/example_branch_python_dop_operator_3.py took 0.496 seconds
[2023-03-07T00:26:32.535+0000] {processor.py:153} INFO - Started process (PID=4917) to work on /home/airflow/.local/lib/python3.7/site-packages/airflow/example_dags/example_branch_python_dop_operator_3.py
[2023-03-07T00:26:32.541+0000] {processor.py:743} INFO - Processing file /home/airflow/.local/lib/python3.7/site-packages/airflow/example_dags/example_branch_python_dop_operator_3.py for tasks to queue
[2023-03-07T00:26:32.548+0000] {logging_mixin.py:137} INFO - [2023-03-07T00:26:32.547+0000] {dagbag.py:538} INFO - Filling up the DagBag from /home/airflow/.local/lib/python3.7/site-packages/airflow/example_dags/example_branch_python_dop_operator_3.py
[2023-03-07T00:26:32.627+0000] {processor.py:753} INFO - DAG(s) dict_keys(['example_branch_dop_operator_v3']) retrieved from /home/airflow/.local/lib/python3.7/site-packages/airflow/example_dags/example_branch_python_dop_operator_3.py
[2023-03-07T00:26:32.722+0000] {logging_mixin.py:137} INFO - [2023-03-07T00:26:32.721+0000] {dag.py:2690} INFO - Sync 1 DAGs
[2023-03-07T00:26:32.805+0000] {logging_mixin.py:137} INFO - [2023-03-07T00:26:32.805+0000] {dag.py:3441} INFO - Setting next_dagrun for example_branch_dop_operator_v3 to 2023-03-07T00:25:00+00:00, run_after=2023-03-07T00:26:00+00:00
[2023-03-07T00:26:32.856+0000] {processor.py:175} INFO - Processing /home/airflow/.local/lib/python3.7/site-packages/airflow/example_dags/example_branch_python_dop_operator_3.py took 0.333 seconds
[2023-03-07T00:27:03.241+0000] {processor.py:153} INFO - Started process (PID=4988) to work on /home/airflow/.local/lib/python3.7/site-packages/airflow/example_dags/example_branch_python_dop_operator_3.py
[2023-03-07T00:27:03.244+0000] {processor.py:743} INFO - Processing file /home/airflow/.local/lib/python3.7/site-packages/airflow/example_dags/example_branch_python_dop_operator_3.py for tasks to queue
[2023-03-07T00:27:03.255+0000] {logging_mixin.py:137} INFO - [2023-03-07T00:27:03.255+0000] {dagbag.py:538} INFO - Filling up the DagBag from /home/airflow/.local/lib/python3.7/site-packages/airflow/example_dags/example_branch_python_dop_operator_3.py
[2023-03-07T00:27:03.333+0000] {processor.py:753} INFO - DAG(s) dict_keys(['example_branch_dop_operator_v3']) retrieved from /home/airflow/.local/lib/python3.7/site-packages/airflow/example_dags/example_branch_python_dop_operator_3.py
[2023-03-07T00:27:03.415+0000] {logging_mixin.py:137} INFO - [2023-03-07T00:27:03.415+0000] {dag.py:2690} INFO - Sync 1 DAGs
[2023-03-07T00:27:03.588+0000] {logging_mixin.py:137} INFO - [2023-03-07T00:27:03.587+0000] {dag.py:3441} INFO - Setting next_dagrun for example_branch_dop_operator_v3 to 2023-03-07T00:26:00+00:00, run_after=2023-03-07T00:27:00+00:00
[2023-03-07T00:27:03.644+0000] {processor.py:175} INFO - Processing /home/airflow/.local/lib/python3.7/site-packages/airflow/example_dags/example_branch_python_dop_operator_3.py took 0.416 seconds
[2023-03-07T00:27:33.914+0000] {processor.py:153} INFO - Started process (PID=5059) to work on /home/airflow/.local/lib/python3.7/site-packages/airflow/example_dags/example_branch_python_dop_operator_3.py
[2023-03-07T00:27:33.918+0000] {processor.py:743} INFO - Processing file /home/airflow/.local/lib/python3.7/site-packages/airflow/example_dags/example_branch_python_dop_operator_3.py for tasks to queue
[2023-03-07T00:27:33.922+0000] {logging_mixin.py:137} INFO - [2023-03-07T00:27:33.921+0000] {dagbag.py:538} INFO - Filling up the DagBag from /home/airflow/.local/lib/python3.7/site-packages/airflow/example_dags/example_branch_python_dop_operator_3.py
[2023-03-07T00:27:33.968+0000] {processor.py:753} INFO - DAG(s) dict_keys(['example_branch_dop_operator_v3']) retrieved from /home/airflow/.local/lib/python3.7/site-packages/airflow/example_dags/example_branch_python_dop_operator_3.py
[2023-03-07T00:27:34.017+0000] {logging_mixin.py:137} INFO - [2023-03-07T00:27:34.017+0000] {dag.py:2690} INFO - Sync 1 DAGs
[2023-03-07T00:27:34.074+0000] {logging_mixin.py:137} INFO - [2023-03-07T00:27:34.073+0000] {dag.py:3441} INFO - Setting next_dagrun for example_branch_dop_operator_v3 to 2023-03-07T00:26:00+00:00, run_after=2023-03-07T00:27:00+00:00
[2023-03-07T00:27:34.118+0000] {processor.py:175} INFO - Processing /home/airflow/.local/lib/python3.7/site-packages/airflow/example_dags/example_branch_python_dop_operator_3.py took 0.211 seconds
[2023-03-07T00:28:04.562+0000] {processor.py:153} INFO - Started process (PID=5130) to work on /home/airflow/.local/lib/python3.7/site-packages/airflow/example_dags/example_branch_python_dop_operator_3.py
[2023-03-07T00:28:04.565+0000] {processor.py:743} INFO - Processing file /home/airflow/.local/lib/python3.7/site-packages/airflow/example_dags/example_branch_python_dop_operator_3.py for tasks to queue
[2023-03-07T00:28:04.571+0000] {logging_mixin.py:137} INFO - [2023-03-07T00:28:04.570+0000] {dagbag.py:538} INFO - Filling up the DagBag from /home/airflow/.local/lib/python3.7/site-packages/airflow/example_dags/example_branch_python_dop_operator_3.py
[2023-03-07T00:28:04.629+0000] {processor.py:753} INFO - DAG(s) dict_keys(['example_branch_dop_operator_v3']) retrieved from /home/airflow/.local/lib/python3.7/site-packages/airflow/example_dags/example_branch_python_dop_operator_3.py
[2023-03-07T00:28:04.687+0000] {logging_mixin.py:137} INFO - [2023-03-07T00:28:04.686+0000] {dag.py:2690} INFO - Sync 1 DAGs
[2023-03-07T00:28:04.749+0000] {logging_mixin.py:137} INFO - [2023-03-07T00:28:04.748+0000] {dag.py:3441} INFO - Setting next_dagrun for example_branch_dop_operator_v3 to 2023-03-07T00:27:00+00:00, run_after=2023-03-07T00:28:00+00:00
[2023-03-07T00:28:04.794+0000] {processor.py:175} INFO - Processing /home/airflow/.local/lib/python3.7/site-packages/airflow/example_dags/example_branch_python_dop_operator_3.py took 0.243 seconds
[2023-03-07T00:28:37.174+0000] {processor.py:153} INFO - Started process (PID=5202) to work on /home/airflow/.local/lib/python3.7/site-packages/airflow/example_dags/example_branch_python_dop_operator_3.py
[2023-03-07T00:28:37.197+0000] {processor.py:743} INFO - Processing file /home/airflow/.local/lib/python3.7/site-packages/airflow/example_dags/example_branch_python_dop_operator_3.py for tasks to queue
[2023-03-07T00:28:37.206+0000] {logging_mixin.py:137} INFO - [2023-03-07T00:28:37.205+0000] {dagbag.py:538} INFO - Filling up the DagBag from /home/airflow/.local/lib/python3.7/site-packages/airflow/example_dags/example_branch_python_dop_operator_3.py
[2023-03-07T00:28:37.334+0000] {processor.py:753} INFO - DAG(s) dict_keys(['example_branch_dop_operator_v3']) retrieved from /home/airflow/.local/lib/python3.7/site-packages/airflow/example_dags/example_branch_python_dop_operator_3.py
[2023-03-07T00:28:37.489+0000] {logging_mixin.py:137} INFO - [2023-03-07T00:28:37.489+0000] {dag.py:2690} INFO - Sync 1 DAGs
[2023-03-07T00:28:37.820+0000] {logging_mixin.py:137} INFO - [2023-03-07T00:28:37.819+0000] {dag.py:3441} INFO - Setting next_dagrun for example_branch_dop_operator_v3 to 2023-03-07T00:27:00+00:00, run_after=2023-03-07T00:28:00+00:00
[2023-03-07T00:28:37.991+0000] {processor.py:175} INFO - Processing /home/airflow/.local/lib/python3.7/site-packages/airflow/example_dags/example_branch_python_dop_operator_3.py took 0.836 seconds
[2023-03-07T00:29:12.119+0000] {processor.py:153} INFO - Started process (PID=5272) to work on /home/airflow/.local/lib/python3.7/site-packages/airflow/example_dags/example_branch_python_dop_operator_3.py
[2023-03-07T00:29:12.134+0000] {processor.py:743} INFO - Processing file /home/airflow/.local/lib/python3.7/site-packages/airflow/example_dags/example_branch_python_dop_operator_3.py for tasks to queue
[2023-03-07T00:29:12.141+0000] {logging_mixin.py:137} INFO - [2023-03-07T00:29:12.140+0000] {dagbag.py:538} INFO - Filling up the DagBag from /home/airflow/.local/lib/python3.7/site-packages/airflow/example_dags/example_branch_python_dop_operator_3.py
[2023-03-07T00:29:12.287+0000] {processor.py:753} INFO - DAG(s) dict_keys(['example_branch_dop_operator_v3']) retrieved from /home/airflow/.local/lib/python3.7/site-packages/airflow/example_dags/example_branch_python_dop_operator_3.py
[2023-03-07T00:29:12.391+0000] {logging_mixin.py:137} INFO - [2023-03-07T00:29:12.391+0000] {dag.py:2690} INFO - Sync 1 DAGs
[2023-03-07T00:29:12.536+0000] {logging_mixin.py:137} INFO - [2023-03-07T00:29:12.535+0000] {dag.py:3441} INFO - Setting next_dagrun for example_branch_dop_operator_v3 to 2023-03-07T00:28:00+00:00, run_after=2023-03-07T00:29:00+00:00
[2023-03-07T00:29:12.614+0000] {processor.py:175} INFO - Processing /home/airflow/.local/lib/python3.7/site-packages/airflow/example_dags/example_branch_python_dop_operator_3.py took 0.519 seconds
[2023-03-07T00:29:43.214+0000] {processor.py:153} INFO - Started process (PID=5343) to work on /home/airflow/.local/lib/python3.7/site-packages/airflow/example_dags/example_branch_python_dop_operator_3.py
[2023-03-07T00:29:43.221+0000] {processor.py:743} INFO - Processing file /home/airflow/.local/lib/python3.7/site-packages/airflow/example_dags/example_branch_python_dop_operator_3.py for tasks to queue
[2023-03-07T00:29:43.227+0000] {logging_mixin.py:137} INFO - [2023-03-07T00:29:43.226+0000] {dagbag.py:538} INFO - Filling up the DagBag from /home/airflow/.local/lib/python3.7/site-packages/airflow/example_dags/example_branch_python_dop_operator_3.py
[2023-03-07T00:29:43.274+0000] {processor.py:753} INFO - DAG(s) dict_keys(['example_branch_dop_operator_v3']) retrieved from /home/airflow/.local/lib/python3.7/site-packages/airflow/example_dags/example_branch_python_dop_operator_3.py
[2023-03-07T00:29:43.329+0000] {logging_mixin.py:137} INFO - [2023-03-07T00:29:43.328+0000] {dag.py:2690} INFO - Sync 1 DAGs
[2023-03-07T00:29:43.385+0000] {logging_mixin.py:137} INFO - [2023-03-07T00:29:43.385+0000] {dag.py:3441} INFO - Setting next_dagrun for example_branch_dop_operator_v3 to 2023-03-07T00:28:00+00:00, run_after=2023-03-07T00:29:00+00:00
[2023-03-07T00:29:43.433+0000] {processor.py:175} INFO - Processing /home/airflow/.local/lib/python3.7/site-packages/airflow/example_dags/example_branch_python_dop_operator_3.py took 0.227 seconds
[2023-03-07T00:30:13.627+0000] {processor.py:153} INFO - Started process (PID=5415) to work on /home/airflow/.local/lib/python3.7/site-packages/airflow/example_dags/example_branch_python_dop_operator_3.py
[2023-03-07T00:30:13.631+0000] {processor.py:743} INFO - Processing file /home/airflow/.local/lib/python3.7/site-packages/airflow/example_dags/example_branch_python_dop_operator_3.py for tasks to queue
[2023-03-07T00:30:13.635+0000] {logging_mixin.py:137} INFO - [2023-03-07T00:30:13.635+0000] {dagbag.py:538} INFO - Filling up the DagBag from /home/airflow/.local/lib/python3.7/site-packages/airflow/example_dags/example_branch_python_dop_operator_3.py
[2023-03-07T00:30:13.684+0000] {processor.py:753} INFO - DAG(s) dict_keys(['example_branch_dop_operator_v3']) retrieved from /home/airflow/.local/lib/python3.7/site-packages/airflow/example_dags/example_branch_python_dop_operator_3.py
[2023-03-07T00:30:13.738+0000] {logging_mixin.py:137} INFO - [2023-03-07T00:30:13.738+0000] {dag.py:2690} INFO - Sync 1 DAGs
[2023-03-07T00:30:13.799+0000] {logging_mixin.py:137} INFO - [2023-03-07T00:30:13.799+0000] {dag.py:3441} INFO - Setting next_dagrun for example_branch_dop_operator_v3 to 2023-03-07T00:29:00+00:00, run_after=2023-03-07T00:30:00+00:00
[2023-03-07T00:30:13.839+0000] {processor.py:175} INFO - Processing /home/airflow/.local/lib/python3.7/site-packages/airflow/example_dags/example_branch_python_dop_operator_3.py took 0.218 seconds
