[2023-03-07T00:00:26.620+0000] {processor.py:153} INFO - Started process (PID=1785) to work on /home/airflow/.local/lib/python3.7/site-packages/airflow/example_dags/example_xcom.py
[2023-03-07T00:00:26.623+0000] {processor.py:743} INFO - Processing file /home/airflow/.local/lib/python3.7/site-packages/airflow/example_dags/example_xcom.py for tasks to queue
[2023-03-07T00:00:26.626+0000] {logging_mixin.py:137} INFO - [2023-03-07T00:00:26.626+0000] {dagbag.py:538} INFO - Filling up the DagBag from /home/airflow/.local/lib/python3.7/site-packages/airflow/example_dags/example_xcom.py
[2023-03-07T00:00:26.674+0000] {processor.py:753} INFO - DAG(s) dict_keys(['example_xcom']) retrieved from /home/airflow/.local/lib/python3.7/site-packages/airflow/example_dags/example_xcom.py
[2023-03-07T00:00:26.728+0000] {logging_mixin.py:137} INFO - [2023-03-07T00:00:26.727+0000] {dag.py:2690} INFO - Sync 1 DAGs
[2023-03-07T00:00:26.778+0000] {logging_mixin.py:137} INFO - [2023-03-07T00:00:26.778+0000] {dag.py:3441} INFO - Setting next_dagrun for example_xcom to 2021-01-01T00:00:00+00:00, run_after=2021-01-01T00:00:00+00:00
[2023-03-07T00:00:26.816+0000] {processor.py:175} INFO - Processing /home/airflow/.local/lib/python3.7/site-packages/airflow/example_dags/example_xcom.py took 0.204 seconds
[2023-03-07T00:00:57.001+0000] {processor.py:153} INFO - Started process (PID=1855) to work on /home/airflow/.local/lib/python3.7/site-packages/airflow/example_dags/example_xcom.py
[2023-03-07T00:00:57.005+0000] {processor.py:743} INFO - Processing file /home/airflow/.local/lib/python3.7/site-packages/airflow/example_dags/example_xcom.py for tasks to queue
[2023-03-07T00:00:57.008+0000] {logging_mixin.py:137} INFO - [2023-03-07T00:00:57.008+0000] {dagbag.py:538} INFO - Filling up the DagBag from /home/airflow/.local/lib/python3.7/site-packages/airflow/example_dags/example_xcom.py
[2023-03-07T00:00:57.064+0000] {processor.py:753} INFO - DAG(s) dict_keys(['example_xcom']) retrieved from /home/airflow/.local/lib/python3.7/site-packages/airflow/example_dags/example_xcom.py
[2023-03-07T00:00:57.134+0000] {logging_mixin.py:137} INFO - [2023-03-07T00:00:57.134+0000] {dag.py:2690} INFO - Sync 1 DAGs
[2023-03-07T00:00:57.184+0000] {logging_mixin.py:137} INFO - [2023-03-07T00:00:57.184+0000] {dag.py:3441} INFO - Setting next_dagrun for example_xcom to 2021-01-01T00:00:00+00:00, run_after=2021-01-01T00:00:00+00:00
[2023-03-07T00:00:57.221+0000] {processor.py:175} INFO - Processing /home/airflow/.local/lib/python3.7/site-packages/airflow/example_dags/example_xcom.py took 0.227 seconds
[2023-03-07T00:01:27.678+0000] {processor.py:153} INFO - Started process (PID=1924) to work on /home/airflow/.local/lib/python3.7/site-packages/airflow/example_dags/example_xcom.py
[2023-03-07T00:01:27.681+0000] {processor.py:743} INFO - Processing file /home/airflow/.local/lib/python3.7/site-packages/airflow/example_dags/example_xcom.py for tasks to queue
[2023-03-07T00:01:27.684+0000] {logging_mixin.py:137} INFO - [2023-03-07T00:01:27.684+0000] {dagbag.py:538} INFO - Filling up the DagBag from /home/airflow/.local/lib/python3.7/site-packages/airflow/example_dags/example_xcom.py
[2023-03-07T00:01:27.733+0000] {processor.py:753} INFO - DAG(s) dict_keys(['example_xcom']) retrieved from /home/airflow/.local/lib/python3.7/site-packages/airflow/example_dags/example_xcom.py
[2023-03-07T00:01:27.791+0000] {logging_mixin.py:137} INFO - [2023-03-07T00:01:27.791+0000] {dag.py:2690} INFO - Sync 1 DAGs
[2023-03-07T00:01:27.852+0000] {logging_mixin.py:137} INFO - [2023-03-07T00:01:27.852+0000] {dag.py:3441} INFO - Setting next_dagrun for example_xcom to 2021-01-01T00:00:00+00:00, run_after=2021-01-01T00:00:00+00:00
[2023-03-07T00:01:27.902+0000] {processor.py:175} INFO - Processing /home/airflow/.local/lib/python3.7/site-packages/airflow/example_dags/example_xcom.py took 0.233 seconds
[2023-03-07T00:01:58.278+0000] {processor.py:153} INFO - Started process (PID=1994) to work on /home/airflow/.local/lib/python3.7/site-packages/airflow/example_dags/example_xcom.py
[2023-03-07T00:01:58.288+0000] {processor.py:743} INFO - Processing file /home/airflow/.local/lib/python3.7/site-packages/airflow/example_dags/example_xcom.py for tasks to queue
[2023-03-07T00:01:58.295+0000] {logging_mixin.py:137} INFO - [2023-03-07T00:01:58.294+0000] {dagbag.py:538} INFO - Filling up the DagBag from /home/airflow/.local/lib/python3.7/site-packages/airflow/example_dags/example_xcom.py
[2023-03-07T00:01:58.378+0000] {processor.py:753} INFO - DAG(s) dict_keys(['example_xcom']) retrieved from /home/airflow/.local/lib/python3.7/site-packages/airflow/example_dags/example_xcom.py
[2023-03-07T00:01:58.464+0000] {logging_mixin.py:137} INFO - [2023-03-07T00:01:58.463+0000] {dag.py:2690} INFO - Sync 1 DAGs
[2023-03-07T00:01:58.538+0000] {logging_mixin.py:137} INFO - [2023-03-07T00:01:58.538+0000] {dag.py:3441} INFO - Setting next_dagrun for example_xcom to 2021-01-01T00:00:00+00:00, run_after=2021-01-01T00:00:00+00:00
[2023-03-07T00:01:58.615+0000] {processor.py:175} INFO - Processing /home/airflow/.local/lib/python3.7/site-packages/airflow/example_dags/example_xcom.py took 0.353 seconds
[2023-03-07T00:02:29.040+0000] {processor.py:153} INFO - Started process (PID=2066) to work on /home/airflow/.local/lib/python3.7/site-packages/airflow/example_dags/example_xcom.py
[2023-03-07T00:02:29.044+0000] {processor.py:743} INFO - Processing file /home/airflow/.local/lib/python3.7/site-packages/airflow/example_dags/example_xcom.py for tasks to queue
[2023-03-07T00:02:29.049+0000] {logging_mixin.py:137} INFO - [2023-03-07T00:02:29.048+0000] {dagbag.py:538} INFO - Filling up the DagBag from /home/airflow/.local/lib/python3.7/site-packages/airflow/example_dags/example_xcom.py
[2023-03-07T00:02:29.117+0000] {processor.py:753} INFO - DAG(s) dict_keys(['example_xcom']) retrieved from /home/airflow/.local/lib/python3.7/site-packages/airflow/example_dags/example_xcom.py
[2023-03-07T00:02:29.187+0000] {logging_mixin.py:137} INFO - [2023-03-07T00:02:29.186+0000] {dag.py:2690} INFO - Sync 1 DAGs
[2023-03-07T00:02:29.250+0000] {logging_mixin.py:137} INFO - [2023-03-07T00:02:29.249+0000] {dag.py:3441} INFO - Setting next_dagrun for example_xcom to 2021-01-01T00:00:00+00:00, run_after=2021-01-01T00:00:00+00:00
[2023-03-07T00:02:29.303+0000] {processor.py:175} INFO - Processing /home/airflow/.local/lib/python3.7/site-packages/airflow/example_dags/example_xcom.py took 0.274 seconds
[2023-03-07T00:02:59.590+0000] {processor.py:153} INFO - Started process (PID=2135) to work on /home/airflow/.local/lib/python3.7/site-packages/airflow/example_dags/example_xcom.py
[2023-03-07T00:02:59.595+0000] {processor.py:743} INFO - Processing file /home/airflow/.local/lib/python3.7/site-packages/airflow/example_dags/example_xcom.py for tasks to queue
[2023-03-07T00:02:59.598+0000] {logging_mixin.py:137} INFO - [2023-03-07T00:02:59.597+0000] {dagbag.py:538} INFO - Filling up the DagBag from /home/airflow/.local/lib/python3.7/site-packages/airflow/example_dags/example_xcom.py
[2023-03-07T00:02:59.642+0000] {processor.py:753} INFO - DAG(s) dict_keys(['example_xcom']) retrieved from /home/airflow/.local/lib/python3.7/site-packages/airflow/example_dags/example_xcom.py
[2023-03-07T00:02:59.693+0000] {logging_mixin.py:137} INFO - [2023-03-07T00:02:59.693+0000] {dag.py:2690} INFO - Sync 1 DAGs
[2023-03-07T00:02:59.745+0000] {logging_mixin.py:137} INFO - [2023-03-07T00:02:59.744+0000] {dag.py:3441} INFO - Setting next_dagrun for example_xcom to 2021-01-01T00:00:00+00:00, run_after=2021-01-01T00:00:00+00:00
[2023-03-07T00:02:59.789+0000] {processor.py:175} INFO - Processing /home/airflow/.local/lib/python3.7/site-packages/airflow/example_dags/example_xcom.py took 0.205 seconds
[2023-03-07T00:03:30.543+0000] {processor.py:153} INFO - Started process (PID=2206) to work on /home/airflow/.local/lib/python3.7/site-packages/airflow/example_dags/example_xcom.py
[2023-03-07T00:03:30.547+0000] {processor.py:743} INFO - Processing file /home/airflow/.local/lib/python3.7/site-packages/airflow/example_dags/example_xcom.py for tasks to queue
[2023-03-07T00:03:30.550+0000] {logging_mixin.py:137} INFO - [2023-03-07T00:03:30.550+0000] {dagbag.py:538} INFO - Filling up the DagBag from /home/airflow/.local/lib/python3.7/site-packages/airflow/example_dags/example_xcom.py
[2023-03-07T00:03:30.597+0000] {processor.py:753} INFO - DAG(s) dict_keys(['example_xcom']) retrieved from /home/airflow/.local/lib/python3.7/site-packages/airflow/example_dags/example_xcom.py
[2023-03-07T00:03:30.651+0000] {logging_mixin.py:137} INFO - [2023-03-07T00:03:30.650+0000] {dag.py:2690} INFO - Sync 1 DAGs
[2023-03-07T00:03:30.704+0000] {logging_mixin.py:137} INFO - [2023-03-07T00:03:30.704+0000] {dag.py:3441} INFO - Setting next_dagrun for example_xcom to 2021-01-01T00:00:00+00:00, run_after=2021-01-01T00:00:00+00:00
[2023-03-07T00:03:30.751+0000] {processor.py:175} INFO - Processing /home/airflow/.local/lib/python3.7/site-packages/airflow/example_dags/example_xcom.py took 0.216 seconds
[2023-03-07T00:04:00.892+0000] {processor.py:153} INFO - Started process (PID=2276) to work on /home/airflow/.local/lib/python3.7/site-packages/airflow/example_dags/example_xcom.py
[2023-03-07T00:04:00.895+0000] {processor.py:743} INFO - Processing file /home/airflow/.local/lib/python3.7/site-packages/airflow/example_dags/example_xcom.py for tasks to queue
[2023-03-07T00:04:00.899+0000] {logging_mixin.py:137} INFO - [2023-03-07T00:04:00.899+0000] {dagbag.py:538} INFO - Filling up the DagBag from /home/airflow/.local/lib/python3.7/site-packages/airflow/example_dags/example_xcom.py
[2023-03-07T00:04:00.960+0000] {processor.py:753} INFO - DAG(s) dict_keys(['example_xcom']) retrieved from /home/airflow/.local/lib/python3.7/site-packages/airflow/example_dags/example_xcom.py
[2023-03-07T00:04:01.045+0000] {logging_mixin.py:137} INFO - [2023-03-07T00:04:01.045+0000] {dag.py:2690} INFO - Sync 1 DAGs
[2023-03-07T00:04:01.132+0000] {logging_mixin.py:137} INFO - [2023-03-07T00:04:01.132+0000] {dag.py:3441} INFO - Setting next_dagrun for example_xcom to 2021-01-01T00:00:00+00:00, run_after=2021-01-01T00:00:00+00:00
[2023-03-07T00:04:01.187+0000] {processor.py:175} INFO - Processing /home/airflow/.local/lib/python3.7/site-packages/airflow/example_dags/example_xcom.py took 0.309 seconds
[2023-03-07T00:04:31.322+0000] {processor.py:153} INFO - Started process (PID=2348) to work on /home/airflow/.local/lib/python3.7/site-packages/airflow/example_dags/example_xcom.py
[2023-03-07T00:04:31.327+0000] {processor.py:743} INFO - Processing file /home/airflow/.local/lib/python3.7/site-packages/airflow/example_dags/example_xcom.py for tasks to queue
[2023-03-07T00:04:31.335+0000] {logging_mixin.py:137} INFO - [2023-03-07T00:04:31.334+0000] {dagbag.py:538} INFO - Filling up the DagBag from /home/airflow/.local/lib/python3.7/site-packages/airflow/example_dags/example_xcom.py
[2023-03-07T00:04:31.445+0000] {processor.py:753} INFO - DAG(s) dict_keys(['example_xcom']) retrieved from /home/airflow/.local/lib/python3.7/site-packages/airflow/example_dags/example_xcom.py
[2023-03-07T00:04:31.588+0000] {logging_mixin.py:137} INFO - [2023-03-07T00:04:31.588+0000] {dag.py:2690} INFO - Sync 1 DAGs
[2023-03-07T00:04:31.676+0000] {logging_mixin.py:137} INFO - [2023-03-07T00:04:31.675+0000] {dag.py:3441} INFO - Setting next_dagrun for example_xcom to 2021-01-01T00:00:00+00:00, run_after=2021-01-01T00:00:00+00:00
[2023-03-07T00:04:31.733+0000] {processor.py:175} INFO - Processing /home/airflow/.local/lib/python3.7/site-packages/airflow/example_dags/example_xcom.py took 0.427 seconds
[2023-03-07T00:05:02.123+0000] {processor.py:153} INFO - Started process (PID=2418) to work on /home/airflow/.local/lib/python3.7/site-packages/airflow/example_dags/example_xcom.py
[2023-03-07T00:05:02.130+0000] {processor.py:743} INFO - Processing file /home/airflow/.local/lib/python3.7/site-packages/airflow/example_dags/example_xcom.py for tasks to queue
[2023-03-07T00:05:02.139+0000] {logging_mixin.py:137} INFO - [2023-03-07T00:05:02.137+0000] {dagbag.py:538} INFO - Filling up the DagBag from /home/airflow/.local/lib/python3.7/site-packages/airflow/example_dags/example_xcom.py
[2023-03-07T00:05:02.276+0000] {processor.py:753} INFO - DAG(s) dict_keys(['example_xcom']) retrieved from /home/airflow/.local/lib/python3.7/site-packages/airflow/example_dags/example_xcom.py
[2023-03-07T00:05:02.381+0000] {logging_mixin.py:137} INFO - [2023-03-07T00:05:02.380+0000] {dag.py:2690} INFO - Sync 1 DAGs
[2023-03-07T00:05:02.506+0000] {logging_mixin.py:137} INFO - [2023-03-07T00:05:02.506+0000] {dag.py:3441} INFO - Setting next_dagrun for example_xcom to 2021-01-01T00:00:00+00:00, run_after=2021-01-01T00:00:00+00:00
[2023-03-07T00:05:02.573+0000] {processor.py:175} INFO - Processing /home/airflow/.local/lib/python3.7/site-packages/airflow/example_dags/example_xcom.py took 0.461 seconds
[2023-03-07T00:05:40.004+0000] {processor.py:153} INFO - Started process (PID=2491) to work on /home/airflow/.local/lib/python3.7/site-packages/airflow/example_dags/example_xcom.py
[2023-03-07T00:05:40.060+0000] {processor.py:743} INFO - Processing file /home/airflow/.local/lib/python3.7/site-packages/airflow/example_dags/example_xcom.py for tasks to queue
[2023-03-07T00:05:40.256+0000] {logging_mixin.py:137} INFO - [2023-03-07T00:05:40.255+0000] {dagbag.py:538} INFO - Filling up the DagBag from /home/airflow/.local/lib/python3.7/site-packages/airflow/example_dags/example_xcom.py
[2023-03-07T00:05:41.550+0000] {processor.py:753} INFO - DAG(s) dict_keys(['example_xcom']) retrieved from /home/airflow/.local/lib/python3.7/site-packages/airflow/example_dags/example_xcom.py
[2023-03-07T00:05:43.040+0000] {logging_mixin.py:137} INFO - [2023-03-07T00:05:43.039+0000] {dag.py:2690} INFO - Sync 1 DAGs
[2023-03-07T00:05:43.429+0000] {logging_mixin.py:137} INFO - [2023-03-07T00:05:43.428+0000] {dag.py:3441} INFO - Setting next_dagrun for example_xcom to 2021-01-01T00:00:00+00:00, run_after=2021-01-01T00:00:00+00:00
[2023-03-07T00:05:43.728+0000] {processor.py:175} INFO - Processing /home/airflow/.local/lib/python3.7/site-packages/airflow/example_dags/example_xcom.py took 3.786 seconds
[2023-03-07T00:06:17.823+0000] {processor.py:153} INFO - Started process (PID=2560) to work on /home/airflow/.local/lib/python3.7/site-packages/airflow/example_dags/example_xcom.py
[2023-03-07T00:06:17.962+0000] {processor.py:743} INFO - Processing file /home/airflow/.local/lib/python3.7/site-packages/airflow/example_dags/example_xcom.py for tasks to queue
[2023-03-07T00:06:17.991+0000] {logging_mixin.py:137} INFO - [2023-03-07T00:06:17.988+0000] {dagbag.py:538} INFO - Filling up the DagBag from /home/airflow/.local/lib/python3.7/site-packages/airflow/example_dags/example_xcom.py
[2023-03-07T00:06:18.525+0000] {processor.py:753} INFO - DAG(s) dict_keys(['example_xcom']) retrieved from /home/airflow/.local/lib/python3.7/site-packages/airflow/example_dags/example_xcom.py
[2023-03-07T00:06:19.079+0000] {logging_mixin.py:137} INFO - [2023-03-07T00:06:19.054+0000] {dag.py:2690} INFO - Sync 1 DAGs
[2023-03-07T00:06:19.416+0000] {logging_mixin.py:137} INFO - [2023-03-07T00:06:19.415+0000] {dag.py:3441} INFO - Setting next_dagrun for example_xcom to 2021-01-01T00:00:00+00:00, run_after=2021-01-01T00:00:00+00:00
[2023-03-07T00:06:19.706+0000] {processor.py:175} INFO - Processing /home/airflow/.local/lib/python3.7/site-packages/airflow/example_dags/example_xcom.py took 2.215 seconds
[2023-03-07T00:06:50.098+0000] {processor.py:153} INFO - Started process (PID=2632) to work on /home/airflow/.local/lib/python3.7/site-packages/airflow/example_dags/example_xcom.py
[2023-03-07T00:06:50.103+0000] {processor.py:743} INFO - Processing file /home/airflow/.local/lib/python3.7/site-packages/airflow/example_dags/example_xcom.py for tasks to queue
[2023-03-07T00:06:50.108+0000] {logging_mixin.py:137} INFO - [2023-03-07T00:06:50.107+0000] {dagbag.py:538} INFO - Filling up the DagBag from /home/airflow/.local/lib/python3.7/site-packages/airflow/example_dags/example_xcom.py
[2023-03-07T00:06:50.171+0000] {processor.py:753} INFO - DAG(s) dict_keys(['example_xcom']) retrieved from /home/airflow/.local/lib/python3.7/site-packages/airflow/example_dags/example_xcom.py
[2023-03-07T00:06:50.240+0000] {logging_mixin.py:137} INFO - [2023-03-07T00:06:50.239+0000] {dag.py:2690} INFO - Sync 1 DAGs
[2023-03-07T00:06:50.305+0000] {logging_mixin.py:137} INFO - [2023-03-07T00:06:50.304+0000] {dag.py:3441} INFO - Setting next_dagrun for example_xcom to 2021-01-01T00:00:00+00:00, run_after=2021-01-01T00:00:00+00:00
[2023-03-07T00:06:50.377+0000] {processor.py:175} INFO - Processing /home/airflow/.local/lib/python3.7/site-packages/airflow/example_dags/example_xcom.py took 0.294 seconds
[2023-03-07T00:07:20.615+0000] {processor.py:153} INFO - Started process (PID=2703) to work on /home/airflow/.local/lib/python3.7/site-packages/airflow/example_dags/example_xcom.py
[2023-03-07T00:07:20.620+0000] {processor.py:743} INFO - Processing file /home/airflow/.local/lib/python3.7/site-packages/airflow/example_dags/example_xcom.py for tasks to queue
[2023-03-07T00:07:20.625+0000] {logging_mixin.py:137} INFO - [2023-03-07T00:07:20.624+0000] {dagbag.py:538} INFO - Filling up the DagBag from /home/airflow/.local/lib/python3.7/site-packages/airflow/example_dags/example_xcom.py
[2023-03-07T00:07:20.705+0000] {processor.py:753} INFO - DAG(s) dict_keys(['example_xcom']) retrieved from /home/airflow/.local/lib/python3.7/site-packages/airflow/example_dags/example_xcom.py
[2023-03-07T00:07:20.784+0000] {logging_mixin.py:137} INFO - [2023-03-07T00:07:20.784+0000] {dag.py:2690} INFO - Sync 1 DAGs
[2023-03-07T00:07:20.858+0000] {logging_mixin.py:137} INFO - [2023-03-07T00:07:20.858+0000] {dag.py:3441} INFO - Setting next_dagrun for example_xcom to 2021-01-01T00:00:00+00:00, run_after=2021-01-01T00:00:00+00:00
[2023-03-07T00:07:20.900+0000] {processor.py:175} INFO - Processing /home/airflow/.local/lib/python3.7/site-packages/airflow/example_dags/example_xcom.py took 0.299 seconds
[2023-03-07T00:07:50.978+0000] {processor.py:153} INFO - Started process (PID=2774) to work on /home/airflow/.local/lib/python3.7/site-packages/airflow/example_dags/example_xcom.py
[2023-03-07T00:07:50.982+0000] {processor.py:743} INFO - Processing file /home/airflow/.local/lib/python3.7/site-packages/airflow/example_dags/example_xcom.py for tasks to queue
[2023-03-07T00:07:50.986+0000] {logging_mixin.py:137} INFO - [2023-03-07T00:07:50.985+0000] {dagbag.py:538} INFO - Filling up the DagBag from /home/airflow/.local/lib/python3.7/site-packages/airflow/example_dags/example_xcom.py
[2023-03-07T00:07:51.039+0000] {processor.py:753} INFO - DAG(s) dict_keys(['example_xcom']) retrieved from /home/airflow/.local/lib/python3.7/site-packages/airflow/example_dags/example_xcom.py
[2023-03-07T00:07:51.120+0000] {logging_mixin.py:137} INFO - [2023-03-07T00:07:51.120+0000] {dag.py:2690} INFO - Sync 1 DAGs
[2023-03-07T00:07:51.187+0000] {logging_mixin.py:137} INFO - [2023-03-07T00:07:51.187+0000] {dag.py:3441} INFO - Setting next_dagrun for example_xcom to 2021-01-01T00:00:00+00:00, run_after=2021-01-01T00:00:00+00:00
[2023-03-07T00:07:51.227+0000] {processor.py:175} INFO - Processing /home/airflow/.local/lib/python3.7/site-packages/airflow/example_dags/example_xcom.py took 0.260 seconds
[2023-03-07T00:08:21.682+0000] {processor.py:153} INFO - Started process (PID=2845) to work on /home/airflow/.local/lib/python3.7/site-packages/airflow/example_dags/example_xcom.py
[2023-03-07T00:08:21.691+0000] {processor.py:743} INFO - Processing file /home/airflow/.local/lib/python3.7/site-packages/airflow/example_dags/example_xcom.py for tasks to queue
[2023-03-07T00:08:21.696+0000] {logging_mixin.py:137} INFO - [2023-03-07T00:08:21.696+0000] {dagbag.py:538} INFO - Filling up the DagBag from /home/airflow/.local/lib/python3.7/site-packages/airflow/example_dags/example_xcom.py
[2023-03-07T00:08:21.764+0000] {processor.py:753} INFO - DAG(s) dict_keys(['example_xcom']) retrieved from /home/airflow/.local/lib/python3.7/site-packages/airflow/example_dags/example_xcom.py
[2023-03-07T00:08:21.831+0000] {logging_mixin.py:137} INFO - [2023-03-07T00:08:21.831+0000] {dag.py:2690} INFO - Sync 1 DAGs
[2023-03-07T00:08:21.898+0000] {logging_mixin.py:137} INFO - [2023-03-07T00:08:21.897+0000] {dag.py:3441} INFO - Setting next_dagrun for example_xcom to 2021-01-01T00:00:00+00:00, run_after=2021-01-01T00:00:00+00:00
[2023-03-07T00:08:21.947+0000] {processor.py:175} INFO - Processing /home/airflow/.local/lib/python3.7/site-packages/airflow/example_dags/example_xcom.py took 0.286 seconds
[2023-03-07T00:08:52.302+0000] {processor.py:153} INFO - Started process (PID=2915) to work on /home/airflow/.local/lib/python3.7/site-packages/airflow/example_dags/example_xcom.py
[2023-03-07T00:08:52.306+0000] {processor.py:743} INFO - Processing file /home/airflow/.local/lib/python3.7/site-packages/airflow/example_dags/example_xcom.py for tasks to queue
[2023-03-07T00:08:52.308+0000] {logging_mixin.py:137} INFO - [2023-03-07T00:08:52.308+0000] {dagbag.py:538} INFO - Filling up the DagBag from /home/airflow/.local/lib/python3.7/site-packages/airflow/example_dags/example_xcom.py
[2023-03-07T00:08:52.360+0000] {processor.py:753} INFO - DAG(s) dict_keys(['example_xcom']) retrieved from /home/airflow/.local/lib/python3.7/site-packages/airflow/example_dags/example_xcom.py
[2023-03-07T00:08:52.425+0000] {logging_mixin.py:137} INFO - [2023-03-07T00:08:52.425+0000] {dag.py:2690} INFO - Sync 1 DAGs
[2023-03-07T00:08:52.471+0000] {logging_mixin.py:137} INFO - [2023-03-07T00:08:52.471+0000] {dag.py:3441} INFO - Setting next_dagrun for example_xcom to 2021-01-01T00:00:00+00:00, run_after=2021-01-01T00:00:00+00:00
[2023-03-07T00:08:52.507+0000] {processor.py:175} INFO - Processing /home/airflow/.local/lib/python3.7/site-packages/airflow/example_dags/example_xcom.py took 0.214 seconds
[2023-03-07T00:09:23.370+0000] {processor.py:153} INFO - Started process (PID=2987) to work on /home/airflow/.local/lib/python3.7/site-packages/airflow/example_dags/example_xcom.py
[2023-03-07T00:09:23.377+0000] {processor.py:743} INFO - Processing file /home/airflow/.local/lib/python3.7/site-packages/airflow/example_dags/example_xcom.py for tasks to queue
[2023-03-07T00:09:23.385+0000] {logging_mixin.py:137} INFO - [2023-03-07T00:09:23.384+0000] {dagbag.py:538} INFO - Filling up the DagBag from /home/airflow/.local/lib/python3.7/site-packages/airflow/example_dags/example_xcom.py
[2023-03-07T00:09:23.603+0000] {processor.py:753} INFO - DAG(s) dict_keys(['example_xcom']) retrieved from /home/airflow/.local/lib/python3.7/site-packages/airflow/example_dags/example_xcom.py
[2023-03-07T00:09:23.885+0000] {logging_mixin.py:137} INFO - [2023-03-07T00:09:23.885+0000] {dag.py:2690} INFO - Sync 1 DAGs
[2023-03-07T00:09:24.068+0000] {logging_mixin.py:137} INFO - [2023-03-07T00:09:24.067+0000] {dag.py:3441} INFO - Setting next_dagrun for example_xcom to 2021-01-01T00:00:00+00:00, run_after=2021-01-01T00:00:00+00:00
[2023-03-07T00:09:24.254+0000] {processor.py:175} INFO - Processing /home/airflow/.local/lib/python3.7/site-packages/airflow/example_dags/example_xcom.py took 0.918 seconds
[2023-03-07T00:09:54.863+0000] {processor.py:153} INFO - Started process (PID=3056) to work on /home/airflow/.local/lib/python3.7/site-packages/airflow/example_dags/example_xcom.py
[2023-03-07T00:09:54.873+0000] {processor.py:743} INFO - Processing file /home/airflow/.local/lib/python3.7/site-packages/airflow/example_dags/example_xcom.py for tasks to queue
[2023-03-07T00:09:54.884+0000] {logging_mixin.py:137} INFO - [2023-03-07T00:09:54.884+0000] {dagbag.py:538} INFO - Filling up the DagBag from /home/airflow/.local/lib/python3.7/site-packages/airflow/example_dags/example_xcom.py
[2023-03-07T00:09:54.982+0000] {processor.py:753} INFO - DAG(s) dict_keys(['example_xcom']) retrieved from /home/airflow/.local/lib/python3.7/site-packages/airflow/example_dags/example_xcom.py
[2023-03-07T00:09:55.101+0000] {logging_mixin.py:137} INFO - [2023-03-07T00:09:55.100+0000] {dag.py:2690} INFO - Sync 1 DAGs
[2023-03-07T00:09:55.166+0000] {logging_mixin.py:137} INFO - [2023-03-07T00:09:55.166+0000] {dag.py:3441} INFO - Setting next_dagrun for example_xcom to 2021-01-01T00:00:00+00:00, run_after=2021-01-01T00:00:00+00:00
[2023-03-07T00:09:55.217+0000] {processor.py:175} INFO - Processing /home/airflow/.local/lib/python3.7/site-packages/airflow/example_dags/example_xcom.py took 0.369 seconds
[2023-03-07T00:10:25.943+0000] {processor.py:153} INFO - Started process (PID=3125) to work on /home/airflow/.local/lib/python3.7/site-packages/airflow/example_dags/example_xcom.py
[2023-03-07T00:10:25.947+0000] {processor.py:743} INFO - Processing file /home/airflow/.local/lib/python3.7/site-packages/airflow/example_dags/example_xcom.py for tasks to queue
[2023-03-07T00:10:25.949+0000] {logging_mixin.py:137} INFO - [2023-03-07T00:10:25.949+0000] {dagbag.py:538} INFO - Filling up the DagBag from /home/airflow/.local/lib/python3.7/site-packages/airflow/example_dags/example_xcom.py
[2023-03-07T00:10:25.988+0000] {processor.py:753} INFO - DAG(s) dict_keys(['example_xcom']) retrieved from /home/airflow/.local/lib/python3.7/site-packages/airflow/example_dags/example_xcom.py
[2023-03-07T00:10:26.034+0000] {logging_mixin.py:137} INFO - [2023-03-07T00:10:26.034+0000] {dag.py:2690} INFO - Sync 1 DAGs
[2023-03-07T00:10:26.080+0000] {logging_mixin.py:137} INFO - [2023-03-07T00:10:26.080+0000] {dag.py:3441} INFO - Setting next_dagrun for example_xcom to 2021-01-01T00:00:00+00:00, run_after=2021-01-01T00:00:00+00:00
[2023-03-07T00:10:26.114+0000] {processor.py:175} INFO - Processing /home/airflow/.local/lib/python3.7/site-packages/airflow/example_dags/example_xcom.py took 0.177 seconds
[2023-03-07T00:10:56.454+0000] {processor.py:153} INFO - Started process (PID=3196) to work on /home/airflow/.local/lib/python3.7/site-packages/airflow/example_dags/example_xcom.py
[2023-03-07T00:10:56.458+0000] {processor.py:743} INFO - Processing file /home/airflow/.local/lib/python3.7/site-packages/airflow/example_dags/example_xcom.py for tasks to queue
[2023-03-07T00:10:56.461+0000] {logging_mixin.py:137} INFO - [2023-03-07T00:10:56.461+0000] {dagbag.py:538} INFO - Filling up the DagBag from /home/airflow/.local/lib/python3.7/site-packages/airflow/example_dags/example_xcom.py
[2023-03-07T00:10:56.507+0000] {processor.py:753} INFO - DAG(s) dict_keys(['example_xcom']) retrieved from /home/airflow/.local/lib/python3.7/site-packages/airflow/example_dags/example_xcom.py
[2023-03-07T00:10:56.563+0000] {logging_mixin.py:137} INFO - [2023-03-07T00:10:56.563+0000] {dag.py:2690} INFO - Sync 1 DAGs
[2023-03-07T00:10:56.616+0000] {logging_mixin.py:137} INFO - [2023-03-07T00:10:56.616+0000] {dag.py:3441} INFO - Setting next_dagrun for example_xcom to 2021-01-01T00:00:00+00:00, run_after=2021-01-01T00:00:00+00:00
[2023-03-07T00:10:56.660+0000] {processor.py:175} INFO - Processing /home/airflow/.local/lib/python3.7/site-packages/airflow/example_dags/example_xcom.py took 0.215 seconds
[2023-03-07T00:11:26.940+0000] {processor.py:153} INFO - Started process (PID=3267) to work on /home/airflow/.local/lib/python3.7/site-packages/airflow/example_dags/example_xcom.py
[2023-03-07T00:11:26.943+0000] {processor.py:743} INFO - Processing file /home/airflow/.local/lib/python3.7/site-packages/airflow/example_dags/example_xcom.py for tasks to queue
[2023-03-07T00:11:26.946+0000] {logging_mixin.py:137} INFO - [2023-03-07T00:11:26.945+0000] {dagbag.py:538} INFO - Filling up the DagBag from /home/airflow/.local/lib/python3.7/site-packages/airflow/example_dags/example_xcom.py
[2023-03-07T00:11:27.003+0000] {processor.py:753} INFO - DAG(s) dict_keys(['example_xcom']) retrieved from /home/airflow/.local/lib/python3.7/site-packages/airflow/example_dags/example_xcom.py
[2023-03-07T00:11:27.061+0000] {logging_mixin.py:137} INFO - [2023-03-07T00:11:27.061+0000] {dag.py:2690} INFO - Sync 1 DAGs
[2023-03-07T00:11:27.126+0000] {logging_mixin.py:137} INFO - [2023-03-07T00:11:27.125+0000] {dag.py:3441} INFO - Setting next_dagrun for example_xcom to 2021-01-01T00:00:00+00:00, run_after=2021-01-01T00:00:00+00:00
[2023-03-07T00:11:27.172+0000] {processor.py:175} INFO - Processing /home/airflow/.local/lib/python3.7/site-packages/airflow/example_dags/example_xcom.py took 0.240 seconds
[2023-03-07T00:11:58.081+0000] {processor.py:153} INFO - Started process (PID=3338) to work on /home/airflow/.local/lib/python3.7/site-packages/airflow/example_dags/example_xcom.py
[2023-03-07T00:11:58.087+0000] {processor.py:743} INFO - Processing file /home/airflow/.local/lib/python3.7/site-packages/airflow/example_dags/example_xcom.py for tasks to queue
[2023-03-07T00:11:58.095+0000] {logging_mixin.py:137} INFO - [2023-03-07T00:11:58.094+0000] {dagbag.py:538} INFO - Filling up the DagBag from /home/airflow/.local/lib/python3.7/site-packages/airflow/example_dags/example_xcom.py
[2023-03-07T00:11:58.152+0000] {processor.py:753} INFO - DAG(s) dict_keys(['example_xcom']) retrieved from /home/airflow/.local/lib/python3.7/site-packages/airflow/example_dags/example_xcom.py
[2023-03-07T00:11:58.221+0000] {logging_mixin.py:137} INFO - [2023-03-07T00:11:58.221+0000] {dag.py:2690} INFO - Sync 1 DAGs
[2023-03-07T00:11:58.278+0000] {logging_mixin.py:137} INFO - [2023-03-07T00:11:58.278+0000] {dag.py:3441} INFO - Setting next_dagrun for example_xcom to 2021-01-01T00:00:00+00:00, run_after=2021-01-01T00:00:00+00:00
[2023-03-07T00:11:58.324+0000] {processor.py:175} INFO - Processing /home/airflow/.local/lib/python3.7/site-packages/airflow/example_dags/example_xcom.py took 0.255 seconds
[2023-03-07T00:12:28.526+0000] {processor.py:153} INFO - Started process (PID=3408) to work on /home/airflow/.local/lib/python3.7/site-packages/airflow/example_dags/example_xcom.py
[2023-03-07T00:12:28.529+0000] {processor.py:743} INFO - Processing file /home/airflow/.local/lib/python3.7/site-packages/airflow/example_dags/example_xcom.py for tasks to queue
[2023-03-07T00:12:28.532+0000] {logging_mixin.py:137} INFO - [2023-03-07T00:12:28.532+0000] {dagbag.py:538} INFO - Filling up the DagBag from /home/airflow/.local/lib/python3.7/site-packages/airflow/example_dags/example_xcom.py
[2023-03-07T00:12:28.576+0000] {processor.py:753} INFO - DAG(s) dict_keys(['example_xcom']) retrieved from /home/airflow/.local/lib/python3.7/site-packages/airflow/example_dags/example_xcom.py
[2023-03-07T00:12:28.636+0000] {logging_mixin.py:137} INFO - [2023-03-07T00:12:28.636+0000] {dag.py:2690} INFO - Sync 1 DAGs
[2023-03-07T00:12:28.683+0000] {logging_mixin.py:137} INFO - [2023-03-07T00:12:28.682+0000] {dag.py:3441} INFO - Setting next_dagrun for example_xcom to 2021-01-01T00:00:00+00:00, run_after=2021-01-01T00:00:00+00:00
[2023-03-07T00:12:28.718+0000] {processor.py:175} INFO - Processing /home/airflow/.local/lib/python3.7/site-packages/airflow/example_dags/example_xcom.py took 0.199 seconds
[2023-03-07T00:12:58.948+0000] {processor.py:153} INFO - Started process (PID=3479) to work on /home/airflow/.local/lib/python3.7/site-packages/airflow/example_dags/example_xcom.py
[2023-03-07T00:12:58.952+0000] {processor.py:743} INFO - Processing file /home/airflow/.local/lib/python3.7/site-packages/airflow/example_dags/example_xcom.py for tasks to queue
[2023-03-07T00:12:58.958+0000] {logging_mixin.py:137} INFO - [2023-03-07T00:12:58.958+0000] {dagbag.py:538} INFO - Filling up the DagBag from /home/airflow/.local/lib/python3.7/site-packages/airflow/example_dags/example_xcom.py
[2023-03-07T00:12:59.009+0000] {processor.py:753} INFO - DAG(s) dict_keys(['example_xcom']) retrieved from /home/airflow/.local/lib/python3.7/site-packages/airflow/example_dags/example_xcom.py
[2023-03-07T00:12:59.067+0000] {logging_mixin.py:137} INFO - [2023-03-07T00:12:59.066+0000] {dag.py:2690} INFO - Sync 1 DAGs
[2023-03-07T00:12:59.127+0000] {logging_mixin.py:137} INFO - [2023-03-07T00:12:59.127+0000] {dag.py:3441} INFO - Setting next_dagrun for example_xcom to 2021-01-01T00:00:00+00:00, run_after=2021-01-01T00:00:00+00:00
[2023-03-07T00:12:59.180+0000] {processor.py:175} INFO - Processing /home/airflow/.local/lib/python3.7/site-packages/airflow/example_dags/example_xcom.py took 0.241 seconds
[2023-03-07T00:13:42.693+0000] {processor.py:153} INFO - Started process (PID=3556) to work on /home/airflow/.local/lib/python3.7/site-packages/airflow/example_dags/example_xcom.py
[2023-03-07T00:13:42.699+0000] {processor.py:743} INFO - Processing file /home/airflow/.local/lib/python3.7/site-packages/airflow/example_dags/example_xcom.py for tasks to queue
[2023-03-07T00:13:42.710+0000] {logging_mixin.py:137} INFO - [2023-03-07T00:13:42.709+0000] {dagbag.py:538} INFO - Filling up the DagBag from /home/airflow/.local/lib/python3.7/site-packages/airflow/example_dags/example_xcom.py
[2023-03-07T00:13:42.934+0000] {processor.py:753} INFO - DAG(s) dict_keys(['example_xcom']) retrieved from /home/airflow/.local/lib/python3.7/site-packages/airflow/example_dags/example_xcom.py
[2023-03-07T00:13:43.135+0000] {logging_mixin.py:137} INFO - [2023-03-07T00:13:43.134+0000] {dag.py:2690} INFO - Sync 1 DAGs
[2023-03-07T00:13:43.304+0000] {logging_mixin.py:137} INFO - [2023-03-07T00:13:43.303+0000] {dag.py:3441} INFO - Setting next_dagrun for example_xcom to 2021-01-01T00:00:00+00:00, run_after=2021-01-01T00:00:00+00:00
[2023-03-07T00:13:43.420+0000] {processor.py:175} INFO - Processing /home/airflow/.local/lib/python3.7/site-packages/airflow/example_dags/example_xcom.py took 0.795 seconds
[2023-03-07T00:14:13.771+0000] {processor.py:153} INFO - Started process (PID=3619) to work on /home/airflow/.local/lib/python3.7/site-packages/airflow/example_dags/example_xcom.py
[2023-03-07T00:14:13.780+0000] {processor.py:743} INFO - Processing file /home/airflow/.local/lib/python3.7/site-packages/airflow/example_dags/example_xcom.py for tasks to queue
[2023-03-07T00:14:13.795+0000] {logging_mixin.py:137} INFO - [2023-03-07T00:14:13.794+0000] {dagbag.py:538} INFO - Filling up the DagBag from /home/airflow/.local/lib/python3.7/site-packages/airflow/example_dags/example_xcom.py
[2023-03-07T00:14:13.881+0000] {processor.py:753} INFO - DAG(s) dict_keys(['example_xcom']) retrieved from /home/airflow/.local/lib/python3.7/site-packages/airflow/example_dags/example_xcom.py
[2023-03-07T00:14:13.962+0000] {logging_mixin.py:137} INFO - [2023-03-07T00:14:13.961+0000] {dag.py:2690} INFO - Sync 1 DAGs
[2023-03-07T00:14:14.030+0000] {logging_mixin.py:137} INFO - [2023-03-07T00:14:14.030+0000] {dag.py:3441} INFO - Setting next_dagrun for example_xcom to 2021-01-01T00:00:00+00:00, run_after=2021-01-01T00:00:00+00:00
[2023-03-07T00:14:14.089+0000] {processor.py:175} INFO - Processing /home/airflow/.local/lib/python3.7/site-packages/airflow/example_dags/example_xcom.py took 0.331 seconds
[2023-03-07T00:14:44.216+0000] {processor.py:153} INFO - Started process (PID=3689) to work on /home/airflow/.local/lib/python3.7/site-packages/airflow/example_dags/example_xcom.py
[2023-03-07T00:14:44.220+0000] {processor.py:743} INFO - Processing file /home/airflow/.local/lib/python3.7/site-packages/airflow/example_dags/example_xcom.py for tasks to queue
[2023-03-07T00:14:44.223+0000] {logging_mixin.py:137} INFO - [2023-03-07T00:14:44.223+0000] {dagbag.py:538} INFO - Filling up the DagBag from /home/airflow/.local/lib/python3.7/site-packages/airflow/example_dags/example_xcom.py
[2023-03-07T00:14:44.279+0000] {processor.py:753} INFO - DAG(s) dict_keys(['example_xcom']) retrieved from /home/airflow/.local/lib/python3.7/site-packages/airflow/example_dags/example_xcom.py
[2023-03-07T00:14:44.338+0000] {logging_mixin.py:137} INFO - [2023-03-07T00:14:44.337+0000] {dag.py:2690} INFO - Sync 1 DAGs
[2023-03-07T00:14:44.388+0000] {logging_mixin.py:137} INFO - [2023-03-07T00:14:44.388+0000] {dag.py:3441} INFO - Setting next_dagrun for example_xcom to 2021-01-01T00:00:00+00:00, run_after=2021-01-01T00:00:00+00:00
[2023-03-07T00:14:44.433+0000] {processor.py:175} INFO - Processing /home/airflow/.local/lib/python3.7/site-packages/airflow/example_dags/example_xcom.py took 0.225 seconds
[2023-03-07T00:16:28.765+0000] {processor.py:153} INFO - Started process (PID=3765) to work on /home/airflow/.local/lib/python3.7/site-packages/airflow/example_dags/example_xcom.py
[2023-03-07T00:16:28.770+0000] {processor.py:743} INFO - Processing file /home/airflow/.local/lib/python3.7/site-packages/airflow/example_dags/example_xcom.py for tasks to queue
[2023-03-07T00:16:28.778+0000] {logging_mixin.py:137} INFO - [2023-03-07T00:16:28.778+0000] {dagbag.py:538} INFO - Filling up the DagBag from /home/airflow/.local/lib/python3.7/site-packages/airflow/example_dags/example_xcom.py
[2023-03-07T00:16:28.853+0000] {processor.py:753} INFO - DAG(s) dict_keys(['example_xcom']) retrieved from /home/airflow/.local/lib/python3.7/site-packages/airflow/example_dags/example_xcom.py
[2023-03-07T00:16:29.012+0000] {logging_mixin.py:137} INFO - [2023-03-07T00:16:29.011+0000] {dag.py:2690} INFO - Sync 1 DAGs
[2023-03-07T00:16:29.273+0000] {logging_mixin.py:137} INFO - [2023-03-07T00:16:29.272+0000] {dag.py:3441} INFO - Setting next_dagrun for example_xcom to 2021-01-01T00:00:00+00:00, run_after=2021-01-01T00:00:00+00:00
[2023-03-07T00:16:29.532+0000] {processor.py:175} INFO - Processing /home/airflow/.local/lib/python3.7/site-packages/airflow/example_dags/example_xcom.py took 0.788 seconds
[2023-03-07T00:17:03.742+0000] {processor.py:153} INFO - Started process (PID=3836) to work on /home/airflow/.local/lib/python3.7/site-packages/airflow/example_dags/example_xcom.py
[2023-03-07T00:17:03.754+0000] {processor.py:743} INFO - Processing file /home/airflow/.local/lib/python3.7/site-packages/airflow/example_dags/example_xcom.py for tasks to queue
[2023-03-07T00:17:03.763+0000] {logging_mixin.py:137} INFO - [2023-03-07T00:17:03.762+0000] {dagbag.py:538} INFO - Filling up the DagBag from /home/airflow/.local/lib/python3.7/site-packages/airflow/example_dags/example_xcom.py
[2023-03-07T00:17:03.857+0000] {processor.py:753} INFO - DAG(s) dict_keys(['example_xcom']) retrieved from /home/airflow/.local/lib/python3.7/site-packages/airflow/example_dags/example_xcom.py
[2023-03-07T00:17:03.940+0000] {logging_mixin.py:137} INFO - [2023-03-07T00:17:03.940+0000] {dag.py:2690} INFO - Sync 1 DAGs
[2023-03-07T00:17:04.013+0000] {logging_mixin.py:137} INFO - [2023-03-07T00:17:04.013+0000] {dag.py:3441} INFO - Setting next_dagrun for example_xcom to 2021-01-01T00:00:00+00:00, run_after=2021-01-01T00:00:00+00:00
[2023-03-07T00:17:04.087+0000] {processor.py:175} INFO - Processing /home/airflow/.local/lib/python3.7/site-packages/airflow/example_dags/example_xcom.py took 0.363 seconds
[2023-03-07T00:17:34.312+0000] {processor.py:153} INFO - Started process (PID=3904) to work on /home/airflow/.local/lib/python3.7/site-packages/airflow/example_dags/example_xcom.py
[2023-03-07T00:17:34.316+0000] {processor.py:743} INFO - Processing file /home/airflow/.local/lib/python3.7/site-packages/airflow/example_dags/example_xcom.py for tasks to queue
[2023-03-07T00:17:34.319+0000] {logging_mixin.py:137} INFO - [2023-03-07T00:17:34.319+0000] {dagbag.py:538} INFO - Filling up the DagBag from /home/airflow/.local/lib/python3.7/site-packages/airflow/example_dags/example_xcom.py
[2023-03-07T00:17:34.380+0000] {processor.py:753} INFO - DAG(s) dict_keys(['example_xcom']) retrieved from /home/airflow/.local/lib/python3.7/site-packages/airflow/example_dags/example_xcom.py
[2023-03-07T00:17:34.448+0000] {logging_mixin.py:137} INFO - [2023-03-07T00:17:34.448+0000] {dag.py:2690} INFO - Sync 1 DAGs
[2023-03-07T00:17:34.508+0000] {logging_mixin.py:137} INFO - [2023-03-07T00:17:34.508+0000] {dag.py:3441} INFO - Setting next_dagrun for example_xcom to 2021-01-01T00:00:00+00:00, run_after=2021-01-01T00:00:00+00:00
[2023-03-07T00:17:34.554+0000] {processor.py:175} INFO - Processing /home/airflow/.local/lib/python3.7/site-packages/airflow/example_dags/example_xcom.py took 0.250 seconds
[2023-03-07T00:18:05.612+0000] {processor.py:153} INFO - Started process (PID=3978) to work on /home/airflow/.local/lib/python3.7/site-packages/airflow/example_dags/example_xcom.py
[2023-03-07T00:18:05.615+0000] {processor.py:743} INFO - Processing file /home/airflow/.local/lib/python3.7/site-packages/airflow/example_dags/example_xcom.py for tasks to queue
[2023-03-07T00:18:05.618+0000] {logging_mixin.py:137} INFO - [2023-03-07T00:18:05.618+0000] {dagbag.py:538} INFO - Filling up the DagBag from /home/airflow/.local/lib/python3.7/site-packages/airflow/example_dags/example_xcom.py
[2023-03-07T00:18:05.683+0000] {processor.py:753} INFO - DAG(s) dict_keys(['example_xcom']) retrieved from /home/airflow/.local/lib/python3.7/site-packages/airflow/example_dags/example_xcom.py
[2023-03-07T00:18:05.757+0000] {logging_mixin.py:137} INFO - [2023-03-07T00:18:05.757+0000] {dag.py:2690} INFO - Sync 1 DAGs
[2023-03-07T00:18:05.833+0000] {logging_mixin.py:137} INFO - [2023-03-07T00:18:05.832+0000] {dag.py:3441} INFO - Setting next_dagrun for example_xcom to 2021-01-01T00:00:00+00:00, run_after=2021-01-01T00:00:00+00:00
[2023-03-07T00:18:05.896+0000] {processor.py:175} INFO - Processing /home/airflow/.local/lib/python3.7/site-packages/airflow/example_dags/example_xcom.py took 0.294 seconds
[2023-03-07T00:18:36.812+0000] {processor.py:153} INFO - Started process (PID=4049) to work on /home/airflow/.local/lib/python3.7/site-packages/airflow/example_dags/example_xcom.py
[2023-03-07T00:18:36.816+0000] {processor.py:743} INFO - Processing file /home/airflow/.local/lib/python3.7/site-packages/airflow/example_dags/example_xcom.py for tasks to queue
[2023-03-07T00:18:36.821+0000] {logging_mixin.py:137} INFO - [2023-03-07T00:18:36.821+0000] {dagbag.py:538} INFO - Filling up the DagBag from /home/airflow/.local/lib/python3.7/site-packages/airflow/example_dags/example_xcom.py
[2023-03-07T00:18:36.935+0000] {processor.py:753} INFO - DAG(s) dict_keys(['example_xcom']) retrieved from /home/airflow/.local/lib/python3.7/site-packages/airflow/example_dags/example_xcom.py
[2023-03-07T00:18:37.004+0000] {logging_mixin.py:137} INFO - [2023-03-07T00:18:37.003+0000] {dag.py:2690} INFO - Sync 1 DAGs
[2023-03-07T00:18:37.077+0000] {logging_mixin.py:137} INFO - [2023-03-07T00:18:37.077+0000] {dag.py:3441} INFO - Setting next_dagrun for example_xcom to 2021-01-01T00:00:00+00:00, run_after=2021-01-01T00:00:00+00:00
[2023-03-07T00:18:37.157+0000] {processor.py:175} INFO - Processing /home/airflow/.local/lib/python3.7/site-packages/airflow/example_dags/example_xcom.py took 0.357 seconds
[2023-03-07T00:19:22.640+0000] {processor.py:153} INFO - Started process (PID=4118) to work on /home/airflow/.local/lib/python3.7/site-packages/airflow/example_dags/example_xcom.py
[2023-03-07T00:19:22.654+0000] {processor.py:743} INFO - Processing file /home/airflow/.local/lib/python3.7/site-packages/airflow/example_dags/example_xcom.py for tasks to queue
[2023-03-07T00:19:22.662+0000] {logging_mixin.py:137} INFO - [2023-03-07T00:19:22.661+0000] {dagbag.py:538} INFO - Filling up the DagBag from /home/airflow/.local/lib/python3.7/site-packages/airflow/example_dags/example_xcom.py
[2023-03-07T00:19:22.809+0000] {processor.py:753} INFO - DAG(s) dict_keys(['example_xcom']) retrieved from /home/airflow/.local/lib/python3.7/site-packages/airflow/example_dags/example_xcom.py
[2023-03-07T00:19:22.979+0000] {logging_mixin.py:137} INFO - [2023-03-07T00:19:22.979+0000] {dag.py:2690} INFO - Sync 1 DAGs
[2023-03-07T00:19:23.116+0000] {logging_mixin.py:137} INFO - [2023-03-07T00:19:23.115+0000] {dag.py:3441} INFO - Setting next_dagrun for example_xcom to 2021-01-01T00:00:00+00:00, run_after=2021-01-01T00:00:00+00:00
[2023-03-07T00:19:23.197+0000] {processor.py:175} INFO - Processing /home/airflow/.local/lib/python3.7/site-packages/airflow/example_dags/example_xcom.py took 0.612 seconds
[2023-03-07T00:19:54.334+0000] {processor.py:153} INFO - Started process (PID=4189) to work on /home/airflow/.local/lib/python3.7/site-packages/airflow/example_dags/example_xcom.py
[2023-03-07T00:19:54.345+0000] {processor.py:743} INFO - Processing file /home/airflow/.local/lib/python3.7/site-packages/airflow/example_dags/example_xcom.py for tasks to queue
[2023-03-07T00:19:54.350+0000] {logging_mixin.py:137} INFO - [2023-03-07T00:19:54.350+0000] {dagbag.py:538} INFO - Filling up the DagBag from /home/airflow/.local/lib/python3.7/site-packages/airflow/example_dags/example_xcom.py
[2023-03-07T00:19:54.530+0000] {processor.py:753} INFO - DAG(s) dict_keys(['example_xcom']) retrieved from /home/airflow/.local/lib/python3.7/site-packages/airflow/example_dags/example_xcom.py
[2023-03-07T00:19:54.655+0000] {logging_mixin.py:137} INFO - [2023-03-07T00:19:54.655+0000] {dag.py:2690} INFO - Sync 1 DAGs
[2023-03-07T00:19:54.783+0000] {logging_mixin.py:137} INFO - [2023-03-07T00:19:54.782+0000] {dag.py:3441} INFO - Setting next_dagrun for example_xcom to 2021-01-01T00:00:00+00:00, run_after=2021-01-01T00:00:00+00:00
[2023-03-07T00:19:54.947+0000] {processor.py:175} INFO - Processing /home/airflow/.local/lib/python3.7/site-packages/airflow/example_dags/example_xcom.py took 0.656 seconds
[2023-03-07T00:20:30.401+0000] {processor.py:153} INFO - Started process (PID=4257) to work on /home/airflow/.local/lib/python3.7/site-packages/airflow/example_dags/example_xcom.py
[2023-03-07T00:20:30.438+0000] {processor.py:743} INFO - Processing file /home/airflow/.local/lib/python3.7/site-packages/airflow/example_dags/example_xcom.py for tasks to queue
[2023-03-07T00:20:30.448+0000] {logging_mixin.py:137} INFO - [2023-03-07T00:20:30.447+0000] {dagbag.py:538} INFO - Filling up the DagBag from /home/airflow/.local/lib/python3.7/site-packages/airflow/example_dags/example_xcom.py
[2023-03-07T00:20:31.089+0000] {processor.py:753} INFO - DAG(s) dict_keys(['example_xcom']) retrieved from /home/airflow/.local/lib/python3.7/site-packages/airflow/example_dags/example_xcom.py
[2023-03-07T00:20:34.217+0000] {logging_mixin.py:137} INFO - [2023-03-07T00:20:34.216+0000] {dag.py:2690} INFO - Sync 1 DAGs
[2023-03-07T00:20:38.747+0000] {logging_mixin.py:137} INFO - [2023-03-07T00:20:38.727+0000] {dag.py:3441} INFO - Setting next_dagrun for example_xcom to 2021-01-01T00:00:00+00:00, run_after=2021-01-01T00:00:00+00:00
[2023-03-07T00:20:39.924+0000] {processor.py:175} INFO - Processing /home/airflow/.local/lib/python3.7/site-packages/airflow/example_dags/example_xcom.py took 9.571 seconds
[2023-03-07T00:21:12.968+0000] {processor.py:153} INFO - Started process (PID=4323) to work on /home/airflow/.local/lib/python3.7/site-packages/airflow/example_dags/example_xcom.py
[2023-03-07T00:21:12.974+0000] {processor.py:743} INFO - Processing file /home/airflow/.local/lib/python3.7/site-packages/airflow/example_dags/example_xcom.py for tasks to queue
[2023-03-07T00:21:12.980+0000] {logging_mixin.py:137} INFO - [2023-03-07T00:21:12.979+0000] {dagbag.py:538} INFO - Filling up the DagBag from /home/airflow/.local/lib/python3.7/site-packages/airflow/example_dags/example_xcom.py
[2023-03-07T00:21:13.126+0000] {processor.py:753} INFO - DAG(s) dict_keys(['example_xcom']) retrieved from /home/airflow/.local/lib/python3.7/site-packages/airflow/example_dags/example_xcom.py
[2023-03-07T00:21:13.285+0000] {logging_mixin.py:137} INFO - [2023-03-07T00:21:13.285+0000] {dag.py:2690} INFO - Sync 1 DAGs
[2023-03-07T00:21:14.054+0000] {logging_mixin.py:137} INFO - [2023-03-07T00:21:14.053+0000] {dag.py:3441} INFO - Setting next_dagrun for example_xcom to 2021-01-01T00:00:00+00:00, run_after=2021-01-01T00:00:00+00:00
[2023-03-07T00:21:14.478+0000] {processor.py:175} INFO - Processing /home/airflow/.local/lib/python3.7/site-packages/airflow/example_dags/example_xcom.py took 1.567 seconds
[2023-03-07T00:21:48.766+0000] {processor.py:153} INFO - Started process (PID=4396) to work on /home/airflow/.local/lib/python3.7/site-packages/airflow/example_dags/example_xcom.py
[2023-03-07T00:21:48.789+0000] {processor.py:743} INFO - Processing file /home/airflow/.local/lib/python3.7/site-packages/airflow/example_dags/example_xcom.py for tasks to queue
[2023-03-07T00:21:48.801+0000] {logging_mixin.py:137} INFO - [2023-03-07T00:21:48.801+0000] {dagbag.py:538} INFO - Filling up the DagBag from /home/airflow/.local/lib/python3.7/site-packages/airflow/example_dags/example_xcom.py
[2023-03-07T00:21:48.978+0000] {processor.py:753} INFO - DAG(s) dict_keys(['example_xcom']) retrieved from /home/airflow/.local/lib/python3.7/site-packages/airflow/example_dags/example_xcom.py
[2023-03-07T00:21:49.101+0000] {logging_mixin.py:137} INFO - [2023-03-07T00:21:49.101+0000] {dag.py:2690} INFO - Sync 1 DAGs
[2023-03-07T00:21:49.181+0000] {logging_mixin.py:137} INFO - [2023-03-07T00:21:49.181+0000] {dag.py:3441} INFO - Setting next_dagrun for example_xcom to 2021-01-01T00:00:00+00:00, run_after=2021-01-01T00:00:00+00:00
[2023-03-07T00:21:49.256+0000] {processor.py:175} INFO - Processing /home/airflow/.local/lib/python3.7/site-packages/airflow/example_dags/example_xcom.py took 0.635 seconds
[2023-03-07T00:23:25.821+0000] {processor.py:153} INFO - Started process (PID=4488) to work on /home/airflow/.local/lib/python3.7/site-packages/airflow/example_dags/example_xcom.py
[2023-03-07T00:23:25.829+0000] {processor.py:743} INFO - Processing file /home/airflow/.local/lib/python3.7/site-packages/airflow/example_dags/example_xcom.py for tasks to queue
[2023-03-07T00:23:25.835+0000] {logging_mixin.py:137} INFO - [2023-03-07T00:23:25.835+0000] {dagbag.py:538} INFO - Filling up the DagBag from /home/airflow/.local/lib/python3.7/site-packages/airflow/example_dags/example_xcom.py
[2023-03-07T00:23:25.939+0000] {processor.py:753} INFO - DAG(s) dict_keys(['example_xcom']) retrieved from /home/airflow/.local/lib/python3.7/site-packages/airflow/example_dags/example_xcom.py
[2023-03-07T00:23:26.044+0000] {logging_mixin.py:137} INFO - [2023-03-07T00:23:26.044+0000] {dag.py:2690} INFO - Sync 1 DAGs
[2023-03-07T00:23:26.153+0000] {logging_mixin.py:137} INFO - [2023-03-07T00:23:26.153+0000] {dag.py:3441} INFO - Setting next_dagrun for example_xcom to 2021-01-01T00:00:00+00:00, run_after=2021-01-01T00:00:00+00:00
[2023-03-07T00:23:26.227+0000] {processor.py:175} INFO - Processing /home/airflow/.local/lib/python3.7/site-packages/airflow/example_dags/example_xcom.py took 0.422 seconds
[2023-03-07T00:23:56.826+0000] {processor.py:153} INFO - Started process (PID=4550) to work on /home/airflow/.local/lib/python3.7/site-packages/airflow/example_dags/example_xcom.py
[2023-03-07T00:23:56.829+0000] {processor.py:743} INFO - Processing file /home/airflow/.local/lib/python3.7/site-packages/airflow/example_dags/example_xcom.py for tasks to queue
[2023-03-07T00:23:56.832+0000] {logging_mixin.py:137} INFO - [2023-03-07T00:23:56.832+0000] {dagbag.py:538} INFO - Filling up the DagBag from /home/airflow/.local/lib/python3.7/site-packages/airflow/example_dags/example_xcom.py
[2023-03-07T00:23:56.886+0000] {processor.py:753} INFO - DAG(s) dict_keys(['example_xcom']) retrieved from /home/airflow/.local/lib/python3.7/site-packages/airflow/example_dags/example_xcom.py
[2023-03-07T00:23:56.958+0000] {logging_mixin.py:137} INFO - [2023-03-07T00:23:56.958+0000] {dag.py:2690} INFO - Sync 1 DAGs
[2023-03-07T00:23:57.020+0000] {logging_mixin.py:137} INFO - [2023-03-07T00:23:57.019+0000] {dag.py:3441} INFO - Setting next_dagrun for example_xcom to 2021-01-01T00:00:00+00:00, run_after=2021-01-01T00:00:00+00:00
[2023-03-07T00:23:57.068+0000] {processor.py:175} INFO - Processing /home/airflow/.local/lib/python3.7/site-packages/airflow/example_dags/example_xcom.py took 0.252 seconds
[2023-03-07T00:24:27.204+0000] {processor.py:153} INFO - Started process (PID=4621) to work on /home/airflow/.local/lib/python3.7/site-packages/airflow/example_dags/example_xcom.py
[2023-03-07T00:24:27.206+0000] {processor.py:743} INFO - Processing file /home/airflow/.local/lib/python3.7/site-packages/airflow/example_dags/example_xcom.py for tasks to queue
[2023-03-07T00:24:27.209+0000] {logging_mixin.py:137} INFO - [2023-03-07T00:24:27.208+0000] {dagbag.py:538} INFO - Filling up the DagBag from /home/airflow/.local/lib/python3.7/site-packages/airflow/example_dags/example_xcom.py
[2023-03-07T00:24:27.255+0000] {processor.py:753} INFO - DAG(s) dict_keys(['example_xcom']) retrieved from /home/airflow/.local/lib/python3.7/site-packages/airflow/example_dags/example_xcom.py
[2023-03-07T00:24:27.319+0000] {logging_mixin.py:137} INFO - [2023-03-07T00:24:27.318+0000] {dag.py:2690} INFO - Sync 1 DAGs
[2023-03-07T00:24:27.382+0000] {logging_mixin.py:137} INFO - [2023-03-07T00:24:27.381+0000] {dag.py:3441} INFO - Setting next_dagrun for example_xcom to 2021-01-01T00:00:00+00:00, run_after=2021-01-01T00:00:00+00:00
[2023-03-07T00:24:27.436+0000] {processor.py:175} INFO - Processing /home/airflow/.local/lib/python3.7/site-packages/airflow/example_dags/example_xcom.py took 0.243 seconds
[2023-03-07T00:24:58.426+0000] {processor.py:153} INFO - Started process (PID=4700) to work on /home/airflow/.local/lib/python3.7/site-packages/airflow/example_dags/example_xcom.py
[2023-03-07T00:24:58.430+0000] {processor.py:743} INFO - Processing file /home/airflow/.local/lib/python3.7/site-packages/airflow/example_dags/example_xcom.py for tasks to queue
[2023-03-07T00:24:58.434+0000] {logging_mixin.py:137} INFO - [2023-03-07T00:24:58.433+0000] {dagbag.py:538} INFO - Filling up the DagBag from /home/airflow/.local/lib/python3.7/site-packages/airflow/example_dags/example_xcom.py
[2023-03-07T00:24:58.508+0000] {processor.py:753} INFO - DAG(s) dict_keys(['example_xcom']) retrieved from /home/airflow/.local/lib/python3.7/site-packages/airflow/example_dags/example_xcom.py
[2023-03-07T00:24:58.601+0000] {logging_mixin.py:137} INFO - [2023-03-07T00:24:58.600+0000] {dag.py:2690} INFO - Sync 1 DAGs
[2023-03-07T00:24:58.677+0000] {logging_mixin.py:137} INFO - [2023-03-07T00:24:58.676+0000] {dag.py:3441} INFO - Setting next_dagrun for example_xcom to 2021-01-01T00:00:00+00:00, run_after=2021-01-01T00:00:00+00:00
[2023-03-07T00:24:58.737+0000] {processor.py:175} INFO - Processing /home/airflow/.local/lib/python3.7/site-packages/airflow/example_dags/example_xcom.py took 0.319 seconds
[2023-03-07T00:25:29.243+0000] {processor.py:153} INFO - Started process (PID=4774) to work on /home/airflow/.local/lib/python3.7/site-packages/airflow/example_dags/example_xcom.py
[2023-03-07T00:25:29.246+0000] {processor.py:743} INFO - Processing file /home/airflow/.local/lib/python3.7/site-packages/airflow/example_dags/example_xcom.py for tasks to queue
[2023-03-07T00:25:29.249+0000] {logging_mixin.py:137} INFO - [2023-03-07T00:25:29.249+0000] {dagbag.py:538} INFO - Filling up the DagBag from /home/airflow/.local/lib/python3.7/site-packages/airflow/example_dags/example_xcom.py
[2023-03-07T00:25:29.300+0000] {processor.py:753} INFO - DAG(s) dict_keys(['example_xcom']) retrieved from /home/airflow/.local/lib/python3.7/site-packages/airflow/example_dags/example_xcom.py
[2023-03-07T00:25:29.360+0000] {logging_mixin.py:137} INFO - [2023-03-07T00:25:29.360+0000] {dag.py:2690} INFO - Sync 1 DAGs
[2023-03-07T00:25:29.408+0000] {logging_mixin.py:137} INFO - [2023-03-07T00:25:29.408+0000] {dag.py:3441} INFO - Setting next_dagrun for example_xcom to 2021-01-01T00:00:00+00:00, run_after=2021-01-01T00:00:00+00:00
[2023-03-07T00:25:29.448+0000] {processor.py:175} INFO - Processing /home/airflow/.local/lib/python3.7/site-packages/airflow/example_dags/example_xcom.py took 0.211 seconds
[2023-03-07T00:26:00.659+0000] {processor.py:153} INFO - Started process (PID=4844) to work on /home/airflow/.local/lib/python3.7/site-packages/airflow/example_dags/example_xcom.py
[2023-03-07T00:26:00.680+0000] {processor.py:743} INFO - Processing file /home/airflow/.local/lib/python3.7/site-packages/airflow/example_dags/example_xcom.py for tasks to queue
[2023-03-07T00:26:00.685+0000] {logging_mixin.py:137} INFO - [2023-03-07T00:26:00.685+0000] {dagbag.py:538} INFO - Filling up the DagBag from /home/airflow/.local/lib/python3.7/site-packages/airflow/example_dags/example_xcom.py
[2023-03-07T00:26:00.801+0000] {processor.py:753} INFO - DAG(s) dict_keys(['example_xcom']) retrieved from /home/airflow/.local/lib/python3.7/site-packages/airflow/example_dags/example_xcom.py
[2023-03-07T00:26:00.883+0000] {logging_mixin.py:137} INFO - [2023-03-07T00:26:00.883+0000] {dag.py:2690} INFO - Sync 1 DAGs
[2023-03-07T00:26:00.955+0000] {logging_mixin.py:137} INFO - [2023-03-07T00:26:00.955+0000] {dag.py:3441} INFO - Setting next_dagrun for example_xcom to 2021-01-01T00:00:00+00:00, run_after=2021-01-01T00:00:00+00:00
[2023-03-07T00:26:01.001+0000] {processor.py:175} INFO - Processing /home/airflow/.local/lib/python3.7/site-packages/airflow/example_dags/example_xcom.py took 0.375 seconds
[2023-03-07T00:26:31.661+0000] {processor.py:153} INFO - Started process (PID=4915) to work on /home/airflow/.local/lib/python3.7/site-packages/airflow/example_dags/example_xcom.py
[2023-03-07T00:26:31.673+0000] {processor.py:743} INFO - Processing file /home/airflow/.local/lib/python3.7/site-packages/airflow/example_dags/example_xcom.py for tasks to queue
[2023-03-07T00:26:31.679+0000] {logging_mixin.py:137} INFO - [2023-03-07T00:26:31.679+0000] {dagbag.py:538} INFO - Filling up the DagBag from /home/airflow/.local/lib/python3.7/site-packages/airflow/example_dags/example_xcom.py
[2023-03-07T00:26:31.750+0000] {processor.py:753} INFO - DAG(s) dict_keys(['example_xcom']) retrieved from /home/airflow/.local/lib/python3.7/site-packages/airflow/example_dags/example_xcom.py
[2023-03-07T00:26:31.862+0000] {logging_mixin.py:137} INFO - [2023-03-07T00:26:31.862+0000] {dag.py:2690} INFO - Sync 1 DAGs
[2023-03-07T00:26:31.924+0000] {logging_mixin.py:137} INFO - [2023-03-07T00:26:31.924+0000] {dag.py:3441} INFO - Setting next_dagrun for example_xcom to 2021-01-01T00:00:00+00:00, run_after=2021-01-01T00:00:00+00:00
[2023-03-07T00:26:31.978+0000] {processor.py:175} INFO - Processing /home/airflow/.local/lib/python3.7/site-packages/airflow/example_dags/example_xcom.py took 0.329 seconds
[2023-03-07T00:27:02.437+0000] {processor.py:153} INFO - Started process (PID=4985) to work on /home/airflow/.local/lib/python3.7/site-packages/airflow/example_dags/example_xcom.py
[2023-03-07T00:27:02.442+0000] {processor.py:743} INFO - Processing file /home/airflow/.local/lib/python3.7/site-packages/airflow/example_dags/example_xcom.py for tasks to queue
[2023-03-07T00:27:02.446+0000] {logging_mixin.py:137} INFO - [2023-03-07T00:27:02.446+0000] {dagbag.py:538} INFO - Filling up the DagBag from /home/airflow/.local/lib/python3.7/site-packages/airflow/example_dags/example_xcom.py
[2023-03-07T00:27:02.501+0000] {processor.py:753} INFO - DAG(s) dict_keys(['example_xcom']) retrieved from /home/airflow/.local/lib/python3.7/site-packages/airflow/example_dags/example_xcom.py
[2023-03-07T00:27:02.599+0000] {logging_mixin.py:137} INFO - [2023-03-07T00:27:02.598+0000] {dag.py:2690} INFO - Sync 1 DAGs
[2023-03-07T00:27:02.672+0000] {logging_mixin.py:137} INFO - [2023-03-07T00:27:02.672+0000] {dag.py:3441} INFO - Setting next_dagrun for example_xcom to 2021-01-01T00:00:00+00:00, run_after=2021-01-01T00:00:00+00:00
[2023-03-07T00:27:02.726+0000] {processor.py:175} INFO - Processing /home/airflow/.local/lib/python3.7/site-packages/airflow/example_dags/example_xcom.py took 0.299 seconds
[2023-03-07T00:27:32.890+0000] {processor.py:153} INFO - Started process (PID=5057) to work on /home/airflow/.local/lib/python3.7/site-packages/airflow/example_dags/example_xcom.py
[2023-03-07T00:27:32.894+0000] {processor.py:743} INFO - Processing file /home/airflow/.local/lib/python3.7/site-packages/airflow/example_dags/example_xcom.py for tasks to queue
[2023-03-07T00:27:32.898+0000] {logging_mixin.py:137} INFO - [2023-03-07T00:27:32.897+0000] {dagbag.py:538} INFO - Filling up the DagBag from /home/airflow/.local/lib/python3.7/site-packages/airflow/example_dags/example_xcom.py
[2023-03-07T00:27:32.945+0000] {processor.py:753} INFO - DAG(s) dict_keys(['example_xcom']) retrieved from /home/airflow/.local/lib/python3.7/site-packages/airflow/example_dags/example_xcom.py
[2023-03-07T00:27:33.000+0000] {logging_mixin.py:137} INFO - [2023-03-07T00:27:33.000+0000] {dag.py:2690} INFO - Sync 1 DAGs
[2023-03-07T00:27:33.046+0000] {logging_mixin.py:137} INFO - [2023-03-07T00:27:33.046+0000] {dag.py:3441} INFO - Setting next_dagrun for example_xcom to 2021-01-01T00:00:00+00:00, run_after=2021-01-01T00:00:00+00:00
[2023-03-07T00:27:33.090+0000] {processor.py:175} INFO - Processing /home/airflow/.local/lib/python3.7/site-packages/airflow/example_dags/example_xcom.py took 0.207 seconds
[2023-03-07T00:28:03.439+0000] {processor.py:153} INFO - Started process (PID=5128) to work on /home/airflow/.local/lib/python3.7/site-packages/airflow/example_dags/example_xcom.py
[2023-03-07T00:28:03.444+0000] {processor.py:743} INFO - Processing file /home/airflow/.local/lib/python3.7/site-packages/airflow/example_dags/example_xcom.py for tasks to queue
[2023-03-07T00:28:03.447+0000] {logging_mixin.py:137} INFO - [2023-03-07T00:28:03.447+0000] {dagbag.py:538} INFO - Filling up the DagBag from /home/airflow/.local/lib/python3.7/site-packages/airflow/example_dags/example_xcom.py
[2023-03-07T00:28:03.507+0000] {processor.py:753} INFO - DAG(s) dict_keys(['example_xcom']) retrieved from /home/airflow/.local/lib/python3.7/site-packages/airflow/example_dags/example_xcom.py
[2023-03-07T00:28:03.557+0000] {logging_mixin.py:137} INFO - [2023-03-07T00:28:03.557+0000] {dag.py:2690} INFO - Sync 1 DAGs
[2023-03-07T00:28:03.609+0000] {logging_mixin.py:137} INFO - [2023-03-07T00:28:03.609+0000] {dag.py:3441} INFO - Setting next_dagrun for example_xcom to 2021-01-01T00:00:00+00:00, run_after=2021-01-01T00:00:00+00:00
[2023-03-07T00:28:03.647+0000] {processor.py:175} INFO - Processing /home/airflow/.local/lib/python3.7/site-packages/airflow/example_dags/example_xcom.py took 0.217 seconds
[2023-03-07T00:28:36.482+0000] {processor.py:153} INFO - Started process (PID=5200) to work on /home/airflow/.local/lib/python3.7/site-packages/airflow/example_dags/example_xcom.py
[2023-03-07T00:28:36.502+0000] {processor.py:743} INFO - Processing file /home/airflow/.local/lib/python3.7/site-packages/airflow/example_dags/example_xcom.py for tasks to queue
[2023-03-07T00:28:36.516+0000] {logging_mixin.py:137} INFO - [2023-03-07T00:28:36.515+0000] {dagbag.py:538} INFO - Filling up the DagBag from /home/airflow/.local/lib/python3.7/site-packages/airflow/example_dags/example_xcom.py
[2023-03-07T00:28:36.653+0000] {processor.py:753} INFO - DAG(s) dict_keys(['example_xcom']) retrieved from /home/airflow/.local/lib/python3.7/site-packages/airflow/example_dags/example_xcom.py
[2023-03-07T00:28:36.783+0000] {logging_mixin.py:137} INFO - [2023-03-07T00:28:36.783+0000] {dag.py:2690} INFO - Sync 1 DAGs
[2023-03-07T00:28:36.894+0000] {logging_mixin.py:137} INFO - [2023-03-07T00:28:36.894+0000] {dag.py:3441} INFO - Setting next_dagrun for example_xcom to 2021-01-01T00:00:00+00:00, run_after=2021-01-01T00:00:00+00:00
[2023-03-07T00:28:37.023+0000] {processor.py:175} INFO - Processing /home/airflow/.local/lib/python3.7/site-packages/airflow/example_dags/example_xcom.py took 0.564 seconds
[2023-03-07T00:29:11.432+0000] {processor.py:153} INFO - Started process (PID=5270) to work on /home/airflow/.local/lib/python3.7/site-packages/airflow/example_dags/example_xcom.py
[2023-03-07T00:29:11.443+0000] {processor.py:743} INFO - Processing file /home/airflow/.local/lib/python3.7/site-packages/airflow/example_dags/example_xcom.py for tasks to queue
[2023-03-07T00:29:11.449+0000] {logging_mixin.py:137} INFO - [2023-03-07T00:29:11.449+0000] {dagbag.py:538} INFO - Filling up the DagBag from /home/airflow/.local/lib/python3.7/site-packages/airflow/example_dags/example_xcom.py
[2023-03-07T00:29:11.629+0000] {processor.py:753} INFO - DAG(s) dict_keys(['example_xcom']) retrieved from /home/airflow/.local/lib/python3.7/site-packages/airflow/example_dags/example_xcom.py
[2023-03-07T00:29:11.769+0000] {logging_mixin.py:137} INFO - [2023-03-07T00:29:11.769+0000] {dag.py:2690} INFO - Sync 1 DAGs
[2023-03-07T00:29:11.895+0000] {logging_mixin.py:137} INFO - [2023-03-07T00:29:11.895+0000] {dag.py:3441} INFO - Setting next_dagrun for example_xcom to 2021-01-01T00:00:00+00:00, run_after=2021-01-01T00:00:00+00:00
[2023-03-07T00:29:11.977+0000] {processor.py:175} INFO - Processing /home/airflow/.local/lib/python3.7/site-packages/airflow/example_dags/example_xcom.py took 0.581 seconds
[2023-03-07T00:29:42.527+0000] {processor.py:153} INFO - Started process (PID=5341) to work on /home/airflow/.local/lib/python3.7/site-packages/airflow/example_dags/example_xcom.py
[2023-03-07T00:29:42.541+0000] {processor.py:743} INFO - Processing file /home/airflow/.local/lib/python3.7/site-packages/airflow/example_dags/example_xcom.py for tasks to queue
[2023-03-07T00:29:42.544+0000] {logging_mixin.py:137} INFO - [2023-03-07T00:29:42.544+0000] {dagbag.py:538} INFO - Filling up the DagBag from /home/airflow/.local/lib/python3.7/site-packages/airflow/example_dags/example_xcom.py
[2023-03-07T00:29:42.603+0000] {processor.py:753} INFO - DAG(s) dict_keys(['example_xcom']) retrieved from /home/airflow/.local/lib/python3.7/site-packages/airflow/example_dags/example_xcom.py
[2023-03-07T00:29:42.660+0000] {logging_mixin.py:137} INFO - [2023-03-07T00:29:42.660+0000] {dag.py:2690} INFO - Sync 1 DAGs
[2023-03-07T00:29:42.726+0000] {logging_mixin.py:137} INFO - [2023-03-07T00:29:42.725+0000] {dag.py:3441} INFO - Setting next_dagrun for example_xcom to 2021-01-01T00:00:00+00:00, run_after=2021-01-01T00:00:00+00:00
[2023-03-07T00:29:42.778+0000] {processor.py:175} INFO - Processing /home/airflow/.local/lib/python3.7/site-packages/airflow/example_dags/example_xcom.py took 0.261 seconds
[2023-03-07T00:30:12.957+0000] {processor.py:153} INFO - Started process (PID=5413) to work on /home/airflow/.local/lib/python3.7/site-packages/airflow/example_dags/example_xcom.py
[2023-03-07T00:30:12.961+0000] {processor.py:743} INFO - Processing file /home/airflow/.local/lib/python3.7/site-packages/airflow/example_dags/example_xcom.py for tasks to queue
[2023-03-07T00:30:12.964+0000] {logging_mixin.py:137} INFO - [2023-03-07T00:30:12.964+0000] {dagbag.py:538} INFO - Filling up the DagBag from /home/airflow/.local/lib/python3.7/site-packages/airflow/example_dags/example_xcom.py
[2023-03-07T00:30:13.031+0000] {processor.py:753} INFO - DAG(s) dict_keys(['example_xcom']) retrieved from /home/airflow/.local/lib/python3.7/site-packages/airflow/example_dags/example_xcom.py
[2023-03-07T00:30:13.096+0000] {logging_mixin.py:137} INFO - [2023-03-07T00:30:13.096+0000] {dag.py:2690} INFO - Sync 1 DAGs
[2023-03-07T00:30:13.157+0000] {logging_mixin.py:137} INFO - [2023-03-07T00:30:13.156+0000] {dag.py:3441} INFO - Setting next_dagrun for example_xcom to 2021-01-01T00:00:00+00:00, run_after=2021-01-01T00:00:00+00:00
[2023-03-07T00:30:13.200+0000] {processor.py:175} INFO - Processing /home/airflow/.local/lib/python3.7/site-packages/airflow/example_dags/example_xcom.py took 0.255 seconds
