[2023-03-07T00:00:18.826+0000] {processor.py:153} INFO - Started process (PID=1764) to work on /home/airflow/.local/lib/python3.7/site-packages/airflow/example_dags/example_sensors.py
[2023-03-07T00:00:18.834+0000] {processor.py:743} INFO - Processing file /home/airflow/.local/lib/python3.7/site-packages/airflow/example_dags/example_sensors.py for tasks to queue
[2023-03-07T00:00:18.843+0000] {logging_mixin.py:137} INFO - [2023-03-07T00:00:18.843+0000] {dagbag.py:538} INFO - Filling up the DagBag from /home/airflow/.local/lib/python3.7/site-packages/airflow/example_dags/example_sensors.py
[2023-03-07T00:00:18.912+0000] {processor.py:753} INFO - DAG(s) dict_keys(['example_sensors']) retrieved from /home/airflow/.local/lib/python3.7/site-packages/airflow/example_dags/example_sensors.py
[2023-03-07T00:00:18.989+0000] {logging_mixin.py:137} INFO - [2023-03-07T00:00:18.988+0000] {dag.py:2690} INFO - Sync 1 DAGs
[2023-03-07T00:00:19.099+0000] {logging_mixin.py:137} INFO - [2023-03-07T00:00:19.099+0000] {dag.py:3441} INFO - Setting next_dagrun for example_sensors to None, run_after=None
[2023-03-07T00:00:19.152+0000] {processor.py:175} INFO - Processing /home/airflow/.local/lib/python3.7/site-packages/airflow/example_dags/example_sensors.py took 0.337 seconds
[2023-03-07T00:00:49.606+0000] {processor.py:153} INFO - Started process (PID=1834) to work on /home/airflow/.local/lib/python3.7/site-packages/airflow/example_dags/example_sensors.py
[2023-03-07T00:00:49.612+0000] {processor.py:743} INFO - Processing file /home/airflow/.local/lib/python3.7/site-packages/airflow/example_dags/example_sensors.py for tasks to queue
[2023-03-07T00:00:49.616+0000] {logging_mixin.py:137} INFO - [2023-03-07T00:00:49.616+0000] {dagbag.py:538} INFO - Filling up the DagBag from /home/airflow/.local/lib/python3.7/site-packages/airflow/example_dags/example_sensors.py
[2023-03-07T00:00:49.654+0000] {processor.py:753} INFO - DAG(s) dict_keys(['example_sensors']) retrieved from /home/airflow/.local/lib/python3.7/site-packages/airflow/example_dags/example_sensors.py
[2023-03-07T00:00:49.710+0000] {logging_mixin.py:137} INFO - [2023-03-07T00:00:49.709+0000] {dag.py:2690} INFO - Sync 1 DAGs
[2023-03-07T00:00:49.756+0000] {logging_mixin.py:137} INFO - [2023-03-07T00:00:49.756+0000] {dag.py:3441} INFO - Setting next_dagrun for example_sensors to None, run_after=None
[2023-03-07T00:00:49.793+0000] {processor.py:175} INFO - Processing /home/airflow/.local/lib/python3.7/site-packages/airflow/example_dags/example_sensors.py took 0.196 seconds
[2023-03-07T00:01:20.082+0000] {processor.py:153} INFO - Started process (PID=1904) to work on /home/airflow/.local/lib/python3.7/site-packages/airflow/example_dags/example_sensors.py
[2023-03-07T00:01:20.086+0000] {processor.py:743} INFO - Processing file /home/airflow/.local/lib/python3.7/site-packages/airflow/example_dags/example_sensors.py for tasks to queue
[2023-03-07T00:01:20.090+0000] {logging_mixin.py:137} INFO - [2023-03-07T00:01:20.089+0000] {dagbag.py:538} INFO - Filling up the DagBag from /home/airflow/.local/lib/python3.7/site-packages/airflow/example_dags/example_sensors.py
[2023-03-07T00:01:20.135+0000] {processor.py:753} INFO - DAG(s) dict_keys(['example_sensors']) retrieved from /home/airflow/.local/lib/python3.7/site-packages/airflow/example_dags/example_sensors.py
[2023-03-07T00:01:20.203+0000] {logging_mixin.py:137} INFO - [2023-03-07T00:01:20.203+0000] {dag.py:2690} INFO - Sync 1 DAGs
[2023-03-07T00:01:20.262+0000] {logging_mixin.py:137} INFO - [2023-03-07T00:01:20.261+0000] {dag.py:3441} INFO - Setting next_dagrun for example_sensors to None, run_after=None
[2023-03-07T00:01:20.312+0000] {processor.py:175} INFO - Processing /home/airflow/.local/lib/python3.7/site-packages/airflow/example_dags/example_sensors.py took 0.239 seconds
[2023-03-07T00:01:51.105+0000] {processor.py:153} INFO - Started process (PID=1982) to work on /home/airflow/.local/lib/python3.7/site-packages/airflow/example_dags/example_sensors.py
[2023-03-07T00:01:51.109+0000] {processor.py:743} INFO - Processing file /home/airflow/.local/lib/python3.7/site-packages/airflow/example_dags/example_sensors.py for tasks to queue
[2023-03-07T00:01:51.114+0000] {logging_mixin.py:137} INFO - [2023-03-07T00:01:51.114+0000] {dagbag.py:538} INFO - Filling up the DagBag from /home/airflow/.local/lib/python3.7/site-packages/airflow/example_dags/example_sensors.py
[2023-03-07T00:01:51.159+0000] {processor.py:753} INFO - DAG(s) dict_keys(['example_sensors']) retrieved from /home/airflow/.local/lib/python3.7/site-packages/airflow/example_dags/example_sensors.py
[2023-03-07T00:01:51.226+0000] {logging_mixin.py:137} INFO - [2023-03-07T00:01:51.226+0000] {dag.py:2690} INFO - Sync 1 DAGs
[2023-03-07T00:01:51.278+0000] {logging_mixin.py:137} INFO - [2023-03-07T00:01:51.277+0000] {dag.py:3441} INFO - Setting next_dagrun for example_sensors to None, run_after=None
[2023-03-07T00:01:51.329+0000] {processor.py:175} INFO - Processing /home/airflow/.local/lib/python3.7/site-packages/airflow/example_dags/example_sensors.py took 0.233 seconds
[2023-03-07T00:02:21.741+0000] {processor.py:153} INFO - Started process (PID=2053) to work on /home/airflow/.local/lib/python3.7/site-packages/airflow/example_dags/example_sensors.py
[2023-03-07T00:02:21.746+0000] {processor.py:743} INFO - Processing file /home/airflow/.local/lib/python3.7/site-packages/airflow/example_dags/example_sensors.py for tasks to queue
[2023-03-07T00:02:21.749+0000] {logging_mixin.py:137} INFO - [2023-03-07T00:02:21.749+0000] {dagbag.py:538} INFO - Filling up the DagBag from /home/airflow/.local/lib/python3.7/site-packages/airflow/example_dags/example_sensors.py
[2023-03-07T00:02:21.801+0000] {processor.py:753} INFO - DAG(s) dict_keys(['example_sensors']) retrieved from /home/airflow/.local/lib/python3.7/site-packages/airflow/example_dags/example_sensors.py
[2023-03-07T00:02:21.868+0000] {logging_mixin.py:137} INFO - [2023-03-07T00:02:21.867+0000] {dag.py:2690} INFO - Sync 1 DAGs
[2023-03-07T00:02:21.927+0000] {logging_mixin.py:137} INFO - [2023-03-07T00:02:21.927+0000] {dag.py:3441} INFO - Setting next_dagrun for example_sensors to None, run_after=None
[2023-03-07T00:02:21.968+0000] {processor.py:175} INFO - Processing /home/airflow/.local/lib/python3.7/site-packages/airflow/example_dags/example_sensors.py took 0.234 seconds
[2023-03-07T00:02:52.867+0000] {processor.py:153} INFO - Started process (PID=2122) to work on /home/airflow/.local/lib/python3.7/site-packages/airflow/example_dags/example_sensors.py
[2023-03-07T00:02:52.875+0000] {processor.py:743} INFO - Processing file /home/airflow/.local/lib/python3.7/site-packages/airflow/example_dags/example_sensors.py for tasks to queue
[2023-03-07T00:02:52.881+0000] {logging_mixin.py:137} INFO - [2023-03-07T00:02:52.881+0000] {dagbag.py:538} INFO - Filling up the DagBag from /home/airflow/.local/lib/python3.7/site-packages/airflow/example_dags/example_sensors.py
[2023-03-07T00:02:52.993+0000] {processor.py:753} INFO - DAG(s) dict_keys(['example_sensors']) retrieved from /home/airflow/.local/lib/python3.7/site-packages/airflow/example_dags/example_sensors.py
[2023-03-07T00:02:53.109+0000] {logging_mixin.py:137} INFO - [2023-03-07T00:02:53.109+0000] {dag.py:2690} INFO - Sync 1 DAGs
[2023-03-07T00:02:53.217+0000] {logging_mixin.py:137} INFO - [2023-03-07T00:02:53.217+0000] {dag.py:3441} INFO - Setting next_dagrun for example_sensors to None, run_after=None
[2023-03-07T00:02:53.295+0000] {processor.py:175} INFO - Processing /home/airflow/.local/lib/python3.7/site-packages/airflow/example_dags/example_sensors.py took 0.438 seconds
[2023-03-07T00:03:24.065+0000] {processor.py:153} INFO - Started process (PID=2193) to work on /home/airflow/.local/lib/python3.7/site-packages/airflow/example_dags/example_sensors.py
[2023-03-07T00:03:24.069+0000] {processor.py:743} INFO - Processing file /home/airflow/.local/lib/python3.7/site-packages/airflow/example_dags/example_sensors.py for tasks to queue
[2023-03-07T00:03:24.076+0000] {logging_mixin.py:137} INFO - [2023-03-07T00:03:24.076+0000] {dagbag.py:538} INFO - Filling up the DagBag from /home/airflow/.local/lib/python3.7/site-packages/airflow/example_dags/example_sensors.py
[2023-03-07T00:03:24.125+0000] {processor.py:753} INFO - DAG(s) dict_keys(['example_sensors']) retrieved from /home/airflow/.local/lib/python3.7/site-packages/airflow/example_dags/example_sensors.py
[2023-03-07T00:03:24.180+0000] {logging_mixin.py:137} INFO - [2023-03-07T00:03:24.180+0000] {dag.py:2690} INFO - Sync 1 DAGs
[2023-03-07T00:03:24.230+0000] {logging_mixin.py:137} INFO - [2023-03-07T00:03:24.230+0000] {dag.py:3441} INFO - Setting next_dagrun for example_sensors to None, run_after=None
[2023-03-07T00:03:24.266+0000] {processor.py:175} INFO - Processing /home/airflow/.local/lib/python3.7/site-packages/airflow/example_dags/example_sensors.py took 0.209 seconds
[2023-03-07T00:03:55.037+0000] {processor.py:153} INFO - Started process (PID=2266) to work on /home/airflow/.local/lib/python3.7/site-packages/airflow/example_dags/example_sensors.py
[2023-03-07T00:03:55.041+0000] {processor.py:743} INFO - Processing file /home/airflow/.local/lib/python3.7/site-packages/airflow/example_dags/example_sensors.py for tasks to queue
[2023-03-07T00:03:55.044+0000] {logging_mixin.py:137} INFO - [2023-03-07T00:03:55.044+0000] {dagbag.py:538} INFO - Filling up the DagBag from /home/airflow/.local/lib/python3.7/site-packages/airflow/example_dags/example_sensors.py
[2023-03-07T00:03:55.086+0000] {processor.py:753} INFO - DAG(s) dict_keys(['example_sensors']) retrieved from /home/airflow/.local/lib/python3.7/site-packages/airflow/example_dags/example_sensors.py
[2023-03-07T00:03:55.145+0000] {logging_mixin.py:137} INFO - [2023-03-07T00:03:55.145+0000] {dag.py:2690} INFO - Sync 1 DAGs
[2023-03-07T00:03:55.197+0000] {logging_mixin.py:137} INFO - [2023-03-07T00:03:55.197+0000] {dag.py:3441} INFO - Setting next_dagrun for example_sensors to None, run_after=None
[2023-03-07T00:03:55.241+0000] {processor.py:175} INFO - Processing /home/airflow/.local/lib/python3.7/site-packages/airflow/example_dags/example_sensors.py took 0.213 seconds
[2023-03-07T00:04:26.139+0000] {processor.py:153} INFO - Started process (PID=2338) to work on /home/airflow/.local/lib/python3.7/site-packages/airflow/example_dags/example_sensors.py
[2023-03-07T00:04:26.144+0000] {processor.py:743} INFO - Processing file /home/airflow/.local/lib/python3.7/site-packages/airflow/example_dags/example_sensors.py for tasks to queue
[2023-03-07T00:04:26.151+0000] {logging_mixin.py:137} INFO - [2023-03-07T00:04:26.150+0000] {dagbag.py:538} INFO - Filling up the DagBag from /home/airflow/.local/lib/python3.7/site-packages/airflow/example_dags/example_sensors.py
[2023-03-07T00:04:26.211+0000] {processor.py:753} INFO - DAG(s) dict_keys(['example_sensors']) retrieved from /home/airflow/.local/lib/python3.7/site-packages/airflow/example_dags/example_sensors.py
[2023-03-07T00:04:26.291+0000] {logging_mixin.py:137} INFO - [2023-03-07T00:04:26.291+0000] {dag.py:2690} INFO - Sync 1 DAGs
[2023-03-07T00:04:26.363+0000] {logging_mixin.py:137} INFO - [2023-03-07T00:04:26.363+0000] {dag.py:3441} INFO - Setting next_dagrun for example_sensors to None, run_after=None
[2023-03-07T00:04:26.444+0000] {processor.py:175} INFO - Processing /home/airflow/.local/lib/python3.7/site-packages/airflow/example_dags/example_sensors.py took 0.317 seconds
[2023-03-07T00:04:57.544+0000] {processor.py:153} INFO - Started process (PID=2409) to work on /home/airflow/.local/lib/python3.7/site-packages/airflow/example_dags/example_sensors.py
[2023-03-07T00:04:57.549+0000] {processor.py:743} INFO - Processing file /home/airflow/.local/lib/python3.7/site-packages/airflow/example_dags/example_sensors.py for tasks to queue
[2023-03-07T00:04:57.559+0000] {logging_mixin.py:137} INFO - [2023-03-07T00:04:57.558+0000] {dagbag.py:538} INFO - Filling up the DagBag from /home/airflow/.local/lib/python3.7/site-packages/airflow/example_dags/example_sensors.py
[2023-03-07T00:04:57.637+0000] {processor.py:753} INFO - DAG(s) dict_keys(['example_sensors']) retrieved from /home/airflow/.local/lib/python3.7/site-packages/airflow/example_dags/example_sensors.py
[2023-03-07T00:04:57.746+0000] {logging_mixin.py:137} INFO - [2023-03-07T00:04:57.746+0000] {dag.py:2690} INFO - Sync 1 DAGs
[2023-03-07T00:04:57.843+0000] {logging_mixin.py:137} INFO - [2023-03-07T00:04:57.842+0000] {dag.py:3441} INFO - Setting next_dagrun for example_sensors to None, run_after=None
[2023-03-07T00:04:57.907+0000] {processor.py:175} INFO - Processing /home/airflow/.local/lib/python3.7/site-packages/airflow/example_dags/example_sensors.py took 0.379 seconds
[2023-03-07T00:05:30.592+0000] {processor.py:153} INFO - Started process (PID=2478) to work on /home/airflow/.local/lib/python3.7/site-packages/airflow/example_dags/example_sensors.py
[2023-03-07T00:05:30.612+0000] {processor.py:743} INFO - Processing file /home/airflow/.local/lib/python3.7/site-packages/airflow/example_dags/example_sensors.py for tasks to queue
[2023-03-07T00:05:30.629+0000] {logging_mixin.py:137} INFO - [2023-03-07T00:05:30.628+0000] {dagbag.py:538} INFO - Filling up the DagBag from /home/airflow/.local/lib/python3.7/site-packages/airflow/example_dags/example_sensors.py
[2023-03-07T00:05:30.810+0000] {processor.py:753} INFO - DAG(s) dict_keys(['example_sensors']) retrieved from /home/airflow/.local/lib/python3.7/site-packages/airflow/example_dags/example_sensors.py
[2023-03-07T00:05:31.013+0000] {logging_mixin.py:137} INFO - [2023-03-07T00:05:31.012+0000] {dag.py:2690} INFO - Sync 1 DAGs
[2023-03-07T00:05:31.319+0000] {logging_mixin.py:137} INFO - [2023-03-07T00:05:31.318+0000] {dag.py:3441} INFO - Setting next_dagrun for example_sensors to None, run_after=None
[2023-03-07T00:05:31.481+0000] {processor.py:175} INFO - Processing /home/airflow/.local/lib/python3.7/site-packages/airflow/example_dags/example_sensors.py took 0.920 seconds
[2023-03-07T00:06:10.211+0000] {processor.py:153} INFO - Started process (PID=2549) to work on /home/airflow/.local/lib/python3.7/site-packages/airflow/example_dags/example_sensors.py
[2023-03-07T00:06:10.235+0000] {processor.py:743} INFO - Processing file /home/airflow/.local/lib/python3.7/site-packages/airflow/example_dags/example_sensors.py for tasks to queue
[2023-03-07T00:06:10.244+0000] {logging_mixin.py:137} INFO - [2023-03-07T00:06:10.242+0000] {dagbag.py:538} INFO - Filling up the DagBag from /home/airflow/.local/lib/python3.7/site-packages/airflow/example_dags/example_sensors.py
[2023-03-07T00:06:10.424+0000] {processor.py:753} INFO - DAG(s) dict_keys(['example_sensors']) retrieved from /home/airflow/.local/lib/python3.7/site-packages/airflow/example_dags/example_sensors.py
[2023-03-07T00:06:10.635+0000] {logging_mixin.py:137} INFO - [2023-03-07T00:06:10.635+0000] {dag.py:2690} INFO - Sync 1 DAGs
[2023-03-07T00:06:10.833+0000] {logging_mixin.py:137} INFO - [2023-03-07T00:06:10.833+0000] {dag.py:3441} INFO - Setting next_dagrun for example_sensors to None, run_after=None
[2023-03-07T00:06:10.913+0000] {processor.py:175} INFO - Processing /home/airflow/.local/lib/python3.7/site-packages/airflow/example_dags/example_sensors.py took 0.730 seconds
[2023-03-07T00:06:41.604+0000] {processor.py:153} INFO - Started process (PID=2609) to work on /home/airflow/.local/lib/python3.7/site-packages/airflow/example_dags/example_sensors.py
[2023-03-07T00:06:41.611+0000] {processor.py:743} INFO - Processing file /home/airflow/.local/lib/python3.7/site-packages/airflow/example_dags/example_sensors.py for tasks to queue
[2023-03-07T00:06:41.615+0000] {logging_mixin.py:137} INFO - [2023-03-07T00:06:41.614+0000] {dagbag.py:538} INFO - Filling up the DagBag from /home/airflow/.local/lib/python3.7/site-packages/airflow/example_dags/example_sensors.py
[2023-03-07T00:06:41.663+0000] {processor.py:753} INFO - DAG(s) dict_keys(['example_sensors']) retrieved from /home/airflow/.local/lib/python3.7/site-packages/airflow/example_dags/example_sensors.py
[2023-03-07T00:06:41.739+0000] {logging_mixin.py:137} INFO - [2023-03-07T00:06:41.739+0000] {dag.py:2690} INFO - Sync 1 DAGs
[2023-03-07T00:06:41.796+0000] {logging_mixin.py:137} INFO - [2023-03-07T00:06:41.796+0000] {dag.py:3441} INFO - Setting next_dagrun for example_sensors to None, run_after=None
[2023-03-07T00:06:41.841+0000] {processor.py:175} INFO - Processing /home/airflow/.local/lib/python3.7/site-packages/airflow/example_dags/example_sensors.py took 0.245 seconds
[2023-03-07T00:07:12.251+0000] {processor.py:153} INFO - Started process (PID=2681) to work on /home/airflow/.local/lib/python3.7/site-packages/airflow/example_dags/example_sensors.py
[2023-03-07T00:07:12.255+0000] {processor.py:743} INFO - Processing file /home/airflow/.local/lib/python3.7/site-packages/airflow/example_dags/example_sensors.py for tasks to queue
[2023-03-07T00:07:12.261+0000] {logging_mixin.py:137} INFO - [2023-03-07T00:07:12.260+0000] {dagbag.py:538} INFO - Filling up the DagBag from /home/airflow/.local/lib/python3.7/site-packages/airflow/example_dags/example_sensors.py
[2023-03-07T00:07:12.323+0000] {processor.py:753} INFO - DAG(s) dict_keys(['example_sensors']) retrieved from /home/airflow/.local/lib/python3.7/site-packages/airflow/example_dags/example_sensors.py
[2023-03-07T00:07:12.407+0000] {logging_mixin.py:137} INFO - [2023-03-07T00:07:12.406+0000] {dag.py:2690} INFO - Sync 1 DAGs
[2023-03-07T00:07:12.472+0000] {logging_mixin.py:137} INFO - [2023-03-07T00:07:12.472+0000] {dag.py:3441} INFO - Setting next_dagrun for example_sensors to None, run_after=None
[2023-03-07T00:07:12.528+0000] {processor.py:175} INFO - Processing /home/airflow/.local/lib/python3.7/site-packages/airflow/example_dags/example_sensors.py took 0.288 seconds
[2023-03-07T00:07:43.336+0000] {processor.py:153} INFO - Started process (PID=2761) to work on /home/airflow/.local/lib/python3.7/site-packages/airflow/example_dags/example_sensors.py
[2023-03-07T00:07:43.339+0000] {processor.py:743} INFO - Processing file /home/airflow/.local/lib/python3.7/site-packages/airflow/example_dags/example_sensors.py for tasks to queue
[2023-03-07T00:07:43.341+0000] {logging_mixin.py:137} INFO - [2023-03-07T00:07:43.341+0000] {dagbag.py:538} INFO - Filling up the DagBag from /home/airflow/.local/lib/python3.7/site-packages/airflow/example_dags/example_sensors.py
[2023-03-07T00:07:43.391+0000] {processor.py:753} INFO - DAG(s) dict_keys(['example_sensors']) retrieved from /home/airflow/.local/lib/python3.7/site-packages/airflow/example_dags/example_sensors.py
[2023-03-07T00:07:43.457+0000] {logging_mixin.py:137} INFO - [2023-03-07T00:07:43.457+0000] {dag.py:2690} INFO - Sync 1 DAGs
[2023-03-07T00:07:43.515+0000] {logging_mixin.py:137} INFO - [2023-03-07T00:07:43.515+0000] {dag.py:3441} INFO - Setting next_dagrun for example_sensors to None, run_after=None
[2023-03-07T00:07:43.563+0000] {processor.py:175} INFO - Processing /home/airflow/.local/lib/python3.7/site-packages/airflow/example_dags/example_sensors.py took 0.236 seconds
[2023-03-07T00:08:13.755+0000] {processor.py:153} INFO - Started process (PID=2832) to work on /home/airflow/.local/lib/python3.7/site-packages/airflow/example_dags/example_sensors.py
[2023-03-07T00:08:13.766+0000] {processor.py:743} INFO - Processing file /home/airflow/.local/lib/python3.7/site-packages/airflow/example_dags/example_sensors.py for tasks to queue
[2023-03-07T00:08:13.770+0000] {logging_mixin.py:137} INFO - [2023-03-07T00:08:13.769+0000] {dagbag.py:538} INFO - Filling up the DagBag from /home/airflow/.local/lib/python3.7/site-packages/airflow/example_dags/example_sensors.py
[2023-03-07T00:08:13.835+0000] {processor.py:753} INFO - DAG(s) dict_keys(['example_sensors']) retrieved from /home/airflow/.local/lib/python3.7/site-packages/airflow/example_dags/example_sensors.py
[2023-03-07T00:08:13.923+0000] {logging_mixin.py:137} INFO - [2023-03-07T00:08:13.922+0000] {dag.py:2690} INFO - Sync 1 DAGs
[2023-03-07T00:08:13.993+0000] {logging_mixin.py:137} INFO - [2023-03-07T00:08:13.993+0000] {dag.py:3441} INFO - Setting next_dagrun for example_sensors to None, run_after=None
[2023-03-07T00:08:14.077+0000] {processor.py:175} INFO - Processing /home/airflow/.local/lib/python3.7/site-packages/airflow/example_dags/example_sensors.py took 0.350 seconds
[2023-03-07T00:08:44.618+0000] {processor.py:153} INFO - Started process (PID=2904) to work on /home/airflow/.local/lib/python3.7/site-packages/airflow/example_dags/example_sensors.py
[2023-03-07T00:08:44.622+0000] {processor.py:743} INFO - Processing file /home/airflow/.local/lib/python3.7/site-packages/airflow/example_dags/example_sensors.py for tasks to queue
[2023-03-07T00:08:44.625+0000] {logging_mixin.py:137} INFO - [2023-03-07T00:08:44.625+0000] {dagbag.py:538} INFO - Filling up the DagBag from /home/airflow/.local/lib/python3.7/site-packages/airflow/example_dags/example_sensors.py
[2023-03-07T00:08:44.669+0000] {processor.py:753} INFO - DAG(s) dict_keys(['example_sensors']) retrieved from /home/airflow/.local/lib/python3.7/site-packages/airflow/example_dags/example_sensors.py
[2023-03-07T00:08:44.743+0000] {logging_mixin.py:137} INFO - [2023-03-07T00:08:44.742+0000] {dag.py:2690} INFO - Sync 1 DAGs
[2023-03-07T00:08:44.804+0000] {logging_mixin.py:137} INFO - [2023-03-07T00:08:44.804+0000] {dag.py:3441} INFO - Setting next_dagrun for example_sensors to None, run_after=None
[2023-03-07T00:08:44.849+0000] {processor.py:175} INFO - Processing /home/airflow/.local/lib/python3.7/site-packages/airflow/example_dags/example_sensors.py took 0.241 seconds
[2023-03-07T00:09:15.095+0000] {processor.py:153} INFO - Started process (PID=2975) to work on /home/airflow/.local/lib/python3.7/site-packages/airflow/example_dags/example_sensors.py
[2023-03-07T00:09:15.100+0000] {processor.py:743} INFO - Processing file /home/airflow/.local/lib/python3.7/site-packages/airflow/example_dags/example_sensors.py for tasks to queue
[2023-03-07T00:09:15.105+0000] {logging_mixin.py:137} INFO - [2023-03-07T00:09:15.104+0000] {dagbag.py:538} INFO - Filling up the DagBag from /home/airflow/.local/lib/python3.7/site-packages/airflow/example_dags/example_sensors.py
[2023-03-07T00:09:15.162+0000] {processor.py:753} INFO - DAG(s) dict_keys(['example_sensors']) retrieved from /home/airflow/.local/lib/python3.7/site-packages/airflow/example_dags/example_sensors.py
[2023-03-07T00:09:15.238+0000] {logging_mixin.py:137} INFO - [2023-03-07T00:09:15.237+0000] {dag.py:2690} INFO - Sync 1 DAGs
[2023-03-07T00:09:15.299+0000] {logging_mixin.py:137} INFO - [2023-03-07T00:09:15.298+0000] {dag.py:3441} INFO - Setting next_dagrun for example_sensors to None, run_after=None
[2023-03-07T00:09:15.344+0000] {processor.py:175} INFO - Processing /home/airflow/.local/lib/python3.7/site-packages/airflow/example_dags/example_sensors.py took 0.257 seconds
[2023-03-07T00:09:45.990+0000] {processor.py:153} INFO - Started process (PID=3041) to work on /home/airflow/.local/lib/python3.7/site-packages/airflow/example_dags/example_sensors.py
[2023-03-07T00:09:45.993+0000] {processor.py:743} INFO - Processing file /home/airflow/.local/lib/python3.7/site-packages/airflow/example_dags/example_sensors.py for tasks to queue
[2023-03-07T00:09:46.003+0000] {logging_mixin.py:137} INFO - [2023-03-07T00:09:46.003+0000] {dagbag.py:538} INFO - Filling up the DagBag from /home/airflow/.local/lib/python3.7/site-packages/airflow/example_dags/example_sensors.py
[2023-03-07T00:09:46.095+0000] {processor.py:753} INFO - DAG(s) dict_keys(['example_sensors']) retrieved from /home/airflow/.local/lib/python3.7/site-packages/airflow/example_dags/example_sensors.py
[2023-03-07T00:09:46.162+0000] {logging_mixin.py:137} INFO - [2023-03-07T00:09:46.162+0000] {dag.py:2690} INFO - Sync 1 DAGs
[2023-03-07T00:09:46.249+0000] {logging_mixin.py:137} INFO - [2023-03-07T00:09:46.248+0000] {dag.py:3441} INFO - Setting next_dagrun for example_sensors to None, run_after=None
[2023-03-07T00:09:46.315+0000] {processor.py:175} INFO - Processing /home/airflow/.local/lib/python3.7/site-packages/airflow/example_dags/example_sensors.py took 0.340 seconds
[2023-03-07T00:10:16.757+0000] {processor.py:153} INFO - Started process (PID=3104) to work on /home/airflow/.local/lib/python3.7/site-packages/airflow/example_dags/example_sensors.py
[2023-03-07T00:10:16.764+0000] {processor.py:743} INFO - Processing file /home/airflow/.local/lib/python3.7/site-packages/airflow/example_dags/example_sensors.py for tasks to queue
[2023-03-07T00:10:16.775+0000] {logging_mixin.py:137} INFO - [2023-03-07T00:10:16.774+0000] {dagbag.py:538} INFO - Filling up the DagBag from /home/airflow/.local/lib/python3.7/site-packages/airflow/example_dags/example_sensors.py
[2023-03-07T00:10:16.847+0000] {processor.py:753} INFO - DAG(s) dict_keys(['example_sensors']) retrieved from /home/airflow/.local/lib/python3.7/site-packages/airflow/example_dags/example_sensors.py
[2023-03-07T00:10:16.950+0000] {logging_mixin.py:137} INFO - [2023-03-07T00:10:16.950+0000] {dag.py:2690} INFO - Sync 1 DAGs
[2023-03-07T00:10:17.026+0000] {logging_mixin.py:137} INFO - [2023-03-07T00:10:17.026+0000] {dag.py:3441} INFO - Setting next_dagrun for example_sensors to None, run_after=None
[2023-03-07T00:10:17.083+0000] {processor.py:175} INFO - Processing /home/airflow/.local/lib/python3.7/site-packages/airflow/example_dags/example_sensors.py took 0.345 seconds
[2023-03-07T00:10:47.419+0000] {processor.py:153} INFO - Started process (PID=3185) to work on /home/airflow/.local/lib/python3.7/site-packages/airflow/example_dags/example_sensors.py
[2023-03-07T00:10:47.424+0000] {processor.py:743} INFO - Processing file /home/airflow/.local/lib/python3.7/site-packages/airflow/example_dags/example_sensors.py for tasks to queue
[2023-03-07T00:10:47.428+0000] {logging_mixin.py:137} INFO - [2023-03-07T00:10:47.427+0000] {dagbag.py:538} INFO - Filling up the DagBag from /home/airflow/.local/lib/python3.7/site-packages/airflow/example_dags/example_sensors.py
[2023-03-07T00:10:47.480+0000] {processor.py:753} INFO - DAG(s) dict_keys(['example_sensors']) retrieved from /home/airflow/.local/lib/python3.7/site-packages/airflow/example_dags/example_sensors.py
[2023-03-07T00:10:47.563+0000] {logging_mixin.py:137} INFO - [2023-03-07T00:10:47.561+0000] {dag.py:2690} INFO - Sync 1 DAGs
[2023-03-07T00:10:47.722+0000] {logging_mixin.py:137} INFO - [2023-03-07T00:10:47.722+0000] {dag.py:3441} INFO - Setting next_dagrun for example_sensors to None, run_after=None
[2023-03-07T00:10:47.771+0000] {processor.py:175} INFO - Processing /home/airflow/.local/lib/python3.7/site-packages/airflow/example_dags/example_sensors.py took 0.363 seconds
[2023-03-07T00:11:18.605+0000] {processor.py:153} INFO - Started process (PID=3254) to work on /home/airflow/.local/lib/python3.7/site-packages/airflow/example_dags/example_sensors.py
[2023-03-07T00:11:18.612+0000] {processor.py:743} INFO - Processing file /home/airflow/.local/lib/python3.7/site-packages/airflow/example_dags/example_sensors.py for tasks to queue
[2023-03-07T00:11:18.619+0000] {logging_mixin.py:137} INFO - [2023-03-07T00:11:18.619+0000] {dagbag.py:538} INFO - Filling up the DagBag from /home/airflow/.local/lib/python3.7/site-packages/airflow/example_dags/example_sensors.py
[2023-03-07T00:11:18.763+0000] {processor.py:753} INFO - DAG(s) dict_keys(['example_sensors']) retrieved from /home/airflow/.local/lib/python3.7/site-packages/airflow/example_dags/example_sensors.py
[2023-03-07T00:11:18.862+0000] {logging_mixin.py:137} INFO - [2023-03-07T00:11:18.862+0000] {dag.py:2690} INFO - Sync 1 DAGs
[2023-03-07T00:11:18.961+0000] {logging_mixin.py:137} INFO - [2023-03-07T00:11:18.960+0000] {dag.py:3441} INFO - Setting next_dagrun for example_sensors to None, run_after=None
[2023-03-07T00:11:19.048+0000] {processor.py:175} INFO - Processing /home/airflow/.local/lib/python3.7/site-packages/airflow/example_dags/example_sensors.py took 0.488 seconds
[2023-03-07T00:11:49.879+0000] {processor.py:153} INFO - Started process (PID=3316) to work on /home/airflow/.local/lib/python3.7/site-packages/airflow/example_dags/example_sensors.py
[2023-03-07T00:11:49.923+0000] {processor.py:743} INFO - Processing file /home/airflow/.local/lib/python3.7/site-packages/airflow/example_dags/example_sensors.py for tasks to queue
[2023-03-07T00:11:49.955+0000] {logging_mixin.py:137} INFO - [2023-03-07T00:11:49.954+0000] {dagbag.py:538} INFO - Filling up the DagBag from /home/airflow/.local/lib/python3.7/site-packages/airflow/example_dags/example_sensors.py
[2023-03-07T00:11:50.122+0000] {processor.py:753} INFO - DAG(s) dict_keys(['example_sensors']) retrieved from /home/airflow/.local/lib/python3.7/site-packages/airflow/example_dags/example_sensors.py
[2023-03-07T00:11:50.269+0000] {logging_mixin.py:137} INFO - [2023-03-07T00:11:50.268+0000] {dag.py:2690} INFO - Sync 1 DAGs
[2023-03-07T00:11:50.338+0000] {logging_mixin.py:137} INFO - [2023-03-07T00:11:50.338+0000] {dag.py:3441} INFO - Setting next_dagrun for example_sensors to None, run_after=None
[2023-03-07T00:11:50.389+0000] {processor.py:175} INFO - Processing /home/airflow/.local/lib/python3.7/site-packages/airflow/example_dags/example_sensors.py took 0.525 seconds
[2023-03-07T00:12:21.064+0000] {processor.py:153} INFO - Started process (PID=3395) to work on /home/airflow/.local/lib/python3.7/site-packages/airflow/example_dags/example_sensors.py
[2023-03-07T00:12:21.068+0000] {processor.py:743} INFO - Processing file /home/airflow/.local/lib/python3.7/site-packages/airflow/example_dags/example_sensors.py for tasks to queue
[2023-03-07T00:12:21.071+0000] {logging_mixin.py:137} INFO - [2023-03-07T00:12:21.071+0000] {dagbag.py:538} INFO - Filling up the DagBag from /home/airflow/.local/lib/python3.7/site-packages/airflow/example_dags/example_sensors.py
[2023-03-07T00:12:21.125+0000] {processor.py:753} INFO - DAG(s) dict_keys(['example_sensors']) retrieved from /home/airflow/.local/lib/python3.7/site-packages/airflow/example_dags/example_sensors.py
[2023-03-07T00:12:21.200+0000] {logging_mixin.py:137} INFO - [2023-03-07T00:12:21.200+0000] {dag.py:2690} INFO - Sync 1 DAGs
[2023-03-07T00:12:21.252+0000] {logging_mixin.py:137} INFO - [2023-03-07T00:12:21.252+0000] {dag.py:3441} INFO - Setting next_dagrun for example_sensors to None, run_after=None
[2023-03-07T00:12:21.303+0000] {processor.py:175} INFO - Processing /home/airflow/.local/lib/python3.7/site-packages/airflow/example_dags/example_sensors.py took 0.250 seconds
[2023-03-07T00:12:52.116+0000] {processor.py:153} INFO - Started process (PID=3469) to work on /home/airflow/.local/lib/python3.7/site-packages/airflow/example_dags/example_sensors.py
[2023-03-07T00:12:52.122+0000] {processor.py:743} INFO - Processing file /home/airflow/.local/lib/python3.7/site-packages/airflow/example_dags/example_sensors.py for tasks to queue
[2023-03-07T00:12:52.125+0000] {logging_mixin.py:137} INFO - [2023-03-07T00:12:52.125+0000] {dagbag.py:538} INFO - Filling up the DagBag from /home/airflow/.local/lib/python3.7/site-packages/airflow/example_dags/example_sensors.py
[2023-03-07T00:12:52.169+0000] {processor.py:753} INFO - DAG(s) dict_keys(['example_sensors']) retrieved from /home/airflow/.local/lib/python3.7/site-packages/airflow/example_dags/example_sensors.py
[2023-03-07T00:12:52.238+0000] {logging_mixin.py:137} INFO - [2023-03-07T00:12:52.238+0000] {dag.py:2690} INFO - Sync 1 DAGs
[2023-03-07T00:12:52.294+0000] {logging_mixin.py:137} INFO - [2023-03-07T00:12:52.294+0000] {dag.py:3441} INFO - Setting next_dagrun for example_sensors to None, run_after=None
[2023-03-07T00:12:52.338+0000] {processor.py:175} INFO - Processing /home/airflow/.local/lib/python3.7/site-packages/airflow/example_dags/example_sensors.py took 0.229 seconds
[2023-03-07T00:13:35.070+0000] {processor.py:153} INFO - Started process (PID=3542) to work on /home/airflow/.local/lib/python3.7/site-packages/airflow/example_dags/example_sensors.py
[2023-03-07T00:13:35.077+0000] {processor.py:743} INFO - Processing file /home/airflow/.local/lib/python3.7/site-packages/airflow/example_dags/example_sensors.py for tasks to queue
[2023-03-07T00:13:35.096+0000] {logging_mixin.py:137} INFO - [2023-03-07T00:13:35.096+0000] {dagbag.py:538} INFO - Filling up the DagBag from /home/airflow/.local/lib/python3.7/site-packages/airflow/example_dags/example_sensors.py
[2023-03-07T00:13:35.286+0000] {processor.py:753} INFO - DAG(s) dict_keys(['example_sensors']) retrieved from /home/airflow/.local/lib/python3.7/site-packages/airflow/example_dags/example_sensors.py
[2023-03-07T00:13:35.732+0000] {logging_mixin.py:137} INFO - [2023-03-07T00:13:35.731+0000] {dag.py:2690} INFO - Sync 1 DAGs
[2023-03-07T00:13:36.124+0000] {logging_mixin.py:137} INFO - [2023-03-07T00:13:36.123+0000] {dag.py:3441} INFO - Setting next_dagrun for example_sensors to None, run_after=None
[2023-03-07T00:13:36.254+0000] {processor.py:175} INFO - Processing /home/airflow/.local/lib/python3.7/site-packages/airflow/example_dags/example_sensors.py took 1.224 seconds
[2023-03-07T00:14:07.229+0000] {processor.py:153} INFO - Started process (PID=3606) to work on /home/airflow/.local/lib/python3.7/site-packages/airflow/example_dags/example_sensors.py
[2023-03-07T00:14:07.237+0000] {processor.py:743} INFO - Processing file /home/airflow/.local/lib/python3.7/site-packages/airflow/example_dags/example_sensors.py for tasks to queue
[2023-03-07T00:14:07.242+0000] {logging_mixin.py:137} INFO - [2023-03-07T00:14:07.242+0000] {dagbag.py:538} INFO - Filling up the DagBag from /home/airflow/.local/lib/python3.7/site-packages/airflow/example_dags/example_sensors.py
[2023-03-07T00:14:07.337+0000] {processor.py:753} INFO - DAG(s) dict_keys(['example_sensors']) retrieved from /home/airflow/.local/lib/python3.7/site-packages/airflow/example_dags/example_sensors.py
[2023-03-07T00:14:07.444+0000] {logging_mixin.py:137} INFO - [2023-03-07T00:14:07.443+0000] {dag.py:2690} INFO - Sync 1 DAGs
[2023-03-07T00:14:07.569+0000] {logging_mixin.py:137} INFO - [2023-03-07T00:14:07.568+0000] {dag.py:3441} INFO - Setting next_dagrun for example_sensors to None, run_after=None
[2023-03-07T00:14:07.640+0000] {processor.py:175} INFO - Processing /home/airflow/.local/lib/python3.7/site-packages/airflow/example_dags/example_sensors.py took 0.428 seconds
[2023-03-07T00:14:37.886+0000] {processor.py:153} INFO - Started process (PID=3667) to work on /home/airflow/.local/lib/python3.7/site-packages/airflow/example_dags/example_sensors.py
[2023-03-07T00:14:37.890+0000] {processor.py:743} INFO - Processing file /home/airflow/.local/lib/python3.7/site-packages/airflow/example_dags/example_sensors.py for tasks to queue
[2023-03-07T00:14:37.893+0000] {logging_mixin.py:137} INFO - [2023-03-07T00:14:37.893+0000] {dagbag.py:538} INFO - Filling up the DagBag from /home/airflow/.local/lib/python3.7/site-packages/airflow/example_dags/example_sensors.py
[2023-03-07T00:14:37.945+0000] {processor.py:753} INFO - DAG(s) dict_keys(['example_sensors']) retrieved from /home/airflow/.local/lib/python3.7/site-packages/airflow/example_dags/example_sensors.py
[2023-03-07T00:14:38.013+0000] {logging_mixin.py:137} INFO - [2023-03-07T00:14:38.013+0000] {dag.py:2690} INFO - Sync 1 DAGs
[2023-03-07T00:14:38.085+0000] {logging_mixin.py:137} INFO - [2023-03-07T00:14:38.085+0000] {dag.py:3441} INFO - Setting next_dagrun for example_sensors to None, run_after=None
[2023-03-07T00:14:38.141+0000] {processor.py:175} INFO - Processing /home/airflow/.local/lib/python3.7/site-packages/airflow/example_dags/example_sensors.py took 0.262 seconds
[2023-03-07T00:16:26.306+0000] {processor.py:153} INFO - Started process (PID=3754) to work on /home/airflow/.local/lib/python3.7/site-packages/airflow/example_dags/example_sensors.py
[2023-03-07T00:16:26.320+0000] {processor.py:743} INFO - Processing file /home/airflow/.local/lib/python3.7/site-packages/airflow/example_dags/example_sensors.py for tasks to queue
[2023-03-07T00:16:26.325+0000] {logging_mixin.py:137} INFO - [2023-03-07T00:16:26.325+0000] {dagbag.py:538} INFO - Filling up the DagBag from /home/airflow/.local/lib/python3.7/site-packages/airflow/example_dags/example_sensors.py
[2023-03-07T00:16:26.452+0000] {processor.py:753} INFO - DAG(s) dict_keys(['example_sensors']) retrieved from /home/airflow/.local/lib/python3.7/site-packages/airflow/example_dags/example_sensors.py
[2023-03-07T00:16:26.615+0000] {logging_mixin.py:137} INFO - [2023-03-07T00:16:26.615+0000] {dag.py:2690} INFO - Sync 1 DAGs
[2023-03-07T00:16:26.698+0000] {logging_mixin.py:137} INFO - [2023-03-07T00:16:26.697+0000] {dag.py:3441} INFO - Setting next_dagrun for example_sensors to None, run_after=None
[2023-03-07T00:16:26.764+0000] {processor.py:175} INFO - Processing /home/airflow/.local/lib/python3.7/site-packages/airflow/example_dags/example_sensors.py took 0.480 seconds
[2023-03-07T00:17:01.565+0000] {processor.py:153} INFO - Started process (PID=3825) to work on /home/airflow/.local/lib/python3.7/site-packages/airflow/example_dags/example_sensors.py
[2023-03-07T00:17:01.571+0000] {processor.py:743} INFO - Processing file /home/airflow/.local/lib/python3.7/site-packages/airflow/example_dags/example_sensors.py for tasks to queue
[2023-03-07T00:17:01.574+0000] {logging_mixin.py:137} INFO - [2023-03-07T00:17:01.574+0000] {dagbag.py:538} INFO - Filling up the DagBag from /home/airflow/.local/lib/python3.7/site-packages/airflow/example_dags/example_sensors.py
[2023-03-07T00:17:01.650+0000] {processor.py:753} INFO - DAG(s) dict_keys(['example_sensors']) retrieved from /home/airflow/.local/lib/python3.7/site-packages/airflow/example_dags/example_sensors.py
[2023-03-07T00:17:01.774+0000] {logging_mixin.py:137} INFO - [2023-03-07T00:17:01.773+0000] {dag.py:2690} INFO - Sync 1 DAGs
[2023-03-07T00:17:01.856+0000] {logging_mixin.py:137} INFO - [2023-03-07T00:17:01.855+0000] {dag.py:3441} INFO - Setting next_dagrun for example_sensors to None, run_after=None
[2023-03-07T00:17:01.927+0000] {processor.py:175} INFO - Processing /home/airflow/.local/lib/python3.7/site-packages/airflow/example_dags/example_sensors.py took 0.390 seconds
[2023-03-07T00:17:32.155+0000] {processor.py:153} INFO - Started process (PID=3887) to work on /home/airflow/.local/lib/python3.7/site-packages/airflow/example_dags/example_sensors.py
[2023-03-07T00:17:32.159+0000] {processor.py:743} INFO - Processing file /home/airflow/.local/lib/python3.7/site-packages/airflow/example_dags/example_sensors.py for tasks to queue
[2023-03-07T00:17:32.163+0000] {logging_mixin.py:137} INFO - [2023-03-07T00:17:32.162+0000] {dagbag.py:538} INFO - Filling up the DagBag from /home/airflow/.local/lib/python3.7/site-packages/airflow/example_dags/example_sensors.py
[2023-03-07T00:17:32.212+0000] {processor.py:753} INFO - DAG(s) dict_keys(['example_sensors']) retrieved from /home/airflow/.local/lib/python3.7/site-packages/airflow/example_dags/example_sensors.py
[2023-03-07T00:17:32.293+0000] {logging_mixin.py:137} INFO - [2023-03-07T00:17:32.293+0000] {dag.py:2690} INFO - Sync 1 DAGs
[2023-03-07T00:17:32.348+0000] {logging_mixin.py:137} INFO - [2023-03-07T00:17:32.348+0000] {dag.py:3441} INFO - Setting next_dagrun for example_sensors to None, run_after=None
[2023-03-07T00:17:32.394+0000] {processor.py:175} INFO - Processing /home/airflow/.local/lib/python3.7/site-packages/airflow/example_dags/example_sensors.py took 0.248 seconds
[2023-03-07T00:18:02.821+0000] {processor.py:153} INFO - Started process (PID=3967) to work on /home/airflow/.local/lib/python3.7/site-packages/airflow/example_dags/example_sensors.py
[2023-03-07T00:18:02.825+0000] {processor.py:743} INFO - Processing file /home/airflow/.local/lib/python3.7/site-packages/airflow/example_dags/example_sensors.py for tasks to queue
[2023-03-07T00:18:02.830+0000] {logging_mixin.py:137} INFO - [2023-03-07T00:18:02.829+0000] {dagbag.py:538} INFO - Filling up the DagBag from /home/airflow/.local/lib/python3.7/site-packages/airflow/example_dags/example_sensors.py
[2023-03-07T00:18:02.900+0000] {processor.py:753} INFO - DAG(s) dict_keys(['example_sensors']) retrieved from /home/airflow/.local/lib/python3.7/site-packages/airflow/example_dags/example_sensors.py
[2023-03-07T00:18:02.985+0000] {logging_mixin.py:137} INFO - [2023-03-07T00:18:02.984+0000] {dag.py:2690} INFO - Sync 1 DAGs
[2023-03-07T00:18:03.049+0000] {logging_mixin.py:137} INFO - [2023-03-07T00:18:03.049+0000] {dag.py:3441} INFO - Setting next_dagrun for example_sensors to None, run_after=None
[2023-03-07T00:18:03.101+0000] {processor.py:175} INFO - Processing /home/airflow/.local/lib/python3.7/site-packages/airflow/example_dags/example_sensors.py took 0.290 seconds
[2023-03-07T00:18:34.495+0000] {processor.py:153} INFO - Started process (PID=4041) to work on /home/airflow/.local/lib/python3.7/site-packages/airflow/example_dags/example_sensors.py
[2023-03-07T00:18:34.506+0000] {processor.py:743} INFO - Processing file /home/airflow/.local/lib/python3.7/site-packages/airflow/example_dags/example_sensors.py for tasks to queue
[2023-03-07T00:18:34.589+0000] {logging_mixin.py:137} INFO - [2023-03-07T00:18:34.589+0000] {dagbag.py:538} INFO - Filling up the DagBag from /home/airflow/.local/lib/python3.7/site-packages/airflow/example_dags/example_sensors.py
[2023-03-07T00:18:34.756+0000] {processor.py:753} INFO - DAG(s) dict_keys(['example_sensors']) retrieved from /home/airflow/.local/lib/python3.7/site-packages/airflow/example_dags/example_sensors.py
[2023-03-07T00:18:34.887+0000] {logging_mixin.py:137} INFO - [2023-03-07T00:18:34.886+0000] {dag.py:2690} INFO - Sync 1 DAGs
[2023-03-07T00:18:34.975+0000] {logging_mixin.py:137} INFO - [2023-03-07T00:18:34.973+0000] {dag.py:3441} INFO - Setting next_dagrun for example_sensors to None, run_after=None
[2023-03-07T00:18:35.023+0000] {processor.py:175} INFO - Processing /home/airflow/.local/lib/python3.7/site-packages/airflow/example_dags/example_sensors.py took 0.567 seconds
[2023-03-07T00:19:16.279+0000] {processor.py:153} INFO - Started process (PID=4110) to work on /home/airflow/.local/lib/python3.7/site-packages/airflow/example_dags/example_sensors.py
[2023-03-07T00:19:16.306+0000] {processor.py:743} INFO - Processing file /home/airflow/.local/lib/python3.7/site-packages/airflow/example_dags/example_sensors.py for tasks to queue
[2023-03-07T00:19:16.377+0000] {logging_mixin.py:137} INFO - [2023-03-07T00:19:16.377+0000] {dagbag.py:538} INFO - Filling up the DagBag from /home/airflow/.local/lib/python3.7/site-packages/airflow/example_dags/example_sensors.py
[2023-03-07T00:19:16.694+0000] {processor.py:753} INFO - DAG(s) dict_keys(['example_sensors']) retrieved from /home/airflow/.local/lib/python3.7/site-packages/airflow/example_dags/example_sensors.py
[2023-03-07T00:19:16.893+0000] {logging_mixin.py:137} INFO - [2023-03-07T00:19:16.892+0000] {dag.py:2690} INFO - Sync 1 DAGs
[2023-03-07T00:19:17.050+0000] {logging_mixin.py:137} INFO - [2023-03-07T00:19:17.049+0000] {dag.py:3441} INFO - Setting next_dagrun for example_sensors to None, run_after=None
[2023-03-07T00:19:17.131+0000] {processor.py:175} INFO - Processing /home/airflow/.local/lib/python3.7/site-packages/airflow/example_dags/example_sensors.py took 0.929 seconds
[2023-03-07T00:19:47.288+0000] {processor.py:153} INFO - Started process (PID=4176) to work on /home/airflow/.local/lib/python3.7/site-packages/airflow/example_dags/example_sensors.py
[2023-03-07T00:19:47.295+0000] {processor.py:743} INFO - Processing file /home/airflow/.local/lib/python3.7/site-packages/airflow/example_dags/example_sensors.py for tasks to queue
[2023-03-07T00:19:47.305+0000] {logging_mixin.py:137} INFO - [2023-03-07T00:19:47.304+0000] {dagbag.py:538} INFO - Filling up the DagBag from /home/airflow/.local/lib/python3.7/site-packages/airflow/example_dags/example_sensors.py
[2023-03-07T00:19:47.383+0000] {processor.py:753} INFO - DAG(s) dict_keys(['example_sensors']) retrieved from /home/airflow/.local/lib/python3.7/site-packages/airflow/example_dags/example_sensors.py
[2023-03-07T00:19:47.682+0000] {logging_mixin.py:137} INFO - [2023-03-07T00:19:47.681+0000] {dag.py:2690} INFO - Sync 1 DAGs
[2023-03-07T00:19:47.947+0000] {logging_mixin.py:137} INFO - [2023-03-07T00:19:47.946+0000] {dag.py:3441} INFO - Setting next_dagrun for example_sensors to None, run_after=None
[2023-03-07T00:19:48.057+0000] {processor.py:175} INFO - Processing /home/airflow/.local/lib/python3.7/site-packages/airflow/example_dags/example_sensors.py took 0.780 seconds
[2023-03-07T00:20:18.222+0000] {processor.py:153} INFO - Started process (PID=4238) to work on /home/airflow/.local/lib/python3.7/site-packages/airflow/example_dags/example_sensors.py
[2023-03-07T00:20:18.230+0000] {processor.py:743} INFO - Processing file /home/airflow/.local/lib/python3.7/site-packages/airflow/example_dags/example_sensors.py for tasks to queue
[2023-03-07T00:20:18.241+0000] {logging_mixin.py:137} INFO - [2023-03-07T00:20:18.241+0000] {dagbag.py:538} INFO - Filling up the DagBag from /home/airflow/.local/lib/python3.7/site-packages/airflow/example_dags/example_sensors.py
[2023-03-07T00:20:18.301+0000] {processor.py:753} INFO - DAG(s) dict_keys(['example_sensors']) retrieved from /home/airflow/.local/lib/python3.7/site-packages/airflow/example_dags/example_sensors.py
[2023-03-07T00:20:18.685+0000] {logging_mixin.py:137} INFO - [2023-03-07T00:20:18.684+0000] {dag.py:2690} INFO - Sync 1 DAGs
[2023-03-07T00:20:18.846+0000] {logging_mixin.py:137} INFO - [2023-03-07T00:20:18.845+0000] {dag.py:3441} INFO - Setting next_dagrun for example_sensors to None, run_after=None
[2023-03-07T00:20:18.946+0000] {processor.py:175} INFO - Processing /home/airflow/.local/lib/python3.7/site-packages/airflow/example_dags/example_sensors.py took 0.737 seconds
[2023-03-07T00:21:10.251+0000] {processor.py:153} INFO - Started process (PID=4315) to work on /home/airflow/.local/lib/python3.7/site-packages/airflow/example_dags/example_sensors.py
[2023-03-07T00:21:10.262+0000] {processor.py:743} INFO - Processing file /home/airflow/.local/lib/python3.7/site-packages/airflow/example_dags/example_sensors.py for tasks to queue
[2023-03-07T00:21:10.278+0000] {logging_mixin.py:137} INFO - [2023-03-07T00:21:10.277+0000] {dagbag.py:538} INFO - Filling up the DagBag from /home/airflow/.local/lib/python3.7/site-packages/airflow/example_dags/example_sensors.py
[2023-03-07T00:21:10.371+0000] {processor.py:753} INFO - DAG(s) dict_keys(['example_sensors']) retrieved from /home/airflow/.local/lib/python3.7/site-packages/airflow/example_dags/example_sensors.py
[2023-03-07T00:21:10.499+0000] {logging_mixin.py:137} INFO - [2023-03-07T00:21:10.499+0000] {dag.py:2690} INFO - Sync 1 DAGs
[2023-03-07T00:21:10.646+0000] {logging_mixin.py:137} INFO - [2023-03-07T00:21:10.646+0000] {dag.py:3441} INFO - Setting next_dagrun for example_sensors to None, run_after=None
[2023-03-07T00:21:10.776+0000] {processor.py:175} INFO - Processing /home/airflow/.local/lib/python3.7/site-packages/airflow/example_dags/example_sensors.py took 0.572 seconds
[2023-03-07T00:21:44.795+0000] {processor.py:153} INFO - Started process (PID=4383) to work on /home/airflow/.local/lib/python3.7/site-packages/airflow/example_dags/example_sensors.py
[2023-03-07T00:21:44.805+0000] {processor.py:743} INFO - Processing file /home/airflow/.local/lib/python3.7/site-packages/airflow/example_dags/example_sensors.py for tasks to queue
[2023-03-07T00:21:44.817+0000] {logging_mixin.py:137} INFO - [2023-03-07T00:21:44.817+0000] {dagbag.py:538} INFO - Filling up the DagBag from /home/airflow/.local/lib/python3.7/site-packages/airflow/example_dags/example_sensors.py
[2023-03-07T00:21:44.944+0000] {processor.py:753} INFO - DAG(s) dict_keys(['example_sensors']) retrieved from /home/airflow/.local/lib/python3.7/site-packages/airflow/example_dags/example_sensors.py
[2023-03-07T00:21:45.154+0000] {logging_mixin.py:137} INFO - [2023-03-07T00:21:45.153+0000] {dag.py:2690} INFO - Sync 1 DAGs
[2023-03-07T00:21:45.325+0000] {logging_mixin.py:137} INFO - [2023-03-07T00:21:45.325+0000] {dag.py:3441} INFO - Setting next_dagrun for example_sensors to None, run_after=None
[2023-03-07T00:21:45.496+0000] {processor.py:175} INFO - Processing /home/airflow/.local/lib/python3.7/site-packages/airflow/example_dags/example_sensors.py took 0.721 seconds
[2023-03-07T00:23:22.051+0000] {processor.py:153} INFO - Started process (PID=4478) to work on /home/airflow/.local/lib/python3.7/site-packages/airflow/example_dags/example_sensors.py
[2023-03-07T00:23:22.066+0000] {processor.py:743} INFO - Processing file /home/airflow/.local/lib/python3.7/site-packages/airflow/example_dags/example_sensors.py for tasks to queue
[2023-03-07T00:23:22.078+0000] {logging_mixin.py:137} INFO - [2023-03-07T00:23:22.077+0000] {dagbag.py:538} INFO - Filling up the DagBag from /home/airflow/.local/lib/python3.7/site-packages/airflow/example_dags/example_sensors.py
[2023-03-07T00:23:22.364+0000] {processor.py:753} INFO - DAG(s) dict_keys(['example_sensors']) retrieved from /home/airflow/.local/lib/python3.7/site-packages/airflow/example_dags/example_sensors.py
[2023-03-07T00:23:22.697+0000] {logging_mixin.py:137} INFO - [2023-03-07T00:23:22.696+0000] {dag.py:2690} INFO - Sync 1 DAGs
[2023-03-07T00:23:22.966+0000] {logging_mixin.py:137} INFO - [2023-03-07T00:23:22.966+0000] {dag.py:3441} INFO - Setting next_dagrun for example_sensors to None, run_after=None
[2023-03-07T00:23:23.045+0000] {processor.py:175} INFO - Processing /home/airflow/.local/lib/python3.7/site-packages/airflow/example_dags/example_sensors.py took 1.077 seconds
[2023-03-07T00:23:53.348+0000] {processor.py:153} INFO - Started process (PID=4542) to work on /home/airflow/.local/lib/python3.7/site-packages/airflow/example_dags/example_sensors.py
[2023-03-07T00:23:53.351+0000] {processor.py:743} INFO - Processing file /home/airflow/.local/lib/python3.7/site-packages/airflow/example_dags/example_sensors.py for tasks to queue
[2023-03-07T00:23:53.355+0000] {logging_mixin.py:137} INFO - [2023-03-07T00:23:53.355+0000] {dagbag.py:538} INFO - Filling up the DagBag from /home/airflow/.local/lib/python3.7/site-packages/airflow/example_dags/example_sensors.py
[2023-03-07T00:23:53.411+0000] {processor.py:753} INFO - DAG(s) dict_keys(['example_sensors']) retrieved from /home/airflow/.local/lib/python3.7/site-packages/airflow/example_dags/example_sensors.py
[2023-03-07T00:23:53.512+0000] {logging_mixin.py:137} INFO - [2023-03-07T00:23:53.512+0000] {dag.py:2690} INFO - Sync 1 DAGs
[2023-03-07T00:23:53.588+0000] {logging_mixin.py:137} INFO - [2023-03-07T00:23:53.587+0000] {dag.py:3441} INFO - Setting next_dagrun for example_sensors to None, run_after=None
[2023-03-07T00:23:53.704+0000] {processor.py:175} INFO - Processing /home/airflow/.local/lib/python3.7/site-packages/airflow/example_dags/example_sensors.py took 0.367 seconds
[2023-03-07T00:24:23.871+0000] {processor.py:153} INFO - Started process (PID=4613) to work on /home/airflow/.local/lib/python3.7/site-packages/airflow/example_dags/example_sensors.py
[2023-03-07T00:24:23.874+0000] {processor.py:743} INFO - Processing file /home/airflow/.local/lib/python3.7/site-packages/airflow/example_dags/example_sensors.py for tasks to queue
[2023-03-07T00:24:23.877+0000] {logging_mixin.py:137} INFO - [2023-03-07T00:24:23.877+0000] {dagbag.py:538} INFO - Filling up the DagBag from /home/airflow/.local/lib/python3.7/site-packages/airflow/example_dags/example_sensors.py
[2023-03-07T00:24:23.923+0000] {processor.py:753} INFO - DAG(s) dict_keys(['example_sensors']) retrieved from /home/airflow/.local/lib/python3.7/site-packages/airflow/example_dags/example_sensors.py
[2023-03-07T00:24:23.986+0000] {logging_mixin.py:137} INFO - [2023-03-07T00:24:23.985+0000] {dag.py:2690} INFO - Sync 1 DAGs
[2023-03-07T00:24:24.044+0000] {logging_mixin.py:137} INFO - [2023-03-07T00:24:24.043+0000] {dag.py:3441} INFO - Setting next_dagrun for example_sensors to None, run_after=None
[2023-03-07T00:24:24.087+0000] {processor.py:175} INFO - Processing /home/airflow/.local/lib/python3.7/site-packages/airflow/example_dags/example_sensors.py took 0.223 seconds
[2023-03-07T00:24:54.946+0000] {processor.py:153} INFO - Started process (PID=4683) to work on /home/airflow/.local/lib/python3.7/site-packages/airflow/example_dags/example_sensors.py
[2023-03-07T00:24:54.950+0000] {processor.py:743} INFO - Processing file /home/airflow/.local/lib/python3.7/site-packages/airflow/example_dags/example_sensors.py for tasks to queue
[2023-03-07T00:24:54.953+0000] {logging_mixin.py:137} INFO - [2023-03-07T00:24:54.953+0000] {dagbag.py:538} INFO - Filling up the DagBag from /home/airflow/.local/lib/python3.7/site-packages/airflow/example_dags/example_sensors.py
[2023-03-07T00:24:55.000+0000] {processor.py:753} INFO - DAG(s) dict_keys(['example_sensors']) retrieved from /home/airflow/.local/lib/python3.7/site-packages/airflow/example_dags/example_sensors.py
[2023-03-07T00:24:55.071+0000] {logging_mixin.py:137} INFO - [2023-03-07T00:24:55.071+0000] {dag.py:2690} INFO - Sync 1 DAGs
[2023-03-07T00:24:55.153+0000] {logging_mixin.py:137} INFO - [2023-03-07T00:24:55.153+0000] {dag.py:3441} INFO - Setting next_dagrun for example_sensors to None, run_after=None
[2023-03-07T00:24:55.207+0000] {processor.py:175} INFO - Processing /home/airflow/.local/lib/python3.7/site-packages/airflow/example_dags/example_sensors.py took 0.271 seconds
[2023-03-07T00:25:25.451+0000] {processor.py:153} INFO - Started process (PID=4752) to work on /home/airflow/.local/lib/python3.7/site-packages/airflow/example_dags/example_sensors.py
[2023-03-07T00:25:25.454+0000] {processor.py:743} INFO - Processing file /home/airflow/.local/lib/python3.7/site-packages/airflow/example_dags/example_sensors.py for tasks to queue
[2023-03-07T00:25:25.457+0000] {logging_mixin.py:137} INFO - [2023-03-07T00:25:25.457+0000] {dagbag.py:538} INFO - Filling up the DagBag from /home/airflow/.local/lib/python3.7/site-packages/airflow/example_dags/example_sensors.py
[2023-03-07T00:25:25.513+0000] {processor.py:753} INFO - DAG(s) dict_keys(['example_sensors']) retrieved from /home/airflow/.local/lib/python3.7/site-packages/airflow/example_dags/example_sensors.py
[2023-03-07T00:25:25.576+0000] {logging_mixin.py:137} INFO - [2023-03-07T00:25:25.576+0000] {dag.py:2690} INFO - Sync 1 DAGs
[2023-03-07T00:25:25.626+0000] {logging_mixin.py:137} INFO - [2023-03-07T00:25:25.626+0000] {dag.py:3441} INFO - Setting next_dagrun for example_sensors to None, run_after=None
[2023-03-07T00:25:25.670+0000] {processor.py:175} INFO - Processing /home/airflow/.local/lib/python3.7/site-packages/airflow/example_dags/example_sensors.py took 0.229 seconds
[2023-03-07T00:25:56.364+0000] {processor.py:153} INFO - Started process (PID=4831) to work on /home/airflow/.local/lib/python3.7/site-packages/airflow/example_dags/example_sensors.py
[2023-03-07T00:25:56.370+0000] {processor.py:743} INFO - Processing file /home/airflow/.local/lib/python3.7/site-packages/airflow/example_dags/example_sensors.py for tasks to queue
[2023-03-07T00:25:56.373+0000] {logging_mixin.py:137} INFO - [2023-03-07T00:25:56.373+0000] {dagbag.py:538} INFO - Filling up the DagBag from /home/airflow/.local/lib/python3.7/site-packages/airflow/example_dags/example_sensors.py
[2023-03-07T00:25:56.468+0000] {processor.py:753} INFO - DAG(s) dict_keys(['example_sensors']) retrieved from /home/airflow/.local/lib/python3.7/site-packages/airflow/example_dags/example_sensors.py
[2023-03-07T00:25:56.541+0000] {logging_mixin.py:137} INFO - [2023-03-07T00:25:56.541+0000] {dag.py:2690} INFO - Sync 1 DAGs
[2023-03-07T00:25:56.615+0000] {logging_mixin.py:137} INFO - [2023-03-07T00:25:56.615+0000] {dag.py:3441} INFO - Setting next_dagrun for example_sensors to None, run_after=None
[2023-03-07T00:25:56.675+0000] {processor.py:175} INFO - Processing /home/airflow/.local/lib/python3.7/site-packages/airflow/example_dags/example_sensors.py took 0.328 seconds
[2023-03-07T00:26:27.626+0000] {processor.py:153} INFO - Started process (PID=4902) to work on /home/airflow/.local/lib/python3.7/site-packages/airflow/example_dags/example_sensors.py
[2023-03-07T00:26:27.632+0000] {processor.py:743} INFO - Processing file /home/airflow/.local/lib/python3.7/site-packages/airflow/example_dags/example_sensors.py for tasks to queue
[2023-03-07T00:26:27.638+0000] {logging_mixin.py:137} INFO - [2023-03-07T00:26:27.637+0000] {dagbag.py:538} INFO - Filling up the DagBag from /home/airflow/.local/lib/python3.7/site-packages/airflow/example_dags/example_sensors.py
[2023-03-07T00:26:27.720+0000] {processor.py:753} INFO - DAG(s) dict_keys(['example_sensors']) retrieved from /home/airflow/.local/lib/python3.7/site-packages/airflow/example_dags/example_sensors.py
[2023-03-07T00:26:27.800+0000] {logging_mixin.py:137} INFO - [2023-03-07T00:26:27.800+0000] {dag.py:2690} INFO - Sync 1 DAGs
[2023-03-07T00:26:27.872+0000] {logging_mixin.py:137} INFO - [2023-03-07T00:26:27.871+0000] {dag.py:3441} INFO - Setting next_dagrun for example_sensors to None, run_after=None
[2023-03-07T00:26:27.935+0000] {processor.py:175} INFO - Processing /home/airflow/.local/lib/python3.7/site-packages/airflow/example_dags/example_sensors.py took 0.324 seconds
[2023-03-07T00:26:58.590+0000] {processor.py:153} INFO - Started process (PID=4974) to work on /home/airflow/.local/lib/python3.7/site-packages/airflow/example_dags/example_sensors.py
[2023-03-07T00:26:58.598+0000] {processor.py:743} INFO - Processing file /home/airflow/.local/lib/python3.7/site-packages/airflow/example_dags/example_sensors.py for tasks to queue
[2023-03-07T00:26:58.603+0000] {logging_mixin.py:137} INFO - [2023-03-07T00:26:58.602+0000] {dagbag.py:538} INFO - Filling up the DagBag from /home/airflow/.local/lib/python3.7/site-packages/airflow/example_dags/example_sensors.py
[2023-03-07T00:26:58.824+0000] {processor.py:753} INFO - DAG(s) dict_keys(['example_sensors']) retrieved from /home/airflow/.local/lib/python3.7/site-packages/airflow/example_dags/example_sensors.py
[2023-03-07T00:26:58.928+0000] {logging_mixin.py:137} INFO - [2023-03-07T00:26:58.926+0000] {dag.py:2690} INFO - Sync 1 DAGs
[2023-03-07T00:26:59.062+0000] {logging_mixin.py:137} INFO - [2023-03-07T00:26:59.061+0000] {dag.py:3441} INFO - Setting next_dagrun for example_sensors to None, run_after=None
[2023-03-07T00:26:59.134+0000] {processor.py:175} INFO - Processing /home/airflow/.local/lib/python3.7/site-packages/airflow/example_dags/example_sensors.py took 0.593 seconds
[2023-03-07T00:27:29.506+0000] {processor.py:153} INFO - Started process (PID=5049) to work on /home/airflow/.local/lib/python3.7/site-packages/airflow/example_dags/example_sensors.py
[2023-03-07T00:27:29.520+0000] {processor.py:743} INFO - Processing file /home/airflow/.local/lib/python3.7/site-packages/airflow/example_dags/example_sensors.py for tasks to queue
[2023-03-07T00:27:29.524+0000] {logging_mixin.py:137} INFO - [2023-03-07T00:27:29.523+0000] {dagbag.py:538} INFO - Filling up the DagBag from /home/airflow/.local/lib/python3.7/site-packages/airflow/example_dags/example_sensors.py
[2023-03-07T00:27:29.591+0000] {processor.py:753} INFO - DAG(s) dict_keys(['example_sensors']) retrieved from /home/airflow/.local/lib/python3.7/site-packages/airflow/example_dags/example_sensors.py
[2023-03-07T00:27:29.657+0000] {logging_mixin.py:137} INFO - [2023-03-07T00:27:29.657+0000] {dag.py:2690} INFO - Sync 1 DAGs
[2023-03-07T00:27:29.720+0000] {logging_mixin.py:137} INFO - [2023-03-07T00:27:29.719+0000] {dag.py:3441} INFO - Setting next_dagrun for example_sensors to None, run_after=None
[2023-03-07T00:27:29.764+0000] {processor.py:175} INFO - Processing /home/airflow/.local/lib/python3.7/site-packages/airflow/example_dags/example_sensors.py took 0.274 seconds
[2023-03-07T00:28:00.065+0000] {processor.py:153} INFO - Started process (PID=5120) to work on /home/airflow/.local/lib/python3.7/site-packages/airflow/example_dags/example_sensors.py
[2023-03-07T00:28:00.068+0000] {processor.py:743} INFO - Processing file /home/airflow/.local/lib/python3.7/site-packages/airflow/example_dags/example_sensors.py for tasks to queue
[2023-03-07T00:28:00.071+0000] {logging_mixin.py:137} INFO - [2023-03-07T00:28:00.071+0000] {dagbag.py:538} INFO - Filling up the DagBag from /home/airflow/.local/lib/python3.7/site-packages/airflow/example_dags/example_sensors.py
[2023-03-07T00:28:00.114+0000] {processor.py:753} INFO - DAG(s) dict_keys(['example_sensors']) retrieved from /home/airflow/.local/lib/python3.7/site-packages/airflow/example_dags/example_sensors.py
[2023-03-07T00:28:00.176+0000] {logging_mixin.py:137} INFO - [2023-03-07T00:28:00.176+0000] {dag.py:2690} INFO - Sync 1 DAGs
[2023-03-07T00:28:00.225+0000] {logging_mixin.py:137} INFO - [2023-03-07T00:28:00.225+0000] {dag.py:3441} INFO - Setting next_dagrun for example_sensors to None, run_after=None
[2023-03-07T00:28:00.260+0000] {processor.py:175} INFO - Processing /home/airflow/.local/lib/python3.7/site-packages/airflow/example_dags/example_sensors.py took 0.203 seconds
[2023-03-07T00:28:30.765+0000] {processor.py:153} INFO - Started process (PID=5192) to work on /home/airflow/.local/lib/python3.7/site-packages/airflow/example_dags/example_sensors.py
[2023-03-07T00:28:30.771+0000] {processor.py:743} INFO - Processing file /home/airflow/.local/lib/python3.7/site-packages/airflow/example_dags/example_sensors.py for tasks to queue
[2023-03-07T00:28:30.778+0000] {logging_mixin.py:137} INFO - [2023-03-07T00:28:30.777+0000] {dagbag.py:538} INFO - Filling up the DagBag from /home/airflow/.local/lib/python3.7/site-packages/airflow/example_dags/example_sensors.py
[2023-03-07T00:28:30.841+0000] {processor.py:753} INFO - DAG(s) dict_keys(['example_sensors']) retrieved from /home/airflow/.local/lib/python3.7/site-packages/airflow/example_dags/example_sensors.py
[2023-03-07T00:28:30.936+0000] {logging_mixin.py:137} INFO - [2023-03-07T00:28:30.935+0000] {dag.py:2690} INFO - Sync 1 DAGs
[2023-03-07T00:28:31.025+0000] {logging_mixin.py:137} INFO - [2023-03-07T00:28:31.025+0000] {dag.py:3441} INFO - Setting next_dagrun for example_sensors to None, run_after=None
[2023-03-07T00:28:31.070+0000] {processor.py:175} INFO - Processing /home/airflow/.local/lib/python3.7/site-packages/airflow/example_dags/example_sensors.py took 0.327 seconds
[2023-03-07T00:29:07.918+0000] {processor.py:153} INFO - Started process (PID=5262) to work on /home/airflow/.local/lib/python3.7/site-packages/airflow/example_dags/example_sensors.py
[2023-03-07T00:29:07.926+0000] {processor.py:743} INFO - Processing file /home/airflow/.local/lib/python3.7/site-packages/airflow/example_dags/example_sensors.py for tasks to queue
[2023-03-07T00:29:07.935+0000] {logging_mixin.py:137} INFO - [2023-03-07T00:29:07.934+0000] {dagbag.py:538} INFO - Filling up the DagBag from /home/airflow/.local/lib/python3.7/site-packages/airflow/example_dags/example_sensors.py
[2023-03-07T00:29:08.405+0000] {processor.py:753} INFO - DAG(s) dict_keys(['example_sensors']) retrieved from /home/airflow/.local/lib/python3.7/site-packages/airflow/example_dags/example_sensors.py
[2023-03-07T00:29:08.601+0000] {logging_mixin.py:137} INFO - [2023-03-07T00:29:08.601+0000] {dag.py:2690} INFO - Sync 1 DAGs
[2023-03-07T00:29:08.789+0000] {logging_mixin.py:137} INFO - [2023-03-07T00:29:08.789+0000] {dag.py:3441} INFO - Setting next_dagrun for example_sensors to None, run_after=None
[2023-03-07T00:29:08.857+0000] {processor.py:175} INFO - Processing /home/airflow/.local/lib/python3.7/site-packages/airflow/example_dags/example_sensors.py took 0.954 seconds
[2023-03-07T00:29:39.407+0000] {processor.py:153} INFO - Started process (PID=5333) to work on /home/airflow/.local/lib/python3.7/site-packages/airflow/example_dags/example_sensors.py
[2023-03-07T00:29:39.412+0000] {processor.py:743} INFO - Processing file /home/airflow/.local/lib/python3.7/site-packages/airflow/example_dags/example_sensors.py for tasks to queue
[2023-03-07T00:29:39.414+0000] {logging_mixin.py:137} INFO - [2023-03-07T00:29:39.414+0000] {dagbag.py:538} INFO - Filling up the DagBag from /home/airflow/.local/lib/python3.7/site-packages/airflow/example_dags/example_sensors.py
[2023-03-07T00:29:39.449+0000] {processor.py:753} INFO - DAG(s) dict_keys(['example_sensors']) retrieved from /home/airflow/.local/lib/python3.7/site-packages/airflow/example_dags/example_sensors.py
[2023-03-07T00:29:39.501+0000] {logging_mixin.py:137} INFO - [2023-03-07T00:29:39.501+0000] {dag.py:2690} INFO - Sync 1 DAGs
[2023-03-07T00:29:39.546+0000] {logging_mixin.py:137} INFO - [2023-03-07T00:29:39.546+0000] {dag.py:3441} INFO - Setting next_dagrun for example_sensors to None, run_after=None
[2023-03-07T00:29:39.585+0000] {processor.py:175} INFO - Processing /home/airflow/.local/lib/python3.7/site-packages/airflow/example_dags/example_sensors.py took 0.186 seconds
[2023-03-07T00:30:10.605+0000] {processor.py:153} INFO - Started process (PID=5405) to work on /home/airflow/.local/lib/python3.7/site-packages/airflow/example_dags/example_sensors.py
[2023-03-07T00:30:10.609+0000] {processor.py:743} INFO - Processing file /home/airflow/.local/lib/python3.7/site-packages/airflow/example_dags/example_sensors.py for tasks to queue
[2023-03-07T00:30:10.615+0000] {logging_mixin.py:137} INFO - [2023-03-07T00:30:10.614+0000] {dagbag.py:538} INFO - Filling up the DagBag from /home/airflow/.local/lib/python3.7/site-packages/airflow/example_dags/example_sensors.py
[2023-03-07T00:30:10.690+0000] {processor.py:753} INFO - DAG(s) dict_keys(['example_sensors']) retrieved from /home/airflow/.local/lib/python3.7/site-packages/airflow/example_dags/example_sensors.py
[2023-03-07T00:30:10.783+0000] {logging_mixin.py:137} INFO - [2023-03-07T00:30:10.783+0000] {dag.py:2690} INFO - Sync 1 DAGs
[2023-03-07T00:30:10.849+0000] {logging_mixin.py:137} INFO - [2023-03-07T00:30:10.848+0000] {dag.py:3441} INFO - Setting next_dagrun for example_sensors to None, run_after=None
[2023-03-07T00:30:10.912+0000] {processor.py:175} INFO - Processing /home/airflow/.local/lib/python3.7/site-packages/airflow/example_dags/example_sensors.py took 0.322 seconds
[2023-03-07T00:31:27.229+0000] {processor.py:153} INFO - Started process (PID=5492) to work on /home/airflow/.local/lib/python3.7/site-packages/airflow/example_dags/example_sensors.py
[2023-03-07T00:31:27.263+0000] {processor.py:743} INFO - Processing file /home/airflow/.local/lib/python3.7/site-packages/airflow/example_dags/example_sensors.py for tasks to queue
[2023-03-07T00:31:27.360+0000] {logging_mixin.py:137} INFO - [2023-03-07T00:31:27.359+0000] {dagbag.py:538} INFO - Filling up the DagBag from /home/airflow/.local/lib/python3.7/site-packages/airflow/example_dags/example_sensors.py
[2023-03-07T00:31:29.365+0000] {processor.py:753} INFO - DAG(s) dict_keys(['example_sensors']) retrieved from /home/airflow/.local/lib/python3.7/site-packages/airflow/example_dags/example_sensors.py
