[2023-03-07T00:00:21.672+0000] {processor.py:153} INFO - Started process (PID=1776) to work on /home/airflow/.local/lib/python3.7/site-packages/airflow/example_dags/example_short_circuit_decorator.py
[2023-03-07T00:00:21.677+0000] {processor.py:743} INFO - Processing file /home/airflow/.local/lib/python3.7/site-packages/airflow/example_dags/example_short_circuit_decorator.py for tasks to queue
[2023-03-07T00:00:21.681+0000] {logging_mixin.py:137} INFO - [2023-03-07T00:00:21.680+0000] {dagbag.py:538} INFO - Filling up the DagBag from /home/airflow/.local/lib/python3.7/site-packages/airflow/example_dags/example_short_circuit_decorator.py
[2023-03-07T00:00:21.751+0000] {processor.py:753} INFO - DAG(s) dict_keys(['example_short_circuit_decorator']) retrieved from /home/airflow/.local/lib/python3.7/site-packages/airflow/example_dags/example_short_circuit_decorator.py
[2023-03-07T00:00:21.808+0000] {logging_mixin.py:137} INFO - [2023-03-07T00:00:21.807+0000] {dag.py:2690} INFO - Sync 1 DAGs
[2023-03-07T00:00:21.873+0000] {logging_mixin.py:137} INFO - [2023-03-07T00:00:21.872+0000] {dag.py:3441} INFO - Setting next_dagrun for example_short_circuit_decorator to 2023-03-06T00:00:21.872447+00:00, run_after=2023-03-07T00:00:21.872447+00:00
[2023-03-07T00:00:21.915+0000] {processor.py:175} INFO - Processing /home/airflow/.local/lib/python3.7/site-packages/airflow/example_dags/example_short_circuit_decorator.py took 0.253 seconds
[2023-03-07T00:00:52.175+0000] {processor.py:153} INFO - Started process (PID=1846) to work on /home/airflow/.local/lib/python3.7/site-packages/airflow/example_dags/example_short_circuit_decorator.py
[2023-03-07T00:00:52.181+0000] {processor.py:743} INFO - Processing file /home/airflow/.local/lib/python3.7/site-packages/airflow/example_dags/example_short_circuit_decorator.py for tasks to queue
[2023-03-07T00:00:52.188+0000] {logging_mixin.py:137} INFO - [2023-03-07T00:00:52.187+0000] {dagbag.py:538} INFO - Filling up the DagBag from /home/airflow/.local/lib/python3.7/site-packages/airflow/example_dags/example_short_circuit_decorator.py
[2023-03-07T00:00:52.275+0000] {processor.py:753} INFO - DAG(s) dict_keys(['example_short_circuit_decorator']) retrieved from /home/airflow/.local/lib/python3.7/site-packages/airflow/example_dags/example_short_circuit_decorator.py
[2023-03-07T00:00:52.455+0000] {logging_mixin.py:137} INFO - [2023-03-07T00:00:52.455+0000] {dag.py:2690} INFO - Sync 1 DAGs
[2023-03-07T00:00:52.539+0000] {logging_mixin.py:137} INFO - [2023-03-07T00:00:52.538+0000] {dag.py:3441} INFO - Setting next_dagrun for example_short_circuit_decorator to 2023-03-06T00:00:52.538027+00:00, run_after=2023-03-07T00:00:52.538027+00:00
[2023-03-07T00:00:52.615+0000] {processor.py:175} INFO - Processing /home/airflow/.local/lib/python3.7/site-packages/airflow/example_dags/example_short_circuit_decorator.py took 0.460 seconds
[2023-03-07T00:01:22.969+0000] {processor.py:153} INFO - Started process (PID=1916) to work on /home/airflow/.local/lib/python3.7/site-packages/airflow/example_dags/example_short_circuit_decorator.py
[2023-03-07T00:01:22.973+0000] {processor.py:743} INFO - Processing file /home/airflow/.local/lib/python3.7/site-packages/airflow/example_dags/example_short_circuit_decorator.py for tasks to queue
[2023-03-07T00:01:22.977+0000] {logging_mixin.py:137} INFO - [2023-03-07T00:01:22.976+0000] {dagbag.py:538} INFO - Filling up the DagBag from /home/airflow/.local/lib/python3.7/site-packages/airflow/example_dags/example_short_circuit_decorator.py
[2023-03-07T00:01:23.040+0000] {processor.py:753} INFO - DAG(s) dict_keys(['example_short_circuit_decorator']) retrieved from /home/airflow/.local/lib/python3.7/site-packages/airflow/example_dags/example_short_circuit_decorator.py
[2023-03-07T00:01:23.096+0000] {logging_mixin.py:137} INFO - [2023-03-07T00:01:23.096+0000] {dag.py:2690} INFO - Sync 1 DAGs
[2023-03-07T00:01:23.155+0000] {logging_mixin.py:137} INFO - [2023-03-07T00:01:23.155+0000] {dag.py:3441} INFO - Setting next_dagrun for example_short_circuit_decorator to 2023-03-06T00:01:23.154949+00:00, run_after=2023-03-07T00:01:23.154949+00:00
[2023-03-07T00:01:23.203+0000] {processor.py:175} INFO - Processing /home/airflow/.local/lib/python3.7/site-packages/airflow/example_dags/example_short_circuit_decorator.py took 0.242 seconds
[2023-03-07T00:01:53.856+0000] {processor.py:153} INFO - Started process (PID=1990) to work on /home/airflow/.local/lib/python3.7/site-packages/airflow/example_dags/example_short_circuit_decorator.py
[2023-03-07T00:01:53.860+0000] {processor.py:743} INFO - Processing file /home/airflow/.local/lib/python3.7/site-packages/airflow/example_dags/example_short_circuit_decorator.py for tasks to queue
[2023-03-07T00:01:53.864+0000] {logging_mixin.py:137} INFO - [2023-03-07T00:01:53.863+0000] {dagbag.py:538} INFO - Filling up the DagBag from /home/airflow/.local/lib/python3.7/site-packages/airflow/example_dags/example_short_circuit_decorator.py
[2023-03-07T00:01:53.914+0000] {processor.py:753} INFO - DAG(s) dict_keys(['example_short_circuit_decorator']) retrieved from /home/airflow/.local/lib/python3.7/site-packages/airflow/example_dags/example_short_circuit_decorator.py
[2023-03-07T00:01:53.967+0000] {logging_mixin.py:137} INFO - [2023-03-07T00:01:53.967+0000] {dag.py:2690} INFO - Sync 1 DAGs
[2023-03-07T00:01:54.023+0000] {logging_mixin.py:137} INFO - [2023-03-07T00:01:54.022+0000] {dag.py:3441} INFO - Setting next_dagrun for example_short_circuit_decorator to 2023-03-06T00:01:54.020140+00:00, run_after=2023-03-07T00:01:54.020140+00:00
[2023-03-07T00:01:54.066+0000] {processor.py:175} INFO - Processing /home/airflow/.local/lib/python3.7/site-packages/airflow/example_dags/example_short_circuit_decorator.py took 0.217 seconds
[2023-03-07T00:02:24.949+0000] {processor.py:153} INFO - Started process (PID=2062) to work on /home/airflow/.local/lib/python3.7/site-packages/airflow/example_dags/example_short_circuit_decorator.py
[2023-03-07T00:02:24.953+0000] {processor.py:743} INFO - Processing file /home/airflow/.local/lib/python3.7/site-packages/airflow/example_dags/example_short_circuit_decorator.py for tasks to queue
[2023-03-07T00:02:24.958+0000] {logging_mixin.py:137} INFO - [2023-03-07T00:02:24.957+0000] {dagbag.py:538} INFO - Filling up the DagBag from /home/airflow/.local/lib/python3.7/site-packages/airflow/example_dags/example_short_circuit_decorator.py
[2023-03-07T00:02:25.030+0000] {processor.py:753} INFO - DAG(s) dict_keys(['example_short_circuit_decorator']) retrieved from /home/airflow/.local/lib/python3.7/site-packages/airflow/example_dags/example_short_circuit_decorator.py
[2023-03-07T00:02:25.088+0000] {logging_mixin.py:137} INFO - [2023-03-07T00:02:25.088+0000] {dag.py:2690} INFO - Sync 1 DAGs
[2023-03-07T00:02:25.148+0000] {logging_mixin.py:137} INFO - [2023-03-07T00:02:25.148+0000] {dag.py:3441} INFO - Setting next_dagrun for example_short_circuit_decorator to 2023-03-06T00:02:25.147746+00:00, run_after=2023-03-07T00:02:25.147746+00:00
[2023-03-07T00:02:25.194+0000] {processor.py:175} INFO - Processing /home/airflow/.local/lib/python3.7/site-packages/airflow/example_dags/example_short_circuit_decorator.py took 0.258 seconds
[2023-03-07T00:02:55.528+0000] {processor.py:153} INFO - Started process (PID=2131) to work on /home/airflow/.local/lib/python3.7/site-packages/airflow/example_dags/example_short_circuit_decorator.py
[2023-03-07T00:02:55.537+0000] {processor.py:743} INFO - Processing file /home/airflow/.local/lib/python3.7/site-packages/airflow/example_dags/example_short_circuit_decorator.py for tasks to queue
[2023-03-07T00:02:55.541+0000] {logging_mixin.py:137} INFO - [2023-03-07T00:02:55.540+0000] {dagbag.py:538} INFO - Filling up the DagBag from /home/airflow/.local/lib/python3.7/site-packages/airflow/example_dags/example_short_circuit_decorator.py
[2023-03-07T00:02:55.657+0000] {processor.py:753} INFO - DAG(s) dict_keys(['example_short_circuit_decorator']) retrieved from /home/airflow/.local/lib/python3.7/site-packages/airflow/example_dags/example_short_circuit_decorator.py
[2023-03-07T00:02:55.749+0000] {logging_mixin.py:137} INFO - [2023-03-07T00:02:55.749+0000] {dag.py:2690} INFO - Sync 1 DAGs
[2023-03-07T00:02:55.839+0000] {logging_mixin.py:137} INFO - [2023-03-07T00:02:55.839+0000] {dag.py:3441} INFO - Setting next_dagrun for example_short_circuit_decorator to 2023-03-06T00:02:55.838573+00:00, run_after=2023-03-07T00:02:55.838573+00:00
[2023-03-07T00:02:55.931+0000] {processor.py:175} INFO - Processing /home/airflow/.local/lib/python3.7/site-packages/airflow/example_dags/example_short_circuit_decorator.py took 0.417 seconds
[2023-03-07T00:03:26.712+0000] {processor.py:153} INFO - Started process (PID=2201) to work on /home/airflow/.local/lib/python3.7/site-packages/airflow/example_dags/example_short_circuit_decorator.py
[2023-03-07T00:03:26.717+0000] {processor.py:743} INFO - Processing file /home/airflow/.local/lib/python3.7/site-packages/airflow/example_dags/example_short_circuit_decorator.py for tasks to queue
[2023-03-07T00:03:26.721+0000] {logging_mixin.py:137} INFO - [2023-03-07T00:03:26.721+0000] {dagbag.py:538} INFO - Filling up the DagBag from /home/airflow/.local/lib/python3.7/site-packages/airflow/example_dags/example_short_circuit_decorator.py
[2023-03-07T00:03:26.796+0000] {processor.py:753} INFO - DAG(s) dict_keys(['example_short_circuit_decorator']) retrieved from /home/airflow/.local/lib/python3.7/site-packages/airflow/example_dags/example_short_circuit_decorator.py
[2023-03-07T00:03:26.848+0000] {logging_mixin.py:137} INFO - [2023-03-07T00:03:26.848+0000] {dag.py:2690} INFO - Sync 1 DAGs
[2023-03-07T00:03:26.901+0000] {logging_mixin.py:137} INFO - [2023-03-07T00:03:26.901+0000] {dag.py:3441} INFO - Setting next_dagrun for example_short_circuit_decorator to 2023-03-06T00:03:26.900521+00:00, run_after=2023-03-07T00:03:26.900521+00:00
[2023-03-07T00:03:26.938+0000] {processor.py:175} INFO - Processing /home/airflow/.local/lib/python3.7/site-packages/airflow/example_dags/example_short_circuit_decorator.py took 0.235 seconds
[2023-03-07T00:03:57.652+0000] {processor.py:153} INFO - Started process (PID=2270) to work on /home/airflow/.local/lib/python3.7/site-packages/airflow/example_dags/example_short_circuit_decorator.py
[2023-03-07T00:03:57.657+0000] {processor.py:743} INFO - Processing file /home/airflow/.local/lib/python3.7/site-packages/airflow/example_dags/example_short_circuit_decorator.py for tasks to queue
[2023-03-07T00:03:57.662+0000] {logging_mixin.py:137} INFO - [2023-03-07T00:03:57.661+0000] {dagbag.py:538} INFO - Filling up the DagBag from /home/airflow/.local/lib/python3.7/site-packages/airflow/example_dags/example_short_circuit_decorator.py
[2023-03-07T00:03:57.720+0000] {processor.py:753} INFO - DAG(s) dict_keys(['example_short_circuit_decorator']) retrieved from /home/airflow/.local/lib/python3.7/site-packages/airflow/example_dags/example_short_circuit_decorator.py
[2023-03-07T00:03:57.785+0000] {logging_mixin.py:137} INFO - [2023-03-07T00:03:57.785+0000] {dag.py:2690} INFO - Sync 1 DAGs
[2023-03-07T00:03:57.856+0000] {logging_mixin.py:137} INFO - [2023-03-07T00:03:57.856+0000] {dag.py:3441} INFO - Setting next_dagrun for example_short_circuit_decorator to 2023-03-06T00:03:57.855099+00:00, run_after=2023-03-07T00:03:57.855099+00:00
[2023-03-07T00:03:57.936+0000] {processor.py:175} INFO - Processing /home/airflow/.local/lib/python3.7/site-packages/airflow/example_dags/example_short_circuit_decorator.py took 0.292 seconds
[2023-03-07T00:04:28.200+0000] {processor.py:153} INFO - Started process (PID=2342) to work on /home/airflow/.local/lib/python3.7/site-packages/airflow/example_dags/example_short_circuit_decorator.py
[2023-03-07T00:04:28.220+0000] {processor.py:743} INFO - Processing file /home/airflow/.local/lib/python3.7/site-packages/airflow/example_dags/example_short_circuit_decorator.py for tasks to queue
[2023-03-07T00:04:28.223+0000] {logging_mixin.py:137} INFO - [2023-03-07T00:04:28.223+0000] {dagbag.py:538} INFO - Filling up the DagBag from /home/airflow/.local/lib/python3.7/site-packages/airflow/example_dags/example_short_circuit_decorator.py
[2023-03-07T00:04:28.354+0000] {processor.py:753} INFO - DAG(s) dict_keys(['example_short_circuit_decorator']) retrieved from /home/airflow/.local/lib/python3.7/site-packages/airflow/example_dags/example_short_circuit_decorator.py
[2023-03-07T00:04:28.469+0000] {logging_mixin.py:137} INFO - [2023-03-07T00:04:28.469+0000] {dag.py:2690} INFO - Sync 1 DAGs
[2023-03-07T00:04:28.580+0000] {logging_mixin.py:137} INFO - [2023-03-07T00:04:28.579+0000] {dag.py:3441} INFO - Setting next_dagrun for example_short_circuit_decorator to 2023-03-06T00:04:28.578848+00:00, run_after=2023-03-07T00:04:28.578848+00:00
[2023-03-07T00:04:28.671+0000] {processor.py:175} INFO - Processing /home/airflow/.local/lib/python3.7/site-packages/airflow/example_dags/example_short_circuit_decorator.py took 0.493 seconds
[2023-03-07T00:04:58.931+0000] {processor.py:153} INFO - Started process (PID=2413) to work on /home/airflow/.local/lib/python3.7/site-packages/airflow/example_dags/example_short_circuit_decorator.py
[2023-03-07T00:04:58.937+0000] {processor.py:743} INFO - Processing file /home/airflow/.local/lib/python3.7/site-packages/airflow/example_dags/example_short_circuit_decorator.py for tasks to queue
[2023-03-07T00:04:58.942+0000] {logging_mixin.py:137} INFO - [2023-03-07T00:04:58.942+0000] {dagbag.py:538} INFO - Filling up the DagBag from /home/airflow/.local/lib/python3.7/site-packages/airflow/example_dags/example_short_circuit_decorator.py
[2023-03-07T00:04:59.037+0000] {processor.py:753} INFO - DAG(s) dict_keys(['example_short_circuit_decorator']) retrieved from /home/airflow/.local/lib/python3.7/site-packages/airflow/example_dags/example_short_circuit_decorator.py
[2023-03-07T00:04:59.131+0000] {logging_mixin.py:137} INFO - [2023-03-07T00:04:59.131+0000] {dag.py:2690} INFO - Sync 1 DAGs
[2023-03-07T00:04:59.292+0000] {logging_mixin.py:137} INFO - [2023-03-07T00:04:59.292+0000] {dag.py:3441} INFO - Setting next_dagrun for example_short_circuit_decorator to 2023-03-06T00:04:59.291749+00:00, run_after=2023-03-07T00:04:59.291749+00:00
[2023-03-07T00:04:59.404+0000] {processor.py:175} INFO - Processing /home/airflow/.local/lib/python3.7/site-packages/airflow/example_dags/example_short_circuit_decorator.py took 0.485 seconds
[2023-03-07T00:05:34.910+0000] {processor.py:153} INFO - Started process (PID=2482) to work on /home/airflow/.local/lib/python3.7/site-packages/airflow/example_dags/example_short_circuit_decorator.py
[2023-03-07T00:05:34.950+0000] {processor.py:743} INFO - Processing file /home/airflow/.local/lib/python3.7/site-packages/airflow/example_dags/example_short_circuit_decorator.py for tasks to queue
[2023-03-07T00:05:34.964+0000] {logging_mixin.py:137} INFO - [2023-03-07T00:05:34.963+0000] {dagbag.py:538} INFO - Filling up the DagBag from /home/airflow/.local/lib/python3.7/site-packages/airflow/example_dags/example_short_circuit_decorator.py
[2023-03-07T00:05:35.199+0000] {processor.py:753} INFO - DAG(s) dict_keys(['example_short_circuit_decorator']) retrieved from /home/airflow/.local/lib/python3.7/site-packages/airflow/example_dags/example_short_circuit_decorator.py
[2023-03-07T00:05:35.533+0000] {logging_mixin.py:137} INFO - [2023-03-07T00:05:35.532+0000] {dag.py:2690} INFO - Sync 1 DAGs
[2023-03-07T00:05:35.995+0000] {logging_mixin.py:137} INFO - [2023-03-07T00:05:35.994+0000] {dag.py:3441} INFO - Setting next_dagrun for example_short_circuit_decorator to 2023-03-06T00:05:35.993355+00:00, run_after=2023-03-07T00:05:35.993355+00:00
[2023-03-07T00:05:36.371+0000] {processor.py:175} INFO - Processing /home/airflow/.local/lib/python3.7/site-packages/airflow/example_dags/example_short_circuit_decorator.py took 1.490 seconds
[2023-03-07T00:06:12.563+0000] {processor.py:153} INFO - Started process (PID=2553) to work on /home/airflow/.local/lib/python3.7/site-packages/airflow/example_dags/example_short_circuit_decorator.py
[2023-03-07T00:06:12.577+0000] {processor.py:743} INFO - Processing file /home/airflow/.local/lib/python3.7/site-packages/airflow/example_dags/example_short_circuit_decorator.py for tasks to queue
[2023-03-07T00:06:12.598+0000] {logging_mixin.py:137} INFO - [2023-03-07T00:06:12.595+0000] {dagbag.py:538} INFO - Filling up the DagBag from /home/airflow/.local/lib/python3.7/site-packages/airflow/example_dags/example_short_circuit_decorator.py
[2023-03-07T00:06:13.036+0000] {processor.py:753} INFO - DAG(s) dict_keys(['example_short_circuit_decorator']) retrieved from /home/airflow/.local/lib/python3.7/site-packages/airflow/example_dags/example_short_circuit_decorator.py
[2023-03-07T00:06:13.300+0000] {logging_mixin.py:137} INFO - [2023-03-07T00:06:13.299+0000] {dag.py:2690} INFO - Sync 1 DAGs
[2023-03-07T00:06:13.557+0000] {logging_mixin.py:137} INFO - [2023-03-07T00:06:13.556+0000] {dag.py:3441} INFO - Setting next_dagrun for example_short_circuit_decorator to 2023-03-06T00:06:13.555460+00:00, run_after=2023-03-07T00:06:13.555460+00:00
[2023-03-07T00:06:13.818+0000] {processor.py:175} INFO - Processing /home/airflow/.local/lib/python3.7/site-packages/airflow/example_dags/example_short_circuit_decorator.py took 1.273 seconds
[2023-03-07T00:06:44.646+0000] {processor.py:153} INFO - Started process (PID=2625) to work on /home/airflow/.local/lib/python3.7/site-packages/airflow/example_dags/example_short_circuit_decorator.py
[2023-03-07T00:06:44.652+0000] {processor.py:743} INFO - Processing file /home/airflow/.local/lib/python3.7/site-packages/airflow/example_dags/example_short_circuit_decorator.py for tasks to queue
[2023-03-07T00:06:44.658+0000] {logging_mixin.py:137} INFO - [2023-03-07T00:06:44.658+0000] {dagbag.py:538} INFO - Filling up the DagBag from /home/airflow/.local/lib/python3.7/site-packages/airflow/example_dags/example_short_circuit_decorator.py
[2023-03-07T00:06:44.750+0000] {processor.py:753} INFO - DAG(s) dict_keys(['example_short_circuit_decorator']) retrieved from /home/airflow/.local/lib/python3.7/site-packages/airflow/example_dags/example_short_circuit_decorator.py
[2023-03-07T00:06:44.837+0000] {logging_mixin.py:137} INFO - [2023-03-07T00:06:44.837+0000] {dag.py:2690} INFO - Sync 1 DAGs
[2023-03-07T00:06:44.916+0000] {logging_mixin.py:137} INFO - [2023-03-07T00:06:44.916+0000] {dag.py:3441} INFO - Setting next_dagrun for example_short_circuit_decorator to 2023-03-06T00:06:44.915394+00:00, run_after=2023-03-07T00:06:44.915394+00:00
[2023-03-07T00:06:44.976+0000] {processor.py:175} INFO - Processing /home/airflow/.local/lib/python3.7/site-packages/airflow/example_dags/example_short_circuit_decorator.py took 0.340 seconds
[2023-03-07T00:07:15.761+0000] {processor.py:153} INFO - Started process (PID=2699) to work on /home/airflow/.local/lib/python3.7/site-packages/airflow/example_dags/example_short_circuit_decorator.py
[2023-03-07T00:07:15.766+0000] {processor.py:743} INFO - Processing file /home/airflow/.local/lib/python3.7/site-packages/airflow/example_dags/example_short_circuit_decorator.py for tasks to queue
[2023-03-07T00:07:15.770+0000] {logging_mixin.py:137} INFO - [2023-03-07T00:07:15.770+0000] {dagbag.py:538} INFO - Filling up the DagBag from /home/airflow/.local/lib/python3.7/site-packages/airflow/example_dags/example_short_circuit_decorator.py
[2023-03-07T00:07:15.820+0000] {processor.py:753} INFO - DAG(s) dict_keys(['example_short_circuit_decorator']) retrieved from /home/airflow/.local/lib/python3.7/site-packages/airflow/example_dags/example_short_circuit_decorator.py
[2023-03-07T00:07:15.882+0000] {logging_mixin.py:137} INFO - [2023-03-07T00:07:15.882+0000] {dag.py:2690} INFO - Sync 1 DAGs
[2023-03-07T00:07:15.937+0000] {logging_mixin.py:137} INFO - [2023-03-07T00:07:15.936+0000] {dag.py:3441} INFO - Setting next_dagrun for example_short_circuit_decorator to 2023-03-06T00:07:15.936352+00:00, run_after=2023-03-07T00:07:15.936352+00:00
[2023-03-07T00:07:15.986+0000] {processor.py:175} INFO - Processing /home/airflow/.local/lib/python3.7/site-packages/airflow/example_dags/example_short_circuit_decorator.py took 0.232 seconds
[2023-03-07T00:07:46.288+0000] {processor.py:153} INFO - Started process (PID=2769) to work on /home/airflow/.local/lib/python3.7/site-packages/airflow/example_dags/example_short_circuit_decorator.py
[2023-03-07T00:07:46.292+0000] {processor.py:743} INFO - Processing file /home/airflow/.local/lib/python3.7/site-packages/airflow/example_dags/example_short_circuit_decorator.py for tasks to queue
[2023-03-07T00:07:46.296+0000] {logging_mixin.py:137} INFO - [2023-03-07T00:07:46.296+0000] {dagbag.py:538} INFO - Filling up the DagBag from /home/airflow/.local/lib/python3.7/site-packages/airflow/example_dags/example_short_circuit_decorator.py
[2023-03-07T00:07:46.347+0000] {processor.py:753} INFO - DAG(s) dict_keys(['example_short_circuit_decorator']) retrieved from /home/airflow/.local/lib/python3.7/site-packages/airflow/example_dags/example_short_circuit_decorator.py
[2023-03-07T00:07:46.417+0000] {logging_mixin.py:137} INFO - [2023-03-07T00:07:46.416+0000] {dag.py:2690} INFO - Sync 1 DAGs
[2023-03-07T00:07:46.502+0000] {logging_mixin.py:137} INFO - [2023-03-07T00:07:46.502+0000] {dag.py:3441} INFO - Setting next_dagrun for example_short_circuit_decorator to 2023-03-06T00:07:46.501711+00:00, run_after=2023-03-07T00:07:46.501711+00:00
[2023-03-07T00:07:46.551+0000] {processor.py:175} INFO - Processing /home/airflow/.local/lib/python3.7/site-packages/airflow/example_dags/example_short_circuit_decorator.py took 0.271 seconds
[2023-03-07T00:08:16.657+0000] {processor.py:153} INFO - Started process (PID=2839) to work on /home/airflow/.local/lib/python3.7/site-packages/airflow/example_dags/example_short_circuit_decorator.py
[2023-03-07T00:08:16.665+0000] {processor.py:743} INFO - Processing file /home/airflow/.local/lib/python3.7/site-packages/airflow/example_dags/example_short_circuit_decorator.py for tasks to queue
[2023-03-07T00:08:16.670+0000] {logging_mixin.py:137} INFO - [2023-03-07T00:08:16.670+0000] {dagbag.py:538} INFO - Filling up the DagBag from /home/airflow/.local/lib/python3.7/site-packages/airflow/example_dags/example_short_circuit_decorator.py
[2023-03-07T00:08:16.769+0000] {processor.py:753} INFO - DAG(s) dict_keys(['example_short_circuit_decorator']) retrieved from /home/airflow/.local/lib/python3.7/site-packages/airflow/example_dags/example_short_circuit_decorator.py
[2023-03-07T00:08:16.848+0000] {logging_mixin.py:137} INFO - [2023-03-07T00:08:16.848+0000] {dag.py:2690} INFO - Sync 1 DAGs
[2023-03-07T00:08:16.913+0000] {logging_mixin.py:137} INFO - [2023-03-07T00:08:16.913+0000] {dag.py:3441} INFO - Setting next_dagrun for example_short_circuit_decorator to 2023-03-06T00:08:16.912897+00:00, run_after=2023-03-07T00:08:16.912897+00:00
[2023-03-07T00:08:16.961+0000] {processor.py:175} INFO - Processing /home/airflow/.local/lib/python3.7/site-packages/airflow/example_dags/example_short_circuit_decorator.py took 0.318 seconds
[2023-03-07T00:08:47.629+0000] {processor.py:153} INFO - Started process (PID=2909) to work on /home/airflow/.local/lib/python3.7/site-packages/airflow/example_dags/example_short_circuit_decorator.py
[2023-03-07T00:08:47.633+0000] {processor.py:743} INFO - Processing file /home/airflow/.local/lib/python3.7/site-packages/airflow/example_dags/example_short_circuit_decorator.py for tasks to queue
[2023-03-07T00:08:47.637+0000] {logging_mixin.py:137} INFO - [2023-03-07T00:08:47.637+0000] {dagbag.py:538} INFO - Filling up the DagBag from /home/airflow/.local/lib/python3.7/site-packages/airflow/example_dags/example_short_circuit_decorator.py
[2023-03-07T00:08:47.699+0000] {processor.py:753} INFO - DAG(s) dict_keys(['example_short_circuit_decorator']) retrieved from /home/airflow/.local/lib/python3.7/site-packages/airflow/example_dags/example_short_circuit_decorator.py
[2023-03-07T00:08:47.759+0000] {logging_mixin.py:137} INFO - [2023-03-07T00:08:47.759+0000] {dag.py:2690} INFO - Sync 1 DAGs
[2023-03-07T00:08:47.817+0000] {logging_mixin.py:137} INFO - [2023-03-07T00:08:47.816+0000] {dag.py:3441} INFO - Setting next_dagrun for example_short_circuit_decorator to 2023-03-06T00:08:47.816458+00:00, run_after=2023-03-07T00:08:47.816458+00:00
[2023-03-07T00:08:47.858+0000] {processor.py:175} INFO - Processing /home/airflow/.local/lib/python3.7/site-packages/airflow/example_dags/example_short_circuit_decorator.py took 0.240 seconds
[2023-03-07T00:09:18.130+0000] {processor.py:153} INFO - Started process (PID=2981) to work on /home/airflow/.local/lib/python3.7/site-packages/airflow/example_dags/example_short_circuit_decorator.py
[2023-03-07T00:09:18.148+0000] {processor.py:743} INFO - Processing file /home/airflow/.local/lib/python3.7/site-packages/airflow/example_dags/example_short_circuit_decorator.py for tasks to queue
[2023-03-07T00:09:18.161+0000] {logging_mixin.py:137} INFO - [2023-03-07T00:09:18.160+0000] {dagbag.py:538} INFO - Filling up the DagBag from /home/airflow/.local/lib/python3.7/site-packages/airflow/example_dags/example_short_circuit_decorator.py
[2023-03-07T00:09:18.254+0000] {processor.py:753} INFO - DAG(s) dict_keys(['example_short_circuit_decorator']) retrieved from /home/airflow/.local/lib/python3.7/site-packages/airflow/example_dags/example_short_circuit_decorator.py
[2023-03-07T00:09:18.388+0000] {logging_mixin.py:137} INFO - [2023-03-07T00:09:18.386+0000] {dag.py:2690} INFO - Sync 1 DAGs
[2023-03-07T00:09:18.716+0000] {logging_mixin.py:137} INFO - [2023-03-07T00:09:18.716+0000] {dag.py:3441} INFO - Setting next_dagrun for example_short_circuit_decorator to 2023-03-06T00:09:18.715294+00:00, run_after=2023-03-07T00:09:18.715294+00:00
[2023-03-07T00:09:18.930+0000] {processor.py:175} INFO - Processing /home/airflow/.local/lib/python3.7/site-packages/airflow/example_dags/example_short_circuit_decorator.py took 0.815 seconds
[2023-03-07T00:09:50.189+0000] {processor.py:153} INFO - Started process (PID=3050) to work on /home/airflow/.local/lib/python3.7/site-packages/airflow/example_dags/example_short_circuit_decorator.py
[2023-03-07T00:09:50.213+0000] {processor.py:743} INFO - Processing file /home/airflow/.local/lib/python3.7/site-packages/airflow/example_dags/example_short_circuit_decorator.py for tasks to queue
[2023-03-07T00:09:50.219+0000] {logging_mixin.py:137} INFO - [2023-03-07T00:09:50.219+0000] {dagbag.py:538} INFO - Filling up the DagBag from /home/airflow/.local/lib/python3.7/site-packages/airflow/example_dags/example_short_circuit_decorator.py
[2023-03-07T00:09:50.361+0000] {processor.py:753} INFO - DAG(s) dict_keys(['example_short_circuit_decorator']) retrieved from /home/airflow/.local/lib/python3.7/site-packages/airflow/example_dags/example_short_circuit_decorator.py
[2023-03-07T00:09:50.461+0000] {logging_mixin.py:137} INFO - [2023-03-07T00:09:50.461+0000] {dag.py:2690} INFO - Sync 1 DAGs
[2023-03-07T00:09:50.635+0000] {logging_mixin.py:137} INFO - [2023-03-07T00:09:50.633+0000] {dag.py:3441} INFO - Setting next_dagrun for example_short_circuit_decorator to 2023-03-06T00:09:50.632517+00:00, run_after=2023-03-07T00:09:50.632517+00:00
[2023-03-07T00:09:50.771+0000] {processor.py:175} INFO - Processing /home/airflow/.local/lib/python3.7/site-packages/airflow/example_dags/example_short_circuit_decorator.py took 0.641 seconds
[2023-03-07T00:10:21.581+0000] {processor.py:153} INFO - Started process (PID=3121) to work on /home/airflow/.local/lib/python3.7/site-packages/airflow/example_dags/example_short_circuit_decorator.py
[2023-03-07T00:10:21.586+0000] {processor.py:743} INFO - Processing file /home/airflow/.local/lib/python3.7/site-packages/airflow/example_dags/example_short_circuit_decorator.py for tasks to queue
[2023-03-07T00:10:21.591+0000] {logging_mixin.py:137} INFO - [2023-03-07T00:10:21.591+0000] {dagbag.py:538} INFO - Filling up the DagBag from /home/airflow/.local/lib/python3.7/site-packages/airflow/example_dags/example_short_circuit_decorator.py
[2023-03-07T00:10:21.653+0000] {processor.py:753} INFO - DAG(s) dict_keys(['example_short_circuit_decorator']) retrieved from /home/airflow/.local/lib/python3.7/site-packages/airflow/example_dags/example_short_circuit_decorator.py
[2023-03-07T00:10:21.714+0000] {logging_mixin.py:137} INFO - [2023-03-07T00:10:21.714+0000] {dag.py:2690} INFO - Sync 1 DAGs
[2023-03-07T00:10:21.784+0000] {logging_mixin.py:137} INFO - [2023-03-07T00:10:21.783+0000] {dag.py:3441} INFO - Setting next_dagrun for example_short_circuit_decorator to 2023-03-06T00:10:21.783083+00:00, run_after=2023-03-07T00:10:21.783083+00:00
[2023-03-07T00:10:21.830+0000] {processor.py:175} INFO - Processing /home/airflow/.local/lib/python3.7/site-packages/airflow/example_dags/example_short_circuit_decorator.py took 0.269 seconds
[2023-03-07T00:10:52.543+0000] {processor.py:153} INFO - Started process (PID=3192) to work on /home/airflow/.local/lib/python3.7/site-packages/airflow/example_dags/example_short_circuit_decorator.py
[2023-03-07T00:10:52.547+0000] {processor.py:743} INFO - Processing file /home/airflow/.local/lib/python3.7/site-packages/airflow/example_dags/example_short_circuit_decorator.py for tasks to queue
[2023-03-07T00:10:52.554+0000] {logging_mixin.py:137} INFO - [2023-03-07T00:10:52.553+0000] {dagbag.py:538} INFO - Filling up the DagBag from /home/airflow/.local/lib/python3.7/site-packages/airflow/example_dags/example_short_circuit_decorator.py
[2023-03-07T00:10:52.646+0000] {processor.py:753} INFO - DAG(s) dict_keys(['example_short_circuit_decorator']) retrieved from /home/airflow/.local/lib/python3.7/site-packages/airflow/example_dags/example_short_circuit_decorator.py
[2023-03-07T00:10:52.793+0000] {logging_mixin.py:137} INFO - [2023-03-07T00:10:52.789+0000] {dag.py:2690} INFO - Sync 1 DAGs
[2023-03-07T00:10:52.917+0000] {logging_mixin.py:137} INFO - [2023-03-07T00:10:52.916+0000] {dag.py:3441} INFO - Setting next_dagrun for example_short_circuit_decorator to 2023-03-06T00:10:52.915596+00:00, run_after=2023-03-07T00:10:52.915596+00:00
[2023-03-07T00:10:53.000+0000] {processor.py:175} INFO - Processing /home/airflow/.local/lib/python3.7/site-packages/airflow/example_dags/example_short_circuit_decorator.py took 0.476 seconds
[2023-03-07T00:11:23.367+0000] {processor.py:153} INFO - Started process (PID=3263) to work on /home/airflow/.local/lib/python3.7/site-packages/airflow/example_dags/example_short_circuit_decorator.py
[2023-03-07T00:11:23.374+0000] {processor.py:743} INFO - Processing file /home/airflow/.local/lib/python3.7/site-packages/airflow/example_dags/example_short_circuit_decorator.py for tasks to queue
[2023-03-07T00:11:23.379+0000] {logging_mixin.py:137} INFO - [2023-03-07T00:11:23.378+0000] {dagbag.py:538} INFO - Filling up the DagBag from /home/airflow/.local/lib/python3.7/site-packages/airflow/example_dags/example_short_circuit_decorator.py
[2023-03-07T00:11:23.483+0000] {processor.py:753} INFO - DAG(s) dict_keys(['example_short_circuit_decorator']) retrieved from /home/airflow/.local/lib/python3.7/site-packages/airflow/example_dags/example_short_circuit_decorator.py
[2023-03-07T00:11:23.571+0000] {logging_mixin.py:137} INFO - [2023-03-07T00:11:23.570+0000] {dag.py:2690} INFO - Sync 1 DAGs
[2023-03-07T00:11:23.752+0000] {logging_mixin.py:137} INFO - [2023-03-07T00:11:23.752+0000] {dag.py:3441} INFO - Setting next_dagrun for example_short_circuit_decorator to 2023-03-06T00:11:23.751291+00:00, run_after=2023-03-07T00:11:23.751291+00:00
[2023-03-07T00:11:23.823+0000] {processor.py:175} INFO - Processing /home/airflow/.local/lib/python3.7/site-packages/airflow/example_dags/example_short_circuit_decorator.py took 0.480 seconds
[2023-03-07T00:11:54.290+0000] {processor.py:153} INFO - Started process (PID=3334) to work on /home/airflow/.local/lib/python3.7/site-packages/airflow/example_dags/example_short_circuit_decorator.py
[2023-03-07T00:11:54.297+0000] {processor.py:743} INFO - Processing file /home/airflow/.local/lib/python3.7/site-packages/airflow/example_dags/example_short_circuit_decorator.py for tasks to queue
[2023-03-07T00:11:54.302+0000] {logging_mixin.py:137} INFO - [2023-03-07T00:11:54.301+0000] {dagbag.py:538} INFO - Filling up the DagBag from /home/airflow/.local/lib/python3.7/site-packages/airflow/example_dags/example_short_circuit_decorator.py
[2023-03-07T00:11:54.381+0000] {processor.py:753} INFO - DAG(s) dict_keys(['example_short_circuit_decorator']) retrieved from /home/airflow/.local/lib/python3.7/site-packages/airflow/example_dags/example_short_circuit_decorator.py
[2023-03-07T00:11:54.475+0000] {logging_mixin.py:137} INFO - [2023-03-07T00:11:54.475+0000] {dag.py:2690} INFO - Sync 1 DAGs
[2023-03-07T00:11:54.565+0000] {logging_mixin.py:137} INFO - [2023-03-07T00:11:54.565+0000] {dag.py:3441} INFO - Setting next_dagrun for example_short_circuit_decorator to 2023-03-06T00:11:54.564680+00:00, run_after=2023-03-07T00:11:54.564680+00:00
[2023-03-07T00:11:54.651+0000] {processor.py:175} INFO - Processing /home/airflow/.local/lib/python3.7/site-packages/airflow/example_dags/example_short_circuit_decorator.py took 0.390 seconds
[2023-03-07T00:12:24.742+0000] {processor.py:153} INFO - Started process (PID=3404) to work on /home/airflow/.local/lib/python3.7/site-packages/airflow/example_dags/example_short_circuit_decorator.py
[2023-03-07T00:12:24.745+0000] {processor.py:743} INFO - Processing file /home/airflow/.local/lib/python3.7/site-packages/airflow/example_dags/example_short_circuit_decorator.py for tasks to queue
[2023-03-07T00:12:24.747+0000] {logging_mixin.py:137} INFO - [2023-03-07T00:12:24.747+0000] {dagbag.py:538} INFO - Filling up the DagBag from /home/airflow/.local/lib/python3.7/site-packages/airflow/example_dags/example_short_circuit_decorator.py
[2023-03-07T00:12:24.798+0000] {processor.py:753} INFO - DAG(s) dict_keys(['example_short_circuit_decorator']) retrieved from /home/airflow/.local/lib/python3.7/site-packages/airflow/example_dags/example_short_circuit_decorator.py
[2023-03-07T00:12:24.849+0000] {logging_mixin.py:137} INFO - [2023-03-07T00:12:24.849+0000] {dag.py:2690} INFO - Sync 1 DAGs
[2023-03-07T00:12:24.899+0000] {logging_mixin.py:137} INFO - [2023-03-07T00:12:24.899+0000] {dag.py:3441} INFO - Setting next_dagrun for example_short_circuit_decorator to 2023-03-06T00:12:24.898691+00:00, run_after=2023-03-07T00:12:24.898691+00:00
[2023-03-07T00:12:24.937+0000] {processor.py:175} INFO - Processing /home/airflow/.local/lib/python3.7/site-packages/airflow/example_dags/example_short_circuit_decorator.py took 0.204 seconds
[2023-03-07T00:12:55.307+0000] {processor.py:153} INFO - Started process (PID=3475) to work on /home/airflow/.local/lib/python3.7/site-packages/airflow/example_dags/example_short_circuit_decorator.py
[2023-03-07T00:12:55.311+0000] {processor.py:743} INFO - Processing file /home/airflow/.local/lib/python3.7/site-packages/airflow/example_dags/example_short_circuit_decorator.py for tasks to queue
[2023-03-07T00:12:55.315+0000] {logging_mixin.py:137} INFO - [2023-03-07T00:12:55.315+0000] {dagbag.py:538} INFO - Filling up the DagBag from /home/airflow/.local/lib/python3.7/site-packages/airflow/example_dags/example_short_circuit_decorator.py
[2023-03-07T00:12:55.385+0000] {processor.py:753} INFO - DAG(s) dict_keys(['example_short_circuit_decorator']) retrieved from /home/airflow/.local/lib/python3.7/site-packages/airflow/example_dags/example_short_circuit_decorator.py
[2023-03-07T00:12:55.453+0000] {logging_mixin.py:137} INFO - [2023-03-07T00:12:55.453+0000] {dag.py:2690} INFO - Sync 1 DAGs
[2023-03-07T00:12:55.517+0000] {logging_mixin.py:137} INFO - [2023-03-07T00:12:55.516+0000] {dag.py:3441} INFO - Setting next_dagrun for example_short_circuit_decorator to 2023-03-06T00:12:55.516141+00:00, run_after=2023-03-07T00:12:55.516141+00:00
[2023-03-07T00:12:55.572+0000] {processor.py:175} INFO - Processing /home/airflow/.local/lib/python3.7/site-packages/airflow/example_dags/example_short_circuit_decorator.py took 0.277 seconds
[2023-03-07T00:13:39.637+0000] {processor.py:153} INFO - Started process (PID=3546) to work on /home/airflow/.local/lib/python3.7/site-packages/airflow/example_dags/example_short_circuit_decorator.py
[2023-03-07T00:13:39.651+0000] {processor.py:743} INFO - Processing file /home/airflow/.local/lib/python3.7/site-packages/airflow/example_dags/example_short_circuit_decorator.py for tasks to queue
[2023-03-07T00:13:39.679+0000] {logging_mixin.py:137} INFO - [2023-03-07T00:13:39.678+0000] {dagbag.py:538} INFO - Filling up the DagBag from /home/airflow/.local/lib/python3.7/site-packages/airflow/example_dags/example_short_circuit_decorator.py
[2023-03-07T00:13:39.959+0000] {processor.py:753} INFO - DAG(s) dict_keys(['example_short_circuit_decorator']) retrieved from /home/airflow/.local/lib/python3.7/site-packages/airflow/example_dags/example_short_circuit_decorator.py
[2023-03-07T00:13:40.209+0000] {logging_mixin.py:137} INFO - [2023-03-07T00:13:40.208+0000] {dag.py:2690} INFO - Sync 1 DAGs
[2023-03-07T00:13:40.363+0000] {logging_mixin.py:137} INFO - [2023-03-07T00:13:40.362+0000] {dag.py:3441} INFO - Setting next_dagrun for example_short_circuit_decorator to 2023-03-06T00:13:40.361771+00:00, run_after=2023-03-07T00:13:40.361771+00:00
[2023-03-07T00:13:40.457+0000] {processor.py:175} INFO - Processing /home/airflow/.local/lib/python3.7/site-packages/airflow/example_dags/example_short_circuit_decorator.py took 0.916 seconds
[2023-03-07T00:14:11.260+0000] {processor.py:153} INFO - Started process (PID=3615) to work on /home/airflow/.local/lib/python3.7/site-packages/airflow/example_dags/example_short_circuit_decorator.py
[2023-03-07T00:14:11.268+0000] {processor.py:743} INFO - Processing file /home/airflow/.local/lib/python3.7/site-packages/airflow/example_dags/example_short_circuit_decorator.py for tasks to queue
[2023-03-07T00:14:11.281+0000] {logging_mixin.py:137} INFO - [2023-03-07T00:14:11.281+0000] {dagbag.py:538} INFO - Filling up the DagBag from /home/airflow/.local/lib/python3.7/site-packages/airflow/example_dags/example_short_circuit_decorator.py
[2023-03-07T00:14:11.453+0000] {processor.py:753} INFO - DAG(s) dict_keys(['example_short_circuit_decorator']) retrieved from /home/airflow/.local/lib/python3.7/site-packages/airflow/example_dags/example_short_circuit_decorator.py
[2023-03-07T00:14:11.532+0000] {logging_mixin.py:137} INFO - [2023-03-07T00:14:11.532+0000] {dag.py:2690} INFO - Sync 1 DAGs
[2023-03-07T00:14:11.663+0000] {logging_mixin.py:137} INFO - [2023-03-07T00:14:11.663+0000] {dag.py:3441} INFO - Setting next_dagrun for example_short_circuit_decorator to 2023-03-06T00:14:11.662475+00:00, run_after=2023-03-07T00:14:11.662475+00:00
[2023-03-07T00:14:11.734+0000] {processor.py:175} INFO - Processing /home/airflow/.local/lib/python3.7/site-packages/airflow/example_dags/example_short_circuit_decorator.py took 0.501 seconds
[2023-03-07T00:14:42.480+0000] {processor.py:153} INFO - Started process (PID=3682) to work on /home/airflow/.local/lib/python3.7/site-packages/airflow/example_dags/example_short_circuit_decorator.py
[2023-03-07T00:14:42.483+0000] {processor.py:743} INFO - Processing file /home/airflow/.local/lib/python3.7/site-packages/airflow/example_dags/example_short_circuit_decorator.py for tasks to queue
[2023-03-07T00:14:42.486+0000] {logging_mixin.py:137} INFO - [2023-03-07T00:14:42.486+0000] {dagbag.py:538} INFO - Filling up the DagBag from /home/airflow/.local/lib/python3.7/site-packages/airflow/example_dags/example_short_circuit_decorator.py
[2023-03-07T00:14:42.540+0000] {processor.py:753} INFO - DAG(s) dict_keys(['example_short_circuit_decorator']) retrieved from /home/airflow/.local/lib/python3.7/site-packages/airflow/example_dags/example_short_circuit_decorator.py
[2023-03-07T00:14:42.593+0000] {logging_mixin.py:137} INFO - [2023-03-07T00:14:42.593+0000] {dag.py:2690} INFO - Sync 1 DAGs
[2023-03-07T00:14:42.652+0000] {logging_mixin.py:137} INFO - [2023-03-07T00:14:42.652+0000] {dag.py:3441} INFO - Setting next_dagrun for example_short_circuit_decorator to 2023-03-06T00:14:42.651906+00:00, run_after=2023-03-07T00:14:42.651906+00:00
[2023-03-07T00:14:42.689+0000] {processor.py:175} INFO - Processing /home/airflow/.local/lib/python3.7/site-packages/airflow/example_dags/example_short_circuit_decorator.py took 0.218 seconds
[2023-03-07T00:16:27.584+0000] {processor.py:153} INFO - Started process (PID=3761) to work on /home/airflow/.local/lib/python3.7/site-packages/airflow/example_dags/example_short_circuit_decorator.py
[2023-03-07T00:16:27.589+0000] {processor.py:743} INFO - Processing file /home/airflow/.local/lib/python3.7/site-packages/airflow/example_dags/example_short_circuit_decorator.py for tasks to queue
[2023-03-07T00:16:27.594+0000] {logging_mixin.py:137} INFO - [2023-03-07T00:16:27.593+0000] {dagbag.py:538} INFO - Filling up the DagBag from /home/airflow/.local/lib/python3.7/site-packages/airflow/example_dags/example_short_circuit_decorator.py
[2023-03-07T00:16:27.719+0000] {processor.py:753} INFO - DAG(s) dict_keys(['example_short_circuit_decorator']) retrieved from /home/airflow/.local/lib/python3.7/site-packages/airflow/example_dags/example_short_circuit_decorator.py
[2023-03-07T00:16:27.819+0000] {logging_mixin.py:137} INFO - [2023-03-07T00:16:27.819+0000] {dag.py:2690} INFO - Sync 1 DAGs
[2023-03-07T00:16:27.982+0000] {logging_mixin.py:137} INFO - [2023-03-07T00:16:27.982+0000] {dag.py:3441} INFO - Setting next_dagrun for example_short_circuit_decorator to 2023-03-06T00:16:27.981616+00:00, run_after=2023-03-07T00:16:27.981616+00:00
[2023-03-07T00:16:28.051+0000] {processor.py:175} INFO - Processing /home/airflow/.local/lib/python3.7/site-packages/airflow/example_dags/example_short_circuit_decorator.py took 0.481 seconds
[2023-03-07T00:17:02.538+0000] {processor.py:153} INFO - Started process (PID=3829) to work on /home/airflow/.local/lib/python3.7/site-packages/airflow/example_dags/example_short_circuit_decorator.py
[2023-03-07T00:17:02.549+0000] {processor.py:743} INFO - Processing file /home/airflow/.local/lib/python3.7/site-packages/airflow/example_dags/example_short_circuit_decorator.py for tasks to queue
[2023-03-07T00:17:02.558+0000] {logging_mixin.py:137} INFO - [2023-03-07T00:17:02.558+0000] {dagbag.py:538} INFO - Filling up the DagBag from /home/airflow/.local/lib/python3.7/site-packages/airflow/example_dags/example_short_circuit_decorator.py
[2023-03-07T00:17:02.649+0000] {processor.py:753} INFO - DAG(s) dict_keys(['example_short_circuit_decorator']) retrieved from /home/airflow/.local/lib/python3.7/site-packages/airflow/example_dags/example_short_circuit_decorator.py
[2023-03-07T00:17:02.734+0000] {logging_mixin.py:137} INFO - [2023-03-07T00:17:02.733+0000] {dag.py:2690} INFO - Sync 1 DAGs
[2023-03-07T00:17:02.814+0000] {logging_mixin.py:137} INFO - [2023-03-07T00:17:02.814+0000] {dag.py:3441} INFO - Setting next_dagrun for example_short_circuit_decorator to 2023-03-06T00:17:02.813196+00:00, run_after=2023-03-07T00:17:02.813196+00:00
[2023-03-07T00:17:02.891+0000] {processor.py:175} INFO - Processing /home/airflow/.local/lib/python3.7/site-packages/airflow/example_dags/example_short_circuit_decorator.py took 0.365 seconds
[2023-03-07T00:17:33.551+0000] {processor.py:153} INFO - Started process (PID=3898) to work on /home/airflow/.local/lib/python3.7/site-packages/airflow/example_dags/example_short_circuit_decorator.py
[2023-03-07T00:17:33.555+0000] {processor.py:743} INFO - Processing file /home/airflow/.local/lib/python3.7/site-packages/airflow/example_dags/example_short_circuit_decorator.py for tasks to queue
[2023-03-07T00:17:33.558+0000] {logging_mixin.py:137} INFO - [2023-03-07T00:17:33.558+0000] {dagbag.py:538} INFO - Filling up the DagBag from /home/airflow/.local/lib/python3.7/site-packages/airflow/example_dags/example_short_circuit_decorator.py
[2023-03-07T00:17:33.649+0000] {processor.py:753} INFO - DAG(s) dict_keys(['example_short_circuit_decorator']) retrieved from /home/airflow/.local/lib/python3.7/site-packages/airflow/example_dags/example_short_circuit_decorator.py
[2023-03-07T00:17:33.757+0000] {logging_mixin.py:137} INFO - [2023-03-07T00:17:33.756+0000] {dag.py:2690} INFO - Sync 1 DAGs
[2023-03-07T00:17:33.815+0000] {logging_mixin.py:137} INFO - [2023-03-07T00:17:33.814+0000] {dag.py:3441} INFO - Setting next_dagrun for example_short_circuit_decorator to 2023-03-06T00:17:33.814194+00:00, run_after=2023-03-07T00:17:33.814194+00:00
[2023-03-07T00:17:33.862+0000] {processor.py:175} INFO - Processing /home/airflow/.local/lib/python3.7/site-packages/airflow/example_dags/example_short_circuit_decorator.py took 0.317 seconds
[2023-03-07T00:18:04.597+0000] {processor.py:153} INFO - Started process (PID=3974) to work on /home/airflow/.local/lib/python3.7/site-packages/airflow/example_dags/example_short_circuit_decorator.py
[2023-03-07T00:18:04.601+0000] {processor.py:743} INFO - Processing file /home/airflow/.local/lib/python3.7/site-packages/airflow/example_dags/example_short_circuit_decorator.py for tasks to queue
[2023-03-07T00:18:04.608+0000] {logging_mixin.py:137} INFO - [2023-03-07T00:18:04.607+0000] {dagbag.py:538} INFO - Filling up the DagBag from /home/airflow/.local/lib/python3.7/site-packages/airflow/example_dags/example_short_circuit_decorator.py
[2023-03-07T00:18:04.704+0000] {processor.py:753} INFO - DAG(s) dict_keys(['example_short_circuit_decorator']) retrieved from /home/airflow/.local/lib/python3.7/site-packages/airflow/example_dags/example_short_circuit_decorator.py
[2023-03-07T00:18:04.772+0000] {logging_mixin.py:137} INFO - [2023-03-07T00:18:04.772+0000] {dag.py:2690} INFO - Sync 1 DAGs
[2023-03-07T00:18:04.832+0000] {logging_mixin.py:137} INFO - [2023-03-07T00:18:04.831+0000] {dag.py:3441} INFO - Setting next_dagrun for example_short_circuit_decorator to 2023-03-06T00:18:04.831157+00:00, run_after=2023-03-07T00:18:04.831157+00:00
[2023-03-07T00:18:04.884+0000] {processor.py:175} INFO - Processing /home/airflow/.local/lib/python3.7/site-packages/airflow/example_dags/example_short_circuit_decorator.py took 0.298 seconds
[2023-03-07T00:18:35.812+0000] {processor.py:153} INFO - Started process (PID=4045) to work on /home/airflow/.local/lib/python3.7/site-packages/airflow/example_dags/example_short_circuit_decorator.py
[2023-03-07T00:18:35.816+0000] {processor.py:743} INFO - Processing file /home/airflow/.local/lib/python3.7/site-packages/airflow/example_dags/example_short_circuit_decorator.py for tasks to queue
[2023-03-07T00:18:35.819+0000] {logging_mixin.py:137} INFO - [2023-03-07T00:18:35.818+0000] {dagbag.py:538} INFO - Filling up the DagBag from /home/airflow/.local/lib/python3.7/site-packages/airflow/example_dags/example_short_circuit_decorator.py
[2023-03-07T00:18:35.923+0000] {processor.py:753} INFO - DAG(s) dict_keys(['example_short_circuit_decorator']) retrieved from /home/airflow/.local/lib/python3.7/site-packages/airflow/example_dags/example_short_circuit_decorator.py
[2023-03-07T00:18:36.155+0000] {logging_mixin.py:137} INFO - [2023-03-07T00:18:36.155+0000] {dag.py:2690} INFO - Sync 1 DAGs
[2023-03-07T00:18:36.254+0000] {logging_mixin.py:137} INFO - [2023-03-07T00:18:36.253+0000] {dag.py:3441} INFO - Setting next_dagrun for example_short_circuit_decorator to 2023-03-06T00:18:36.253059+00:00, run_after=2023-03-07T00:18:36.253059+00:00
[2023-03-07T00:18:36.312+0000] {processor.py:175} INFO - Processing /home/airflow/.local/lib/python3.7/site-packages/airflow/example_dags/example_short_circuit_decorator.py took 0.507 seconds
[2023-03-07T00:19:19.343+0000] {processor.py:153} INFO - Started process (PID=4114) to work on /home/airflow/.local/lib/python3.7/site-packages/airflow/example_dags/example_short_circuit_decorator.py
[2023-03-07T00:19:19.353+0000] {processor.py:743} INFO - Processing file /home/airflow/.local/lib/python3.7/site-packages/airflow/example_dags/example_short_circuit_decorator.py for tasks to queue
[2023-03-07T00:19:19.360+0000] {logging_mixin.py:137} INFO - [2023-03-07T00:19:19.360+0000] {dagbag.py:538} INFO - Filling up the DagBag from /home/airflow/.local/lib/python3.7/site-packages/airflow/example_dags/example_short_circuit_decorator.py
[2023-03-07T00:19:19.486+0000] {processor.py:753} INFO - DAG(s) dict_keys(['example_short_circuit_decorator']) retrieved from /home/airflow/.local/lib/python3.7/site-packages/airflow/example_dags/example_short_circuit_decorator.py
[2023-03-07T00:19:19.637+0000] {logging_mixin.py:137} INFO - [2023-03-07T00:19:19.637+0000] {dag.py:2690} INFO - Sync 1 DAGs
[2023-03-07T00:19:19.776+0000] {logging_mixin.py:137} INFO - [2023-03-07T00:19:19.775+0000] {dag.py:3441} INFO - Setting next_dagrun for example_short_circuit_decorator to 2023-03-06T00:19:19.774758+00:00, run_after=2023-03-07T00:19:19.774758+00:00
[2023-03-07T00:19:19.840+0000] {processor.py:175} INFO - Processing /home/airflow/.local/lib/python3.7/site-packages/airflow/example_dags/example_short_circuit_decorator.py took 0.561 seconds
[2023-03-07T00:19:51.644+0000] {processor.py:153} INFO - Started process (PID=4185) to work on /home/airflow/.local/lib/python3.7/site-packages/airflow/example_dags/example_short_circuit_decorator.py
[2023-03-07T00:19:51.658+0000] {processor.py:743} INFO - Processing file /home/airflow/.local/lib/python3.7/site-packages/airflow/example_dags/example_short_circuit_decorator.py for tasks to queue
[2023-03-07T00:19:51.665+0000] {logging_mixin.py:137} INFO - [2023-03-07T00:19:51.664+0000] {dagbag.py:538} INFO - Filling up the DagBag from /home/airflow/.local/lib/python3.7/site-packages/airflow/example_dags/example_short_circuit_decorator.py
[2023-03-07T00:19:51.874+0000] {processor.py:753} INFO - DAG(s) dict_keys(['example_short_circuit_decorator']) retrieved from /home/airflow/.local/lib/python3.7/site-packages/airflow/example_dags/example_short_circuit_decorator.py
[2023-03-07T00:19:52.010+0000] {logging_mixin.py:137} INFO - [2023-03-07T00:19:52.010+0000] {dag.py:2690} INFO - Sync 1 DAGs
[2023-03-07T00:19:52.218+0000] {logging_mixin.py:137} INFO - [2023-03-07T00:19:52.217+0000] {dag.py:3441} INFO - Setting next_dagrun for example_short_circuit_decorator to 2023-03-06T00:19:52.215835+00:00, run_after=2023-03-07T00:19:52.215835+00:00
[2023-03-07T00:19:52.294+0000] {processor.py:175} INFO - Processing /home/airflow/.local/lib/python3.7/site-packages/airflow/example_dags/example_short_circuit_decorator.py took 0.676 seconds
[2023-03-07T00:20:22.913+0000] {processor.py:153} INFO - Started process (PID=4242) to work on /home/airflow/.local/lib/python3.7/site-packages/airflow/example_dags/example_short_circuit_decorator.py
[2023-03-07T00:20:22.925+0000] {processor.py:743} INFO - Processing file /home/airflow/.local/lib/python3.7/site-packages/airflow/example_dags/example_short_circuit_decorator.py for tasks to queue
[2023-03-07T00:20:22.933+0000] {logging_mixin.py:137} INFO - [2023-03-07T00:20:22.933+0000] {dagbag.py:538} INFO - Filling up the DagBag from /home/airflow/.local/lib/python3.7/site-packages/airflow/example_dags/example_short_circuit_decorator.py
[2023-03-07T00:20:23.071+0000] {processor.py:753} INFO - DAG(s) dict_keys(['example_short_circuit_decorator']) retrieved from /home/airflow/.local/lib/python3.7/site-packages/airflow/example_dags/example_short_circuit_decorator.py
[2023-03-07T00:20:23.191+0000] {logging_mixin.py:137} INFO - [2023-03-07T00:20:23.190+0000] {dag.py:2690} INFO - Sync 1 DAGs
[2023-03-07T00:20:23.335+0000] {logging_mixin.py:137} INFO - [2023-03-07T00:20:23.334+0000] {dag.py:3441} INFO - Setting next_dagrun for example_short_circuit_decorator to 2023-03-06T00:20:23.333222+00:00, run_after=2023-03-07T00:20:23.333222+00:00
[2023-03-07T00:20:23.422+0000] {processor.py:175} INFO - Processing /home/airflow/.local/lib/python3.7/site-packages/airflow/example_dags/example_short_circuit_decorator.py took 0.531 seconds
[2023-03-07T00:21:11.562+0000] {processor.py:153} INFO - Started process (PID=4319) to work on /home/airflow/.local/lib/python3.7/site-packages/airflow/example_dags/example_short_circuit_decorator.py
[2023-03-07T00:21:11.570+0000] {processor.py:743} INFO - Processing file /home/airflow/.local/lib/python3.7/site-packages/airflow/example_dags/example_short_circuit_decorator.py for tasks to queue
[2023-03-07T00:21:11.576+0000] {logging_mixin.py:137} INFO - [2023-03-07T00:21:11.576+0000] {dagbag.py:538} INFO - Filling up the DagBag from /home/airflow/.local/lib/python3.7/site-packages/airflow/example_dags/example_short_circuit_decorator.py
[2023-03-07T00:21:11.667+0000] {processor.py:753} INFO - DAG(s) dict_keys(['example_short_circuit_decorator']) retrieved from /home/airflow/.local/lib/python3.7/site-packages/airflow/example_dags/example_short_circuit_decorator.py
[2023-03-07T00:21:11.779+0000] {logging_mixin.py:137} INFO - [2023-03-07T00:21:11.778+0000] {dag.py:2690} INFO - Sync 1 DAGs
[2023-03-07T00:21:11.886+0000] {logging_mixin.py:137} INFO - [2023-03-07T00:21:11.885+0000] {dag.py:3441} INFO - Setting next_dagrun for example_short_circuit_decorator to 2023-03-06T00:21:11.881142+00:00, run_after=2023-03-07T00:21:11.881142+00:00
[2023-03-07T00:21:11.953+0000] {processor.py:175} INFO - Processing /home/airflow/.local/lib/python3.7/site-packages/airflow/example_dags/example_short_circuit_decorator.py took 0.407 seconds
[2023-03-07T00:21:46.314+0000] {processor.py:153} INFO - Started process (PID=4387) to work on /home/airflow/.local/lib/python3.7/site-packages/airflow/example_dags/example_short_circuit_decorator.py
[2023-03-07T00:21:46.320+0000] {processor.py:743} INFO - Processing file /home/airflow/.local/lib/python3.7/site-packages/airflow/example_dags/example_short_circuit_decorator.py for tasks to queue
[2023-03-07T00:21:46.326+0000] {logging_mixin.py:137} INFO - [2023-03-07T00:21:46.326+0000] {dagbag.py:538} INFO - Filling up the DagBag from /home/airflow/.local/lib/python3.7/site-packages/airflow/example_dags/example_short_circuit_decorator.py
[2023-03-07T00:21:46.406+0000] {processor.py:753} INFO - DAG(s) dict_keys(['example_short_circuit_decorator']) retrieved from /home/airflow/.local/lib/python3.7/site-packages/airflow/example_dags/example_short_circuit_decorator.py
[2023-03-07T00:21:46.552+0000] {logging_mixin.py:137} INFO - [2023-03-07T00:21:46.551+0000] {dag.py:2690} INFO - Sync 1 DAGs
[2023-03-07T00:21:46.690+0000] {logging_mixin.py:137} INFO - [2023-03-07T00:21:46.690+0000] {dag.py:3441} INFO - Setting next_dagrun for example_short_circuit_decorator to 2023-03-06T00:21:46.689149+00:00, run_after=2023-03-07T00:21:46.689149+00:00
[2023-03-07T00:21:46.792+0000] {processor.py:175} INFO - Processing /home/airflow/.local/lib/python3.7/site-packages/airflow/example_dags/example_short_circuit_decorator.py took 0.490 seconds
[2023-03-07T00:23:24.122+0000] {processor.py:153} INFO - Started process (PID=4484) to work on /home/airflow/.local/lib/python3.7/site-packages/airflow/example_dags/example_short_circuit_decorator.py
[2023-03-07T00:23:24.134+0000] {processor.py:743} INFO - Processing file /home/airflow/.local/lib/python3.7/site-packages/airflow/example_dags/example_short_circuit_decorator.py for tasks to queue
[2023-03-07T00:23:24.149+0000] {logging_mixin.py:137} INFO - [2023-03-07T00:23:24.149+0000] {dagbag.py:538} INFO - Filling up the DagBag from /home/airflow/.local/lib/python3.7/site-packages/airflow/example_dags/example_short_circuit_decorator.py
[2023-03-07T00:23:24.490+0000] {processor.py:753} INFO - DAG(s) dict_keys(['example_short_circuit_decorator']) retrieved from /home/airflow/.local/lib/python3.7/site-packages/airflow/example_dags/example_short_circuit_decorator.py
[2023-03-07T00:23:24.665+0000] {logging_mixin.py:137} INFO - [2023-03-07T00:23:24.665+0000] {dag.py:2690} INFO - Sync 1 DAGs
[2023-03-07T00:23:24.829+0000] {logging_mixin.py:137} INFO - [2023-03-07T00:23:24.828+0000] {dag.py:3441} INFO - Setting next_dagrun for example_short_circuit_decorator to 2023-03-06T00:23:24.827773+00:00, run_after=2023-03-07T00:23:24.827773+00:00
[2023-03-07T00:23:25.027+0000] {processor.py:175} INFO - Processing /home/airflow/.local/lib/python3.7/site-packages/airflow/example_dags/example_short_circuit_decorator.py took 0.954 seconds
[2023-03-07T00:23:55.131+0000] {processor.py:153} INFO - Started process (PID=4546) to work on /home/airflow/.local/lib/python3.7/site-packages/airflow/example_dags/example_short_circuit_decorator.py
[2023-03-07T00:23:55.134+0000] {processor.py:743} INFO - Processing file /home/airflow/.local/lib/python3.7/site-packages/airflow/example_dags/example_short_circuit_decorator.py for tasks to queue
[2023-03-07T00:23:55.139+0000] {logging_mixin.py:137} INFO - [2023-03-07T00:23:55.139+0000] {dagbag.py:538} INFO - Filling up the DagBag from /home/airflow/.local/lib/python3.7/site-packages/airflow/example_dags/example_short_circuit_decorator.py
[2023-03-07T00:23:55.208+0000] {processor.py:753} INFO - DAG(s) dict_keys(['example_short_circuit_decorator']) retrieved from /home/airflow/.local/lib/python3.7/site-packages/airflow/example_dags/example_short_circuit_decorator.py
[2023-03-07T00:23:55.273+0000] {logging_mixin.py:137} INFO - [2023-03-07T00:23:55.273+0000] {dag.py:2690} INFO - Sync 1 DAGs
[2023-03-07T00:23:55.344+0000] {logging_mixin.py:137} INFO - [2023-03-07T00:23:55.343+0000] {dag.py:3441} INFO - Setting next_dagrun for example_short_circuit_decorator to 2023-03-06T00:23:55.342364+00:00, run_after=2023-03-07T00:23:55.342364+00:00
[2023-03-07T00:23:55.405+0000] {processor.py:175} INFO - Processing /home/airflow/.local/lib/python3.7/site-packages/airflow/example_dags/example_short_circuit_decorator.py took 0.281 seconds
[2023-03-07T00:24:25.492+0000] {processor.py:153} INFO - Started process (PID=4617) to work on /home/airflow/.local/lib/python3.7/site-packages/airflow/example_dags/example_short_circuit_decorator.py
[2023-03-07T00:24:25.496+0000] {processor.py:743} INFO - Processing file /home/airflow/.local/lib/python3.7/site-packages/airflow/example_dags/example_short_circuit_decorator.py for tasks to queue
[2023-03-07T00:24:25.499+0000] {logging_mixin.py:137} INFO - [2023-03-07T00:24:25.498+0000] {dagbag.py:538} INFO - Filling up the DagBag from /home/airflow/.local/lib/python3.7/site-packages/airflow/example_dags/example_short_circuit_decorator.py
[2023-03-07T00:24:25.575+0000] {processor.py:753} INFO - DAG(s) dict_keys(['example_short_circuit_decorator']) retrieved from /home/airflow/.local/lib/python3.7/site-packages/airflow/example_dags/example_short_circuit_decorator.py
[2023-03-07T00:24:25.647+0000] {logging_mixin.py:137} INFO - [2023-03-07T00:24:25.647+0000] {dag.py:2690} INFO - Sync 1 DAGs
[2023-03-07T00:24:25.731+0000] {logging_mixin.py:137} INFO - [2023-03-07T00:24:25.731+0000] {dag.py:3441} INFO - Setting next_dagrun for example_short_circuit_decorator to 2023-03-06T00:24:25.731126+00:00, run_after=2023-03-07T00:24:25.731126+00:00
[2023-03-07T00:24:25.785+0000] {processor.py:175} INFO - Processing /home/airflow/.local/lib/python3.7/site-packages/airflow/example_dags/example_short_circuit_decorator.py took 0.307 seconds
[2023-03-07T00:24:56.726+0000] {processor.py:153} INFO - Started process (PID=4687) to work on /home/airflow/.local/lib/python3.7/site-packages/airflow/example_dags/example_short_circuit_decorator.py
[2023-03-07T00:24:56.729+0000] {processor.py:743} INFO - Processing file /home/airflow/.local/lib/python3.7/site-packages/airflow/example_dags/example_short_circuit_decorator.py for tasks to queue
[2023-03-07T00:24:56.733+0000] {logging_mixin.py:137} INFO - [2023-03-07T00:24:56.733+0000] {dagbag.py:538} INFO - Filling up the DagBag from /home/airflow/.local/lib/python3.7/site-packages/airflow/example_dags/example_short_circuit_decorator.py
[2023-03-07T00:24:56.804+0000] {processor.py:753} INFO - DAG(s) dict_keys(['example_short_circuit_decorator']) retrieved from /home/airflow/.local/lib/python3.7/site-packages/airflow/example_dags/example_short_circuit_decorator.py
[2023-03-07T00:24:56.870+0000] {logging_mixin.py:137} INFO - [2023-03-07T00:24:56.869+0000] {dag.py:2690} INFO - Sync 1 DAGs
[2023-03-07T00:24:56.933+0000] {logging_mixin.py:137} INFO - [2023-03-07T00:24:56.933+0000] {dag.py:3441} INFO - Setting next_dagrun for example_short_circuit_decorator to 2023-03-06T00:24:56.933030+00:00, run_after=2023-03-07T00:24:56.933030+00:00
[2023-03-07T00:24:56.977+0000] {processor.py:175} INFO - Processing /home/airflow/.local/lib/python3.7/site-packages/airflow/example_dags/example_short_circuit_decorator.py took 0.264 seconds
[2023-03-07T00:25:27.621+0000] {processor.py:153} INFO - Started process (PID=4767) to work on /home/airflow/.local/lib/python3.7/site-packages/airflow/example_dags/example_short_circuit_decorator.py
[2023-03-07T00:25:27.625+0000] {processor.py:743} INFO - Processing file /home/airflow/.local/lib/python3.7/site-packages/airflow/example_dags/example_short_circuit_decorator.py for tasks to queue
[2023-03-07T00:25:27.628+0000] {logging_mixin.py:137} INFO - [2023-03-07T00:25:27.628+0000] {dagbag.py:538} INFO - Filling up the DagBag from /home/airflow/.local/lib/python3.7/site-packages/airflow/example_dags/example_short_circuit_decorator.py
[2023-03-07T00:25:27.681+0000] {processor.py:753} INFO - DAG(s) dict_keys(['example_short_circuit_decorator']) retrieved from /home/airflow/.local/lib/python3.7/site-packages/airflow/example_dags/example_short_circuit_decorator.py
[2023-03-07T00:25:27.744+0000] {logging_mixin.py:137} INFO - [2023-03-07T00:25:27.744+0000] {dag.py:2690} INFO - Sync 1 DAGs
[2023-03-07T00:25:27.799+0000] {logging_mixin.py:137} INFO - [2023-03-07T00:25:27.799+0000] {dag.py:3441} INFO - Setting next_dagrun for example_short_circuit_decorator to 2023-03-06T00:25:27.798921+00:00, run_after=2023-03-07T00:25:27.798921+00:00
[2023-03-07T00:25:27.846+0000] {processor.py:175} INFO - Processing /home/airflow/.local/lib/python3.7/site-packages/airflow/example_dags/example_short_circuit_decorator.py took 0.233 seconds
[2023-03-07T00:25:58.153+0000] {processor.py:153} INFO - Started process (PID=4838) to work on /home/airflow/.local/lib/python3.7/site-packages/airflow/example_dags/example_short_circuit_decorator.py
[2023-03-07T00:25:58.158+0000] {processor.py:743} INFO - Processing file /home/airflow/.local/lib/python3.7/site-packages/airflow/example_dags/example_short_circuit_decorator.py for tasks to queue
[2023-03-07T00:25:58.162+0000] {logging_mixin.py:137} INFO - [2023-03-07T00:25:58.161+0000] {dagbag.py:538} INFO - Filling up the DagBag from /home/airflow/.local/lib/python3.7/site-packages/airflow/example_dags/example_short_circuit_decorator.py
[2023-03-07T00:25:58.232+0000] {processor.py:753} INFO - DAG(s) dict_keys(['example_short_circuit_decorator']) retrieved from /home/airflow/.local/lib/python3.7/site-packages/airflow/example_dags/example_short_circuit_decorator.py
[2023-03-07T00:25:58.311+0000] {logging_mixin.py:137} INFO - [2023-03-07T00:25:58.311+0000] {dag.py:2690} INFO - Sync 1 DAGs
[2023-03-07T00:25:58.392+0000] {logging_mixin.py:137} INFO - [2023-03-07T00:25:58.391+0000] {dag.py:3441} INFO - Setting next_dagrun for example_short_circuit_decorator to 2023-03-06T00:25:58.390329+00:00, run_after=2023-03-07T00:25:58.390329+00:00
[2023-03-07T00:25:58.458+0000] {processor.py:175} INFO - Processing /home/airflow/.local/lib/python3.7/site-packages/airflow/example_dags/example_short_circuit_decorator.py took 0.318 seconds
[2023-03-07T00:26:29.508+0000] {processor.py:153} INFO - Started process (PID=4909) to work on /home/airflow/.local/lib/python3.7/site-packages/airflow/example_dags/example_short_circuit_decorator.py
[2023-03-07T00:26:29.514+0000] {processor.py:743} INFO - Processing file /home/airflow/.local/lib/python3.7/site-packages/airflow/example_dags/example_short_circuit_decorator.py for tasks to queue
[2023-03-07T00:26:29.520+0000] {logging_mixin.py:137} INFO - [2023-03-07T00:26:29.519+0000] {dagbag.py:538} INFO - Filling up the DagBag from /home/airflow/.local/lib/python3.7/site-packages/airflow/example_dags/example_short_circuit_decorator.py
[2023-03-07T00:26:29.605+0000] {processor.py:753} INFO - DAG(s) dict_keys(['example_short_circuit_decorator']) retrieved from /home/airflow/.local/lib/python3.7/site-packages/airflow/example_dags/example_short_circuit_decorator.py
[2023-03-07T00:26:29.681+0000] {logging_mixin.py:137} INFO - [2023-03-07T00:26:29.680+0000] {dag.py:2690} INFO - Sync 1 DAGs
[2023-03-07T00:26:29.771+0000] {logging_mixin.py:137} INFO - [2023-03-07T00:26:29.771+0000] {dag.py:3441} INFO - Setting next_dagrun for example_short_circuit_decorator to 2023-03-06T00:26:29.769151+00:00, run_after=2023-03-07T00:26:29.769151+00:00
[2023-03-07T00:26:29.831+0000] {processor.py:175} INFO - Processing /home/airflow/.local/lib/python3.7/site-packages/airflow/example_dags/example_short_circuit_decorator.py took 0.338 seconds
[2023-03-07T00:27:01.070+0000] {processor.py:153} INFO - Started process (PID=4981) to work on /home/airflow/.local/lib/python3.7/site-packages/airflow/example_dags/example_short_circuit_decorator.py
[2023-03-07T00:27:01.076+0000] {processor.py:743} INFO - Processing file /home/airflow/.local/lib/python3.7/site-packages/airflow/example_dags/example_short_circuit_decorator.py for tasks to queue
[2023-03-07T00:27:01.082+0000] {logging_mixin.py:137} INFO - [2023-03-07T00:27:01.082+0000] {dagbag.py:538} INFO - Filling up the DagBag from /home/airflow/.local/lib/python3.7/site-packages/airflow/example_dags/example_short_circuit_decorator.py
[2023-03-07T00:27:01.189+0000] {processor.py:753} INFO - DAG(s) dict_keys(['example_short_circuit_decorator']) retrieved from /home/airflow/.local/lib/python3.7/site-packages/airflow/example_dags/example_short_circuit_decorator.py
[2023-03-07T00:27:01.271+0000] {logging_mixin.py:137} INFO - [2023-03-07T00:27:01.271+0000] {dag.py:2690} INFO - Sync 1 DAGs
[2023-03-07T00:27:01.351+0000] {logging_mixin.py:137} INFO - [2023-03-07T00:27:01.351+0000] {dag.py:3441} INFO - Setting next_dagrun for example_short_circuit_decorator to 2023-03-06T00:27:01.350509+00:00, run_after=2023-03-07T00:27:01.350509+00:00
[2023-03-07T00:27:01.422+0000] {processor.py:175} INFO - Processing /home/airflow/.local/lib/python3.7/site-packages/airflow/example_dags/example_short_circuit_decorator.py took 0.372 seconds
[2023-03-07T00:27:32.100+0000] {processor.py:153} INFO - Started process (PID=5053) to work on /home/airflow/.local/lib/python3.7/site-packages/airflow/example_dags/example_short_circuit_decorator.py
[2023-03-07T00:27:32.104+0000] {processor.py:743} INFO - Processing file /home/airflow/.local/lib/python3.7/site-packages/airflow/example_dags/example_short_circuit_decorator.py for tasks to queue
[2023-03-07T00:27:32.107+0000] {logging_mixin.py:137} INFO - [2023-03-07T00:27:32.107+0000] {dagbag.py:538} INFO - Filling up the DagBag from /home/airflow/.local/lib/python3.7/site-packages/airflow/example_dags/example_short_circuit_decorator.py
[2023-03-07T00:27:32.164+0000] {processor.py:753} INFO - DAG(s) dict_keys(['example_short_circuit_decorator']) retrieved from /home/airflow/.local/lib/python3.7/site-packages/airflow/example_dags/example_short_circuit_decorator.py
[2023-03-07T00:27:32.221+0000] {logging_mixin.py:137} INFO - [2023-03-07T00:27:32.220+0000] {dag.py:2690} INFO - Sync 1 DAGs
[2023-03-07T00:27:32.269+0000] {logging_mixin.py:137} INFO - [2023-03-07T00:27:32.269+0000] {dag.py:3441} INFO - Setting next_dagrun for example_short_circuit_decorator to 2023-03-06T00:27:32.268748+00:00, run_after=2023-03-07T00:27:32.268748+00:00
[2023-03-07T00:27:32.313+0000] {processor.py:175} INFO - Processing /home/airflow/.local/lib/python3.7/site-packages/airflow/example_dags/example_short_circuit_decorator.py took 0.223 seconds
[2023-03-07T00:28:02.843+0000] {processor.py:153} INFO - Started process (PID=5124) to work on /home/airflow/.local/lib/python3.7/site-packages/airflow/example_dags/example_short_circuit_decorator.py
[2023-03-07T00:28:02.846+0000] {processor.py:743} INFO - Processing file /home/airflow/.local/lib/python3.7/site-packages/airflow/example_dags/example_short_circuit_decorator.py for tasks to queue
[2023-03-07T00:28:02.849+0000] {logging_mixin.py:137} INFO - [2023-03-07T00:28:02.849+0000] {dagbag.py:538} INFO - Filling up the DagBag from /home/airflow/.local/lib/python3.7/site-packages/airflow/example_dags/example_short_circuit_decorator.py
[2023-03-07T00:28:02.903+0000] {processor.py:753} INFO - DAG(s) dict_keys(['example_short_circuit_decorator']) retrieved from /home/airflow/.local/lib/python3.7/site-packages/airflow/example_dags/example_short_circuit_decorator.py
[2023-03-07T00:28:02.967+0000] {logging_mixin.py:137} INFO - [2023-03-07T00:28:02.967+0000] {dag.py:2690} INFO - Sync 1 DAGs
[2023-03-07T00:28:03.028+0000] {logging_mixin.py:137} INFO - [2023-03-07T00:28:03.028+0000] {dag.py:3441} INFO - Setting next_dagrun for example_short_circuit_decorator to 2023-03-06T00:28:03.027800+00:00, run_after=2023-03-07T00:28:03.027800+00:00
[2023-03-07T00:28:03.088+0000] {processor.py:175} INFO - Processing /home/airflow/.local/lib/python3.7/site-packages/airflow/example_dags/example_short_circuit_decorator.py took 0.253 seconds
[2023-03-07T00:28:34.774+0000] {processor.py:153} INFO - Started process (PID=5196) to work on /home/airflow/.local/lib/python3.7/site-packages/airflow/example_dags/example_short_circuit_decorator.py
[2023-03-07T00:28:34.788+0000] {processor.py:743} INFO - Processing file /home/airflow/.local/lib/python3.7/site-packages/airflow/example_dags/example_short_circuit_decorator.py for tasks to queue
[2023-03-07T00:28:34.795+0000] {logging_mixin.py:137} INFO - [2023-03-07T00:28:34.794+0000] {dagbag.py:538} INFO - Filling up the DagBag from /home/airflow/.local/lib/python3.7/site-packages/airflow/example_dags/example_short_circuit_decorator.py
[2023-03-07T00:28:34.952+0000] {processor.py:753} INFO - DAG(s) dict_keys(['example_short_circuit_decorator']) retrieved from /home/airflow/.local/lib/python3.7/site-packages/airflow/example_dags/example_short_circuit_decorator.py
[2023-03-07T00:28:35.084+0000] {logging_mixin.py:137} INFO - [2023-03-07T00:28:35.084+0000] {dag.py:2690} INFO - Sync 1 DAGs
[2023-03-07T00:28:35.271+0000] {logging_mixin.py:137} INFO - [2023-03-07T00:28:35.270+0000] {dag.py:3441} INFO - Setting next_dagrun for example_short_circuit_decorator to 2023-03-06T00:28:35.266504+00:00, run_after=2023-03-07T00:28:35.266504+00:00
[2023-03-07T00:28:35.367+0000] {processor.py:175} INFO - Processing /home/airflow/.local/lib/python3.7/site-packages/airflow/example_dags/example_short_circuit_decorator.py took 0.636 seconds
[2023-03-07T00:29:09.893+0000] {processor.py:153} INFO - Started process (PID=5266) to work on /home/airflow/.local/lib/python3.7/site-packages/airflow/example_dags/example_short_circuit_decorator.py
[2023-03-07T00:29:09.901+0000] {processor.py:743} INFO - Processing file /home/airflow/.local/lib/python3.7/site-packages/airflow/example_dags/example_short_circuit_decorator.py for tasks to queue
[2023-03-07T00:29:09.914+0000] {logging_mixin.py:137} INFO - [2023-03-07T00:29:09.913+0000] {dagbag.py:538} INFO - Filling up the DagBag from /home/airflow/.local/lib/python3.7/site-packages/airflow/example_dags/example_short_circuit_decorator.py
[2023-03-07T00:29:10.007+0000] {processor.py:753} INFO - DAG(s) dict_keys(['example_short_circuit_decorator']) retrieved from /home/airflow/.local/lib/python3.7/site-packages/airflow/example_dags/example_short_circuit_decorator.py
[2023-03-07T00:29:10.091+0000] {logging_mixin.py:137} INFO - [2023-03-07T00:29:10.091+0000] {dag.py:2690} INFO - Sync 1 DAGs
[2023-03-07T00:29:10.253+0000] {logging_mixin.py:137} INFO - [2023-03-07T00:29:10.250+0000] {dag.py:3441} INFO - Setting next_dagrun for example_short_circuit_decorator to 2023-03-06T00:29:10.249628+00:00, run_after=2023-03-07T00:29:10.249628+00:00
[2023-03-07T00:29:10.397+0000] {processor.py:175} INFO - Processing /home/airflow/.local/lib/python3.7/site-packages/airflow/example_dags/example_short_circuit_decorator.py took 0.527 seconds
[2023-03-07T00:29:40.966+0000] {processor.py:153} INFO - Started process (PID=5337) to work on /home/airflow/.local/lib/python3.7/site-packages/airflow/example_dags/example_short_circuit_decorator.py
[2023-03-07T00:29:40.970+0000] {processor.py:743} INFO - Processing file /home/airflow/.local/lib/python3.7/site-packages/airflow/example_dags/example_short_circuit_decorator.py for tasks to queue
[2023-03-07T00:29:40.974+0000] {logging_mixin.py:137} INFO - [2023-03-07T00:29:40.974+0000] {dagbag.py:538} INFO - Filling up the DagBag from /home/airflow/.local/lib/python3.7/site-packages/airflow/example_dags/example_short_circuit_decorator.py
[2023-03-07T00:29:41.025+0000] {processor.py:753} INFO - DAG(s) dict_keys(['example_short_circuit_decorator']) retrieved from /home/airflow/.local/lib/python3.7/site-packages/airflow/example_dags/example_short_circuit_decorator.py
[2023-03-07T00:29:41.078+0000] {logging_mixin.py:137} INFO - [2023-03-07T00:29:41.077+0000] {dag.py:2690} INFO - Sync 1 DAGs
[2023-03-07T00:29:41.125+0000] {logging_mixin.py:137} INFO - [2023-03-07T00:29:41.125+0000] {dag.py:3441} INFO - Setting next_dagrun for example_short_circuit_decorator to 2023-03-06T00:29:41.124791+00:00, run_after=2023-03-07T00:29:41.124791+00:00
[2023-03-07T00:29:41.168+0000] {processor.py:175} INFO - Processing /home/airflow/.local/lib/python3.7/site-packages/airflow/example_dags/example_short_circuit_decorator.py took 0.208 seconds
[2023-03-07T00:30:11.571+0000] {processor.py:153} INFO - Started process (PID=5409) to work on /home/airflow/.local/lib/python3.7/site-packages/airflow/example_dags/example_short_circuit_decorator.py
[2023-03-07T00:30:11.576+0000] {processor.py:743} INFO - Processing file /home/airflow/.local/lib/python3.7/site-packages/airflow/example_dags/example_short_circuit_decorator.py for tasks to queue
[2023-03-07T00:30:11.580+0000] {logging_mixin.py:137} INFO - [2023-03-07T00:30:11.580+0000] {dagbag.py:538} INFO - Filling up the DagBag from /home/airflow/.local/lib/python3.7/site-packages/airflow/example_dags/example_short_circuit_decorator.py
[2023-03-07T00:30:11.645+0000] {processor.py:753} INFO - DAG(s) dict_keys(['example_short_circuit_decorator']) retrieved from /home/airflow/.local/lib/python3.7/site-packages/airflow/example_dags/example_short_circuit_decorator.py
[2023-03-07T00:30:11.710+0000] {logging_mixin.py:137} INFO - [2023-03-07T00:30:11.710+0000] {dag.py:2690} INFO - Sync 1 DAGs
[2023-03-07T00:30:11.768+0000] {logging_mixin.py:137} INFO - [2023-03-07T00:30:11.768+0000] {dag.py:3441} INFO - Setting next_dagrun for example_short_circuit_decorator to 2023-03-06T00:30:11.767250+00:00, run_after=2023-03-07T00:30:11.767250+00:00
[2023-03-07T00:30:11.811+0000] {processor.py:175} INFO - Processing /home/airflow/.local/lib/python3.7/site-packages/airflow/example_dags/example_short_circuit_decorator.py took 0.247 seconds
