[2023-03-09T01:14:19.243+0000] {processor.py:153} INFO - Started process (PID=44) to work on /opt/airflow/dags/bigquery_load.py
[2023-03-09T01:14:19.258+0000] {processor.py:743} INFO - Processing file /opt/airflow/dags/bigquery_load.py for tasks to queue
[2023-03-09T01:14:19.263+0000] {logging_mixin.py:137} INFO - [2023-03-09T01:14:19.263+0000] {dagbag.py:538} INFO - Filling up the DagBag from /opt/airflow/dags/bigquery_load.py
[2023-03-09T01:14:22.185+0000] {processor.py:755} WARNING - No viable dags retrieved from /opt/airflow/dags/bigquery_load.py
[2023-03-09T01:14:22.213+0000] {processor.py:175} INFO - Processing /opt/airflow/dags/bigquery_load.py took 2.982 seconds
[2023-03-09T01:14:52.531+0000] {processor.py:153} INFO - Started process (PID=116) to work on /opt/airflow/dags/bigquery_load.py
[2023-03-09T01:14:52.536+0000] {processor.py:743} INFO - Processing file /opt/airflow/dags/bigquery_load.py for tasks to queue
[2023-03-09T01:14:52.540+0000] {logging_mixin.py:137} INFO - [2023-03-09T01:14:52.539+0000] {dagbag.py:538} INFO - Filling up the DagBag from /opt/airflow/dags/bigquery_load.py
[2023-03-09T01:14:53.872+0000] {processor.py:755} WARNING - No viable dags retrieved from /opt/airflow/dags/bigquery_load.py
[2023-03-09T01:14:53.883+0000] {processor.py:175} INFO - Processing /opt/airflow/dags/bigquery_load.py took 1.364 seconds
[2023-03-09T01:15:24.291+0000] {processor.py:153} INFO - Started process (PID=188) to work on /opt/airflow/dags/bigquery_load.py
[2023-03-09T01:15:24.294+0000] {processor.py:743} INFO - Processing file /opt/airflow/dags/bigquery_load.py for tasks to queue
[2023-03-09T01:15:24.296+0000] {logging_mixin.py:137} INFO - [2023-03-09T01:15:24.296+0000] {dagbag.py:538} INFO - Filling up the DagBag from /opt/airflow/dags/bigquery_load.py
[2023-03-09T01:15:25.058+0000] {processor.py:755} WARNING - No viable dags retrieved from /opt/airflow/dags/bigquery_load.py
[2023-03-09T01:15:25.067+0000] {processor.py:175} INFO - Processing /opt/airflow/dags/bigquery_load.py took 0.785 seconds
[2023-03-09T01:15:55.507+0000] {processor.py:153} INFO - Started process (PID=262) to work on /opt/airflow/dags/bigquery_load.py
[2023-03-09T01:15:55.511+0000] {processor.py:743} INFO - Processing file /opt/airflow/dags/bigquery_load.py for tasks to queue
[2023-03-09T01:15:55.513+0000] {logging_mixin.py:137} INFO - [2023-03-09T01:15:55.513+0000] {dagbag.py:538} INFO - Filling up the DagBag from /opt/airflow/dags/bigquery_load.py
[2023-03-09T01:15:56.203+0000] {processor.py:755} WARNING - No viable dags retrieved from /opt/airflow/dags/bigquery_load.py
[2023-03-09T01:15:56.212+0000] {processor.py:175} INFO - Processing /opt/airflow/dags/bigquery_load.py took 0.709 seconds
[2023-03-09T01:16:26.436+0000] {processor.py:153} INFO - Started process (PID=343) to work on /opt/airflow/dags/bigquery_load.py
[2023-03-09T01:16:26.438+0000] {processor.py:743} INFO - Processing file /opt/airflow/dags/bigquery_load.py for tasks to queue
[2023-03-09T01:16:26.440+0000] {logging_mixin.py:137} INFO - [2023-03-09T01:16:26.440+0000] {dagbag.py:538} INFO - Filling up the DagBag from /opt/airflow/dags/bigquery_load.py
[2023-03-09T01:16:27.351+0000] {processor.py:755} WARNING - No viable dags retrieved from /opt/airflow/dags/bigquery_load.py
[2023-03-09T01:16:27.361+0000] {processor.py:175} INFO - Processing /opt/airflow/dags/bigquery_load.py took 0.930 seconds
[2023-03-09T16:22:41.391+0000] {processor.py:153} INFO - Started process (PID=50) to work on /opt/airflow/dags/bigquery_load.py
[2023-03-09T16:22:41.403+0000] {processor.py:743} INFO - Processing file /opt/airflow/dags/bigquery_load.py for tasks to queue
[2023-03-09T16:22:41.406+0000] {logging_mixin.py:137} INFO - [2023-03-09T16:22:41.406+0000] {dagbag.py:538} INFO - Filling up the DagBag from /opt/airflow/dags/bigquery_load.py
[2023-03-09T16:22:44.611+0000] {processor.py:755} WARNING - No viable dags retrieved from /opt/airflow/dags/bigquery_load.py
[2023-03-09T16:22:44.620+0000] {processor.py:175} INFO - Processing /opt/airflow/dags/bigquery_load.py took 3.240 seconds
[2023-03-09T16:23:14.998+0000] {processor.py:153} INFO - Started process (PID=132) to work on /opt/airflow/dags/bigquery_load.py
[2023-03-09T16:23:15.002+0000] {processor.py:743} INFO - Processing file /opt/airflow/dags/bigquery_load.py for tasks to queue
[2023-03-09T16:23:15.004+0000] {logging_mixin.py:137} INFO - [2023-03-09T16:23:15.004+0000] {dagbag.py:538} INFO - Filling up the DagBag from /opt/airflow/dags/bigquery_load.py
[2023-03-09T16:23:16.006+0000] {processor.py:755} WARNING - No viable dags retrieved from /opt/airflow/dags/bigquery_load.py
[2023-03-09T16:23:16.015+0000] {processor.py:175} INFO - Processing /opt/airflow/dags/bigquery_load.py took 1.023 seconds
[2023-03-09T16:23:46.201+0000] {processor.py:153} INFO - Started process (PID=211) to work on /opt/airflow/dags/bigquery_load.py
[2023-03-09T16:23:46.203+0000] {processor.py:743} INFO - Processing file /opt/airflow/dags/bigquery_load.py for tasks to queue
[2023-03-09T16:23:46.205+0000] {logging_mixin.py:137} INFO - [2023-03-09T16:23:46.205+0000] {dagbag.py:538} INFO - Filling up the DagBag from /opt/airflow/dags/bigquery_load.py
[2023-03-09T16:23:47.304+0000] {processor.py:755} WARNING - No viable dags retrieved from /opt/airflow/dags/bigquery_load.py
[2023-03-09T16:23:47.342+0000] {processor.py:175} INFO - Processing /opt/airflow/dags/bigquery_load.py took 1.146 seconds
[2023-03-09T16:24:18.342+0000] {processor.py:153} INFO - Started process (PID=298) to work on /opt/airflow/dags/bigquery_load.py
[2023-03-09T16:24:18.349+0000] {processor.py:743} INFO - Processing file /opt/airflow/dags/bigquery_load.py for tasks to queue
[2023-03-09T16:24:18.358+0000] {logging_mixin.py:137} INFO - [2023-03-09T16:24:18.357+0000] {dagbag.py:538} INFO - Filling up the DagBag from /opt/airflow/dags/bigquery_load.py
[2023-03-09T16:24:19.200+0000] {processor.py:755} WARNING - No viable dags retrieved from /opt/airflow/dags/bigquery_load.py
[2023-03-09T16:24:19.209+0000] {processor.py:175} INFO - Processing /opt/airflow/dags/bigquery_load.py took 0.878 seconds
[2023-03-09T16:24:49.397+0000] {processor.py:153} INFO - Started process (PID=373) to work on /opt/airflow/dags/bigquery_load.py
[2023-03-09T16:24:49.404+0000] {processor.py:743} INFO - Processing file /opt/airflow/dags/bigquery_load.py for tasks to queue
[2023-03-09T16:24:49.410+0000] {logging_mixin.py:137} INFO - [2023-03-09T16:24:49.410+0000] {dagbag.py:538} INFO - Filling up the DagBag from /opt/airflow/dags/bigquery_load.py
[2023-03-09T16:24:50.680+0000] {processor.py:755} WARNING - No viable dags retrieved from /opt/airflow/dags/bigquery_load.py
[2023-03-09T16:24:50.688+0000] {processor.py:175} INFO - Processing /opt/airflow/dags/bigquery_load.py took 1.310 seconds
[2023-03-09T16:25:20.906+0000] {processor.py:153} INFO - Started process (PID=451) to work on /opt/airflow/dags/bigquery_load.py
[2023-03-09T16:25:20.914+0000] {processor.py:743} INFO - Processing file /opt/airflow/dags/bigquery_load.py for tasks to queue
[2023-03-09T16:25:20.916+0000] {logging_mixin.py:137} INFO - [2023-03-09T16:25:20.915+0000] {dagbag.py:538} INFO - Filling up the DagBag from /opt/airflow/dags/bigquery_load.py
[2023-03-09T16:25:22.872+0000] {processor.py:755} WARNING - No viable dags retrieved from /opt/airflow/dags/bigquery_load.py
[2023-03-09T16:25:22.895+0000] {processor.py:175} INFO - Processing /opt/airflow/dags/bigquery_load.py took 2.003 seconds
[2023-03-09T16:25:53.476+0000] {processor.py:153} INFO - Started process (PID=530) to work on /opt/airflow/dags/bigquery_load.py
[2023-03-09T16:25:53.481+0000] {processor.py:743} INFO - Processing file /opt/airflow/dags/bigquery_load.py for tasks to queue
[2023-03-09T16:25:53.482+0000] {logging_mixin.py:137} INFO - [2023-03-09T16:25:53.482+0000] {dagbag.py:538} INFO - Filling up the DagBag from /opt/airflow/dags/bigquery_load.py
[2023-03-09T16:25:54.169+0000] {processor.py:755} WARNING - No viable dags retrieved from /opt/airflow/dags/bigquery_load.py
[2023-03-09T16:25:54.178+0000] {processor.py:175} INFO - Processing /opt/airflow/dags/bigquery_load.py took 0.707 seconds
[2023-03-09T16:26:24.427+0000] {processor.py:153} INFO - Started process (PID=602) to work on /opt/airflow/dags/bigquery_load.py
[2023-03-09T16:26:24.431+0000] {processor.py:743} INFO - Processing file /opt/airflow/dags/bigquery_load.py for tasks to queue
[2023-03-09T16:26:24.433+0000] {logging_mixin.py:137} INFO - [2023-03-09T16:26:24.433+0000] {dagbag.py:538} INFO - Filling up the DagBag from /opt/airflow/dags/bigquery_load.py
[2023-03-09T16:26:25.341+0000] {processor.py:755} WARNING - No viable dags retrieved from /opt/airflow/dags/bigquery_load.py
[2023-03-09T16:26:25.353+0000] {processor.py:175} INFO - Processing /opt/airflow/dags/bigquery_load.py took 0.936 seconds
[2023-03-09T16:26:55.935+0000] {processor.py:153} INFO - Started process (PID=685) to work on /opt/airflow/dags/bigquery_load.py
[2023-03-09T16:26:55.937+0000] {processor.py:743} INFO - Processing file /opt/airflow/dags/bigquery_load.py for tasks to queue
[2023-03-09T16:26:55.939+0000] {logging_mixin.py:137} INFO - [2023-03-09T16:26:55.939+0000] {dagbag.py:538} INFO - Filling up the DagBag from /opt/airflow/dags/bigquery_load.py
[2023-03-09T16:26:56.981+0000] {processor.py:755} WARNING - No viable dags retrieved from /opt/airflow/dags/bigquery_load.py
[2023-03-09T16:26:56.993+0000] {processor.py:175} INFO - Processing /opt/airflow/dags/bigquery_load.py took 1.064 seconds
[2023-03-09T16:27:27.728+0000] {processor.py:153} INFO - Started process (PID=760) to work on /opt/airflow/dags/bigquery_load.py
[2023-03-09T16:27:27.733+0000] {processor.py:743} INFO - Processing file /opt/airflow/dags/bigquery_load.py for tasks to queue
[2023-03-09T16:27:27.734+0000] {logging_mixin.py:137} INFO - [2023-03-09T16:27:27.734+0000] {dagbag.py:538} INFO - Filling up the DagBag from /opt/airflow/dags/bigquery_load.py
[2023-03-09T16:27:28.907+0000] {processor.py:755} WARNING - No viable dags retrieved from /opt/airflow/dags/bigquery_load.py
[2023-03-09T16:27:28.915+0000] {processor.py:175} INFO - Processing /opt/airflow/dags/bigquery_load.py took 1.193 seconds
[2023-03-09T16:27:59.017+0000] {processor.py:153} INFO - Started process (PID=843) to work on /opt/airflow/dags/bigquery_load.py
[2023-03-09T16:27:59.019+0000] {processor.py:743} INFO - Processing file /opt/airflow/dags/bigquery_load.py for tasks to queue
[2023-03-09T16:27:59.020+0000] {logging_mixin.py:137} INFO - [2023-03-09T16:27:59.020+0000] {dagbag.py:538} INFO - Filling up the DagBag from /opt/airflow/dags/bigquery_load.py
[2023-03-09T16:27:59.803+0000] {processor.py:755} WARNING - No viable dags retrieved from /opt/airflow/dags/bigquery_load.py
[2023-03-09T16:27:59.812+0000] {processor.py:175} INFO - Processing /opt/airflow/dags/bigquery_load.py took 0.805 seconds
[2023-03-09T16:28:30.223+0000] {processor.py:153} INFO - Started process (PID=920) to work on /opt/airflow/dags/bigquery_load.py
[2023-03-09T16:28:30.226+0000] {processor.py:743} INFO - Processing file /opt/airflow/dags/bigquery_load.py for tasks to queue
[2023-03-09T16:28:30.228+0000] {logging_mixin.py:137} INFO - [2023-03-09T16:28:30.228+0000] {dagbag.py:538} INFO - Filling up the DagBag from /opt/airflow/dags/bigquery_load.py
[2023-03-09T16:28:31.110+0000] {processor.py:755} WARNING - No viable dags retrieved from /opt/airflow/dags/bigquery_load.py
[2023-03-09T16:28:31.118+0000] {processor.py:175} INFO - Processing /opt/airflow/dags/bigquery_load.py took 0.900 seconds
[2023-03-09T16:29:01.321+0000] {processor.py:153} INFO - Started process (PID=998) to work on /opt/airflow/dags/bigquery_load.py
[2023-03-09T16:29:01.323+0000] {processor.py:743} INFO - Processing file /opt/airflow/dags/bigquery_load.py for tasks to queue
[2023-03-09T16:29:01.325+0000] {logging_mixin.py:137} INFO - [2023-03-09T16:29:01.325+0000] {dagbag.py:538} INFO - Filling up the DagBag from /opt/airflow/dags/bigquery_load.py
[2023-03-09T16:29:02.266+0000] {processor.py:755} WARNING - No viable dags retrieved from /opt/airflow/dags/bigquery_load.py
[2023-03-09T16:29:02.278+0000] {processor.py:175} INFO - Processing /opt/airflow/dags/bigquery_load.py took 0.963 seconds
[2023-03-09T16:29:33.004+0000] {processor.py:153} INFO - Started process (PID=1086) to work on /opt/airflow/dags/bigquery_load.py
[2023-03-09T16:29:33.009+0000] {processor.py:743} INFO - Processing file /opt/airflow/dags/bigquery_load.py for tasks to queue
[2023-03-09T16:29:33.030+0000] {logging_mixin.py:137} INFO - [2023-03-09T16:29:33.030+0000] {dagbag.py:538} INFO - Filling up the DagBag from /opt/airflow/dags/bigquery_load.py
[2023-03-09T16:29:33.941+0000] {processor.py:755} WARNING - No viable dags retrieved from /opt/airflow/dags/bigquery_load.py
[2023-03-09T16:29:33.953+0000] {processor.py:175} INFO - Processing /opt/airflow/dags/bigquery_load.py took 0.957 seconds
[2023-03-09T16:30:04.101+0000] {processor.py:153} INFO - Started process (PID=1163) to work on /opt/airflow/dags/bigquery_load.py
[2023-03-09T16:30:04.103+0000] {processor.py:743} INFO - Processing file /opt/airflow/dags/bigquery_load.py for tasks to queue
[2023-03-09T16:30:04.105+0000] {logging_mixin.py:137} INFO - [2023-03-09T16:30:04.105+0000] {dagbag.py:538} INFO - Filling up the DagBag from /opt/airflow/dags/bigquery_load.py
[2023-03-09T16:30:04.823+0000] {processor.py:755} WARNING - No viable dags retrieved from /opt/airflow/dags/bigquery_load.py
[2023-03-09T16:30:04.832+0000] {processor.py:175} INFO - Processing /opt/airflow/dags/bigquery_load.py took 0.737 seconds
[2023-03-09T16:30:35.972+0000] {processor.py:153} INFO - Started process (PID=1232) to work on /opt/airflow/dags/bigquery_load.py
[2023-03-09T16:30:35.976+0000] {processor.py:743} INFO - Processing file /opt/airflow/dags/bigquery_load.py for tasks to queue
[2023-03-09T16:30:35.984+0000] {logging_mixin.py:137} INFO - [2023-03-09T16:30:35.984+0000] {dagbag.py:538} INFO - Filling up the DagBag from /opt/airflow/dags/bigquery_load.py
[2023-03-09T16:30:38.411+0000] {processor.py:755} WARNING - No viable dags retrieved from /opt/airflow/dags/bigquery_load.py
[2023-03-09T16:30:38.444+0000] {processor.py:175} INFO - Processing /opt/airflow/dags/bigquery_load.py took 2.486 seconds
[2023-03-09T16:31:08.819+0000] {processor.py:153} INFO - Started process (PID=1298) to work on /opt/airflow/dags/bigquery_load.py
[2023-03-09T16:31:08.827+0000] {processor.py:743} INFO - Processing file /opt/airflow/dags/bigquery_load.py for tasks to queue
[2023-03-09T16:31:08.832+0000] {logging_mixin.py:137} INFO - [2023-03-09T16:31:08.831+0000] {dagbag.py:538} INFO - Filling up the DagBag from /opt/airflow/dags/bigquery_load.py
[2023-03-09T16:31:12.762+0000] {processor.py:755} WARNING - No viable dags retrieved from /opt/airflow/dags/bigquery_load.py
[2023-03-09T16:31:12.815+0000] {processor.py:175} INFO - Processing /opt/airflow/dags/bigquery_load.py took 4.017 seconds
[2023-03-09T16:32:04.474+0000] {processor.py:153} INFO - Started process (PID=1376) to work on /opt/airflow/dags/bigquery_load.py
[2023-03-09T16:32:04.497+0000] {processor.py:743} INFO - Processing file /opt/airflow/dags/bigquery_load.py for tasks to queue
[2023-03-09T16:32:04.519+0000] {logging_mixin.py:137} INFO - [2023-03-09T16:32:04.518+0000] {dagbag.py:538} INFO - Filling up the DagBag from /opt/airflow/dags/bigquery_load.py
[2023-03-09T16:32:15.775+0000] {processor.py:755} WARNING - No viable dags retrieved from /opt/airflow/dags/bigquery_load.py
[2023-03-09T16:32:15.826+0000] {processor.py:175} INFO - Processing /opt/airflow/dags/bigquery_load.py took 11.405 seconds
[2023-03-09T16:33:39.700+0000] {processor.py:153} INFO - Started process (PID=1472) to work on /opt/airflow/dags/bigquery_load.py
[2023-03-09T16:33:39.713+0000] {processor.py:743} INFO - Processing file /opt/airflow/dags/bigquery_load.py for tasks to queue
[2023-03-09T16:33:39.717+0000] {logging_mixin.py:137} INFO - [2023-03-09T16:33:39.716+0000] {dagbag.py:538} INFO - Filling up the DagBag from /opt/airflow/dags/bigquery_load.py
[2023-03-09T16:33:51.962+0000] {processor.py:755} WARNING - No viable dags retrieved from /opt/airflow/dags/bigquery_load.py
[2023-03-09T16:33:52.099+0000] {processor.py:175} INFO - Processing /opt/airflow/dags/bigquery_load.py took 12.531 seconds
[2023-03-09T16:34:30.058+0000] {processor.py:153} INFO - Started process (PID=1547) to work on /opt/airflow/dags/bigquery_load.py
[2023-03-09T16:34:30.070+0000] {processor.py:743} INFO - Processing file /opt/airflow/dags/bigquery_load.py for tasks to queue
[2023-03-09T16:34:30.077+0000] {logging_mixin.py:137} INFO - [2023-03-09T16:34:30.076+0000] {dagbag.py:538} INFO - Filling up the DagBag from /opt/airflow/dags/bigquery_load.py
[2023-03-09T16:34:39.353+0000] {processor.py:755} WARNING - No viable dags retrieved from /opt/airflow/dags/bigquery_load.py
[2023-03-09T16:34:39.417+0000] {processor.py:175} INFO - Processing /opt/airflow/dags/bigquery_load.py took 9.378 seconds
[2023-03-09T16:35:17.920+0000] {processor.py:153} INFO - Started process (PID=1617) to work on /opt/airflow/dags/bigquery_load.py
[2023-03-09T16:35:17.926+0000] {processor.py:743} INFO - Processing file /opt/airflow/dags/bigquery_load.py for tasks to queue
[2023-03-09T16:35:17.934+0000] {logging_mixin.py:137} INFO - [2023-03-09T16:35:17.933+0000] {dagbag.py:538} INFO - Filling up the DagBag from /opt/airflow/dags/bigquery_load.py
[2023-03-09T16:35:26.316+0000] {processor.py:755} WARNING - No viable dags retrieved from /opt/airflow/dags/bigquery_load.py
[2023-03-09T16:35:26.379+0000] {processor.py:175} INFO - Processing /opt/airflow/dags/bigquery_load.py took 8.524 seconds
[2023-03-09T16:36:38.421+0000] {processor.py:153} INFO - Started process (PID=1707) to work on /opt/airflow/dags/bigquery_load.py
[2023-03-09T16:36:38.442+0000] {processor.py:743} INFO - Processing file /opt/airflow/dags/bigquery_load.py for tasks to queue
[2023-03-09T16:36:38.497+0000] {logging_mixin.py:137} INFO - [2023-03-09T16:36:38.460+0000] {dagbag.py:538} INFO - Filling up the DagBag from /opt/airflow/dags/bigquery_load.py
[2023-03-09T16:36:47.106+0000] {processor.py:755} WARNING - No viable dags retrieved from /opt/airflow/dags/bigquery_load.py
[2023-03-09T16:36:47.175+0000] {processor.py:175} INFO - Processing /opt/airflow/dags/bigquery_load.py took 8.838 seconds
[2023-03-09T16:37:53.296+0000] {processor.py:153} INFO - Started process (PID=1797) to work on /opt/airflow/dags/bigquery_load.py
[2023-03-09T16:37:53.323+0000] {processor.py:743} INFO - Processing file /opt/airflow/dags/bigquery_load.py for tasks to queue
[2023-03-09T16:37:53.348+0000] {logging_mixin.py:137} INFO - [2023-03-09T16:37:53.347+0000] {dagbag.py:538} INFO - Filling up the DagBag from /opt/airflow/dags/bigquery_load.py
[2023-03-09T16:38:05.236+0000] {processor.py:755} WARNING - No viable dags retrieved from /opt/airflow/dags/bigquery_load.py
[2023-03-09T16:38:05.363+0000] {processor.py:175} INFO - Processing /opt/airflow/dags/bigquery_load.py took 12.112 seconds
[2023-03-09T16:38:36.051+0000] {processor.py:153} INFO - Started process (PID=1874) to work on /opt/airflow/dags/bigquery_load.py
[2023-03-09T16:38:36.058+0000] {processor.py:743} INFO - Processing file /opt/airflow/dags/bigquery_load.py for tasks to queue
[2023-03-09T16:38:36.061+0000] {logging_mixin.py:137} INFO - [2023-03-09T16:38:36.061+0000] {dagbag.py:538} INFO - Filling up the DagBag from /opt/airflow/dags/bigquery_load.py
[2023-03-09T16:38:37.656+0000] {processor.py:755} WARNING - No viable dags retrieved from /opt/airflow/dags/bigquery_load.py
[2023-03-09T16:38:37.764+0000] {processor.py:175} INFO - Processing /opt/airflow/dags/bigquery_load.py took 1.724 seconds
[2023-03-09T16:39:08.680+0000] {processor.py:153} INFO - Started process (PID=1948) to work on /opt/airflow/dags/bigquery_load.py
[2023-03-09T16:39:08.683+0000] {processor.py:743} INFO - Processing file /opt/airflow/dags/bigquery_load.py for tasks to queue
[2023-03-09T16:39:08.685+0000] {logging_mixin.py:137} INFO - [2023-03-09T16:39:08.684+0000] {dagbag.py:538} INFO - Filling up the DagBag from /opt/airflow/dags/bigquery_load.py
[2023-03-09T16:39:09.580+0000] {processor.py:755} WARNING - No viable dags retrieved from /opt/airflow/dags/bigquery_load.py
[2023-03-09T16:39:09.595+0000] {processor.py:175} INFO - Processing /opt/airflow/dags/bigquery_load.py took 0.921 seconds
[2023-03-09T16:39:40.241+0000] {processor.py:153} INFO - Started process (PID=2035) to work on /opt/airflow/dags/bigquery_load.py
[2023-03-09T16:39:40.244+0000] {processor.py:743} INFO - Processing file /opt/airflow/dags/bigquery_load.py for tasks to queue
[2023-03-09T16:39:40.246+0000] {logging_mixin.py:137} INFO - [2023-03-09T16:39:40.246+0000] {dagbag.py:538} INFO - Filling up the DagBag from /opt/airflow/dags/bigquery_load.py
[2023-03-09T16:39:41.105+0000] {processor.py:755} WARNING - No viable dags retrieved from /opt/airflow/dags/bigquery_load.py
[2023-03-09T16:39:41.115+0000] {processor.py:175} INFO - Processing /opt/airflow/dags/bigquery_load.py took 0.880 seconds
[2023-03-09T16:40:11.622+0000] {processor.py:153} INFO - Started process (PID=2109) to work on /opt/airflow/dags/bigquery_load.py
[2023-03-09T16:40:11.626+0000] {processor.py:743} INFO - Processing file /opt/airflow/dags/bigquery_load.py for tasks to queue
[2023-03-09T16:40:11.630+0000] {logging_mixin.py:137} INFO - [2023-03-09T16:40:11.630+0000] {dagbag.py:538} INFO - Filling up the DagBag from /opt/airflow/dags/bigquery_load.py
[2023-03-09T16:40:12.486+0000] {processor.py:755} WARNING - No viable dags retrieved from /opt/airflow/dags/bigquery_load.py
[2023-03-09T16:40:12.494+0000] {processor.py:175} INFO - Processing /opt/airflow/dags/bigquery_load.py took 0.880 seconds
[2023-03-09T16:40:42.930+0000] {processor.py:153} INFO - Started process (PID=2194) to work on /opt/airflow/dags/bigquery_load.py
[2023-03-09T16:40:42.932+0000] {processor.py:743} INFO - Processing file /opt/airflow/dags/bigquery_load.py for tasks to queue
[2023-03-09T16:40:42.935+0000] {logging_mixin.py:137} INFO - [2023-03-09T16:40:42.935+0000] {dagbag.py:538} INFO - Filling up the DagBag from /opt/airflow/dags/bigquery_load.py
[2023-03-09T16:40:43.787+0000] {processor.py:755} WARNING - No viable dags retrieved from /opt/airflow/dags/bigquery_load.py
[2023-03-09T16:40:43.797+0000] {processor.py:175} INFO - Processing /opt/airflow/dags/bigquery_load.py took 0.874 seconds
[2023-03-09T16:41:14.500+0000] {processor.py:153} INFO - Started process (PID=2277) to work on /opt/airflow/dags/bigquery_load.py
[2023-03-09T16:41:14.502+0000] {processor.py:743} INFO - Processing file /opt/airflow/dags/bigquery_load.py for tasks to queue
[2023-03-09T16:41:14.504+0000] {logging_mixin.py:137} INFO - [2023-03-09T16:41:14.504+0000] {dagbag.py:538} INFO - Filling up the DagBag from /opt/airflow/dags/bigquery_load.py
[2023-03-09T16:41:15.456+0000] {processor.py:755} WARNING - No viable dags retrieved from /opt/airflow/dags/bigquery_load.py
[2023-03-09T16:41:15.466+0000] {processor.py:175} INFO - Processing /opt/airflow/dags/bigquery_load.py took 0.971 seconds
[2023-03-09T16:41:46.159+0000] {processor.py:153} INFO - Started process (PID=2355) to work on /opt/airflow/dags/bigquery_load.py
[2023-03-09T16:41:46.162+0000] {processor.py:743} INFO - Processing file /opt/airflow/dags/bigquery_load.py for tasks to queue
[2023-03-09T16:41:46.164+0000] {logging_mixin.py:137} INFO - [2023-03-09T16:41:46.164+0000] {dagbag.py:538} INFO - Filling up the DagBag from /opt/airflow/dags/bigquery_load.py
[2023-03-09T16:41:47.045+0000] {processor.py:755} WARNING - No viable dags retrieved from /opt/airflow/dags/bigquery_load.py
[2023-03-09T16:41:47.054+0000] {processor.py:175} INFO - Processing /opt/airflow/dags/bigquery_load.py took 0.902 seconds
[2023-03-09T16:42:17.642+0000] {processor.py:153} INFO - Started process (PID=2438) to work on /opt/airflow/dags/bigquery_load.py
[2023-03-09T16:42:17.644+0000] {processor.py:743} INFO - Processing file /opt/airflow/dags/bigquery_load.py for tasks to queue
[2023-03-09T16:42:17.647+0000] {logging_mixin.py:137} INFO - [2023-03-09T16:42:17.646+0000] {dagbag.py:538} INFO - Filling up the DagBag from /opt/airflow/dags/bigquery_load.py
[2023-03-09T16:42:18.530+0000] {processor.py:755} WARNING - No viable dags retrieved from /opt/airflow/dags/bigquery_load.py
[2023-03-09T16:42:18.540+0000] {processor.py:175} INFO - Processing /opt/airflow/dags/bigquery_load.py took 0.905 seconds
[2023-03-09T16:42:49.085+0000] {processor.py:153} INFO - Started process (PID=2516) to work on /opt/airflow/dags/bigquery_load.py
[2023-03-09T16:42:49.088+0000] {processor.py:743} INFO - Processing file /opt/airflow/dags/bigquery_load.py for tasks to queue
[2023-03-09T16:42:49.090+0000] {logging_mixin.py:137} INFO - [2023-03-09T16:42:49.090+0000] {dagbag.py:538} INFO - Filling up the DagBag from /opt/airflow/dags/bigquery_load.py
[2023-03-09T16:42:49.917+0000] {processor.py:755} WARNING - No viable dags retrieved from /opt/airflow/dags/bigquery_load.py
[2023-03-09T16:42:49.925+0000] {processor.py:175} INFO - Processing /opt/airflow/dags/bigquery_load.py took 0.844 seconds
[2023-03-09T16:43:20.831+0000] {processor.py:153} INFO - Started process (PID=2598) to work on /opt/airflow/dags/bigquery_load.py
[2023-03-09T16:43:20.835+0000] {processor.py:743} INFO - Processing file /opt/airflow/dags/bigquery_load.py for tasks to queue
[2023-03-09T16:43:20.837+0000] {logging_mixin.py:137} INFO - [2023-03-09T16:43:20.837+0000] {dagbag.py:538} INFO - Filling up the DagBag from /opt/airflow/dags/bigquery_load.py
[2023-03-09T16:43:21.804+0000] {processor.py:755} WARNING - No viable dags retrieved from /opt/airflow/dags/bigquery_load.py
[2023-03-09T16:43:21.813+0000] {processor.py:175} INFO - Processing /opt/airflow/dags/bigquery_load.py took 0.987 seconds
[2023-03-09T16:43:52.307+0000] {processor.py:153} INFO - Started process (PID=2675) to work on /opt/airflow/dags/bigquery_load.py
[2023-03-09T16:43:52.311+0000] {processor.py:743} INFO - Processing file /opt/airflow/dags/bigquery_load.py for tasks to queue
[2023-03-09T16:43:52.313+0000] {logging_mixin.py:137} INFO - [2023-03-09T16:43:52.313+0000] {dagbag.py:538} INFO - Filling up the DagBag from /opt/airflow/dags/bigquery_load.py
[2023-03-09T16:43:53.209+0000] {processor.py:755} WARNING - No viable dags retrieved from /opt/airflow/dags/bigquery_load.py
[2023-03-09T16:43:53.219+0000] {processor.py:175} INFO - Processing /opt/airflow/dags/bigquery_load.py took 0.919 seconds
[2023-03-09T16:44:23.314+0000] {processor.py:153} INFO - Started process (PID=2750) to work on /opt/airflow/dags/bigquery_load.py
[2023-03-09T16:44:23.317+0000] {processor.py:743} INFO - Processing file /opt/airflow/dags/bigquery_load.py for tasks to queue
[2023-03-09T16:44:23.319+0000] {logging_mixin.py:137} INFO - [2023-03-09T16:44:23.319+0000] {dagbag.py:538} INFO - Filling up the DagBag from /opt/airflow/dags/bigquery_load.py
[2023-03-09T16:44:24.375+0000] {processor.py:755} WARNING - No viable dags retrieved from /opt/airflow/dags/bigquery_load.py
[2023-03-09T16:44:24.385+0000] {processor.py:175} INFO - Processing /opt/airflow/dags/bigquery_load.py took 1.077 seconds
[2023-03-09T16:44:55.033+0000] {processor.py:153} INFO - Started process (PID=2826) to work on /opt/airflow/dags/bigquery_load.py
[2023-03-09T16:44:55.038+0000] {processor.py:743} INFO - Processing file /opt/airflow/dags/bigquery_load.py for tasks to queue
[2023-03-09T16:44:55.046+0000] {logging_mixin.py:137} INFO - [2023-03-09T16:44:55.046+0000] {dagbag.py:538} INFO - Filling up the DagBag from /opt/airflow/dags/bigquery_load.py
[2023-03-09T16:44:56.176+0000] {processor.py:755} WARNING - No viable dags retrieved from /opt/airflow/dags/bigquery_load.py
[2023-03-09T16:44:56.186+0000] {processor.py:175} INFO - Processing /opt/airflow/dags/bigquery_load.py took 1.162 seconds
[2023-03-09T16:45:26.314+0000] {processor.py:153} INFO - Started process (PID=2915) to work on /opt/airflow/dags/bigquery_load.py
[2023-03-09T16:45:26.316+0000] {processor.py:743} INFO - Processing file /opt/airflow/dags/bigquery_load.py for tasks to queue
[2023-03-09T16:45:26.318+0000] {logging_mixin.py:137} INFO - [2023-03-09T16:45:26.318+0000] {dagbag.py:538} INFO - Filling up the DagBag from /opt/airflow/dags/bigquery_load.py
[2023-03-09T16:45:27.595+0000] {processor.py:755} WARNING - No viable dags retrieved from /opt/airflow/dags/bigquery_load.py
[2023-03-09T16:45:27.615+0000] {processor.py:175} INFO - Processing /opt/airflow/dags/bigquery_load.py took 1.309 seconds
[2023-03-09T16:45:57.749+0000] {processor.py:153} INFO - Started process (PID=2989) to work on /opt/airflow/dags/bigquery_load.py
[2023-03-09T16:45:57.755+0000] {processor.py:743} INFO - Processing file /opt/airflow/dags/bigquery_load.py for tasks to queue
[2023-03-09T16:45:57.760+0000] {logging_mixin.py:137} INFO - [2023-03-09T16:45:57.759+0000] {dagbag.py:538} INFO - Filling up the DagBag from /opt/airflow/dags/bigquery_load.py
[2023-03-09T16:45:59.011+0000] {processor.py:755} WARNING - No viable dags retrieved from /opt/airflow/dags/bigquery_load.py
[2023-03-09T16:45:59.021+0000] {processor.py:175} INFO - Processing /opt/airflow/dags/bigquery_load.py took 1.282 seconds
[2023-03-09T16:46:29.267+0000] {processor.py:153} INFO - Started process (PID=3073) to work on /opt/airflow/dags/bigquery_load.py
[2023-03-09T16:46:29.271+0000] {processor.py:743} INFO - Processing file /opt/airflow/dags/bigquery_load.py for tasks to queue
[2023-03-09T16:46:29.272+0000] {logging_mixin.py:137} INFO - [2023-03-09T16:46:29.272+0000] {dagbag.py:538} INFO - Filling up the DagBag from /opt/airflow/dags/bigquery_load.py
[2023-03-09T16:46:30.172+0000] {processor.py:755} WARNING - No viable dags retrieved from /opt/airflow/dags/bigquery_load.py
[2023-03-09T16:46:30.180+0000] {processor.py:175} INFO - Processing /opt/airflow/dags/bigquery_load.py took 0.920 seconds
[2023-03-09T16:47:00.536+0000] {processor.py:153} INFO - Started process (PID=3150) to work on /opt/airflow/dags/bigquery_load.py
[2023-03-09T16:47:00.538+0000] {processor.py:743} INFO - Processing file /opt/airflow/dags/bigquery_load.py for tasks to queue
[2023-03-09T16:47:00.540+0000] {logging_mixin.py:137} INFO - [2023-03-09T16:47:00.540+0000] {dagbag.py:538} INFO - Filling up the DagBag from /opt/airflow/dags/bigquery_load.py
[2023-03-09T16:47:01.369+0000] {processor.py:755} WARNING - No viable dags retrieved from /opt/airflow/dags/bigquery_load.py
[2023-03-09T16:47:01.378+0000] {processor.py:175} INFO - Processing /opt/airflow/dags/bigquery_load.py took 0.847 seconds
[2023-03-09T16:47:31.496+0000] {processor.py:153} INFO - Started process (PID=3223) to work on /opt/airflow/dags/bigquery_load.py
[2023-03-09T16:47:31.498+0000] {processor.py:743} INFO - Processing file /opt/airflow/dags/bigquery_load.py for tasks to queue
[2023-03-09T16:47:31.500+0000] {logging_mixin.py:137} INFO - [2023-03-09T16:47:31.500+0000] {dagbag.py:538} INFO - Filling up the DagBag from /opt/airflow/dags/bigquery_load.py
[2023-03-09T16:47:32.340+0000] {processor.py:755} WARNING - No viable dags retrieved from /opt/airflow/dags/bigquery_load.py
[2023-03-09T16:47:32.349+0000] {processor.py:175} INFO - Processing /opt/airflow/dags/bigquery_load.py took 0.858 seconds
[2023-03-09T16:48:02.944+0000] {processor.py:153} INFO - Started process (PID=3308) to work on /opt/airflow/dags/bigquery_load.py
[2023-03-09T16:48:02.946+0000] {processor.py:743} INFO - Processing file /opt/airflow/dags/bigquery_load.py for tasks to queue
[2023-03-09T16:48:02.948+0000] {logging_mixin.py:137} INFO - [2023-03-09T16:48:02.948+0000] {dagbag.py:538} INFO - Filling up the DagBag from /opt/airflow/dags/bigquery_load.py
[2023-03-09T16:48:03.904+0000] {processor.py:755} WARNING - No viable dags retrieved from /opt/airflow/dags/bigquery_load.py
[2023-03-09T16:48:03.916+0000] {processor.py:175} INFO - Processing /opt/airflow/dags/bigquery_load.py took 0.977 seconds
[2023-03-09T16:48:34.813+0000] {processor.py:153} INFO - Started process (PID=3388) to work on /opt/airflow/dags/bigquery_load.py
[2023-03-09T16:48:34.816+0000] {processor.py:743} INFO - Processing file /opt/airflow/dags/bigquery_load.py for tasks to queue
[2023-03-09T16:48:34.818+0000] {logging_mixin.py:137} INFO - [2023-03-09T16:48:34.818+0000] {dagbag.py:538} INFO - Filling up the DagBag from /opt/airflow/dags/bigquery_load.py
[2023-03-09T16:48:35.788+0000] {processor.py:755} WARNING - No viable dags retrieved from /opt/airflow/dags/bigquery_load.py
[2023-03-09T16:48:35.797+0000] {processor.py:175} INFO - Processing /opt/airflow/dags/bigquery_load.py took 0.989 seconds
[2023-03-09T16:49:06.130+0000] {processor.py:153} INFO - Started process (PID=3466) to work on /opt/airflow/dags/bigquery_load.py
[2023-03-09T16:49:06.135+0000] {processor.py:743} INFO - Processing file /opt/airflow/dags/bigquery_load.py for tasks to queue
[2023-03-09T16:49:06.141+0000] {logging_mixin.py:137} INFO - [2023-03-09T16:49:06.141+0000] {dagbag.py:538} INFO - Filling up the DagBag from /opt/airflow/dags/bigquery_load.py
[2023-03-09T16:49:07.042+0000] {processor.py:755} WARNING - No viable dags retrieved from /opt/airflow/dags/bigquery_load.py
[2023-03-09T16:49:07.050+0000] {processor.py:175} INFO - Processing /opt/airflow/dags/bigquery_load.py took 0.928 seconds
[2023-03-09T16:49:37.634+0000] {processor.py:153} INFO - Started process (PID=3546) to work on /opt/airflow/dags/bigquery_load.py
[2023-03-09T16:49:37.636+0000] {processor.py:743} INFO - Processing file /opt/airflow/dags/bigquery_load.py for tasks to queue
[2023-03-09T16:49:37.638+0000] {logging_mixin.py:137} INFO - [2023-03-09T16:49:37.638+0000] {dagbag.py:538} INFO - Filling up the DagBag from /opt/airflow/dags/bigquery_load.py
[2023-03-09T16:49:38.491+0000] {processor.py:755} WARNING - No viable dags retrieved from /opt/airflow/dags/bigquery_load.py
[2023-03-09T16:49:38.501+0000] {processor.py:175} INFO - Processing /opt/airflow/dags/bigquery_load.py took 0.872 seconds
