[2023-03-09T01:14:22.366+0000] {processor.py:153} INFO - Started process (PID=49) to work on /opt/airflow/dags/history.py
[2023-03-09T01:14:22.373+0000] {processor.py:743} INFO - Processing file /opt/airflow/dags/history.py for tasks to queue
[2023-03-09T01:14:22.375+0000] {logging_mixin.py:137} INFO - [2023-03-09T01:14:22.375+0000] {dagbag.py:538} INFO - Filling up the DagBag from /opt/airflow/dags/history.py
[2023-03-09T01:14:24.781+0000] {processor.py:755} WARNING - No viable dags retrieved from /opt/airflow/dags/history.py
[2023-03-09T01:14:24.799+0000] {processor.py:175} INFO - Processing /opt/airflow/dags/history.py took 2.447 seconds
[2023-03-09T01:14:54.968+0000] {processor.py:153} INFO - Started process (PID=120) to work on /opt/airflow/dags/history.py
[2023-03-09T01:14:54.972+0000] {processor.py:743} INFO - Processing file /opt/airflow/dags/history.py for tasks to queue
[2023-03-09T01:14:54.974+0000] {logging_mixin.py:137} INFO - [2023-03-09T01:14:54.974+0000] {dagbag.py:538} INFO - Filling up the DagBag from /opt/airflow/dags/history.py
[2023-03-09T01:14:57.700+0000] {processor.py:755} WARNING - No viable dags retrieved from /opt/airflow/dags/history.py
[2023-03-09T01:14:57.711+0000] {processor.py:175} INFO - Processing /opt/airflow/dags/history.py took 2.751 seconds
[2023-03-09T01:15:28.133+0000] {processor.py:153} INFO - Started process (PID=193) to work on /opt/airflow/dags/history.py
[2023-03-09T01:15:28.137+0000] {processor.py:743} INFO - Processing file /opt/airflow/dags/history.py for tasks to queue
[2023-03-09T01:15:28.139+0000] {logging_mixin.py:137} INFO - [2023-03-09T01:15:28.138+0000] {dagbag.py:538} INFO - Filling up the DagBag from /opt/airflow/dags/history.py
[2023-03-09T01:15:28.846+0000] {processor.py:755} WARNING - No viable dags retrieved from /opt/airflow/dags/history.py
[2023-03-09T01:15:28.855+0000] {processor.py:175} INFO - Processing /opt/airflow/dags/history.py took 0.728 seconds
[2023-03-09T01:15:59.109+0000] {processor.py:153} INFO - Started process (PID=275) to work on /opt/airflow/dags/history.py
[2023-03-09T01:15:59.113+0000] {processor.py:743} INFO - Processing file /opt/airflow/dags/history.py for tasks to queue
[2023-03-09T01:15:59.123+0000] {logging_mixin.py:137} INFO - [2023-03-09T01:15:59.123+0000] {dagbag.py:538} INFO - Filling up the DagBag from /opt/airflow/dags/history.py
[2023-03-09T01:16:00.042+0000] {processor.py:755} WARNING - No viable dags retrieved from /opt/airflow/dags/history.py
[2023-03-09T01:16:00.053+0000] {processor.py:175} INFO - Processing /opt/airflow/dags/history.py took 0.951 seconds
[2023-03-09T01:16:30.300+0000] {processor.py:153} INFO - Started process (PID=353) to work on /opt/airflow/dags/history.py
[2023-03-09T01:16:30.303+0000] {processor.py:743} INFO - Processing file /opt/airflow/dags/history.py for tasks to queue
[2023-03-09T01:16:30.305+0000] {logging_mixin.py:137} INFO - [2023-03-09T01:16:30.305+0000] {dagbag.py:538} INFO - Filling up the DagBag from /opt/airflow/dags/history.py
[2023-03-09T01:16:31.425+0000] {processor.py:755} WARNING - No viable dags retrieved from /opt/airflow/dags/history.py
[2023-03-09T01:16:31.433+0000] {processor.py:175} INFO - Processing /opt/airflow/dags/history.py took 1.140 seconds
[2023-03-09T16:22:38.542+0000] {processor.py:153} INFO - Started process (PID=48) to work on /opt/airflow/dags/history.py
[2023-03-09T16:22:38.551+0000] {processor.py:743} INFO - Processing file /opt/airflow/dags/history.py for tasks to queue
[2023-03-09T16:22:38.556+0000] {logging_mixin.py:137} INFO - [2023-03-09T16:22:38.555+0000] {dagbag.py:538} INFO - Filling up the DagBag from /opt/airflow/dags/history.py
[2023-03-09T16:22:42.757+0000] {processor.py:755} WARNING - No viable dags retrieved from /opt/airflow/dags/history.py
[2023-03-09T16:22:42.771+0000] {processor.py:175} INFO - Processing /opt/airflow/dags/history.py took 4.243 seconds
[2023-03-09T16:23:12.914+0000] {processor.py:153} INFO - Started process (PID=128) to work on /opt/airflow/dags/history.py
[2023-03-09T16:23:12.916+0000] {processor.py:743} INFO - Processing file /opt/airflow/dags/history.py for tasks to queue
[2023-03-09T16:23:12.919+0000] {logging_mixin.py:137} INFO - [2023-03-09T16:23:12.919+0000] {dagbag.py:538} INFO - Filling up the DagBag from /opt/airflow/dags/history.py
[2023-03-09T16:23:13.921+0000] {processor.py:755} WARNING - No viable dags retrieved from /opt/airflow/dags/history.py
[2023-03-09T16:23:13.928+0000] {processor.py:175} INFO - Processing /opt/airflow/dags/history.py took 1.021 seconds
[2023-03-09T16:23:44.246+0000] {processor.py:153} INFO - Started process (PID=202) to work on /opt/airflow/dags/history.py
[2023-03-09T16:23:44.248+0000] {processor.py:743} INFO - Processing file /opt/airflow/dags/history.py for tasks to queue
[2023-03-09T16:23:44.250+0000] {logging_mixin.py:137} INFO - [2023-03-09T16:23:44.249+0000] {dagbag.py:538} INFO - Filling up the DagBag from /opt/airflow/dags/history.py
[2023-03-09T16:23:44.967+0000] {processor.py:755} WARNING - No viable dags retrieved from /opt/airflow/dags/history.py
[2023-03-09T16:23:44.976+0000] {processor.py:175} INFO - Processing /opt/airflow/dags/history.py took 0.736 seconds
[2023-03-09T16:24:15.088+0000] {processor.py:153} INFO - Started process (PID=279) to work on /opt/airflow/dags/history.py
[2023-03-09T16:24:15.091+0000] {processor.py:743} INFO - Processing file /opt/airflow/dags/history.py for tasks to queue
[2023-03-09T16:24:15.097+0000] {logging_mixin.py:137} INFO - [2023-03-09T16:24:15.097+0000] {dagbag.py:538} INFO - Filling up the DagBag from /opt/airflow/dags/history.py
[2023-03-09T16:24:16.166+0000] {processor.py:755} WARNING - No viable dags retrieved from /opt/airflow/dags/history.py
[2023-03-09T16:24:16.179+0000] {processor.py:175} INFO - Processing /opt/airflow/dags/history.py took 1.103 seconds
[2023-03-09T16:24:46.672+0000] {processor.py:153} INFO - Started process (PID=358) to work on /opt/airflow/dags/history.py
[2023-03-09T16:24:46.676+0000] {processor.py:743} INFO - Processing file /opt/airflow/dags/history.py for tasks to queue
[2023-03-09T16:24:46.678+0000] {logging_mixin.py:137} INFO - [2023-03-09T16:24:46.678+0000] {dagbag.py:538} INFO - Filling up the DagBag from /opt/airflow/dags/history.py
[2023-03-09T16:24:47.531+0000] {processor.py:755} WARNING - No viable dags retrieved from /opt/airflow/dags/history.py
[2023-03-09T16:24:47.539+0000] {processor.py:175} INFO - Processing /opt/airflow/dags/history.py took 0.872 seconds
[2023-03-09T16:25:17.750+0000] {processor.py:153} INFO - Started process (PID=430) to work on /opt/airflow/dags/history.py
[2023-03-09T16:25:17.755+0000] {processor.py:743} INFO - Processing file /opt/airflow/dags/history.py for tasks to queue
[2023-03-09T16:25:17.756+0000] {logging_mixin.py:137} INFO - [2023-03-09T16:25:17.756+0000] {dagbag.py:538} INFO - Filling up the DagBag from /opt/airflow/dags/history.py
[2023-03-09T16:25:18.764+0000] {processor.py:755} WARNING - No viable dags retrieved from /opt/airflow/dags/history.py
[2023-03-09T16:25:18.772+0000] {processor.py:175} INFO - Processing /opt/airflow/dags/history.py took 1.028 seconds
[2023-03-09T16:25:48.888+0000] {processor.py:153} INFO - Started process (PID=513) to work on /opt/airflow/dags/history.py
[2023-03-09T16:25:48.890+0000] {processor.py:743} INFO - Processing file /opt/airflow/dags/history.py for tasks to queue
[2023-03-09T16:25:48.892+0000] {logging_mixin.py:137} INFO - [2023-03-09T16:25:48.892+0000] {dagbag.py:538} INFO - Filling up the DagBag from /opt/airflow/dags/history.py
[2023-03-09T16:25:49.823+0000] {processor.py:755} WARNING - No viable dags retrieved from /opt/airflow/dags/history.py
[2023-03-09T16:25:49.832+0000] {processor.py:175} INFO - Processing /opt/airflow/dags/history.py took 0.951 seconds
[2023-03-09T16:26:20.588+0000] {processor.py:153} INFO - Started process (PID=594) to work on /opt/airflow/dags/history.py
[2023-03-09T16:26:20.593+0000] {processor.py:743} INFO - Processing file /opt/airflow/dags/history.py for tasks to queue
[2023-03-09T16:26:20.596+0000] {logging_mixin.py:137} INFO - [2023-03-09T16:26:20.596+0000] {dagbag.py:538} INFO - Filling up the DagBag from /opt/airflow/dags/history.py
[2023-03-09T16:26:21.338+0000] {processor.py:755} WARNING - No viable dags retrieved from /opt/airflow/dags/history.py
[2023-03-09T16:26:21.346+0000] {processor.py:175} INFO - Processing /opt/airflow/dags/history.py took 0.764 seconds
[2023-03-09T16:26:51.976+0000] {processor.py:153} INFO - Started process (PID=668) to work on /opt/airflow/dags/history.py
[2023-03-09T16:26:51.981+0000] {processor.py:743} INFO - Processing file /opt/airflow/dags/history.py for tasks to queue
[2023-03-09T16:26:51.983+0000] {logging_mixin.py:137} INFO - [2023-03-09T16:26:51.982+0000] {dagbag.py:538} INFO - Filling up the DagBag from /opt/airflow/dags/history.py
[2023-03-09T16:26:52.842+0000] {processor.py:755} WARNING - No viable dags retrieved from /opt/airflow/dags/history.py
[2023-03-09T16:26:52.848+0000] {processor.py:175} INFO - Processing /opt/airflow/dags/history.py took 0.878 seconds
[2023-03-09T16:27:23.600+0000] {processor.py:153} INFO - Started process (PID=754) to work on /opt/airflow/dags/history.py
[2023-03-09T16:27:23.604+0000] {processor.py:743} INFO - Processing file /opt/airflow/dags/history.py for tasks to queue
[2023-03-09T16:27:23.606+0000] {logging_mixin.py:137} INFO - [2023-03-09T16:27:23.606+0000] {dagbag.py:538} INFO - Filling up the DagBag from /opt/airflow/dags/history.py
[2023-03-09T16:27:24.458+0000] {processor.py:755} WARNING - No viable dags retrieved from /opt/airflow/dags/history.py
[2023-03-09T16:27:24.465+0000] {processor.py:175} INFO - Processing /opt/airflow/dags/history.py took 0.870 seconds
[2023-03-09T16:27:55.021+0000] {processor.py:153} INFO - Started process (PID=829) to work on /opt/airflow/dags/history.py
[2023-03-09T16:27:55.025+0000] {processor.py:743} INFO - Processing file /opt/airflow/dags/history.py for tasks to queue
[2023-03-09T16:27:55.027+0000] {logging_mixin.py:137} INFO - [2023-03-09T16:27:55.027+0000] {dagbag.py:538} INFO - Filling up the DagBag from /opt/airflow/dags/history.py
[2023-03-09T16:27:55.743+0000] {processor.py:755} WARNING - No viable dags retrieved from /opt/airflow/dags/history.py
[2023-03-09T16:27:55.753+0000] {processor.py:175} INFO - Processing /opt/airflow/dags/history.py took 0.739 seconds
[2023-03-09T16:28:26.074+0000] {processor.py:153} INFO - Started process (PID=914) to work on /opt/airflow/dags/history.py
[2023-03-09T16:28:26.076+0000] {processor.py:743} INFO - Processing file /opt/airflow/dags/history.py for tasks to queue
[2023-03-09T16:28:26.078+0000] {logging_mixin.py:137} INFO - [2023-03-09T16:28:26.078+0000] {dagbag.py:538} INFO - Filling up the DagBag from /opt/airflow/dags/history.py
[2023-03-09T16:28:26.960+0000] {processor.py:755} WARNING - No viable dags retrieved from /opt/airflow/dags/history.py
[2023-03-09T16:28:26.966+0000] {processor.py:175} INFO - Processing /opt/airflow/dags/history.py took 0.898 seconds
[2023-03-09T16:28:57.198+0000] {processor.py:153} INFO - Started process (PID=988) to work on /opt/airflow/dags/history.py
[2023-03-09T16:28:57.200+0000] {processor.py:743} INFO - Processing file /opt/airflow/dags/history.py for tasks to queue
[2023-03-09T16:28:57.202+0000] {logging_mixin.py:137} INFO - [2023-03-09T16:28:57.202+0000] {dagbag.py:538} INFO - Filling up the DagBag from /opt/airflow/dags/history.py
[2023-03-09T16:28:58.119+0000] {processor.py:755} WARNING - No viable dags retrieved from /opt/airflow/dags/history.py
[2023-03-09T16:28:58.127+0000] {processor.py:175} INFO - Processing /opt/airflow/dags/history.py took 0.935 seconds
[2023-03-09T16:29:28.721+0000] {processor.py:153} INFO - Started process (PID=1075) to work on /opt/airflow/dags/history.py
[2023-03-09T16:29:28.726+0000] {processor.py:743} INFO - Processing file /opt/airflow/dags/history.py for tasks to queue
[2023-03-09T16:29:28.731+0000] {logging_mixin.py:137} INFO - [2023-03-09T16:29:28.731+0000] {dagbag.py:538} INFO - Filling up the DagBag from /opt/airflow/dags/history.py
[2023-03-09T16:29:29.741+0000] {processor.py:755} WARNING - No viable dags retrieved from /opt/airflow/dags/history.py
[2023-03-09T16:29:29.750+0000] {processor.py:175} INFO - Processing /opt/airflow/dags/history.py took 1.042 seconds
[2023-03-09T16:30:00.160+0000] {processor.py:153} INFO - Started process (PID=1148) to work on /opt/airflow/dags/history.py
[2023-03-09T16:30:00.162+0000] {processor.py:743} INFO - Processing file /opt/airflow/dags/history.py for tasks to queue
[2023-03-09T16:30:00.164+0000] {logging_mixin.py:137} INFO - [2023-03-09T16:30:00.163+0000] {dagbag.py:538} INFO - Filling up the DagBag from /opt/airflow/dags/history.py
[2023-03-09T16:30:00.883+0000] {processor.py:755} WARNING - No viable dags retrieved from /opt/airflow/dags/history.py
[2023-03-09T16:30:00.891+0000] {processor.py:175} INFO - Processing /opt/airflow/dags/history.py took 0.735 seconds
[2023-03-09T16:30:31.067+0000] {processor.py:153} INFO - Started process (PID=1222) to work on /opt/airflow/dags/history.py
[2023-03-09T16:30:31.080+0000] {processor.py:743} INFO - Processing file /opt/airflow/dags/history.py for tasks to queue
[2023-03-09T16:30:31.092+0000] {logging_mixin.py:137} INFO - [2023-03-09T16:30:31.089+0000] {dagbag.py:538} INFO - Filling up the DagBag from /opt/airflow/dags/history.py
[2023-03-09T16:30:33.121+0000] {processor.py:755} WARNING - No viable dags retrieved from /opt/airflow/dags/history.py
[2023-03-09T16:30:33.141+0000] {processor.py:175} INFO - Processing /opt/airflow/dags/history.py took 2.103 seconds
[2023-03-09T16:31:04.099+0000] {processor.py:153} INFO - Started process (PID=1294) to work on /opt/airflow/dags/history.py
[2023-03-09T16:31:04.111+0000] {processor.py:743} INFO - Processing file /opt/airflow/dags/history.py for tasks to queue
[2023-03-09T16:31:04.124+0000] {logging_mixin.py:137} INFO - [2023-03-09T16:31:04.123+0000] {dagbag.py:538} INFO - Filling up the DagBag from /opt/airflow/dags/history.py
[2023-03-09T16:31:08.407+0000] {processor.py:755} WARNING - No viable dags retrieved from /opt/airflow/dags/history.py
[2023-03-09T16:31:08.444+0000] {processor.py:175} INFO - Processing /opt/airflow/dags/history.py took 4.365 seconds
[2023-03-09T16:31:53.173+0000] {processor.py:153} INFO - Started process (PID=1365) to work on /opt/airflow/dags/history.py
[2023-03-09T16:31:53.204+0000] {processor.py:743} INFO - Processing file /opt/airflow/dags/history.py for tasks to queue
[2023-03-09T16:31:53.221+0000] {logging_mixin.py:137} INFO - [2023-03-09T16:31:53.220+0000] {dagbag.py:538} INFO - Filling up the DagBag from /opt/airflow/dags/history.py
[2023-03-09T16:32:03.909+0000] {processor.py:755} WARNING - No viable dags retrieved from /opt/airflow/dags/history.py
[2023-03-09T16:32:04.025+0000] {processor.py:175} INFO - Processing /opt/airflow/dags/history.py took 10.914 seconds
[2023-03-09T16:33:21.270+0000] {processor.py:153} INFO - Started process (PID=1461) to work on /opt/airflow/dags/history.py
[2023-03-09T16:33:21.294+0000] {processor.py:743} INFO - Processing file /opt/airflow/dags/history.py for tasks to queue
[2023-03-09T16:33:21.344+0000] {logging_mixin.py:137} INFO - [2023-03-09T16:33:21.306+0000] {dagbag.py:538} INFO - Filling up the DagBag from /opt/airflow/dags/history.py
[2023-03-09T16:33:42.726+0000] {processor.py:755} WARNING - No viable dags retrieved from /opt/airflow/dags/history.py
[2023-03-09T16:33:42.970+0000] {processor.py:175} INFO - Processing /opt/airflow/dags/history.py took 21.729 seconds
[2023-03-09T16:34:23.323+0000] {processor.py:153} INFO - Started process (PID=1541) to work on /opt/airflow/dags/history.py
[2023-03-09T16:34:23.332+0000] {processor.py:743} INFO - Processing file /opt/airflow/dags/history.py for tasks to queue
[2023-03-09T16:34:23.346+0000] {logging_mixin.py:137} INFO - [2023-03-09T16:34:23.344+0000] {dagbag.py:538} INFO - Filling up the DagBag from /opt/airflow/dags/history.py
[2023-03-09T16:34:29.817+0000] {processor.py:755} WARNING - No viable dags retrieved from /opt/airflow/dags/history.py
[2023-03-09T16:34:29.846+0000] {processor.py:175} INFO - Processing /opt/airflow/dags/history.py took 6.563 seconds
[2023-03-09T16:35:11.132+0000] {processor.py:153} INFO - Started process (PID=1611) to work on /opt/airflow/dags/history.py
[2023-03-09T16:35:11.143+0000] {processor.py:743} INFO - Processing file /opt/airflow/dags/history.py for tasks to queue
[2023-03-09T16:35:11.164+0000] {logging_mixin.py:137} INFO - [2023-03-09T16:35:11.163+0000] {dagbag.py:538} INFO - Filling up the DagBag from /opt/airflow/dags/history.py
[2023-03-09T16:35:17.507+0000] {processor.py:755} WARNING - No viable dags retrieved from /opt/airflow/dags/history.py
[2023-03-09T16:35:17.579+0000] {processor.py:175} INFO - Processing /opt/airflow/dags/history.py took 6.470 seconds
[2023-03-09T16:36:13.288+0000] {processor.py:153} INFO - Started process (PID=1680) to work on /opt/airflow/dags/history.py
[2023-03-09T16:36:13.306+0000] {processor.py:743} INFO - Processing file /opt/airflow/dags/history.py for tasks to queue
[2023-03-09T16:36:13.322+0000] {logging_mixin.py:137} INFO - [2023-03-09T16:36:13.321+0000] {dagbag.py:538} INFO - Filling up the DagBag from /opt/airflow/dags/history.py
[2023-03-09T16:36:25.484+0000] {processor.py:755} WARNING - No viable dags retrieved from /opt/airflow/dags/history.py
[2023-03-09T16:36:25.550+0000] {processor.py:175} INFO - Processing /opt/airflow/dags/history.py took 12.317 seconds
[2023-03-09T16:37:22.375+0000] {processor.py:153} INFO - Started process (PID=1761) to work on /opt/airflow/dags/history.py
[2023-03-09T16:37:22.384+0000] {processor.py:743} INFO - Processing file /opt/airflow/dags/history.py for tasks to queue
[2023-03-09T16:37:22.397+0000] {logging_mixin.py:137} INFO - [2023-03-09T16:37:22.396+0000] {dagbag.py:538} INFO - Filling up the DagBag from /opt/airflow/dags/history.py
[2023-03-09T16:37:34.195+0000] {processor.py:755} WARNING - No viable dags retrieved from /opt/airflow/dags/history.py
[2023-03-09T16:37:34.257+0000] {processor.py:175} INFO - Processing /opt/airflow/dags/history.py took 11.899 seconds
[2023-03-09T16:38:22.132+0000] {processor.py:153} INFO - Started process (PID=1840) to work on /opt/airflow/dags/history.py
[2023-03-09T16:38:22.135+0000] {processor.py:743} INFO - Processing file /opt/airflow/dags/history.py for tasks to queue
[2023-03-09T16:38:22.138+0000] {logging_mixin.py:137} INFO - [2023-03-09T16:38:22.138+0000] {dagbag.py:538} INFO - Filling up the DagBag from /opt/airflow/dags/history.py
[2023-03-09T16:38:23.378+0000] {processor.py:755} WARNING - No viable dags retrieved from /opt/airflow/dags/history.py
[2023-03-09T16:38:23.388+0000] {processor.py:175} INFO - Processing /opt/airflow/dags/history.py took 1.264 seconds
[2023-03-09T16:38:54.302+0000] {processor.py:153} INFO - Started process (PID=1914) to work on /opt/airflow/dags/history.py
[2023-03-09T16:38:54.305+0000] {processor.py:743} INFO - Processing file /opt/airflow/dags/history.py for tasks to queue
[2023-03-09T16:38:54.308+0000] {logging_mixin.py:137} INFO - [2023-03-09T16:38:54.307+0000] {dagbag.py:538} INFO - Filling up the DagBag from /opt/airflow/dags/history.py
[2023-03-09T16:38:55.581+0000] {processor.py:755} WARNING - No viable dags retrieved from /opt/airflow/dags/history.py
[2023-03-09T16:38:55.656+0000] {processor.py:175} INFO - Processing /opt/airflow/dags/history.py took 1.359 seconds
[2023-03-09T16:39:25.929+0000] {processor.py:153} INFO - Started process (PID=2003) to work on /opt/airflow/dags/history.py
[2023-03-09T16:39:25.931+0000] {processor.py:743} INFO - Processing file /opt/airflow/dags/history.py for tasks to queue
[2023-03-09T16:39:25.933+0000] {logging_mixin.py:137} INFO - [2023-03-09T16:39:25.933+0000] {dagbag.py:538} INFO - Filling up the DagBag from /opt/airflow/dags/history.py
[2023-03-09T16:39:26.814+0000] {processor.py:755} WARNING - No viable dags retrieved from /opt/airflow/dags/history.py
[2023-03-09T16:39:26.820+0000] {processor.py:175} INFO - Processing /opt/airflow/dags/history.py took 0.896 seconds
[2023-03-09T16:39:57.120+0000] {processor.py:153} INFO - Started process (PID=2074) to work on /opt/airflow/dags/history.py
[2023-03-09T16:39:57.122+0000] {processor.py:743} INFO - Processing file /opt/airflow/dags/history.py for tasks to queue
[2023-03-09T16:39:57.124+0000] {logging_mixin.py:137} INFO - [2023-03-09T16:39:57.124+0000] {dagbag.py:538} INFO - Filling up the DagBag from /opt/airflow/dags/history.py
[2023-03-09T16:39:58.010+0000] {processor.py:755} WARNING - No viable dags retrieved from /opt/airflow/dags/history.py
[2023-03-09T16:39:58.017+0000] {processor.py:175} INFO - Processing /opt/airflow/dags/history.py took 0.901 seconds
[2023-03-09T16:40:28.426+0000] {processor.py:153} INFO - Started process (PID=2159) to work on /opt/airflow/dags/history.py
[2023-03-09T16:40:28.428+0000] {processor.py:743} INFO - Processing file /opt/airflow/dags/history.py for tasks to queue
[2023-03-09T16:40:28.430+0000] {logging_mixin.py:137} INFO - [2023-03-09T16:40:28.430+0000] {dagbag.py:538} INFO - Filling up the DagBag from /opt/airflow/dags/history.py
[2023-03-09T16:40:29.317+0000] {processor.py:755} WARNING - No viable dags retrieved from /opt/airflow/dags/history.py
[2023-03-09T16:40:29.324+0000] {processor.py:175} INFO - Processing /opt/airflow/dags/history.py took 0.902 seconds
[2023-03-09T16:40:59.806+0000] {processor.py:153} INFO - Started process (PID=2232) to work on /opt/airflow/dags/history.py
[2023-03-09T16:40:59.808+0000] {processor.py:743} INFO - Processing file /opt/airflow/dags/history.py for tasks to queue
[2023-03-09T16:40:59.810+0000] {logging_mixin.py:137} INFO - [2023-03-09T16:40:59.810+0000] {dagbag.py:538} INFO - Filling up the DagBag from /opt/airflow/dags/history.py
[2023-03-09T16:41:00.715+0000] {processor.py:755} WARNING - No viable dags retrieved from /opt/airflow/dags/history.py
[2023-03-09T16:41:00.723+0000] {processor.py:175} INFO - Processing /opt/airflow/dags/history.py took 0.922 seconds
[2023-03-09T16:41:31.669+0000] {processor.py:153} INFO - Started process (PID=2320) to work on /opt/airflow/dags/history.py
[2023-03-09T16:41:31.676+0000] {processor.py:743} INFO - Processing file /opt/airflow/dags/history.py for tasks to queue
[2023-03-09T16:41:31.678+0000] {logging_mixin.py:137} INFO - [2023-03-09T16:41:31.678+0000] {dagbag.py:538} INFO - Filling up the DagBag from /opt/airflow/dags/history.py
[2023-03-09T16:41:32.656+0000] {processor.py:755} WARNING - No viable dags retrieved from /opt/airflow/dags/history.py
[2023-03-09T16:41:32.664+0000] {processor.py:175} INFO - Processing /opt/airflow/dags/history.py took 0.999 seconds
[2023-03-09T16:42:03.278+0000] {processor.py:153} INFO - Started process (PID=2397) to work on /opt/airflow/dags/history.py
[2023-03-09T16:42:03.280+0000] {processor.py:743} INFO - Processing file /opt/airflow/dags/history.py for tasks to queue
[2023-03-09T16:42:03.282+0000] {logging_mixin.py:137} INFO - [2023-03-09T16:42:03.282+0000] {dagbag.py:538} INFO - Filling up the DagBag from /opt/airflow/dags/history.py
[2023-03-09T16:42:04.170+0000] {processor.py:755} WARNING - No viable dags retrieved from /opt/airflow/dags/history.py
[2023-03-09T16:42:04.177+0000] {processor.py:175} INFO - Processing /opt/airflow/dags/history.py took 0.905 seconds
[2023-03-09T16:42:34.285+0000] {processor.py:153} INFO - Started process (PID=2479) to work on /opt/airflow/dags/history.py
[2023-03-09T16:42:34.287+0000] {processor.py:743} INFO - Processing file /opt/airflow/dags/history.py for tasks to queue
[2023-03-09T16:42:34.289+0000] {logging_mixin.py:137} INFO - [2023-03-09T16:42:34.289+0000] {dagbag.py:538} INFO - Filling up the DagBag from /opt/airflow/dags/history.py
[2023-03-09T16:42:35.174+0000] {processor.py:755} WARNING - No viable dags retrieved from /opt/airflow/dags/history.py
[2023-03-09T16:42:35.180+0000] {processor.py:175} INFO - Processing /opt/airflow/dags/history.py took 0.900 seconds
[2023-03-09T16:43:06.013+0000] {processor.py:153} INFO - Started process (PID=2553) to work on /opt/airflow/dags/history.py
[2023-03-09T16:43:06.017+0000] {processor.py:743} INFO - Processing file /opt/airflow/dags/history.py for tasks to queue
[2023-03-09T16:43:06.019+0000] {logging_mixin.py:137} INFO - [2023-03-09T16:43:06.019+0000] {dagbag.py:538} INFO - Filling up the DagBag from /opt/airflow/dags/history.py
[2023-03-09T16:43:07.071+0000] {processor.py:755} WARNING - No viable dags retrieved from /opt/airflow/dags/history.py
[2023-03-09T16:43:07.079+0000] {processor.py:175} INFO - Processing /opt/airflow/dags/history.py took 1.073 seconds
[2023-03-09T16:43:39.266+0000] {processor.py:153} INFO - Started process (PID=2642) to work on /opt/airflow/dags/history.py
[2023-03-09T16:43:39.268+0000] {processor.py:743} INFO - Processing file /opt/airflow/dags/history.py for tasks to queue
[2023-03-09T16:43:39.270+0000] {logging_mixin.py:137} INFO - [2023-03-09T16:43:39.270+0000] {dagbag.py:538} INFO - Filling up the DagBag from /opt/airflow/dags/history.py
[2023-03-09T16:43:40.638+0000] {processor.py:755} WARNING - No viable dags retrieved from /opt/airflow/dags/history.py
[2023-03-09T16:43:40.648+0000] {processor.py:175} INFO - Processing /opt/airflow/dags/history.py took 1.389 seconds
[2023-03-09T16:44:10.926+0000] {processor.py:153} INFO - Started process (PID=2718) to work on /opt/airflow/dags/history.py
[2023-03-09T16:44:10.929+0000] {processor.py:743} INFO - Processing file /opt/airflow/dags/history.py for tasks to queue
[2023-03-09T16:44:10.932+0000] {logging_mixin.py:137} INFO - [2023-03-09T16:44:10.931+0000] {dagbag.py:538} INFO - Filling up the DagBag from /opt/airflow/dags/history.py
[2023-03-09T16:44:12.143+0000] {processor.py:755} WARNING - No viable dags retrieved from /opt/airflow/dags/history.py
[2023-03-09T16:44:12.152+0000] {processor.py:175} INFO - Processing /opt/airflow/dags/history.py took 1.234 seconds
[2023-03-09T16:44:42.979+0000] {processor.py:153} INFO - Started process (PID=2803) to work on /opt/airflow/dags/history.py
[2023-03-09T16:44:42.982+0000] {processor.py:743} INFO - Processing file /opt/airflow/dags/history.py for tasks to queue
[2023-03-09T16:44:42.985+0000] {logging_mixin.py:137} INFO - [2023-03-09T16:44:42.985+0000] {dagbag.py:538} INFO - Filling up the DagBag from /opt/airflow/dags/history.py
[2023-03-09T16:44:44.391+0000] {processor.py:755} WARNING - No viable dags retrieved from /opt/airflow/dags/history.py
[2023-03-09T16:44:44.403+0000] {processor.py:175} INFO - Processing /opt/airflow/dags/history.py took 1.431 seconds
[2023-03-09T16:45:14.690+0000] {processor.py:153} INFO - Started process (PID=2878) to work on /opt/airflow/dags/history.py
[2023-03-09T16:45:14.693+0000] {processor.py:743} INFO - Processing file /opt/airflow/dags/history.py for tasks to queue
[2023-03-09T16:45:14.696+0000] {logging_mixin.py:137} INFO - [2023-03-09T16:45:14.695+0000] {dagbag.py:538} INFO - Filling up the DagBag from /opt/airflow/dags/history.py
[2023-03-09T16:45:16.068+0000] {processor.py:755} WARNING - No viable dags retrieved from /opt/airflow/dags/history.py
[2023-03-09T16:45:16.078+0000] {processor.py:175} INFO - Processing /opt/airflow/dags/history.py took 1.396 seconds
[2023-03-09T16:45:47.121+0000] {processor.py:153} INFO - Started process (PID=2955) to work on /opt/airflow/dags/history.py
[2023-03-09T16:45:47.125+0000] {processor.py:743} INFO - Processing file /opt/airflow/dags/history.py for tasks to queue
[2023-03-09T16:45:47.128+0000] {logging_mixin.py:137} INFO - [2023-03-09T16:45:47.128+0000] {dagbag.py:538} INFO - Filling up the DagBag from /opt/airflow/dags/history.py
[2023-03-09T16:45:48.503+0000] {processor.py:755} WARNING - No viable dags retrieved from /opt/airflow/dags/history.py
[2023-03-09T16:45:48.514+0000] {processor.py:175} INFO - Processing /opt/airflow/dags/history.py took 1.401 seconds
[2023-03-09T16:46:19.492+0000] {processor.py:153} INFO - Started process (PID=3043) to work on /opt/airflow/dags/history.py
[2023-03-09T16:46:19.526+0000] {processor.py:743} INFO - Processing file /opt/airflow/dags/history.py for tasks to queue
[2023-03-09T16:46:19.533+0000] {logging_mixin.py:137} INFO - [2023-03-09T16:46:19.533+0000] {dagbag.py:538} INFO - Filling up the DagBag from /opt/airflow/dags/history.py
[2023-03-09T16:46:20.893+0000] {processor.py:755} WARNING - No viable dags retrieved from /opt/airflow/dags/history.py
[2023-03-09T16:46:20.902+0000] {processor.py:175} INFO - Processing /opt/airflow/dags/history.py took 1.420 seconds
[2023-03-09T16:46:51.057+0000] {processor.py:153} INFO - Started process (PID=3120) to work on /opt/airflow/dags/history.py
[2023-03-09T16:46:51.060+0000] {processor.py:743} INFO - Processing file /opt/airflow/dags/history.py for tasks to queue
[2023-03-09T16:46:51.062+0000] {logging_mixin.py:137} INFO - [2023-03-09T16:46:51.061+0000] {dagbag.py:538} INFO - Filling up the DagBag from /opt/airflow/dags/history.py
[2023-03-09T16:46:51.930+0000] {processor.py:755} WARNING - No viable dags retrieved from /opt/airflow/dags/history.py
[2023-03-09T16:46:51.936+0000] {processor.py:175} INFO - Processing /opt/airflow/dags/history.py took 0.887 seconds
[2023-03-09T16:47:22.272+0000] {processor.py:153} INFO - Started process (PID=3206) to work on /opt/airflow/dags/history.py
[2023-03-09T16:47:22.274+0000] {processor.py:743} INFO - Processing file /opt/airflow/dags/history.py for tasks to queue
[2023-03-09T16:47:22.276+0000] {logging_mixin.py:137} INFO - [2023-03-09T16:47:22.276+0000] {dagbag.py:538} INFO - Filling up the DagBag from /opt/airflow/dags/history.py
[2023-03-09T16:47:23.113+0000] {processor.py:755} WARNING - No viable dags retrieved from /opt/airflow/dags/history.py
[2023-03-09T16:47:23.123+0000] {processor.py:175} INFO - Processing /opt/airflow/dags/history.py took 0.856 seconds
[2023-03-09T16:47:53.304+0000] {processor.py:153} INFO - Started process (PID=3279) to work on /opt/airflow/dags/history.py
[2023-03-09T16:47:53.306+0000] {processor.py:743} INFO - Processing file /opt/airflow/dags/history.py for tasks to queue
[2023-03-09T16:47:53.308+0000] {logging_mixin.py:137} INFO - [2023-03-09T16:47:53.308+0000] {dagbag.py:538} INFO - Filling up the DagBag from /opt/airflow/dags/history.py
[2023-03-09T16:47:54.158+0000] {processor.py:755} WARNING - No viable dags retrieved from /opt/airflow/dags/history.py
[2023-03-09T16:47:54.166+0000] {processor.py:175} INFO - Processing /opt/airflow/dags/history.py took 0.868 seconds
[2023-03-09T16:48:24.510+0000] {processor.py:153} INFO - Started process (PID=3363) to work on /opt/airflow/dags/history.py
[2023-03-09T16:48:24.512+0000] {processor.py:743} INFO - Processing file /opt/airflow/dags/history.py for tasks to queue
[2023-03-09T16:48:24.516+0000] {logging_mixin.py:137} INFO - [2023-03-09T16:48:24.515+0000] {dagbag.py:538} INFO - Filling up the DagBag from /opt/airflow/dags/history.py
[2023-03-09T16:48:25.438+0000] {processor.py:755} WARNING - No viable dags retrieved from /opt/airflow/dags/history.py
[2023-03-09T16:48:25.445+0000] {processor.py:175} INFO - Processing /opt/airflow/dags/history.py took 0.939 seconds
[2023-03-09T16:48:55.679+0000] {processor.py:153} INFO - Started process (PID=3435) to work on /opt/airflow/dags/history.py
[2023-03-09T16:48:55.682+0000] {processor.py:743} INFO - Processing file /opt/airflow/dags/history.py for tasks to queue
[2023-03-09T16:48:55.684+0000] {logging_mixin.py:137} INFO - [2023-03-09T16:48:55.683+0000] {dagbag.py:538} INFO - Filling up the DagBag from /opt/airflow/dags/history.py
[2023-03-09T16:48:56.556+0000] {processor.py:755} WARNING - No viable dags retrieved from /opt/airflow/dags/history.py
[2023-03-09T16:48:56.563+0000] {processor.py:175} INFO - Processing /opt/airflow/dags/history.py took 0.889 seconds
[2023-03-09T16:49:27.042+0000] {processor.py:153} INFO - Started process (PID=3521) to work on /opt/airflow/dags/history.py
[2023-03-09T16:49:27.045+0000] {processor.py:743} INFO - Processing file /opt/airflow/dags/history.py for tasks to queue
[2023-03-09T16:49:27.047+0000] {logging_mixin.py:137} INFO - [2023-03-09T16:49:27.047+0000] {dagbag.py:538} INFO - Filling up the DagBag from /opt/airflow/dags/history.py
[2023-03-09T16:49:27.920+0000] {processor.py:755} WARNING - No viable dags retrieved from /opt/airflow/dags/history.py
[2023-03-09T16:49:27.928+0000] {processor.py:175} INFO - Processing /opt/airflow/dags/history.py took 0.892 seconds
