[2023-03-09T01:14:17.925+0000] {processor.py:153} INFO - Started process (PID=41) to work on /opt/airflow/dags/main.py
[2023-03-09T01:14:17.934+0000] {processor.py:743} INFO - Processing file /opt/airflow/dags/main.py for tasks to queue
[2023-03-09T01:14:17.940+0000] {logging_mixin.py:137} INFO - [2023-03-09T01:14:17.940+0000] {dagbag.py:538} INFO - Filling up the DagBag from /opt/airflow/dags/main.py
[2023-03-09T01:14:23.066+0000] {logging_mixin.py:137} INFO - /opt/airflow/dags/main.py
[2023-03-09T01:14:23.080+0000] {logging_mixin.py:137} INFO - /opt/airflow/dags/main.py
[2023-03-09T01:14:23.102+0000] {processor.py:753} INFO - DAG(s) dict_keys(['bitcoin_second_webscrape', 'bitcoin_first_webscrape']) retrieved from /opt/airflow/dags/main.py
[2023-03-09T01:14:23.320+0000] {logging_mixin.py:137} INFO - [2023-03-09T01:14:23.319+0000] {dag.py:2690} INFO - Sync 2 DAGs
[2023-03-09T01:14:23.421+0000] {logging_mixin.py:137} INFO - [2023-03-09T01:14:23.421+0000] {dag.py:3441} INFO - Setting next_dagrun for bitcoin_first_webscrape to 2023-03-08T06:30:00+00:00, run_after=2023-03-09T06:30:00+00:00
[2023-03-09T01:14:23.451+0000] {logging_mixin.py:137} INFO - [2023-03-09T01:14:23.451+0000] {dag.py:3441} INFO - Setting next_dagrun for bitcoin_second_webscrape to 2023-03-08T13:00:00+00:00, run_after=2023-03-09T13:00:00+00:00
[2023-03-09T01:14:23.559+0000] {processor.py:175} INFO - Processing /opt/airflow/dags/main.py took 5.684 seconds
[2023-03-09T01:14:53.956+0000] {processor.py:153} INFO - Started process (PID=118) to work on /opt/airflow/dags/main.py
[2023-03-09T01:14:53.959+0000] {processor.py:743} INFO - Processing file /opt/airflow/dags/main.py for tasks to queue
[2023-03-09T01:14:53.961+0000] {logging_mixin.py:137} INFO - [2023-03-09T01:14:53.961+0000] {dagbag.py:538} INFO - Filling up the DagBag from /opt/airflow/dags/main.py
[2023-03-09T01:14:55.388+0000] {logging_mixin.py:137} INFO - /opt/airflow/dags/main.py
[2023-03-09T01:14:55.393+0000] {logging_mixin.py:137} INFO - /opt/airflow/dags/main.py
[2023-03-09T01:14:55.419+0000] {processor.py:753} INFO - DAG(s) dict_keys(['bitcoin_second_webscrape', 'bitcoin_first_webscrape']) retrieved from /opt/airflow/dags/main.py
[2023-03-09T01:14:55.457+0000] {logging_mixin.py:137} INFO - [2023-03-09T01:14:55.456+0000] {dag.py:2690} INFO - Sync 2 DAGs
[2023-03-09T01:14:55.512+0000] {logging_mixin.py:137} INFO - [2023-03-09T01:14:55.511+0000] {dag.py:3441} INFO - Setting next_dagrun for bitcoin_first_webscrape to 2023-03-08T06:30:00+00:00, run_after=2023-03-09T06:30:00+00:00
[2023-03-09T01:14:55.527+0000] {logging_mixin.py:137} INFO - [2023-03-09T01:14:55.527+0000] {dag.py:3441} INFO - Setting next_dagrun for bitcoin_second_webscrape to 2023-03-08T13:00:00+00:00, run_after=2023-03-09T13:00:00+00:00
[2023-03-09T01:14:55.570+0000] {processor.py:175} INFO - Processing /opt/airflow/dags/main.py took 1.621 seconds
[2023-03-09T01:15:25.910+0000] {processor.py:153} INFO - Started process (PID=190) to work on /opt/airflow/dags/main.py
[2023-03-09T01:15:25.913+0000] {processor.py:743} INFO - Processing file /opt/airflow/dags/main.py for tasks to queue
[2023-03-09T01:15:25.915+0000] {logging_mixin.py:137} INFO - [2023-03-09T01:15:25.915+0000] {dagbag.py:538} INFO - Filling up the DagBag from /opt/airflow/dags/main.py
[2023-03-09T01:15:27.047+0000] {logging_mixin.py:137} INFO - /opt/airflow/dags/main.py
[2023-03-09T01:15:27.052+0000] {logging_mixin.py:137} INFO - /opt/airflow/dags/main.py
[2023-03-09T01:15:27.062+0000] {processor.py:753} INFO - DAG(s) dict_keys(['bitcoin_first_webscrape', 'bitcoin_second_webscrape']) retrieved from /opt/airflow/dags/main.py
[2023-03-09T01:15:27.085+0000] {logging_mixin.py:137} INFO - [2023-03-09T01:15:27.085+0000] {dag.py:2690} INFO - Sync 2 DAGs
[2023-03-09T01:15:27.120+0000] {logging_mixin.py:137} INFO - [2023-03-09T01:15:27.120+0000] {dag.py:3441} INFO - Setting next_dagrun for bitcoin_first_webscrape to 2023-03-08T06:30:00+00:00, run_after=2023-03-09T06:30:00+00:00
[2023-03-09T01:15:27.128+0000] {logging_mixin.py:137} INFO - [2023-03-09T01:15:27.127+0000] {dag.py:3441} INFO - Setting next_dagrun for bitcoin_second_webscrape to 2023-03-08T13:00:00+00:00, run_after=2023-03-09T13:00:00+00:00
[2023-03-09T01:15:27.151+0000] {processor.py:175} INFO - Processing /opt/airflow/dags/main.py took 1.247 seconds
[2023-03-09T01:15:57.281+0000] {processor.py:153} INFO - Started process (PID=264) to work on /opt/airflow/dags/main.py
[2023-03-09T01:15:57.286+0000] {processor.py:743} INFO - Processing file /opt/airflow/dags/main.py for tasks to queue
[2023-03-09T01:15:57.294+0000] {logging_mixin.py:137} INFO - [2023-03-09T01:15:57.293+0000] {dagbag.py:538} INFO - Filling up the DagBag from /opt/airflow/dags/main.py
[2023-03-09T01:15:58.825+0000] {logging_mixin.py:137} INFO - /opt/airflow/dags/main.py
[2023-03-09T01:15:58.829+0000] {logging_mixin.py:137} INFO - /opt/airflow/dags/main.py
[2023-03-09T01:15:58.845+0000] {processor.py:753} INFO - DAG(s) dict_keys(['bitcoin_first_webscrape', 'bitcoin_second_webscrape']) retrieved from /opt/airflow/dags/main.py
[2023-03-09T01:15:58.880+0000] {logging_mixin.py:137} INFO - [2023-03-09T01:15:58.880+0000] {dag.py:2690} INFO - Sync 2 DAGs
[2023-03-09T01:15:58.940+0000] {logging_mixin.py:137} INFO - [2023-03-09T01:15:58.939+0000] {dag.py:3441} INFO - Setting next_dagrun for bitcoin_first_webscrape to 2023-03-08T06:30:00+00:00, run_after=2023-03-09T06:30:00+00:00
[2023-03-09T01:15:58.961+0000] {logging_mixin.py:137} INFO - [2023-03-09T01:15:58.961+0000] {dag.py:3441} INFO - Setting next_dagrun for bitcoin_second_webscrape to 2023-03-08T13:00:00+00:00, run_after=2023-03-09T13:00:00+00:00
[2023-03-09T01:15:59.010+0000] {processor.py:175} INFO - Processing /opt/airflow/dags/main.py took 1.744 seconds
[2023-03-09T01:16:29.101+0000] {processor.py:153} INFO - Started process (PID=349) to work on /opt/airflow/dags/main.py
[2023-03-09T01:16:29.104+0000] {processor.py:743} INFO - Processing file /opt/airflow/dags/main.py for tasks to queue
[2023-03-09T01:16:29.106+0000] {logging_mixin.py:137} INFO - [2023-03-09T01:16:29.106+0000] {dagbag.py:538} INFO - Filling up the DagBag from /opt/airflow/dags/main.py
[2023-03-09T01:16:30.323+0000] {logging_mixin.py:137} INFO - /opt/airflow/dags/main.py
[2023-03-09T01:16:30.329+0000] {logging_mixin.py:137} INFO - /opt/airflow/dags/main.py
[2023-03-09T01:16:30.348+0000] {processor.py:753} INFO - DAG(s) dict_keys(['bitcoin_second_webscrape', 'bitcoin_first_webscrape']) retrieved from /opt/airflow/dags/main.py
[2023-03-09T01:16:30.379+0000] {logging_mixin.py:137} INFO - [2023-03-09T01:16:30.379+0000] {dag.py:2690} INFO - Sync 2 DAGs
[2023-03-09T01:16:30.422+0000] {logging_mixin.py:137} INFO - [2023-03-09T01:16:30.422+0000] {dag.py:3441} INFO - Setting next_dagrun for bitcoin_first_webscrape to 2023-03-08T06:30:00+00:00, run_after=2023-03-09T06:30:00+00:00
[2023-03-09T01:16:30.433+0000] {logging_mixin.py:137} INFO - [2023-03-09T01:16:30.433+0000] {dag.py:3441} INFO - Setting next_dagrun for bitcoin_second_webscrape to 2023-03-08T13:00:00+00:00, run_after=2023-03-09T13:00:00+00:00
[2023-03-09T01:16:30.462+0000] {processor.py:175} INFO - Processing /opt/airflow/dags/main.py took 1.368 seconds
