[2023-03-08T21:23:28.783+0000] {taskinstance.py:1083} INFO - Dependencies all met for <TaskInstance: bitcoin_second_webscrape.transform_close_webscrape_pricing manual__2023-03-08T21:23:11.089498+00:00 [queued]>
[2023-03-08T21:23:28.814+0000] {taskinstance.py:1083} INFO - Dependencies all met for <TaskInstance: bitcoin_second_webscrape.transform_close_webscrape_pricing manual__2023-03-08T21:23:11.089498+00:00 [queued]>
[2023-03-08T21:23:28.818+0000] {taskinstance.py:1279} INFO - 
--------------------------------------------------------------------------------
[2023-03-08T21:23:28.822+0000] {taskinstance.py:1280} INFO - Starting attempt 1 of 1
[2023-03-08T21:23:28.825+0000] {taskinstance.py:1281} INFO - 
--------------------------------------------------------------------------------
[2023-03-08T21:23:28.883+0000] {taskinstance.py:1300} INFO - Executing <Task(PythonOperator): transform_close_webscrape_pricing> on 2023-03-08 21:23:11.089498+00:00
[2023-03-08T21:23:28.911+0000] {standard_task_runner.py:55} INFO - Started process 206 to run task
[2023-03-08T21:23:28.927+0000] {standard_task_runner.py:82} INFO - Running: ['***', 'tasks', 'run', 'bitcoin_second_webscrape', 'transform_close_webscrape_pricing', 'manual__2023-03-08T21:23:11.089498+00:00', '--job-id', '249', '--raw', '--subdir', 'DAGS_FOLDER/main.py', '--cfg-path', '/tmp/tmpqih6mdar']
[2023-03-08T21:23:28.929+0000] {standard_task_runner.py:83} INFO - Job 249: Subtask transform_close_webscrape_pricing
[2023-03-08T21:23:29.149+0000] {task_command.py:388} INFO - Running <TaskInstance: bitcoin_second_webscrape.transform_close_webscrape_pricing manual__2023-03-08T21:23:11.089498+00:00 [running]> on host cd114ba8c1f8
[2023-03-08T21:23:29.436+0000] {taskinstance.py:1509} INFO - Exporting the following env vars:
AIRFLOW_CTX_DAG_EMAIL=***@example.com
AIRFLOW_CTX_DAG_OWNER=***
AIRFLOW_CTX_DAG_ID=bitcoin_second_webscrape
AIRFLOW_CTX_TASK_ID=transform_close_webscrape_pricing
AIRFLOW_CTX_EXECUTION_DATE=2023-03-08T21:23:11.089498+00:00
AIRFLOW_CTX_TRY_NUMBER=1
AIRFLOW_CTX_DAG_RUN_ID=manual__2023-03-08T21:23:11.089498+00:00
[2023-03-08T21:23:29.533+0000] {python.py:177} INFO - Done. Returned value was: None
[2023-03-08T21:23:29.565+0000] {taskinstance.py:1323} INFO - Marking task as SUCCESS. dag_id=bitcoin_second_webscrape, task_id=transform_close_webscrape_pricing, execution_date=20230308T212311, start_date=20230308T212328, end_date=20230308T212329
[2023-03-08T21:23:29.682+0000] {local_task_job.py:208} INFO - Task exited with return code 0
[2023-03-08T21:23:29.781+0000] {taskinstance.py:2578} INFO - 1 downstream tasks scheduled from follow-on schedule check
