[2023-03-07T23:44:02.185+0000] {taskinstance.py:1083} INFO - Dependencies all met for <TaskInstance: bitcoin_first_webscrape.get_transform_historical_data scheduled__2023-03-06T06:30:00+00:00 [queued]>
[2023-03-07T23:44:02.398+0000] {taskinstance.py:1083} INFO - Dependencies all met for <TaskInstance: bitcoin_first_webscrape.get_transform_historical_data scheduled__2023-03-06T06:30:00+00:00 [queued]>
[2023-03-07T23:44:02.401+0000] {taskinstance.py:1279} INFO - 
--------------------------------------------------------------------------------
[2023-03-07T23:44:02.404+0000] {taskinstance.py:1280} INFO - Starting attempt 1 of 1
[2023-03-07T23:44:02.408+0000] {taskinstance.py:1281} INFO - 
--------------------------------------------------------------------------------
[2023-03-07T23:44:02.817+0000] {taskinstance.py:1300} INFO - Executing <Task(PythonOperator): get_transform_historical_data> on 2023-03-06 06:30:00+00:00
[2023-03-07T23:44:02.880+0000] {standard_task_runner.py:55} INFO - Started process 179 to run task
[2023-03-07T23:44:02.935+0000] {standard_task_runner.py:82} INFO - Running: ['***', 'tasks', 'run', 'bitcoin_first_webscrape', 'get_transform_historical_data', 'scheduled__2023-03-06T06:30:00+00:00', '--job-id', '163', '--raw', '--subdir', 'DAGS_FOLDER/main.py', '--cfg-path', '/tmp/tmpko_wyajd']
[2023-03-07T23:44:02.941+0000] {standard_task_runner.py:83} INFO - Job 163: Subtask get_transform_historical_data
[2023-03-07T23:44:03.716+0000] {task_command.py:388} INFO - Running <TaskInstance: bitcoin_first_webscrape.get_transform_historical_data scheduled__2023-03-06T06:30:00+00:00 [running]> on host cd114ba8c1f8
[2023-03-07T23:44:04.235+0000] {taskinstance.py:1509} INFO - Exporting the following env vars:
AIRFLOW_CTX_DAG_EMAIL=***@example.com
AIRFLOW_CTX_DAG_OWNER=***
AIRFLOW_CTX_DAG_ID=bitcoin_first_webscrape
AIRFLOW_CTX_TASK_ID=get_transform_historical_data
AIRFLOW_CTX_EXECUTION_DATE=2023-03-06T06:30:00+00:00
AIRFLOW_CTX_TRY_NUMBER=1
AIRFLOW_CTX_DAG_RUN_ID=scheduled__2023-03-06T06:30:00+00:00
[2023-03-07T23:44:06.594+0000] {python.py:177} INFO - Done. Returned value was: None
[2023-03-07T23:44:06.824+0000] {taskinstance.py:1323} INFO - Marking task as SUCCESS. dag_id=bitcoin_first_webscrape, task_id=get_transform_historical_data, execution_date=20230306T063000, start_date=20230307T234402, end_date=20230307T234406
[2023-03-07T23:44:06.983+0000] {local_task_job.py:208} INFO - Task exited with return code 0
[2023-03-07T23:44:07.233+0000] {taskinstance.py:2578} INFO - 1 downstream tasks scheduled from follow-on schedule check
