[2023-03-08T21:23:47.766+0000] {taskinstance.py:1083} INFO - Dependencies all met for <TaskInstance: bitcoin_second_webscrape.create_table manual__2023-03-08T21:23:11.089498+00:00 [queued]>
[2023-03-08T21:23:47.792+0000] {taskinstance.py:1083} INFO - Dependencies all met for <TaskInstance: bitcoin_second_webscrape.create_table manual__2023-03-08T21:23:11.089498+00:00 [queued]>
[2023-03-08T21:23:47.795+0000] {taskinstance.py:1279} INFO - 
--------------------------------------------------------------------------------
[2023-03-08T21:23:47.797+0000] {taskinstance.py:1280} INFO - Starting attempt 1 of 1
[2023-03-08T21:23:47.799+0000] {taskinstance.py:1281} INFO - 
--------------------------------------------------------------------------------
[2023-03-08T21:23:47.830+0000] {taskinstance.py:1300} INFO - Executing <Task(PythonOperator): create_table> on 2023-03-08 21:23:11.089498+00:00
[2023-03-08T21:23:47.846+0000] {standard_task_runner.py:55} INFO - Started process 227 to run task
[2023-03-08T21:23:47.855+0000] {standard_task_runner.py:82} INFO - Running: ['***', 'tasks', 'run', 'bitcoin_second_webscrape', 'create_table', 'manual__2023-03-08T21:23:11.089498+00:00', '--job-id', '252', '--raw', '--subdir', 'DAGS_FOLDER/main.py', '--cfg-path', '/tmp/tmp2w9emebc']
[2023-03-08T21:23:47.858+0000] {standard_task_runner.py:83} INFO - Job 252: Subtask create_table
[2023-03-08T21:23:48.001+0000] {task_command.py:388} INFO - Running <TaskInstance: bitcoin_second_webscrape.create_table manual__2023-03-08T21:23:11.089498+00:00 [running]> on host cd114ba8c1f8
[2023-03-08T21:23:48.142+0000] {taskinstance.py:1509} INFO - Exporting the following env vars:
AIRFLOW_CTX_DAG_EMAIL=***@example.com
AIRFLOW_CTX_DAG_OWNER=***
AIRFLOW_CTX_DAG_ID=bitcoin_second_webscrape
AIRFLOW_CTX_TASK_ID=create_table
AIRFLOW_CTX_EXECUTION_DATE=2023-03-08T21:23:11.089498+00:00
AIRFLOW_CTX_TRY_NUMBER=1
AIRFLOW_CTX_DAG_RUN_ID=manual__2023-03-08T21:23:11.089498+00:00
[2023-03-08T21:23:52.944+0000] {python.py:177} INFO - Done. Returned value was: None
[2023-03-08T21:23:52.965+0000] {taskinstance.py:1323} INFO - Marking task as SUCCESS. dag_id=bitcoin_second_webscrape, task_id=create_table, execution_date=20230308T212311, start_date=20230308T212347, end_date=20230308T212352
[2023-03-08T21:23:53.048+0000] {local_task_job.py:208} INFO - Task exited with return code 0
[2023-03-08T21:23:53.099+0000] {taskinstance.py:2578} INFO - 1 downstream tasks scheduled from follow-on schedule check
