[2023-03-06T23:02:30.546+0000] {taskinstance.py:1083} INFO - Dependencies all met for <TaskInstance: bitcoin_second_webscrape.transform_close_webscrape_pricing scheduled__2023-03-05T13:00:00+00:00 [queued]>
[2023-03-06T23:02:30.734+0000] {taskinstance.py:1083} INFO - Dependencies all met for <TaskInstance: bitcoin_second_webscrape.transform_close_webscrape_pricing scheduled__2023-03-05T13:00:00+00:00 [queued]>
[2023-03-06T23:02:30.736+0000] {taskinstance.py:1279} INFO - 
--------------------------------------------------------------------------------
[2023-03-06T23:02:30.738+0000] {taskinstance.py:1280} INFO - Starting attempt 1 of 1
[2023-03-06T23:02:30.741+0000] {taskinstance.py:1281} INFO - 
--------------------------------------------------------------------------------
[2023-03-06T23:02:31.165+0000] {taskinstance.py:1300} INFO - Executing <Task(PythonOperator): transform_close_webscrape_pricing> on 2023-03-05 13:00:00+00:00
[2023-03-06T23:02:31.260+0000] {standard_task_runner.py:55} INFO - Started process 308 to run task
[2023-03-06T23:02:31.294+0000] {standard_task_runner.py:82} INFO - Running: ['***', 'tasks', 'run', 'bitcoin_second_webscrape', 'transform_close_webscrape_pricing', 'scheduled__2023-03-05T13:00:00+00:00', '--job-id', '107', '--raw', '--subdir', 'DAGS_FOLDER/main.py', '--cfg-path', '/tmp/tmpndkl7m1w']
[2023-03-06T23:02:31.317+0000] {standard_task_runner.py:83} INFO - Job 107: Subtask transform_close_webscrape_pricing
[2023-03-06T23:02:31.977+0000] {task_command.py:388} INFO - Running <TaskInstance: bitcoin_second_webscrape.transform_close_webscrape_pricing scheduled__2023-03-05T13:00:00+00:00 [running]> on host 12a6d3b9daec
[2023-03-06T23:02:32.595+0000] {taskinstance.py:1509} INFO - Exporting the following env vars:
AIRFLOW_CTX_DAG_EMAIL=***@example.com
AIRFLOW_CTX_DAG_OWNER=***
AIRFLOW_CTX_DAG_ID=bitcoin_second_webscrape
AIRFLOW_CTX_TASK_ID=transform_close_webscrape_pricing
AIRFLOW_CTX_EXECUTION_DATE=2023-03-05T13:00:00+00:00
AIRFLOW_CTX_TRY_NUMBER=1
AIRFLOW_CTX_DAG_RUN_ID=scheduled__2023-03-05T13:00:00+00:00
[2023-03-06T23:02:32.724+0000] {taskinstance.py:1768} ERROR - Task failed with exception
Traceback (most recent call last):
  File "/home/airflow/.local/lib/python3.7/site-packages/airflow/operators/python.py", line 175, in execute
    return_value = self.execute_callable()
  File "/home/airflow/.local/lib/python3.7/site-packages/airflow/operators/python.py", line 192, in execute_callable
    return self.python_callable(*self.op_args, **self.op_kwargs)
  File "/opt/airflow/dags/webscrape.py", line 162, in close_raw_yahoo_transform
    raw_y_df = pd.read_csv(os.path.join(data_dir,config['raw_yahoo']), header=0)
  File "/home/airflow/.local/lib/python3.7/site-packages/pandas/util/_decorators.py", line 311, in wrapper
    return func(*args, **kwargs)
  File "/home/airflow/.local/lib/python3.7/site-packages/pandas/io/parsers/readers.py", line 586, in read_csv
    return _read(filepath_or_buffer, kwds)
  File "/home/airflow/.local/lib/python3.7/site-packages/pandas/io/parsers/readers.py", line 482, in _read
    parser = TextFileReader(filepath_or_buffer, **kwds)
  File "/home/airflow/.local/lib/python3.7/site-packages/pandas/io/parsers/readers.py", line 811, in __init__
    self._engine = self._make_engine(self.engine)
  File "/home/airflow/.local/lib/python3.7/site-packages/pandas/io/parsers/readers.py", line 1040, in _make_engine
    return mapping[engine](self.f, **self.options)  # type: ignore[call-arg]
  File "/home/airflow/.local/lib/python3.7/site-packages/pandas/io/parsers/c_parser_wrapper.py", line 51, in __init__
    self._open_handles(src, kwds)
  File "/home/airflow/.local/lib/python3.7/site-packages/pandas/io/parsers/base_parser.py", line 229, in _open_handles
    errors=kwds.get("encoding_errors", "strict"),
  File "/home/airflow/.local/lib/python3.7/site-packages/pandas/io/common.py", line 707, in get_handle
    newline="",
FileNotFoundError: [Errno 2] No such file or directory: '../data/raw_yahoo.csv'
[2023-03-06T23:02:32.858+0000] {taskinstance.py:1323} INFO - Marking task as FAILED. dag_id=bitcoin_second_webscrape, task_id=transform_close_webscrape_pricing, execution_date=20230305T130000, start_date=20230306T230230, end_date=20230306T230232
[2023-03-06T23:02:32.938+0000] {standard_task_runner.py:105} ERROR - Failed to execute job 107 for task transform_close_webscrape_pricing ([Errno 2] No such file or directory: '../data/raw_yahoo.csv'; 308)
[2023-03-06T23:02:33.001+0000] {local_task_job.py:208} INFO - Task exited with return code 1
[2023-03-06T23:02:33.175+0000] {taskinstance.py:2578} INFO - 0 downstream tasks scheduled from follow-on schedule check
