[2023-03-06T23:13:55.383+0000] {taskinstance.py:1083} INFO - Dependencies all met for <TaskInstance: bitcoin_second_webscrape.create_dataset manual__2023-03-06T23:13:28.143959+00:00 [queued]>
[2023-03-06T23:13:55.414+0000] {taskinstance.py:1083} INFO - Dependencies all met for <TaskInstance: bitcoin_second_webscrape.create_dataset manual__2023-03-06T23:13:28.143959+00:00 [queued]>
[2023-03-06T23:13:55.417+0000] {taskinstance.py:1279} INFO - 
--------------------------------------------------------------------------------
[2023-03-06T23:13:55.419+0000] {taskinstance.py:1280} INFO - Starting attempt 1 of 1
[2023-03-06T23:13:55.420+0000] {taskinstance.py:1281} INFO - 
--------------------------------------------------------------------------------
[2023-03-06T23:13:55.481+0000] {taskinstance.py:1300} INFO - Executing <Task(PythonOperator): create_dataset> on 2023-03-06 23:13:28.143959+00:00
[2023-03-06T23:13:55.503+0000] {standard_task_runner.py:55} INFO - Started process 822 to run task
[2023-03-06T23:13:55.521+0000] {standard_task_runner.py:82} INFO - Running: ['***', 'tasks', 'run', 'bitcoin_second_webscrape', 'create_dataset', 'manual__2023-03-06T23:13:28.143959+00:00', '--job-id', '115', '--raw', '--subdir', 'DAGS_FOLDER/main.py', '--cfg-path', '/tmp/tmpqxiobs7z']
[2023-03-06T23:13:55.525+0000] {standard_task_runner.py:83} INFO - Job 115: Subtask create_dataset
[2023-03-06T23:13:55.782+0000] {task_command.py:388} INFO - Running <TaskInstance: bitcoin_second_webscrape.create_dataset manual__2023-03-06T23:13:28.143959+00:00 [running]> on host 12a6d3b9daec
[2023-03-06T23:13:56.101+0000] {taskinstance.py:1509} INFO - Exporting the following env vars:
AIRFLOW_CTX_DAG_EMAIL=***@example.com
AIRFLOW_CTX_DAG_OWNER=***
AIRFLOW_CTX_DAG_ID=bitcoin_second_webscrape
AIRFLOW_CTX_TASK_ID=create_dataset
AIRFLOW_CTX_EXECUTION_DATE=2023-03-06T23:13:28.143959+00:00
AIRFLOW_CTX_TRY_NUMBER=1
AIRFLOW_CTX_DAG_RUN_ID=manual__2023-03-06T23:13:28.143959+00:00
[2023-03-06T23:13:57.038+0000] {taskinstance.py:1768} ERROR - Task failed with exception
Traceback (most recent call last):
  File "/home/airflow/.local/lib/python3.7/site-packages/airflow/operators/python.py", line 175, in execute
    return_value = self.execute_callable()
  File "/home/airflow/.local/lib/python3.7/site-packages/airflow/operators/python.py", line 192, in execute_callable
    return self.python_callable(*self.op_args, **self.op_kwargs)
  File "/opt/airflow/dags/bigquery_load.py", line 64, in create_dataset
    if client.get_dataset(dataset_id) == NotFound:
  File "/home/airflow/.local/lib/python3.7/site-packages/google/cloud/bigquery/client.py", line 825, in get_dataset
    timeout=timeout,
  File "/home/airflow/.local/lib/python3.7/site-packages/google/cloud/bigquery/client.py", line 782, in _call_api
    return call()
  File "/home/airflow/.local/lib/python3.7/site-packages/google/api_core/retry.py", line 288, in retry_wrapped_func
    on_error=on_error,
  File "/home/airflow/.local/lib/python3.7/site-packages/google/api_core/retry.py", line 190, in retry_target
    return target()
  File "/home/airflow/.local/lib/python3.7/site-packages/google/cloud/_http/__init__.py", line 494, in api_request
    raise exceptions.from_http_response(response)
google.api_core.exceptions.NotFound: 404 GET https://bigquery.googleapis.com/bigquery/v2/projects/deb-01-371820/datasets/bitcoin?prettyPrint=false: Not found: Dataset deb-01-371820:bitcoin
[2023-03-06T23:13:57.135+0000] {taskinstance.py:1323} INFO - Marking task as FAILED. dag_id=bitcoin_second_webscrape, task_id=create_dataset, execution_date=20230306T231328, start_date=20230306T231355, end_date=20230306T231357
[2023-03-06T23:13:57.201+0000] {standard_task_runner.py:105} ERROR - Failed to execute job 115 for task create_dataset (404 GET https://bigquery.googleapis.com/bigquery/v2/projects/deb-01-371820/datasets/bitcoin?prettyPrint=false: Not found: Dataset deb-01-371820:bitcoin; 822)
[2023-03-06T23:13:57.248+0000] {local_task_job.py:208} INFO - Task exited with return code 1
[2023-03-06T23:13:57.333+0000] {taskinstance.py:2578} INFO - 0 downstream tasks scheduled from follow-on schedule check
