[2023-03-07T23:48:25.975+0000] {taskinstance.py:1083} INFO - Dependencies all met for <TaskInstance: bitcoin_second_webscrape.combine_open_close_pricing manual__2023-03-07T23:47:42.922440+00:00 [queued]>
[2023-03-07T23:48:26.041+0000] {taskinstance.py:1083} INFO - Dependencies all met for <TaskInstance: bitcoin_second_webscrape.combine_open_close_pricing manual__2023-03-07T23:47:42.922440+00:00 [queued]>
[2023-03-07T23:48:26.044+0000] {taskinstance.py:1279} INFO - 
--------------------------------------------------------------------------------
[2023-03-07T23:48:26.046+0000] {taskinstance.py:1280} INFO - Starting attempt 1 of 1
[2023-03-07T23:48:26.051+0000] {taskinstance.py:1281} INFO - 
--------------------------------------------------------------------------------
[2023-03-07T23:48:26.211+0000] {taskinstance.py:1300} INFO - Executing <Task(PythonOperator): combine_open_close_pricing> on 2023-03-07 23:47:42.922440+00:00
[2023-03-07T23:48:26.255+0000] {standard_task_runner.py:55} INFO - Started process 428 to run task
[2023-03-07T23:48:26.274+0000] {standard_task_runner.py:82} INFO - Running: ['***', 'tasks', 'run', 'bitcoin_second_webscrape', 'combine_open_close_pricing', 'manual__2023-03-07T23:47:42.922440+00:00', '--job-id', '176', '--raw', '--subdir', 'DAGS_FOLDER/main.py', '--cfg-path', '/tmp/tmpx2r20omn']
[2023-03-07T23:48:26.277+0000] {standard_task_runner.py:83} INFO - Job 176: Subtask combine_open_close_pricing
[2023-03-07T23:48:26.672+0000] {task_command.py:388} INFO - Running <TaskInstance: bitcoin_second_webscrape.combine_open_close_pricing manual__2023-03-07T23:47:42.922440+00:00 [running]> on host cd114ba8c1f8
[2023-03-07T23:48:27.193+0000] {taskinstance.py:1509} INFO - Exporting the following env vars:
AIRFLOW_CTX_DAG_EMAIL=***@example.com
AIRFLOW_CTX_DAG_OWNER=***
AIRFLOW_CTX_DAG_ID=bitcoin_second_webscrape
AIRFLOW_CTX_TASK_ID=combine_open_close_pricing
AIRFLOW_CTX_EXECUTION_DATE=2023-03-07T23:47:42.922440+00:00
AIRFLOW_CTX_TRY_NUMBER=1
AIRFLOW_CTX_DAG_RUN_ID=manual__2023-03-07T23:47:42.922440+00:00
[2023-03-07T23:48:27.443+0000] {python.py:177} INFO - Done. Returned value was: None
[2023-03-07T23:48:27.539+0000] {taskinstance.py:1323} INFO - Marking task as SUCCESS. dag_id=bitcoin_second_webscrape, task_id=combine_open_close_pricing, execution_date=20230307T234742, start_date=20230307T234825, end_date=20230307T234827
[2023-03-07T23:48:27.801+0000] {local_task_job.py:208} INFO - Task exited with return code 0
[2023-03-07T23:48:27.932+0000] {taskinstance.py:2578} INFO - 1 downstream tasks scheduled from follow-on schedule check
