[2023-03-06T23:30:43.615+0000] {taskinstance.py:1083} INFO - Dependencies all met for <TaskInstance: bitcoin_second_webscrape.combine_open_close_pricing manual__2023-03-06T23:30:14.231430+00:00 [queued]>
[2023-03-06T23:30:43.682+0000] {taskinstance.py:1083} INFO - Dependencies all met for <TaskInstance: bitcoin_second_webscrape.combine_open_close_pricing manual__2023-03-06T23:30:14.231430+00:00 [queued]>
[2023-03-06T23:30:43.688+0000] {taskinstance.py:1279} INFO - 
--------------------------------------------------------------------------------
[2023-03-06T23:30:43.706+0000] {taskinstance.py:1280} INFO - Starting attempt 1 of 1
[2023-03-06T23:30:43.712+0000] {taskinstance.py:1281} INFO - 
--------------------------------------------------------------------------------
[2023-03-06T23:30:43.809+0000] {taskinstance.py:1300} INFO - Executing <Task(PythonOperator): combine_open_close_pricing> on 2023-03-06 23:30:14.231430+00:00
[2023-03-06T23:30:43.854+0000] {standard_task_runner.py:55} INFO - Started process 121 to run task
[2023-03-06T23:30:43.858+0000] {standard_task_runner.py:82} INFO - Running: ['***', 'tasks', 'run', 'bitcoin_second_webscrape', 'combine_open_close_pricing', 'manual__2023-03-06T23:30:14.231430+00:00', '--job-id', '121', '--raw', '--subdir', 'DAGS_FOLDER/main.py', '--cfg-path', '/tmp/tmpxjdrw_en']
[2023-03-06T23:30:43.872+0000] {standard_task_runner.py:83} INFO - Job 121: Subtask combine_open_close_pricing
[2023-03-06T23:30:44.800+0000] {task_command.py:388} INFO - Running <TaskInstance: bitcoin_second_webscrape.combine_open_close_pricing manual__2023-03-06T23:30:14.231430+00:00 [running]> on host 12a6d3b9daec
[2023-03-06T23:30:46.136+0000] {taskinstance.py:1509} INFO - Exporting the following env vars:
AIRFLOW_CTX_DAG_EMAIL=***@example.com
AIRFLOW_CTX_DAG_OWNER=***
AIRFLOW_CTX_DAG_ID=bitcoin_second_webscrape
AIRFLOW_CTX_TASK_ID=combine_open_close_pricing
AIRFLOW_CTX_EXECUTION_DATE=2023-03-06T23:30:14.231430+00:00
AIRFLOW_CTX_TRY_NUMBER=1
AIRFLOW_CTX_DAG_RUN_ID=manual__2023-03-06T23:30:14.231430+00:00
[2023-03-06T23:30:47.232+0000] {python.py:177} INFO - Done. Returned value was: None
[2023-03-06T23:30:47.363+0000] {taskinstance.py:1323} INFO - Marking task as SUCCESS. dag_id=bitcoin_second_webscrape, task_id=combine_open_close_pricing, execution_date=20230306T233014, start_date=20230306T233043, end_date=20230306T233047
[2023-03-06T23:30:47.694+0000] {local_task_job.py:208} INFO - Task exited with return code 0
[2023-03-06T23:30:47.907+0000] {taskinstance.py:2578} INFO - 1 downstream tasks scheduled from follow-on schedule check
