[2023-03-08T00:00:02.860+0000] {processor.py:153} INFO - Started process (PID=2242) to work on /home/airflow/.local/lib/python3.7/site-packages/airflow/example_dags/example_sla_dag.py
[2023-03-08T00:00:02.871+0000] {processor.py:743} INFO - Processing file /home/airflow/.local/lib/python3.7/site-packages/airflow/example_dags/example_sla_dag.py for tasks to queue
[2023-03-08T00:00:02.875+0000] {logging_mixin.py:137} INFO - [2023-03-08T00:00:02.874+0000] {dagbag.py:538} INFO - Filling up the DagBag from /home/airflow/.local/lib/python3.7/site-packages/airflow/example_dags/example_sla_dag.py
[2023-03-08T00:00:03.013+0000] {processor.py:753} INFO - DAG(s) dict_keys(['example_sla_dag']) retrieved from /home/airflow/.local/lib/python3.7/site-packages/airflow/example_dags/example_sla_dag.py
[2023-03-08T00:00:03.221+0000] {logging_mixin.py:137} INFO - [2023-03-08T00:00:03.221+0000] {dag.py:2690} INFO - Sync 1 DAGs
[2023-03-08T00:00:03.433+0000] {logging_mixin.py:137} INFO - [2023-03-08T00:00:03.432+0000] {dag.py:3441} INFO - Setting next_dagrun for example_sla_dag to 2023-03-07T23:58:00+00:00, run_after=2023-03-08T00:00:00+00:00
[2023-03-08T00:00:03.528+0000] {processor.py:175} INFO - Processing /home/airflow/.local/lib/python3.7/site-packages/airflow/example_dags/example_sla_dag.py took 0.708 seconds
[2023-03-08T00:00:36.297+0000] {processor.py:153} INFO - Started process (PID=2312) to work on /home/airflow/.local/lib/python3.7/site-packages/airflow/example_dags/example_sla_dag.py
[2023-03-08T00:00:36.307+0000] {processor.py:743} INFO - Processing file /home/airflow/.local/lib/python3.7/site-packages/airflow/example_dags/example_sla_dag.py for tasks to queue
[2023-03-08T00:00:36.315+0000] {logging_mixin.py:137} INFO - [2023-03-08T00:00:36.314+0000] {dagbag.py:538} INFO - Filling up the DagBag from /home/airflow/.local/lib/python3.7/site-packages/airflow/example_dags/example_sla_dag.py
[2023-03-08T00:00:36.461+0000] {processor.py:753} INFO - DAG(s) dict_keys(['example_sla_dag']) retrieved from /home/airflow/.local/lib/python3.7/site-packages/airflow/example_dags/example_sla_dag.py
[2023-03-08T00:00:36.564+0000] {logging_mixin.py:137} INFO - [2023-03-08T00:00:36.564+0000] {dag.py:2690} INFO - Sync 1 DAGs
[2023-03-08T00:00:36.702+0000] {logging_mixin.py:137} INFO - [2023-03-08T00:00:36.701+0000] {dag.py:3441} INFO - Setting next_dagrun for example_sla_dag to 2023-03-07T23:58:00+00:00, run_after=2023-03-08T00:00:00+00:00
[2023-03-08T00:00:36.808+0000] {processor.py:175} INFO - Processing /home/airflow/.local/lib/python3.7/site-packages/airflow/example_dags/example_sla_dag.py took 0.534 seconds
[2023-03-08T00:01:09.961+0000] {processor.py:153} INFO - Started process (PID=2376) to work on /home/airflow/.local/lib/python3.7/site-packages/airflow/example_dags/example_sla_dag.py
[2023-03-08T00:01:09.965+0000] {processor.py:743} INFO - Processing file /home/airflow/.local/lib/python3.7/site-packages/airflow/example_dags/example_sla_dag.py for tasks to queue
[2023-03-08T00:01:09.970+0000] {logging_mixin.py:137} INFO - [2023-03-08T00:01:09.969+0000] {dagbag.py:538} INFO - Filling up the DagBag from /home/airflow/.local/lib/python3.7/site-packages/airflow/example_dags/example_sla_dag.py
[2023-03-08T00:01:10.057+0000] {processor.py:753} INFO - DAG(s) dict_keys(['example_sla_dag']) retrieved from /home/airflow/.local/lib/python3.7/site-packages/airflow/example_dags/example_sla_dag.py
[2023-03-08T00:01:10.154+0000] {logging_mixin.py:137} INFO - [2023-03-08T00:01:10.154+0000] {dag.py:2690} INFO - Sync 1 DAGs
[2023-03-08T00:01:10.283+0000] {logging_mixin.py:137} INFO - [2023-03-08T00:01:10.283+0000] {dag.py:3441} INFO - Setting next_dagrun for example_sla_dag to 2023-03-07T23:58:00+00:00, run_after=2023-03-08T00:00:00+00:00
[2023-03-08T00:01:10.342+0000] {processor.py:175} INFO - Processing /home/airflow/.local/lib/python3.7/site-packages/airflow/example_dags/example_sla_dag.py took 0.390 seconds
[2023-03-08T00:01:42.532+0000] {processor.py:153} INFO - Started process (PID=2449) to work on /home/airflow/.local/lib/python3.7/site-packages/airflow/example_dags/example_sla_dag.py
[2023-03-08T00:01:42.556+0000] {processor.py:743} INFO - Processing file /home/airflow/.local/lib/python3.7/site-packages/airflow/example_dags/example_sla_dag.py for tasks to queue
[2023-03-08T00:01:42.568+0000] {logging_mixin.py:137} INFO - [2023-03-08T00:01:42.567+0000] {dagbag.py:538} INFO - Filling up the DagBag from /home/airflow/.local/lib/python3.7/site-packages/airflow/example_dags/example_sla_dag.py
[2023-03-08T00:01:42.826+0000] {processor.py:753} INFO - DAG(s) dict_keys(['example_sla_dag']) retrieved from /home/airflow/.local/lib/python3.7/site-packages/airflow/example_dags/example_sla_dag.py
[2023-03-08T00:01:43.018+0000] {logging_mixin.py:137} INFO - [2023-03-08T00:01:43.018+0000] {dag.py:2690} INFO - Sync 1 DAGs
[2023-03-08T00:01:43.246+0000] {logging_mixin.py:137} INFO - [2023-03-08T00:01:43.246+0000] {dag.py:3441} INFO - Setting next_dagrun for example_sla_dag to 2023-03-07T23:58:00+00:00, run_after=2023-03-08T00:00:00+00:00
[2023-03-08T00:01:43.367+0000] {processor.py:175} INFO - Processing /home/airflow/.local/lib/python3.7/site-packages/airflow/example_dags/example_sla_dag.py took 0.919 seconds
[2023-03-08T00:02:25.670+0000] {processor.py:153} INFO - Started process (PID=2521) to work on /home/airflow/.local/lib/python3.7/site-packages/airflow/example_dags/example_sla_dag.py
[2023-03-08T00:02:25.686+0000] {processor.py:743} INFO - Processing file /home/airflow/.local/lib/python3.7/site-packages/airflow/example_dags/example_sla_dag.py for tasks to queue
[2023-03-08T00:02:25.694+0000] {logging_mixin.py:137} INFO - [2023-03-08T00:02:25.694+0000] {dagbag.py:538} INFO - Filling up the DagBag from /home/airflow/.local/lib/python3.7/site-packages/airflow/example_dags/example_sla_dag.py
[2023-03-08T00:02:25.967+0000] {processor.py:753} INFO - DAG(s) dict_keys(['example_sla_dag']) retrieved from /home/airflow/.local/lib/python3.7/site-packages/airflow/example_dags/example_sla_dag.py
[2023-03-08T00:02:26.152+0000] {logging_mixin.py:137} INFO - [2023-03-08T00:02:26.152+0000] {dag.py:2690} INFO - Sync 1 DAGs
[2023-03-08T00:02:26.425+0000] {logging_mixin.py:137} INFO - [2023-03-08T00:02:26.425+0000] {dag.py:3441} INFO - Setting next_dagrun for example_sla_dag to 2023-03-08T00:00:00+00:00, run_after=2023-03-08T00:02:00+00:00
[2023-03-08T00:02:26.558+0000] {processor.py:175} INFO - Processing /home/airflow/.local/lib/python3.7/site-packages/airflow/example_dags/example_sla_dag.py took 0.928 seconds
[2023-03-08T00:02:57.122+0000] {processor.py:153} INFO - Started process (PID=2588) to work on /home/airflow/.local/lib/python3.7/site-packages/airflow/example_dags/example_sla_dag.py
[2023-03-08T00:02:57.141+0000] {processor.py:743} INFO - Processing file /home/airflow/.local/lib/python3.7/site-packages/airflow/example_dags/example_sla_dag.py for tasks to queue
[2023-03-08T00:02:57.150+0000] {logging_mixin.py:137} INFO - [2023-03-08T00:02:57.149+0000] {dagbag.py:538} INFO - Filling up the DagBag from /home/airflow/.local/lib/python3.7/site-packages/airflow/example_dags/example_sla_dag.py
[2023-03-08T00:02:57.241+0000] {processor.py:753} INFO - DAG(s) dict_keys(['example_sla_dag']) retrieved from /home/airflow/.local/lib/python3.7/site-packages/airflow/example_dags/example_sla_dag.py
[2023-03-08T00:02:57.339+0000] {logging_mixin.py:137} INFO - [2023-03-08T00:02:57.339+0000] {dag.py:2690} INFO - Sync 1 DAGs
[2023-03-08T00:02:57.442+0000] {logging_mixin.py:137} INFO - [2023-03-08T00:02:57.441+0000] {dag.py:3441} INFO - Setting next_dagrun for example_sla_dag to 2023-03-08T00:00:00+00:00, run_after=2023-03-08T00:02:00+00:00
[2023-03-08T00:02:57.515+0000] {processor.py:175} INFO - Processing /home/airflow/.local/lib/python3.7/site-packages/airflow/example_dags/example_sla_dag.py took 0.430 seconds
[2023-03-08T00:03:28.844+0000] {processor.py:153} INFO - Started process (PID=2650) to work on /home/airflow/.local/lib/python3.7/site-packages/airflow/example_dags/example_sla_dag.py
[2023-03-08T00:03:28.850+0000] {processor.py:743} INFO - Processing file /home/airflow/.local/lib/python3.7/site-packages/airflow/example_dags/example_sla_dag.py for tasks to queue
[2023-03-08T00:03:28.862+0000] {logging_mixin.py:137} INFO - [2023-03-08T00:03:28.861+0000] {dagbag.py:538} INFO - Filling up the DagBag from /home/airflow/.local/lib/python3.7/site-packages/airflow/example_dags/example_sla_dag.py
[2023-03-08T00:03:28.956+0000] {processor.py:753} INFO - DAG(s) dict_keys(['example_sla_dag']) retrieved from /home/airflow/.local/lib/python3.7/site-packages/airflow/example_dags/example_sla_dag.py
[2023-03-08T00:03:29.049+0000] {logging_mixin.py:137} INFO - [2023-03-08T00:03:29.048+0000] {dag.py:2690} INFO - Sync 1 DAGs
[2023-03-08T00:03:29.193+0000] {logging_mixin.py:137} INFO - [2023-03-08T00:03:29.193+0000] {dag.py:3441} INFO - Setting next_dagrun for example_sla_dag to 2023-03-08T00:00:00+00:00, run_after=2023-03-08T00:02:00+00:00
[2023-03-08T00:03:29.255+0000] {processor.py:175} INFO - Processing /home/airflow/.local/lib/python3.7/site-packages/airflow/example_dags/example_sla_dag.py took 0.423 seconds
[2023-03-08T00:04:00.219+0000] {processor.py:153} INFO - Started process (PID=2720) to work on /home/airflow/.local/lib/python3.7/site-packages/airflow/example_dags/example_sla_dag.py
[2023-03-08T00:04:00.224+0000] {processor.py:743} INFO - Processing file /home/airflow/.local/lib/python3.7/site-packages/airflow/example_dags/example_sla_dag.py for tasks to queue
[2023-03-08T00:04:00.229+0000] {logging_mixin.py:137} INFO - [2023-03-08T00:04:00.228+0000] {dagbag.py:538} INFO - Filling up the DagBag from /home/airflow/.local/lib/python3.7/site-packages/airflow/example_dags/example_sla_dag.py
[2023-03-08T00:04:00.302+0000] {processor.py:753} INFO - DAG(s) dict_keys(['example_sla_dag']) retrieved from /home/airflow/.local/lib/python3.7/site-packages/airflow/example_dags/example_sla_dag.py
[2023-03-08T00:04:00.389+0000] {logging_mixin.py:137} INFO - [2023-03-08T00:04:00.388+0000] {dag.py:2690} INFO - Sync 1 DAGs
[2023-03-08T00:04:00.467+0000] {logging_mixin.py:137} INFO - [2023-03-08T00:04:00.467+0000] {dag.py:3441} INFO - Setting next_dagrun for example_sla_dag to 2023-03-08T00:02:00+00:00, run_after=2023-03-08T00:04:00+00:00
[2023-03-08T00:04:00.524+0000] {processor.py:175} INFO - Processing /home/airflow/.local/lib/python3.7/site-packages/airflow/example_dags/example_sla_dag.py took 0.316 seconds
[2023-03-08T00:04:31.405+0000] {processor.py:153} INFO - Started process (PID=2789) to work on /home/airflow/.local/lib/python3.7/site-packages/airflow/example_dags/example_sla_dag.py
[2023-03-08T00:04:31.415+0000] {processor.py:743} INFO - Processing file /home/airflow/.local/lib/python3.7/site-packages/airflow/example_dags/example_sla_dag.py for tasks to queue
[2023-03-08T00:04:31.425+0000] {logging_mixin.py:137} INFO - [2023-03-08T00:04:31.424+0000] {dagbag.py:538} INFO - Filling up the DagBag from /home/airflow/.local/lib/python3.7/site-packages/airflow/example_dags/example_sla_dag.py
[2023-03-08T00:04:31.496+0000] {processor.py:753} INFO - DAG(s) dict_keys(['example_sla_dag']) retrieved from /home/airflow/.local/lib/python3.7/site-packages/airflow/example_dags/example_sla_dag.py
[2023-03-08T00:04:31.567+0000] {logging_mixin.py:137} INFO - [2023-03-08T00:04:31.566+0000] {dag.py:2690} INFO - Sync 1 DAGs
[2023-03-08T00:04:31.665+0000] {logging_mixin.py:137} INFO - [2023-03-08T00:04:31.664+0000] {dag.py:3441} INFO - Setting next_dagrun for example_sla_dag to 2023-03-08T00:02:00+00:00, run_after=2023-03-08T00:04:00+00:00
[2023-03-08T00:04:31.719+0000] {processor.py:175} INFO - Processing /home/airflow/.local/lib/python3.7/site-packages/airflow/example_dags/example_sla_dag.py took 0.329 seconds
[2023-03-08T00:05:03.827+0000] {processor.py:153} INFO - Started process (PID=2860) to work on /home/airflow/.local/lib/python3.7/site-packages/airflow/example_dags/example_sla_dag.py
[2023-03-08T00:05:03.834+0000] {processor.py:743} INFO - Processing file /home/airflow/.local/lib/python3.7/site-packages/airflow/example_dags/example_sla_dag.py for tasks to queue
[2023-03-08T00:05:03.838+0000] {logging_mixin.py:137} INFO - [2023-03-08T00:05:03.837+0000] {dagbag.py:538} INFO - Filling up the DagBag from /home/airflow/.local/lib/python3.7/site-packages/airflow/example_dags/example_sla_dag.py
[2023-03-08T00:05:03.911+0000] {processor.py:753} INFO - DAG(s) dict_keys(['example_sla_dag']) retrieved from /home/airflow/.local/lib/python3.7/site-packages/airflow/example_dags/example_sla_dag.py
[2023-03-08T00:05:03.988+0000] {logging_mixin.py:137} INFO - [2023-03-08T00:05:03.987+0000] {dag.py:2690} INFO - Sync 1 DAGs
[2023-03-08T00:05:04.070+0000] {logging_mixin.py:137} INFO - [2023-03-08T00:05:04.070+0000] {dag.py:3441} INFO - Setting next_dagrun for example_sla_dag to 2023-03-08T00:02:00+00:00, run_after=2023-03-08T00:04:00+00:00
[2023-03-08T00:05:04.136+0000] {processor.py:175} INFO - Processing /home/airflow/.local/lib/python3.7/site-packages/airflow/example_dags/example_sla_dag.py took 0.321 seconds
[2023-03-08T00:05:35.561+0000] {processor.py:153} INFO - Started process (PID=2931) to work on /home/airflow/.local/lib/python3.7/site-packages/airflow/example_dags/example_sla_dag.py
[2023-03-08T00:05:35.566+0000] {processor.py:743} INFO - Processing file /home/airflow/.local/lib/python3.7/site-packages/airflow/example_dags/example_sla_dag.py for tasks to queue
[2023-03-08T00:05:35.570+0000] {logging_mixin.py:137} INFO - [2023-03-08T00:05:35.569+0000] {dagbag.py:538} INFO - Filling up the DagBag from /home/airflow/.local/lib/python3.7/site-packages/airflow/example_dags/example_sla_dag.py
[2023-03-08T00:05:35.646+0000] {processor.py:753} INFO - DAG(s) dict_keys(['example_sla_dag']) retrieved from /home/airflow/.local/lib/python3.7/site-packages/airflow/example_dags/example_sla_dag.py
[2023-03-08T00:05:35.716+0000] {logging_mixin.py:137} INFO - [2023-03-08T00:05:35.715+0000] {dag.py:2690} INFO - Sync 1 DAGs
[2023-03-08T00:05:35.807+0000] {logging_mixin.py:137} INFO - [2023-03-08T00:05:35.806+0000] {dag.py:3441} INFO - Setting next_dagrun for example_sla_dag to 2023-03-08T00:02:00+00:00, run_after=2023-03-08T00:04:00+00:00
[2023-03-08T00:05:35.864+0000] {processor.py:175} INFO - Processing /home/airflow/.local/lib/python3.7/site-packages/airflow/example_dags/example_sla_dag.py took 0.312 seconds
[2023-03-08T00:06:07.473+0000] {processor.py:153} INFO - Started process (PID=3014) to work on /home/airflow/.local/lib/python3.7/site-packages/airflow/example_dags/example_sla_dag.py
[2023-03-08T00:06:07.478+0000] {processor.py:743} INFO - Processing file /home/airflow/.local/lib/python3.7/site-packages/airflow/example_dags/example_sla_dag.py for tasks to queue
[2023-03-08T00:06:07.481+0000] {logging_mixin.py:137} INFO - [2023-03-08T00:06:07.481+0000] {dagbag.py:538} INFO - Filling up the DagBag from /home/airflow/.local/lib/python3.7/site-packages/airflow/example_dags/example_sla_dag.py
[2023-03-08T00:06:07.541+0000] {processor.py:753} INFO - DAG(s) dict_keys(['example_sla_dag']) retrieved from /home/airflow/.local/lib/python3.7/site-packages/airflow/example_dags/example_sla_dag.py
[2023-03-08T00:06:07.619+0000] {logging_mixin.py:137} INFO - [2023-03-08T00:06:07.618+0000] {dag.py:2690} INFO - Sync 1 DAGs
[2023-03-08T00:06:07.703+0000] {logging_mixin.py:137} INFO - [2023-03-08T00:06:07.702+0000] {dag.py:3441} INFO - Setting next_dagrun for example_sla_dag to 2023-03-08T00:04:00+00:00, run_after=2023-03-08T00:06:00+00:00
[2023-03-08T00:06:07.753+0000] {processor.py:175} INFO - Processing /home/airflow/.local/lib/python3.7/site-packages/airflow/example_dags/example_sla_dag.py took 0.290 seconds
[2023-03-08T00:06:38.370+0000] {processor.py:153} INFO - Started process (PID=3088) to work on /home/airflow/.local/lib/python3.7/site-packages/airflow/example_dags/example_sla_dag.py
[2023-03-08T00:06:38.379+0000] {processor.py:743} INFO - Processing file /home/airflow/.local/lib/python3.7/site-packages/airflow/example_dags/example_sla_dag.py for tasks to queue
[2023-03-08T00:06:38.383+0000] {logging_mixin.py:137} INFO - [2023-03-08T00:06:38.383+0000] {dagbag.py:538} INFO - Filling up the DagBag from /home/airflow/.local/lib/python3.7/site-packages/airflow/example_dags/example_sla_dag.py
[2023-03-08T00:06:38.445+0000] {processor.py:753} INFO - DAG(s) dict_keys(['example_sla_dag']) retrieved from /home/airflow/.local/lib/python3.7/site-packages/airflow/example_dags/example_sla_dag.py
[2023-03-08T00:06:38.518+0000] {logging_mixin.py:137} INFO - [2023-03-08T00:06:38.517+0000] {dag.py:2690} INFO - Sync 1 DAGs
[2023-03-08T00:06:38.589+0000] {logging_mixin.py:137} INFO - [2023-03-08T00:06:38.589+0000] {dag.py:3441} INFO - Setting next_dagrun for example_sla_dag to 2023-03-08T00:04:00+00:00, run_after=2023-03-08T00:06:00+00:00
[2023-03-08T00:06:38.646+0000] {processor.py:175} INFO - Processing /home/airflow/.local/lib/python3.7/site-packages/airflow/example_dags/example_sla_dag.py took 0.292 seconds
[2023-03-08T00:07:11.470+0000] {processor.py:153} INFO - Started process (PID=3158) to work on /home/airflow/.local/lib/python3.7/site-packages/airflow/example_dags/example_sla_dag.py
[2023-03-08T00:07:11.474+0000] {processor.py:743} INFO - Processing file /home/airflow/.local/lib/python3.7/site-packages/airflow/example_dags/example_sla_dag.py for tasks to queue
[2023-03-08T00:07:11.480+0000] {logging_mixin.py:137} INFO - [2023-03-08T00:07:11.479+0000] {dagbag.py:538} INFO - Filling up the DagBag from /home/airflow/.local/lib/python3.7/site-packages/airflow/example_dags/example_sla_dag.py
[2023-03-08T00:07:11.555+0000] {processor.py:753} INFO - DAG(s) dict_keys(['example_sla_dag']) retrieved from /home/airflow/.local/lib/python3.7/site-packages/airflow/example_dags/example_sla_dag.py
[2023-03-08T00:07:11.693+0000] {logging_mixin.py:137} INFO - [2023-03-08T00:07:11.691+0000] {dag.py:2690} INFO - Sync 1 DAGs
[2023-03-08T00:07:11.824+0000] {logging_mixin.py:137} INFO - [2023-03-08T00:07:11.823+0000] {dag.py:3441} INFO - Setting next_dagrun for example_sla_dag to 2023-03-08T00:04:00+00:00, run_after=2023-03-08T00:06:00+00:00
[2023-03-08T00:07:11.915+0000] {processor.py:175} INFO - Processing /home/airflow/.local/lib/python3.7/site-packages/airflow/example_dags/example_sla_dag.py took 0.456 seconds
[2023-03-08T00:07:47.632+0000] {processor.py:153} INFO - Started process (PID=3230) to work on /home/airflow/.local/lib/python3.7/site-packages/airflow/example_dags/example_sla_dag.py
[2023-03-08T00:07:47.645+0000] {processor.py:743} INFO - Processing file /home/airflow/.local/lib/python3.7/site-packages/airflow/example_dags/example_sla_dag.py for tasks to queue
[2023-03-08T00:07:47.650+0000] {logging_mixin.py:137} INFO - [2023-03-08T00:07:47.650+0000] {dagbag.py:538} INFO - Filling up the DagBag from /home/airflow/.local/lib/python3.7/site-packages/airflow/example_dags/example_sla_dag.py
[2023-03-08T00:07:47.774+0000] {processor.py:753} INFO - DAG(s) dict_keys(['example_sla_dag']) retrieved from /home/airflow/.local/lib/python3.7/site-packages/airflow/example_dags/example_sla_dag.py
[2023-03-08T00:07:47.966+0000] {logging_mixin.py:137} INFO - [2023-03-08T00:07:47.965+0000] {dag.py:2690} INFO - Sync 1 DAGs
[2023-03-08T00:07:48.127+0000] {logging_mixin.py:137} INFO - [2023-03-08T00:07:48.126+0000] {dag.py:3441} INFO - Setting next_dagrun for example_sla_dag to 2023-03-08T00:04:00+00:00, run_after=2023-03-08T00:06:00+00:00
[2023-03-08T00:07:48.226+0000] {processor.py:175} INFO - Processing /home/airflow/.local/lib/python3.7/site-packages/airflow/example_dags/example_sla_dag.py took 0.615 seconds
[2023-03-08T00:08:21.020+0000] {processor.py:153} INFO - Started process (PID=3293) to work on /home/airflow/.local/lib/python3.7/site-packages/airflow/example_dags/example_sla_dag.py
[2023-03-08T00:08:21.028+0000] {processor.py:743} INFO - Processing file /home/airflow/.local/lib/python3.7/site-packages/airflow/example_dags/example_sla_dag.py for tasks to queue
[2023-03-08T00:08:21.037+0000] {logging_mixin.py:137} INFO - [2023-03-08T00:08:21.036+0000] {dagbag.py:538} INFO - Filling up the DagBag from /home/airflow/.local/lib/python3.7/site-packages/airflow/example_dags/example_sla_dag.py
[2023-03-08T00:08:21.169+0000] {processor.py:753} INFO - DAG(s) dict_keys(['example_sla_dag']) retrieved from /home/airflow/.local/lib/python3.7/site-packages/airflow/example_dags/example_sla_dag.py
[2023-03-08T00:08:21.274+0000] {logging_mixin.py:137} INFO - [2023-03-08T00:08:21.274+0000] {dag.py:2690} INFO - Sync 1 DAGs
[2023-03-08T00:08:21.490+0000] {logging_mixin.py:137} INFO - [2023-03-08T00:08:21.490+0000] {dag.py:3441} INFO - Setting next_dagrun for example_sla_dag to 2023-03-08T00:06:00+00:00, run_after=2023-03-08T00:08:00+00:00
[2023-03-08T00:08:21.617+0000] {processor.py:175} INFO - Processing /home/airflow/.local/lib/python3.7/site-packages/airflow/example_dags/example_sla_dag.py took 0.615 seconds
[2023-03-08T00:08:56.380+0000] {processor.py:153} INFO - Started process (PID=3364) to work on /home/airflow/.local/lib/python3.7/site-packages/airflow/example_dags/example_sla_dag.py
[2023-03-08T00:08:56.393+0000] {processor.py:743} INFO - Processing file /home/airflow/.local/lib/python3.7/site-packages/airflow/example_dags/example_sla_dag.py for tasks to queue
[2023-03-08T00:08:56.401+0000] {logging_mixin.py:137} INFO - [2023-03-08T00:08:56.400+0000] {dagbag.py:538} INFO - Filling up the DagBag from /home/airflow/.local/lib/python3.7/site-packages/airflow/example_dags/example_sla_dag.py
[2023-03-08T00:08:56.548+0000] {processor.py:753} INFO - DAG(s) dict_keys(['example_sla_dag']) retrieved from /home/airflow/.local/lib/python3.7/site-packages/airflow/example_dags/example_sla_dag.py
[2023-03-08T00:08:56.749+0000] {logging_mixin.py:137} INFO - [2023-03-08T00:08:56.748+0000] {dag.py:2690} INFO - Sync 1 DAGs
[2023-03-08T00:08:57.058+0000] {logging_mixin.py:137} INFO - [2023-03-08T00:08:57.057+0000] {dag.py:3441} INFO - Setting next_dagrun for example_sla_dag to 2023-03-08T00:06:00+00:00, run_after=2023-03-08T00:08:00+00:00
[2023-03-08T00:08:57.153+0000] {processor.py:175} INFO - Processing /home/airflow/.local/lib/python3.7/site-packages/airflow/example_dags/example_sla_dag.py took 0.792 seconds
[2023-03-08T00:09:32.531+0000] {processor.py:153} INFO - Started process (PID=3435) to work on /home/airflow/.local/lib/python3.7/site-packages/airflow/example_dags/example_sla_dag.py
[2023-03-08T00:09:32.544+0000] {processor.py:743} INFO - Processing file /home/airflow/.local/lib/python3.7/site-packages/airflow/example_dags/example_sla_dag.py for tasks to queue
[2023-03-08T00:09:32.554+0000] {logging_mixin.py:137} INFO - [2023-03-08T00:09:32.553+0000] {dagbag.py:538} INFO - Filling up the DagBag from /home/airflow/.local/lib/python3.7/site-packages/airflow/example_dags/example_sla_dag.py
[2023-03-08T00:09:32.877+0000] {processor.py:753} INFO - DAG(s) dict_keys(['example_sla_dag']) retrieved from /home/airflow/.local/lib/python3.7/site-packages/airflow/example_dags/example_sla_dag.py
[2023-03-08T00:09:33.141+0000] {logging_mixin.py:137} INFO - [2023-03-08T00:09:33.140+0000] {dag.py:2690} INFO - Sync 1 DAGs
[2023-03-08T00:09:33.367+0000] {logging_mixin.py:137} INFO - [2023-03-08T00:09:33.366+0000] {dag.py:3441} INFO - Setting next_dagrun for example_sla_dag to 2023-03-08T00:06:00+00:00, run_after=2023-03-08T00:08:00+00:00
[2023-03-08T00:09:33.471+0000] {processor.py:175} INFO - Processing /home/airflow/.local/lib/python3.7/site-packages/airflow/example_dags/example_sla_dag.py took 0.976 seconds
[2023-03-08T00:10:04.888+0000] {processor.py:153} INFO - Started process (PID=3503) to work on /home/airflow/.local/lib/python3.7/site-packages/airflow/example_dags/example_sla_dag.py
[2023-03-08T00:10:04.895+0000] {processor.py:743} INFO - Processing file /home/airflow/.local/lib/python3.7/site-packages/airflow/example_dags/example_sla_dag.py for tasks to queue
[2023-03-08T00:10:04.901+0000] {logging_mixin.py:137} INFO - [2023-03-08T00:10:04.900+0000] {dagbag.py:538} INFO - Filling up the DagBag from /home/airflow/.local/lib/python3.7/site-packages/airflow/example_dags/example_sla_dag.py
[2023-03-08T00:10:05.098+0000] {processor.py:753} INFO - DAG(s) dict_keys(['example_sla_dag']) retrieved from /home/airflow/.local/lib/python3.7/site-packages/airflow/example_dags/example_sla_dag.py
[2023-03-08T00:10:05.249+0000] {logging_mixin.py:137} INFO - [2023-03-08T00:10:05.249+0000] {dag.py:2690} INFO - Sync 1 DAGs
[2023-03-08T00:10:05.410+0000] {logging_mixin.py:137} INFO - [2023-03-08T00:10:05.410+0000] {dag.py:3441} INFO - Setting next_dagrun for example_sla_dag to 2023-03-08T00:08:00+00:00, run_after=2023-03-08T00:10:00+00:00
[2023-03-08T00:10:05.504+0000] {processor.py:175} INFO - Processing /home/airflow/.local/lib/python3.7/site-packages/airflow/example_dags/example_sla_dag.py took 0.651 seconds
[2023-03-08T00:10:37.327+0000] {processor.py:153} INFO - Started process (PID=3566) to work on /home/airflow/.local/lib/python3.7/site-packages/airflow/example_dags/example_sla_dag.py
[2023-03-08T00:10:37.333+0000] {processor.py:743} INFO - Processing file /home/airflow/.local/lib/python3.7/site-packages/airflow/example_dags/example_sla_dag.py for tasks to queue
[2023-03-08T00:10:37.337+0000] {logging_mixin.py:137} INFO - [2023-03-08T00:10:37.337+0000] {dagbag.py:538} INFO - Filling up the DagBag from /home/airflow/.local/lib/python3.7/site-packages/airflow/example_dags/example_sla_dag.py
[2023-03-08T00:10:37.436+0000] {processor.py:753} INFO - DAG(s) dict_keys(['example_sla_dag']) retrieved from /home/airflow/.local/lib/python3.7/site-packages/airflow/example_dags/example_sla_dag.py
[2023-03-08T00:10:37.540+0000] {logging_mixin.py:137} INFO - [2023-03-08T00:10:37.539+0000] {dag.py:2690} INFO - Sync 1 DAGs
[2023-03-08T00:10:37.655+0000] {logging_mixin.py:137} INFO - [2023-03-08T00:10:37.655+0000] {dag.py:3441} INFO - Setting next_dagrun for example_sla_dag to 2023-03-08T00:08:00+00:00, run_after=2023-03-08T00:10:00+00:00
[2023-03-08T00:10:37.717+0000] {processor.py:175} INFO - Processing /home/airflow/.local/lib/python3.7/site-packages/airflow/example_dags/example_sla_dag.py took 0.401 seconds
[2023-03-08T00:11:10.969+0000] {processor.py:153} INFO - Started process (PID=3649) to work on /home/airflow/.local/lib/python3.7/site-packages/airflow/example_dags/example_sla_dag.py
[2023-03-08T00:11:10.974+0000] {processor.py:743} INFO - Processing file /home/airflow/.local/lib/python3.7/site-packages/airflow/example_dags/example_sla_dag.py for tasks to queue
[2023-03-08T00:11:10.978+0000] {logging_mixin.py:137} INFO - [2023-03-08T00:11:10.977+0000] {dagbag.py:538} INFO - Filling up the DagBag from /home/airflow/.local/lib/python3.7/site-packages/airflow/example_dags/example_sla_dag.py
[2023-03-08T00:11:11.103+0000] {processor.py:753} INFO - DAG(s) dict_keys(['example_sla_dag']) retrieved from /home/airflow/.local/lib/python3.7/site-packages/airflow/example_dags/example_sla_dag.py
[2023-03-08T00:11:11.222+0000] {logging_mixin.py:137} INFO - [2023-03-08T00:11:11.222+0000] {dag.py:2690} INFO - Sync 1 DAGs
[2023-03-08T00:11:11.335+0000] {logging_mixin.py:137} INFO - [2023-03-08T00:11:11.334+0000] {dag.py:3441} INFO - Setting next_dagrun for example_sla_dag to 2023-03-08T00:08:00+00:00, run_after=2023-03-08T00:10:00+00:00
[2023-03-08T00:11:11.400+0000] {processor.py:175} INFO - Processing /home/airflow/.local/lib/python3.7/site-packages/airflow/example_dags/example_sla_dag.py took 0.445 seconds
[2023-03-08T00:11:41.919+0000] {processor.py:153} INFO - Started process (PID=3711) to work on /home/airflow/.local/lib/python3.7/site-packages/airflow/example_dags/example_sla_dag.py
[2023-03-08T00:11:41.928+0000] {processor.py:743} INFO - Processing file /home/airflow/.local/lib/python3.7/site-packages/airflow/example_dags/example_sla_dag.py for tasks to queue
[2023-03-08T00:11:41.934+0000] {logging_mixin.py:137} INFO - [2023-03-08T00:11:41.934+0000] {dagbag.py:538} INFO - Filling up the DagBag from /home/airflow/.local/lib/python3.7/site-packages/airflow/example_dags/example_sla_dag.py
[2023-03-08T00:11:41.995+0000] {processor.py:753} INFO - DAG(s) dict_keys(['example_sla_dag']) retrieved from /home/airflow/.local/lib/python3.7/site-packages/airflow/example_dags/example_sla_dag.py
[2023-03-08T00:11:42.067+0000] {logging_mixin.py:137} INFO - [2023-03-08T00:11:42.066+0000] {dag.py:2690} INFO - Sync 1 DAGs
[2023-03-08T00:11:42.140+0000] {logging_mixin.py:137} INFO - [2023-03-08T00:11:42.140+0000] {dag.py:3441} INFO - Setting next_dagrun for example_sla_dag to 2023-03-08T00:08:00+00:00, run_after=2023-03-08T00:10:00+00:00
[2023-03-08T00:11:42.185+0000] {processor.py:175} INFO - Processing /home/airflow/.local/lib/python3.7/site-packages/airflow/example_dags/example_sla_dag.py took 0.274 seconds
[2023-03-08T00:12:15.844+0000] {processor.py:153} INFO - Started process (PID=3793) to work on /home/airflow/.local/lib/python3.7/site-packages/airflow/example_dags/example_sla_dag.py
[2023-03-08T00:12:15.850+0000] {processor.py:743} INFO - Processing file /home/airflow/.local/lib/python3.7/site-packages/airflow/example_dags/example_sla_dag.py for tasks to queue
[2023-03-08T00:12:15.856+0000] {logging_mixin.py:137} INFO - [2023-03-08T00:12:15.856+0000] {dagbag.py:538} INFO - Filling up the DagBag from /home/airflow/.local/lib/python3.7/site-packages/airflow/example_dags/example_sla_dag.py
[2023-03-08T00:12:15.958+0000] {processor.py:753} INFO - DAG(s) dict_keys(['example_sla_dag']) retrieved from /home/airflow/.local/lib/python3.7/site-packages/airflow/example_dags/example_sla_dag.py
[2023-03-08T00:12:16.052+0000] {logging_mixin.py:137} INFO - [2023-03-08T00:12:16.052+0000] {dag.py:2690} INFO - Sync 1 DAGs
[2023-03-08T00:12:16.159+0000] {logging_mixin.py:137} INFO - [2023-03-08T00:12:16.159+0000] {dag.py:3441} INFO - Setting next_dagrun for example_sla_dag to 2023-03-08T00:10:00+00:00, run_after=2023-03-08T00:12:00+00:00
[2023-03-08T00:12:16.227+0000] {processor.py:175} INFO - Processing /home/airflow/.local/lib/python3.7/site-packages/airflow/example_dags/example_sla_dag.py took 0.393 seconds
