[2023-03-08T00:00:01.141+0000] {processor.py:153} INFO - Started process (PID=2238) to work on /home/airflow/.local/lib/python3.7/site-packages/airflow/example_dags/example_xcom.py
[2023-03-08T00:00:01.150+0000] {processor.py:743} INFO - Processing file /home/airflow/.local/lib/python3.7/site-packages/airflow/example_dags/example_xcom.py for tasks to queue
[2023-03-08T00:00:01.166+0000] {logging_mixin.py:137} INFO - [2023-03-08T00:00:01.166+0000] {dagbag.py:538} INFO - Filling up the DagBag from /home/airflow/.local/lib/python3.7/site-packages/airflow/example_dags/example_xcom.py
[2023-03-08T00:00:01.312+0000] {processor.py:753} INFO - DAG(s) dict_keys(['example_xcom']) retrieved from /home/airflow/.local/lib/python3.7/site-packages/airflow/example_dags/example_xcom.py
[2023-03-08T00:00:01.577+0000] {logging_mixin.py:137} INFO - [2023-03-08T00:00:01.577+0000] {dag.py:2690} INFO - Sync 1 DAGs
[2023-03-08T00:00:01.820+0000] {logging_mixin.py:137} INFO - [2023-03-08T00:00:01.820+0000] {dag.py:3441} INFO - Setting next_dagrun for example_xcom to 2021-01-01T00:00:00+00:00, run_after=2021-01-01T00:00:00+00:00
[2023-03-08T00:00:01.894+0000] {processor.py:175} INFO - Processing /home/airflow/.local/lib/python3.7/site-packages/airflow/example_dags/example_xcom.py took 0.782 seconds
[2023-03-08T00:00:34.401+0000] {processor.py:153} INFO - Started process (PID=2301) to work on /home/airflow/.local/lib/python3.7/site-packages/airflow/example_dags/example_xcom.py
[2023-03-08T00:00:34.407+0000] {processor.py:743} INFO - Processing file /home/airflow/.local/lib/python3.7/site-packages/airflow/example_dags/example_xcom.py for tasks to queue
[2023-03-08T00:00:34.414+0000] {logging_mixin.py:137} INFO - [2023-03-08T00:00:34.413+0000] {dagbag.py:538} INFO - Filling up the DagBag from /home/airflow/.local/lib/python3.7/site-packages/airflow/example_dags/example_xcom.py
[2023-03-08T00:00:34.524+0000] {processor.py:753} INFO - DAG(s) dict_keys(['example_xcom']) retrieved from /home/airflow/.local/lib/python3.7/site-packages/airflow/example_dags/example_xcom.py
[2023-03-08T00:00:34.611+0000] {logging_mixin.py:137} INFO - [2023-03-08T00:00:34.610+0000] {dag.py:2690} INFO - Sync 1 DAGs
[2023-03-08T00:00:34.749+0000] {logging_mixin.py:137} INFO - [2023-03-08T00:00:34.749+0000] {dag.py:3441} INFO - Setting next_dagrun for example_xcom to 2021-01-01T00:00:00+00:00, run_after=2021-01-01T00:00:00+00:00
[2023-03-08T00:00:34.876+0000] {processor.py:175} INFO - Processing /home/airflow/.local/lib/python3.7/site-packages/airflow/example_dags/example_xcom.py took 0.488 seconds
[2023-03-08T00:01:06.317+0000] {processor.py:153} INFO - Started process (PID=2372) to work on /home/airflow/.local/lib/python3.7/site-packages/airflow/example_dags/example_xcom.py
[2023-03-08T00:01:06.333+0000] {processor.py:743} INFO - Processing file /home/airflow/.local/lib/python3.7/site-packages/airflow/example_dags/example_xcom.py for tasks to queue
[2023-03-08T00:01:06.337+0000] {logging_mixin.py:137} INFO - [2023-03-08T00:01:06.337+0000] {dagbag.py:538} INFO - Filling up the DagBag from /home/airflow/.local/lib/python3.7/site-packages/airflow/example_dags/example_xcom.py
[2023-03-08T00:01:06.420+0000] {processor.py:753} INFO - DAG(s) dict_keys(['example_xcom']) retrieved from /home/airflow/.local/lib/python3.7/site-packages/airflow/example_dags/example_xcom.py
[2023-03-08T00:01:06.637+0000] {logging_mixin.py:137} INFO - [2023-03-08T00:01:06.634+0000] {dag.py:2690} INFO - Sync 1 DAGs
[2023-03-08T00:01:06.830+0000] {logging_mixin.py:137} INFO - [2023-03-08T00:01:06.829+0000] {dag.py:3441} INFO - Setting next_dagrun for example_xcom to 2021-01-01T00:00:00+00:00, run_after=2021-01-01T00:00:00+00:00
[2023-03-08T00:01:06.946+0000] {processor.py:175} INFO - Processing /home/airflow/.local/lib/python3.7/site-packages/airflow/example_dags/example_xcom.py took 0.646 seconds
[2023-03-08T00:01:38.570+0000] {processor.py:153} INFO - Started process (PID=2443) to work on /home/airflow/.local/lib/python3.7/site-packages/airflow/example_dags/example_xcom.py
[2023-03-08T00:01:38.578+0000] {processor.py:743} INFO - Processing file /home/airflow/.local/lib/python3.7/site-packages/airflow/example_dags/example_xcom.py for tasks to queue
[2023-03-08T00:01:38.595+0000] {logging_mixin.py:137} INFO - [2023-03-08T00:01:38.595+0000] {dagbag.py:538} INFO - Filling up the DagBag from /home/airflow/.local/lib/python3.7/site-packages/airflow/example_dags/example_xcom.py
[2023-03-08T00:01:38.847+0000] {processor.py:753} INFO - DAG(s) dict_keys(['example_xcom']) retrieved from /home/airflow/.local/lib/python3.7/site-packages/airflow/example_dags/example_xcom.py
[2023-03-08T00:01:38.951+0000] {logging_mixin.py:137} INFO - [2023-03-08T00:01:38.951+0000] {dag.py:2690} INFO - Sync 1 DAGs
[2023-03-08T00:01:39.191+0000] {logging_mixin.py:137} INFO - [2023-03-08T00:01:39.190+0000] {dag.py:3441} INFO - Setting next_dagrun for example_xcom to 2021-01-01T00:00:00+00:00, run_after=2021-01-01T00:00:00+00:00
[2023-03-08T00:01:39.339+0000] {processor.py:175} INFO - Processing /home/airflow/.local/lib/python3.7/site-packages/airflow/example_dags/example_xcom.py took 0.801 seconds
[2023-03-08T00:02:22.555+0000] {processor.py:153} INFO - Started process (PID=2514) to work on /home/airflow/.local/lib/python3.7/site-packages/airflow/example_dags/example_xcom.py
[2023-03-08T00:02:22.566+0000] {processor.py:743} INFO - Processing file /home/airflow/.local/lib/python3.7/site-packages/airflow/example_dags/example_xcom.py for tasks to queue
[2023-03-08T00:02:22.583+0000] {logging_mixin.py:137} INFO - [2023-03-08T00:02:22.583+0000] {dagbag.py:538} INFO - Filling up the DagBag from /home/airflow/.local/lib/python3.7/site-packages/airflow/example_dags/example_xcom.py
[2023-03-08T00:02:22.800+0000] {processor.py:753} INFO - DAG(s) dict_keys(['example_xcom']) retrieved from /home/airflow/.local/lib/python3.7/site-packages/airflow/example_dags/example_xcom.py
[2023-03-08T00:02:22.953+0000] {logging_mixin.py:137} INFO - [2023-03-08T00:02:22.953+0000] {dag.py:2690} INFO - Sync 1 DAGs
[2023-03-08T00:02:23.165+0000] {logging_mixin.py:137} INFO - [2023-03-08T00:02:23.164+0000] {dag.py:3441} INFO - Setting next_dagrun for example_xcom to 2021-01-01T00:00:00+00:00, run_after=2021-01-01T00:00:00+00:00
[2023-03-08T00:02:23.266+0000] {processor.py:175} INFO - Processing /home/airflow/.local/lib/python3.7/site-packages/airflow/example_dags/example_xcom.py took 0.735 seconds
[2023-03-08T00:02:54.143+0000] {processor.py:153} INFO - Started process (PID=2582) to work on /home/airflow/.local/lib/python3.7/site-packages/airflow/example_dags/example_xcom.py
[2023-03-08T00:02:54.154+0000] {processor.py:743} INFO - Processing file /home/airflow/.local/lib/python3.7/site-packages/airflow/example_dags/example_xcom.py for tasks to queue
[2023-03-08T00:02:54.164+0000] {logging_mixin.py:137} INFO - [2023-03-08T00:02:54.162+0000] {dagbag.py:538} INFO - Filling up the DagBag from /home/airflow/.local/lib/python3.7/site-packages/airflow/example_dags/example_xcom.py
[2023-03-08T00:02:54.325+0000] {processor.py:753} INFO - DAG(s) dict_keys(['example_xcom']) retrieved from /home/airflow/.local/lib/python3.7/site-packages/airflow/example_dags/example_xcom.py
[2023-03-08T00:02:54.463+0000] {logging_mixin.py:137} INFO - [2023-03-08T00:02:54.463+0000] {dag.py:2690} INFO - Sync 1 DAGs
[2023-03-08T00:02:54.670+0000] {logging_mixin.py:137} INFO - [2023-03-08T00:02:54.669+0000] {dag.py:3441} INFO - Setting next_dagrun for example_xcom to 2021-01-01T00:00:00+00:00, run_after=2021-01-01T00:00:00+00:00
[2023-03-08T00:02:54.738+0000] {processor.py:175} INFO - Processing /home/airflow/.local/lib/python3.7/site-packages/airflow/example_dags/example_xcom.py took 0.627 seconds
[2023-03-08T00:03:26.366+0000] {processor.py:153} INFO - Started process (PID=2644) to work on /home/airflow/.local/lib/python3.7/site-packages/airflow/example_dags/example_xcom.py
[2023-03-08T00:03:26.371+0000] {processor.py:743} INFO - Processing file /home/airflow/.local/lib/python3.7/site-packages/airflow/example_dags/example_xcom.py for tasks to queue
[2023-03-08T00:03:26.376+0000] {logging_mixin.py:137} INFO - [2023-03-08T00:03:26.375+0000] {dagbag.py:538} INFO - Filling up the DagBag from /home/airflow/.local/lib/python3.7/site-packages/airflow/example_dags/example_xcom.py
[2023-03-08T00:03:26.491+0000] {processor.py:753} INFO - DAG(s) dict_keys(['example_xcom']) retrieved from /home/airflow/.local/lib/python3.7/site-packages/airflow/example_dags/example_xcom.py
[2023-03-08T00:03:26.600+0000] {logging_mixin.py:137} INFO - [2023-03-08T00:03:26.599+0000] {dag.py:2690} INFO - Sync 1 DAGs
[2023-03-08T00:03:26.697+0000] {logging_mixin.py:137} INFO - [2023-03-08T00:03:26.697+0000] {dag.py:3441} INFO - Setting next_dagrun for example_xcom to 2021-01-01T00:00:00+00:00, run_after=2021-01-01T00:00:00+00:00
[2023-03-08T00:03:26.755+0000] {processor.py:175} INFO - Processing /home/airflow/.local/lib/python3.7/site-packages/airflow/example_dags/example_xcom.py took 0.407 seconds
[2023-03-08T00:03:57.860+0000] {processor.py:153} INFO - Started process (PID=2714) to work on /home/airflow/.local/lib/python3.7/site-packages/airflow/example_dags/example_xcom.py
[2023-03-08T00:03:57.863+0000] {processor.py:743} INFO - Processing file /home/airflow/.local/lib/python3.7/site-packages/airflow/example_dags/example_xcom.py for tasks to queue
[2023-03-08T00:03:57.867+0000] {logging_mixin.py:137} INFO - [2023-03-08T00:03:57.867+0000] {dagbag.py:538} INFO - Filling up the DagBag from /home/airflow/.local/lib/python3.7/site-packages/airflow/example_dags/example_xcom.py
[2023-03-08T00:03:57.933+0000] {processor.py:753} INFO - DAG(s) dict_keys(['example_xcom']) retrieved from /home/airflow/.local/lib/python3.7/site-packages/airflow/example_dags/example_xcom.py
[2023-03-08T00:03:58.012+0000] {logging_mixin.py:137} INFO - [2023-03-08T00:03:58.012+0000] {dag.py:2690} INFO - Sync 1 DAGs
[2023-03-08T00:03:58.128+0000] {logging_mixin.py:137} INFO - [2023-03-08T00:03:58.128+0000] {dag.py:3441} INFO - Setting next_dagrun for example_xcom to 2021-01-01T00:00:00+00:00, run_after=2021-01-01T00:00:00+00:00
[2023-03-08T00:03:58.246+0000] {processor.py:175} INFO - Processing /home/airflow/.local/lib/python3.7/site-packages/airflow/example_dags/example_xcom.py took 0.396 seconds
[2023-03-08T00:04:29.081+0000] {processor.py:153} INFO - Started process (PID=2784) to work on /home/airflow/.local/lib/python3.7/site-packages/airflow/example_dags/example_xcom.py
[2023-03-08T00:04:29.085+0000] {processor.py:743} INFO - Processing file /home/airflow/.local/lib/python3.7/site-packages/airflow/example_dags/example_xcom.py for tasks to queue
[2023-03-08T00:04:29.093+0000] {logging_mixin.py:137} INFO - [2023-03-08T00:04:29.092+0000] {dagbag.py:538} INFO - Filling up the DagBag from /home/airflow/.local/lib/python3.7/site-packages/airflow/example_dags/example_xcom.py
[2023-03-08T00:04:29.161+0000] {processor.py:753} INFO - DAG(s) dict_keys(['example_xcom']) retrieved from /home/airflow/.local/lib/python3.7/site-packages/airflow/example_dags/example_xcom.py
[2023-03-08T00:04:29.250+0000] {logging_mixin.py:137} INFO - [2023-03-08T00:04:29.250+0000] {dag.py:2690} INFO - Sync 1 DAGs
[2023-03-08T00:04:29.349+0000] {logging_mixin.py:137} INFO - [2023-03-08T00:04:29.349+0000] {dag.py:3441} INFO - Setting next_dagrun for example_xcom to 2021-01-01T00:00:00+00:00, run_after=2021-01-01T00:00:00+00:00
[2023-03-08T00:04:29.446+0000] {processor.py:175} INFO - Processing /home/airflow/.local/lib/python3.7/site-packages/airflow/example_dags/example_xcom.py took 0.376 seconds
[2023-03-08T00:05:01.884+0000] {processor.py:153} INFO - Started process (PID=2854) to work on /home/airflow/.local/lib/python3.7/site-packages/airflow/example_dags/example_xcom.py
[2023-03-08T00:05:01.892+0000] {processor.py:743} INFO - Processing file /home/airflow/.local/lib/python3.7/site-packages/airflow/example_dags/example_xcom.py for tasks to queue
[2023-03-08T00:05:01.898+0000] {logging_mixin.py:137} INFO - [2023-03-08T00:05:01.897+0000] {dagbag.py:538} INFO - Filling up the DagBag from /home/airflow/.local/lib/python3.7/site-packages/airflow/example_dags/example_xcom.py
[2023-03-08T00:05:01.992+0000] {processor.py:753} INFO - DAG(s) dict_keys(['example_xcom']) retrieved from /home/airflow/.local/lib/python3.7/site-packages/airflow/example_dags/example_xcom.py
[2023-03-08T00:05:02.088+0000] {logging_mixin.py:137} INFO - [2023-03-08T00:05:02.088+0000] {dag.py:2690} INFO - Sync 1 DAGs
[2023-03-08T00:05:02.187+0000] {logging_mixin.py:137} INFO - [2023-03-08T00:05:02.186+0000] {dag.py:3441} INFO - Setting next_dagrun for example_xcom to 2021-01-01T00:00:00+00:00, run_after=2021-01-01T00:00:00+00:00
[2023-03-08T00:05:02.252+0000] {processor.py:175} INFO - Processing /home/airflow/.local/lib/python3.7/site-packages/airflow/example_dags/example_xcom.py took 0.381 seconds
[2023-03-08T00:05:33.456+0000] {processor.py:153} INFO - Started process (PID=2924) to work on /home/airflow/.local/lib/python3.7/site-packages/airflow/example_dags/example_xcom.py
[2023-03-08T00:05:33.462+0000] {processor.py:743} INFO - Processing file /home/airflow/.local/lib/python3.7/site-packages/airflow/example_dags/example_xcom.py for tasks to queue
[2023-03-08T00:05:33.468+0000] {logging_mixin.py:137} INFO - [2023-03-08T00:05:33.467+0000] {dagbag.py:538} INFO - Filling up the DagBag from /home/airflow/.local/lib/python3.7/site-packages/airflow/example_dags/example_xcom.py
[2023-03-08T00:05:33.549+0000] {processor.py:753} INFO - DAG(s) dict_keys(['example_xcom']) retrieved from /home/airflow/.local/lib/python3.7/site-packages/airflow/example_dags/example_xcom.py
[2023-03-08T00:05:33.642+0000] {logging_mixin.py:137} INFO - [2023-03-08T00:05:33.642+0000] {dag.py:2690} INFO - Sync 1 DAGs
[2023-03-08T00:05:33.727+0000] {logging_mixin.py:137} INFO - [2023-03-08T00:05:33.726+0000] {dag.py:3441} INFO - Setting next_dagrun for example_xcom to 2021-01-01T00:00:00+00:00, run_after=2021-01-01T00:00:00+00:00
[2023-03-08T00:05:33.779+0000] {processor.py:175} INFO - Processing /home/airflow/.local/lib/python3.7/site-packages/airflow/example_dags/example_xcom.py took 0.335 seconds
[2023-03-08T00:06:03.944+0000] {processor.py:153} INFO - Started process (PID=2995) to work on /home/airflow/.local/lib/python3.7/site-packages/airflow/example_dags/example_xcom.py
[2023-03-08T00:06:03.948+0000] {processor.py:743} INFO - Processing file /home/airflow/.local/lib/python3.7/site-packages/airflow/example_dags/example_xcom.py for tasks to queue
[2023-03-08T00:06:03.954+0000] {logging_mixin.py:137} INFO - [2023-03-08T00:06:03.953+0000] {dagbag.py:538} INFO - Filling up the DagBag from /home/airflow/.local/lib/python3.7/site-packages/airflow/example_dags/example_xcom.py
[2023-03-08T00:06:04.021+0000] {processor.py:753} INFO - DAG(s) dict_keys(['example_xcom']) retrieved from /home/airflow/.local/lib/python3.7/site-packages/airflow/example_dags/example_xcom.py
[2023-03-08T00:06:04.086+0000] {logging_mixin.py:137} INFO - [2023-03-08T00:06:04.086+0000] {dag.py:2690} INFO - Sync 1 DAGs
[2023-03-08T00:06:04.163+0000] {logging_mixin.py:137} INFO - [2023-03-08T00:06:04.162+0000] {dag.py:3441} INFO - Setting next_dagrun for example_xcom to 2021-01-01T00:00:00+00:00, run_after=2021-01-01T00:00:00+00:00
[2023-03-08T00:06:04.211+0000] {processor.py:175} INFO - Processing /home/airflow/.local/lib/python3.7/site-packages/airflow/example_dags/example_xcom.py took 0.278 seconds
[2023-03-08T00:06:34.438+0000] {processor.py:153} INFO - Started process (PID=3064) to work on /home/airflow/.local/lib/python3.7/site-packages/airflow/example_dags/example_xcom.py
[2023-03-08T00:06:34.441+0000] {processor.py:743} INFO - Processing file /home/airflow/.local/lib/python3.7/site-packages/airflow/example_dags/example_xcom.py for tasks to queue
[2023-03-08T00:06:34.446+0000] {logging_mixin.py:137} INFO - [2023-03-08T00:06:34.445+0000] {dagbag.py:538} INFO - Filling up the DagBag from /home/airflow/.local/lib/python3.7/site-packages/airflow/example_dags/example_xcom.py
[2023-03-08T00:06:34.499+0000] {processor.py:753} INFO - DAG(s) dict_keys(['example_xcom']) retrieved from /home/airflow/.local/lib/python3.7/site-packages/airflow/example_dags/example_xcom.py
[2023-03-08T00:06:34.556+0000] {logging_mixin.py:137} INFO - [2023-03-08T00:06:34.555+0000] {dag.py:2690} INFO - Sync 1 DAGs
[2023-03-08T00:06:34.614+0000] {logging_mixin.py:137} INFO - [2023-03-08T00:06:34.614+0000] {dag.py:3441} INFO - Setting next_dagrun for example_xcom to 2021-01-01T00:00:00+00:00, run_after=2021-01-01T00:00:00+00:00
[2023-03-08T00:06:34.659+0000] {processor.py:175} INFO - Processing /home/airflow/.local/lib/python3.7/site-packages/airflow/example_dags/example_xcom.py took 0.228 seconds
[2023-03-08T00:07:05.419+0000] {processor.py:153} INFO - Started process (PID=3136) to work on /home/airflow/.local/lib/python3.7/site-packages/airflow/example_dags/example_xcom.py
[2023-03-08T00:07:05.425+0000] {processor.py:743} INFO - Processing file /home/airflow/.local/lib/python3.7/site-packages/airflow/example_dags/example_xcom.py for tasks to queue
[2023-03-08T00:07:05.429+0000] {logging_mixin.py:137} INFO - [2023-03-08T00:07:05.429+0000] {dagbag.py:538} INFO - Filling up the DagBag from /home/airflow/.local/lib/python3.7/site-packages/airflow/example_dags/example_xcom.py
[2023-03-08T00:07:05.511+0000] {processor.py:753} INFO - DAG(s) dict_keys(['example_xcom']) retrieved from /home/airflow/.local/lib/python3.7/site-packages/airflow/example_dags/example_xcom.py
[2023-03-08T00:07:05.591+0000] {logging_mixin.py:137} INFO - [2023-03-08T00:07:05.590+0000] {dag.py:2690} INFO - Sync 1 DAGs
[2023-03-08T00:07:05.676+0000] {logging_mixin.py:137} INFO - [2023-03-08T00:07:05.675+0000] {dag.py:3441} INFO - Setting next_dagrun for example_xcom to 2021-01-01T00:00:00+00:00, run_after=2021-01-01T00:00:00+00:00
[2023-03-08T00:07:05.744+0000] {processor.py:175} INFO - Processing /home/airflow/.local/lib/python3.7/site-packages/airflow/example_dags/example_xcom.py took 0.339 seconds
[2023-03-08T00:07:42.173+0000] {processor.py:153} INFO - Started process (PID=3212) to work on /home/airflow/.local/lib/python3.7/site-packages/airflow/example_dags/example_xcom.py
[2023-03-08T00:07:42.181+0000] {processor.py:743} INFO - Processing file /home/airflow/.local/lib/python3.7/site-packages/airflow/example_dags/example_xcom.py for tasks to queue
[2023-03-08T00:07:42.186+0000] {logging_mixin.py:137} INFO - [2023-03-08T00:07:42.185+0000] {dagbag.py:538} INFO - Filling up the DagBag from /home/airflow/.local/lib/python3.7/site-packages/airflow/example_dags/example_xcom.py
[2023-03-08T00:07:42.284+0000] {processor.py:753} INFO - DAG(s) dict_keys(['example_xcom']) retrieved from /home/airflow/.local/lib/python3.7/site-packages/airflow/example_dags/example_xcom.py
[2023-03-08T00:07:42.422+0000] {logging_mixin.py:137} INFO - [2023-03-08T00:07:42.421+0000] {dag.py:2690} INFO - Sync 1 DAGs
[2023-03-08T00:07:42.554+0000] {logging_mixin.py:137} INFO - [2023-03-08T00:07:42.553+0000] {dag.py:3441} INFO - Setting next_dagrun for example_xcom to 2021-01-01T00:00:00+00:00, run_after=2021-01-01T00:00:00+00:00
[2023-03-08T00:07:42.680+0000] {processor.py:175} INFO - Processing /home/airflow/.local/lib/python3.7/site-packages/airflow/example_dags/example_xcom.py took 0.528 seconds
[2023-03-08T00:08:15.500+0000] {processor.py:153} INFO - Started process (PID=3283) to work on /home/airflow/.local/lib/python3.7/site-packages/airflow/example_dags/example_xcom.py
[2023-03-08T00:08:15.525+0000] {processor.py:743} INFO - Processing file /home/airflow/.local/lib/python3.7/site-packages/airflow/example_dags/example_xcom.py for tasks to queue
[2023-03-08T00:08:15.533+0000] {logging_mixin.py:137} INFO - [2023-03-08T00:08:15.532+0000] {dagbag.py:538} INFO - Filling up the DagBag from /home/airflow/.local/lib/python3.7/site-packages/airflow/example_dags/example_xcom.py
[2023-03-08T00:08:15.669+0000] {processor.py:753} INFO - DAG(s) dict_keys(['example_xcom']) retrieved from /home/airflow/.local/lib/python3.7/site-packages/airflow/example_dags/example_xcom.py
[2023-03-08T00:08:15.835+0000] {logging_mixin.py:137} INFO - [2023-03-08T00:08:15.834+0000] {dag.py:2690} INFO - Sync 1 DAGs
[2023-03-08T00:08:15.986+0000] {logging_mixin.py:137} INFO - [2023-03-08T00:08:15.986+0000] {dag.py:3441} INFO - Setting next_dagrun for example_xcom to 2021-01-01T00:00:00+00:00, run_after=2021-01-01T00:00:00+00:00
[2023-03-08T00:08:16.135+0000] {processor.py:175} INFO - Processing /home/airflow/.local/lib/python3.7/site-packages/airflow/example_dags/example_xcom.py took 0.664 seconds
[2023-03-08T00:08:52.033+0000] {processor.py:153} INFO - Started process (PID=3356) to work on /home/airflow/.local/lib/python3.7/site-packages/airflow/example_dags/example_xcom.py
[2023-03-08T00:08:52.041+0000] {processor.py:743} INFO - Processing file /home/airflow/.local/lib/python3.7/site-packages/airflow/example_dags/example_xcom.py for tasks to queue
[2023-03-08T00:08:52.045+0000] {logging_mixin.py:137} INFO - [2023-03-08T00:08:52.044+0000] {dagbag.py:538} INFO - Filling up the DagBag from /home/airflow/.local/lib/python3.7/site-packages/airflow/example_dags/example_xcom.py
[2023-03-08T00:08:52.135+0000] {processor.py:753} INFO - DAG(s) dict_keys(['example_xcom']) retrieved from /home/airflow/.local/lib/python3.7/site-packages/airflow/example_dags/example_xcom.py
[2023-03-08T00:08:52.232+0000] {logging_mixin.py:137} INFO - [2023-03-08T00:08:52.232+0000] {dag.py:2690} INFO - Sync 1 DAGs
[2023-03-08T00:08:52.342+0000] {logging_mixin.py:137} INFO - [2023-03-08T00:08:52.342+0000] {dag.py:3441} INFO - Setting next_dagrun for example_xcom to 2021-01-01T00:00:00+00:00, run_after=2021-01-01T00:00:00+00:00
[2023-03-08T00:08:52.549+0000] {processor.py:175} INFO - Processing /home/airflow/.local/lib/python3.7/site-packages/airflow/example_dags/example_xcom.py took 0.539 seconds
[2023-03-08T00:09:28.890+0000] {processor.py:153} INFO - Started process (PID=3424) to work on /home/airflow/.local/lib/python3.7/site-packages/airflow/example_dags/example_xcom.py
[2023-03-08T00:09:28.898+0000] {processor.py:743} INFO - Processing file /home/airflow/.local/lib/python3.7/site-packages/airflow/example_dags/example_xcom.py for tasks to queue
[2023-03-08T00:09:28.904+0000] {logging_mixin.py:137} INFO - [2023-03-08T00:09:28.904+0000] {dagbag.py:538} INFO - Filling up the DagBag from /home/airflow/.local/lib/python3.7/site-packages/airflow/example_dags/example_xcom.py
[2023-03-08T00:09:28.985+0000] {processor.py:753} INFO - DAG(s) dict_keys(['example_xcom']) retrieved from /home/airflow/.local/lib/python3.7/site-packages/airflow/example_dags/example_xcom.py
[2023-03-08T00:09:29.103+0000] {logging_mixin.py:137} INFO - [2023-03-08T00:09:29.102+0000] {dag.py:2690} INFO - Sync 1 DAGs
[2023-03-08T00:09:29.227+0000] {logging_mixin.py:137} INFO - [2023-03-08T00:09:29.226+0000] {dag.py:3441} INFO - Setting next_dagrun for example_xcom to 2021-01-01T00:00:00+00:00, run_after=2021-01-01T00:00:00+00:00
[2023-03-08T00:09:29.303+0000] {processor.py:175} INFO - Processing /home/airflow/.local/lib/python3.7/site-packages/airflow/example_dags/example_xcom.py took 0.431 seconds
[2023-03-08T00:09:59.649+0000] {processor.py:153} INFO - Started process (PID=3484) to work on /home/airflow/.local/lib/python3.7/site-packages/airflow/example_dags/example_xcom.py
[2023-03-08T00:09:59.660+0000] {processor.py:743} INFO - Processing file /home/airflow/.local/lib/python3.7/site-packages/airflow/example_dags/example_xcom.py for tasks to queue
[2023-03-08T00:09:59.670+0000] {logging_mixin.py:137} INFO - [2023-03-08T00:09:59.670+0000] {dagbag.py:538} INFO - Filling up the DagBag from /home/airflow/.local/lib/python3.7/site-packages/airflow/example_dags/example_xcom.py
[2023-03-08T00:09:59.768+0000] {processor.py:753} INFO - DAG(s) dict_keys(['example_xcom']) retrieved from /home/airflow/.local/lib/python3.7/site-packages/airflow/example_dags/example_xcom.py
[2023-03-08T00:09:59.887+0000] {logging_mixin.py:137} INFO - [2023-03-08T00:09:59.886+0000] {dag.py:2690} INFO - Sync 1 DAGs
[2023-03-08T00:09:59.975+0000] {logging_mixin.py:137} INFO - [2023-03-08T00:09:59.975+0000] {dag.py:3441} INFO - Setting next_dagrun for example_xcom to 2021-01-01T00:00:00+00:00, run_after=2021-01-01T00:00:00+00:00
[2023-03-08T00:10:00.052+0000] {processor.py:175} INFO - Processing /home/airflow/.local/lib/python3.7/site-packages/airflow/example_dags/example_xcom.py took 0.421 seconds
[2023-03-08T00:10:30.552+0000] {processor.py:153} INFO - Started process (PID=3554) to work on /home/airflow/.local/lib/python3.7/site-packages/airflow/example_dags/example_xcom.py
[2023-03-08T00:10:30.560+0000] {processor.py:743} INFO - Processing file /home/airflow/.local/lib/python3.7/site-packages/airflow/example_dags/example_xcom.py for tasks to queue
[2023-03-08T00:10:30.569+0000] {logging_mixin.py:137} INFO - [2023-03-08T00:10:30.565+0000] {dagbag.py:538} INFO - Filling up the DagBag from /home/airflow/.local/lib/python3.7/site-packages/airflow/example_dags/example_xcom.py
[2023-03-08T00:10:30.654+0000] {processor.py:753} INFO - DAG(s) dict_keys(['example_xcom']) retrieved from /home/airflow/.local/lib/python3.7/site-packages/airflow/example_dags/example_xcom.py
[2023-03-08T00:10:30.727+0000] {logging_mixin.py:137} INFO - [2023-03-08T00:10:30.727+0000] {dag.py:2690} INFO - Sync 1 DAGs
[2023-03-08T00:10:30.791+0000] {logging_mixin.py:137} INFO - [2023-03-08T00:10:30.791+0000] {dag.py:3441} INFO - Setting next_dagrun for example_xcom to 2021-01-01T00:00:00+00:00, run_after=2021-01-01T00:00:00+00:00
[2023-03-08T00:10:30.847+0000] {processor.py:175} INFO - Processing /home/airflow/.local/lib/python3.7/site-packages/airflow/example_dags/example_xcom.py took 0.305 seconds
[2023-03-08T00:11:01.521+0000] {processor.py:153} INFO - Started process (PID=3626) to work on /home/airflow/.local/lib/python3.7/site-packages/airflow/example_dags/example_xcom.py
[2023-03-08T00:11:01.534+0000] {processor.py:743} INFO - Processing file /home/airflow/.local/lib/python3.7/site-packages/airflow/example_dags/example_xcom.py for tasks to queue
[2023-03-08T00:11:01.538+0000] {logging_mixin.py:137} INFO - [2023-03-08T00:11:01.537+0000] {dagbag.py:538} INFO - Filling up the DagBag from /home/airflow/.local/lib/python3.7/site-packages/airflow/example_dags/example_xcom.py
[2023-03-08T00:11:01.636+0000] {processor.py:753} INFO - DAG(s) dict_keys(['example_xcom']) retrieved from /home/airflow/.local/lib/python3.7/site-packages/airflow/example_dags/example_xcom.py
[2023-03-08T00:11:01.722+0000] {logging_mixin.py:137} INFO - [2023-03-08T00:11:01.721+0000] {dag.py:2690} INFO - Sync 1 DAGs
[2023-03-08T00:11:01.807+0000] {logging_mixin.py:137} INFO - [2023-03-08T00:11:01.806+0000] {dag.py:3441} INFO - Setting next_dagrun for example_xcom to 2021-01-01T00:00:00+00:00, run_after=2021-01-01T00:00:00+00:00
[2023-03-08T00:11:01.878+0000] {processor.py:175} INFO - Processing /home/airflow/.local/lib/python3.7/site-packages/airflow/example_dags/example_xcom.py took 0.372 seconds
[2023-03-08T00:11:32.050+0000] {processor.py:153} INFO - Started process (PID=3695) to work on /home/airflow/.local/lib/python3.7/site-packages/airflow/example_dags/example_xcom.py
[2023-03-08T00:11:32.054+0000] {processor.py:743} INFO - Processing file /home/airflow/.local/lib/python3.7/site-packages/airflow/example_dags/example_xcom.py for tasks to queue
[2023-03-08T00:11:32.057+0000] {logging_mixin.py:137} INFO - [2023-03-08T00:11:32.056+0000] {dagbag.py:538} INFO - Filling up the DagBag from /home/airflow/.local/lib/python3.7/site-packages/airflow/example_dags/example_xcom.py
[2023-03-08T00:11:32.121+0000] {processor.py:753} INFO - DAG(s) dict_keys(['example_xcom']) retrieved from /home/airflow/.local/lib/python3.7/site-packages/airflow/example_dags/example_xcom.py
[2023-03-08T00:11:32.235+0000] {logging_mixin.py:137} INFO - [2023-03-08T00:11:32.234+0000] {dag.py:2690} INFO - Sync 1 DAGs
[2023-03-08T00:11:32.421+0000] {logging_mixin.py:137} INFO - [2023-03-08T00:11:32.420+0000] {dag.py:3441} INFO - Setting next_dagrun for example_xcom to 2021-01-01T00:00:00+00:00, run_after=2021-01-01T00:00:00+00:00
[2023-03-08T00:11:32.485+0000] {processor.py:175} INFO - Processing /home/airflow/.local/lib/python3.7/site-packages/airflow/example_dags/example_xcom.py took 0.447 seconds
[2023-03-08T00:12:02.724+0000] {processor.py:153} INFO - Started process (PID=3766) to work on /home/airflow/.local/lib/python3.7/site-packages/airflow/example_dags/example_xcom.py
[2023-03-08T00:12:02.730+0000] {processor.py:743} INFO - Processing file /home/airflow/.local/lib/python3.7/site-packages/airflow/example_dags/example_xcom.py for tasks to queue
[2023-03-08T00:12:02.734+0000] {logging_mixin.py:137} INFO - [2023-03-08T00:12:02.734+0000] {dagbag.py:538} INFO - Filling up the DagBag from /home/airflow/.local/lib/python3.7/site-packages/airflow/example_dags/example_xcom.py
[2023-03-08T00:12:02.850+0000] {processor.py:753} INFO - DAG(s) dict_keys(['example_xcom']) retrieved from /home/airflow/.local/lib/python3.7/site-packages/airflow/example_dags/example_xcom.py
[2023-03-08T00:12:02.911+0000] {logging_mixin.py:137} INFO - [2023-03-08T00:12:02.910+0000] {dag.py:2690} INFO - Sync 1 DAGs
[2023-03-08T00:12:02.962+0000] {logging_mixin.py:137} INFO - [2023-03-08T00:12:02.961+0000] {dag.py:3441} INFO - Setting next_dagrun for example_xcom to 2021-01-01T00:00:00+00:00, run_after=2021-01-01T00:00:00+00:00
[2023-03-08T00:12:03.000+0000] {processor.py:175} INFO - Processing /home/airflow/.local/lib/python3.7/site-packages/airflow/example_dags/example_xcom.py took 0.291 seconds
[2023-03-08T00:12:33.275+0000] {processor.py:153} INFO - Started process (PID=3837) to work on /home/airflow/.local/lib/python3.7/site-packages/airflow/example_dags/example_xcom.py
[2023-03-08T00:12:33.278+0000] {processor.py:743} INFO - Processing file /home/airflow/.local/lib/python3.7/site-packages/airflow/example_dags/example_xcom.py for tasks to queue
[2023-03-08T00:12:33.282+0000] {logging_mixin.py:137} INFO - [2023-03-08T00:12:33.281+0000] {dagbag.py:538} INFO - Filling up the DagBag from /home/airflow/.local/lib/python3.7/site-packages/airflow/example_dags/example_xcom.py
[2023-03-08T00:12:33.351+0000] {processor.py:753} INFO - DAG(s) dict_keys(['example_xcom']) retrieved from /home/airflow/.local/lib/python3.7/site-packages/airflow/example_dags/example_xcom.py
[2023-03-08T00:12:33.418+0000] {logging_mixin.py:137} INFO - [2023-03-08T00:12:33.418+0000] {dag.py:2690} INFO - Sync 1 DAGs
[2023-03-08T00:12:33.482+0000] {logging_mixin.py:137} INFO - [2023-03-08T00:12:33.481+0000] {dag.py:3441} INFO - Setting next_dagrun for example_xcom to 2021-01-01T00:00:00+00:00, run_after=2021-01-01T00:00:00+00:00
[2023-03-08T00:12:33.523+0000] {processor.py:175} INFO - Processing /home/airflow/.local/lib/python3.7/site-packages/airflow/example_dags/example_xcom.py took 0.256 seconds
