[2023-03-08T00:00:30.878+0000] {processor.py:153} INFO - Started process (PID=2296) to work on /home/airflow/.local/lib/python3.7/site-packages/airflow/example_dags/example_datasets.py
[2023-03-08T00:00:30.888+0000] {processor.py:743} INFO - Processing file /home/airflow/.local/lib/python3.7/site-packages/airflow/example_dags/example_datasets.py for tasks to queue
[2023-03-08T00:00:30.898+0000] {logging_mixin.py:137} INFO - [2023-03-08T00:00:30.896+0000] {dagbag.py:538} INFO - Filling up the DagBag from /home/airflow/.local/lib/python3.7/site-packages/airflow/example_dags/example_datasets.py
[2023-03-08T00:00:30.980+0000] {processor.py:753} INFO - DAG(s) dict_keys(['dataset_produces_1', 'dataset_consumes_1', 'dataset_consumes_1_never_scheduled', 'dataset_consumes_1_and_2', 'dataset_consumes_unknown_never_scheduled', 'dataset_produces_2']) retrieved from /home/airflow/.local/lib/python3.7/site-packages/airflow/example_dags/example_datasets.py
[2023-03-08T00:00:31.123+0000] {logging_mixin.py:137} INFO - [2023-03-08T00:00:31.122+0000] {dag.py:2690} INFO - Sync 6 DAGs
[2023-03-08T00:00:31.301+0000] {logging_mixin.py:137} INFO - [2023-03-08T00:00:31.301+0000] {dag.py:3441} INFO - Setting next_dagrun for dataset_consumes_1 to None, run_after=None
[2023-03-08T00:00:31.327+0000] {logging_mixin.py:137} INFO - [2023-03-08T00:00:31.327+0000] {dag.py:3441} INFO - Setting next_dagrun for dataset_consumes_1_and_2 to None, run_after=None
[2023-03-08T00:00:31.340+0000] {logging_mixin.py:137} INFO - [2023-03-08T00:00:31.339+0000] {dag.py:3441} INFO - Setting next_dagrun for dataset_consumes_1_never_scheduled to None, run_after=None
[2023-03-08T00:00:31.346+0000] {logging_mixin.py:137} INFO - [2023-03-08T00:00:31.346+0000] {dag.py:3441} INFO - Setting next_dagrun for dataset_consumes_unknown_never_scheduled to None, run_after=None
[2023-03-08T00:00:31.361+0000] {logging_mixin.py:137} INFO - [2023-03-08T00:00:31.360+0000] {dag.py:3441} INFO - Setting next_dagrun for dataset_produces_1 to 2023-03-07T00:00:00+00:00, run_after=2023-03-08T00:00:00+00:00
[2023-03-08T00:00:31.373+0000] {logging_mixin.py:137} INFO - [2023-03-08T00:00:31.372+0000] {dag.py:3441} INFO - Setting next_dagrun for dataset_produces_2 to None, run_after=None
[2023-03-08T00:00:31.542+0000] {processor.py:175} INFO - Processing /home/airflow/.local/lib/python3.7/site-packages/airflow/example_dags/example_datasets.py took 0.690 seconds
[2023-03-08T00:01:03.156+0000] {processor.py:153} INFO - Started process (PID=2365) to work on /home/airflow/.local/lib/python3.7/site-packages/airflow/example_dags/example_datasets.py
[2023-03-08T00:01:03.167+0000] {processor.py:743} INFO - Processing file /home/airflow/.local/lib/python3.7/site-packages/airflow/example_dags/example_datasets.py for tasks to queue
[2023-03-08T00:01:03.177+0000] {logging_mixin.py:137} INFO - [2023-03-08T00:01:03.175+0000] {dagbag.py:538} INFO - Filling up the DagBag from /home/airflow/.local/lib/python3.7/site-packages/airflow/example_dags/example_datasets.py
[2023-03-08T00:01:03.329+0000] {processor.py:753} INFO - DAG(s) dict_keys(['dataset_consumes_1_and_2', 'dataset_consumes_1_never_scheduled', 'dataset_consumes_1', 'dataset_consumes_unknown_never_scheduled', 'dataset_produces_2', 'dataset_produces_1']) retrieved from /home/airflow/.local/lib/python3.7/site-packages/airflow/example_dags/example_datasets.py
[2023-03-08T00:01:03.542+0000] {logging_mixin.py:137} INFO - [2023-03-08T00:01:03.541+0000] {dag.py:2690} INFO - Sync 6 DAGs
[2023-03-08T00:01:03.641+0000] {logging_mixin.py:137} INFO - [2023-03-08T00:01:03.641+0000] {dag.py:3441} INFO - Setting next_dagrun for dataset_consumes_1 to None, run_after=None
[2023-03-08T00:01:03.660+0000] {logging_mixin.py:137} INFO - [2023-03-08T00:01:03.659+0000] {dag.py:3441} INFO - Setting next_dagrun for dataset_consumes_1_and_2 to None, run_after=None
[2023-03-08T00:01:03.672+0000] {logging_mixin.py:137} INFO - [2023-03-08T00:01:03.671+0000] {dag.py:3441} INFO - Setting next_dagrun for dataset_consumes_1_never_scheduled to None, run_after=None
[2023-03-08T00:01:03.681+0000] {logging_mixin.py:137} INFO - [2023-03-08T00:01:03.680+0000] {dag.py:3441} INFO - Setting next_dagrun for dataset_consumes_unknown_never_scheduled to None, run_after=None
[2023-03-08T00:01:03.700+0000] {logging_mixin.py:137} INFO - [2023-03-08T00:01:03.699+0000] {dag.py:3441} INFO - Setting next_dagrun for dataset_produces_1 to 2023-03-07T00:00:00+00:00, run_after=2023-03-08T00:00:00+00:00
[2023-03-08T00:01:03.708+0000] {logging_mixin.py:137} INFO - [2023-03-08T00:01:03.707+0000] {dag.py:3441} INFO - Setting next_dagrun for dataset_produces_2 to None, run_after=None
[2023-03-08T00:01:03.841+0000] {processor.py:175} INFO - Processing /home/airflow/.local/lib/python3.7/site-packages/airflow/example_dags/example_datasets.py took 0.719 seconds
[2023-03-08T00:01:34.337+0000] {processor.py:153} INFO - Started process (PID=2433) to work on /home/airflow/.local/lib/python3.7/site-packages/airflow/example_dags/example_datasets.py
[2023-03-08T00:01:34.344+0000] {processor.py:743} INFO - Processing file /home/airflow/.local/lib/python3.7/site-packages/airflow/example_dags/example_datasets.py for tasks to queue
[2023-03-08T00:01:34.361+0000] {logging_mixin.py:137} INFO - [2023-03-08T00:01:34.360+0000] {dagbag.py:538} INFO - Filling up the DagBag from /home/airflow/.local/lib/python3.7/site-packages/airflow/example_dags/example_datasets.py
[2023-03-08T00:01:34.457+0000] {processor.py:753} INFO - DAG(s) dict_keys(['dataset_consumes_unknown_never_scheduled', 'dataset_consumes_1_never_scheduled', 'dataset_produces_1', 'dataset_consumes_1', 'dataset_produces_2', 'dataset_consumes_1_and_2']) retrieved from /home/airflow/.local/lib/python3.7/site-packages/airflow/example_dags/example_datasets.py
[2023-03-08T00:01:34.742+0000] {logging_mixin.py:137} INFO - [2023-03-08T00:01:34.741+0000] {dag.py:2690} INFO - Sync 6 DAGs
[2023-03-08T00:01:34.914+0000] {logging_mixin.py:137} INFO - [2023-03-08T00:01:34.913+0000] {dag.py:3441} INFO - Setting next_dagrun for dataset_consumes_1 to None, run_after=None
[2023-03-08T00:01:34.938+0000] {logging_mixin.py:137} INFO - [2023-03-08T00:01:34.938+0000] {dag.py:3441} INFO - Setting next_dagrun for dataset_consumes_1_and_2 to None, run_after=None
[2023-03-08T00:01:34.948+0000] {logging_mixin.py:137} INFO - [2023-03-08T00:01:34.946+0000] {dag.py:3441} INFO - Setting next_dagrun for dataset_consumes_1_never_scheduled to None, run_after=None
[2023-03-08T00:01:34.956+0000] {logging_mixin.py:137} INFO - [2023-03-08T00:01:34.956+0000] {dag.py:3441} INFO - Setting next_dagrun for dataset_consumes_unknown_never_scheduled to None, run_after=None
[2023-03-08T00:01:34.978+0000] {logging_mixin.py:137} INFO - [2023-03-08T00:01:34.977+0000] {dag.py:3441} INFO - Setting next_dagrun for dataset_produces_1 to 2023-03-07T00:00:00+00:00, run_after=2023-03-08T00:00:00+00:00
[2023-03-08T00:01:34.990+0000] {logging_mixin.py:137} INFO - [2023-03-08T00:01:34.990+0000] {dag.py:3441} INFO - Setting next_dagrun for dataset_produces_2 to None, run_after=None
[2023-03-08T00:01:35.265+0000] {processor.py:175} INFO - Processing /home/airflow/.local/lib/python3.7/site-packages/airflow/example_dags/example_datasets.py took 0.942 seconds
[2023-03-08T00:02:14.019+0000] {processor.py:153} INFO - Started process (PID=2503) to work on /home/airflow/.local/lib/python3.7/site-packages/airflow/example_dags/example_datasets.py
[2023-03-08T00:02:14.028+0000] {processor.py:743} INFO - Processing file /home/airflow/.local/lib/python3.7/site-packages/airflow/example_dags/example_datasets.py for tasks to queue
[2023-03-08T00:02:14.044+0000] {logging_mixin.py:137} INFO - [2023-03-08T00:02:14.043+0000] {dagbag.py:538} INFO - Filling up the DagBag from /home/airflow/.local/lib/python3.7/site-packages/airflow/example_dags/example_datasets.py
[2023-03-08T00:02:14.393+0000] {processor.py:753} INFO - DAG(s) dict_keys(['dataset_consumes_1', 'dataset_consumes_1_never_scheduled', 'dataset_consumes_1_and_2', 'dataset_consumes_unknown_never_scheduled', 'dataset_produces_2', 'dataset_produces_1']) retrieved from /home/airflow/.local/lib/python3.7/site-packages/airflow/example_dags/example_datasets.py
[2023-03-08T00:02:15.021+0000] {logging_mixin.py:137} INFO - [2023-03-08T00:02:15.020+0000] {dag.py:2690} INFO - Sync 6 DAGs
[2023-03-08T00:02:15.448+0000] {logging_mixin.py:137} INFO - [2023-03-08T00:02:15.448+0000] {dag.py:3441} INFO - Setting next_dagrun for dataset_consumes_1 to None, run_after=None
[2023-03-08T00:02:15.575+0000] {logging_mixin.py:137} INFO - [2023-03-08T00:02:15.570+0000] {dag.py:3441} INFO - Setting next_dagrun for dataset_consumes_1_and_2 to None, run_after=None
[2023-03-08T00:02:15.601+0000] {logging_mixin.py:137} INFO - [2023-03-08T00:02:15.601+0000] {dag.py:3441} INFO - Setting next_dagrun for dataset_consumes_1_never_scheduled to None, run_after=None
[2023-03-08T00:02:15.614+0000] {logging_mixin.py:137} INFO - [2023-03-08T00:02:15.614+0000] {dag.py:3441} INFO - Setting next_dagrun for dataset_consumes_unknown_never_scheduled to None, run_after=None
[2023-03-08T00:02:15.649+0000] {logging_mixin.py:137} INFO - [2023-03-08T00:02:15.648+0000] {dag.py:3441} INFO - Setting next_dagrun for dataset_produces_1 to 2023-03-07T00:00:00+00:00, run_after=2023-03-08T00:00:00+00:00
[2023-03-08T00:02:15.685+0000] {logging_mixin.py:137} INFO - [2023-03-08T00:02:15.685+0000] {dag.py:3441} INFO - Setting next_dagrun for dataset_produces_2 to None, run_after=None
[2023-03-08T00:02:16.007+0000] {processor.py:175} INFO - Processing /home/airflow/.local/lib/python3.7/site-packages/airflow/example_dags/example_datasets.py took 2.066 seconds
[2023-03-08T00:02:50.683+0000] {processor.py:153} INFO - Started process (PID=2566) to work on /home/airflow/.local/lib/python3.7/site-packages/airflow/example_dags/example_datasets.py
[2023-03-08T00:02:50.700+0000] {processor.py:743} INFO - Processing file /home/airflow/.local/lib/python3.7/site-packages/airflow/example_dags/example_datasets.py for tasks to queue
[2023-03-08T00:02:50.703+0000] {logging_mixin.py:137} INFO - [2023-03-08T00:02:50.703+0000] {dagbag.py:538} INFO - Filling up the DagBag from /home/airflow/.local/lib/python3.7/site-packages/airflow/example_dags/example_datasets.py
[2023-03-08T00:02:50.800+0000] {processor.py:753} INFO - DAG(s) dict_keys(['dataset_consumes_1_and_2', 'dataset_consumes_1_never_scheduled', 'dataset_produces_2', 'dataset_consumes_1', 'dataset_produces_1', 'dataset_consumes_unknown_never_scheduled']) retrieved from /home/airflow/.local/lib/python3.7/site-packages/airflow/example_dags/example_datasets.py
[2023-03-08T00:02:51.090+0000] {logging_mixin.py:137} INFO - [2023-03-08T00:02:51.090+0000] {dag.py:2690} INFO - Sync 6 DAGs
[2023-03-08T00:02:51.475+0000] {logging_mixin.py:137} INFO - [2023-03-08T00:02:51.474+0000] {dag.py:3441} INFO - Setting next_dagrun for dataset_consumes_1 to None, run_after=None
[2023-03-08T00:02:51.502+0000] {logging_mixin.py:137} INFO - [2023-03-08T00:02:51.501+0000] {dag.py:3441} INFO - Setting next_dagrun for dataset_consumes_1_and_2 to None, run_after=None
[2023-03-08T00:02:51.507+0000] {logging_mixin.py:137} INFO - [2023-03-08T00:02:51.507+0000] {dag.py:3441} INFO - Setting next_dagrun for dataset_consumes_1_never_scheduled to None, run_after=None
[2023-03-08T00:02:51.512+0000] {logging_mixin.py:137} INFO - [2023-03-08T00:02:51.512+0000] {dag.py:3441} INFO - Setting next_dagrun for dataset_consumes_unknown_never_scheduled to None, run_after=None
[2023-03-08T00:02:51.525+0000] {logging_mixin.py:137} INFO - [2023-03-08T00:02:51.525+0000] {dag.py:3441} INFO - Setting next_dagrun for dataset_produces_1 to 2023-03-07T00:00:00+00:00, run_after=2023-03-08T00:00:00+00:00
[2023-03-08T00:02:51.547+0000] {logging_mixin.py:137} INFO - [2023-03-08T00:02:51.546+0000] {dag.py:3441} INFO - Setting next_dagrun for dataset_produces_2 to None, run_after=None
[2023-03-08T00:02:51.734+0000] {processor.py:175} INFO - Processing /home/airflow/.local/lib/python3.7/site-packages/airflow/example_dags/example_datasets.py took 1.076 seconds
[2023-03-08T00:03:23.744+0000] {processor.py:153} INFO - Started process (PID=2637) to work on /home/airflow/.local/lib/python3.7/site-packages/airflow/example_dags/example_datasets.py
[2023-03-08T00:03:23.755+0000] {processor.py:743} INFO - Processing file /home/airflow/.local/lib/python3.7/site-packages/airflow/example_dags/example_datasets.py for tasks to queue
[2023-03-08T00:03:23.762+0000] {logging_mixin.py:137} INFO - [2023-03-08T00:03:23.760+0000] {dagbag.py:538} INFO - Filling up the DagBag from /home/airflow/.local/lib/python3.7/site-packages/airflow/example_dags/example_datasets.py
[2023-03-08T00:03:23.875+0000] {processor.py:753} INFO - DAG(s) dict_keys(['dataset_consumes_1_and_2', 'dataset_produces_2', 'dataset_consumes_1_never_scheduled', 'dataset_produces_1', 'dataset_consumes_unknown_never_scheduled', 'dataset_consumes_1']) retrieved from /home/airflow/.local/lib/python3.7/site-packages/airflow/example_dags/example_datasets.py
[2023-03-08T00:03:24.132+0000] {logging_mixin.py:137} INFO - [2023-03-08T00:03:24.131+0000] {dag.py:2690} INFO - Sync 6 DAGs
[2023-03-08T00:03:24.285+0000] {logging_mixin.py:137} INFO - [2023-03-08T00:03:24.285+0000] {dag.py:3441} INFO - Setting next_dagrun for dataset_consumes_1 to None, run_after=None
[2023-03-08T00:03:24.318+0000] {logging_mixin.py:137} INFO - [2023-03-08T00:03:24.317+0000] {dag.py:3441} INFO - Setting next_dagrun for dataset_consumes_1_and_2 to None, run_after=None
[2023-03-08T00:03:24.332+0000] {logging_mixin.py:137} INFO - [2023-03-08T00:03:24.332+0000] {dag.py:3441} INFO - Setting next_dagrun for dataset_consumes_1_never_scheduled to None, run_after=None
[2023-03-08T00:03:24.337+0000] {logging_mixin.py:137} INFO - [2023-03-08T00:03:24.336+0000] {dag.py:3441} INFO - Setting next_dagrun for dataset_consumes_unknown_never_scheduled to None, run_after=None
[2023-03-08T00:03:24.347+0000] {logging_mixin.py:137} INFO - [2023-03-08T00:03:24.347+0000] {dag.py:3441} INFO - Setting next_dagrun for dataset_produces_1 to 2023-03-07T00:00:00+00:00, run_after=2023-03-08T00:00:00+00:00
[2023-03-08T00:03:24.355+0000] {logging_mixin.py:137} INFO - [2023-03-08T00:03:24.354+0000] {dag.py:3441} INFO - Setting next_dagrun for dataset_produces_2 to None, run_after=None
[2023-03-08T00:03:24.469+0000] {processor.py:175} INFO - Processing /home/airflow/.local/lib/python3.7/site-packages/airflow/example_dags/example_datasets.py took 0.756 seconds
[2023-03-08T00:03:55.463+0000] {processor.py:153} INFO - Started process (PID=2707) to work on /home/airflow/.local/lib/python3.7/site-packages/airflow/example_dags/example_datasets.py
[2023-03-08T00:03:55.468+0000] {processor.py:743} INFO - Processing file /home/airflow/.local/lib/python3.7/site-packages/airflow/example_dags/example_datasets.py for tasks to queue
[2023-03-08T00:03:55.473+0000] {logging_mixin.py:137} INFO - [2023-03-08T00:03:55.472+0000] {dagbag.py:538} INFO - Filling up the DagBag from /home/airflow/.local/lib/python3.7/site-packages/airflow/example_dags/example_datasets.py
[2023-03-08T00:03:55.528+0000] {processor.py:753} INFO - DAG(s) dict_keys(['dataset_produces_1', 'dataset_consumes_unknown_never_scheduled', 'dataset_consumes_1_never_scheduled', 'dataset_consumes_1_and_2', 'dataset_produces_2', 'dataset_consumes_1']) retrieved from /home/airflow/.local/lib/python3.7/site-packages/airflow/example_dags/example_datasets.py
[2023-03-08T00:03:55.650+0000] {logging_mixin.py:137} INFO - [2023-03-08T00:03:55.649+0000] {dag.py:2690} INFO - Sync 6 DAGs
[2023-03-08T00:03:55.735+0000] {logging_mixin.py:137} INFO - [2023-03-08T00:03:55.735+0000] {dag.py:3441} INFO - Setting next_dagrun for dataset_consumes_1 to None, run_after=None
[2023-03-08T00:03:55.753+0000] {logging_mixin.py:137} INFO - [2023-03-08T00:03:55.753+0000] {dag.py:3441} INFO - Setting next_dagrun for dataset_consumes_1_and_2 to None, run_after=None
[2023-03-08T00:03:55.760+0000] {logging_mixin.py:137} INFO - [2023-03-08T00:03:55.759+0000] {dag.py:3441} INFO - Setting next_dagrun for dataset_consumes_1_never_scheduled to None, run_after=None
[2023-03-08T00:03:55.766+0000] {logging_mixin.py:137} INFO - [2023-03-08T00:03:55.765+0000] {dag.py:3441} INFO - Setting next_dagrun for dataset_consumes_unknown_never_scheduled to None, run_after=None
[2023-03-08T00:03:55.781+0000] {logging_mixin.py:137} INFO - [2023-03-08T00:03:55.780+0000] {dag.py:3441} INFO - Setting next_dagrun for dataset_produces_1 to 2023-03-07T00:00:00+00:00, run_after=2023-03-08T00:00:00+00:00
[2023-03-08T00:03:55.788+0000] {logging_mixin.py:137} INFO - [2023-03-08T00:03:55.788+0000] {dag.py:3441} INFO - Setting next_dagrun for dataset_produces_2 to None, run_after=None
[2023-03-08T00:03:55.870+0000] {processor.py:175} INFO - Processing /home/airflow/.local/lib/python3.7/site-packages/airflow/example_dags/example_datasets.py took 0.419 seconds
[2023-03-08T00:04:26.065+0000] {processor.py:153} INFO - Started process (PID=2774) to work on /home/airflow/.local/lib/python3.7/site-packages/airflow/example_dags/example_datasets.py
[2023-03-08T00:04:26.068+0000] {processor.py:743} INFO - Processing file /home/airflow/.local/lib/python3.7/site-packages/airflow/example_dags/example_datasets.py for tasks to queue
[2023-03-08T00:04:26.079+0000] {logging_mixin.py:137} INFO - [2023-03-08T00:04:26.079+0000] {dagbag.py:538} INFO - Filling up the DagBag from /home/airflow/.local/lib/python3.7/site-packages/airflow/example_dags/example_datasets.py
[2023-03-08T00:04:26.116+0000] {processor.py:753} INFO - DAG(s) dict_keys(['dataset_consumes_unknown_never_scheduled', 'dataset_consumes_1_and_2', 'dataset_produces_1', 'dataset_produces_2', 'dataset_consumes_1', 'dataset_consumes_1_never_scheduled']) retrieved from /home/airflow/.local/lib/python3.7/site-packages/airflow/example_dags/example_datasets.py
[2023-03-08T00:04:26.227+0000] {logging_mixin.py:137} INFO - [2023-03-08T00:04:26.227+0000] {dag.py:2690} INFO - Sync 6 DAGs
[2023-03-08T00:04:26.315+0000] {logging_mixin.py:137} INFO - [2023-03-08T00:04:26.314+0000] {dag.py:3441} INFO - Setting next_dagrun for dataset_consumes_1 to None, run_after=None
[2023-03-08T00:04:26.330+0000] {logging_mixin.py:137} INFO - [2023-03-08T00:04:26.330+0000] {dag.py:3441} INFO - Setting next_dagrun for dataset_consumes_1_and_2 to None, run_after=None
[2023-03-08T00:04:26.338+0000] {logging_mixin.py:137} INFO - [2023-03-08T00:04:26.337+0000] {dag.py:3441} INFO - Setting next_dagrun for dataset_consumes_1_never_scheduled to None, run_after=None
[2023-03-08T00:04:26.346+0000] {logging_mixin.py:137} INFO - [2023-03-08T00:04:26.345+0000] {dag.py:3441} INFO - Setting next_dagrun for dataset_consumes_unknown_never_scheduled to None, run_after=None
[2023-03-08T00:04:26.357+0000] {logging_mixin.py:137} INFO - [2023-03-08T00:04:26.356+0000] {dag.py:3441} INFO - Setting next_dagrun for dataset_produces_1 to 2023-03-07T00:00:00+00:00, run_after=2023-03-08T00:00:00+00:00
[2023-03-08T00:04:26.366+0000] {logging_mixin.py:137} INFO - [2023-03-08T00:04:26.366+0000] {dag.py:3441} INFO - Setting next_dagrun for dataset_produces_2 to None, run_after=None
[2023-03-08T00:04:26.456+0000] {processor.py:175} INFO - Processing /home/airflow/.local/lib/python3.7/site-packages/airflow/example_dags/example_datasets.py took 0.403 seconds
[2023-03-08T00:04:56.567+0000] {processor.py:153} INFO - Started process (PID=2843) to work on /home/airflow/.local/lib/python3.7/site-packages/airflow/example_dags/example_datasets.py
[2023-03-08T00:04:56.573+0000] {processor.py:743} INFO - Processing file /home/airflow/.local/lib/python3.7/site-packages/airflow/example_dags/example_datasets.py for tasks to queue
[2023-03-08T00:04:56.580+0000] {logging_mixin.py:137} INFO - [2023-03-08T00:04:56.579+0000] {dagbag.py:538} INFO - Filling up the DagBag from /home/airflow/.local/lib/python3.7/site-packages/airflow/example_dags/example_datasets.py
[2023-03-08T00:04:56.641+0000] {processor.py:753} INFO - DAG(s) dict_keys(['dataset_consumes_1_and_2', 'dataset_consumes_1_never_scheduled', 'dataset_produces_1', 'dataset_produces_2', 'dataset_consumes_unknown_never_scheduled', 'dataset_consumes_1']) retrieved from /home/airflow/.local/lib/python3.7/site-packages/airflow/example_dags/example_datasets.py
[2023-03-08T00:04:56.831+0000] {logging_mixin.py:137} INFO - [2023-03-08T00:04:56.831+0000] {dag.py:2690} INFO - Sync 6 DAGs
[2023-03-08T00:04:56.924+0000] {logging_mixin.py:137} INFO - [2023-03-08T00:04:56.923+0000] {dag.py:3441} INFO - Setting next_dagrun for dataset_consumes_1 to None, run_after=None
[2023-03-08T00:04:56.949+0000] {logging_mixin.py:137} INFO - [2023-03-08T00:04:56.949+0000] {dag.py:3441} INFO - Setting next_dagrun for dataset_consumes_1_and_2 to None, run_after=None
[2023-03-08T00:04:56.964+0000] {logging_mixin.py:137} INFO - [2023-03-08T00:04:56.964+0000] {dag.py:3441} INFO - Setting next_dagrun for dataset_consumes_1_never_scheduled to None, run_after=None
[2023-03-08T00:04:56.971+0000] {logging_mixin.py:137} INFO - [2023-03-08T00:04:56.971+0000] {dag.py:3441} INFO - Setting next_dagrun for dataset_consumes_unknown_never_scheduled to None, run_after=None
[2023-03-08T00:04:56.991+0000] {logging_mixin.py:137} INFO - [2023-03-08T00:04:56.991+0000] {dag.py:3441} INFO - Setting next_dagrun for dataset_produces_1 to 2023-03-07T00:00:00+00:00, run_after=2023-03-08T00:00:00+00:00
[2023-03-08T00:04:57.001+0000] {logging_mixin.py:137} INFO - [2023-03-08T00:04:57.000+0000] {dag.py:3441} INFO - Setting next_dagrun for dataset_produces_2 to None, run_after=None
[2023-03-08T00:04:57.447+0000] {processor.py:175} INFO - Processing /home/airflow/.local/lib/python3.7/site-packages/airflow/example_dags/example_datasets.py took 0.896 seconds
[2023-03-08T00:05:27.894+0000] {processor.py:153} INFO - Started process (PID=2914) to work on /home/airflow/.local/lib/python3.7/site-packages/airflow/example_dags/example_datasets.py
[2023-03-08T00:05:27.899+0000] {processor.py:743} INFO - Processing file /home/airflow/.local/lib/python3.7/site-packages/airflow/example_dags/example_datasets.py for tasks to queue
[2023-03-08T00:05:27.904+0000] {logging_mixin.py:137} INFO - [2023-03-08T00:05:27.903+0000] {dagbag.py:538} INFO - Filling up the DagBag from /home/airflow/.local/lib/python3.7/site-packages/airflow/example_dags/example_datasets.py
[2023-03-08T00:05:27.953+0000] {processor.py:753} INFO - DAG(s) dict_keys(['dataset_consumes_unknown_never_scheduled', 'dataset_consumes_1_and_2', 'dataset_produces_2', 'dataset_consumes_1_never_scheduled', 'dataset_consumes_1', 'dataset_produces_1']) retrieved from /home/airflow/.local/lib/python3.7/site-packages/airflow/example_dags/example_datasets.py
[2023-03-08T00:05:28.060+0000] {logging_mixin.py:137} INFO - [2023-03-08T00:05:28.060+0000] {dag.py:2690} INFO - Sync 6 DAGs
[2023-03-08T00:05:28.138+0000] {logging_mixin.py:137} INFO - [2023-03-08T00:05:28.138+0000] {dag.py:3441} INFO - Setting next_dagrun for dataset_consumes_1 to None, run_after=None
[2023-03-08T00:05:28.150+0000] {logging_mixin.py:137} INFO - [2023-03-08T00:05:28.150+0000] {dag.py:3441} INFO - Setting next_dagrun for dataset_consumes_1_and_2 to None, run_after=None
[2023-03-08T00:05:28.155+0000] {logging_mixin.py:137} INFO - [2023-03-08T00:05:28.155+0000] {dag.py:3441} INFO - Setting next_dagrun for dataset_consumes_1_never_scheduled to None, run_after=None
[2023-03-08T00:05:28.160+0000] {logging_mixin.py:137} INFO - [2023-03-08T00:05:28.160+0000] {dag.py:3441} INFO - Setting next_dagrun for dataset_consumes_unknown_never_scheduled to None, run_after=None
[2023-03-08T00:05:28.169+0000] {logging_mixin.py:137} INFO - [2023-03-08T00:05:28.168+0000] {dag.py:3441} INFO - Setting next_dagrun for dataset_produces_1 to 2023-03-07T00:00:00+00:00, run_after=2023-03-08T00:00:00+00:00
[2023-03-08T00:05:28.174+0000] {logging_mixin.py:137} INFO - [2023-03-08T00:05:28.174+0000] {dag.py:3441} INFO - Setting next_dagrun for dataset_produces_2 to None, run_after=None
[2023-03-08T00:05:28.264+0000] {processor.py:175} INFO - Processing /home/airflow/.local/lib/python3.7/site-packages/airflow/example_dags/example_datasets.py took 0.380 seconds
[2023-03-08T00:05:58.477+0000] {processor.py:153} INFO - Started process (PID=2985) to work on /home/airflow/.local/lib/python3.7/site-packages/airflow/example_dags/example_datasets.py
[2023-03-08T00:05:58.480+0000] {processor.py:743} INFO - Processing file /home/airflow/.local/lib/python3.7/site-packages/airflow/example_dags/example_datasets.py for tasks to queue
[2023-03-08T00:05:58.484+0000] {logging_mixin.py:137} INFO - [2023-03-08T00:05:58.484+0000] {dagbag.py:538} INFO - Filling up the DagBag from /home/airflow/.local/lib/python3.7/site-packages/airflow/example_dags/example_datasets.py
[2023-03-08T00:05:58.519+0000] {processor.py:753} INFO - DAG(s) dict_keys(['dataset_consumes_1_never_scheduled', 'dataset_consumes_1_and_2', 'dataset_produces_2', 'dataset_consumes_unknown_never_scheduled', 'dataset_consumes_1', 'dataset_produces_1']) retrieved from /home/airflow/.local/lib/python3.7/site-packages/airflow/example_dags/example_datasets.py
[2023-03-08T00:05:58.608+0000] {logging_mixin.py:137} INFO - [2023-03-08T00:05:58.608+0000] {dag.py:2690} INFO - Sync 6 DAGs
[2023-03-08T00:05:58.679+0000] {logging_mixin.py:137} INFO - [2023-03-08T00:05:58.679+0000] {dag.py:3441} INFO - Setting next_dagrun for dataset_consumes_1 to None, run_after=None
[2023-03-08T00:05:58.689+0000] {logging_mixin.py:137} INFO - [2023-03-08T00:05:58.688+0000] {dag.py:3441} INFO - Setting next_dagrun for dataset_consumes_1_and_2 to None, run_after=None
[2023-03-08T00:05:58.694+0000] {logging_mixin.py:137} INFO - [2023-03-08T00:05:58.693+0000] {dag.py:3441} INFO - Setting next_dagrun for dataset_consumes_1_never_scheduled to None, run_after=None
[2023-03-08T00:05:58.700+0000] {logging_mixin.py:137} INFO - [2023-03-08T00:05:58.699+0000] {dag.py:3441} INFO - Setting next_dagrun for dataset_consumes_unknown_never_scheduled to None, run_after=None
[2023-03-08T00:05:58.712+0000] {logging_mixin.py:137} INFO - [2023-03-08T00:05:58.712+0000] {dag.py:3441} INFO - Setting next_dagrun for dataset_produces_1 to 2023-03-07T00:00:00+00:00, run_after=2023-03-08T00:00:00+00:00
[2023-03-08T00:05:58.716+0000] {logging_mixin.py:137} INFO - [2023-03-08T00:05:58.716+0000] {dag.py:3441} INFO - Setting next_dagrun for dataset_produces_2 to None, run_after=None
[2023-03-08T00:05:58.791+0000] {processor.py:175} INFO - Processing /home/airflow/.local/lib/python3.7/site-packages/airflow/example_dags/example_datasets.py took 0.325 seconds
[2023-03-08T00:06:28.850+0000] {processor.py:153} INFO - Started process (PID=3056) to work on /home/airflow/.local/lib/python3.7/site-packages/airflow/example_dags/example_datasets.py
[2023-03-08T00:06:28.854+0000] {processor.py:743} INFO - Processing file /home/airflow/.local/lib/python3.7/site-packages/airflow/example_dags/example_datasets.py for tasks to queue
[2023-03-08T00:06:28.858+0000] {logging_mixin.py:137} INFO - [2023-03-08T00:06:28.857+0000] {dagbag.py:538} INFO - Filling up the DagBag from /home/airflow/.local/lib/python3.7/site-packages/airflow/example_dags/example_datasets.py
[2023-03-08T00:06:28.892+0000] {processor.py:753} INFO - DAG(s) dict_keys(['dataset_consumes_1_never_scheduled', 'dataset_produces_2', 'dataset_consumes_1_and_2', 'dataset_consumes_1', 'dataset_consumes_unknown_never_scheduled', 'dataset_produces_1']) retrieved from /home/airflow/.local/lib/python3.7/site-packages/airflow/example_dags/example_datasets.py
[2023-03-08T00:06:28.981+0000] {logging_mixin.py:137} INFO - [2023-03-08T00:06:28.981+0000] {dag.py:2690} INFO - Sync 6 DAGs
[2023-03-08T00:06:29.045+0000] {logging_mixin.py:137} INFO - [2023-03-08T00:06:29.044+0000] {dag.py:3441} INFO - Setting next_dagrun for dataset_consumes_1 to None, run_after=None
[2023-03-08T00:06:29.057+0000] {logging_mixin.py:137} INFO - [2023-03-08T00:06:29.057+0000] {dag.py:3441} INFO - Setting next_dagrun for dataset_consumes_1_and_2 to None, run_after=None
[2023-03-08T00:06:29.062+0000] {logging_mixin.py:137} INFO - [2023-03-08T00:06:29.062+0000] {dag.py:3441} INFO - Setting next_dagrun for dataset_consumes_1_never_scheduled to None, run_after=None
[2023-03-08T00:06:29.070+0000] {logging_mixin.py:137} INFO - [2023-03-08T00:06:29.069+0000] {dag.py:3441} INFO - Setting next_dagrun for dataset_consumes_unknown_never_scheduled to None, run_after=None
[2023-03-08T00:06:29.079+0000] {logging_mixin.py:137} INFO - [2023-03-08T00:06:29.079+0000] {dag.py:3441} INFO - Setting next_dagrun for dataset_produces_1 to 2023-03-07T00:00:00+00:00, run_after=2023-03-08T00:00:00+00:00
[2023-03-08T00:06:29.088+0000] {logging_mixin.py:137} INFO - [2023-03-08T00:06:29.087+0000] {dag.py:3441} INFO - Setting next_dagrun for dataset_produces_2 to None, run_after=None
[2023-03-08T00:06:29.180+0000] {processor.py:175} INFO - Processing /home/airflow/.local/lib/python3.7/site-packages/airflow/example_dags/example_datasets.py took 0.338 seconds
[2023-03-08T00:06:59.724+0000] {processor.py:153} INFO - Started process (PID=3127) to work on /home/airflow/.local/lib/python3.7/site-packages/airflow/example_dags/example_datasets.py
[2023-03-08T00:06:59.730+0000] {processor.py:743} INFO - Processing file /home/airflow/.local/lib/python3.7/site-packages/airflow/example_dags/example_datasets.py for tasks to queue
[2023-03-08T00:06:59.742+0000] {logging_mixin.py:137} INFO - [2023-03-08T00:06:59.740+0000] {dagbag.py:538} INFO - Filling up the DagBag from /home/airflow/.local/lib/python3.7/site-packages/airflow/example_dags/example_datasets.py
[2023-03-08T00:06:59.816+0000] {processor.py:753} INFO - DAG(s) dict_keys(['dataset_consumes_1_never_scheduled', 'dataset_consumes_unknown_never_scheduled', 'dataset_consumes_1_and_2', 'dataset_produces_2', 'dataset_consumes_1', 'dataset_produces_1']) retrieved from /home/airflow/.local/lib/python3.7/site-packages/airflow/example_dags/example_datasets.py
[2023-03-08T00:06:59.949+0000] {logging_mixin.py:137} INFO - [2023-03-08T00:06:59.948+0000] {dag.py:2690} INFO - Sync 6 DAGs
[2023-03-08T00:07:00.101+0000] {logging_mixin.py:137} INFO - [2023-03-08T00:07:00.100+0000] {dag.py:3441} INFO - Setting next_dagrun for dataset_consumes_1 to None, run_after=None
[2023-03-08T00:07:00.121+0000] {logging_mixin.py:137} INFO - [2023-03-08T00:07:00.121+0000] {dag.py:3441} INFO - Setting next_dagrun for dataset_consumes_1_and_2 to None, run_after=None
[2023-03-08T00:07:00.132+0000] {logging_mixin.py:137} INFO - [2023-03-08T00:07:00.131+0000] {dag.py:3441} INFO - Setting next_dagrun for dataset_consumes_1_never_scheduled to None, run_after=None
[2023-03-08T00:07:00.144+0000] {logging_mixin.py:137} INFO - [2023-03-08T00:07:00.143+0000] {dag.py:3441} INFO - Setting next_dagrun for dataset_consumes_unknown_never_scheduled to None, run_after=None
[2023-03-08T00:07:00.162+0000] {logging_mixin.py:137} INFO - [2023-03-08T00:07:00.162+0000] {dag.py:3441} INFO - Setting next_dagrun for dataset_produces_1 to 2023-03-07T00:00:00+00:00, run_after=2023-03-08T00:00:00+00:00
[2023-03-08T00:07:00.175+0000] {logging_mixin.py:137} INFO - [2023-03-08T00:07:00.175+0000] {dag.py:3441} INFO - Setting next_dagrun for dataset_produces_2 to None, run_after=None
[2023-03-08T00:07:00.285+0000] {processor.py:175} INFO - Processing /home/airflow/.local/lib/python3.7/site-packages/airflow/example_dags/example_datasets.py took 0.587 seconds
[2023-03-08T00:07:30.427+0000] {processor.py:153} INFO - Started process (PID=3194) to work on /home/airflow/.local/lib/python3.7/site-packages/airflow/example_dags/example_datasets.py
[2023-03-08T00:07:30.441+0000] {processor.py:743} INFO - Processing file /home/airflow/.local/lib/python3.7/site-packages/airflow/example_dags/example_datasets.py for tasks to queue
[2023-03-08T00:07:30.451+0000] {logging_mixin.py:137} INFO - [2023-03-08T00:07:30.451+0000] {dagbag.py:538} INFO - Filling up the DagBag from /home/airflow/.local/lib/python3.7/site-packages/airflow/example_dags/example_datasets.py
[2023-03-08T00:07:30.509+0000] {processor.py:753} INFO - DAG(s) dict_keys(['dataset_consumes_1_and_2', 'dataset_consumes_1', 'dataset_produces_1', 'dataset_consumes_unknown_never_scheduled', 'dataset_produces_2', 'dataset_consumes_1_never_scheduled']) retrieved from /home/airflow/.local/lib/python3.7/site-packages/airflow/example_dags/example_datasets.py
[2023-03-08T00:07:30.718+0000] {logging_mixin.py:137} INFO - [2023-03-08T00:07:30.718+0000] {dag.py:2690} INFO - Sync 6 DAGs
[2023-03-08T00:07:30.901+0000] {logging_mixin.py:137} INFO - [2023-03-08T00:07:30.901+0000] {dag.py:3441} INFO - Setting next_dagrun for dataset_consumes_1 to None, run_after=None
[2023-03-08T00:07:30.968+0000] {logging_mixin.py:137} INFO - [2023-03-08T00:07:30.968+0000] {dag.py:3441} INFO - Setting next_dagrun for dataset_consumes_1_and_2 to None, run_after=None
[2023-03-08T00:07:30.988+0000] {logging_mixin.py:137} INFO - [2023-03-08T00:07:30.987+0000] {dag.py:3441} INFO - Setting next_dagrun for dataset_consumes_1_never_scheduled to None, run_after=None
[2023-03-08T00:07:30.999+0000] {logging_mixin.py:137} INFO - [2023-03-08T00:07:30.998+0000] {dag.py:3441} INFO - Setting next_dagrun for dataset_consumes_unknown_never_scheduled to None, run_after=None
[2023-03-08T00:07:31.026+0000] {logging_mixin.py:137} INFO - [2023-03-08T00:07:31.023+0000] {dag.py:3441} INFO - Setting next_dagrun for dataset_produces_1 to 2023-03-07T00:00:00+00:00, run_after=2023-03-08T00:00:00+00:00
[2023-03-08T00:07:31.038+0000] {logging_mixin.py:137} INFO - [2023-03-08T00:07:31.038+0000] {dag.py:3441} INFO - Setting next_dagrun for dataset_produces_2 to None, run_after=None
[2023-03-08T00:07:31.224+0000] {processor.py:175} INFO - Processing /home/airflow/.local/lib/python3.7/site-packages/airflow/example_dags/example_datasets.py took 0.815 seconds
[2023-03-08T00:08:06.050+0000] {processor.py:153} INFO - Started process (PID=3258) to work on /home/airflow/.local/lib/python3.7/site-packages/airflow/example_dags/example_datasets.py
[2023-03-08T00:08:06.069+0000] {processor.py:743} INFO - Processing file /home/airflow/.local/lib/python3.7/site-packages/airflow/example_dags/example_datasets.py for tasks to queue
[2023-03-08T00:08:06.095+0000] {logging_mixin.py:137} INFO - [2023-03-08T00:08:06.094+0000] {dagbag.py:538} INFO - Filling up the DagBag from /home/airflow/.local/lib/python3.7/site-packages/airflow/example_dags/example_datasets.py
[2023-03-08T00:08:06.859+0000] {processor.py:753} INFO - DAG(s) dict_keys(['dataset_produces_2', 'dataset_consumes_1', 'dataset_consumes_1_never_scheduled', 'dataset_consumes_1_and_2', 'dataset_produces_1', 'dataset_consumes_unknown_never_scheduled']) retrieved from /home/airflow/.local/lib/python3.7/site-packages/airflow/example_dags/example_datasets.py
[2023-03-08T00:08:07.789+0000] {logging_mixin.py:137} INFO - [2023-03-08T00:08:07.789+0000] {dag.py:2690} INFO - Sync 6 DAGs
[2023-03-08T00:08:08.102+0000] {logging_mixin.py:137} INFO - [2023-03-08T00:08:08.101+0000] {dag.py:3441} INFO - Setting next_dagrun for dataset_consumes_1 to None, run_after=None
[2023-03-08T00:08:08.139+0000] {logging_mixin.py:137} INFO - [2023-03-08T00:08:08.138+0000] {dag.py:3441} INFO - Setting next_dagrun for dataset_consumes_1_and_2 to None, run_after=None
[2023-03-08T00:08:08.152+0000] {logging_mixin.py:137} INFO - [2023-03-08T00:08:08.149+0000] {dag.py:3441} INFO - Setting next_dagrun for dataset_consumes_1_never_scheduled to None, run_after=None
[2023-03-08T00:08:08.168+0000] {logging_mixin.py:137} INFO - [2023-03-08T00:08:08.168+0000] {dag.py:3441} INFO - Setting next_dagrun for dataset_consumes_unknown_never_scheduled to None, run_after=None
[2023-03-08T00:08:08.201+0000] {logging_mixin.py:137} INFO - [2023-03-08T00:08:08.200+0000] {dag.py:3441} INFO - Setting next_dagrun for dataset_produces_1 to 2023-03-07T00:00:00+00:00, run_after=2023-03-08T00:00:00+00:00
[2023-03-08T00:08:08.259+0000] {logging_mixin.py:137} INFO - [2023-03-08T00:08:08.249+0000] {dag.py:3441} INFO - Setting next_dagrun for dataset_produces_2 to None, run_after=None
[2023-03-08T00:08:08.530+0000] {processor.py:175} INFO - Processing /home/airflow/.local/lib/python3.7/site-packages/airflow/example_dags/example_datasets.py took 2.689 seconds
[2023-03-08T00:08:39.108+0000] {processor.py:153} INFO - Started process (PID=3329) to work on /home/airflow/.local/lib/python3.7/site-packages/airflow/example_dags/example_datasets.py
[2023-03-08T00:08:39.124+0000] {processor.py:743} INFO - Processing file /home/airflow/.local/lib/python3.7/site-packages/airflow/example_dags/example_datasets.py for tasks to queue
[2023-03-08T00:08:39.130+0000] {logging_mixin.py:137} INFO - [2023-03-08T00:08:39.129+0000] {dagbag.py:538} INFO - Filling up the DagBag from /home/airflow/.local/lib/python3.7/site-packages/airflow/example_dags/example_datasets.py
[2023-03-08T00:08:39.372+0000] {processor.py:753} INFO - DAG(s) dict_keys(['dataset_consumes_unknown_never_scheduled', 'dataset_consumes_1_never_scheduled', 'dataset_produces_1', 'dataset_consumes_1_and_2', 'dataset_produces_2', 'dataset_consumes_1']) retrieved from /home/airflow/.local/lib/python3.7/site-packages/airflow/example_dags/example_datasets.py
[2023-03-08T00:08:39.768+0000] {logging_mixin.py:137} INFO - [2023-03-08T00:08:39.768+0000] {dag.py:2690} INFO - Sync 6 DAGs
[2023-03-08T00:08:40.230+0000] {logging_mixin.py:137} INFO - [2023-03-08T00:08:40.230+0000] {dag.py:3441} INFO - Setting next_dagrun for dataset_consumes_1 to None, run_after=None
[2023-03-08T00:08:40.251+0000] {logging_mixin.py:137} INFO - [2023-03-08T00:08:40.250+0000] {dag.py:3441} INFO - Setting next_dagrun for dataset_consumes_1_and_2 to None, run_after=None
[2023-03-08T00:08:40.262+0000] {logging_mixin.py:137} INFO - [2023-03-08T00:08:40.262+0000] {dag.py:3441} INFO - Setting next_dagrun for dataset_consumes_1_never_scheduled to None, run_after=None
[2023-03-08T00:08:40.271+0000] {logging_mixin.py:137} INFO - [2023-03-08T00:08:40.271+0000] {dag.py:3441} INFO - Setting next_dagrun for dataset_consumes_unknown_never_scheduled to None, run_after=None
[2023-03-08T00:08:40.292+0000] {logging_mixin.py:137} INFO - [2023-03-08T00:08:40.292+0000] {dag.py:3441} INFO - Setting next_dagrun for dataset_produces_1 to 2023-03-07T00:00:00+00:00, run_after=2023-03-08T00:00:00+00:00
[2023-03-08T00:08:40.308+0000] {logging_mixin.py:137} INFO - [2023-03-08T00:08:40.307+0000] {dag.py:3441} INFO - Setting next_dagrun for dataset_produces_2 to None, run_after=None
[2023-03-08T00:08:40.483+0000] {processor.py:175} INFO - Processing /home/airflow/.local/lib/python3.7/site-packages/airflow/example_dags/example_datasets.py took 1.564 seconds
[2023-03-08T00:09:11.275+0000] {processor.py:153} INFO - Started process (PID=3400) to work on /home/airflow/.local/lib/python3.7/site-packages/airflow/example_dags/example_datasets.py
[2023-03-08T00:09:11.291+0000] {processor.py:743} INFO - Processing file /home/airflow/.local/lib/python3.7/site-packages/airflow/example_dags/example_datasets.py for tasks to queue
[2023-03-08T00:09:11.405+0000] {logging_mixin.py:137} INFO - [2023-03-08T00:09:11.404+0000] {dagbag.py:538} INFO - Filling up the DagBag from /home/airflow/.local/lib/python3.7/site-packages/airflow/example_dags/example_datasets.py
[2023-03-08T00:09:11.731+0000] {processor.py:753} INFO - DAG(s) dict_keys(['dataset_consumes_1_never_scheduled', 'dataset_consumes_unknown_never_scheduled', 'dataset_consumes_1', 'dataset_consumes_1_and_2', 'dataset_produces_2', 'dataset_produces_1']) retrieved from /home/airflow/.local/lib/python3.7/site-packages/airflow/example_dags/example_datasets.py
[2023-03-08T00:09:12.288+0000] {logging_mixin.py:137} INFO - [2023-03-08T00:09:12.285+0000] {dag.py:2690} INFO - Sync 6 DAGs
[2023-03-08T00:09:12.487+0000] {logging_mixin.py:137} INFO - [2023-03-08T00:09:12.487+0000] {dag.py:3441} INFO - Setting next_dagrun for dataset_consumes_1 to None, run_after=None
[2023-03-08T00:09:12.513+0000] {logging_mixin.py:137} INFO - [2023-03-08T00:09:12.512+0000] {dag.py:3441} INFO - Setting next_dagrun for dataset_consumes_1_and_2 to None, run_after=None
[2023-03-08T00:09:12.531+0000] {logging_mixin.py:137} INFO - [2023-03-08T00:09:12.531+0000] {dag.py:3441} INFO - Setting next_dagrun for dataset_consumes_1_never_scheduled to None, run_after=None
[2023-03-08T00:09:12.553+0000] {logging_mixin.py:137} INFO - [2023-03-08T00:09:12.553+0000] {dag.py:3441} INFO - Setting next_dagrun for dataset_consumes_unknown_never_scheduled to None, run_after=None
[2023-03-08T00:09:12.620+0000] {logging_mixin.py:137} INFO - [2023-03-08T00:09:12.598+0000] {dag.py:3441} INFO - Setting next_dagrun for dataset_produces_1 to 2023-03-07T00:00:00+00:00, run_after=2023-03-08T00:00:00+00:00
[2023-03-08T00:09:12.641+0000] {logging_mixin.py:137} INFO - [2023-03-08T00:09:12.640+0000] {dag.py:3441} INFO - Setting next_dagrun for dataset_produces_2 to None, run_after=None
[2023-03-08T00:09:12.985+0000] {processor.py:175} INFO - Processing /home/airflow/.local/lib/python3.7/site-packages/airflow/example_dags/example_datasets.py took 1.743 seconds
[2023-03-08T00:09:43.923+0000] {processor.py:153} INFO - Started process (PID=3459) to work on /home/airflow/.local/lib/python3.7/site-packages/airflow/example_dags/example_datasets.py
[2023-03-08T00:09:43.933+0000] {processor.py:743} INFO - Processing file /home/airflow/.local/lib/python3.7/site-packages/airflow/example_dags/example_datasets.py for tasks to queue
[2023-03-08T00:09:43.941+0000] {logging_mixin.py:137} INFO - [2023-03-08T00:09:43.940+0000] {dagbag.py:538} INFO - Filling up the DagBag from /home/airflow/.local/lib/python3.7/site-packages/airflow/example_dags/example_datasets.py
[2023-03-08T00:09:44.072+0000] {processor.py:753} INFO - DAG(s) dict_keys(['dataset_consumes_unknown_never_scheduled', 'dataset_consumes_1_and_2', 'dataset_consumes_1', 'dataset_consumes_1_never_scheduled', 'dataset_produces_2', 'dataset_produces_1']) retrieved from /home/airflow/.local/lib/python3.7/site-packages/airflow/example_dags/example_datasets.py
[2023-03-08T00:09:44.276+0000] {logging_mixin.py:137} INFO - [2023-03-08T00:09:44.276+0000] {dag.py:2690} INFO - Sync 6 DAGs
[2023-03-08T00:09:44.392+0000] {logging_mixin.py:137} INFO - [2023-03-08T00:09:44.392+0000] {dag.py:3441} INFO - Setting next_dagrun for dataset_consumes_1 to None, run_after=None
[2023-03-08T00:09:44.409+0000] {logging_mixin.py:137} INFO - [2023-03-08T00:09:44.409+0000] {dag.py:3441} INFO - Setting next_dagrun for dataset_consumes_1_and_2 to None, run_after=None
[2023-03-08T00:09:44.419+0000] {logging_mixin.py:137} INFO - [2023-03-08T00:09:44.418+0000] {dag.py:3441} INFO - Setting next_dagrun for dataset_consumes_1_never_scheduled to None, run_after=None
[2023-03-08T00:09:44.428+0000] {logging_mixin.py:137} INFO - [2023-03-08T00:09:44.427+0000] {dag.py:3441} INFO - Setting next_dagrun for dataset_consumes_unknown_never_scheduled to None, run_after=None
[2023-03-08T00:09:44.446+0000] {logging_mixin.py:137} INFO - [2023-03-08T00:09:44.445+0000] {dag.py:3441} INFO - Setting next_dagrun for dataset_produces_1 to 2023-03-07T00:00:00+00:00, run_after=2023-03-08T00:00:00+00:00
[2023-03-08T00:09:44.452+0000] {logging_mixin.py:137} INFO - [2023-03-08T00:09:44.451+0000] {dag.py:3441} INFO - Setting next_dagrun for dataset_produces_2 to None, run_after=None
[2023-03-08T00:09:44.600+0000] {processor.py:175} INFO - Processing /home/airflow/.local/lib/python3.7/site-packages/airflow/example_dags/example_datasets.py took 0.690 seconds
[2023-03-08T00:10:19.158+0000] {processor.py:153} INFO - Started process (PID=3526) to work on /home/airflow/.local/lib/python3.7/site-packages/airflow/example_dags/example_datasets.py
[2023-03-08T00:10:19.190+0000] {processor.py:743} INFO - Processing file /home/airflow/.local/lib/python3.7/site-packages/airflow/example_dags/example_datasets.py for tasks to queue
[2023-03-08T00:10:19.199+0000] {logging_mixin.py:137} INFO - [2023-03-08T00:10:19.198+0000] {dagbag.py:538} INFO - Filling up the DagBag from /home/airflow/.local/lib/python3.7/site-packages/airflow/example_dags/example_datasets.py
[2023-03-08T00:10:19.355+0000] {processor.py:753} INFO - DAG(s) dict_keys(['dataset_produces_2', 'dataset_consumes_1_never_scheduled', 'dataset_produces_1', 'dataset_consumes_1', 'dataset_consumes_1_and_2', 'dataset_consumes_unknown_never_scheduled']) retrieved from /home/airflow/.local/lib/python3.7/site-packages/airflow/example_dags/example_datasets.py
[2023-03-08T00:10:19.735+0000] {logging_mixin.py:137} INFO - [2023-03-08T00:10:19.734+0000] {dag.py:2690} INFO - Sync 6 DAGs
[2023-03-08T00:10:19.924+0000] {logging_mixin.py:137} INFO - [2023-03-08T00:10:19.924+0000] {dag.py:3441} INFO - Setting next_dagrun for dataset_consumes_1 to None, run_after=None
[2023-03-08T00:10:19.957+0000] {logging_mixin.py:137} INFO - [2023-03-08T00:10:19.957+0000] {dag.py:3441} INFO - Setting next_dagrun for dataset_consumes_1_and_2 to None, run_after=None
[2023-03-08T00:10:19.976+0000] {logging_mixin.py:137} INFO - [2023-03-08T00:10:19.974+0000] {dag.py:3441} INFO - Setting next_dagrun for dataset_consumes_1_never_scheduled to None, run_after=None
[2023-03-08T00:10:19.987+0000] {logging_mixin.py:137} INFO - [2023-03-08T00:10:19.987+0000] {dag.py:3441} INFO - Setting next_dagrun for dataset_consumes_unknown_never_scheduled to None, run_after=None
[2023-03-08T00:10:20.037+0000] {logging_mixin.py:137} INFO - [2023-03-08T00:10:20.036+0000] {dag.py:3441} INFO - Setting next_dagrun for dataset_produces_1 to 2023-03-07T00:00:00+00:00, run_after=2023-03-08T00:00:00+00:00
[2023-03-08T00:10:20.055+0000] {logging_mixin.py:137} INFO - [2023-03-08T00:10:20.054+0000] {dag.py:3441} INFO - Setting next_dagrun for dataset_produces_2 to None, run_after=None
[2023-03-08T00:10:20.292+0000] {processor.py:175} INFO - Processing /home/airflow/.local/lib/python3.7/site-packages/airflow/example_dags/example_datasets.py took 1.157 seconds
[2023-03-08T00:10:50.507+0000] {processor.py:153} INFO - Started process (PID=3597) to work on /home/airflow/.local/lib/python3.7/site-packages/airflow/example_dags/example_datasets.py
[2023-03-08T00:10:50.525+0000] {processor.py:743} INFO - Processing file /home/airflow/.local/lib/python3.7/site-packages/airflow/example_dags/example_datasets.py for tasks to queue
[2023-03-08T00:10:50.531+0000] {logging_mixin.py:137} INFO - [2023-03-08T00:10:50.531+0000] {dagbag.py:538} INFO - Filling up the DagBag from /home/airflow/.local/lib/python3.7/site-packages/airflow/example_dags/example_datasets.py
[2023-03-08T00:10:50.620+0000] {processor.py:753} INFO - DAG(s) dict_keys(['dataset_consumes_1_and_2', 'dataset_produces_1', 'dataset_consumes_unknown_never_scheduled', 'dataset_consumes_1', 'dataset_consumes_1_never_scheduled', 'dataset_produces_2']) retrieved from /home/airflow/.local/lib/python3.7/site-packages/airflow/example_dags/example_datasets.py
[2023-03-08T00:10:50.762+0000] {logging_mixin.py:137} INFO - [2023-03-08T00:10:50.762+0000] {dag.py:2690} INFO - Sync 6 DAGs
[2023-03-08T00:10:50.840+0000] {logging_mixin.py:137} INFO - [2023-03-08T00:10:50.840+0000] {dag.py:3441} INFO - Setting next_dagrun for dataset_consumes_1 to None, run_after=None
[2023-03-08T00:10:50.855+0000] {logging_mixin.py:137} INFO - [2023-03-08T00:10:50.855+0000] {dag.py:3441} INFO - Setting next_dagrun for dataset_consumes_1_and_2 to None, run_after=None
[2023-03-08T00:10:50.860+0000] {logging_mixin.py:137} INFO - [2023-03-08T00:10:50.860+0000] {dag.py:3441} INFO - Setting next_dagrun for dataset_consumes_1_never_scheduled to None, run_after=None
[2023-03-08T00:10:50.865+0000] {logging_mixin.py:137} INFO - [2023-03-08T00:10:50.865+0000] {dag.py:3441} INFO - Setting next_dagrun for dataset_consumes_unknown_never_scheduled to None, run_after=None
[2023-03-08T00:10:50.877+0000] {logging_mixin.py:137} INFO - [2023-03-08T00:10:50.876+0000] {dag.py:3441} INFO - Setting next_dagrun for dataset_produces_1 to 2023-03-07T00:00:00+00:00, run_after=2023-03-08T00:00:00+00:00
[2023-03-08T00:10:50.884+0000] {logging_mixin.py:137} INFO - [2023-03-08T00:10:50.884+0000] {dag.py:3441} INFO - Setting next_dagrun for dataset_produces_2 to None, run_after=None
[2023-03-08T00:10:51.007+0000] {processor.py:175} INFO - Processing /home/airflow/.local/lib/python3.7/site-packages/airflow/example_dags/example_datasets.py took 0.523 seconds
[2023-03-08T00:11:21.256+0000] {processor.py:153} INFO - Started process (PID=3668) to work on /home/airflow/.local/lib/python3.7/site-packages/airflow/example_dags/example_datasets.py
[2023-03-08T00:11:21.263+0000] {processor.py:743} INFO - Processing file /home/airflow/.local/lib/python3.7/site-packages/airflow/example_dags/example_datasets.py for tasks to queue
[2023-03-08T00:11:21.267+0000] {logging_mixin.py:137} INFO - [2023-03-08T00:11:21.267+0000] {dagbag.py:538} INFO - Filling up the DagBag from /home/airflow/.local/lib/python3.7/site-packages/airflow/example_dags/example_datasets.py
[2023-03-08T00:11:21.315+0000] {processor.py:753} INFO - DAG(s) dict_keys(['dataset_consumes_1_and_2', 'dataset_consumes_unknown_never_scheduled', 'dataset_consumes_1', 'dataset_produces_1', 'dataset_produces_2', 'dataset_consumes_1_never_scheduled']) retrieved from /home/airflow/.local/lib/python3.7/site-packages/airflow/example_dags/example_datasets.py
[2023-03-08T00:11:21.444+0000] {logging_mixin.py:137} INFO - [2023-03-08T00:11:21.443+0000] {dag.py:2690} INFO - Sync 6 DAGs
[2023-03-08T00:11:21.533+0000] {logging_mixin.py:137} INFO - [2023-03-08T00:11:21.533+0000] {dag.py:3441} INFO - Setting next_dagrun for dataset_consumes_1 to None, run_after=None
[2023-03-08T00:11:21.542+0000] {logging_mixin.py:137} INFO - [2023-03-08T00:11:21.542+0000] {dag.py:3441} INFO - Setting next_dagrun for dataset_consumes_1_and_2 to None, run_after=None
[2023-03-08T00:11:21.550+0000] {logging_mixin.py:137} INFO - [2023-03-08T00:11:21.550+0000] {dag.py:3441} INFO - Setting next_dagrun for dataset_consumes_1_never_scheduled to None, run_after=None
[2023-03-08T00:11:21.555+0000] {logging_mixin.py:137} INFO - [2023-03-08T00:11:21.555+0000] {dag.py:3441} INFO - Setting next_dagrun for dataset_consumes_unknown_never_scheduled to None, run_after=None
[2023-03-08T00:11:21.566+0000] {logging_mixin.py:137} INFO - [2023-03-08T00:11:21.566+0000] {dag.py:3441} INFO - Setting next_dagrun for dataset_produces_1 to 2023-03-07T00:00:00+00:00, run_after=2023-03-08T00:00:00+00:00
[2023-03-08T00:11:21.570+0000] {logging_mixin.py:137} INFO - [2023-03-08T00:11:21.570+0000] {dag.py:3441} INFO - Setting next_dagrun for dataset_produces_2 to None, run_after=None
[2023-03-08T00:11:21.669+0000] {processor.py:175} INFO - Processing /home/airflow/.local/lib/python3.7/site-packages/airflow/example_dags/example_datasets.py took 0.423 seconds
[2023-03-08T00:11:52.444+0000] {processor.py:153} INFO - Started process (PID=3737) to work on /home/airflow/.local/lib/python3.7/site-packages/airflow/example_dags/example_datasets.py
[2023-03-08T00:11:52.451+0000] {processor.py:743} INFO - Processing file /home/airflow/.local/lib/python3.7/site-packages/airflow/example_dags/example_datasets.py for tasks to queue
[2023-03-08T00:11:52.456+0000] {logging_mixin.py:137} INFO - [2023-03-08T00:11:52.456+0000] {dagbag.py:538} INFO - Filling up the DagBag from /home/airflow/.local/lib/python3.7/site-packages/airflow/example_dags/example_datasets.py
[2023-03-08T00:11:52.495+0000] {processor.py:753} INFO - DAG(s) dict_keys(['dataset_produces_2', 'dataset_consumes_1_and_2', 'dataset_consumes_1_never_scheduled', 'dataset_consumes_1', 'dataset_consumes_unknown_never_scheduled', 'dataset_produces_1']) retrieved from /home/airflow/.local/lib/python3.7/site-packages/airflow/example_dags/example_datasets.py
[2023-03-08T00:11:52.584+0000] {logging_mixin.py:137} INFO - [2023-03-08T00:11:52.584+0000] {dag.py:2690} INFO - Sync 6 DAGs
[2023-03-08T00:11:52.642+0000] {logging_mixin.py:137} INFO - [2023-03-08T00:11:52.642+0000] {dag.py:3441} INFO - Setting next_dagrun for dataset_consumes_1 to None, run_after=None
[2023-03-08T00:11:52.653+0000] {logging_mixin.py:137} INFO - [2023-03-08T00:11:52.653+0000] {dag.py:3441} INFO - Setting next_dagrun for dataset_consumes_1_and_2 to None, run_after=None
[2023-03-08T00:11:52.656+0000] {logging_mixin.py:137} INFO - [2023-03-08T00:11:52.656+0000] {dag.py:3441} INFO - Setting next_dagrun for dataset_consumes_1_never_scheduled to None, run_after=None
[2023-03-08T00:11:52.665+0000] {logging_mixin.py:137} INFO - [2023-03-08T00:11:52.665+0000] {dag.py:3441} INFO - Setting next_dagrun for dataset_consumes_unknown_never_scheduled to None, run_after=None
[2023-03-08T00:11:52.675+0000] {logging_mixin.py:137} INFO - [2023-03-08T00:11:52.675+0000] {dag.py:3441} INFO - Setting next_dagrun for dataset_produces_1 to 2023-03-07T00:00:00+00:00, run_after=2023-03-08T00:00:00+00:00
[2023-03-08T00:11:52.682+0000] {logging_mixin.py:137} INFO - [2023-03-08T00:11:52.681+0000] {dag.py:3441} INFO - Setting next_dagrun for dataset_produces_2 to None, run_after=None
[2023-03-08T00:11:52.758+0000] {processor.py:175} INFO - Processing /home/airflow/.local/lib/python3.7/site-packages/airflow/example_dags/example_datasets.py took 0.328 seconds
[2023-03-08T00:12:22.848+0000] {processor.py:153} INFO - Started process (PID=3808) to work on /home/airflow/.local/lib/python3.7/site-packages/airflow/example_dags/example_datasets.py
[2023-03-08T00:12:22.852+0000] {processor.py:743} INFO - Processing file /home/airflow/.local/lib/python3.7/site-packages/airflow/example_dags/example_datasets.py for tasks to queue
[2023-03-08T00:12:22.857+0000] {logging_mixin.py:137} INFO - [2023-03-08T00:12:22.857+0000] {dagbag.py:538} INFO - Filling up the DagBag from /home/airflow/.local/lib/python3.7/site-packages/airflow/example_dags/example_datasets.py
[2023-03-08T00:12:22.924+0000] {processor.py:753} INFO - DAG(s) dict_keys(['dataset_consumes_1', 'dataset_consumes_unknown_never_scheduled', 'dataset_produces_1', 'dataset_produces_2', 'dataset_consumes_1_never_scheduled', 'dataset_consumes_1_and_2']) retrieved from /home/airflow/.local/lib/python3.7/site-packages/airflow/example_dags/example_datasets.py
[2023-03-08T00:12:23.067+0000] {logging_mixin.py:137} INFO - [2023-03-08T00:12:23.067+0000] {dag.py:2690} INFO - Sync 6 DAGs
[2023-03-08T00:12:23.171+0000] {logging_mixin.py:137} INFO - [2023-03-08T00:12:23.171+0000] {dag.py:3441} INFO - Setting next_dagrun for dataset_consumes_1 to None, run_after=None
[2023-03-08T00:12:23.203+0000] {logging_mixin.py:137} INFO - [2023-03-08T00:12:23.203+0000] {dag.py:3441} INFO - Setting next_dagrun for dataset_consumes_1_and_2 to None, run_after=None
[2023-03-08T00:12:23.211+0000] {logging_mixin.py:137} INFO - [2023-03-08T00:12:23.211+0000] {dag.py:3441} INFO - Setting next_dagrun for dataset_consumes_1_never_scheduled to None, run_after=None
[2023-03-08T00:12:23.223+0000] {logging_mixin.py:137} INFO - [2023-03-08T00:12:23.223+0000] {dag.py:3441} INFO - Setting next_dagrun for dataset_consumes_unknown_never_scheduled to None, run_after=None
[2023-03-08T00:12:23.237+0000] {logging_mixin.py:137} INFO - [2023-03-08T00:12:23.237+0000] {dag.py:3441} INFO - Setting next_dagrun for dataset_produces_1 to 2023-03-07T00:00:00+00:00, run_after=2023-03-08T00:00:00+00:00
[2023-03-08T00:12:23.247+0000] {logging_mixin.py:137} INFO - [2023-03-08T00:12:23.246+0000] {dag.py:3441} INFO - Setting next_dagrun for dataset_produces_2 to None, run_after=None
[2023-03-08T00:12:23.371+0000] {processor.py:175} INFO - Processing /home/airflow/.local/lib/python3.7/site-packages/airflow/example_dags/example_datasets.py took 0.532 seconds
