[2023-03-08T00:00:21.360+0000] {processor.py:153} INFO - Started process (PID=2282) to work on /home/airflow/.local/lib/python3.7/site-packages/airflow/example_dags/example_kubernetes_executor.py
[2023-03-08T00:00:21.370+0000] {processor.py:743} INFO - Processing file /home/airflow/.local/lib/python3.7/site-packages/airflow/example_dags/example_kubernetes_executor.py for tasks to queue
[2023-03-08T00:00:21.378+0000] {logging_mixin.py:137} INFO - [2023-03-08T00:00:21.377+0000] {dagbag.py:538} INFO - Filling up the DagBag from /home/airflow/.local/lib/python3.7/site-packages/airflow/example_dags/example_kubernetes_executor.py
[2023-03-08T00:00:21.493+0000] {processor.py:753} INFO - DAG(s) dict_keys(['example_kubernetes_executor']) retrieved from /home/airflow/.local/lib/python3.7/site-packages/airflow/example_dags/example_kubernetes_executor.py
[2023-03-08T00:00:21.699+0000] {logging_mixin.py:137} INFO - [2023-03-08T00:00:21.699+0000] {dag.py:2690} INFO - Sync 1 DAGs
[2023-03-08T00:00:21.892+0000] {logging_mixin.py:137} INFO - [2023-03-08T00:00:21.891+0000] {dag.py:3441} INFO - Setting next_dagrun for example_kubernetes_executor to None, run_after=None
[2023-03-08T00:00:21.971+0000] {processor.py:175} INFO - Processing /home/airflow/.local/lib/python3.7/site-packages/airflow/example_dags/example_kubernetes_executor.py took 0.636 seconds
[2023-03-08T00:00:52.537+0000] {processor.py:153} INFO - Started process (PID=2343) to work on /home/airflow/.local/lib/python3.7/site-packages/airflow/example_dags/example_kubernetes_executor.py
[2023-03-08T00:00:52.540+0000] {processor.py:743} INFO - Processing file /home/airflow/.local/lib/python3.7/site-packages/airflow/example_dags/example_kubernetes_executor.py for tasks to queue
[2023-03-08T00:00:52.545+0000] {logging_mixin.py:137} INFO - [2023-03-08T00:00:52.544+0000] {dagbag.py:538} INFO - Filling up the DagBag from /home/airflow/.local/lib/python3.7/site-packages/airflow/example_dags/example_kubernetes_executor.py
[2023-03-08T00:00:52.613+0000] {processor.py:753} INFO - DAG(s) dict_keys(['example_kubernetes_executor']) retrieved from /home/airflow/.local/lib/python3.7/site-packages/airflow/example_dags/example_kubernetes_executor.py
[2023-03-08T00:00:52.696+0000] {logging_mixin.py:137} INFO - [2023-03-08T00:00:52.696+0000] {dag.py:2690} INFO - Sync 1 DAGs
[2023-03-08T00:00:52.774+0000] {logging_mixin.py:137} INFO - [2023-03-08T00:00:52.774+0000] {dag.py:3441} INFO - Setting next_dagrun for example_kubernetes_executor to None, run_after=None
[2023-03-08T00:00:52.843+0000] {processor.py:175} INFO - Processing /home/airflow/.local/lib/python3.7/site-packages/airflow/example_dags/example_kubernetes_executor.py took 0.317 seconds
[2023-03-08T00:01:23.028+0000] {processor.py:153} INFO - Started process (PID=2413) to work on /home/airflow/.local/lib/python3.7/site-packages/airflow/example_dags/example_kubernetes_executor.py
[2023-03-08T00:01:23.034+0000] {processor.py:743} INFO - Processing file /home/airflow/.local/lib/python3.7/site-packages/airflow/example_dags/example_kubernetes_executor.py for tasks to queue
[2023-03-08T00:01:23.049+0000] {logging_mixin.py:137} INFO - [2023-03-08T00:01:23.049+0000] {dagbag.py:538} INFO - Filling up the DagBag from /home/airflow/.local/lib/python3.7/site-packages/airflow/example_dags/example_kubernetes_executor.py
[2023-03-08T00:01:23.186+0000] {processor.py:753} INFO - DAG(s) dict_keys(['example_kubernetes_executor']) retrieved from /home/airflow/.local/lib/python3.7/site-packages/airflow/example_dags/example_kubernetes_executor.py
[2023-03-08T00:01:23.298+0000] {logging_mixin.py:137} INFO - [2023-03-08T00:01:23.298+0000] {dag.py:2690} INFO - Sync 1 DAGs
[2023-03-08T00:01:23.535+0000] {logging_mixin.py:137} INFO - [2023-03-08T00:01:23.534+0000] {dag.py:3441} INFO - Setting next_dagrun for example_kubernetes_executor to None, run_after=None
[2023-03-08T00:01:23.605+0000] {processor.py:175} INFO - Processing /home/airflow/.local/lib/python3.7/site-packages/airflow/example_dags/example_kubernetes_executor.py took 0.588 seconds
[2023-03-08T00:01:59.924+0000] {processor.py:153} INFO - Started process (PID=2481) to work on /home/airflow/.local/lib/python3.7/site-packages/airflow/example_dags/example_kubernetes_executor.py
[2023-03-08T00:01:59.936+0000] {processor.py:743} INFO - Processing file /home/airflow/.local/lib/python3.7/site-packages/airflow/example_dags/example_kubernetes_executor.py for tasks to queue
[2023-03-08T00:01:59.942+0000] {logging_mixin.py:137} INFO - [2023-03-08T00:01:59.942+0000] {dagbag.py:538} INFO - Filling up the DagBag from /home/airflow/.local/lib/python3.7/site-packages/airflow/example_dags/example_kubernetes_executor.py
[2023-03-08T00:02:00.114+0000] {processor.py:753} INFO - DAG(s) dict_keys(['example_kubernetes_executor']) retrieved from /home/airflow/.local/lib/python3.7/site-packages/airflow/example_dags/example_kubernetes_executor.py
[2023-03-08T00:02:00.383+0000] {logging_mixin.py:137} INFO - [2023-03-08T00:02:00.382+0000] {dag.py:2690} INFO - Sync 1 DAGs
[2023-03-08T00:02:00.671+0000] {logging_mixin.py:137} INFO - [2023-03-08T00:02:00.656+0000] {dag.py:3441} INFO - Setting next_dagrun for example_kubernetes_executor to None, run_after=None
[2023-03-08T00:02:00.815+0000] {processor.py:175} INFO - Processing /home/airflow/.local/lib/python3.7/site-packages/airflow/example_dags/example_kubernetes_executor.py took 0.917 seconds
[2023-03-08T00:02:36.683+0000] {processor.py:153} INFO - Started process (PID=2548) to work on /home/airflow/.local/lib/python3.7/site-packages/airflow/example_dags/example_kubernetes_executor.py
[2023-03-08T00:02:36.701+0000] {processor.py:743} INFO - Processing file /home/airflow/.local/lib/python3.7/site-packages/airflow/example_dags/example_kubernetes_executor.py for tasks to queue
[2023-03-08T00:02:36.748+0000] {logging_mixin.py:137} INFO - [2023-03-08T00:02:36.711+0000] {dagbag.py:538} INFO - Filling up the DagBag from /home/airflow/.local/lib/python3.7/site-packages/airflow/example_dags/example_kubernetes_executor.py
[2023-03-08T00:02:37.471+0000] {processor.py:753} INFO - DAG(s) dict_keys(['example_kubernetes_executor']) retrieved from /home/airflow/.local/lib/python3.7/site-packages/airflow/example_dags/example_kubernetes_executor.py
[2023-03-08T00:02:37.684+0000] {logging_mixin.py:137} INFO - [2023-03-08T00:02:37.683+0000] {dag.py:2690} INFO - Sync 1 DAGs
[2023-03-08T00:02:37.836+0000] {logging_mixin.py:137} INFO - [2023-03-08T00:02:37.836+0000] {dag.py:3441} INFO - Setting next_dagrun for example_kubernetes_executor to None, run_after=None
[2023-03-08T00:02:37.936+0000] {processor.py:175} INFO - Processing /home/airflow/.local/lib/python3.7/site-packages/airflow/example_dags/example_kubernetes_executor.py took 1.372 seconds
[2023-03-08T00:03:09.258+0000] {processor.py:153} INFO - Started process (PID=2610) to work on /home/airflow/.local/lib/python3.7/site-packages/airflow/example_dags/example_kubernetes_executor.py
[2023-03-08T00:03:09.268+0000] {processor.py:743} INFO - Processing file /home/airflow/.local/lib/python3.7/site-packages/airflow/example_dags/example_kubernetes_executor.py for tasks to queue
[2023-03-08T00:03:09.273+0000] {logging_mixin.py:137} INFO - [2023-03-08T00:03:09.272+0000] {dagbag.py:538} INFO - Filling up the DagBag from /home/airflow/.local/lib/python3.7/site-packages/airflow/example_dags/example_kubernetes_executor.py
[2023-03-08T00:03:09.441+0000] {processor.py:753} INFO - DAG(s) dict_keys(['example_kubernetes_executor']) retrieved from /home/airflow/.local/lib/python3.7/site-packages/airflow/example_dags/example_kubernetes_executor.py
[2023-03-08T00:03:09.661+0000] {logging_mixin.py:137} INFO - [2023-03-08T00:03:09.661+0000] {dag.py:2690} INFO - Sync 1 DAGs
[2023-03-08T00:03:09.752+0000] {logging_mixin.py:137} INFO - [2023-03-08T00:03:09.751+0000] {dag.py:3441} INFO - Setting next_dagrun for example_kubernetes_executor to None, run_after=None
[2023-03-08T00:03:09.820+0000] {processor.py:175} INFO - Processing /home/airflow/.local/lib/python3.7/site-packages/airflow/example_dags/example_kubernetes_executor.py took 0.582 seconds
[2023-03-08T00:03:42.250+0000] {processor.py:153} INFO - Started process (PID=2680) to work on /home/airflow/.local/lib/python3.7/site-packages/airflow/example_dags/example_kubernetes_executor.py
[2023-03-08T00:03:42.259+0000] {processor.py:743} INFO - Processing file /home/airflow/.local/lib/python3.7/site-packages/airflow/example_dags/example_kubernetes_executor.py for tasks to queue
[2023-03-08T00:03:42.268+0000] {logging_mixin.py:137} INFO - [2023-03-08T00:03:42.267+0000] {dagbag.py:538} INFO - Filling up the DagBag from /home/airflow/.local/lib/python3.7/site-packages/airflow/example_dags/example_kubernetes_executor.py
[2023-03-08T00:03:42.393+0000] {processor.py:753} INFO - DAG(s) dict_keys(['example_kubernetes_executor']) retrieved from /home/airflow/.local/lib/python3.7/site-packages/airflow/example_dags/example_kubernetes_executor.py
[2023-03-08T00:03:42.529+0000] {logging_mixin.py:137} INFO - [2023-03-08T00:03:42.529+0000] {dag.py:2690} INFO - Sync 1 DAGs
[2023-03-08T00:03:42.641+0000] {logging_mixin.py:137} INFO - [2023-03-08T00:03:42.640+0000] {dag.py:3441} INFO - Setting next_dagrun for example_kubernetes_executor to None, run_after=None
[2023-03-08T00:03:42.742+0000] {processor.py:175} INFO - Processing /home/airflow/.local/lib/python3.7/site-packages/airflow/example_dags/example_kubernetes_executor.py took 0.508 seconds
[2023-03-08T00:04:12.827+0000] {processor.py:153} INFO - Started process (PID=2748) to work on /home/airflow/.local/lib/python3.7/site-packages/airflow/example_dags/example_kubernetes_executor.py
[2023-03-08T00:04:12.832+0000] {processor.py:743} INFO - Processing file /home/airflow/.local/lib/python3.7/site-packages/airflow/example_dags/example_kubernetes_executor.py for tasks to queue
[2023-03-08T00:04:12.836+0000] {logging_mixin.py:137} INFO - [2023-03-08T00:04:12.836+0000] {dagbag.py:538} INFO - Filling up the DagBag from /home/airflow/.local/lib/python3.7/site-packages/airflow/example_dags/example_kubernetes_executor.py
[2023-03-08T00:04:12.911+0000] {processor.py:753} INFO - DAG(s) dict_keys(['example_kubernetes_executor']) retrieved from /home/airflow/.local/lib/python3.7/site-packages/airflow/example_dags/example_kubernetes_executor.py
[2023-03-08T00:04:12.999+0000] {logging_mixin.py:137} INFO - [2023-03-08T00:04:12.999+0000] {dag.py:2690} INFO - Sync 1 DAGs
[2023-03-08T00:04:13.081+0000] {logging_mixin.py:137} INFO - [2023-03-08T00:04:13.081+0000] {dag.py:3441} INFO - Setting next_dagrun for example_kubernetes_executor to None, run_after=None
[2023-03-08T00:04:13.146+0000] {processor.py:175} INFO - Processing /home/airflow/.local/lib/python3.7/site-packages/airflow/example_dags/example_kubernetes_executor.py took 0.330 seconds
[2023-03-08T00:04:43.311+0000] {processor.py:153} INFO - Started process (PID=2818) to work on /home/airflow/.local/lib/python3.7/site-packages/airflow/example_dags/example_kubernetes_executor.py
[2023-03-08T00:04:43.314+0000] {processor.py:743} INFO - Processing file /home/airflow/.local/lib/python3.7/site-packages/airflow/example_dags/example_kubernetes_executor.py for tasks to queue
[2023-03-08T00:04:43.317+0000] {logging_mixin.py:137} INFO - [2023-03-08T00:04:43.317+0000] {dagbag.py:538} INFO - Filling up the DagBag from /home/airflow/.local/lib/python3.7/site-packages/airflow/example_dags/example_kubernetes_executor.py
[2023-03-08T00:04:43.387+0000] {processor.py:753} INFO - DAG(s) dict_keys(['example_kubernetes_executor']) retrieved from /home/airflow/.local/lib/python3.7/site-packages/airflow/example_dags/example_kubernetes_executor.py
[2023-03-08T00:04:43.465+0000] {logging_mixin.py:137} INFO - [2023-03-08T00:04:43.465+0000] {dag.py:2690} INFO - Sync 1 DAGs
[2023-03-08T00:04:43.539+0000] {logging_mixin.py:137} INFO - [2023-03-08T00:04:43.539+0000] {dag.py:3441} INFO - Setting next_dagrun for example_kubernetes_executor to None, run_after=None
[2023-03-08T00:04:43.588+0000] {processor.py:175} INFO - Processing /home/airflow/.local/lib/python3.7/site-packages/airflow/example_dags/example_kubernetes_executor.py took 0.290 seconds
[2023-03-08T00:05:13.714+0000] {processor.py:153} INFO - Started process (PID=2887) to work on /home/airflow/.local/lib/python3.7/site-packages/airflow/example_dags/example_kubernetes_executor.py
[2023-03-08T00:05:13.720+0000] {processor.py:743} INFO - Processing file /home/airflow/.local/lib/python3.7/site-packages/airflow/example_dags/example_kubernetes_executor.py for tasks to queue
[2023-03-08T00:05:13.730+0000] {logging_mixin.py:137} INFO - [2023-03-08T00:05:13.729+0000] {dagbag.py:538} INFO - Filling up the DagBag from /home/airflow/.local/lib/python3.7/site-packages/airflow/example_dags/example_kubernetes_executor.py
[2023-03-08T00:05:13.838+0000] {processor.py:753} INFO - DAG(s) dict_keys(['example_kubernetes_executor']) retrieved from /home/airflow/.local/lib/python3.7/site-packages/airflow/example_dags/example_kubernetes_executor.py
[2023-03-08T00:05:13.947+0000] {logging_mixin.py:137} INFO - [2023-03-08T00:05:13.947+0000] {dag.py:2690} INFO - Sync 1 DAGs
[2023-03-08T00:05:14.028+0000] {logging_mixin.py:137} INFO - [2023-03-08T00:05:14.027+0000] {dag.py:3441} INFO - Setting next_dagrun for example_kubernetes_executor to None, run_after=None
[2023-03-08T00:05:14.085+0000] {processor.py:175} INFO - Processing /home/airflow/.local/lib/python3.7/site-packages/airflow/example_dags/example_kubernetes_executor.py took 0.382 seconds
[2023-03-08T00:05:44.450+0000] {processor.py:153} INFO - Started process (PID=2958) to work on /home/airflow/.local/lib/python3.7/site-packages/airflow/example_dags/example_kubernetes_executor.py
[2023-03-08T00:05:44.456+0000] {processor.py:743} INFO - Processing file /home/airflow/.local/lib/python3.7/site-packages/airflow/example_dags/example_kubernetes_executor.py for tasks to queue
[2023-03-08T00:05:44.460+0000] {logging_mixin.py:137} INFO - [2023-03-08T00:05:44.460+0000] {dagbag.py:538} INFO - Filling up the DagBag from /home/airflow/.local/lib/python3.7/site-packages/airflow/example_dags/example_kubernetes_executor.py
[2023-03-08T00:05:44.539+0000] {processor.py:753} INFO - DAG(s) dict_keys(['example_kubernetes_executor']) retrieved from /home/airflow/.local/lib/python3.7/site-packages/airflow/example_dags/example_kubernetes_executor.py
[2023-03-08T00:05:44.639+0000] {logging_mixin.py:137} INFO - [2023-03-08T00:05:44.639+0000] {dag.py:2690} INFO - Sync 1 DAGs
[2023-03-08T00:05:44.704+0000] {logging_mixin.py:137} INFO - [2023-03-08T00:05:44.704+0000] {dag.py:3441} INFO - Setting next_dagrun for example_kubernetes_executor to None, run_after=None
[2023-03-08T00:05:44.753+0000] {processor.py:175} INFO - Processing /home/airflow/.local/lib/python3.7/site-packages/airflow/example_dags/example_kubernetes_executor.py took 0.313 seconds
[2023-03-08T00:06:14.901+0000] {processor.py:153} INFO - Started process (PID=3029) to work on /home/airflow/.local/lib/python3.7/site-packages/airflow/example_dags/example_kubernetes_executor.py
[2023-03-08T00:06:14.908+0000] {processor.py:743} INFO - Processing file /home/airflow/.local/lib/python3.7/site-packages/airflow/example_dags/example_kubernetes_executor.py for tasks to queue
[2023-03-08T00:06:14.913+0000] {logging_mixin.py:137} INFO - [2023-03-08T00:06:14.912+0000] {dagbag.py:538} INFO - Filling up the DagBag from /home/airflow/.local/lib/python3.7/site-packages/airflow/example_dags/example_kubernetes_executor.py
[2023-03-08T00:06:15.014+0000] {processor.py:753} INFO - DAG(s) dict_keys(['example_kubernetes_executor']) retrieved from /home/airflow/.local/lib/python3.7/site-packages/airflow/example_dags/example_kubernetes_executor.py
[2023-03-08T00:06:15.115+0000] {logging_mixin.py:137} INFO - [2023-03-08T00:06:15.115+0000] {dag.py:2690} INFO - Sync 1 DAGs
[2023-03-08T00:06:15.271+0000] {logging_mixin.py:137} INFO - [2023-03-08T00:06:15.271+0000] {dag.py:3441} INFO - Setting next_dagrun for example_kubernetes_executor to None, run_after=None
[2023-03-08T00:06:15.330+0000] {processor.py:175} INFO - Processing /home/airflow/.local/lib/python3.7/site-packages/airflow/example_dags/example_kubernetes_executor.py took 0.438 seconds
[2023-03-08T00:06:45.442+0000] {processor.py:153} INFO - Started process (PID=3100) to work on /home/airflow/.local/lib/python3.7/site-packages/airflow/example_dags/example_kubernetes_executor.py
[2023-03-08T00:06:45.448+0000] {processor.py:743} INFO - Processing file /home/airflow/.local/lib/python3.7/site-packages/airflow/example_dags/example_kubernetes_executor.py for tasks to queue
[2023-03-08T00:06:45.454+0000] {logging_mixin.py:137} INFO - [2023-03-08T00:06:45.453+0000] {dagbag.py:538} INFO - Filling up the DagBag from /home/airflow/.local/lib/python3.7/site-packages/airflow/example_dags/example_kubernetes_executor.py
[2023-03-08T00:06:45.635+0000] {processor.py:753} INFO - DAG(s) dict_keys(['example_kubernetes_executor']) retrieved from /home/airflow/.local/lib/python3.7/site-packages/airflow/example_dags/example_kubernetes_executor.py
[2023-03-08T00:06:45.711+0000] {logging_mixin.py:137} INFO - [2023-03-08T00:06:45.710+0000] {dag.py:2690} INFO - Sync 1 DAGs
[2023-03-08T00:06:45.775+0000] {logging_mixin.py:137} INFO - [2023-03-08T00:06:45.774+0000] {dag.py:3441} INFO - Setting next_dagrun for example_kubernetes_executor to None, run_after=None
[2023-03-08T00:06:45.822+0000] {processor.py:175} INFO - Processing /home/airflow/.local/lib/python3.7/site-packages/airflow/example_dags/example_kubernetes_executor.py took 0.391 seconds
[2023-03-08T00:07:18.163+0000] {processor.py:153} INFO - Started process (PID=3169) to work on /home/airflow/.local/lib/python3.7/site-packages/airflow/example_dags/example_kubernetes_executor.py
[2023-03-08T00:07:18.168+0000] {processor.py:743} INFO - Processing file /home/airflow/.local/lib/python3.7/site-packages/airflow/example_dags/example_kubernetes_executor.py for tasks to queue
[2023-03-08T00:07:18.182+0000] {logging_mixin.py:137} INFO - [2023-03-08T00:07:18.181+0000] {dagbag.py:538} INFO - Filling up the DagBag from /home/airflow/.local/lib/python3.7/site-packages/airflow/example_dags/example_kubernetes_executor.py
[2023-03-08T00:07:18.414+0000] {processor.py:753} INFO - DAG(s) dict_keys(['example_kubernetes_executor']) retrieved from /home/airflow/.local/lib/python3.7/site-packages/airflow/example_dags/example_kubernetes_executor.py
[2023-03-08T00:07:18.748+0000] {logging_mixin.py:137} INFO - [2023-03-08T00:07:18.747+0000] {dag.py:2690} INFO - Sync 1 DAGs
[2023-03-08T00:07:18.983+0000] {logging_mixin.py:137} INFO - [2023-03-08T00:07:18.982+0000] {dag.py:3441} INFO - Setting next_dagrun for example_kubernetes_executor to None, run_after=None
[2023-03-08T00:07:19.079+0000] {processor.py:175} INFO - Processing /home/airflow/.local/lib/python3.7/site-packages/airflow/example_dags/example_kubernetes_executor.py took 0.937 seconds
[2023-03-08T00:07:52.169+0000] {processor.py:153} INFO - Started process (PID=3244) to work on /home/airflow/.local/lib/python3.7/site-packages/airflow/example_dags/example_kubernetes_executor.py
[2023-03-08T00:07:52.180+0000] {processor.py:743} INFO - Processing file /home/airflow/.local/lib/python3.7/site-packages/airflow/example_dags/example_kubernetes_executor.py for tasks to queue
[2023-03-08T00:07:52.191+0000] {logging_mixin.py:137} INFO - [2023-03-08T00:07:52.189+0000] {dagbag.py:538} INFO - Filling up the DagBag from /home/airflow/.local/lib/python3.7/site-packages/airflow/example_dags/example_kubernetes_executor.py
[2023-03-08T00:07:52.332+0000] {processor.py:753} INFO - DAG(s) dict_keys(['example_kubernetes_executor']) retrieved from /home/airflow/.local/lib/python3.7/site-packages/airflow/example_dags/example_kubernetes_executor.py
[2023-03-08T00:07:52.585+0000] {logging_mixin.py:137} INFO - [2023-03-08T00:07:52.584+0000] {dag.py:2690} INFO - Sync 1 DAGs
[2023-03-08T00:07:52.724+0000] {logging_mixin.py:137} INFO - [2023-03-08T00:07:52.723+0000] {dag.py:3441} INFO - Setting next_dagrun for example_kubernetes_executor to None, run_after=None
[2023-03-08T00:07:52.804+0000] {processor.py:175} INFO - Processing /home/airflow/.local/lib/python3.7/site-packages/airflow/example_dags/example_kubernetes_executor.py took 0.655 seconds
[2023-03-08T00:08:24.947+0000] {processor.py:153} INFO - Started process (PID=3303) to work on /home/airflow/.local/lib/python3.7/site-packages/airflow/example_dags/example_kubernetes_executor.py
[2023-03-08T00:08:24.955+0000] {processor.py:743} INFO - Processing file /home/airflow/.local/lib/python3.7/site-packages/airflow/example_dags/example_kubernetes_executor.py for tasks to queue
[2023-03-08T00:08:24.960+0000] {logging_mixin.py:137} INFO - [2023-03-08T00:08:24.959+0000] {dagbag.py:538} INFO - Filling up the DagBag from /home/airflow/.local/lib/python3.7/site-packages/airflow/example_dags/example_kubernetes_executor.py
[2023-03-08T00:08:25.057+0000] {processor.py:753} INFO - DAG(s) dict_keys(['example_kubernetes_executor']) retrieved from /home/airflow/.local/lib/python3.7/site-packages/airflow/example_dags/example_kubernetes_executor.py
[2023-03-08T00:08:25.157+0000] {logging_mixin.py:137} INFO - [2023-03-08T00:08:25.156+0000] {dag.py:2690} INFO - Sync 1 DAGs
[2023-03-08T00:08:25.256+0000] {logging_mixin.py:137} INFO - [2023-03-08T00:08:25.255+0000] {dag.py:3441} INFO - Setting next_dagrun for example_kubernetes_executor to None, run_after=None
[2023-03-08T00:08:25.322+0000] {processor.py:175} INFO - Processing /home/airflow/.local/lib/python3.7/site-packages/airflow/example_dags/example_kubernetes_executor.py took 0.387 seconds
[2023-03-08T00:09:00.568+0000] {processor.py:153} INFO - Started process (PID=3371) to work on /home/airflow/.local/lib/python3.7/site-packages/airflow/example_dags/example_kubernetes_executor.py
[2023-03-08T00:09:00.577+0000] {processor.py:743} INFO - Processing file /home/airflow/.local/lib/python3.7/site-packages/airflow/example_dags/example_kubernetes_executor.py for tasks to queue
[2023-03-08T00:09:00.586+0000] {logging_mixin.py:137} INFO - [2023-03-08T00:09:00.584+0000] {dagbag.py:538} INFO - Filling up the DagBag from /home/airflow/.local/lib/python3.7/site-packages/airflow/example_dags/example_kubernetes_executor.py
[2023-03-08T00:09:00.944+0000] {processor.py:753} INFO - DAG(s) dict_keys(['example_kubernetes_executor']) retrieved from /home/airflow/.local/lib/python3.7/site-packages/airflow/example_dags/example_kubernetes_executor.py
[2023-03-08T00:09:01.083+0000] {logging_mixin.py:137} INFO - [2023-03-08T00:09:01.082+0000] {dag.py:2690} INFO - Sync 1 DAGs
[2023-03-08T00:09:01.220+0000] {logging_mixin.py:137} INFO - [2023-03-08T00:09:01.220+0000] {dag.py:3441} INFO - Setting next_dagrun for example_kubernetes_executor to None, run_after=None
[2023-03-08T00:09:01.319+0000] {processor.py:175} INFO - Processing /home/airflow/.local/lib/python3.7/site-packages/airflow/example_dags/example_kubernetes_executor.py took 0.771 seconds
[2023-03-08T00:09:35.276+0000] {processor.py:153} INFO - Started process (PID=3440) to work on /home/airflow/.local/lib/python3.7/site-packages/airflow/example_dags/example_kubernetes_executor.py
[2023-03-08T00:09:35.287+0000] {processor.py:743} INFO - Processing file /home/airflow/.local/lib/python3.7/site-packages/airflow/example_dags/example_kubernetes_executor.py for tasks to queue
[2023-03-08T00:09:35.292+0000] {logging_mixin.py:137} INFO - [2023-03-08T00:09:35.292+0000] {dagbag.py:538} INFO - Filling up the DagBag from /home/airflow/.local/lib/python3.7/site-packages/airflow/example_dags/example_kubernetes_executor.py
[2023-03-08T00:09:35.535+0000] {processor.py:753} INFO - DAG(s) dict_keys(['example_kubernetes_executor']) retrieved from /home/airflow/.local/lib/python3.7/site-packages/airflow/example_dags/example_kubernetes_executor.py
[2023-03-08T00:09:35.723+0000] {logging_mixin.py:137} INFO - [2023-03-08T00:09:35.722+0000] {dag.py:2690} INFO - Sync 1 DAGs
[2023-03-08T00:09:35.869+0000] {logging_mixin.py:137} INFO - [2023-03-08T00:09:35.869+0000] {dag.py:3441} INFO - Setting next_dagrun for example_kubernetes_executor to None, run_after=None
[2023-03-08T00:09:36.029+0000] {processor.py:175} INFO - Processing /home/airflow/.local/lib/python3.7/site-packages/airflow/example_dags/example_kubernetes_executor.py took 0.775 seconds
[2023-03-08T00:10:06.955+0000] {processor.py:153} INFO - Started process (PID=3511) to work on /home/airflow/.local/lib/python3.7/site-packages/airflow/example_dags/example_kubernetes_executor.py
[2023-03-08T00:10:06.991+0000] {processor.py:743} INFO - Processing file /home/airflow/.local/lib/python3.7/site-packages/airflow/example_dags/example_kubernetes_executor.py for tasks to queue
[2023-03-08T00:10:07.017+0000] {logging_mixin.py:137} INFO - [2023-03-08T00:10:07.010+0000] {dagbag.py:538} INFO - Filling up the DagBag from /home/airflow/.local/lib/python3.7/site-packages/airflow/example_dags/example_kubernetes_executor.py
[2023-03-08T00:10:07.524+0000] {processor.py:753} INFO - DAG(s) dict_keys(['example_kubernetes_executor']) retrieved from /home/airflow/.local/lib/python3.7/site-packages/airflow/example_dags/example_kubernetes_executor.py
[2023-03-08T00:10:07.732+0000] {logging_mixin.py:137} INFO - [2023-03-08T00:10:07.731+0000] {dag.py:2690} INFO - Sync 1 DAGs
[2023-03-08T00:10:07.875+0000] {logging_mixin.py:137} INFO - [2023-03-08T00:10:07.875+0000] {dag.py:3441} INFO - Setting next_dagrun for example_kubernetes_executor to None, run_after=None
[2023-03-08T00:10:07.946+0000] {processor.py:175} INFO - Processing /home/airflow/.local/lib/python3.7/site-packages/airflow/example_dags/example_kubernetes_executor.py took 1.054 seconds
[2023-03-08T00:10:38.373+0000] {processor.py:153} INFO - Started process (PID=3569) to work on /home/airflow/.local/lib/python3.7/site-packages/airflow/example_dags/example_kubernetes_executor.py
[2023-03-08T00:10:38.382+0000] {processor.py:743} INFO - Processing file /home/airflow/.local/lib/python3.7/site-packages/airflow/example_dags/example_kubernetes_executor.py for tasks to queue
[2023-03-08T00:10:38.387+0000] {logging_mixin.py:137} INFO - [2023-03-08T00:10:38.387+0000] {dagbag.py:538} INFO - Filling up the DagBag from /home/airflow/.local/lib/python3.7/site-packages/airflow/example_dags/example_kubernetes_executor.py
[2023-03-08T00:10:38.472+0000] {processor.py:753} INFO - DAG(s) dict_keys(['example_kubernetes_executor']) retrieved from /home/airflow/.local/lib/python3.7/site-packages/airflow/example_dags/example_kubernetes_executor.py
[2023-03-08T00:10:38.614+0000] {logging_mixin.py:137} INFO - [2023-03-08T00:10:38.614+0000] {dag.py:2690} INFO - Sync 1 DAGs
[2023-03-08T00:10:38.753+0000] {logging_mixin.py:137} INFO - [2023-03-08T00:10:38.752+0000] {dag.py:3441} INFO - Setting next_dagrun for example_kubernetes_executor to None, run_after=None
[2023-03-08T00:10:38.819+0000] {processor.py:175} INFO - Processing /home/airflow/.local/lib/python3.7/site-packages/airflow/example_dags/example_kubernetes_executor.py took 0.457 seconds
[2023-03-08T00:11:09.903+0000] {processor.py:153} INFO - Started process (PID=3642) to work on /home/airflow/.local/lib/python3.7/site-packages/airflow/example_dags/example_kubernetes_executor.py
[2023-03-08T00:11:09.908+0000] {processor.py:743} INFO - Processing file /home/airflow/.local/lib/python3.7/site-packages/airflow/example_dags/example_kubernetes_executor.py for tasks to queue
[2023-03-08T00:11:09.913+0000] {logging_mixin.py:137} INFO - [2023-03-08T00:11:09.912+0000] {dagbag.py:538} INFO - Filling up the DagBag from /home/airflow/.local/lib/python3.7/site-packages/airflow/example_dags/example_kubernetes_executor.py
[2023-03-08T00:11:10.007+0000] {processor.py:753} INFO - DAG(s) dict_keys(['example_kubernetes_executor']) retrieved from /home/airflow/.local/lib/python3.7/site-packages/airflow/example_dags/example_kubernetes_executor.py
[2023-03-08T00:11:10.091+0000] {logging_mixin.py:137} INFO - [2023-03-08T00:11:10.091+0000] {dag.py:2690} INFO - Sync 1 DAGs
[2023-03-08T00:11:10.253+0000] {logging_mixin.py:137} INFO - [2023-03-08T00:11:10.253+0000] {dag.py:3441} INFO - Setting next_dagrun for example_kubernetes_executor to None, run_after=None
[2023-03-08T00:11:10.322+0000] {processor.py:175} INFO - Processing /home/airflow/.local/lib/python3.7/site-packages/airflow/example_dags/example_kubernetes_executor.py took 0.432 seconds
[2023-03-08T00:11:41.308+0000] {processor.py:153} INFO - Started process (PID=3707) to work on /home/airflow/.local/lib/python3.7/site-packages/airflow/example_dags/example_kubernetes_executor.py
[2023-03-08T00:11:41.315+0000] {processor.py:743} INFO - Processing file /home/airflow/.local/lib/python3.7/site-packages/airflow/example_dags/example_kubernetes_executor.py for tasks to queue
[2023-03-08T00:11:41.317+0000] {logging_mixin.py:137} INFO - [2023-03-08T00:11:41.317+0000] {dagbag.py:538} INFO - Filling up the DagBag from /home/airflow/.local/lib/python3.7/site-packages/airflow/example_dags/example_kubernetes_executor.py
[2023-03-08T00:11:41.380+0000] {processor.py:753} INFO - DAG(s) dict_keys(['example_kubernetes_executor']) retrieved from /home/airflow/.local/lib/python3.7/site-packages/airflow/example_dags/example_kubernetes_executor.py
[2023-03-08T00:11:41.448+0000] {logging_mixin.py:137} INFO - [2023-03-08T00:11:41.448+0000] {dag.py:2690} INFO - Sync 1 DAGs
[2023-03-08T00:11:41.506+0000] {logging_mixin.py:137} INFO - [2023-03-08T00:11:41.505+0000] {dag.py:3441} INFO - Setting next_dagrun for example_kubernetes_executor to None, run_after=None
[2023-03-08T00:11:41.551+0000] {processor.py:175} INFO - Processing /home/airflow/.local/lib/python3.7/site-packages/airflow/example_dags/example_kubernetes_executor.py took 0.251 seconds
[2023-03-08T00:12:14.371+0000] {processor.py:153} INFO - Started process (PID=3789) to work on /home/airflow/.local/lib/python3.7/site-packages/airflow/example_dags/example_kubernetes_executor.py
[2023-03-08T00:12:14.379+0000] {processor.py:743} INFO - Processing file /home/airflow/.local/lib/python3.7/site-packages/airflow/example_dags/example_kubernetes_executor.py for tasks to queue
[2023-03-08T00:12:14.385+0000] {logging_mixin.py:137} INFO - [2023-03-08T00:12:14.385+0000] {dagbag.py:538} INFO - Filling up the DagBag from /home/airflow/.local/lib/python3.7/site-packages/airflow/example_dags/example_kubernetes_executor.py
[2023-03-08T00:12:14.524+0000] {processor.py:753} INFO - DAG(s) dict_keys(['example_kubernetes_executor']) retrieved from /home/airflow/.local/lib/python3.7/site-packages/airflow/example_dags/example_kubernetes_executor.py
[2023-03-08T00:12:14.854+0000] {logging_mixin.py:137} INFO - [2023-03-08T00:12:14.853+0000] {dag.py:2690} INFO - Sync 1 DAGs
[2023-03-08T00:12:14.964+0000] {logging_mixin.py:137} INFO - [2023-03-08T00:12:14.964+0000] {dag.py:3441} INFO - Setting next_dagrun for example_kubernetes_executor to None, run_after=None
[2023-03-08T00:12:15.018+0000] {processor.py:175} INFO - Processing /home/airflow/.local/lib/python3.7/site-packages/airflow/example_dags/example_kubernetes_executor.py took 0.665 seconds
