[2023-03-08T00:00:03.681+0000] {processor.py:153} INFO - Started process (PID=2247) to work on /home/airflow/.local/lib/python3.7/site-packages/airflow/example_dags/example_branch_datetime_operator.py
[2023-03-08T00:00:03.688+0000] {processor.py:743} INFO - Processing file /home/airflow/.local/lib/python3.7/site-packages/airflow/example_dags/example_branch_datetime_operator.py for tasks to queue
[2023-03-08T00:00:03.694+0000] {logging_mixin.py:137} INFO - [2023-03-08T00:00:03.693+0000] {dagbag.py:538} INFO - Filling up the DagBag from /home/airflow/.local/lib/python3.7/site-packages/airflow/example_dags/example_branch_datetime_operator.py
[2023-03-08T00:00:03.790+0000] {processor.py:753} INFO - DAG(s) dict_keys(['example_branch_datetime_operator_3', 'example_branch_datetime_operator_2', 'example_branch_datetime_operator']) retrieved from /home/airflow/.local/lib/python3.7/site-packages/airflow/example_dags/example_branch_datetime_operator.py
[2023-03-08T00:00:03.918+0000] {logging_mixin.py:137} INFO - [2023-03-08T00:00:03.918+0000] {dag.py:2690} INFO - Sync 3 DAGs
[2023-03-08T00:00:04.188+0000] {logging_mixin.py:137} INFO - [2023-03-08T00:00:04.187+0000] {dag.py:3441} INFO - Setting next_dagrun for example_branch_datetime_operator to 2023-03-07T00:00:00+00:00, run_after=2023-03-08T00:00:00+00:00
[2023-03-08T00:00:04.313+0000] {logging_mixin.py:137} INFO - [2023-03-08T00:00:04.313+0000] {dag.py:3441} INFO - Setting next_dagrun for example_branch_datetime_operator_2 to 2023-03-07T00:00:00+00:00, run_after=2023-03-08T00:00:00+00:00
[2023-03-08T00:00:04.339+0000] {logging_mixin.py:137} INFO - [2023-03-08T00:00:04.339+0000] {dag.py:3441} INFO - Setting next_dagrun for example_branch_datetime_operator_3 to 2023-03-07T00:00:00+00:00, run_after=2023-03-08T00:00:00+00:00
[2023-03-08T00:00:04.469+0000] {processor.py:175} INFO - Processing /home/airflow/.local/lib/python3.7/site-packages/airflow/example_dags/example_branch_datetime_operator.py took 0.804 seconds
[2023-03-08T00:00:36.944+0000] {processor.py:153} INFO - Started process (PID=2316) to work on /home/airflow/.local/lib/python3.7/site-packages/airflow/example_dags/example_branch_datetime_operator.py
[2023-03-08T00:00:36.953+0000] {processor.py:743} INFO - Processing file /home/airflow/.local/lib/python3.7/site-packages/airflow/example_dags/example_branch_datetime_operator.py for tasks to queue
[2023-03-08T00:00:36.958+0000] {logging_mixin.py:137} INFO - [2023-03-08T00:00:36.958+0000] {dagbag.py:538} INFO - Filling up the DagBag from /home/airflow/.local/lib/python3.7/site-packages/airflow/example_dags/example_branch_datetime_operator.py
[2023-03-08T00:00:37.037+0000] {processor.py:753} INFO - DAG(s) dict_keys(['example_branch_datetime_operator_3', 'example_branch_datetime_operator', 'example_branch_datetime_operator_2']) retrieved from /home/airflow/.local/lib/python3.7/site-packages/airflow/example_dags/example_branch_datetime_operator.py
[2023-03-08T00:00:37.148+0000] {logging_mixin.py:137} INFO - [2023-03-08T00:00:37.147+0000] {dag.py:2690} INFO - Sync 3 DAGs
[2023-03-08T00:00:37.302+0000] {logging_mixin.py:137} INFO - [2023-03-08T00:00:37.301+0000] {dag.py:3441} INFO - Setting next_dagrun for example_branch_datetime_operator to 2023-03-07T00:00:00+00:00, run_after=2023-03-08T00:00:00+00:00
[2023-03-08T00:00:37.343+0000] {logging_mixin.py:137} INFO - [2023-03-08T00:00:37.342+0000] {dag.py:3441} INFO - Setting next_dagrun for example_branch_datetime_operator_2 to 2023-03-07T00:00:00+00:00, run_after=2023-03-08T00:00:00+00:00
[2023-03-08T00:00:37.357+0000] {logging_mixin.py:137} INFO - [2023-03-08T00:00:37.356+0000] {dag.py:3441} INFO - Setting next_dagrun for example_branch_datetime_operator_3 to 2023-03-07T00:00:00+00:00, run_after=2023-03-08T00:00:00+00:00
[2023-03-08T00:00:37.437+0000] {processor.py:175} INFO - Processing /home/airflow/.local/lib/python3.7/site-packages/airflow/example_dags/example_branch_datetime_operator.py took 0.507 seconds
[2023-03-08T00:01:10.442+0000] {processor.py:153} INFO - Started process (PID=2378) to work on /home/airflow/.local/lib/python3.7/site-packages/airflow/example_dags/example_branch_datetime_operator.py
[2023-03-08T00:01:10.449+0000] {processor.py:743} INFO - Processing file /home/airflow/.local/lib/python3.7/site-packages/airflow/example_dags/example_branch_datetime_operator.py for tasks to queue
[2023-03-08T00:01:10.454+0000] {logging_mixin.py:137} INFO - [2023-03-08T00:01:10.453+0000] {dagbag.py:538} INFO - Filling up the DagBag from /home/airflow/.local/lib/python3.7/site-packages/airflow/example_dags/example_branch_datetime_operator.py
[2023-03-08T00:01:10.559+0000] {processor.py:753} INFO - DAG(s) dict_keys(['example_branch_datetime_operator', 'example_branch_datetime_operator_2', 'example_branch_datetime_operator_3']) retrieved from /home/airflow/.local/lib/python3.7/site-packages/airflow/example_dags/example_branch_datetime_operator.py
[2023-03-08T00:01:10.740+0000] {logging_mixin.py:137} INFO - [2023-03-08T00:01:10.740+0000] {dag.py:2690} INFO - Sync 3 DAGs
[2023-03-08T00:01:10.878+0000] {logging_mixin.py:137} INFO - [2023-03-08T00:01:10.877+0000] {dag.py:3441} INFO - Setting next_dagrun for example_branch_datetime_operator to 2023-03-07T00:00:00+00:00, run_after=2023-03-08T00:00:00+00:00
[2023-03-08T00:01:10.900+0000] {logging_mixin.py:137} INFO - [2023-03-08T00:01:10.899+0000] {dag.py:3441} INFO - Setting next_dagrun for example_branch_datetime_operator_2 to 2023-03-07T00:00:00+00:00, run_after=2023-03-08T00:00:00+00:00
[2023-03-08T00:01:10.935+0000] {logging_mixin.py:137} INFO - [2023-03-08T00:01:10.934+0000] {dag.py:3441} INFO - Setting next_dagrun for example_branch_datetime_operator_3 to 2023-03-07T00:00:00+00:00, run_after=2023-03-08T00:00:00+00:00
[2023-03-08T00:01:10.999+0000] {processor.py:175} INFO - Processing /home/airflow/.local/lib/python3.7/site-packages/airflow/example_dags/example_branch_datetime_operator.py took 0.570 seconds
[2023-03-08T00:01:47.741+0000] {processor.py:153} INFO - Started process (PID=2453) to work on /home/airflow/.local/lib/python3.7/site-packages/airflow/example_dags/example_branch_datetime_operator.py
[2023-03-08T00:01:47.755+0000] {processor.py:743} INFO - Processing file /home/airflow/.local/lib/python3.7/site-packages/airflow/example_dags/example_branch_datetime_operator.py for tasks to queue
[2023-03-08T00:01:47.764+0000] {logging_mixin.py:137} INFO - [2023-03-08T00:01:47.763+0000] {dagbag.py:538} INFO - Filling up the DagBag from /home/airflow/.local/lib/python3.7/site-packages/airflow/example_dags/example_branch_datetime_operator.py
[2023-03-08T00:01:47.858+0000] {processor.py:753} INFO - DAG(s) dict_keys(['example_branch_datetime_operator_2', 'example_branch_datetime_operator_3', 'example_branch_datetime_operator']) retrieved from /home/airflow/.local/lib/python3.7/site-packages/airflow/example_dags/example_branch_datetime_operator.py
[2023-03-08T00:01:48.377+0000] {logging_mixin.py:137} INFO - [2023-03-08T00:01:48.377+0000] {dag.py:2690} INFO - Sync 3 DAGs
[2023-03-08T00:01:48.672+0000] {logging_mixin.py:137} INFO - [2023-03-08T00:01:48.671+0000] {dag.py:3441} INFO - Setting next_dagrun for example_branch_datetime_operator to 2023-03-07T00:00:00+00:00, run_after=2023-03-08T00:00:00+00:00
[2023-03-08T00:01:48.729+0000] {logging_mixin.py:137} INFO - [2023-03-08T00:01:48.729+0000] {dag.py:3441} INFO - Setting next_dagrun for example_branch_datetime_operator_2 to 2023-03-07T00:00:00+00:00, run_after=2023-03-08T00:00:00+00:00
[2023-03-08T00:01:48.751+0000] {logging_mixin.py:137} INFO - [2023-03-08T00:01:48.751+0000] {dag.py:3441} INFO - Setting next_dagrun for example_branch_datetime_operator_3 to 2023-03-07T00:00:00+00:00, run_after=2023-03-08T00:00:00+00:00
[2023-03-08T00:01:48.853+0000] {processor.py:175} INFO - Processing /home/airflow/.local/lib/python3.7/site-packages/airflow/example_dags/example_branch_datetime_operator.py took 1.145 seconds
[2023-03-08T00:02:31.907+0000] {processor.py:153} INFO - Started process (PID=2530) to work on /home/airflow/.local/lib/python3.7/site-packages/airflow/example_dags/example_branch_datetime_operator.py
[2023-03-08T00:02:31.916+0000] {processor.py:743} INFO - Processing file /home/airflow/.local/lib/python3.7/site-packages/airflow/example_dags/example_branch_datetime_operator.py for tasks to queue
[2023-03-08T00:02:31.927+0000] {logging_mixin.py:137} INFO - [2023-03-08T00:02:31.920+0000] {dagbag.py:538} INFO - Filling up the DagBag from /home/airflow/.local/lib/python3.7/site-packages/airflow/example_dags/example_branch_datetime_operator.py
[2023-03-08T00:02:32.020+0000] {processor.py:753} INFO - DAG(s) dict_keys(['example_branch_datetime_operator_2', 'example_branch_datetime_operator_3', 'example_branch_datetime_operator']) retrieved from /home/airflow/.local/lib/python3.7/site-packages/airflow/example_dags/example_branch_datetime_operator.py
[2023-03-08T00:02:32.263+0000] {logging_mixin.py:137} INFO - [2023-03-08T00:02:32.261+0000] {dag.py:2690} INFO - Sync 3 DAGs
[2023-03-08T00:02:32.381+0000] {logging_mixin.py:137} INFO - [2023-03-08T00:02:32.381+0000] {dag.py:3441} INFO - Setting next_dagrun for example_branch_datetime_operator to 2023-03-07T00:00:00+00:00, run_after=2023-03-08T00:00:00+00:00
[2023-03-08T00:02:32.404+0000] {logging_mixin.py:137} INFO - [2023-03-08T00:02:32.404+0000] {dag.py:3441} INFO - Setting next_dagrun for example_branch_datetime_operator_2 to 2023-03-07T00:00:00+00:00, run_after=2023-03-08T00:00:00+00:00
[2023-03-08T00:02:32.424+0000] {logging_mixin.py:137} INFO - [2023-03-08T00:02:32.424+0000] {dag.py:3441} INFO - Setting next_dagrun for example_branch_datetime_operator_3 to 2023-03-07T00:00:00+00:00, run_after=2023-03-08T00:00:00+00:00
[2023-03-08T00:02:32.493+0000] {processor.py:175} INFO - Processing /home/airflow/.local/lib/python3.7/site-packages/airflow/example_dags/example_branch_datetime_operator.py took 0.608 seconds
[2023-03-08T00:03:03.457+0000] {processor.py:153} INFO - Started process (PID=2599) to work on /home/airflow/.local/lib/python3.7/site-packages/airflow/example_dags/example_branch_datetime_operator.py
[2023-03-08T00:03:03.470+0000] {processor.py:743} INFO - Processing file /home/airflow/.local/lib/python3.7/site-packages/airflow/example_dags/example_branch_datetime_operator.py for tasks to queue
[2023-03-08T00:03:03.475+0000] {logging_mixin.py:137} INFO - [2023-03-08T00:03:03.474+0000] {dagbag.py:538} INFO - Filling up the DagBag from /home/airflow/.local/lib/python3.7/site-packages/airflow/example_dags/example_branch_datetime_operator.py
[2023-03-08T00:03:03.664+0000] {processor.py:753} INFO - DAG(s) dict_keys(['example_branch_datetime_operator', 'example_branch_datetime_operator_2', 'example_branch_datetime_operator_3']) retrieved from /home/airflow/.local/lib/python3.7/site-packages/airflow/example_dags/example_branch_datetime_operator.py
[2023-03-08T00:03:03.906+0000] {logging_mixin.py:137} INFO - [2023-03-08T00:03:03.906+0000] {dag.py:2690} INFO - Sync 3 DAGs
[2023-03-08T00:03:04.138+0000] {logging_mixin.py:137} INFO - [2023-03-08T00:03:04.137+0000] {dag.py:3441} INFO - Setting next_dagrun for example_branch_datetime_operator to 2023-03-07T00:00:00+00:00, run_after=2023-03-08T00:00:00+00:00
[2023-03-08T00:03:04.172+0000] {logging_mixin.py:137} INFO - [2023-03-08T00:03:04.172+0000] {dag.py:3441} INFO - Setting next_dagrun for example_branch_datetime_operator_2 to 2023-03-07T00:00:00+00:00, run_after=2023-03-08T00:00:00+00:00
[2023-03-08T00:03:04.202+0000] {logging_mixin.py:137} INFO - [2023-03-08T00:03:04.202+0000] {dag.py:3441} INFO - Setting next_dagrun for example_branch_datetime_operator_3 to 2023-03-07T00:00:00+00:00, run_after=2023-03-08T00:00:00+00:00
[2023-03-08T00:03:04.288+0000] {processor.py:175} INFO - Processing /home/airflow/.local/lib/python3.7/site-packages/airflow/example_dags/example_branch_datetime_operator.py took 0.861 seconds
[2023-03-08T00:03:34.667+0000] {processor.py:153} INFO - Started process (PID=2669) to work on /home/airflow/.local/lib/python3.7/site-packages/airflow/example_dags/example_branch_datetime_operator.py
[2023-03-08T00:03:34.711+0000] {processor.py:743} INFO - Processing file /home/airflow/.local/lib/python3.7/site-packages/airflow/example_dags/example_branch_datetime_operator.py for tasks to queue
[2023-03-08T00:03:34.750+0000] {logging_mixin.py:137} INFO - [2023-03-08T00:03:34.749+0000] {dagbag.py:538} INFO - Filling up the DagBag from /home/airflow/.local/lib/python3.7/site-packages/airflow/example_dags/example_branch_datetime_operator.py
[2023-03-08T00:03:34.876+0000] {processor.py:753} INFO - DAG(s) dict_keys(['example_branch_datetime_operator_2', 'example_branch_datetime_operator', 'example_branch_datetime_operator_3']) retrieved from /home/airflow/.local/lib/python3.7/site-packages/airflow/example_dags/example_branch_datetime_operator.py
[2023-03-08T00:03:34.977+0000] {logging_mixin.py:137} INFO - [2023-03-08T00:03:34.976+0000] {dag.py:2690} INFO - Sync 3 DAGs
[2023-03-08T00:03:35.074+0000] {logging_mixin.py:137} INFO - [2023-03-08T00:03:35.073+0000] {dag.py:3441} INFO - Setting next_dagrun for example_branch_datetime_operator to 2023-03-07T00:00:00+00:00, run_after=2023-03-08T00:00:00+00:00
[2023-03-08T00:03:35.097+0000] {logging_mixin.py:137} INFO - [2023-03-08T00:03:35.096+0000] {dag.py:3441} INFO - Setting next_dagrun for example_branch_datetime_operator_2 to 2023-03-07T00:00:00+00:00, run_after=2023-03-08T00:00:00+00:00
[2023-03-08T00:03:35.117+0000] {logging_mixin.py:137} INFO - [2023-03-08T00:03:35.112+0000] {dag.py:3441} INFO - Setting next_dagrun for example_branch_datetime_operator_3 to 2023-03-07T00:00:00+00:00, run_after=2023-03-08T00:00:00+00:00
[2023-03-08T00:03:35.214+0000] {processor.py:175} INFO - Processing /home/airflow/.local/lib/python3.7/site-packages/airflow/example_dags/example_branch_datetime_operator.py took 0.586 seconds
[2023-03-08T00:04:06.148+0000] {processor.py:153} INFO - Started process (PID=2739) to work on /home/airflow/.local/lib/python3.7/site-packages/airflow/example_dags/example_branch_datetime_operator.py
[2023-03-08T00:04:06.151+0000] {processor.py:743} INFO - Processing file /home/airflow/.local/lib/python3.7/site-packages/airflow/example_dags/example_branch_datetime_operator.py for tasks to queue
[2023-03-08T00:04:06.154+0000] {logging_mixin.py:137} INFO - [2023-03-08T00:04:06.154+0000] {dagbag.py:538} INFO - Filling up the DagBag from /home/airflow/.local/lib/python3.7/site-packages/airflow/example_dags/example_branch_datetime_operator.py
[2023-03-08T00:04:06.200+0000] {processor.py:753} INFO - DAG(s) dict_keys(['example_branch_datetime_operator_3', 'example_branch_datetime_operator_2', 'example_branch_datetime_operator']) retrieved from /home/airflow/.local/lib/python3.7/site-packages/airflow/example_dags/example_branch_datetime_operator.py
[2023-03-08T00:04:06.278+0000] {logging_mixin.py:137} INFO - [2023-03-08T00:04:06.278+0000] {dag.py:2690} INFO - Sync 3 DAGs
[2023-03-08T00:04:06.355+0000] {logging_mixin.py:137} INFO - [2023-03-08T00:04:06.355+0000] {dag.py:3441} INFO - Setting next_dagrun for example_branch_datetime_operator to 2023-03-07T00:00:00+00:00, run_after=2023-03-08T00:00:00+00:00
[2023-03-08T00:04:06.369+0000] {logging_mixin.py:137} INFO - [2023-03-08T00:04:06.369+0000] {dag.py:3441} INFO - Setting next_dagrun for example_branch_datetime_operator_2 to 2023-03-07T00:00:00+00:00, run_after=2023-03-08T00:00:00+00:00
[2023-03-08T00:04:06.380+0000] {logging_mixin.py:137} INFO - [2023-03-08T00:04:06.380+0000] {dag.py:3441} INFO - Setting next_dagrun for example_branch_datetime_operator_3 to 2023-03-07T00:00:00+00:00, run_after=2023-03-08T00:00:00+00:00
[2023-03-08T00:04:06.423+0000] {processor.py:175} INFO - Processing /home/airflow/.local/lib/python3.7/site-packages/airflow/example_dags/example_branch_datetime_operator.py took 0.284 seconds
[2023-03-08T00:04:36.553+0000] {processor.py:153} INFO - Started process (PID=2809) to work on /home/airflow/.local/lib/python3.7/site-packages/airflow/example_dags/example_branch_datetime_operator.py
[2023-03-08T00:04:36.557+0000] {processor.py:743} INFO - Processing file /home/airflow/.local/lib/python3.7/site-packages/airflow/example_dags/example_branch_datetime_operator.py for tasks to queue
[2023-03-08T00:04:36.562+0000] {logging_mixin.py:137} INFO - [2023-03-08T00:04:36.562+0000] {dagbag.py:538} INFO - Filling up the DagBag from /home/airflow/.local/lib/python3.7/site-packages/airflow/example_dags/example_branch_datetime_operator.py
[2023-03-08T00:04:36.607+0000] {processor.py:753} INFO - DAG(s) dict_keys(['example_branch_datetime_operator_3', 'example_branch_datetime_operator_2', 'example_branch_datetime_operator']) retrieved from /home/airflow/.local/lib/python3.7/site-packages/airflow/example_dags/example_branch_datetime_operator.py
[2023-03-08T00:04:36.683+0000] {logging_mixin.py:137} INFO - [2023-03-08T00:04:36.683+0000] {dag.py:2690} INFO - Sync 3 DAGs
[2023-03-08T00:04:36.742+0000] {logging_mixin.py:137} INFO - [2023-03-08T00:04:36.742+0000] {dag.py:3441} INFO - Setting next_dagrun for example_branch_datetime_operator to 2023-03-07T00:00:00+00:00, run_after=2023-03-08T00:00:00+00:00
[2023-03-08T00:04:36.757+0000] {logging_mixin.py:137} INFO - [2023-03-08T00:04:36.757+0000] {dag.py:3441} INFO - Setting next_dagrun for example_branch_datetime_operator_2 to 2023-03-07T00:00:00+00:00, run_after=2023-03-08T00:00:00+00:00
[2023-03-08T00:04:36.766+0000] {logging_mixin.py:137} INFO - [2023-03-08T00:04:36.766+0000] {dag.py:3441} INFO - Setting next_dagrun for example_branch_datetime_operator_3 to 2023-03-07T00:00:00+00:00, run_after=2023-03-08T00:00:00+00:00
[2023-03-08T00:04:36.805+0000] {processor.py:175} INFO - Processing /home/airflow/.local/lib/python3.7/site-packages/airflow/example_dags/example_branch_datetime_operator.py took 0.261 seconds
[2023-03-08T00:05:07.009+0000] {processor.py:153} INFO - Started process (PID=2867) to work on /home/airflow/.local/lib/python3.7/site-packages/airflow/example_dags/example_branch_datetime_operator.py
[2023-03-08T00:05:07.015+0000] {processor.py:743} INFO - Processing file /home/airflow/.local/lib/python3.7/site-packages/airflow/example_dags/example_branch_datetime_operator.py for tasks to queue
[2023-03-08T00:05:07.020+0000] {logging_mixin.py:137} INFO - [2023-03-08T00:05:07.019+0000] {dagbag.py:538} INFO - Filling up the DagBag from /home/airflow/.local/lib/python3.7/site-packages/airflow/example_dags/example_branch_datetime_operator.py
[2023-03-08T00:05:07.094+0000] {processor.py:753} INFO - DAG(s) dict_keys(['example_branch_datetime_operator_2', 'example_branch_datetime_operator', 'example_branch_datetime_operator_3']) retrieved from /home/airflow/.local/lib/python3.7/site-packages/airflow/example_dags/example_branch_datetime_operator.py
[2023-03-08T00:05:07.197+0000] {logging_mixin.py:137} INFO - [2023-03-08T00:05:07.196+0000] {dag.py:2690} INFO - Sync 3 DAGs
[2023-03-08T00:05:07.261+0000] {logging_mixin.py:137} INFO - [2023-03-08T00:05:07.261+0000] {dag.py:3441} INFO - Setting next_dagrun for example_branch_datetime_operator to 2023-03-07T00:00:00+00:00, run_after=2023-03-08T00:00:00+00:00
[2023-03-08T00:05:07.276+0000] {logging_mixin.py:137} INFO - [2023-03-08T00:05:07.276+0000] {dag.py:3441} INFO - Setting next_dagrun for example_branch_datetime_operator_2 to 2023-03-07T00:00:00+00:00, run_after=2023-03-08T00:00:00+00:00
[2023-03-08T00:05:07.290+0000] {logging_mixin.py:137} INFO - [2023-03-08T00:05:07.289+0000] {dag.py:3441} INFO - Setting next_dagrun for example_branch_datetime_operator_3 to 2023-03-07T00:00:00+00:00, run_after=2023-03-08T00:00:00+00:00
[2023-03-08T00:05:07.348+0000] {processor.py:175} INFO - Processing /home/airflow/.local/lib/python3.7/site-packages/airflow/example_dags/example_branch_datetime_operator.py took 0.352 seconds
[2023-03-08T00:05:37.465+0000] {processor.py:153} INFO - Started process (PID=2945) to work on /home/airflow/.local/lib/python3.7/site-packages/airflow/example_dags/example_branch_datetime_operator.py
[2023-03-08T00:05:37.482+0000] {processor.py:743} INFO - Processing file /home/airflow/.local/lib/python3.7/site-packages/airflow/example_dags/example_branch_datetime_operator.py for tasks to queue
[2023-03-08T00:05:37.487+0000] {logging_mixin.py:137} INFO - [2023-03-08T00:05:37.486+0000] {dagbag.py:538} INFO - Filling up the DagBag from /home/airflow/.local/lib/python3.7/site-packages/airflow/example_dags/example_branch_datetime_operator.py
[2023-03-08T00:05:37.559+0000] {processor.py:753} INFO - DAG(s) dict_keys(['example_branch_datetime_operator_3', 'example_branch_datetime_operator_2', 'example_branch_datetime_operator']) retrieved from /home/airflow/.local/lib/python3.7/site-packages/airflow/example_dags/example_branch_datetime_operator.py
[2023-03-08T00:05:37.666+0000] {logging_mixin.py:137} INFO - [2023-03-08T00:05:37.666+0000] {dag.py:2690} INFO - Sync 3 DAGs
[2023-03-08T00:05:37.746+0000] {logging_mixin.py:137} INFO - [2023-03-08T00:05:37.745+0000] {dag.py:3441} INFO - Setting next_dagrun for example_branch_datetime_operator to 2023-03-07T00:00:00+00:00, run_after=2023-03-08T00:00:00+00:00
[2023-03-08T00:05:37.762+0000] {logging_mixin.py:137} INFO - [2023-03-08T00:05:37.762+0000] {dag.py:3441} INFO - Setting next_dagrun for example_branch_datetime_operator_2 to 2023-03-07T00:00:00+00:00, run_after=2023-03-08T00:00:00+00:00
[2023-03-08T00:05:37.775+0000] {logging_mixin.py:137} INFO - [2023-03-08T00:05:37.774+0000] {dag.py:3441} INFO - Setting next_dagrun for example_branch_datetime_operator_3 to 2023-03-07T00:00:00+00:00, run_after=2023-03-08T00:00:00+00:00
[2023-03-08T00:05:37.839+0000] {processor.py:175} INFO - Processing /home/airflow/.local/lib/python3.7/site-packages/airflow/example_dags/example_branch_datetime_operator.py took 0.389 seconds
[2023-03-08T00:06:08.048+0000] {processor.py:153} INFO - Started process (PID=3017) to work on /home/airflow/.local/lib/python3.7/site-packages/airflow/example_dags/example_branch_datetime_operator.py
[2023-03-08T00:06:08.053+0000] {processor.py:743} INFO - Processing file /home/airflow/.local/lib/python3.7/site-packages/airflow/example_dags/example_branch_datetime_operator.py for tasks to queue
[2023-03-08T00:06:08.064+0000] {logging_mixin.py:137} INFO - [2023-03-08T00:06:08.064+0000] {dagbag.py:538} INFO - Filling up the DagBag from /home/airflow/.local/lib/python3.7/site-packages/airflow/example_dags/example_branch_datetime_operator.py
[2023-03-08T00:06:08.127+0000] {processor.py:753} INFO - DAG(s) dict_keys(['example_branch_datetime_operator_2', 'example_branch_datetime_operator', 'example_branch_datetime_operator_3']) retrieved from /home/airflow/.local/lib/python3.7/site-packages/airflow/example_dags/example_branch_datetime_operator.py
[2023-03-08T00:06:08.242+0000] {logging_mixin.py:137} INFO - [2023-03-08T00:06:08.242+0000] {dag.py:2690} INFO - Sync 3 DAGs
[2023-03-08T00:06:08.315+0000] {logging_mixin.py:137} INFO - [2023-03-08T00:06:08.314+0000] {dag.py:3441} INFO - Setting next_dagrun for example_branch_datetime_operator to 2023-03-07T00:00:00+00:00, run_after=2023-03-08T00:00:00+00:00
[2023-03-08T00:06:08.328+0000] {logging_mixin.py:137} INFO - [2023-03-08T00:06:08.328+0000] {dag.py:3441} INFO - Setting next_dagrun for example_branch_datetime_operator_2 to 2023-03-07T00:00:00+00:00, run_after=2023-03-08T00:00:00+00:00
[2023-03-08T00:06:08.335+0000] {logging_mixin.py:137} INFO - [2023-03-08T00:06:08.335+0000] {dag.py:3441} INFO - Setting next_dagrun for example_branch_datetime_operator_3 to 2023-03-07T00:00:00+00:00, run_after=2023-03-08T00:00:00+00:00
[2023-03-08T00:06:08.384+0000] {processor.py:175} INFO - Processing /home/airflow/.local/lib/python3.7/site-packages/airflow/example_dags/example_branch_datetime_operator.py took 0.348 seconds
[2023-03-08T00:06:39.179+0000] {processor.py:153} INFO - Started process (PID=3090) to work on /home/airflow/.local/lib/python3.7/site-packages/airflow/example_dags/example_branch_datetime_operator.py
[2023-03-08T00:06:39.183+0000] {processor.py:743} INFO - Processing file /home/airflow/.local/lib/python3.7/site-packages/airflow/example_dags/example_branch_datetime_operator.py for tasks to queue
[2023-03-08T00:06:39.190+0000] {logging_mixin.py:137} INFO - [2023-03-08T00:06:39.189+0000] {dagbag.py:538} INFO - Filling up the DagBag from /home/airflow/.local/lib/python3.7/site-packages/airflow/example_dags/example_branch_datetime_operator.py
[2023-03-08T00:06:39.241+0000] {processor.py:753} INFO - DAG(s) dict_keys(['example_branch_datetime_operator_3', 'example_branch_datetime_operator_2', 'example_branch_datetime_operator']) retrieved from /home/airflow/.local/lib/python3.7/site-packages/airflow/example_dags/example_branch_datetime_operator.py
[2023-03-08T00:06:39.331+0000] {logging_mixin.py:137} INFO - [2023-03-08T00:06:39.331+0000] {dag.py:2690} INFO - Sync 3 DAGs
[2023-03-08T00:06:39.405+0000] {logging_mixin.py:137} INFO - [2023-03-08T00:06:39.405+0000] {dag.py:3441} INFO - Setting next_dagrun for example_branch_datetime_operator to 2023-03-07T00:00:00+00:00, run_after=2023-03-08T00:00:00+00:00
[2023-03-08T00:06:39.424+0000] {logging_mixin.py:137} INFO - [2023-03-08T00:06:39.424+0000] {dag.py:3441} INFO - Setting next_dagrun for example_branch_datetime_operator_2 to 2023-03-07T00:00:00+00:00, run_after=2023-03-08T00:00:00+00:00
[2023-03-08T00:06:39.432+0000] {logging_mixin.py:137} INFO - [2023-03-08T00:06:39.432+0000] {dag.py:3441} INFO - Setting next_dagrun for example_branch_datetime_operator_3 to 2023-03-07T00:00:00+00:00, run_after=2023-03-08T00:00:00+00:00
[2023-03-08T00:06:39.477+0000] {processor.py:175} INFO - Processing /home/airflow/.local/lib/python3.7/site-packages/airflow/example_dags/example_branch_datetime_operator.py took 0.307 seconds
[2023-03-08T00:07:12.684+0000] {processor.py:153} INFO - Started process (PID=3160) to work on /home/airflow/.local/lib/python3.7/site-packages/airflow/example_dags/example_branch_datetime_operator.py
[2023-03-08T00:07:12.692+0000] {processor.py:743} INFO - Processing file /home/airflow/.local/lib/python3.7/site-packages/airflow/example_dags/example_branch_datetime_operator.py for tasks to queue
[2023-03-08T00:07:12.697+0000] {logging_mixin.py:137} INFO - [2023-03-08T00:07:12.697+0000] {dagbag.py:538} INFO - Filling up the DagBag from /home/airflow/.local/lib/python3.7/site-packages/airflow/example_dags/example_branch_datetime_operator.py
[2023-03-08T00:07:12.757+0000] {processor.py:753} INFO - DAG(s) dict_keys(['example_branch_datetime_operator_3', 'example_branch_datetime_operator_2', 'example_branch_datetime_operator']) retrieved from /home/airflow/.local/lib/python3.7/site-packages/airflow/example_dags/example_branch_datetime_operator.py
[2023-03-08T00:07:12.908+0000] {logging_mixin.py:137} INFO - [2023-03-08T00:07:12.907+0000] {dag.py:2690} INFO - Sync 3 DAGs
[2023-03-08T00:07:13.254+0000] {logging_mixin.py:137} INFO - [2023-03-08T00:07:13.253+0000] {dag.py:3441} INFO - Setting next_dagrun for example_branch_datetime_operator to 2023-03-07T00:00:00+00:00, run_after=2023-03-08T00:00:00+00:00
[2023-03-08T00:07:13.280+0000] {logging_mixin.py:137} INFO - [2023-03-08T00:07:13.279+0000] {dag.py:3441} INFO - Setting next_dagrun for example_branch_datetime_operator_2 to 2023-03-07T00:00:00+00:00, run_after=2023-03-08T00:00:00+00:00
[2023-03-08T00:07:13.307+0000] {logging_mixin.py:137} INFO - [2023-03-08T00:07:13.306+0000] {dag.py:3441} INFO - Setting next_dagrun for example_branch_datetime_operator_3 to 2023-03-07T00:00:00+00:00, run_after=2023-03-08T00:00:00+00:00
[2023-03-08T00:07:13.364+0000] {processor.py:175} INFO - Processing /home/airflow/.local/lib/python3.7/site-packages/airflow/example_dags/example_branch_datetime_operator.py took 0.691 seconds
[2023-03-08T00:07:49.620+0000] {processor.py:153} INFO - Started process (PID=3235) to work on /home/airflow/.local/lib/python3.7/site-packages/airflow/example_dags/example_branch_datetime_operator.py
[2023-03-08T00:07:49.627+0000] {processor.py:743} INFO - Processing file /home/airflow/.local/lib/python3.7/site-packages/airflow/example_dags/example_branch_datetime_operator.py for tasks to queue
[2023-03-08T00:07:49.633+0000] {logging_mixin.py:137} INFO - [2023-03-08T00:07:49.632+0000] {dagbag.py:538} INFO - Filling up the DagBag from /home/airflow/.local/lib/python3.7/site-packages/airflow/example_dags/example_branch_datetime_operator.py
[2023-03-08T00:07:49.730+0000] {processor.py:753} INFO - DAG(s) dict_keys(['example_branch_datetime_operator_2', 'example_branch_datetime_operator', 'example_branch_datetime_operator_3']) retrieved from /home/airflow/.local/lib/python3.7/site-packages/airflow/example_dags/example_branch_datetime_operator.py
[2023-03-08T00:07:49.881+0000] {logging_mixin.py:137} INFO - [2023-03-08T00:07:49.880+0000] {dag.py:2690} INFO - Sync 3 DAGs
[2023-03-08T00:07:50.027+0000] {logging_mixin.py:137} INFO - [2023-03-08T00:07:50.026+0000] {dag.py:3441} INFO - Setting next_dagrun for example_branch_datetime_operator to 2023-03-07T00:00:00+00:00, run_after=2023-03-08T00:00:00+00:00
[2023-03-08T00:07:50.049+0000] {logging_mixin.py:137} INFO - [2023-03-08T00:07:50.048+0000] {dag.py:3441} INFO - Setting next_dagrun for example_branch_datetime_operator_2 to 2023-03-07T00:00:00+00:00, run_after=2023-03-08T00:00:00+00:00
[2023-03-08T00:07:50.072+0000] {logging_mixin.py:137} INFO - [2023-03-08T00:07:50.072+0000] {dag.py:3441} INFO - Setting next_dagrun for example_branch_datetime_operator_3 to 2023-03-07T00:00:00+00:00, run_after=2023-03-08T00:00:00+00:00
[2023-03-08T00:07:50.184+0000] {processor.py:175} INFO - Processing /home/airflow/.local/lib/python3.7/site-packages/airflow/example_dags/example_branch_datetime_operator.py took 0.577 seconds
[2023-03-08T00:08:21.806+0000] {processor.py:153} INFO - Started process (PID=3295) to work on /home/airflow/.local/lib/python3.7/site-packages/airflow/example_dags/example_branch_datetime_operator.py
[2023-03-08T00:08:21.831+0000] {processor.py:743} INFO - Processing file /home/airflow/.local/lib/python3.7/site-packages/airflow/example_dags/example_branch_datetime_operator.py for tasks to queue
[2023-03-08T00:08:21.843+0000] {logging_mixin.py:137} INFO - [2023-03-08T00:08:21.843+0000] {dagbag.py:538} INFO - Filling up the DagBag from /home/airflow/.local/lib/python3.7/site-packages/airflow/example_dags/example_branch_datetime_operator.py
[2023-03-08T00:08:22.006+0000] {processor.py:753} INFO - DAG(s) dict_keys(['example_branch_datetime_operator_3', 'example_branch_datetime_operator_2', 'example_branch_datetime_operator']) retrieved from /home/airflow/.local/lib/python3.7/site-packages/airflow/example_dags/example_branch_datetime_operator.py
[2023-03-08T00:08:22.173+0000] {logging_mixin.py:137} INFO - [2023-03-08T00:08:22.172+0000] {dag.py:2690} INFO - Sync 3 DAGs
[2023-03-08T00:08:22.324+0000] {logging_mixin.py:137} INFO - [2023-03-08T00:08:22.324+0000] {dag.py:3441} INFO - Setting next_dagrun for example_branch_datetime_operator to 2023-03-07T00:00:00+00:00, run_after=2023-03-08T00:00:00+00:00
[2023-03-08T00:08:22.361+0000] {logging_mixin.py:137} INFO - [2023-03-08T00:08:22.360+0000] {dag.py:3441} INFO - Setting next_dagrun for example_branch_datetime_operator_2 to 2023-03-07T00:00:00+00:00, run_after=2023-03-08T00:00:00+00:00
[2023-03-08T00:08:22.387+0000] {logging_mixin.py:137} INFO - [2023-03-08T00:08:22.386+0000] {dag.py:3441} INFO - Setting next_dagrun for example_branch_datetime_operator_3 to 2023-03-07T00:00:00+00:00, run_after=2023-03-08T00:00:00+00:00
[2023-03-08T00:08:22.448+0000] {processor.py:175} INFO - Processing /home/airflow/.local/lib/python3.7/site-packages/airflow/example_dags/example_branch_datetime_operator.py took 0.681 seconds
[2023-03-08T00:08:57.533+0000] {processor.py:153} INFO - Started process (PID=3366) to work on /home/airflow/.local/lib/python3.7/site-packages/airflow/example_dags/example_branch_datetime_operator.py
[2023-03-08T00:08:57.546+0000] {processor.py:743} INFO - Processing file /home/airflow/.local/lib/python3.7/site-packages/airflow/example_dags/example_branch_datetime_operator.py for tasks to queue
[2023-03-08T00:08:57.559+0000] {logging_mixin.py:137} INFO - [2023-03-08T00:08:57.558+0000] {dagbag.py:538} INFO - Filling up the DagBag from /home/airflow/.local/lib/python3.7/site-packages/airflow/example_dags/example_branch_datetime_operator.py
[2023-03-08T00:08:57.666+0000] {processor.py:753} INFO - DAG(s) dict_keys(['example_branch_datetime_operator_2', 'example_branch_datetime_operator', 'example_branch_datetime_operator_3']) retrieved from /home/airflow/.local/lib/python3.7/site-packages/airflow/example_dags/example_branch_datetime_operator.py
[2023-03-08T00:08:57.795+0000] {logging_mixin.py:137} INFO - [2023-03-08T00:08:57.794+0000] {dag.py:2690} INFO - Sync 3 DAGs
[2023-03-08T00:08:57.920+0000] {logging_mixin.py:137} INFO - [2023-03-08T00:08:57.916+0000] {dag.py:3441} INFO - Setting next_dagrun for example_branch_datetime_operator to 2023-03-07T00:00:00+00:00, run_after=2023-03-08T00:00:00+00:00
[2023-03-08T00:08:57.945+0000] {logging_mixin.py:137} INFO - [2023-03-08T00:08:57.945+0000] {dag.py:3441} INFO - Setting next_dagrun for example_branch_datetime_operator_2 to 2023-03-07T00:00:00+00:00, run_after=2023-03-08T00:00:00+00:00
[2023-03-08T00:08:57.965+0000] {logging_mixin.py:137} INFO - [2023-03-08T00:08:57.965+0000] {dag.py:3441} INFO - Setting next_dagrun for example_branch_datetime_operator_3 to 2023-03-07T00:00:00+00:00, run_after=2023-03-08T00:00:00+00:00
[2023-03-08T00:08:58.132+0000] {processor.py:175} INFO - Processing /home/airflow/.local/lib/python3.7/site-packages/airflow/example_dags/example_branch_datetime_operator.py took 0.620 seconds
[2023-03-08T00:09:33.644+0000] {processor.py:153} INFO - Started process (PID=3437) to work on /home/airflow/.local/lib/python3.7/site-packages/airflow/example_dags/example_branch_datetime_operator.py
[2023-03-08T00:09:33.653+0000] {processor.py:743} INFO - Processing file /home/airflow/.local/lib/python3.7/site-packages/airflow/example_dags/example_branch_datetime_operator.py for tasks to queue
[2023-03-08T00:09:33.659+0000] {logging_mixin.py:137} INFO - [2023-03-08T00:09:33.657+0000] {dagbag.py:538} INFO - Filling up the DagBag from /home/airflow/.local/lib/python3.7/site-packages/airflow/example_dags/example_branch_datetime_operator.py
[2023-03-08T00:09:33.726+0000] {processor.py:753} INFO - DAG(s) dict_keys(['example_branch_datetime_operator_2', 'example_branch_datetime_operator_3', 'example_branch_datetime_operator']) retrieved from /home/airflow/.local/lib/python3.7/site-packages/airflow/example_dags/example_branch_datetime_operator.py
[2023-03-08T00:09:33.947+0000] {logging_mixin.py:137} INFO - [2023-03-08T00:09:33.947+0000] {dag.py:2690} INFO - Sync 3 DAGs
[2023-03-08T00:09:34.099+0000] {logging_mixin.py:137} INFO - [2023-03-08T00:09:34.098+0000] {dag.py:3441} INFO - Setting next_dagrun for example_branch_datetime_operator to 2023-03-07T00:00:00+00:00, run_after=2023-03-08T00:00:00+00:00
[2023-03-08T00:09:34.126+0000] {logging_mixin.py:137} INFO - [2023-03-08T00:09:34.126+0000] {dag.py:3441} INFO - Setting next_dagrun for example_branch_datetime_operator_2 to 2023-03-07T00:00:00+00:00, run_after=2023-03-08T00:00:00+00:00
[2023-03-08T00:09:34.146+0000] {logging_mixin.py:137} INFO - [2023-03-08T00:09:34.145+0000] {dag.py:3441} INFO - Setting next_dagrun for example_branch_datetime_operator_3 to 2023-03-07T00:00:00+00:00, run_after=2023-03-08T00:00:00+00:00
[2023-03-08T00:09:34.234+0000] {processor.py:175} INFO - Processing /home/airflow/.local/lib/python3.7/site-packages/airflow/example_dags/example_branch_datetime_operator.py took 0.614 seconds
[2023-03-08T00:10:06.191+0000] {processor.py:153} INFO - Started process (PID=3510) to work on /home/airflow/.local/lib/python3.7/site-packages/airflow/example_dags/example_branch_datetime_operator.py
[2023-03-08T00:10:06.196+0000] {processor.py:743} INFO - Processing file /home/airflow/.local/lib/python3.7/site-packages/airflow/example_dags/example_branch_datetime_operator.py for tasks to queue
[2023-03-08T00:10:06.201+0000] {logging_mixin.py:137} INFO - [2023-03-08T00:10:06.201+0000] {dagbag.py:538} INFO - Filling up the DagBag from /home/airflow/.local/lib/python3.7/site-packages/airflow/example_dags/example_branch_datetime_operator.py
[2023-03-08T00:10:06.357+0000] {processor.py:753} INFO - DAG(s) dict_keys(['example_branch_datetime_operator_3', 'example_branch_datetime_operator_2', 'example_branch_datetime_operator']) retrieved from /home/airflow/.local/lib/python3.7/site-packages/airflow/example_dags/example_branch_datetime_operator.py
[2023-03-08T00:10:07.027+0000] {logging_mixin.py:137} INFO - [2023-03-08T00:10:07.026+0000] {dag.py:2690} INFO - Sync 3 DAGs
[2023-03-08T00:10:07.542+0000] {logging_mixin.py:137} INFO - [2023-03-08T00:10:07.542+0000] {dag.py:3441} INFO - Setting next_dagrun for example_branch_datetime_operator to 2023-03-07T00:00:00+00:00, run_after=2023-03-08T00:00:00+00:00
[2023-03-08T00:10:07.602+0000] {logging_mixin.py:137} INFO - [2023-03-08T00:10:07.602+0000] {dag.py:3441} INFO - Setting next_dagrun for example_branch_datetime_operator_2 to 2023-03-07T00:00:00+00:00, run_after=2023-03-08T00:00:00+00:00
[2023-03-08T00:10:07.625+0000] {logging_mixin.py:137} INFO - [2023-03-08T00:10:07.624+0000] {dag.py:3441} INFO - Setting next_dagrun for example_branch_datetime_operator_3 to 2023-03-07T00:00:00+00:00, run_after=2023-03-08T00:00:00+00:00
[2023-03-08T00:10:07.723+0000] {processor.py:175} INFO - Processing /home/airflow/.local/lib/python3.7/site-packages/airflow/example_dags/example_branch_datetime_operator.py took 1.551 seconds
[2023-03-08T00:10:37.935+0000] {processor.py:153} INFO - Started process (PID=3568) to work on /home/airflow/.local/lib/python3.7/site-packages/airflow/example_dags/example_branch_datetime_operator.py
[2023-03-08T00:10:37.940+0000] {processor.py:743} INFO - Processing file /home/airflow/.local/lib/python3.7/site-packages/airflow/example_dags/example_branch_datetime_operator.py for tasks to queue
[2023-03-08T00:10:37.947+0000] {logging_mixin.py:137} INFO - [2023-03-08T00:10:37.946+0000] {dagbag.py:538} INFO - Filling up the DagBag from /home/airflow/.local/lib/python3.7/site-packages/airflow/example_dags/example_branch_datetime_operator.py
[2023-03-08T00:10:38.010+0000] {processor.py:753} INFO - DAG(s) dict_keys(['example_branch_datetime_operator', 'example_branch_datetime_operator_3', 'example_branch_datetime_operator_2']) retrieved from /home/airflow/.local/lib/python3.7/site-packages/airflow/example_dags/example_branch_datetime_operator.py
[2023-03-08T00:10:38.119+0000] {logging_mixin.py:137} INFO - [2023-03-08T00:10:38.119+0000] {dag.py:2690} INFO - Sync 3 DAGs
[2023-03-08T00:10:38.234+0000] {logging_mixin.py:137} INFO - [2023-03-08T00:10:38.234+0000] {dag.py:3441} INFO - Setting next_dagrun for example_branch_datetime_operator to 2023-03-07T00:00:00+00:00, run_after=2023-03-08T00:00:00+00:00
[2023-03-08T00:10:38.251+0000] {logging_mixin.py:137} INFO - [2023-03-08T00:10:38.250+0000] {dag.py:3441} INFO - Setting next_dagrun for example_branch_datetime_operator_2 to 2023-03-07T00:00:00+00:00, run_after=2023-03-08T00:00:00+00:00
[2023-03-08T00:10:38.261+0000] {logging_mixin.py:137} INFO - [2023-03-08T00:10:38.260+0000] {dag.py:3441} INFO - Setting next_dagrun for example_branch_datetime_operator_3 to 2023-03-07T00:00:00+00:00, run_after=2023-03-08T00:00:00+00:00
[2023-03-08T00:10:38.305+0000] {processor.py:175} INFO - Processing /home/airflow/.local/lib/python3.7/site-packages/airflow/example_dags/example_branch_datetime_operator.py took 0.378 seconds
[2023-03-08T00:11:11.507+0000] {processor.py:153} INFO - Started process (PID=3651) to work on /home/airflow/.local/lib/python3.7/site-packages/airflow/example_dags/example_branch_datetime_operator.py
[2023-03-08T00:11:11.512+0000] {processor.py:743} INFO - Processing file /home/airflow/.local/lib/python3.7/site-packages/airflow/example_dags/example_branch_datetime_operator.py for tasks to queue
[2023-03-08T00:11:11.518+0000] {logging_mixin.py:137} INFO - [2023-03-08T00:11:11.517+0000] {dagbag.py:538} INFO - Filling up the DagBag from /home/airflow/.local/lib/python3.7/site-packages/airflow/example_dags/example_branch_datetime_operator.py
[2023-03-08T00:11:11.586+0000] {processor.py:753} INFO - DAG(s) dict_keys(['example_branch_datetime_operator_2', 'example_branch_datetime_operator', 'example_branch_datetime_operator_3']) retrieved from /home/airflow/.local/lib/python3.7/site-packages/airflow/example_dags/example_branch_datetime_operator.py
[2023-03-08T00:11:11.680+0000] {logging_mixin.py:137} INFO - [2023-03-08T00:11:11.679+0000] {dag.py:2690} INFO - Sync 3 DAGs
[2023-03-08T00:11:11.772+0000] {logging_mixin.py:137} INFO - [2023-03-08T00:11:11.772+0000] {dag.py:3441} INFO - Setting next_dagrun for example_branch_datetime_operator to 2023-03-07T00:00:00+00:00, run_after=2023-03-08T00:00:00+00:00
[2023-03-08T00:11:11.799+0000] {logging_mixin.py:137} INFO - [2023-03-08T00:11:11.799+0000] {dag.py:3441} INFO - Setting next_dagrun for example_branch_datetime_operator_2 to 2023-03-07T00:00:00+00:00, run_after=2023-03-08T00:00:00+00:00
[2023-03-08T00:11:11.808+0000] {logging_mixin.py:137} INFO - [2023-03-08T00:11:11.807+0000] {dag.py:3441} INFO - Setting next_dagrun for example_branch_datetime_operator_3 to 2023-03-07T00:00:00+00:00, run_after=2023-03-08T00:00:00+00:00
[2023-03-08T00:11:11.863+0000] {processor.py:175} INFO - Processing /home/airflow/.local/lib/python3.7/site-packages/airflow/example_dags/example_branch_datetime_operator.py took 0.373 seconds
[2023-03-08T00:11:42.512+0000] {processor.py:153} INFO - Started process (PID=3714) to work on /home/airflow/.local/lib/python3.7/site-packages/airflow/example_dags/example_branch_datetime_operator.py
[2023-03-08T00:11:42.518+0000] {processor.py:743} INFO - Processing file /home/airflow/.local/lib/python3.7/site-packages/airflow/example_dags/example_branch_datetime_operator.py for tasks to queue
[2023-03-08T00:11:42.522+0000] {logging_mixin.py:137} INFO - [2023-03-08T00:11:42.522+0000] {dagbag.py:538} INFO - Filling up the DagBag from /home/airflow/.local/lib/python3.7/site-packages/airflow/example_dags/example_branch_datetime_operator.py
[2023-03-08T00:11:42.577+0000] {processor.py:753} INFO - DAG(s) dict_keys(['example_branch_datetime_operator', 'example_branch_datetime_operator_2', 'example_branch_datetime_operator_3']) retrieved from /home/airflow/.local/lib/python3.7/site-packages/airflow/example_dags/example_branch_datetime_operator.py
[2023-03-08T00:11:42.671+0000] {logging_mixin.py:137} INFO - [2023-03-08T00:11:42.671+0000] {dag.py:2690} INFO - Sync 3 DAGs
[2023-03-08T00:11:42.735+0000] {logging_mixin.py:137} INFO - [2023-03-08T00:11:42.735+0000] {dag.py:3441} INFO - Setting next_dagrun for example_branch_datetime_operator to 2023-03-07T00:00:00+00:00, run_after=2023-03-08T00:00:00+00:00
[2023-03-08T00:11:42.752+0000] {logging_mixin.py:137} INFO - [2023-03-08T00:11:42.752+0000] {dag.py:3441} INFO - Setting next_dagrun for example_branch_datetime_operator_2 to 2023-03-07T00:00:00+00:00, run_after=2023-03-08T00:00:00+00:00
[2023-03-08T00:11:42.767+0000] {logging_mixin.py:137} INFO - [2023-03-08T00:11:42.767+0000] {dag.py:3441} INFO - Setting next_dagrun for example_branch_datetime_operator_3 to 2023-03-07T00:00:00+00:00, run_after=2023-03-08T00:00:00+00:00
[2023-03-08T00:11:42.818+0000] {processor.py:175} INFO - Processing /home/airflow/.local/lib/python3.7/site-packages/airflow/example_dags/example_branch_datetime_operator.py took 0.318 seconds
[2023-03-08T00:12:16.319+0000] {processor.py:153} INFO - Started process (PID=3798) to work on /home/airflow/.local/lib/python3.7/site-packages/airflow/example_dags/example_branch_datetime_operator.py
[2023-03-08T00:12:16.324+0000] {processor.py:743} INFO - Processing file /home/airflow/.local/lib/python3.7/site-packages/airflow/example_dags/example_branch_datetime_operator.py for tasks to queue
[2023-03-08T00:12:16.329+0000] {logging_mixin.py:137} INFO - [2023-03-08T00:12:16.329+0000] {dagbag.py:538} INFO - Filling up the DagBag from /home/airflow/.local/lib/python3.7/site-packages/airflow/example_dags/example_branch_datetime_operator.py
[2023-03-08T00:12:16.399+0000] {processor.py:753} INFO - DAG(s) dict_keys(['example_branch_datetime_operator_3', 'example_branch_datetime_operator_2', 'example_branch_datetime_operator']) retrieved from /home/airflow/.local/lib/python3.7/site-packages/airflow/example_dags/example_branch_datetime_operator.py
[2023-03-08T00:12:16.514+0000] {logging_mixin.py:137} INFO - [2023-03-08T00:12:16.513+0000] {dag.py:2690} INFO - Sync 3 DAGs
[2023-03-08T00:12:16.602+0000] {logging_mixin.py:137} INFO - [2023-03-08T00:12:16.602+0000] {dag.py:3441} INFO - Setting next_dagrun for example_branch_datetime_operator to 2023-03-07T00:00:00+00:00, run_after=2023-03-08T00:00:00+00:00
[2023-03-08T00:12:16.621+0000] {logging_mixin.py:137} INFO - [2023-03-08T00:12:16.621+0000] {dag.py:3441} INFO - Setting next_dagrun for example_branch_datetime_operator_2 to 2023-03-07T00:00:00+00:00, run_after=2023-03-08T00:00:00+00:00
[2023-03-08T00:12:16.638+0000] {logging_mixin.py:137} INFO - [2023-03-08T00:12:16.637+0000] {dag.py:3441} INFO - Setting next_dagrun for example_branch_datetime_operator_3 to 2023-03-07T00:00:00+00:00, run_after=2023-03-08T00:00:00+00:00
[2023-03-08T00:12:16.691+0000] {processor.py:175} INFO - Processing /home/airflow/.local/lib/python3.7/site-packages/airflow/example_dags/example_branch_datetime_operator.py took 0.383 seconds
