[2023-03-08T00:00:08.077+0000] {processor.py:153} INFO - Started process (PID=2255) to work on /home/airflow/.local/lib/python3.7/site-packages/airflow/example_dags/example_subdag_operator.py
[2023-03-08T00:00:08.083+0000] {processor.py:743} INFO - Processing file /home/airflow/.local/lib/python3.7/site-packages/airflow/example_dags/example_subdag_operator.py for tasks to queue
[2023-03-08T00:00:08.102+0000] {logging_mixin.py:137} INFO - [2023-03-08T00:00:08.091+0000] {dagbag.py:538} INFO - Filling up the DagBag from /home/airflow/.local/lib/python3.7/site-packages/airflow/example_dags/example_subdag_operator.py
[2023-03-08T00:00:08.458+0000] {processor.py:753} INFO - DAG(s) dict_keys(['example_subdag_operator.section-1', 'example_subdag_operator.section-2', 'example_subdag_operator']) retrieved from /home/airflow/.local/lib/python3.7/site-packages/airflow/example_dags/example_subdag_operator.py
[2023-03-08T00:00:08.738+0000] {logging_mixin.py:137} INFO - [2023-03-08T00:00:08.735+0000] {dag.py:2690} INFO - Sync 3 DAGs
[2023-03-08T00:00:09.024+0000] {logging_mixin.py:137} INFO - [2023-03-08T00:00:09.023+0000] {dag.py:3441} INFO - Setting next_dagrun for example_subdag_operator to 2022-01-01T00:00:00+00:00, run_after=2022-01-01T00:00:00+00:00
[2023-03-08T00:00:09.041+0000] {logging_mixin.py:137} INFO - [2023-03-08T00:00:09.040+0000] {dag.py:3441} INFO - Setting next_dagrun for example_subdag_operator.section-1 to None, run_after=None
[2023-03-08T00:00:09.055+0000] {logging_mixin.py:137} INFO - [2023-03-08T00:00:09.055+0000] {dag.py:3441} INFO - Setting next_dagrun for example_subdag_operator.section-2 to None, run_after=None
[2023-03-08T00:00:09.108+0000] {logging_mixin.py:137} INFO - [2023-03-08T00:00:09.107+0000] {dag.py:2690} INFO - Sync 2 DAGs
[2023-03-08T00:00:09.148+0000] {logging_mixin.py:137} INFO - [2023-03-08T00:00:09.148+0000] {dag.py:3441} INFO - Setting next_dagrun for example_subdag_operator.section-1 to None, run_after=None
[2023-03-08T00:00:09.192+0000] {logging_mixin.py:137} INFO - [2023-03-08T00:00:09.192+0000] {dag.py:3441} INFO - Setting next_dagrun for example_subdag_operator.section-2 to None, run_after=None
[2023-03-08T00:00:09.337+0000] {processor.py:175} INFO - Processing /home/airflow/.local/lib/python3.7/site-packages/airflow/example_dags/example_subdag_operator.py took 1.284 seconds
[2023-03-08T00:00:40.321+0000] {processor.py:153} INFO - Started process (PID=2325) to work on /home/airflow/.local/lib/python3.7/site-packages/airflow/example_dags/example_subdag_operator.py
[2023-03-08T00:00:40.355+0000] {processor.py:743} INFO - Processing file /home/airflow/.local/lib/python3.7/site-packages/airflow/example_dags/example_subdag_operator.py for tasks to queue
[2023-03-08T00:00:40.360+0000] {logging_mixin.py:137} INFO - [2023-03-08T00:00:40.360+0000] {dagbag.py:538} INFO - Filling up the DagBag from /home/airflow/.local/lib/python3.7/site-packages/airflow/example_dags/example_subdag_operator.py
[2023-03-08T00:00:40.682+0000] {processor.py:753} INFO - DAG(s) dict_keys(['example_subdag_operator.section-1', 'example_subdag_operator.section-2', 'example_subdag_operator']) retrieved from /home/airflow/.local/lib/python3.7/site-packages/airflow/example_dags/example_subdag_operator.py
[2023-03-08T00:00:40.765+0000] {logging_mixin.py:137} INFO - [2023-03-08T00:00:40.764+0000] {dag.py:2690} INFO - Sync 3 DAGs
[2023-03-08T00:00:40.886+0000] {logging_mixin.py:137} INFO - [2023-03-08T00:00:40.886+0000] {dag.py:3441} INFO - Setting next_dagrun for example_subdag_operator to 2022-01-01T00:00:00+00:00, run_after=2022-01-01T00:00:00+00:00
[2023-03-08T00:00:40.899+0000] {logging_mixin.py:137} INFO - [2023-03-08T00:00:40.899+0000] {dag.py:3441} INFO - Setting next_dagrun for example_subdag_operator.section-1 to None, run_after=None
[2023-03-08T00:00:40.905+0000] {logging_mixin.py:137} INFO - [2023-03-08T00:00:40.905+0000] {dag.py:3441} INFO - Setting next_dagrun for example_subdag_operator.section-2 to None, run_after=None
[2023-03-08T00:00:40.935+0000] {logging_mixin.py:137} INFO - [2023-03-08T00:00:40.935+0000] {dag.py:2690} INFO - Sync 2 DAGs
[2023-03-08T00:00:40.957+0000] {logging_mixin.py:137} INFO - [2023-03-08T00:00:40.956+0000] {dag.py:3441} INFO - Setting next_dagrun for example_subdag_operator.section-1 to None, run_after=None
[2023-03-08T00:00:40.960+0000] {logging_mixin.py:137} INFO - [2023-03-08T00:00:40.959+0000] {dag.py:3441} INFO - Setting next_dagrun for example_subdag_operator.section-2 to None, run_after=None
[2023-03-08T00:00:41.005+0000] {processor.py:175} INFO - Processing /home/airflow/.local/lib/python3.7/site-packages/airflow/example_dags/example_subdag_operator.py took 0.712 seconds
[2023-03-08T00:01:13.605+0000] {processor.py:153} INFO - Started process (PID=2395) to work on /home/airflow/.local/lib/python3.7/site-packages/airflow/example_dags/example_subdag_operator.py
[2023-03-08T00:01:13.621+0000] {processor.py:743} INFO - Processing file /home/airflow/.local/lib/python3.7/site-packages/airflow/example_dags/example_subdag_operator.py for tasks to queue
[2023-03-08T00:01:13.629+0000] {logging_mixin.py:137} INFO - [2023-03-08T00:01:13.628+0000] {dagbag.py:538} INFO - Filling up the DagBag from /home/airflow/.local/lib/python3.7/site-packages/airflow/example_dags/example_subdag_operator.py
[2023-03-08T00:01:13.902+0000] {processor.py:753} INFO - DAG(s) dict_keys(['example_subdag_operator.section-1', 'example_subdag_operator.section-2', 'example_subdag_operator']) retrieved from /home/airflow/.local/lib/python3.7/site-packages/airflow/example_dags/example_subdag_operator.py
[2023-03-08T00:01:14.049+0000] {logging_mixin.py:137} INFO - [2023-03-08T00:01:14.048+0000] {dag.py:2690} INFO - Sync 3 DAGs
[2023-03-08T00:01:14.230+0000] {logging_mixin.py:137} INFO - [2023-03-08T00:01:14.226+0000] {dag.py:3441} INFO - Setting next_dagrun for example_subdag_operator to 2022-01-01T00:00:00+00:00, run_after=2022-01-01T00:00:00+00:00
[2023-03-08T00:01:14.245+0000] {logging_mixin.py:137} INFO - [2023-03-08T00:01:14.245+0000] {dag.py:3441} INFO - Setting next_dagrun for example_subdag_operator.section-1 to None, run_after=None
[2023-03-08T00:01:14.263+0000] {logging_mixin.py:137} INFO - [2023-03-08T00:01:14.263+0000] {dag.py:3441} INFO - Setting next_dagrun for example_subdag_operator.section-2 to None, run_after=None
[2023-03-08T00:01:14.299+0000] {logging_mixin.py:137} INFO - [2023-03-08T00:01:14.299+0000] {dag.py:2690} INFO - Sync 2 DAGs
[2023-03-08T00:01:14.321+0000] {logging_mixin.py:137} INFO - [2023-03-08T00:01:14.320+0000] {dag.py:3441} INFO - Setting next_dagrun for example_subdag_operator.section-1 to None, run_after=None
[2023-03-08T00:01:14.324+0000] {logging_mixin.py:137} INFO - [2023-03-08T00:01:14.323+0000] {dag.py:3441} INFO - Setting next_dagrun for example_subdag_operator.section-2 to None, run_after=None
[2023-03-08T00:01:14.374+0000] {processor.py:175} INFO - Processing /home/airflow/.local/lib/python3.7/site-packages/airflow/example_dags/example_subdag_operator.py took 0.789 seconds
[2023-03-08T00:01:55.402+0000] {processor.py:153} INFO - Started process (PID=2475) to work on /home/airflow/.local/lib/python3.7/site-packages/airflow/example_dags/example_subdag_operator.py
[2023-03-08T00:01:55.802+0000] {processor.py:743} INFO - Processing file /home/airflow/.local/lib/python3.7/site-packages/airflow/example_dags/example_subdag_operator.py for tasks to queue
[2023-03-08T00:01:55.808+0000] {logging_mixin.py:137} INFO - [2023-03-08T00:01:55.807+0000] {dagbag.py:538} INFO - Filling up the DagBag from /home/airflow/.local/lib/python3.7/site-packages/airflow/example_dags/example_subdag_operator.py
[2023-03-08T00:01:56.593+0000] {processor.py:753} INFO - DAG(s) dict_keys(['example_subdag_operator.section-1', 'example_subdag_operator.section-2', 'example_subdag_operator']) retrieved from /home/airflow/.local/lib/python3.7/site-packages/airflow/example_dags/example_subdag_operator.py
[2023-03-08T00:01:57.425+0000] {logging_mixin.py:137} INFO - [2023-03-08T00:01:57.424+0000] {dag.py:2690} INFO - Sync 3 DAGs
[2023-03-08T00:01:57.805+0000] {logging_mixin.py:137} INFO - [2023-03-08T00:01:57.794+0000] {dag.py:3441} INFO - Setting next_dagrun for example_subdag_operator to 2022-01-01T00:00:00+00:00, run_after=2022-01-01T00:00:00+00:00
[2023-03-08T00:01:57.856+0000] {logging_mixin.py:137} INFO - [2023-03-08T00:01:57.856+0000] {dag.py:3441} INFO - Setting next_dagrun for example_subdag_operator.section-1 to None, run_after=None
[2023-03-08T00:01:57.869+0000] {logging_mixin.py:137} INFO - [2023-03-08T00:01:57.869+0000] {dag.py:3441} INFO - Setting next_dagrun for example_subdag_operator.section-2 to None, run_after=None
[2023-03-08T00:01:57.925+0000] {logging_mixin.py:137} INFO - [2023-03-08T00:01:57.923+0000] {dag.py:2690} INFO - Sync 2 DAGs
[2023-03-08T00:01:57.961+0000] {logging_mixin.py:137} INFO - [2023-03-08T00:01:57.960+0000] {dag.py:3441} INFO - Setting next_dagrun for example_subdag_operator.section-1 to None, run_after=None
[2023-03-08T00:01:57.966+0000] {logging_mixin.py:137} INFO - [2023-03-08T00:01:57.965+0000] {dag.py:3441} INFO - Setting next_dagrun for example_subdag_operator.section-2 to None, run_after=None
[2023-03-08T00:01:58.106+0000] {processor.py:175} INFO - Processing /home/airflow/.local/lib/python3.7/site-packages/airflow/example_dags/example_subdag_operator.py took 2.938 seconds
[2023-03-08T00:02:38.253+0000] {processor.py:153} INFO - Started process (PID=2551) to work on /home/airflow/.local/lib/python3.7/site-packages/airflow/example_dags/example_subdag_operator.py
[2023-03-08T00:02:38.263+0000] {processor.py:743} INFO - Processing file /home/airflow/.local/lib/python3.7/site-packages/airflow/example_dags/example_subdag_operator.py for tasks to queue
[2023-03-08T00:02:38.270+0000] {logging_mixin.py:137} INFO - [2023-03-08T00:02:38.270+0000] {dagbag.py:538} INFO - Filling up the DagBag from /home/airflow/.local/lib/python3.7/site-packages/airflow/example_dags/example_subdag_operator.py
[2023-03-08T00:02:38.631+0000] {processor.py:753} INFO - DAG(s) dict_keys(['example_subdag_operator.section-1', 'example_subdag_operator.section-2', 'example_subdag_operator']) retrieved from /home/airflow/.local/lib/python3.7/site-packages/airflow/example_dags/example_subdag_operator.py
[2023-03-08T00:02:39.048+0000] {logging_mixin.py:137} INFO - [2023-03-08T00:02:39.047+0000] {dag.py:2690} INFO - Sync 3 DAGs
[2023-03-08T00:02:39.304+0000] {logging_mixin.py:137} INFO - [2023-03-08T00:02:39.304+0000] {dag.py:3441} INFO - Setting next_dagrun for example_subdag_operator to 2022-01-01T00:00:00+00:00, run_after=2022-01-01T00:00:00+00:00
[2023-03-08T00:02:39.355+0000] {logging_mixin.py:137} INFO - [2023-03-08T00:02:39.353+0000] {dag.py:3441} INFO - Setting next_dagrun for example_subdag_operator.section-1 to None, run_after=None
[2023-03-08T00:02:39.377+0000] {logging_mixin.py:137} INFO - [2023-03-08T00:02:39.373+0000] {dag.py:3441} INFO - Setting next_dagrun for example_subdag_operator.section-2 to None, run_after=None
[2023-03-08T00:02:39.453+0000] {logging_mixin.py:137} INFO - [2023-03-08T00:02:39.452+0000] {dag.py:2690} INFO - Sync 2 DAGs
[2023-03-08T00:02:39.488+0000] {logging_mixin.py:137} INFO - [2023-03-08T00:02:39.488+0000] {dag.py:3441} INFO - Setting next_dagrun for example_subdag_operator.section-1 to None, run_after=None
[2023-03-08T00:02:39.493+0000] {logging_mixin.py:137} INFO - [2023-03-08T00:02:39.492+0000] {dag.py:3441} INFO - Setting next_dagrun for example_subdag_operator.section-2 to None, run_after=None
[2023-03-08T00:02:39.579+0000] {processor.py:175} INFO - Processing /home/airflow/.local/lib/python3.7/site-packages/airflow/example_dags/example_subdag_operator.py took 1.360 seconds
[2023-03-08T00:03:10.301+0000] {processor.py:153} INFO - Started process (PID=2613) to work on /home/airflow/.local/lib/python3.7/site-packages/airflow/example_dags/example_subdag_operator.py
[2023-03-08T00:03:10.311+0000] {processor.py:743} INFO - Processing file /home/airflow/.local/lib/python3.7/site-packages/airflow/example_dags/example_subdag_operator.py for tasks to queue
[2023-03-08T00:03:10.319+0000] {logging_mixin.py:137} INFO - [2023-03-08T00:03:10.318+0000] {dagbag.py:538} INFO - Filling up the DagBag from /home/airflow/.local/lib/python3.7/site-packages/airflow/example_dags/example_subdag_operator.py
[2023-03-08T00:03:10.513+0000] {processor.py:753} INFO - DAG(s) dict_keys(['example_subdag_operator.section-1', 'example_subdag_operator.section-2', 'example_subdag_operator']) retrieved from /home/airflow/.local/lib/python3.7/site-packages/airflow/example_dags/example_subdag_operator.py
[2023-03-08T00:03:10.581+0000] {logging_mixin.py:137} INFO - [2023-03-08T00:03:10.581+0000] {dag.py:2690} INFO - Sync 3 DAGs
[2023-03-08T00:03:10.663+0000] {logging_mixin.py:137} INFO - [2023-03-08T00:03:10.663+0000] {dag.py:3441} INFO - Setting next_dagrun for example_subdag_operator to 2022-01-01T00:00:00+00:00, run_after=2022-01-01T00:00:00+00:00
[2023-03-08T00:03:10.676+0000] {logging_mixin.py:137} INFO - [2023-03-08T00:03:10.675+0000] {dag.py:3441} INFO - Setting next_dagrun for example_subdag_operator.section-1 to None, run_after=None
[2023-03-08T00:03:10.684+0000] {logging_mixin.py:137} INFO - [2023-03-08T00:03:10.684+0000] {dag.py:3441} INFO - Setting next_dagrun for example_subdag_operator.section-2 to None, run_after=None
[2023-03-08T00:03:10.712+0000] {logging_mixin.py:137} INFO - [2023-03-08T00:03:10.712+0000] {dag.py:2690} INFO - Sync 2 DAGs
[2023-03-08T00:03:10.735+0000] {logging_mixin.py:137} INFO - [2023-03-08T00:03:10.734+0000] {dag.py:3441} INFO - Setting next_dagrun for example_subdag_operator.section-1 to None, run_after=None
[2023-03-08T00:03:10.738+0000] {logging_mixin.py:137} INFO - [2023-03-08T00:03:10.738+0000] {dag.py:3441} INFO - Setting next_dagrun for example_subdag_operator.section-2 to None, run_after=None
[2023-03-08T00:03:10.771+0000] {processor.py:175} INFO - Processing /home/airflow/.local/lib/python3.7/site-packages/airflow/example_dags/example_subdag_operator.py took 0.483 seconds
[2023-03-08T00:03:43.813+0000] {processor.py:153} INFO - Started process (PID=2684) to work on /home/airflow/.local/lib/python3.7/site-packages/airflow/example_dags/example_subdag_operator.py
[2023-03-08T00:03:43.821+0000] {processor.py:743} INFO - Processing file /home/airflow/.local/lib/python3.7/site-packages/airflow/example_dags/example_subdag_operator.py for tasks to queue
[2023-03-08T00:03:43.827+0000] {logging_mixin.py:137} INFO - [2023-03-08T00:03:43.826+0000] {dagbag.py:538} INFO - Filling up the DagBag from /home/airflow/.local/lib/python3.7/site-packages/airflow/example_dags/example_subdag_operator.py
[2023-03-08T00:03:43.967+0000] {processor.py:753} INFO - DAG(s) dict_keys(['example_subdag_operator.section-1', 'example_subdag_operator.section-2', 'example_subdag_operator']) retrieved from /home/airflow/.local/lib/python3.7/site-packages/airflow/example_dags/example_subdag_operator.py
[2023-03-08T00:03:44.122+0000] {logging_mixin.py:137} INFO - [2023-03-08T00:03:44.122+0000] {dag.py:2690} INFO - Sync 3 DAGs
[2023-03-08T00:03:44.296+0000] {logging_mixin.py:137} INFO - [2023-03-08T00:03:44.295+0000] {dag.py:3441} INFO - Setting next_dagrun for example_subdag_operator to 2022-01-01T00:00:00+00:00, run_after=2022-01-01T00:00:00+00:00
[2023-03-08T00:03:44.320+0000] {logging_mixin.py:137} INFO - [2023-03-08T00:03:44.320+0000] {dag.py:3441} INFO - Setting next_dagrun for example_subdag_operator.section-1 to None, run_after=None
[2023-03-08T00:03:44.334+0000] {logging_mixin.py:137} INFO - [2023-03-08T00:03:44.333+0000] {dag.py:3441} INFO - Setting next_dagrun for example_subdag_operator.section-2 to None, run_after=None
[2023-03-08T00:03:44.374+0000] {logging_mixin.py:137} INFO - [2023-03-08T00:03:44.374+0000] {dag.py:2690} INFO - Sync 2 DAGs
[2023-03-08T00:03:44.413+0000] {logging_mixin.py:137} INFO - [2023-03-08T00:03:44.413+0000] {dag.py:3441} INFO - Setting next_dagrun for example_subdag_operator.section-1 to None, run_after=None
[2023-03-08T00:03:44.417+0000] {logging_mixin.py:137} INFO - [2023-03-08T00:03:44.417+0000] {dag.py:3441} INFO - Setting next_dagrun for example_subdag_operator.section-2 to None, run_after=None
[2023-03-08T00:03:44.472+0000] {processor.py:175} INFO - Processing /home/airflow/.local/lib/python3.7/site-packages/airflow/example_dags/example_subdag_operator.py took 0.681 seconds
[2023-03-08T00:04:15.191+0000] {processor.py:153} INFO - Started process (PID=2754) to work on /home/airflow/.local/lib/python3.7/site-packages/airflow/example_dags/example_subdag_operator.py
[2023-03-08T00:04:15.353+0000] {processor.py:743} INFO - Processing file /home/airflow/.local/lib/python3.7/site-packages/airflow/example_dags/example_subdag_operator.py for tasks to queue
[2023-03-08T00:04:15.424+0000] {logging_mixin.py:137} INFO - [2023-03-08T00:04:15.413+0000] {dagbag.py:538} INFO - Filling up the DagBag from /home/airflow/.local/lib/python3.7/site-packages/airflow/example_dags/example_subdag_operator.py
[2023-03-08T00:04:15.719+0000] {processor.py:753} INFO - DAG(s) dict_keys(['example_subdag_operator.section-1', 'example_subdag_operator.section-2', 'example_subdag_operator']) retrieved from /home/airflow/.local/lib/python3.7/site-packages/airflow/example_dags/example_subdag_operator.py
[2023-03-08T00:04:15.847+0000] {logging_mixin.py:137} INFO - [2023-03-08T00:04:15.847+0000] {dag.py:2690} INFO - Sync 3 DAGs
[2023-03-08T00:04:15.991+0000] {logging_mixin.py:137} INFO - [2023-03-08T00:04:15.990+0000] {dag.py:3441} INFO - Setting next_dagrun for example_subdag_operator to 2022-01-01T00:00:00+00:00, run_after=2022-01-01T00:00:00+00:00
[2023-03-08T00:04:16.011+0000] {logging_mixin.py:137} INFO - [2023-03-08T00:04:16.011+0000] {dag.py:3441} INFO - Setting next_dagrun for example_subdag_operator.section-1 to None, run_after=None
[2023-03-08T00:04:16.057+0000] {logging_mixin.py:137} INFO - [2023-03-08T00:04:16.056+0000] {dag.py:3441} INFO - Setting next_dagrun for example_subdag_operator.section-2 to None, run_after=None
[2023-03-08T00:04:16.149+0000] {logging_mixin.py:137} INFO - [2023-03-08T00:04:16.148+0000] {dag.py:2690} INFO - Sync 2 DAGs
[2023-03-08T00:04:16.176+0000] {logging_mixin.py:137} INFO - [2023-03-08T00:04:16.176+0000] {dag.py:3441} INFO - Setting next_dagrun for example_subdag_operator.section-1 to None, run_after=None
[2023-03-08T00:04:16.180+0000] {logging_mixin.py:137} INFO - [2023-03-08T00:04:16.179+0000] {dag.py:3441} INFO - Setting next_dagrun for example_subdag_operator.section-2 to None, run_after=None
[2023-03-08T00:04:16.219+0000] {processor.py:175} INFO - Processing /home/airflow/.local/lib/python3.7/site-packages/airflow/example_dags/example_subdag_operator.py took 1.057 seconds
[2023-03-08T00:04:46.686+0000] {processor.py:153} INFO - Started process (PID=2823) to work on /home/airflow/.local/lib/python3.7/site-packages/airflow/example_dags/example_subdag_operator.py
[2023-03-08T00:04:46.689+0000] {processor.py:743} INFO - Processing file /home/airflow/.local/lib/python3.7/site-packages/airflow/example_dags/example_subdag_operator.py for tasks to queue
[2023-03-08T00:04:46.693+0000] {logging_mixin.py:137} INFO - [2023-03-08T00:04:46.693+0000] {dagbag.py:538} INFO - Filling up the DagBag from /home/airflow/.local/lib/python3.7/site-packages/airflow/example_dags/example_subdag_operator.py
[2023-03-08T00:04:46.762+0000] {processor.py:753} INFO - DAG(s) dict_keys(['example_subdag_operator.section-1', 'example_subdag_operator.section-2', 'example_subdag_operator']) retrieved from /home/airflow/.local/lib/python3.7/site-packages/airflow/example_dags/example_subdag_operator.py
[2023-03-08T00:04:46.800+0000] {logging_mixin.py:137} INFO - [2023-03-08T00:04:46.800+0000] {dag.py:2690} INFO - Sync 3 DAGs
[2023-03-08T00:04:46.858+0000] {logging_mixin.py:137} INFO - [2023-03-08T00:04:46.858+0000] {dag.py:3441} INFO - Setting next_dagrun for example_subdag_operator to 2022-01-01T00:00:00+00:00, run_after=2022-01-01T00:00:00+00:00
[2023-03-08T00:04:46.868+0000] {logging_mixin.py:137} INFO - [2023-03-08T00:04:46.868+0000] {dag.py:3441} INFO - Setting next_dagrun for example_subdag_operator.section-1 to None, run_after=None
[2023-03-08T00:04:46.874+0000] {logging_mixin.py:137} INFO - [2023-03-08T00:04:46.873+0000] {dag.py:3441} INFO - Setting next_dagrun for example_subdag_operator.section-2 to None, run_after=None
[2023-03-08T00:04:46.889+0000] {logging_mixin.py:137} INFO - [2023-03-08T00:04:46.889+0000] {dag.py:2690} INFO - Sync 2 DAGs
[2023-03-08T00:04:46.904+0000] {logging_mixin.py:137} INFO - [2023-03-08T00:04:46.904+0000] {dag.py:3441} INFO - Setting next_dagrun for example_subdag_operator.section-1 to None, run_after=None
[2023-03-08T00:04:46.907+0000] {logging_mixin.py:137} INFO - [2023-03-08T00:04:46.907+0000] {dag.py:3441} INFO - Setting next_dagrun for example_subdag_operator.section-2 to None, run_after=None
[2023-03-08T00:04:46.933+0000] {processor.py:175} INFO - Processing /home/airflow/.local/lib/python3.7/site-packages/airflow/example_dags/example_subdag_operator.py took 0.258 seconds
[2023-03-08T00:05:17.221+0000] {processor.py:153} INFO - Started process (PID=2892) to work on /home/airflow/.local/lib/python3.7/site-packages/airflow/example_dags/example_subdag_operator.py
[2023-03-08T00:05:17.229+0000] {processor.py:743} INFO - Processing file /home/airflow/.local/lib/python3.7/site-packages/airflow/example_dags/example_subdag_operator.py for tasks to queue
[2023-03-08T00:05:17.234+0000] {logging_mixin.py:137} INFO - [2023-03-08T00:05:17.233+0000] {dagbag.py:538} INFO - Filling up the DagBag from /home/airflow/.local/lib/python3.7/site-packages/airflow/example_dags/example_subdag_operator.py
[2023-03-08T00:05:17.348+0000] {processor.py:753} INFO - DAG(s) dict_keys(['example_subdag_operator.section-1', 'example_subdag_operator.section-2', 'example_subdag_operator']) retrieved from /home/airflow/.local/lib/python3.7/site-packages/airflow/example_dags/example_subdag_operator.py
[2023-03-08T00:05:17.408+0000] {logging_mixin.py:137} INFO - [2023-03-08T00:05:17.407+0000] {dag.py:2690} INFO - Sync 3 DAGs
[2023-03-08T00:05:17.485+0000] {logging_mixin.py:137} INFO - [2023-03-08T00:05:17.485+0000] {dag.py:3441} INFO - Setting next_dagrun for example_subdag_operator to 2022-01-01T00:00:00+00:00, run_after=2022-01-01T00:00:00+00:00
[2023-03-08T00:05:17.497+0000] {logging_mixin.py:137} INFO - [2023-03-08T00:05:17.497+0000] {dag.py:3441} INFO - Setting next_dagrun for example_subdag_operator.section-1 to None, run_after=None
[2023-03-08T00:05:17.503+0000] {logging_mixin.py:137} INFO - [2023-03-08T00:05:17.502+0000] {dag.py:3441} INFO - Setting next_dagrun for example_subdag_operator.section-2 to None, run_after=None
[2023-03-08T00:05:17.521+0000] {logging_mixin.py:137} INFO - [2023-03-08T00:05:17.520+0000] {dag.py:2690} INFO - Sync 2 DAGs
[2023-03-08T00:05:17.541+0000] {logging_mixin.py:137} INFO - [2023-03-08T00:05:17.540+0000] {dag.py:3441} INFO - Setting next_dagrun for example_subdag_operator.section-1 to None, run_after=None
[2023-03-08T00:05:17.545+0000] {logging_mixin.py:137} INFO - [2023-03-08T00:05:17.544+0000] {dag.py:3441} INFO - Setting next_dagrun for example_subdag_operator.section-2 to None, run_after=None
[2023-03-08T00:05:17.586+0000] {processor.py:175} INFO - Processing /home/airflow/.local/lib/python3.7/site-packages/airflow/example_dags/example_subdag_operator.py took 0.373 seconds
[2023-03-08T00:05:47.801+0000] {processor.py:153} INFO - Started process (PID=2964) to work on /home/airflow/.local/lib/python3.7/site-packages/airflow/example_dags/example_subdag_operator.py
[2023-03-08T00:05:47.808+0000] {processor.py:743} INFO - Processing file /home/airflow/.local/lib/python3.7/site-packages/airflow/example_dags/example_subdag_operator.py for tasks to queue
[2023-03-08T00:05:47.817+0000] {logging_mixin.py:137} INFO - [2023-03-08T00:05:47.816+0000] {dagbag.py:538} INFO - Filling up the DagBag from /home/airflow/.local/lib/python3.7/site-packages/airflow/example_dags/example_subdag_operator.py
[2023-03-08T00:05:47.903+0000] {processor.py:753} INFO - DAG(s) dict_keys(['example_subdag_operator.section-1', 'example_subdag_operator.section-2', 'example_subdag_operator']) retrieved from /home/airflow/.local/lib/python3.7/site-packages/airflow/example_dags/example_subdag_operator.py
[2023-03-08T00:05:47.957+0000] {logging_mixin.py:137} INFO - [2023-03-08T00:05:47.956+0000] {dag.py:2690} INFO - Sync 3 DAGs
[2023-03-08T00:05:48.027+0000] {logging_mixin.py:137} INFO - [2023-03-08T00:05:48.027+0000] {dag.py:3441} INFO - Setting next_dagrun for example_subdag_operator to 2022-01-01T00:00:00+00:00, run_after=2022-01-01T00:00:00+00:00
[2023-03-08T00:05:48.039+0000] {logging_mixin.py:137} INFO - [2023-03-08T00:05:48.038+0000] {dag.py:3441} INFO - Setting next_dagrun for example_subdag_operator.section-1 to None, run_after=None
[2023-03-08T00:05:48.044+0000] {logging_mixin.py:137} INFO - [2023-03-08T00:05:48.044+0000] {dag.py:3441} INFO - Setting next_dagrun for example_subdag_operator.section-2 to None, run_after=None
[2023-03-08T00:05:48.063+0000] {logging_mixin.py:137} INFO - [2023-03-08T00:05:48.062+0000] {dag.py:2690} INFO - Sync 2 DAGs
[2023-03-08T00:05:48.077+0000] {logging_mixin.py:137} INFO - [2023-03-08T00:05:48.077+0000] {dag.py:3441} INFO - Setting next_dagrun for example_subdag_operator.section-1 to None, run_after=None
[2023-03-08T00:05:48.080+0000] {logging_mixin.py:137} INFO - [2023-03-08T00:05:48.080+0000] {dag.py:3441} INFO - Setting next_dagrun for example_subdag_operator.section-2 to None, run_after=None
[2023-03-08T00:05:48.114+0000] {processor.py:175} INFO - Processing /home/airflow/.local/lib/python3.7/site-packages/airflow/example_dags/example_subdag_operator.py took 0.322 seconds
[2023-03-08T00:06:18.991+0000] {processor.py:153} INFO - Started process (PID=3036) to work on /home/airflow/.local/lib/python3.7/site-packages/airflow/example_dags/example_subdag_operator.py
[2023-03-08T00:06:18.995+0000] {processor.py:743} INFO - Processing file /home/airflow/.local/lib/python3.7/site-packages/airflow/example_dags/example_subdag_operator.py for tasks to queue
[2023-03-08T00:06:18.998+0000] {logging_mixin.py:137} INFO - [2023-03-08T00:06:18.998+0000] {dagbag.py:538} INFO - Filling up the DagBag from /home/airflow/.local/lib/python3.7/site-packages/airflow/example_dags/example_subdag_operator.py
[2023-03-08T00:06:19.079+0000] {processor.py:753} INFO - DAG(s) dict_keys(['example_subdag_operator.section-1', 'example_subdag_operator.section-2', 'example_subdag_operator']) retrieved from /home/airflow/.local/lib/python3.7/site-packages/airflow/example_dags/example_subdag_operator.py
[2023-03-08T00:06:19.125+0000] {logging_mixin.py:137} INFO - [2023-03-08T00:06:19.125+0000] {dag.py:2690} INFO - Sync 3 DAGs
[2023-03-08T00:06:19.180+0000] {logging_mixin.py:137} INFO - [2023-03-08T00:06:19.180+0000] {dag.py:3441} INFO - Setting next_dagrun for example_subdag_operator to 2022-01-01T00:00:00+00:00, run_after=2022-01-01T00:00:00+00:00
[2023-03-08T00:06:19.192+0000] {logging_mixin.py:137} INFO - [2023-03-08T00:06:19.191+0000] {dag.py:3441} INFO - Setting next_dagrun for example_subdag_operator.section-1 to None, run_after=None
[2023-03-08T00:06:19.197+0000] {logging_mixin.py:137} INFO - [2023-03-08T00:06:19.197+0000] {dag.py:3441} INFO - Setting next_dagrun for example_subdag_operator.section-2 to None, run_after=None
[2023-03-08T00:06:19.221+0000] {logging_mixin.py:137} INFO - [2023-03-08T00:06:19.220+0000] {dag.py:2690} INFO - Sync 2 DAGs
[2023-03-08T00:06:19.238+0000] {logging_mixin.py:137} INFO - [2023-03-08T00:06:19.238+0000] {dag.py:3441} INFO - Setting next_dagrun for example_subdag_operator.section-1 to None, run_after=None
[2023-03-08T00:06:19.241+0000] {logging_mixin.py:137} INFO - [2023-03-08T00:06:19.240+0000] {dag.py:3441} INFO - Setting next_dagrun for example_subdag_operator.section-2 to None, run_after=None
[2023-03-08T00:06:19.271+0000] {processor.py:175} INFO - Processing /home/airflow/.local/lib/python3.7/site-packages/airflow/example_dags/example_subdag_operator.py took 0.290 seconds
[2023-03-08T00:06:49.441+0000] {processor.py:153} INFO - Started process (PID=3107) to work on /home/airflow/.local/lib/python3.7/site-packages/airflow/example_dags/example_subdag_operator.py
[2023-03-08T00:06:49.444+0000] {processor.py:743} INFO - Processing file /home/airflow/.local/lib/python3.7/site-packages/airflow/example_dags/example_subdag_operator.py for tasks to queue
[2023-03-08T00:06:49.447+0000] {logging_mixin.py:137} INFO - [2023-03-08T00:06:49.447+0000] {dagbag.py:538} INFO - Filling up the DagBag from /home/airflow/.local/lib/python3.7/site-packages/airflow/example_dags/example_subdag_operator.py
[2023-03-08T00:06:49.522+0000] {processor.py:753} INFO - DAG(s) dict_keys(['example_subdag_operator.section-1', 'example_subdag_operator.section-2', 'example_subdag_operator']) retrieved from /home/airflow/.local/lib/python3.7/site-packages/airflow/example_dags/example_subdag_operator.py
[2023-03-08T00:06:49.570+0000] {logging_mixin.py:137} INFO - [2023-03-08T00:06:49.570+0000] {dag.py:2690} INFO - Sync 3 DAGs
[2023-03-08T00:06:49.646+0000] {logging_mixin.py:137} INFO - [2023-03-08T00:06:49.646+0000] {dag.py:3441} INFO - Setting next_dagrun for example_subdag_operator to 2022-01-01T00:00:00+00:00, run_after=2022-01-01T00:00:00+00:00
[2023-03-08T00:06:49.658+0000] {logging_mixin.py:137} INFO - [2023-03-08T00:06:49.658+0000] {dag.py:3441} INFO - Setting next_dagrun for example_subdag_operator.section-1 to None, run_after=None
[2023-03-08T00:06:49.664+0000] {logging_mixin.py:137} INFO - [2023-03-08T00:06:49.664+0000] {dag.py:3441} INFO - Setting next_dagrun for example_subdag_operator.section-2 to None, run_after=None
[2023-03-08T00:06:49.685+0000] {logging_mixin.py:137} INFO - [2023-03-08T00:06:49.684+0000] {dag.py:2690} INFO - Sync 2 DAGs
[2023-03-08T00:06:49.705+0000] {logging_mixin.py:137} INFO - [2023-03-08T00:06:49.705+0000] {dag.py:3441} INFO - Setting next_dagrun for example_subdag_operator.section-1 to None, run_after=None
[2023-03-08T00:06:49.708+0000] {logging_mixin.py:137} INFO - [2023-03-08T00:06:49.708+0000] {dag.py:3441} INFO - Setting next_dagrun for example_subdag_operator.section-2 to None, run_after=None
[2023-03-08T00:06:49.744+0000] {processor.py:175} INFO - Processing /home/airflow/.local/lib/python3.7/site-packages/airflow/example_dags/example_subdag_operator.py took 0.311 seconds
[2023-03-08T00:07:23.363+0000] {processor.py:153} INFO - Started process (PID=3180) to work on /home/airflow/.local/lib/python3.7/site-packages/airflow/example_dags/example_subdag_operator.py
[2023-03-08T00:07:23.367+0000] {processor.py:743} INFO - Processing file /home/airflow/.local/lib/python3.7/site-packages/airflow/example_dags/example_subdag_operator.py for tasks to queue
[2023-03-08T00:07:23.381+0000] {logging_mixin.py:137} INFO - [2023-03-08T00:07:23.378+0000] {dagbag.py:538} INFO - Filling up the DagBag from /home/airflow/.local/lib/python3.7/site-packages/airflow/example_dags/example_subdag_operator.py
[2023-03-08T00:07:23.537+0000] {processor.py:753} INFO - DAG(s) dict_keys(['example_subdag_operator.section-1', 'example_subdag_operator.section-2', 'example_subdag_operator']) retrieved from /home/airflow/.local/lib/python3.7/site-packages/airflow/example_dags/example_subdag_operator.py
[2023-03-08T00:07:23.675+0000] {logging_mixin.py:137} INFO - [2023-03-08T00:07:23.674+0000] {dag.py:2690} INFO - Sync 3 DAGs
[2023-03-08T00:07:23.841+0000] {logging_mixin.py:137} INFO - [2023-03-08T00:07:23.841+0000] {dag.py:3441} INFO - Setting next_dagrun for example_subdag_operator to 2022-01-01T00:00:00+00:00, run_after=2022-01-01T00:00:00+00:00
[2023-03-08T00:07:23.866+0000] {logging_mixin.py:137} INFO - [2023-03-08T00:07:23.866+0000] {dag.py:3441} INFO - Setting next_dagrun for example_subdag_operator.section-1 to None, run_after=None
[2023-03-08T00:07:23.909+0000] {logging_mixin.py:137} INFO - [2023-03-08T00:07:23.909+0000] {dag.py:3441} INFO - Setting next_dagrun for example_subdag_operator.section-2 to None, run_after=None
[2023-03-08T00:07:23.993+0000] {logging_mixin.py:137} INFO - [2023-03-08T00:07:23.993+0000] {dag.py:2690} INFO - Sync 2 DAGs
[2023-03-08T00:07:24.033+0000] {logging_mixin.py:137} INFO - [2023-03-08T00:07:24.033+0000] {dag.py:3441} INFO - Setting next_dagrun for example_subdag_operator.section-1 to None, run_after=None
[2023-03-08T00:07:24.038+0000] {logging_mixin.py:137} INFO - [2023-03-08T00:07:24.037+0000] {dag.py:3441} INFO - Setting next_dagrun for example_subdag_operator.section-2 to None, run_after=None
[2023-03-08T00:07:24.143+0000] {processor.py:175} INFO - Processing /home/airflow/.local/lib/python3.7/site-packages/airflow/example_dags/example_subdag_operator.py took 0.804 seconds
[2023-03-08T00:08:02.892+0000] {processor.py:153} INFO - Started process (PID=3255) to work on /home/airflow/.local/lib/python3.7/site-packages/airflow/example_dags/example_subdag_operator.py
[2023-03-08T00:08:02.952+0000] {processor.py:743} INFO - Processing file /home/airflow/.local/lib/python3.7/site-packages/airflow/example_dags/example_subdag_operator.py for tasks to queue
[2023-03-08T00:08:02.988+0000] {logging_mixin.py:137} INFO - [2023-03-08T00:08:02.986+0000] {dagbag.py:538} INFO - Filling up the DagBag from /home/airflow/.local/lib/python3.7/site-packages/airflow/example_dags/example_subdag_operator.py
[2023-03-08T00:08:03.461+0000] {processor.py:753} INFO - DAG(s) dict_keys(['example_subdag_operator.section-1', 'example_subdag_operator.section-2', 'example_subdag_operator']) retrieved from /home/airflow/.local/lib/python3.7/site-packages/airflow/example_dags/example_subdag_operator.py
[2023-03-08T00:08:04.008+0000] {logging_mixin.py:137} INFO - [2023-03-08T00:08:04.007+0000] {dag.py:2690} INFO - Sync 3 DAGs
[2023-03-08T00:08:04.616+0000] {logging_mixin.py:137} INFO - [2023-03-08T00:08:04.615+0000] {dag.py:3441} INFO - Setting next_dagrun for example_subdag_operator to 2022-01-01T00:00:00+00:00, run_after=2022-01-01T00:00:00+00:00
[2023-03-08T00:08:04.655+0000] {logging_mixin.py:137} INFO - [2023-03-08T00:08:04.654+0000] {dag.py:3441} INFO - Setting next_dagrun for example_subdag_operator.section-1 to None, run_after=None
[2023-03-08T00:08:04.679+0000] {logging_mixin.py:137} INFO - [2023-03-08T00:08:04.678+0000] {dag.py:3441} INFO - Setting next_dagrun for example_subdag_operator.section-2 to None, run_after=None
[2023-03-08T00:08:04.743+0000] {logging_mixin.py:137} INFO - [2023-03-08T00:08:04.742+0000] {dag.py:2690} INFO - Sync 2 DAGs
[2023-03-08T00:08:04.859+0000] {logging_mixin.py:137} INFO - [2023-03-08T00:08:04.858+0000] {dag.py:3441} INFO - Setting next_dagrun for example_subdag_operator.section-1 to None, run_after=None
[2023-03-08T00:08:05.048+0000] {logging_mixin.py:137} INFO - [2023-03-08T00:08:05.047+0000] {dag.py:3441} INFO - Setting next_dagrun for example_subdag_operator.section-2 to None, run_after=None
[2023-03-08T00:08:05.773+0000] {processor.py:175} INFO - Processing /home/airflow/.local/lib/python3.7/site-packages/airflow/example_dags/example_subdag_operator.py took 2.962 seconds
[2023-03-08T00:08:36.453+0000] {processor.py:153} INFO - Started process (PID=3327) to work on /home/airflow/.local/lib/python3.7/site-packages/airflow/example_dags/example_subdag_operator.py
[2023-03-08T00:08:36.495+0000] {processor.py:743} INFO - Processing file /home/airflow/.local/lib/python3.7/site-packages/airflow/example_dags/example_subdag_operator.py for tasks to queue
[2023-03-08T00:08:36.519+0000] {logging_mixin.py:137} INFO - [2023-03-08T00:08:36.518+0000] {dagbag.py:538} INFO - Filling up the DagBag from /home/airflow/.local/lib/python3.7/site-packages/airflow/example_dags/example_subdag_operator.py
[2023-03-08T00:08:37.259+0000] {processor.py:753} INFO - DAG(s) dict_keys(['example_subdag_operator.section-1', 'example_subdag_operator.section-2', 'example_subdag_operator']) retrieved from /home/airflow/.local/lib/python3.7/site-packages/airflow/example_dags/example_subdag_operator.py
[2023-03-08T00:08:37.690+0000] {logging_mixin.py:137} INFO - [2023-03-08T00:08:37.690+0000] {dag.py:2690} INFO - Sync 3 DAGs
[2023-03-08T00:08:38.311+0000] {logging_mixin.py:137} INFO - [2023-03-08T00:08:38.310+0000] {dag.py:3441} INFO - Setting next_dagrun for example_subdag_operator to 2022-01-01T00:00:00+00:00, run_after=2022-01-01T00:00:00+00:00
[2023-03-08T00:08:38.380+0000] {logging_mixin.py:137} INFO - [2023-03-08T00:08:38.380+0000] {dag.py:3441} INFO - Setting next_dagrun for example_subdag_operator.section-1 to None, run_after=None
[2023-03-08T00:08:38.437+0000] {logging_mixin.py:137} INFO - [2023-03-08T00:08:38.437+0000] {dag.py:3441} INFO - Setting next_dagrun for example_subdag_operator.section-2 to None, run_after=None
[2023-03-08T00:08:38.728+0000] {logging_mixin.py:137} INFO - [2023-03-08T00:08:38.723+0000] {dag.py:2690} INFO - Sync 2 DAGs
[2023-03-08T00:08:38.809+0000] {logging_mixin.py:137} INFO - [2023-03-08T00:08:38.809+0000] {dag.py:3441} INFO - Setting next_dagrun for example_subdag_operator.section-1 to None, run_after=None
[2023-03-08T00:08:38.823+0000] {logging_mixin.py:137} INFO - [2023-03-08T00:08:38.821+0000] {dag.py:3441} INFO - Setting next_dagrun for example_subdag_operator.section-2 to None, run_after=None
[2023-03-08T00:08:39.150+0000] {processor.py:175} INFO - Processing /home/airflow/.local/lib/python3.7/site-packages/airflow/example_dags/example_subdag_operator.py took 2.728 seconds
[2023-03-08T00:09:09.438+0000] {processor.py:153} INFO - Started process (PID=3395) to work on /home/airflow/.local/lib/python3.7/site-packages/airflow/example_dags/example_subdag_operator.py
[2023-03-08T00:09:09.443+0000] {processor.py:743} INFO - Processing file /home/airflow/.local/lib/python3.7/site-packages/airflow/example_dags/example_subdag_operator.py for tasks to queue
[2023-03-08T00:09:09.450+0000] {logging_mixin.py:137} INFO - [2023-03-08T00:09:09.450+0000] {dagbag.py:538} INFO - Filling up the DagBag from /home/airflow/.local/lib/python3.7/site-packages/airflow/example_dags/example_subdag_operator.py
[2023-03-08T00:09:09.598+0000] {processor.py:753} INFO - DAG(s) dict_keys(['example_subdag_operator.section-1', 'example_subdag_operator.section-2', 'example_subdag_operator']) retrieved from /home/airflow/.local/lib/python3.7/site-packages/airflow/example_dags/example_subdag_operator.py
[2023-03-08T00:09:09.684+0000] {logging_mixin.py:137} INFO - [2023-03-08T00:09:09.684+0000] {dag.py:2690} INFO - Sync 3 DAGs
[2023-03-08T00:09:09.840+0000] {logging_mixin.py:137} INFO - [2023-03-08T00:09:09.840+0000] {dag.py:3441} INFO - Setting next_dagrun for example_subdag_operator to 2022-01-01T00:00:00+00:00, run_after=2022-01-01T00:00:00+00:00
[2023-03-08T00:09:09.865+0000] {logging_mixin.py:137} INFO - [2023-03-08T00:09:09.864+0000] {dag.py:3441} INFO - Setting next_dagrun for example_subdag_operator.section-1 to None, run_after=None
[2023-03-08T00:09:09.892+0000] {logging_mixin.py:137} INFO - [2023-03-08T00:09:09.892+0000] {dag.py:3441} INFO - Setting next_dagrun for example_subdag_operator.section-2 to None, run_after=None
[2023-03-08T00:09:09.965+0000] {logging_mixin.py:137} INFO - [2023-03-08T00:09:09.964+0000] {dag.py:2690} INFO - Sync 2 DAGs
[2023-03-08T00:09:09.992+0000] {logging_mixin.py:137} INFO - [2023-03-08T00:09:09.992+0000] {dag.py:3441} INFO - Setting next_dagrun for example_subdag_operator.section-1 to None, run_after=None
[2023-03-08T00:09:09.998+0000] {logging_mixin.py:137} INFO - [2023-03-08T00:09:09.997+0000] {dag.py:3441} INFO - Setting next_dagrun for example_subdag_operator.section-2 to None, run_after=None
[2023-03-08T00:09:10.035+0000] {processor.py:175} INFO - Processing /home/airflow/.local/lib/python3.7/site-packages/airflow/example_dags/example_subdag_operator.py took 0.617 seconds
[2023-03-08T00:09:43.112+0000] {processor.py:153} INFO - Started process (PID=3455) to work on /home/airflow/.local/lib/python3.7/site-packages/airflow/example_dags/example_subdag_operator.py
[2023-03-08T00:09:43.122+0000] {processor.py:743} INFO - Processing file /home/airflow/.local/lib/python3.7/site-packages/airflow/example_dags/example_subdag_operator.py for tasks to queue
[2023-03-08T00:09:43.133+0000] {logging_mixin.py:137} INFO - [2023-03-08T00:09:43.132+0000] {dagbag.py:538} INFO - Filling up the DagBag from /home/airflow/.local/lib/python3.7/site-packages/airflow/example_dags/example_subdag_operator.py
[2023-03-08T00:09:43.277+0000] {processor.py:753} INFO - DAG(s) dict_keys(['example_subdag_operator.section-1', 'example_subdag_operator.section-2', 'example_subdag_operator']) retrieved from /home/airflow/.local/lib/python3.7/site-packages/airflow/example_dags/example_subdag_operator.py
[2023-03-08T00:09:43.352+0000] {logging_mixin.py:137} INFO - [2023-03-08T00:09:43.351+0000] {dag.py:2690} INFO - Sync 3 DAGs
[2023-03-08T00:09:43.465+0000] {logging_mixin.py:137} INFO - [2023-03-08T00:09:43.465+0000] {dag.py:3441} INFO - Setting next_dagrun for example_subdag_operator to 2022-01-01T00:00:00+00:00, run_after=2022-01-01T00:00:00+00:00
[2023-03-08T00:09:43.480+0000] {logging_mixin.py:137} INFO - [2023-03-08T00:09:43.479+0000] {dag.py:3441} INFO - Setting next_dagrun for example_subdag_operator.section-1 to None, run_after=None
[2023-03-08T00:09:43.490+0000] {logging_mixin.py:137} INFO - [2023-03-08T00:09:43.489+0000] {dag.py:3441} INFO - Setting next_dagrun for example_subdag_operator.section-2 to None, run_after=None
[2023-03-08T00:09:43.515+0000] {logging_mixin.py:137} INFO - [2023-03-08T00:09:43.514+0000] {dag.py:2690} INFO - Sync 2 DAGs
[2023-03-08T00:09:43.538+0000] {logging_mixin.py:137} INFO - [2023-03-08T00:09:43.538+0000] {dag.py:3441} INFO - Setting next_dagrun for example_subdag_operator.section-1 to None, run_after=None
[2023-03-08T00:09:43.543+0000] {logging_mixin.py:137} INFO - [2023-03-08T00:09:43.543+0000] {dag.py:3441} INFO - Setting next_dagrun for example_subdag_operator.section-2 to None, run_after=None
[2023-03-08T00:09:43.584+0000] {processor.py:175} INFO - Processing /home/airflow/.local/lib/python3.7/site-packages/airflow/example_dags/example_subdag_operator.py took 0.484 seconds
[2023-03-08T00:10:21.747+0000] {processor.py:153} INFO - Started process (PID=3538) to work on /home/airflow/.local/lib/python3.7/site-packages/airflow/example_dags/example_subdag_operator.py
[2023-03-08T00:10:21.754+0000] {processor.py:743} INFO - Processing file /home/airflow/.local/lib/python3.7/site-packages/airflow/example_dags/example_subdag_operator.py for tasks to queue
[2023-03-08T00:10:21.763+0000] {logging_mixin.py:137} INFO - [2023-03-08T00:10:21.762+0000] {dagbag.py:538} INFO - Filling up the DagBag from /home/airflow/.local/lib/python3.7/site-packages/airflow/example_dags/example_subdag_operator.py
[2023-03-08T00:10:21.921+0000] {processor.py:753} INFO - DAG(s) dict_keys(['example_subdag_operator.section-1', 'example_subdag_operator.section-2', 'example_subdag_operator']) retrieved from /home/airflow/.local/lib/python3.7/site-packages/airflow/example_dags/example_subdag_operator.py
[2023-03-08T00:10:22.033+0000] {logging_mixin.py:137} INFO - [2023-03-08T00:10:22.032+0000] {dag.py:2690} INFO - Sync 3 DAGs
[2023-03-08T00:10:22.231+0000] {logging_mixin.py:137} INFO - [2023-03-08T00:10:22.230+0000] {dag.py:3441} INFO - Setting next_dagrun for example_subdag_operator to 2022-01-01T00:00:00+00:00, run_after=2022-01-01T00:00:00+00:00
[2023-03-08T00:10:22.278+0000] {logging_mixin.py:137} INFO - [2023-03-08T00:10:22.278+0000] {dag.py:3441} INFO - Setting next_dagrun for example_subdag_operator.section-1 to None, run_after=None
[2023-03-08T00:10:22.297+0000] {logging_mixin.py:137} INFO - [2023-03-08T00:10:22.297+0000] {dag.py:3441} INFO - Setting next_dagrun for example_subdag_operator.section-2 to None, run_after=None
[2023-03-08T00:10:22.411+0000] {logging_mixin.py:137} INFO - [2023-03-08T00:10:22.411+0000] {dag.py:2690} INFO - Sync 2 DAGs
[2023-03-08T00:10:22.466+0000] {logging_mixin.py:137} INFO - [2023-03-08T00:10:22.465+0000] {dag.py:3441} INFO - Setting next_dagrun for example_subdag_operator.section-1 to None, run_after=None
[2023-03-08T00:10:22.496+0000] {logging_mixin.py:137} INFO - [2023-03-08T00:10:22.493+0000] {dag.py:3441} INFO - Setting next_dagrun for example_subdag_operator.section-2 to None, run_after=None
[2023-03-08T00:10:22.641+0000] {processor.py:175} INFO - Processing /home/airflow/.local/lib/python3.7/site-packages/airflow/example_dags/example_subdag_operator.py took 0.911 seconds
[2023-03-08T00:10:53.216+0000] {processor.py:153} INFO - Started process (PID=3603) to work on /home/airflow/.local/lib/python3.7/site-packages/airflow/example_dags/example_subdag_operator.py
[2023-03-08T00:10:53.272+0000] {processor.py:743} INFO - Processing file /home/airflow/.local/lib/python3.7/site-packages/airflow/example_dags/example_subdag_operator.py for tasks to queue
[2023-03-08T00:10:53.278+0000] {logging_mixin.py:137} INFO - [2023-03-08T00:10:53.277+0000] {dagbag.py:538} INFO - Filling up the DagBag from /home/airflow/.local/lib/python3.7/site-packages/airflow/example_dags/example_subdag_operator.py
[2023-03-08T00:10:53.418+0000] {processor.py:753} INFO - DAG(s) dict_keys(['example_subdag_operator.section-1', 'example_subdag_operator.section-2', 'example_subdag_operator']) retrieved from /home/airflow/.local/lib/python3.7/site-packages/airflow/example_dags/example_subdag_operator.py
[2023-03-08T00:10:53.489+0000] {logging_mixin.py:137} INFO - [2023-03-08T00:10:53.489+0000] {dag.py:2690} INFO - Sync 3 DAGs
[2023-03-08T00:10:53.551+0000] {logging_mixin.py:137} INFO - [2023-03-08T00:10:53.551+0000] {dag.py:3441} INFO - Setting next_dagrun for example_subdag_operator to 2022-01-01T00:00:00+00:00, run_after=2022-01-01T00:00:00+00:00
[2023-03-08T00:10:53.567+0000] {logging_mixin.py:137} INFO - [2023-03-08T00:10:53.567+0000] {dag.py:3441} INFO - Setting next_dagrun for example_subdag_operator.section-1 to None, run_after=None
[2023-03-08T00:10:53.573+0000] {logging_mixin.py:137} INFO - [2023-03-08T00:10:53.573+0000] {dag.py:3441} INFO - Setting next_dagrun for example_subdag_operator.section-2 to None, run_after=None
[2023-03-08T00:10:53.593+0000] {logging_mixin.py:137} INFO - [2023-03-08T00:10:53.592+0000] {dag.py:2690} INFO - Sync 2 DAGs
[2023-03-08T00:10:53.610+0000] {logging_mixin.py:137} INFO - [2023-03-08T00:10:53.610+0000] {dag.py:3441} INFO - Setting next_dagrun for example_subdag_operator.section-1 to None, run_after=None
[2023-03-08T00:10:53.613+0000] {logging_mixin.py:137} INFO - [2023-03-08T00:10:53.612+0000] {dag.py:3441} INFO - Setting next_dagrun for example_subdag_operator.section-2 to None, run_after=None
[2023-03-08T00:10:53.656+0000] {processor.py:175} INFO - Processing /home/airflow/.local/lib/python3.7/site-packages/airflow/example_dags/example_subdag_operator.py took 0.469 seconds
[2023-03-08T00:11:23.905+0000] {processor.py:153} INFO - Started process (PID=3674) to work on /home/airflow/.local/lib/python3.7/site-packages/airflow/example_dags/example_subdag_operator.py
[2023-03-08T00:11:23.913+0000] {processor.py:743} INFO - Processing file /home/airflow/.local/lib/python3.7/site-packages/airflow/example_dags/example_subdag_operator.py for tasks to queue
[2023-03-08T00:11:23.919+0000] {logging_mixin.py:137} INFO - [2023-03-08T00:11:23.918+0000] {dagbag.py:538} INFO - Filling up the DagBag from /home/airflow/.local/lib/python3.7/site-packages/airflow/example_dags/example_subdag_operator.py
[2023-03-08T00:11:24.022+0000] {processor.py:753} INFO - DAG(s) dict_keys(['example_subdag_operator.section-1', 'example_subdag_operator.section-2', 'example_subdag_operator']) retrieved from /home/airflow/.local/lib/python3.7/site-packages/airflow/example_dags/example_subdag_operator.py
[2023-03-08T00:11:24.108+0000] {logging_mixin.py:137} INFO - [2023-03-08T00:11:24.106+0000] {dag.py:2690} INFO - Sync 3 DAGs
[2023-03-08T00:11:24.291+0000] {logging_mixin.py:137} INFO - [2023-03-08T00:11:24.290+0000] {dag.py:3441} INFO - Setting next_dagrun for example_subdag_operator to 2022-01-01T00:00:00+00:00, run_after=2022-01-01T00:00:00+00:00
[2023-03-08T00:11:24.311+0000] {logging_mixin.py:137} INFO - [2023-03-08T00:11:24.311+0000] {dag.py:3441} INFO - Setting next_dagrun for example_subdag_operator.section-1 to None, run_after=None
[2023-03-08T00:11:24.321+0000] {logging_mixin.py:137} INFO - [2023-03-08T00:11:24.321+0000] {dag.py:3441} INFO - Setting next_dagrun for example_subdag_operator.section-2 to None, run_after=None
[2023-03-08T00:11:24.344+0000] {logging_mixin.py:137} INFO - [2023-03-08T00:11:24.344+0000] {dag.py:2690} INFO - Sync 2 DAGs
[2023-03-08T00:11:24.372+0000] {logging_mixin.py:137} INFO - [2023-03-08T00:11:24.372+0000] {dag.py:3441} INFO - Setting next_dagrun for example_subdag_operator.section-1 to None, run_after=None
[2023-03-08T00:11:24.376+0000] {logging_mixin.py:137} INFO - [2023-03-08T00:11:24.376+0000] {dag.py:3441} INFO - Setting next_dagrun for example_subdag_operator.section-2 to None, run_after=None
[2023-03-08T00:11:24.421+0000] {processor.py:175} INFO - Processing /home/airflow/.local/lib/python3.7/site-packages/airflow/example_dags/example_subdag_operator.py took 0.532 seconds
[2023-03-08T00:11:54.580+0000] {processor.py:153} INFO - Started process (PID=3745) to work on /home/airflow/.local/lib/python3.7/site-packages/airflow/example_dags/example_subdag_operator.py
[2023-03-08T00:11:54.585+0000] {processor.py:743} INFO - Processing file /home/airflow/.local/lib/python3.7/site-packages/airflow/example_dags/example_subdag_operator.py for tasks to queue
[2023-03-08T00:11:54.588+0000] {logging_mixin.py:137} INFO - [2023-03-08T00:11:54.588+0000] {dagbag.py:538} INFO - Filling up the DagBag from /home/airflow/.local/lib/python3.7/site-packages/airflow/example_dags/example_subdag_operator.py
[2023-03-08T00:11:54.667+0000] {processor.py:753} INFO - DAG(s) dict_keys(['example_subdag_operator.section-1', 'example_subdag_operator.section-2', 'example_subdag_operator']) retrieved from /home/airflow/.local/lib/python3.7/site-packages/airflow/example_dags/example_subdag_operator.py
[2023-03-08T00:11:54.711+0000] {logging_mixin.py:137} INFO - [2023-03-08T00:11:54.710+0000] {dag.py:2690} INFO - Sync 3 DAGs
[2023-03-08T00:11:54.763+0000] {logging_mixin.py:137} INFO - [2023-03-08T00:11:54.763+0000] {dag.py:3441} INFO - Setting next_dagrun for example_subdag_operator to 2022-01-01T00:00:00+00:00, run_after=2022-01-01T00:00:00+00:00
[2023-03-08T00:11:54.772+0000] {logging_mixin.py:137} INFO - [2023-03-08T00:11:54.772+0000] {dag.py:3441} INFO - Setting next_dagrun for example_subdag_operator.section-1 to None, run_after=None
[2023-03-08T00:11:54.776+0000] {logging_mixin.py:137} INFO - [2023-03-08T00:11:54.776+0000] {dag.py:3441} INFO - Setting next_dagrun for example_subdag_operator.section-2 to None, run_after=None
[2023-03-08T00:11:54.792+0000] {logging_mixin.py:137} INFO - [2023-03-08T00:11:54.792+0000] {dag.py:2690} INFO - Sync 2 DAGs
[2023-03-08T00:11:54.807+0000] {logging_mixin.py:137} INFO - [2023-03-08T00:11:54.807+0000] {dag.py:3441} INFO - Setting next_dagrun for example_subdag_operator.section-1 to None, run_after=None
[2023-03-08T00:11:54.812+0000] {logging_mixin.py:137} INFO - [2023-03-08T00:11:54.811+0000] {dag.py:3441} INFO - Setting next_dagrun for example_subdag_operator.section-2 to None, run_after=None
[2023-03-08T00:11:54.840+0000] {processor.py:175} INFO - Processing /home/airflow/.local/lib/python3.7/site-packages/airflow/example_dags/example_subdag_operator.py took 0.268 seconds
[2023-03-08T00:12:25.335+0000] {processor.py:153} INFO - Started process (PID=3816) to work on /home/airflow/.local/lib/python3.7/site-packages/airflow/example_dags/example_subdag_operator.py
[2023-03-08T00:12:25.341+0000] {processor.py:743} INFO - Processing file /home/airflow/.local/lib/python3.7/site-packages/airflow/example_dags/example_subdag_operator.py for tasks to queue
[2023-03-08T00:12:25.344+0000] {logging_mixin.py:137} INFO - [2023-03-08T00:12:25.344+0000] {dagbag.py:538} INFO - Filling up the DagBag from /home/airflow/.local/lib/python3.7/site-packages/airflow/example_dags/example_subdag_operator.py
[2023-03-08T00:12:25.426+0000] {processor.py:753} INFO - DAG(s) dict_keys(['example_subdag_operator.section-1', 'example_subdag_operator.section-2', 'example_subdag_operator']) retrieved from /home/airflow/.local/lib/python3.7/site-packages/airflow/example_dags/example_subdag_operator.py
[2023-03-08T00:12:25.473+0000] {logging_mixin.py:137} INFO - [2023-03-08T00:12:25.472+0000] {dag.py:2690} INFO - Sync 3 DAGs
[2023-03-08T00:12:25.529+0000] {logging_mixin.py:137} INFO - [2023-03-08T00:12:25.529+0000] {dag.py:3441} INFO - Setting next_dagrun for example_subdag_operator to 2022-01-01T00:00:00+00:00, run_after=2022-01-01T00:00:00+00:00
[2023-03-08T00:12:25.543+0000] {logging_mixin.py:137} INFO - [2023-03-08T00:12:25.543+0000] {dag.py:3441} INFO - Setting next_dagrun for example_subdag_operator.section-1 to None, run_after=None
[2023-03-08T00:12:25.548+0000] {logging_mixin.py:137} INFO - [2023-03-08T00:12:25.548+0000] {dag.py:3441} INFO - Setting next_dagrun for example_subdag_operator.section-2 to None, run_after=None
[2023-03-08T00:12:25.567+0000] {logging_mixin.py:137} INFO - [2023-03-08T00:12:25.566+0000] {dag.py:2690} INFO - Sync 2 DAGs
[2023-03-08T00:12:25.583+0000] {logging_mixin.py:137} INFO - [2023-03-08T00:12:25.583+0000] {dag.py:3441} INFO - Setting next_dagrun for example_subdag_operator.section-1 to None, run_after=None
[2023-03-08T00:12:25.585+0000] {logging_mixin.py:137} INFO - [2023-03-08T00:12:25.585+0000] {dag.py:3441} INFO - Setting next_dagrun for example_subdag_operator.section-2 to None, run_after=None
[2023-03-08T00:12:25.613+0000] {processor.py:175} INFO - Processing /home/airflow/.local/lib/python3.7/site-packages/airflow/example_dags/example_subdag_operator.py took 0.287 seconds
