[2023-03-08T00:00:22.075+0000] {processor.py:153} INFO - Started process (PID=2286) to work on /home/airflow/.local/lib/python3.7/site-packages/airflow/example_dags/example_sensor_decorator.py
[2023-03-08T00:00:22.079+0000] {processor.py:743} INFO - Processing file /home/airflow/.local/lib/python3.7/site-packages/airflow/example_dags/example_sensor_decorator.py for tasks to queue
[2023-03-08T00:00:22.095+0000] {logging_mixin.py:137} INFO - [2023-03-08T00:00:22.095+0000] {dagbag.py:538} INFO - Filling up the DagBag from /home/airflow/.local/lib/python3.7/site-packages/airflow/example_dags/example_sensor_decorator.py
[2023-03-08T00:00:22.181+0000] {processor.py:753} INFO - DAG(s) dict_keys(['example_sensor_decorator']) retrieved from /home/airflow/.local/lib/python3.7/site-packages/airflow/example_dags/example_sensor_decorator.py
[2023-03-08T00:00:22.273+0000] {logging_mixin.py:137} INFO - [2023-03-08T00:00:22.273+0000] {dag.py:2690} INFO - Sync 1 DAGs
[2023-03-08T00:00:22.348+0000] {logging_mixin.py:137} INFO - [2023-03-08T00:00:22.347+0000] {dag.py:3441} INFO - Setting next_dagrun for example_sensor_decorator to None, run_after=None
[2023-03-08T00:00:22.409+0000] {processor.py:175} INFO - Processing /home/airflow/.local/lib/python3.7/site-packages/airflow/example_dags/example_sensor_decorator.py took 0.361 seconds
[2023-03-08T00:00:52.928+0000] {processor.py:153} INFO - Started process (PID=2345) to work on /home/airflow/.local/lib/python3.7/site-packages/airflow/example_dags/example_sensor_decorator.py
[2023-03-08T00:00:52.934+0000] {processor.py:743} INFO - Processing file /home/airflow/.local/lib/python3.7/site-packages/airflow/example_dags/example_sensor_decorator.py for tasks to queue
[2023-03-08T00:00:52.939+0000] {logging_mixin.py:137} INFO - [2023-03-08T00:00:52.938+0000] {dagbag.py:538} INFO - Filling up the DagBag from /home/airflow/.local/lib/python3.7/site-packages/airflow/example_dags/example_sensor_decorator.py
[2023-03-08T00:00:53.000+0000] {processor.py:753} INFO - DAG(s) dict_keys(['example_sensor_decorator']) retrieved from /home/airflow/.local/lib/python3.7/site-packages/airflow/example_dags/example_sensor_decorator.py
[2023-03-08T00:00:53.070+0000] {logging_mixin.py:137} INFO - [2023-03-08T00:00:53.070+0000] {dag.py:2690} INFO - Sync 1 DAGs
[2023-03-08T00:00:53.146+0000] {logging_mixin.py:137} INFO - [2023-03-08T00:00:53.145+0000] {dag.py:3441} INFO - Setting next_dagrun for example_sensor_decorator to None, run_after=None
[2023-03-08T00:00:53.194+0000] {processor.py:175} INFO - Processing /home/airflow/.local/lib/python3.7/site-packages/airflow/example_dags/example_sensor_decorator.py took 0.275 seconds
[2023-03-08T00:01:23.743+0000] {processor.py:153} INFO - Started process (PID=2414) to work on /home/airflow/.local/lib/python3.7/site-packages/airflow/example_dags/example_sensor_decorator.py
[2023-03-08T00:01:23.758+0000] {processor.py:743} INFO - Processing file /home/airflow/.local/lib/python3.7/site-packages/airflow/example_dags/example_sensor_decorator.py for tasks to queue
[2023-03-08T00:01:23.781+0000] {logging_mixin.py:137} INFO - [2023-03-08T00:01:23.777+0000] {dagbag.py:538} INFO - Filling up the DagBag from /home/airflow/.local/lib/python3.7/site-packages/airflow/example_dags/example_sensor_decorator.py
[2023-03-08T00:01:23.924+0000] {processor.py:753} INFO - DAG(s) dict_keys(['example_sensor_decorator']) retrieved from /home/airflow/.local/lib/python3.7/site-packages/airflow/example_dags/example_sensor_decorator.py
[2023-03-08T00:01:24.163+0000] {logging_mixin.py:137} INFO - [2023-03-08T00:01:24.163+0000] {dag.py:2690} INFO - Sync 1 DAGs
[2023-03-08T00:01:24.677+0000] {logging_mixin.py:137} INFO - [2023-03-08T00:01:24.676+0000] {dag.py:3441} INFO - Setting next_dagrun for example_sensor_decorator to None, run_after=None
[2023-03-08T00:01:24.822+0000] {processor.py:175} INFO - Processing /home/airflow/.local/lib/python3.7/site-packages/airflow/example_dags/example_sensor_decorator.py took 1.104 seconds
[2023-03-08T00:02:00.636+0000] {processor.py:153} INFO - Started process (PID=2482) to work on /home/airflow/.local/lib/python3.7/site-packages/airflow/example_dags/example_sensor_decorator.py
[2023-03-08T00:02:00.673+0000] {processor.py:743} INFO - Processing file /home/airflow/.local/lib/python3.7/site-packages/airflow/example_dags/example_sensor_decorator.py for tasks to queue
[2023-03-08T00:02:00.697+0000] {logging_mixin.py:137} INFO - [2023-03-08T00:02:00.692+0000] {dagbag.py:538} INFO - Filling up the DagBag from /home/airflow/.local/lib/python3.7/site-packages/airflow/example_dags/example_sensor_decorator.py
[2023-03-08T00:02:00.907+0000] {processor.py:753} INFO - DAG(s) dict_keys(['example_sensor_decorator']) retrieved from /home/airflow/.local/lib/python3.7/site-packages/airflow/example_dags/example_sensor_decorator.py
[2023-03-08T00:02:01.035+0000] {logging_mixin.py:137} INFO - [2023-03-08T00:02:01.034+0000] {dag.py:2690} INFO - Sync 1 DAGs
[2023-03-08T00:02:01.238+0000] {logging_mixin.py:137} INFO - [2023-03-08T00:02:01.238+0000] {dag.py:3441} INFO - Setting next_dagrun for example_sensor_decorator to None, run_after=None
[2023-03-08T00:02:01.384+0000] {processor.py:175} INFO - Processing /home/airflow/.local/lib/python3.7/site-packages/airflow/example_dags/example_sensor_decorator.py took 0.784 seconds
[2023-03-08T00:02:37.409+0000] {processor.py:153} INFO - Started process (PID=2549) to work on /home/airflow/.local/lib/python3.7/site-packages/airflow/example_dags/example_sensor_decorator.py
[2023-03-08T00:02:37.419+0000] {processor.py:743} INFO - Processing file /home/airflow/.local/lib/python3.7/site-packages/airflow/example_dags/example_sensor_decorator.py for tasks to queue
[2023-03-08T00:02:37.442+0000] {logging_mixin.py:137} INFO - [2023-03-08T00:02:37.441+0000] {dagbag.py:538} INFO - Filling up the DagBag from /home/airflow/.local/lib/python3.7/site-packages/airflow/example_dags/example_sensor_decorator.py
[2023-03-08T00:02:37.619+0000] {processor.py:753} INFO - DAG(s) dict_keys(['example_sensor_decorator']) retrieved from /home/airflow/.local/lib/python3.7/site-packages/airflow/example_dags/example_sensor_decorator.py
[2023-03-08T00:02:37.752+0000] {logging_mixin.py:137} INFO - [2023-03-08T00:02:37.751+0000] {dag.py:2690} INFO - Sync 1 DAGs
[2023-03-08T00:02:37.910+0000] {logging_mixin.py:137} INFO - [2023-03-08T00:02:37.909+0000] {dag.py:3441} INFO - Setting next_dagrun for example_sensor_decorator to None, run_after=None
[2023-03-08T00:02:38.007+0000] {processor.py:175} INFO - Processing /home/airflow/.local/lib/python3.7/site-packages/airflow/example_dags/example_sensor_decorator.py took 0.748 seconds
[2023-03-08T00:03:09.862+0000] {processor.py:153} INFO - Started process (PID=2611) to work on /home/airflow/.local/lib/python3.7/site-packages/airflow/example_dags/example_sensor_decorator.py
[2023-03-08T00:03:09.866+0000] {processor.py:743} INFO - Processing file /home/airflow/.local/lib/python3.7/site-packages/airflow/example_dags/example_sensor_decorator.py for tasks to queue
[2023-03-08T00:03:09.871+0000] {logging_mixin.py:137} INFO - [2023-03-08T00:03:09.871+0000] {dagbag.py:538} INFO - Filling up the DagBag from /home/airflow/.local/lib/python3.7/site-packages/airflow/example_dags/example_sensor_decorator.py
[2023-03-08T00:03:09.958+0000] {processor.py:753} INFO - DAG(s) dict_keys(['example_sensor_decorator']) retrieved from /home/airflow/.local/lib/python3.7/site-packages/airflow/example_dags/example_sensor_decorator.py
[2023-03-08T00:03:10.039+0000] {logging_mixin.py:137} INFO - [2023-03-08T00:03:10.039+0000] {dag.py:2690} INFO - Sync 1 DAGs
[2023-03-08T00:03:10.120+0000] {logging_mixin.py:137} INFO - [2023-03-08T00:03:10.120+0000] {dag.py:3441} INFO - Setting next_dagrun for example_sensor_decorator to None, run_after=None
[2023-03-08T00:03:10.200+0000] {processor.py:175} INFO - Processing /home/airflow/.local/lib/python3.7/site-packages/airflow/example_dags/example_sensor_decorator.py took 0.349 seconds
[2023-03-08T00:03:42.850+0000] {processor.py:153} INFO - Started process (PID=2681) to work on /home/airflow/.local/lib/python3.7/site-packages/airflow/example_dags/example_sensor_decorator.py
[2023-03-08T00:03:42.859+0000] {processor.py:743} INFO - Processing file /home/airflow/.local/lib/python3.7/site-packages/airflow/example_dags/example_sensor_decorator.py for tasks to queue
[2023-03-08T00:03:42.865+0000] {logging_mixin.py:137} INFO - [2023-03-08T00:03:42.865+0000] {dagbag.py:538} INFO - Filling up the DagBag from /home/airflow/.local/lib/python3.7/site-packages/airflow/example_dags/example_sensor_decorator.py
[2023-03-08T00:03:42.971+0000] {processor.py:753} INFO - DAG(s) dict_keys(['example_sensor_decorator']) retrieved from /home/airflow/.local/lib/python3.7/site-packages/airflow/example_dags/example_sensor_decorator.py
[2023-03-08T00:03:43.055+0000] {logging_mixin.py:137} INFO - [2023-03-08T00:03:43.055+0000] {dag.py:2690} INFO - Sync 1 DAGs
[2023-03-08T00:03:43.166+0000] {logging_mixin.py:137} INFO - [2023-03-08T00:03:43.166+0000] {dag.py:3441} INFO - Setting next_dagrun for example_sensor_decorator to None, run_after=None
[2023-03-08T00:03:43.279+0000] {processor.py:175} INFO - Processing /home/airflow/.local/lib/python3.7/site-packages/airflow/example_dags/example_sensor_decorator.py took 0.442 seconds
[2023-03-08T00:04:13.863+0000] {processor.py:153} INFO - Started process (PID=2751) to work on /home/airflow/.local/lib/python3.7/site-packages/airflow/example_dags/example_sensor_decorator.py
[2023-03-08T00:04:13.868+0000] {processor.py:743} INFO - Processing file /home/airflow/.local/lib/python3.7/site-packages/airflow/example_dags/example_sensor_decorator.py for tasks to queue
[2023-03-08T00:04:13.873+0000] {logging_mixin.py:137} INFO - [2023-03-08T00:04:13.873+0000] {dagbag.py:538} INFO - Filling up the DagBag from /home/airflow/.local/lib/python3.7/site-packages/airflow/example_dags/example_sensor_decorator.py
[2023-03-08T00:04:13.939+0000] {processor.py:753} INFO - DAG(s) dict_keys(['example_sensor_decorator']) retrieved from /home/airflow/.local/lib/python3.7/site-packages/airflow/example_dags/example_sensor_decorator.py
[2023-03-08T00:04:14.019+0000] {logging_mixin.py:137} INFO - [2023-03-08T00:04:14.019+0000] {dag.py:2690} INFO - Sync 1 DAGs
[2023-03-08T00:04:14.096+0000] {logging_mixin.py:137} INFO - [2023-03-08T00:04:14.096+0000] {dag.py:3441} INFO - Setting next_dagrun for example_sensor_decorator to None, run_after=None
[2023-03-08T00:04:14.163+0000] {processor.py:175} INFO - Processing /home/airflow/.local/lib/python3.7/site-packages/airflow/example_dags/example_sensor_decorator.py took 0.312 seconds
[2023-03-08T00:04:44.329+0000] {processor.py:153} INFO - Started process (PID=2819) to work on /home/airflow/.local/lib/python3.7/site-packages/airflow/example_dags/example_sensor_decorator.py
[2023-03-08T00:04:44.333+0000] {processor.py:743} INFO - Processing file /home/airflow/.local/lib/python3.7/site-packages/airflow/example_dags/example_sensor_decorator.py for tasks to queue
[2023-03-08T00:04:44.338+0000] {logging_mixin.py:137} INFO - [2023-03-08T00:04:44.338+0000] {dagbag.py:538} INFO - Filling up the DagBag from /home/airflow/.local/lib/python3.7/site-packages/airflow/example_dags/example_sensor_decorator.py
[2023-03-08T00:04:44.395+0000] {processor.py:753} INFO - DAG(s) dict_keys(['example_sensor_decorator']) retrieved from /home/airflow/.local/lib/python3.7/site-packages/airflow/example_dags/example_sensor_decorator.py
[2023-03-08T00:04:44.462+0000] {logging_mixin.py:137} INFO - [2023-03-08T00:04:44.462+0000] {dag.py:2690} INFO - Sync 1 DAGs
[2023-03-08T00:04:44.530+0000] {logging_mixin.py:137} INFO - [2023-03-08T00:04:44.529+0000] {dag.py:3441} INFO - Setting next_dagrun for example_sensor_decorator to None, run_after=None
[2023-03-08T00:04:44.573+0000] {processor.py:175} INFO - Processing /home/airflow/.local/lib/python3.7/site-packages/airflow/example_dags/example_sensor_decorator.py took 0.255 seconds
[2023-03-08T00:05:15.268+0000] {processor.py:153} INFO - Started process (PID=2889) to work on /home/airflow/.local/lib/python3.7/site-packages/airflow/example_dags/example_sensor_decorator.py
[2023-03-08T00:05:15.274+0000] {processor.py:743} INFO - Processing file /home/airflow/.local/lib/python3.7/site-packages/airflow/example_dags/example_sensor_decorator.py for tasks to queue
[2023-03-08T00:05:15.279+0000] {logging_mixin.py:137} INFO - [2023-03-08T00:05:15.279+0000] {dagbag.py:538} INFO - Filling up the DagBag from /home/airflow/.local/lib/python3.7/site-packages/airflow/example_dags/example_sensor_decorator.py
[2023-03-08T00:05:15.404+0000] {processor.py:753} INFO - DAG(s) dict_keys(['example_sensor_decorator']) retrieved from /home/airflow/.local/lib/python3.7/site-packages/airflow/example_dags/example_sensor_decorator.py
[2023-03-08T00:05:15.480+0000] {logging_mixin.py:137} INFO - [2023-03-08T00:05:15.480+0000] {dag.py:2690} INFO - Sync 1 DAGs
[2023-03-08T00:05:15.608+0000] {logging_mixin.py:137} INFO - [2023-03-08T00:05:15.608+0000] {dag.py:3441} INFO - Setting next_dagrun for example_sensor_decorator to None, run_after=None
[2023-03-08T00:05:15.664+0000] {processor.py:175} INFO - Processing /home/airflow/.local/lib/python3.7/site-packages/airflow/example_dags/example_sensor_decorator.py took 0.413 seconds
[2023-03-08T00:05:45.853+0000] {processor.py:153} INFO - Started process (PID=2960) to work on /home/airflow/.local/lib/python3.7/site-packages/airflow/example_dags/example_sensor_decorator.py
[2023-03-08T00:05:45.859+0000] {processor.py:743} INFO - Processing file /home/airflow/.local/lib/python3.7/site-packages/airflow/example_dags/example_sensor_decorator.py for tasks to queue
[2023-03-08T00:05:45.863+0000] {logging_mixin.py:137} INFO - [2023-03-08T00:05:45.862+0000] {dagbag.py:538} INFO - Filling up the DagBag from /home/airflow/.local/lib/python3.7/site-packages/airflow/example_dags/example_sensor_decorator.py
[2023-03-08T00:05:45.937+0000] {processor.py:753} INFO - DAG(s) dict_keys(['example_sensor_decorator']) retrieved from /home/airflow/.local/lib/python3.7/site-packages/airflow/example_dags/example_sensor_decorator.py
[2023-03-08T00:05:46.061+0000] {logging_mixin.py:137} INFO - [2023-03-08T00:05:46.061+0000] {dag.py:2690} INFO - Sync 1 DAGs
[2023-03-08T00:05:46.138+0000] {logging_mixin.py:137} INFO - [2023-03-08T00:05:46.138+0000] {dag.py:3441} INFO - Setting next_dagrun for example_sensor_decorator to None, run_after=None
[2023-03-08T00:05:46.188+0000] {processor.py:175} INFO - Processing /home/airflow/.local/lib/python3.7/site-packages/airflow/example_dags/example_sensor_decorator.py took 0.349 seconds
[2023-03-08T00:06:16.612+0000] {processor.py:153} INFO - Started process (PID=3031) to work on /home/airflow/.local/lib/python3.7/site-packages/airflow/example_dags/example_sensor_decorator.py
[2023-03-08T00:06:16.617+0000] {processor.py:743} INFO - Processing file /home/airflow/.local/lib/python3.7/site-packages/airflow/example_dags/example_sensor_decorator.py for tasks to queue
[2023-03-08T00:06:16.625+0000] {logging_mixin.py:137} INFO - [2023-03-08T00:06:16.624+0000] {dagbag.py:538} INFO - Filling up the DagBag from /home/airflow/.local/lib/python3.7/site-packages/airflow/example_dags/example_sensor_decorator.py
[2023-03-08T00:06:16.748+0000] {processor.py:753} INFO - DAG(s) dict_keys(['example_sensor_decorator']) retrieved from /home/airflow/.local/lib/python3.7/site-packages/airflow/example_dags/example_sensor_decorator.py
[2023-03-08T00:06:16.825+0000] {logging_mixin.py:137} INFO - [2023-03-08T00:06:16.825+0000] {dag.py:2690} INFO - Sync 1 DAGs
[2023-03-08T00:06:16.902+0000] {logging_mixin.py:137} INFO - [2023-03-08T00:06:16.902+0000] {dag.py:3441} INFO - Setting next_dagrun for example_sensor_decorator to None, run_after=None
[2023-03-08T00:06:16.950+0000] {processor.py:175} INFO - Processing /home/airflow/.local/lib/python3.7/site-packages/airflow/example_dags/example_sensor_decorator.py took 0.377 seconds
[2023-03-08T00:06:47.260+0000] {processor.py:153} INFO - Started process (PID=3102) to work on /home/airflow/.local/lib/python3.7/site-packages/airflow/example_dags/example_sensor_decorator.py
[2023-03-08T00:06:47.264+0000] {processor.py:743} INFO - Processing file /home/airflow/.local/lib/python3.7/site-packages/airflow/example_dags/example_sensor_decorator.py for tasks to queue
[2023-03-08T00:06:47.267+0000] {logging_mixin.py:137} INFO - [2023-03-08T00:06:47.267+0000] {dagbag.py:538} INFO - Filling up the DagBag from /home/airflow/.local/lib/python3.7/site-packages/airflow/example_dags/example_sensor_decorator.py
[2023-03-08T00:06:47.325+0000] {processor.py:753} INFO - DAG(s) dict_keys(['example_sensor_decorator']) retrieved from /home/airflow/.local/lib/python3.7/site-packages/airflow/example_dags/example_sensor_decorator.py
[2023-03-08T00:06:47.383+0000] {logging_mixin.py:137} INFO - [2023-03-08T00:06:47.382+0000] {dag.py:2690} INFO - Sync 1 DAGs
[2023-03-08T00:06:47.446+0000] {logging_mixin.py:137} INFO - [2023-03-08T00:06:47.446+0000] {dag.py:3441} INFO - Setting next_dagrun for example_sensor_decorator to None, run_after=None
[2023-03-08T00:06:47.495+0000] {processor.py:175} INFO - Processing /home/airflow/.local/lib/python3.7/site-packages/airflow/example_dags/example_sensor_decorator.py took 0.248 seconds
[2023-03-08T00:07:19.676+0000] {processor.py:153} INFO - Started process (PID=3172) to work on /home/airflow/.local/lib/python3.7/site-packages/airflow/example_dags/example_sensor_decorator.py
[2023-03-08T00:07:19.684+0000] {processor.py:743} INFO - Processing file /home/airflow/.local/lib/python3.7/site-packages/airflow/example_dags/example_sensor_decorator.py for tasks to queue
[2023-03-08T00:07:19.691+0000] {logging_mixin.py:137} INFO - [2023-03-08T00:07:19.690+0000] {dagbag.py:538} INFO - Filling up the DagBag from /home/airflow/.local/lib/python3.7/site-packages/airflow/example_dags/example_sensor_decorator.py
[2023-03-08T00:07:19.823+0000] {processor.py:753} INFO - DAG(s) dict_keys(['example_sensor_decorator']) retrieved from /home/airflow/.local/lib/python3.7/site-packages/airflow/example_dags/example_sensor_decorator.py
[2023-03-08T00:07:20.137+0000] {logging_mixin.py:137} INFO - [2023-03-08T00:07:20.137+0000] {dag.py:2690} INFO - Sync 1 DAGs
[2023-03-08T00:07:20.489+0000] {logging_mixin.py:137} INFO - [2023-03-08T00:07:20.489+0000] {dag.py:3441} INFO - Setting next_dagrun for example_sensor_decorator to None, run_after=None
[2023-03-08T00:07:20.581+0000] {processor.py:175} INFO - Processing /home/airflow/.local/lib/python3.7/site-packages/airflow/example_dags/example_sensor_decorator.py took 0.922 seconds
[2023-03-08T00:07:52.547+0000] {processor.py:153} INFO - Started process (PID=3245) to work on /home/airflow/.local/lib/python3.7/site-packages/airflow/example_dags/example_sensor_decorator.py
[2023-03-08T00:07:52.557+0000] {processor.py:743} INFO - Processing file /home/airflow/.local/lib/python3.7/site-packages/airflow/example_dags/example_sensor_decorator.py for tasks to queue
[2023-03-08T00:07:52.566+0000] {logging_mixin.py:137} INFO - [2023-03-08T00:07:52.566+0000] {dagbag.py:538} INFO - Filling up the DagBag from /home/airflow/.local/lib/python3.7/site-packages/airflow/example_dags/example_sensor_decorator.py
[2023-03-08T00:07:52.697+0000] {processor.py:753} INFO - DAG(s) dict_keys(['example_sensor_decorator']) retrieved from /home/airflow/.local/lib/python3.7/site-packages/airflow/example_dags/example_sensor_decorator.py
[2023-03-08T00:07:52.798+0000] {logging_mixin.py:137} INFO - [2023-03-08T00:07:52.797+0000] {dag.py:2690} INFO - Sync 1 DAGs
[2023-03-08T00:07:52.948+0000] {logging_mixin.py:137} INFO - [2023-03-08T00:07:52.947+0000] {dag.py:3441} INFO - Setting next_dagrun for example_sensor_decorator to None, run_after=None
[2023-03-08T00:07:53.059+0000] {processor.py:175} INFO - Processing /home/airflow/.local/lib/python3.7/site-packages/airflow/example_dags/example_sensor_decorator.py took 0.530 seconds
[2023-03-08T00:08:25.022+0000] {processor.py:153} INFO - Started process (PID=3304) to work on /home/airflow/.local/lib/python3.7/site-packages/airflow/example_dags/example_sensor_decorator.py
[2023-03-08T00:08:25.027+0000] {processor.py:743} INFO - Processing file /home/airflow/.local/lib/python3.7/site-packages/airflow/example_dags/example_sensor_decorator.py for tasks to queue
[2023-03-08T00:08:25.030+0000] {logging_mixin.py:137} INFO - [2023-03-08T00:08:25.030+0000] {dagbag.py:538} INFO - Filling up the DagBag from /home/airflow/.local/lib/python3.7/site-packages/airflow/example_dags/example_sensor_decorator.py
[2023-03-08T00:08:25.104+0000] {processor.py:753} INFO - DAG(s) dict_keys(['example_sensor_decorator']) retrieved from /home/airflow/.local/lib/python3.7/site-packages/airflow/example_dags/example_sensor_decorator.py
[2023-03-08T00:08:25.201+0000] {logging_mixin.py:137} INFO - [2023-03-08T00:08:25.201+0000] {dag.py:2690} INFO - Sync 1 DAGs
[2023-03-08T00:08:25.289+0000] {logging_mixin.py:137} INFO - [2023-03-08T00:08:25.289+0000] {dag.py:3441} INFO - Setting next_dagrun for example_sensor_decorator to None, run_after=None
[2023-03-08T00:08:25.350+0000] {processor.py:175} INFO - Processing /home/airflow/.local/lib/python3.7/site-packages/airflow/example_dags/example_sensor_decorator.py took 0.340 seconds
[2023-03-08T00:09:01.614+0000] {processor.py:153} INFO - Started process (PID=3372) to work on /home/airflow/.local/lib/python3.7/site-packages/airflow/example_dags/example_sensor_decorator.py
[2023-03-08T00:09:01.623+0000] {processor.py:743} INFO - Processing file /home/airflow/.local/lib/python3.7/site-packages/airflow/example_dags/example_sensor_decorator.py for tasks to queue
[2023-03-08T00:09:01.637+0000] {logging_mixin.py:137} INFO - [2023-03-08T00:09:01.634+0000] {dagbag.py:538} INFO - Filling up the DagBag from /home/airflow/.local/lib/python3.7/site-packages/airflow/example_dags/example_sensor_decorator.py
[2023-03-08T00:09:01.832+0000] {processor.py:753} INFO - DAG(s) dict_keys(['example_sensor_decorator']) retrieved from /home/airflow/.local/lib/python3.7/site-packages/airflow/example_dags/example_sensor_decorator.py
[2023-03-08T00:09:02.104+0000] {logging_mixin.py:137} INFO - [2023-03-08T00:09:02.104+0000] {dag.py:2690} INFO - Sync 1 DAGs
[2023-03-08T00:09:02.434+0000] {logging_mixin.py:137} INFO - [2023-03-08T00:09:02.434+0000] {dag.py:3441} INFO - Setting next_dagrun for example_sensor_decorator to None, run_after=None
[2023-03-08T00:09:02.604+0000] {processor.py:175} INFO - Processing /home/airflow/.local/lib/python3.7/site-packages/airflow/example_dags/example_sensor_decorator.py took 1.010 seconds
[2023-03-08T00:09:35.486+0000] {processor.py:153} INFO - Started process (PID=3441) to work on /home/airflow/.local/lib/python3.7/site-packages/airflow/example_dags/example_sensor_decorator.py
[2023-03-08T00:09:35.495+0000] {processor.py:743} INFO - Processing file /home/airflow/.local/lib/python3.7/site-packages/airflow/example_dags/example_sensor_decorator.py for tasks to queue
[2023-03-08T00:09:35.521+0000] {logging_mixin.py:137} INFO - [2023-03-08T00:09:35.520+0000] {dagbag.py:538} INFO - Filling up the DagBag from /home/airflow/.local/lib/python3.7/site-packages/airflow/example_dags/example_sensor_decorator.py
[2023-03-08T00:09:35.872+0000] {processor.py:753} INFO - DAG(s) dict_keys(['example_sensor_decorator']) retrieved from /home/airflow/.local/lib/python3.7/site-packages/airflow/example_dags/example_sensor_decorator.py
[2023-03-08T00:09:36.112+0000] {logging_mixin.py:137} INFO - [2023-03-08T00:09:36.111+0000] {dag.py:2690} INFO - Sync 1 DAGs
[2023-03-08T00:09:36.437+0000] {logging_mixin.py:137} INFO - [2023-03-08T00:09:36.437+0000] {dag.py:3441} INFO - Setting next_dagrun for example_sensor_decorator to None, run_after=None
[2023-03-08T00:09:36.559+0000] {processor.py:175} INFO - Processing /home/airflow/.local/lib/python3.7/site-packages/airflow/example_dags/example_sensor_decorator.py took 1.092 seconds
[2023-03-08T00:10:07.840+0000] {processor.py:153} INFO - Started process (PID=3512) to work on /home/airflow/.local/lib/python3.7/site-packages/airflow/example_dags/example_sensor_decorator.py
[2023-03-08T00:10:07.845+0000] {processor.py:743} INFO - Processing file /home/airflow/.local/lib/python3.7/site-packages/airflow/example_dags/example_sensor_decorator.py for tasks to queue
[2023-03-08T00:10:07.851+0000] {logging_mixin.py:137} INFO - [2023-03-08T00:10:07.851+0000] {dagbag.py:538} INFO - Filling up the DagBag from /home/airflow/.local/lib/python3.7/site-packages/airflow/example_dags/example_sensor_decorator.py
[2023-03-08T00:10:07.942+0000] {processor.py:753} INFO - DAG(s) dict_keys(['example_sensor_decorator']) retrieved from /home/airflow/.local/lib/python3.7/site-packages/airflow/example_dags/example_sensor_decorator.py
[2023-03-08T00:10:08.046+0000] {logging_mixin.py:137} INFO - [2023-03-08T00:10:08.046+0000] {dag.py:2690} INFO - Sync 1 DAGs
[2023-03-08T00:10:08.161+0000] {logging_mixin.py:137} INFO - [2023-03-08T00:10:08.160+0000] {dag.py:3441} INFO - Setting next_dagrun for example_sensor_decorator to None, run_after=None
[2023-03-08T00:10:08.228+0000] {processor.py:175} INFO - Processing /home/airflow/.local/lib/python3.7/site-packages/airflow/example_dags/example_sensor_decorator.py took 0.409 seconds
[2023-03-08T00:10:38.398+0000] {processor.py:153} INFO - Started process (PID=3570) to work on /home/airflow/.local/lib/python3.7/site-packages/airflow/example_dags/example_sensor_decorator.py
[2023-03-08T00:10:38.401+0000] {processor.py:743} INFO - Processing file /home/airflow/.local/lib/python3.7/site-packages/airflow/example_dags/example_sensor_decorator.py for tasks to queue
[2023-03-08T00:10:38.406+0000] {logging_mixin.py:137} INFO - [2023-03-08T00:10:38.405+0000] {dagbag.py:538} INFO - Filling up the DagBag from /home/airflow/.local/lib/python3.7/site-packages/airflow/example_dags/example_sensor_decorator.py
[2023-03-08T00:10:38.471+0000] {processor.py:753} INFO - DAG(s) dict_keys(['example_sensor_decorator']) retrieved from /home/airflow/.local/lib/python3.7/site-packages/airflow/example_dags/example_sensor_decorator.py
[2023-03-08T00:10:38.575+0000] {logging_mixin.py:137} INFO - [2023-03-08T00:10:38.575+0000] {dag.py:2690} INFO - Sync 1 DAGs
[2023-03-08T00:10:38.712+0000] {logging_mixin.py:137} INFO - [2023-03-08T00:10:38.712+0000] {dag.py:3441} INFO - Setting next_dagrun for example_sensor_decorator to None, run_after=None
[2023-03-08T00:10:38.791+0000] {processor.py:175} INFO - Processing /home/airflow/.local/lib/python3.7/site-packages/airflow/example_dags/example_sensor_decorator.py took 0.404 seconds
[2023-03-08T00:11:10.280+0000] {processor.py:153} INFO - Started process (PID=3644) to work on /home/airflow/.local/lib/python3.7/site-packages/airflow/example_dags/example_sensor_decorator.py
[2023-03-08T00:11:10.287+0000] {processor.py:743} INFO - Processing file /home/airflow/.local/lib/python3.7/site-packages/airflow/example_dags/example_sensor_decorator.py for tasks to queue
[2023-03-08T00:11:10.290+0000] {logging_mixin.py:137} INFO - [2023-03-08T00:11:10.289+0000] {dagbag.py:538} INFO - Filling up the DagBag from /home/airflow/.local/lib/python3.7/site-packages/airflow/example_dags/example_sensor_decorator.py
[2023-03-08T00:11:10.355+0000] {processor.py:753} INFO - DAG(s) dict_keys(['example_sensor_decorator']) retrieved from /home/airflow/.local/lib/python3.7/site-packages/airflow/example_dags/example_sensor_decorator.py
[2023-03-08T00:11:10.515+0000] {logging_mixin.py:137} INFO - [2023-03-08T00:11:10.513+0000] {dag.py:2690} INFO - Sync 1 DAGs
[2023-03-08T00:11:10.609+0000] {logging_mixin.py:137} INFO - [2023-03-08T00:11:10.608+0000] {dag.py:3441} INFO - Setting next_dagrun for example_sensor_decorator to None, run_after=None
[2023-03-08T00:11:10.685+0000] {processor.py:175} INFO - Processing /home/airflow/.local/lib/python3.7/site-packages/airflow/example_dags/example_sensor_decorator.py took 0.418 seconds
[2023-03-08T00:11:41.547+0000] {processor.py:153} INFO - Started process (PID=3708) to work on /home/airflow/.local/lib/python3.7/site-packages/airflow/example_dags/example_sensor_decorator.py
[2023-03-08T00:11:41.551+0000] {processor.py:743} INFO - Processing file /home/airflow/.local/lib/python3.7/site-packages/airflow/example_dags/example_sensor_decorator.py for tasks to queue
[2023-03-08T00:11:41.554+0000] {logging_mixin.py:137} INFO - [2023-03-08T00:11:41.554+0000] {dagbag.py:538} INFO - Filling up the DagBag from /home/airflow/.local/lib/python3.7/site-packages/airflow/example_dags/example_sensor_decorator.py
[2023-03-08T00:11:41.602+0000] {processor.py:753} INFO - DAG(s) dict_keys(['example_sensor_decorator']) retrieved from /home/airflow/.local/lib/python3.7/site-packages/airflow/example_dags/example_sensor_decorator.py
[2023-03-08T00:11:41.663+0000] {logging_mixin.py:137} INFO - [2023-03-08T00:11:41.663+0000] {dag.py:2690} INFO - Sync 1 DAGs
[2023-03-08T00:11:41.718+0000] {logging_mixin.py:137} INFO - [2023-03-08T00:11:41.718+0000] {dag.py:3441} INFO - Setting next_dagrun for example_sensor_decorator to None, run_after=None
[2023-03-08T00:11:41.762+0000] {processor.py:175} INFO - Processing /home/airflow/.local/lib/python3.7/site-packages/airflow/example_dags/example_sensor_decorator.py took 0.222 seconds
[2023-03-08T00:12:14.551+0000] {processor.py:153} INFO - Started process (PID=3790) to work on /home/airflow/.local/lib/python3.7/site-packages/airflow/example_dags/example_sensor_decorator.py
[2023-03-08T00:12:14.561+0000] {processor.py:743} INFO - Processing file /home/airflow/.local/lib/python3.7/site-packages/airflow/example_dags/example_sensor_decorator.py for tasks to queue
[2023-03-08T00:12:14.568+0000] {logging_mixin.py:137} INFO - [2023-03-08T00:12:14.566+0000] {dagbag.py:538} INFO - Filling up the DagBag from /home/airflow/.local/lib/python3.7/site-packages/airflow/example_dags/example_sensor_decorator.py
[2023-03-08T00:12:14.867+0000] {processor.py:753} INFO - DAG(s) dict_keys(['example_sensor_decorator']) retrieved from /home/airflow/.local/lib/python3.7/site-packages/airflow/example_dags/example_sensor_decorator.py
[2023-03-08T00:12:14.981+0000] {logging_mixin.py:137} INFO - [2023-03-08T00:12:14.980+0000] {dag.py:2690} INFO - Sync 1 DAGs
[2023-03-08T00:12:15.057+0000] {logging_mixin.py:137} INFO - [2023-03-08T00:12:15.056+0000] {dag.py:3441} INFO - Setting next_dagrun for example_sensor_decorator to None, run_after=None
[2023-03-08T00:12:15.130+0000] {processor.py:175} INFO - Processing /home/airflow/.local/lib/python3.7/site-packages/airflow/example_dags/example_sensor_decorator.py took 0.594 seconds
