[2023-03-08T00:00:27.681+0000] {processor.py:153} INFO - Started process (PID=2290) to work on /home/airflow/.local/lib/python3.7/site-packages/airflow/example_dags/example_xcomargs.py
[2023-03-08T00:00:27.688+0000] {processor.py:743} INFO - Processing file /home/airflow/.local/lib/python3.7/site-packages/airflow/example_dags/example_xcomargs.py for tasks to queue
[2023-03-08T00:00:27.693+0000] {logging_mixin.py:137} INFO - [2023-03-08T00:00:27.692+0000] {dagbag.py:538} INFO - Filling up the DagBag from /home/airflow/.local/lib/python3.7/site-packages/airflow/example_dags/example_xcomargs.py
[2023-03-08T00:00:27.856+0000] {processor.py:753} INFO - DAG(s) dict_keys(['example_xcom_args_with_operators', 'example_xcom_args']) retrieved from /home/airflow/.local/lib/python3.7/site-packages/airflow/example_dags/example_xcomargs.py
[2023-03-08T00:00:28.097+0000] {logging_mixin.py:137} INFO - [2023-03-08T00:00:28.097+0000] {dag.py:2690} INFO - Sync 2 DAGs
[2023-03-08T00:00:28.341+0000] {logging_mixin.py:137} INFO - [2023-03-08T00:00:28.341+0000] {dag.py:3441} INFO - Setting next_dagrun for example_xcom_args to None, run_after=None
[2023-03-08T00:00:28.366+0000] {logging_mixin.py:137} INFO - [2023-03-08T00:00:28.362+0000] {dag.py:3441} INFO - Setting next_dagrun for example_xcom_args_with_operators to None, run_after=None
[2023-03-08T00:00:28.466+0000] {processor.py:175} INFO - Processing /home/airflow/.local/lib/python3.7/site-packages/airflow/example_dags/example_xcomargs.py took 0.809 seconds
[2023-03-08T00:00:59.567+0000] {processor.py:153} INFO - Started process (PID=2360) to work on /home/airflow/.local/lib/python3.7/site-packages/airflow/example_dags/example_xcomargs.py
[2023-03-08T00:00:59.572+0000] {processor.py:743} INFO - Processing file /home/airflow/.local/lib/python3.7/site-packages/airflow/example_dags/example_xcomargs.py for tasks to queue
[2023-03-08T00:00:59.579+0000] {logging_mixin.py:137} INFO - [2023-03-08T00:00:59.578+0000] {dagbag.py:538} INFO - Filling up the DagBag from /home/airflow/.local/lib/python3.7/site-packages/airflow/example_dags/example_xcomargs.py
[2023-03-08T00:00:59.725+0000] {processor.py:753} INFO - DAG(s) dict_keys(['example_xcom_args_with_operators', 'example_xcom_args']) retrieved from /home/airflow/.local/lib/python3.7/site-packages/airflow/example_dags/example_xcomargs.py
[2023-03-08T00:00:59.879+0000] {logging_mixin.py:137} INFO - [2023-03-08T00:00:59.878+0000] {dag.py:2690} INFO - Sync 2 DAGs
[2023-03-08T00:00:59.996+0000] {logging_mixin.py:137} INFO - [2023-03-08T00:00:59.995+0000] {dag.py:3441} INFO - Setting next_dagrun for example_xcom_args to None, run_after=None
[2023-03-08T00:01:00.018+0000] {logging_mixin.py:137} INFO - [2023-03-08T00:01:00.017+0000] {dag.py:3441} INFO - Setting next_dagrun for example_xcom_args_with_operators to None, run_after=None
[2023-03-08T00:01:00.122+0000] {processor.py:175} INFO - Processing /home/airflow/.local/lib/python3.7/site-packages/airflow/example_dags/example_xcomargs.py took 0.602 seconds
[2023-03-08T00:01:30.927+0000] {processor.py:153} INFO - Started process (PID=2418) to work on /home/airflow/.local/lib/python3.7/site-packages/airflow/example_dags/example_xcomargs.py
[2023-03-08T00:01:30.935+0000] {processor.py:743} INFO - Processing file /home/airflow/.local/lib/python3.7/site-packages/airflow/example_dags/example_xcomargs.py for tasks to queue
[2023-03-08T00:01:30.940+0000] {logging_mixin.py:137} INFO - [2023-03-08T00:01:30.940+0000] {dagbag.py:538} INFO - Filling up the DagBag from /home/airflow/.local/lib/python3.7/site-packages/airflow/example_dags/example_xcomargs.py
[2023-03-08T00:01:31.056+0000] {processor.py:753} INFO - DAG(s) dict_keys(['example_xcom_args_with_operators', 'example_xcom_args']) retrieved from /home/airflow/.local/lib/python3.7/site-packages/airflow/example_dags/example_xcomargs.py
[2023-03-08T00:01:31.456+0000] {logging_mixin.py:137} INFO - [2023-03-08T00:01:31.455+0000] {dag.py:2690} INFO - Sync 2 DAGs
[2023-03-08T00:01:31.632+0000] {logging_mixin.py:137} INFO - [2023-03-08T00:01:31.632+0000] {dag.py:3441} INFO - Setting next_dagrun for example_xcom_args to None, run_after=None
[2023-03-08T00:01:31.660+0000] {logging_mixin.py:137} INFO - [2023-03-08T00:01:31.659+0000] {dag.py:3441} INFO - Setting next_dagrun for example_xcom_args_with_operators to None, run_after=None
[2023-03-08T00:01:31.756+0000] {processor.py:175} INFO - Processing /home/airflow/.local/lib/python3.7/site-packages/airflow/example_dags/example_xcomargs.py took 0.844 seconds
[2023-03-08T00:02:03.164+0000] {processor.py:153} INFO - Started process (PID=2486) to work on /home/airflow/.local/lib/python3.7/site-packages/airflow/example_dags/example_xcomargs.py
[2023-03-08T00:02:03.206+0000] {processor.py:743} INFO - Processing file /home/airflow/.local/lib/python3.7/site-packages/airflow/example_dags/example_xcomargs.py for tasks to queue
[2023-03-08T00:02:03.328+0000] {logging_mixin.py:137} INFO - [2023-03-08T00:02:03.253+0000] {dagbag.py:538} INFO - Filling up the DagBag from /home/airflow/.local/lib/python3.7/site-packages/airflow/example_dags/example_xcomargs.py
[2023-03-08T00:02:03.970+0000] {processor.py:753} INFO - DAG(s) dict_keys(['example_xcom_args', 'example_xcom_args_with_operators']) retrieved from /home/airflow/.local/lib/python3.7/site-packages/airflow/example_dags/example_xcomargs.py
[2023-03-08T00:02:04.656+0000] {logging_mixin.py:137} INFO - [2023-03-08T00:02:04.656+0000] {dag.py:2690} INFO - Sync 2 DAGs
[2023-03-08T00:02:05.111+0000] {logging_mixin.py:137} INFO - [2023-03-08T00:02:05.110+0000] {dag.py:3441} INFO - Setting next_dagrun for example_xcom_args to None, run_after=None
[2023-03-08T00:02:05.146+0000] {logging_mixin.py:137} INFO - [2023-03-08T00:02:05.146+0000] {dag.py:3441} INFO - Setting next_dagrun for example_xcom_args_with_operators to None, run_after=None
[2023-03-08T00:02:05.322+0000] {processor.py:175} INFO - Processing /home/airflow/.local/lib/python3.7/site-packages/airflow/example_dags/example_xcomargs.py took 2.450 seconds
[2023-03-08T00:02:41.043+0000] {processor.py:153} INFO - Started process (PID=2555) to work on /home/airflow/.local/lib/python3.7/site-packages/airflow/example_dags/example_xcomargs.py
[2023-03-08T00:02:41.058+0000] {processor.py:743} INFO - Processing file /home/airflow/.local/lib/python3.7/site-packages/airflow/example_dags/example_xcomargs.py for tasks to queue
[2023-03-08T00:02:41.070+0000] {logging_mixin.py:137} INFO - [2023-03-08T00:02:41.068+0000] {dagbag.py:538} INFO - Filling up the DagBag from /home/airflow/.local/lib/python3.7/site-packages/airflow/example_dags/example_xcomargs.py
[2023-03-08T00:02:41.327+0000] {processor.py:753} INFO - DAG(s) dict_keys(['example_xcom_args_with_operators', 'example_xcom_args']) retrieved from /home/airflow/.local/lib/python3.7/site-packages/airflow/example_dags/example_xcomargs.py
[2023-03-08T00:02:41.843+0000] {logging_mixin.py:137} INFO - [2023-03-08T00:02:41.842+0000] {dag.py:2690} INFO - Sync 2 DAGs
[2023-03-08T00:02:42.188+0000] {logging_mixin.py:137} INFO - [2023-03-08T00:02:42.188+0000] {dag.py:3441} INFO - Setting next_dagrun for example_xcom_args to None, run_after=None
[2023-03-08T00:02:42.275+0000] {logging_mixin.py:137} INFO - [2023-03-08T00:02:42.275+0000] {dag.py:3441} INFO - Setting next_dagrun for example_xcom_args_with_operators to None, run_after=None
[2023-03-08T00:02:42.462+0000] {processor.py:175} INFO - Processing /home/airflow/.local/lib/python3.7/site-packages/airflow/example_dags/example_xcomargs.py took 1.448 seconds
[2023-03-08T00:03:13.171+0000] {processor.py:153} INFO - Started process (PID=2625) to work on /home/airflow/.local/lib/python3.7/site-packages/airflow/example_dags/example_xcomargs.py
[2023-03-08T00:03:13.177+0000] {processor.py:743} INFO - Processing file /home/airflow/.local/lib/python3.7/site-packages/airflow/example_dags/example_xcomargs.py for tasks to queue
[2023-03-08T00:03:13.182+0000] {logging_mixin.py:137} INFO - [2023-03-08T00:03:13.181+0000] {dagbag.py:538} INFO - Filling up the DagBag from /home/airflow/.local/lib/python3.7/site-packages/airflow/example_dags/example_xcomargs.py
[2023-03-08T00:03:13.261+0000] {processor.py:753} INFO - DAG(s) dict_keys(['example_xcom_args_with_operators', 'example_xcom_args']) retrieved from /home/airflow/.local/lib/python3.7/site-packages/airflow/example_dags/example_xcomargs.py
[2023-03-08T00:03:13.367+0000] {logging_mixin.py:137} INFO - [2023-03-08T00:03:13.367+0000] {dag.py:2690} INFO - Sync 2 DAGs
[2023-03-08T00:03:13.483+0000] {logging_mixin.py:137} INFO - [2023-03-08T00:03:13.482+0000] {dag.py:3441} INFO - Setting next_dagrun for example_xcom_args to None, run_after=None
[2023-03-08T00:03:13.510+0000] {logging_mixin.py:137} INFO - [2023-03-08T00:03:13.510+0000] {dag.py:3441} INFO - Setting next_dagrun for example_xcom_args_with_operators to None, run_after=None
[2023-03-08T00:03:13.634+0000] {processor.py:175} INFO - Processing /home/airflow/.local/lib/python3.7/site-packages/airflow/example_dags/example_xcomargs.py took 0.471 seconds
[2023-03-08T00:03:44.414+0000] {processor.py:153} INFO - Started process (PID=2686) to work on /home/airflow/.local/lib/python3.7/site-packages/airflow/example_dags/example_xcomargs.py
[2023-03-08T00:03:44.424+0000] {processor.py:743} INFO - Processing file /home/airflow/.local/lib/python3.7/site-packages/airflow/example_dags/example_xcomargs.py for tasks to queue
[2023-03-08T00:03:44.432+0000] {logging_mixin.py:137} INFO - [2023-03-08T00:03:44.431+0000] {dagbag.py:538} INFO - Filling up the DagBag from /home/airflow/.local/lib/python3.7/site-packages/airflow/example_dags/example_xcomargs.py
[2023-03-08T00:03:44.555+0000] {processor.py:753} INFO - DAG(s) dict_keys(['example_xcom_args', 'example_xcom_args_with_operators']) retrieved from /home/airflow/.local/lib/python3.7/site-packages/airflow/example_dags/example_xcomargs.py
[2023-03-08T00:03:44.704+0000] {logging_mixin.py:137} INFO - [2023-03-08T00:03:44.704+0000] {dag.py:2690} INFO - Sync 2 DAGs
[2023-03-08T00:03:44.848+0000] {logging_mixin.py:137} INFO - [2023-03-08T00:03:44.848+0000] {dag.py:3441} INFO - Setting next_dagrun for example_xcom_args to None, run_after=None
[2023-03-08T00:03:44.871+0000] {logging_mixin.py:137} INFO - [2023-03-08T00:03:44.871+0000] {dag.py:3441} INFO - Setting next_dagrun for example_xcom_args_with_operators to None, run_after=None
[2023-03-08T00:03:44.967+0000] {processor.py:175} INFO - Processing /home/airflow/.local/lib/python3.7/site-packages/airflow/example_dags/example_xcomargs.py took 0.572 seconds
[2023-03-08T00:04:16.516+0000] {processor.py:153} INFO - Started process (PID=2756) to work on /home/airflow/.local/lib/python3.7/site-packages/airflow/example_dags/example_xcomargs.py
[2023-03-08T00:04:16.520+0000] {processor.py:743} INFO - Processing file /home/airflow/.local/lib/python3.7/site-packages/airflow/example_dags/example_xcomargs.py for tasks to queue
[2023-03-08T00:04:16.528+0000] {logging_mixin.py:137} INFO - [2023-03-08T00:04:16.527+0000] {dagbag.py:538} INFO - Filling up the DagBag from /home/airflow/.local/lib/python3.7/site-packages/airflow/example_dags/example_xcomargs.py
[2023-03-08T00:04:16.613+0000] {processor.py:753} INFO - DAG(s) dict_keys(['example_xcom_args', 'example_xcom_args_with_operators']) retrieved from /home/airflow/.local/lib/python3.7/site-packages/airflow/example_dags/example_xcomargs.py
[2023-03-08T00:04:16.719+0000] {logging_mixin.py:137} INFO - [2023-03-08T00:04:16.718+0000] {dag.py:2690} INFO - Sync 2 DAGs
[2023-03-08T00:04:16.813+0000] {logging_mixin.py:137} INFO - [2023-03-08T00:04:16.813+0000] {dag.py:3441} INFO - Setting next_dagrun for example_xcom_args to None, run_after=None
[2023-03-08T00:04:16.834+0000] {logging_mixin.py:137} INFO - [2023-03-08T00:04:16.834+0000] {dag.py:3441} INFO - Setting next_dagrun for example_xcom_args_with_operators to None, run_after=None
[2023-03-08T00:04:16.890+0000] {processor.py:175} INFO - Processing /home/airflow/.local/lib/python3.7/site-packages/airflow/example_dags/example_xcomargs.py took 0.391 seconds
[2023-03-08T00:04:47.095+0000] {processor.py:153} INFO - Started process (PID=2826) to work on /home/airflow/.local/lib/python3.7/site-packages/airflow/example_dags/example_xcomargs.py
[2023-03-08T00:04:47.098+0000] {processor.py:743} INFO - Processing file /home/airflow/.local/lib/python3.7/site-packages/airflow/example_dags/example_xcomargs.py for tasks to queue
[2023-03-08T00:04:47.106+0000] {logging_mixin.py:137} INFO - [2023-03-08T00:04:47.105+0000] {dagbag.py:538} INFO - Filling up the DagBag from /home/airflow/.local/lib/python3.7/site-packages/airflow/example_dags/example_xcomargs.py
[2023-03-08T00:04:47.156+0000] {processor.py:753} INFO - DAG(s) dict_keys(['example_xcom_args', 'example_xcom_args_with_operators']) retrieved from /home/airflow/.local/lib/python3.7/site-packages/airflow/example_dags/example_xcomargs.py
[2023-03-08T00:04:47.219+0000] {logging_mixin.py:137} INFO - [2023-03-08T00:04:47.218+0000] {dag.py:2690} INFO - Sync 2 DAGs
[2023-03-08T00:04:47.293+0000] {logging_mixin.py:137} INFO - [2023-03-08T00:04:47.293+0000] {dag.py:3441} INFO - Setting next_dagrun for example_xcom_args to None, run_after=None
[2023-03-08T00:04:47.304+0000] {logging_mixin.py:137} INFO - [2023-03-08T00:04:47.303+0000] {dag.py:3441} INFO - Setting next_dagrun for example_xcom_args_with_operators to None, run_after=None
[2023-03-08T00:04:47.479+0000] {processor.py:175} INFO - Processing /home/airflow/.local/lib/python3.7/site-packages/airflow/example_dags/example_xcomargs.py took 0.392 seconds
[2023-03-08T00:05:17.661+0000] {processor.py:153} INFO - Started process (PID=2894) to work on /home/airflow/.local/lib/python3.7/site-packages/airflow/example_dags/example_xcomargs.py
[2023-03-08T00:05:17.669+0000] {processor.py:743} INFO - Processing file /home/airflow/.local/lib/python3.7/site-packages/airflow/example_dags/example_xcomargs.py for tasks to queue
[2023-03-08T00:05:17.673+0000] {logging_mixin.py:137} INFO - [2023-03-08T00:05:17.673+0000] {dagbag.py:538} INFO - Filling up the DagBag from /home/airflow/.local/lib/python3.7/site-packages/airflow/example_dags/example_xcomargs.py
[2023-03-08T00:05:17.745+0000] {processor.py:753} INFO - DAG(s) dict_keys(['example_xcom_args_with_operators', 'example_xcom_args']) retrieved from /home/airflow/.local/lib/python3.7/site-packages/airflow/example_dags/example_xcomargs.py
[2023-03-08T00:05:17.820+0000] {logging_mixin.py:137} INFO - [2023-03-08T00:05:17.819+0000] {dag.py:2690} INFO - Sync 2 DAGs
[2023-03-08T00:05:17.881+0000] {logging_mixin.py:137} INFO - [2023-03-08T00:05:17.881+0000] {dag.py:3441} INFO - Setting next_dagrun for example_xcom_args to None, run_after=None
[2023-03-08T00:05:17.893+0000] {logging_mixin.py:137} INFO - [2023-03-08T00:05:17.892+0000] {dag.py:3441} INFO - Setting next_dagrun for example_xcom_args_with_operators to None, run_after=None
[2023-03-08T00:05:17.947+0000] {processor.py:175} INFO - Processing /home/airflow/.local/lib/python3.7/site-packages/airflow/example_dags/example_xcomargs.py took 0.298 seconds
[2023-03-08T00:05:48.180+0000] {processor.py:153} INFO - Started process (PID=2965) to work on /home/airflow/.local/lib/python3.7/site-packages/airflow/example_dags/example_xcomargs.py
[2023-03-08T00:05:48.184+0000] {processor.py:743} INFO - Processing file /home/airflow/.local/lib/python3.7/site-packages/airflow/example_dags/example_xcomargs.py for tasks to queue
[2023-03-08T00:05:48.188+0000] {logging_mixin.py:137} INFO - [2023-03-08T00:05:48.187+0000] {dagbag.py:538} INFO - Filling up the DagBag from /home/airflow/.local/lib/python3.7/site-packages/airflow/example_dags/example_xcomargs.py
[2023-03-08T00:05:48.252+0000] {processor.py:753} INFO - DAG(s) dict_keys(['example_xcom_args', 'example_xcom_args_with_operators']) retrieved from /home/airflow/.local/lib/python3.7/site-packages/airflow/example_dags/example_xcomargs.py
[2023-03-08T00:05:48.334+0000] {logging_mixin.py:137} INFO - [2023-03-08T00:05:48.333+0000] {dag.py:2690} INFO - Sync 2 DAGs
[2023-03-08T00:05:48.423+0000] {logging_mixin.py:137} INFO - [2023-03-08T00:05:48.422+0000] {dag.py:3441} INFO - Setting next_dagrun for example_xcom_args to None, run_after=None
[2023-03-08T00:05:48.433+0000] {logging_mixin.py:137} INFO - [2023-03-08T00:05:48.433+0000] {dag.py:3441} INFO - Setting next_dagrun for example_xcom_args_with_operators to None, run_after=None
[2023-03-08T00:05:48.481+0000] {processor.py:175} INFO - Processing /home/airflow/.local/lib/python3.7/site-packages/airflow/example_dags/example_xcomargs.py took 0.310 seconds
[2023-03-08T00:06:18.980+0000] {processor.py:153} INFO - Started process (PID=3035) to work on /home/airflow/.local/lib/python3.7/site-packages/airflow/example_dags/example_xcomargs.py
[2023-03-08T00:06:18.986+0000] {processor.py:743} INFO - Processing file /home/airflow/.local/lib/python3.7/site-packages/airflow/example_dags/example_xcomargs.py for tasks to queue
[2023-03-08T00:06:18.991+0000] {logging_mixin.py:137} INFO - [2023-03-08T00:06:18.990+0000] {dagbag.py:538} INFO - Filling up the DagBag from /home/airflow/.local/lib/python3.7/site-packages/airflow/example_dags/example_xcomargs.py
[2023-03-08T00:06:19.044+0000] {processor.py:753} INFO - DAG(s) dict_keys(['example_xcom_args_with_operators', 'example_xcom_args']) retrieved from /home/airflow/.local/lib/python3.7/site-packages/airflow/example_dags/example_xcomargs.py
[2023-03-08T00:06:19.118+0000] {logging_mixin.py:137} INFO - [2023-03-08T00:06:19.118+0000] {dag.py:2690} INFO - Sync 2 DAGs
[2023-03-08T00:06:19.177+0000] {logging_mixin.py:137} INFO - [2023-03-08T00:06:19.177+0000] {dag.py:3441} INFO - Setting next_dagrun for example_xcom_args to None, run_after=None
[2023-03-08T00:06:19.188+0000] {logging_mixin.py:137} INFO - [2023-03-08T00:06:19.187+0000] {dag.py:3441} INFO - Setting next_dagrun for example_xcom_args_with_operators to None, run_after=None
[2023-03-08T00:06:19.238+0000] {processor.py:175} INFO - Processing /home/airflow/.local/lib/python3.7/site-packages/airflow/example_dags/example_xcomargs.py took 0.270 seconds
[2023-03-08T00:06:49.430+0000] {processor.py:153} INFO - Started process (PID=3106) to work on /home/airflow/.local/lib/python3.7/site-packages/airflow/example_dags/example_xcomargs.py
[2023-03-08T00:06:49.433+0000] {processor.py:743} INFO - Processing file /home/airflow/.local/lib/python3.7/site-packages/airflow/example_dags/example_xcomargs.py for tasks to queue
[2023-03-08T00:06:49.435+0000] {logging_mixin.py:137} INFO - [2023-03-08T00:06:49.435+0000] {dagbag.py:538} INFO - Filling up the DagBag from /home/airflow/.local/lib/python3.7/site-packages/airflow/example_dags/example_xcomargs.py
[2023-03-08T00:06:49.490+0000] {processor.py:753} INFO - DAG(s) dict_keys(['example_xcom_args', 'example_xcom_args_with_operators']) retrieved from /home/airflow/.local/lib/python3.7/site-packages/airflow/example_dags/example_xcomargs.py
[2023-03-08T00:06:49.558+0000] {logging_mixin.py:137} INFO - [2023-03-08T00:06:49.558+0000] {dag.py:2690} INFO - Sync 2 DAGs
[2023-03-08T00:06:49.634+0000] {logging_mixin.py:137} INFO - [2023-03-08T00:06:49.634+0000] {dag.py:3441} INFO - Setting next_dagrun for example_xcom_args to None, run_after=None
[2023-03-08T00:06:49.650+0000] {logging_mixin.py:137} INFO - [2023-03-08T00:06:49.650+0000] {dag.py:3441} INFO - Setting next_dagrun for example_xcom_args_with_operators to None, run_after=None
[2023-03-08T00:06:49.714+0000] {processor.py:175} INFO - Processing /home/airflow/.local/lib/python3.7/site-packages/airflow/example_dags/example_xcomargs.py took 0.294 seconds
[2023-03-08T00:07:22.269+0000] {processor.py:153} INFO - Started process (PID=3177) to work on /home/airflow/.local/lib/python3.7/site-packages/airflow/example_dags/example_xcomargs.py
[2023-03-08T00:07:22.276+0000] {processor.py:743} INFO - Processing file /home/airflow/.local/lib/python3.7/site-packages/airflow/example_dags/example_xcomargs.py for tasks to queue
[2023-03-08T00:07:22.296+0000] {logging_mixin.py:137} INFO - [2023-03-08T00:07:22.281+0000] {dagbag.py:538} INFO - Filling up the DagBag from /home/airflow/.local/lib/python3.7/site-packages/airflow/example_dags/example_xcomargs.py
[2023-03-08T00:07:22.532+0000] {processor.py:753} INFO - DAG(s) dict_keys(['example_xcom_args', 'example_xcom_args_with_operators']) retrieved from /home/airflow/.local/lib/python3.7/site-packages/airflow/example_dags/example_xcomargs.py
[2023-03-08T00:07:22.691+0000] {logging_mixin.py:137} INFO - [2023-03-08T00:07:22.690+0000] {dag.py:2690} INFO - Sync 2 DAGs
[2023-03-08T00:07:22.837+0000] {logging_mixin.py:137} INFO - [2023-03-08T00:07:22.836+0000] {dag.py:3441} INFO - Setting next_dagrun for example_xcom_args to None, run_after=None
[2023-03-08T00:07:22.852+0000] {logging_mixin.py:137} INFO - [2023-03-08T00:07:22.851+0000] {dag.py:3441} INFO - Setting next_dagrun for example_xcom_args_with_operators to None, run_after=None
[2023-03-08T00:07:23.011+0000] {processor.py:175} INFO - Processing /home/airflow/.local/lib/python3.7/site-packages/airflow/example_dags/example_xcomargs.py took 0.784 seconds
[2023-03-08T00:07:54.035+0000] {processor.py:153} INFO - Started process (PID=3249) to work on /home/airflow/.local/lib/python3.7/site-packages/airflow/example_dags/example_xcomargs.py
[2023-03-08T00:07:54.048+0000] {processor.py:743} INFO - Processing file /home/airflow/.local/lib/python3.7/site-packages/airflow/example_dags/example_xcomargs.py for tasks to queue
[2023-03-08T00:07:54.069+0000] {logging_mixin.py:137} INFO - [2023-03-08T00:07:54.066+0000] {dagbag.py:538} INFO - Filling up the DagBag from /home/airflow/.local/lib/python3.7/site-packages/airflow/example_dags/example_xcomargs.py
[2023-03-08T00:07:54.329+0000] {processor.py:753} INFO - DAG(s) dict_keys(['example_xcom_args', 'example_xcom_args_with_operators']) retrieved from /home/airflow/.local/lib/python3.7/site-packages/airflow/example_dags/example_xcomargs.py
[2023-03-08T00:07:54.509+0000] {logging_mixin.py:137} INFO - [2023-03-08T00:07:54.506+0000] {dag.py:2690} INFO - Sync 2 DAGs
[2023-03-08T00:07:54.721+0000] {logging_mixin.py:137} INFO - [2023-03-08T00:07:54.721+0000] {dag.py:3441} INFO - Setting next_dagrun for example_xcom_args to None, run_after=None
[2023-03-08T00:07:54.752+0000] {logging_mixin.py:137} INFO - [2023-03-08T00:07:54.751+0000] {dag.py:3441} INFO - Setting next_dagrun for example_xcom_args_with_operators to None, run_after=None
[2023-03-08T00:07:55.132+0000] {processor.py:175} INFO - Processing /home/airflow/.local/lib/python3.7/site-packages/airflow/example_dags/example_xcomargs.py took 1.127 seconds
[2023-03-08T00:08:26.278+0000] {processor.py:153} INFO - Started process (PID=3315) to work on /home/airflow/.local/lib/python3.7/site-packages/airflow/example_dags/example_xcomargs.py
[2023-03-08T00:08:26.285+0000] {processor.py:743} INFO - Processing file /home/airflow/.local/lib/python3.7/site-packages/airflow/example_dags/example_xcomargs.py for tasks to queue
[2023-03-08T00:08:26.289+0000] {logging_mixin.py:137} INFO - [2023-03-08T00:08:26.289+0000] {dagbag.py:538} INFO - Filling up the DagBag from /home/airflow/.local/lib/python3.7/site-packages/airflow/example_dags/example_xcomargs.py
[2023-03-08T00:08:26.357+0000] {processor.py:753} INFO - DAG(s) dict_keys(['example_xcom_args', 'example_xcom_args_with_operators']) retrieved from /home/airflow/.local/lib/python3.7/site-packages/airflow/example_dags/example_xcomargs.py
[2023-03-08T00:08:26.470+0000] {logging_mixin.py:137} INFO - [2023-03-08T00:08:26.469+0000] {dag.py:2690} INFO - Sync 2 DAGs
[2023-03-08T00:08:26.544+0000] {logging_mixin.py:137} INFO - [2023-03-08T00:08:26.544+0000] {dag.py:3441} INFO - Setting next_dagrun for example_xcom_args to None, run_after=None
[2023-03-08T00:08:26.560+0000] {logging_mixin.py:137} INFO - [2023-03-08T00:08:26.560+0000] {dag.py:3441} INFO - Setting next_dagrun for example_xcom_args_with_operators to None, run_after=None
[2023-03-08T00:08:26.623+0000] {processor.py:175} INFO - Processing /home/airflow/.local/lib/python3.7/site-packages/airflow/example_dags/example_xcomargs.py took 0.355 seconds
[2023-03-08T00:08:58.365+0000] {processor.py:153} INFO - Started process (PID=3368) to work on /home/airflow/.local/lib/python3.7/site-packages/airflow/example_dags/example_xcomargs.py
[2023-03-08T00:08:58.373+0000] {processor.py:743} INFO - Processing file /home/airflow/.local/lib/python3.7/site-packages/airflow/example_dags/example_xcomargs.py for tasks to queue
[2023-03-08T00:08:58.389+0000] {logging_mixin.py:137} INFO - [2023-03-08T00:08:58.388+0000] {dagbag.py:538} INFO - Filling up the DagBag from /home/airflow/.local/lib/python3.7/site-packages/airflow/example_dags/example_xcomargs.py
[2023-03-08T00:08:58.601+0000] {processor.py:753} INFO - DAG(s) dict_keys(['example_xcom_args_with_operators', 'example_xcom_args']) retrieved from /home/airflow/.local/lib/python3.7/site-packages/airflow/example_dags/example_xcomargs.py
[2023-03-08T00:08:58.752+0000] {logging_mixin.py:137} INFO - [2023-03-08T00:08:58.751+0000] {dag.py:2690} INFO - Sync 2 DAGs
[2023-03-08T00:08:59.113+0000] {logging_mixin.py:137} INFO - [2023-03-08T00:08:59.113+0000] {dag.py:3441} INFO - Setting next_dagrun for example_xcom_args to None, run_after=None
[2023-03-08T00:08:59.143+0000] {logging_mixin.py:137} INFO - [2023-03-08T00:08:59.143+0000] {dag.py:3441} INFO - Setting next_dagrun for example_xcom_args_with_operators to None, run_after=None
[2023-03-08T00:08:59.341+0000] {processor.py:175} INFO - Processing /home/airflow/.local/lib/python3.7/site-packages/airflow/example_dags/example_xcomargs.py took 0.997 seconds
[2023-03-08T00:09:34.330+0000] {processor.py:153} INFO - Started process (PID=3438) to work on /home/airflow/.local/lib/python3.7/site-packages/airflow/example_dags/example_xcomargs.py
[2023-03-08T00:09:34.343+0000] {processor.py:743} INFO - Processing file /home/airflow/.local/lib/python3.7/site-packages/airflow/example_dags/example_xcomargs.py for tasks to queue
[2023-03-08T00:09:34.349+0000] {logging_mixin.py:137} INFO - [2023-03-08T00:09:34.347+0000] {dagbag.py:538} INFO - Filling up the DagBag from /home/airflow/.local/lib/python3.7/site-packages/airflow/example_dags/example_xcomargs.py
[2023-03-08T00:09:34.546+0000] {processor.py:753} INFO - DAG(s) dict_keys(['example_xcom_args_with_operators', 'example_xcom_args']) retrieved from /home/airflow/.local/lib/python3.7/site-packages/airflow/example_dags/example_xcomargs.py
[2023-03-08T00:09:34.695+0000] {logging_mixin.py:137} INFO - [2023-03-08T00:09:34.694+0000] {dag.py:2690} INFO - Sync 2 DAGs
[2023-03-08T00:09:34.899+0000] {logging_mixin.py:137} INFO - [2023-03-08T00:09:34.899+0000] {dag.py:3441} INFO - Setting next_dagrun for example_xcom_args to None, run_after=None
[2023-03-08T00:09:34.950+0000] {logging_mixin.py:137} INFO - [2023-03-08T00:09:34.950+0000] {dag.py:3441} INFO - Setting next_dagrun for example_xcom_args_with_operators to None, run_after=None
[2023-03-08T00:09:35.058+0000] {processor.py:175} INFO - Processing /home/airflow/.local/lib/python3.7/site-packages/airflow/example_dags/example_xcomargs.py took 0.746 seconds
[2023-03-08T00:10:05.617+0000] {processor.py:153} INFO - Started process (PID=3508) to work on /home/airflow/.local/lib/python3.7/site-packages/airflow/example_dags/example_xcomargs.py
[2023-03-08T00:10:05.622+0000] {processor.py:743} INFO - Processing file /home/airflow/.local/lib/python3.7/site-packages/airflow/example_dags/example_xcomargs.py for tasks to queue
[2023-03-08T00:10:05.627+0000] {logging_mixin.py:137} INFO - [2023-03-08T00:10:05.626+0000] {dagbag.py:538} INFO - Filling up the DagBag from /home/airflow/.local/lib/python3.7/site-packages/airflow/example_dags/example_xcomargs.py
[2023-03-08T00:10:05.740+0000] {processor.py:753} INFO - DAG(s) dict_keys(['example_xcom_args', 'example_xcom_args_with_operators']) retrieved from /home/airflow/.local/lib/python3.7/site-packages/airflow/example_dags/example_xcomargs.py
[2023-03-08T00:10:05.850+0000] {logging_mixin.py:137} INFO - [2023-03-08T00:10:05.849+0000] {dag.py:2690} INFO - Sync 2 DAGs
[2023-03-08T00:10:05.973+0000] {logging_mixin.py:137} INFO - [2023-03-08T00:10:05.972+0000] {dag.py:3441} INFO - Setting next_dagrun for example_xcom_args to None, run_after=None
[2023-03-08T00:10:05.993+0000] {logging_mixin.py:137} INFO - [2023-03-08T00:10:05.992+0000] {dag.py:3441} INFO - Setting next_dagrun for example_xcom_args_with_operators to None, run_after=None
[2023-03-08T00:10:06.054+0000] {processor.py:175} INFO - Processing /home/airflow/.local/lib/python3.7/site-packages/airflow/example_dags/example_xcomargs.py took 0.453 seconds
[2023-03-08T00:10:36.429+0000] {processor.py:153} INFO - Started process (PID=3562) to work on /home/airflow/.local/lib/python3.7/site-packages/airflow/example_dags/example_xcomargs.py
[2023-03-08T00:10:36.434+0000] {processor.py:743} INFO - Processing file /home/airflow/.local/lib/python3.7/site-packages/airflow/example_dags/example_xcomargs.py for tasks to queue
[2023-03-08T00:10:36.439+0000] {logging_mixin.py:137} INFO - [2023-03-08T00:10:36.438+0000] {dagbag.py:538} INFO - Filling up the DagBag from /home/airflow/.local/lib/python3.7/site-packages/airflow/example_dags/example_xcomargs.py
[2023-03-08T00:10:36.530+0000] {processor.py:753} INFO - DAG(s) dict_keys(['example_xcom_args', 'example_xcom_args_with_operators']) retrieved from /home/airflow/.local/lib/python3.7/site-packages/airflow/example_dags/example_xcomargs.py
[2023-03-08T00:10:36.612+0000] {logging_mixin.py:137} INFO - [2023-03-08T00:10:36.611+0000] {dag.py:2690} INFO - Sync 2 DAGs
[2023-03-08T00:10:36.697+0000] {logging_mixin.py:137} INFO - [2023-03-08T00:10:36.696+0000] {dag.py:3441} INFO - Setting next_dagrun for example_xcom_args to None, run_after=None
[2023-03-08T00:10:36.709+0000] {logging_mixin.py:137} INFO - [2023-03-08T00:10:36.709+0000] {dag.py:3441} INFO - Setting next_dagrun for example_xcom_args_with_operators to None, run_after=None
[2023-03-08T00:10:36.755+0000] {processor.py:175} INFO - Processing /home/airflow/.local/lib/python3.7/site-packages/airflow/example_dags/example_xcomargs.py took 0.338 seconds
[2023-03-08T00:11:09.194+0000] {processor.py:153} INFO - Started process (PID=3634) to work on /home/airflow/.local/lib/python3.7/site-packages/airflow/example_dags/example_xcomargs.py
[2023-03-08T00:11:09.215+0000] {processor.py:743} INFO - Processing file /home/airflow/.local/lib/python3.7/site-packages/airflow/example_dags/example_xcomargs.py for tasks to queue
[2023-03-08T00:11:09.224+0000] {logging_mixin.py:137} INFO - [2023-03-08T00:11:09.223+0000] {dagbag.py:538} INFO - Filling up the DagBag from /home/airflow/.local/lib/python3.7/site-packages/airflow/example_dags/example_xcomargs.py
[2023-03-08T00:11:09.334+0000] {processor.py:753} INFO - DAG(s) dict_keys(['example_xcom_args', 'example_xcom_args_with_operators']) retrieved from /home/airflow/.local/lib/python3.7/site-packages/airflow/example_dags/example_xcomargs.py
[2023-03-08T00:11:09.443+0000] {logging_mixin.py:137} INFO - [2023-03-08T00:11:09.442+0000] {dag.py:2690} INFO - Sync 2 DAGs
[2023-03-08T00:11:09.554+0000] {logging_mixin.py:137} INFO - [2023-03-08T00:11:09.554+0000] {dag.py:3441} INFO - Setting next_dagrun for example_xcom_args to None, run_after=None
[2023-03-08T00:11:09.575+0000] {logging_mixin.py:137} INFO - [2023-03-08T00:11:09.573+0000] {dag.py:3441} INFO - Setting next_dagrun for example_xcom_args_with_operators to None, run_after=None
[2023-03-08T00:11:09.690+0000] {processor.py:175} INFO - Processing /home/airflow/.local/lib/python3.7/site-packages/airflow/example_dags/example_xcomargs.py took 0.512 seconds
[2023-03-08T00:11:40.516+0000] {processor.py:153} INFO - Started process (PID=3704) to work on /home/airflow/.local/lib/python3.7/site-packages/airflow/example_dags/example_xcomargs.py
[2023-03-08T00:11:40.522+0000] {processor.py:743} INFO - Processing file /home/airflow/.local/lib/python3.7/site-packages/airflow/example_dags/example_xcomargs.py for tasks to queue
[2023-03-08T00:11:40.525+0000] {logging_mixin.py:137} INFO - [2023-03-08T00:11:40.524+0000] {dagbag.py:538} INFO - Filling up the DagBag from /home/airflow/.local/lib/python3.7/site-packages/airflow/example_dags/example_xcomargs.py
[2023-03-08T00:11:40.582+0000] {processor.py:753} INFO - DAG(s) dict_keys(['example_xcom_args', 'example_xcom_args_with_operators']) retrieved from /home/airflow/.local/lib/python3.7/site-packages/airflow/example_dags/example_xcomargs.py
[2023-03-08T00:11:40.654+0000] {logging_mixin.py:137} INFO - [2023-03-08T00:11:40.654+0000] {dag.py:2690} INFO - Sync 2 DAGs
[2023-03-08T00:11:40.716+0000] {logging_mixin.py:137} INFO - [2023-03-08T00:11:40.716+0000] {dag.py:3441} INFO - Setting next_dagrun for example_xcom_args to None, run_after=None
[2023-03-08T00:11:40.728+0000] {logging_mixin.py:137} INFO - [2023-03-08T00:11:40.727+0000] {dag.py:3441} INFO - Setting next_dagrun for example_xcom_args_with_operators to None, run_after=None
[2023-03-08T00:11:40.767+0000] {processor.py:175} INFO - Processing /home/airflow/.local/lib/python3.7/site-packages/airflow/example_dags/example_xcomargs.py took 0.261 seconds
[2023-03-08T00:12:12.965+0000] {processor.py:153} INFO - Started process (PID=3782) to work on /home/airflow/.local/lib/python3.7/site-packages/airflow/example_dags/example_xcomargs.py
[2023-03-08T00:12:12.969+0000] {processor.py:743} INFO - Processing file /home/airflow/.local/lib/python3.7/site-packages/airflow/example_dags/example_xcomargs.py for tasks to queue
[2023-03-08T00:12:12.973+0000] {logging_mixin.py:137} INFO - [2023-03-08T00:12:12.972+0000] {dagbag.py:538} INFO - Filling up the DagBag from /home/airflow/.local/lib/python3.7/site-packages/airflow/example_dags/example_xcomargs.py
[2023-03-08T00:12:13.033+0000] {processor.py:753} INFO - DAG(s) dict_keys(['example_xcom_args', 'example_xcom_args_with_operators']) retrieved from /home/airflow/.local/lib/python3.7/site-packages/airflow/example_dags/example_xcomargs.py
[2023-03-08T00:12:13.124+0000] {logging_mixin.py:137} INFO - [2023-03-08T00:12:13.123+0000] {dag.py:2690} INFO - Sync 2 DAGs
[2023-03-08T00:12:13.197+0000] {logging_mixin.py:137} INFO - [2023-03-08T00:12:13.197+0000] {dag.py:3441} INFO - Setting next_dagrun for example_xcom_args to None, run_after=None
[2023-03-08T00:12:13.219+0000] {logging_mixin.py:137} INFO - [2023-03-08T00:12:13.218+0000] {dag.py:3441} INFO - Setting next_dagrun for example_xcom_args_with_operators to None, run_after=None
[2023-03-08T00:12:13.266+0000] {processor.py:175} INFO - Processing /home/airflow/.local/lib/python3.7/site-packages/airflow/example_dags/example_xcomargs.py took 0.312 seconds
