[2023-03-08T00:00:00.876+0000] {processor.py:153} INFO - Started process (PID=2237) to work on /home/airflow/.local/lib/python3.7/site-packages/airflow/example_dags/example_complex.py
[2023-03-08T00:00:00.883+0000] {processor.py:743} INFO - Processing file /home/airflow/.local/lib/python3.7/site-packages/airflow/example_dags/example_complex.py for tasks to queue
[2023-03-08T00:00:00.889+0000] {logging_mixin.py:137} INFO - [2023-03-08T00:00:00.889+0000] {dagbag.py:538} INFO - Filling up the DagBag from /home/airflow/.local/lib/python3.7/site-packages/airflow/example_dags/example_complex.py
[2023-03-08T00:00:01.009+0000] {logging_mixin.py:137} INFO - [2023-03-08T00:00:01.008+0000] {taskmixin.py:205} WARNING - Dependency <Task(BashOperator): create_entry_group>, delete_entry_group already registered for DAG: example_complex
[2023-03-08T00:00:01.012+0000] {logging_mixin.py:137} INFO - [2023-03-08T00:00:01.011+0000] {taskmixin.py:205} WARNING - Dependency <Task(BashOperator): delete_entry_group>, create_entry_group already registered for DAG: example_complex
[2023-03-08T00:00:01.028+0000] {logging_mixin.py:137} INFO - [2023-03-08T00:00:01.028+0000] {taskmixin.py:205} WARNING - Dependency <Task(BashOperator): create_entry_gcs>, delete_entry already registered for DAG: example_complex
[2023-03-08T00:00:01.036+0000] {logging_mixin.py:137} INFO - [2023-03-08T00:00:01.036+0000] {taskmixin.py:205} WARNING - Dependency <Task(BashOperator): delete_entry>, create_entry_gcs already registered for DAG: example_complex
[2023-03-08T00:00:01.041+0000] {logging_mixin.py:137} INFO - [2023-03-08T00:00:01.041+0000] {taskmixin.py:205} WARNING - Dependency <Task(BashOperator): create_tag>, delete_tag already registered for DAG: example_complex
[2023-03-08T00:00:01.055+0000] {logging_mixin.py:137} INFO - [2023-03-08T00:00:01.044+0000] {taskmixin.py:205} WARNING - Dependency <Task(BashOperator): delete_tag>, create_tag already registered for DAG: example_complex
[2023-03-08T00:00:01.087+0000] {processor.py:753} INFO - DAG(s) dict_keys(['example_complex']) retrieved from /home/airflow/.local/lib/python3.7/site-packages/airflow/example_dags/example_complex.py
[2023-03-08T00:00:01.264+0000] {logging_mixin.py:137} INFO - [2023-03-08T00:00:01.263+0000] {dag.py:2690} INFO - Sync 1 DAGs
[2023-03-08T00:00:01.440+0000] {logging_mixin.py:137} INFO - [2023-03-08T00:00:01.440+0000] {dag.py:3441} INFO - Setting next_dagrun for example_complex to None, run_after=None
[2023-03-08T00:00:01.578+0000] {processor.py:175} INFO - Processing /home/airflow/.local/lib/python3.7/site-packages/airflow/example_dags/example_complex.py took 0.725 seconds
[2023-03-08T00:00:34.357+0000] {processor.py:153} INFO - Started process (PID=2300) to work on /home/airflow/.local/lib/python3.7/site-packages/airflow/example_dags/example_complex.py
[2023-03-08T00:00:34.364+0000] {processor.py:743} INFO - Processing file /home/airflow/.local/lib/python3.7/site-packages/airflow/example_dags/example_complex.py for tasks to queue
[2023-03-08T00:00:34.373+0000] {logging_mixin.py:137} INFO - [2023-03-08T00:00:34.372+0000] {dagbag.py:538} INFO - Filling up the DagBag from /home/airflow/.local/lib/python3.7/site-packages/airflow/example_dags/example_complex.py
[2023-03-08T00:00:34.421+0000] {logging_mixin.py:137} INFO - [2023-03-08T00:00:34.420+0000] {taskmixin.py:205} WARNING - Dependency <Task(BashOperator): create_entry_group>, delete_entry_group already registered for DAG: example_complex
[2023-03-08T00:00:34.423+0000] {logging_mixin.py:137} INFO - [2023-03-08T00:00:34.423+0000] {taskmixin.py:205} WARNING - Dependency <Task(BashOperator): delete_entry_group>, create_entry_group already registered for DAG: example_complex
[2023-03-08T00:00:34.427+0000] {logging_mixin.py:137} INFO - [2023-03-08T00:00:34.426+0000] {taskmixin.py:205} WARNING - Dependency <Task(BashOperator): create_entry_gcs>, delete_entry already registered for DAG: example_complex
[2023-03-08T00:00:34.431+0000] {logging_mixin.py:137} INFO - [2023-03-08T00:00:34.431+0000] {taskmixin.py:205} WARNING - Dependency <Task(BashOperator): delete_entry>, create_entry_gcs already registered for DAG: example_complex
[2023-03-08T00:00:34.446+0000] {logging_mixin.py:137} INFO - [2023-03-08T00:00:34.443+0000] {taskmixin.py:205} WARNING - Dependency <Task(BashOperator): create_tag>, delete_tag already registered for DAG: example_complex
[2023-03-08T00:00:34.452+0000] {logging_mixin.py:137} INFO - [2023-03-08T00:00:34.452+0000] {taskmixin.py:205} WARNING - Dependency <Task(BashOperator): delete_tag>, create_tag already registered for DAG: example_complex
[2023-03-08T00:00:34.485+0000] {processor.py:753} INFO - DAG(s) dict_keys(['example_complex']) retrieved from /home/airflow/.local/lib/python3.7/site-packages/airflow/example_dags/example_complex.py
[2023-03-08T00:00:34.643+0000] {logging_mixin.py:137} INFO - [2023-03-08T00:00:34.643+0000] {dag.py:2690} INFO - Sync 1 DAGs
[2023-03-08T00:00:34.752+0000] {logging_mixin.py:137} INFO - [2023-03-08T00:00:34.751+0000] {dag.py:3441} INFO - Setting next_dagrun for example_complex to None, run_after=None
[2023-03-08T00:00:34.864+0000] {processor.py:175} INFO - Processing /home/airflow/.local/lib/python3.7/site-packages/airflow/example_dags/example_complex.py took 0.521 seconds
[2023-03-08T00:01:05.764+0000] {processor.py:153} INFO - Started process (PID=2371) to work on /home/airflow/.local/lib/python3.7/site-packages/airflow/example_dags/example_complex.py
[2023-03-08T00:01:05.768+0000] {processor.py:743} INFO - Processing file /home/airflow/.local/lib/python3.7/site-packages/airflow/example_dags/example_complex.py for tasks to queue
[2023-03-08T00:01:05.775+0000] {logging_mixin.py:137} INFO - [2023-03-08T00:01:05.774+0000] {dagbag.py:538} INFO - Filling up the DagBag from /home/airflow/.local/lib/python3.7/site-packages/airflow/example_dags/example_complex.py
[2023-03-08T00:01:05.822+0000] {logging_mixin.py:137} INFO - [2023-03-08T00:01:05.822+0000] {taskmixin.py:205} WARNING - Dependency <Task(BashOperator): create_entry_group>, delete_entry_group already registered for DAG: example_complex
[2023-03-08T00:01:05.825+0000] {logging_mixin.py:137} INFO - [2023-03-08T00:01:05.824+0000] {taskmixin.py:205} WARNING - Dependency <Task(BashOperator): delete_entry_group>, create_entry_group already registered for DAG: example_complex
[2023-03-08T00:01:05.828+0000] {logging_mixin.py:137} INFO - [2023-03-08T00:01:05.828+0000] {taskmixin.py:205} WARNING - Dependency <Task(BashOperator): create_entry_gcs>, delete_entry already registered for DAG: example_complex
[2023-03-08T00:01:05.837+0000] {logging_mixin.py:137} INFO - [2023-03-08T00:01:05.836+0000] {taskmixin.py:205} WARNING - Dependency <Task(BashOperator): delete_entry>, create_entry_gcs already registered for DAG: example_complex
[2023-03-08T00:01:05.843+0000] {logging_mixin.py:137} INFO - [2023-03-08T00:01:05.842+0000] {taskmixin.py:205} WARNING - Dependency <Task(BashOperator): create_tag>, delete_tag already registered for DAG: example_complex
[2023-03-08T00:01:05.846+0000] {logging_mixin.py:137} INFO - [2023-03-08T00:01:05.846+0000] {taskmixin.py:205} WARNING - Dependency <Task(BashOperator): delete_tag>, create_tag already registered for DAG: example_complex
[2023-03-08T00:01:05.894+0000] {processor.py:753} INFO - DAG(s) dict_keys(['example_complex']) retrieved from /home/airflow/.local/lib/python3.7/site-packages/airflow/example_dags/example_complex.py
[2023-03-08T00:01:06.040+0000] {logging_mixin.py:137} INFO - [2023-03-08T00:01:06.040+0000] {dag.py:2690} INFO - Sync 1 DAGs
[2023-03-08T00:01:06.148+0000] {logging_mixin.py:137} INFO - [2023-03-08T00:01:06.147+0000] {dag.py:3441} INFO - Setting next_dagrun for example_complex to None, run_after=None
[2023-03-08T00:01:06.202+0000] {processor.py:175} INFO - Processing /home/airflow/.local/lib/python3.7/site-packages/airflow/example_dags/example_complex.py took 0.458 seconds
[2023-03-08T00:01:37.638+0000] {processor.py:153} INFO - Started process (PID=2442) to work on /home/airflow/.local/lib/python3.7/site-packages/airflow/example_dags/example_complex.py
[2023-03-08T00:01:37.645+0000] {processor.py:743} INFO - Processing file /home/airflow/.local/lib/python3.7/site-packages/airflow/example_dags/example_complex.py for tasks to queue
[2023-03-08T00:01:37.654+0000] {logging_mixin.py:137} INFO - [2023-03-08T00:01:37.653+0000] {dagbag.py:538} INFO - Filling up the DagBag from /home/airflow/.local/lib/python3.7/site-packages/airflow/example_dags/example_complex.py
[2023-03-08T00:01:37.699+0000] {logging_mixin.py:137} INFO - [2023-03-08T00:01:37.699+0000] {taskmixin.py:205} WARNING - Dependency <Task(BashOperator): create_entry_group>, delete_entry_group already registered for DAG: example_complex
[2023-03-08T00:01:37.703+0000] {logging_mixin.py:137} INFO - [2023-03-08T00:01:37.702+0000] {taskmixin.py:205} WARNING - Dependency <Task(BashOperator): delete_entry_group>, create_entry_group already registered for DAG: example_complex
[2023-03-08T00:01:37.707+0000] {logging_mixin.py:137} INFO - [2023-03-08T00:01:37.706+0000] {taskmixin.py:205} WARNING - Dependency <Task(BashOperator): create_entry_gcs>, delete_entry already registered for DAG: example_complex
[2023-03-08T00:01:37.714+0000] {logging_mixin.py:137} INFO - [2023-03-08T00:01:37.713+0000] {taskmixin.py:205} WARNING - Dependency <Task(BashOperator): delete_entry>, create_entry_gcs already registered for DAG: example_complex
[2023-03-08T00:01:37.719+0000] {logging_mixin.py:137} INFO - [2023-03-08T00:01:37.719+0000] {taskmixin.py:205} WARNING - Dependency <Task(BashOperator): create_tag>, delete_tag already registered for DAG: example_complex
[2023-03-08T00:01:37.723+0000] {logging_mixin.py:137} INFO - [2023-03-08T00:01:37.722+0000] {taskmixin.py:205} WARNING - Dependency <Task(BashOperator): delete_tag>, create_tag already registered for DAG: example_complex
[2023-03-08T00:01:37.761+0000] {processor.py:753} INFO - DAG(s) dict_keys(['example_complex']) retrieved from /home/airflow/.local/lib/python3.7/site-packages/airflow/example_dags/example_complex.py
[2023-03-08T00:01:37.976+0000] {logging_mixin.py:137} INFO - [2023-03-08T00:01:37.976+0000] {dag.py:2690} INFO - Sync 1 DAGs
[2023-03-08T00:01:38.221+0000] {logging_mixin.py:137} INFO - [2023-03-08T00:01:38.221+0000] {dag.py:3441} INFO - Setting next_dagrun for example_complex to None, run_after=None
[2023-03-08T00:01:38.360+0000] {processor.py:175} INFO - Processing /home/airflow/.local/lib/python3.7/site-packages/airflow/example_dags/example_complex.py took 0.733 seconds
[2023-03-08T00:02:21.521+0000] {processor.py:153} INFO - Started process (PID=2513) to work on /home/airflow/.local/lib/python3.7/site-packages/airflow/example_dags/example_complex.py
[2023-03-08T00:02:21.533+0000] {processor.py:743} INFO - Processing file /home/airflow/.local/lib/python3.7/site-packages/airflow/example_dags/example_complex.py for tasks to queue
[2023-03-08T00:02:21.538+0000] {logging_mixin.py:137} INFO - [2023-03-08T00:02:21.538+0000] {dagbag.py:538} INFO - Filling up the DagBag from /home/airflow/.local/lib/python3.7/site-packages/airflow/example_dags/example_complex.py
[2023-03-08T00:02:21.643+0000] {logging_mixin.py:137} INFO - [2023-03-08T00:02:21.642+0000] {taskmixin.py:205} WARNING - Dependency <Task(BashOperator): create_entry_group>, delete_entry_group already registered for DAG: example_complex
[2023-03-08T00:02:21.646+0000] {logging_mixin.py:137} INFO - [2023-03-08T00:02:21.646+0000] {taskmixin.py:205} WARNING - Dependency <Task(BashOperator): delete_entry_group>, create_entry_group already registered for DAG: example_complex
[2023-03-08T00:02:21.649+0000] {logging_mixin.py:137} INFO - [2023-03-08T00:02:21.649+0000] {taskmixin.py:205} WARNING - Dependency <Task(BashOperator): create_entry_gcs>, delete_entry already registered for DAG: example_complex
[2023-03-08T00:02:21.654+0000] {logging_mixin.py:137} INFO - [2023-03-08T00:02:21.654+0000] {taskmixin.py:205} WARNING - Dependency <Task(BashOperator): delete_entry>, create_entry_gcs already registered for DAG: example_complex
[2023-03-08T00:02:21.658+0000] {logging_mixin.py:137} INFO - [2023-03-08T00:02:21.658+0000] {taskmixin.py:205} WARNING - Dependency <Task(BashOperator): create_tag>, delete_tag already registered for DAG: example_complex
[2023-03-08T00:02:21.669+0000] {logging_mixin.py:137} INFO - [2023-03-08T00:02:21.668+0000] {taskmixin.py:205} WARNING - Dependency <Task(BashOperator): delete_tag>, create_tag already registered for DAG: example_complex
[2023-03-08T00:02:21.740+0000] {processor.py:753} INFO - DAG(s) dict_keys(['example_complex']) retrieved from /home/airflow/.local/lib/python3.7/site-packages/airflow/example_dags/example_complex.py
[2023-03-08T00:02:21.992+0000] {logging_mixin.py:137} INFO - [2023-03-08T00:02:21.992+0000] {dag.py:2690} INFO - Sync 1 DAGs
[2023-03-08T00:02:22.259+0000] {logging_mixin.py:137} INFO - [2023-03-08T00:02:22.258+0000] {dag.py:3441} INFO - Setting next_dagrun for example_complex to None, run_after=None
[2023-03-08T00:02:22.407+0000] {processor.py:175} INFO - Processing /home/airflow/.local/lib/python3.7/site-packages/airflow/example_dags/example_complex.py took 0.912 seconds
[2023-03-08T00:02:53.153+0000] {processor.py:153} INFO - Started process (PID=2578) to work on /home/airflow/.local/lib/python3.7/site-packages/airflow/example_dags/example_complex.py
[2023-03-08T00:02:53.173+0000] {processor.py:743} INFO - Processing file /home/airflow/.local/lib/python3.7/site-packages/airflow/example_dags/example_complex.py for tasks to queue
[2023-03-08T00:02:53.185+0000] {logging_mixin.py:137} INFO - [2023-03-08T00:02:53.184+0000] {dagbag.py:538} INFO - Filling up the DagBag from /home/airflow/.local/lib/python3.7/site-packages/airflow/example_dags/example_complex.py
[2023-03-08T00:02:53.289+0000] {logging_mixin.py:137} INFO - [2023-03-08T00:02:53.288+0000] {taskmixin.py:205} WARNING - Dependency <Task(BashOperator): create_entry_group>, delete_entry_group already registered for DAG: example_complex
[2023-03-08T00:02:53.298+0000] {logging_mixin.py:137} INFO - [2023-03-08T00:02:53.297+0000] {taskmixin.py:205} WARNING - Dependency <Task(BashOperator): delete_entry_group>, create_entry_group already registered for DAG: example_complex
[2023-03-08T00:02:53.303+0000] {logging_mixin.py:137} INFO - [2023-03-08T00:02:53.302+0000] {taskmixin.py:205} WARNING - Dependency <Task(BashOperator): create_entry_gcs>, delete_entry already registered for DAG: example_complex
[2023-03-08T00:02:53.308+0000] {logging_mixin.py:137} INFO - [2023-03-08T00:02:53.306+0000] {taskmixin.py:205} WARNING - Dependency <Task(BashOperator): delete_entry>, create_entry_gcs already registered for DAG: example_complex
[2023-03-08T00:02:53.316+0000] {logging_mixin.py:137} INFO - [2023-03-08T00:02:53.314+0000] {taskmixin.py:205} WARNING - Dependency <Task(BashOperator): create_tag>, delete_tag already registered for DAG: example_complex
[2023-03-08T00:02:53.321+0000] {logging_mixin.py:137} INFO - [2023-03-08T00:02:53.319+0000] {taskmixin.py:205} WARNING - Dependency <Task(BashOperator): delete_tag>, create_tag already registered for DAG: example_complex
[2023-03-08T00:02:53.385+0000] {processor.py:753} INFO - DAG(s) dict_keys(['example_complex']) retrieved from /home/airflow/.local/lib/python3.7/site-packages/airflow/example_dags/example_complex.py
[2023-03-08T00:02:53.760+0000] {logging_mixin.py:137} INFO - [2023-03-08T00:02:53.759+0000] {dag.py:2690} INFO - Sync 1 DAGs
[2023-03-08T00:02:53.940+0000] {logging_mixin.py:137} INFO - [2023-03-08T00:02:53.939+0000] {dag.py:3441} INFO - Setting next_dagrun for example_complex to None, run_after=None
[2023-03-08T00:02:54.015+0000] {processor.py:175} INFO - Processing /home/airflow/.local/lib/python3.7/site-packages/airflow/example_dags/example_complex.py took 0.875 seconds
[2023-03-08T00:03:25.884+0000] {processor.py:153} INFO - Started process (PID=2643) to work on /home/airflow/.local/lib/python3.7/site-packages/airflow/example_dags/example_complex.py
[2023-03-08T00:03:25.895+0000] {processor.py:743} INFO - Processing file /home/airflow/.local/lib/python3.7/site-packages/airflow/example_dags/example_complex.py for tasks to queue
[2023-03-08T00:03:25.905+0000] {logging_mixin.py:137} INFO - [2023-03-08T00:03:25.904+0000] {dagbag.py:538} INFO - Filling up the DagBag from /home/airflow/.local/lib/python3.7/site-packages/airflow/example_dags/example_complex.py
[2023-03-08T00:03:25.955+0000] {logging_mixin.py:137} INFO - [2023-03-08T00:03:25.955+0000] {taskmixin.py:205} WARNING - Dependency <Task(BashOperator): create_entry_group>, delete_entry_group already registered for DAG: example_complex
[2023-03-08T00:03:25.958+0000] {logging_mixin.py:137} INFO - [2023-03-08T00:03:25.957+0000] {taskmixin.py:205} WARNING - Dependency <Task(BashOperator): delete_entry_group>, create_entry_group already registered for DAG: example_complex
[2023-03-08T00:03:25.962+0000] {logging_mixin.py:137} INFO - [2023-03-08T00:03:25.961+0000] {taskmixin.py:205} WARNING - Dependency <Task(BashOperator): create_entry_gcs>, delete_entry already registered for DAG: example_complex
[2023-03-08T00:03:25.969+0000] {logging_mixin.py:137} INFO - [2023-03-08T00:03:25.968+0000] {taskmixin.py:205} WARNING - Dependency <Task(BashOperator): delete_entry>, create_entry_gcs already registered for DAG: example_complex
[2023-03-08T00:03:25.977+0000] {logging_mixin.py:137} INFO - [2023-03-08T00:03:25.976+0000] {taskmixin.py:205} WARNING - Dependency <Task(BashOperator): create_tag>, delete_tag already registered for DAG: example_complex
[2023-03-08T00:03:25.980+0000] {logging_mixin.py:137} INFO - [2023-03-08T00:03:25.980+0000] {taskmixin.py:205} WARNING - Dependency <Task(BashOperator): delete_tag>, create_tag already registered for DAG: example_complex
[2023-03-08T00:03:26.029+0000] {processor.py:753} INFO - DAG(s) dict_keys(['example_complex']) retrieved from /home/airflow/.local/lib/python3.7/site-packages/airflow/example_dags/example_complex.py
[2023-03-08T00:03:26.203+0000] {logging_mixin.py:137} INFO - [2023-03-08T00:03:26.203+0000] {dag.py:2690} INFO - Sync 1 DAGs
[2023-03-08T00:03:26.298+0000] {logging_mixin.py:137} INFO - [2023-03-08T00:03:26.297+0000] {dag.py:3441} INFO - Setting next_dagrun for example_complex to None, run_after=None
[2023-03-08T00:03:26.359+0000] {processor.py:175} INFO - Processing /home/airflow/.local/lib/python3.7/site-packages/airflow/example_dags/example_complex.py took 0.491 seconds
[2023-03-08T00:03:57.712+0000] {processor.py:153} INFO - Started process (PID=2713) to work on /home/airflow/.local/lib/python3.7/site-packages/airflow/example_dags/example_complex.py
[2023-03-08T00:03:57.717+0000] {processor.py:743} INFO - Processing file /home/airflow/.local/lib/python3.7/site-packages/airflow/example_dags/example_complex.py for tasks to queue
[2023-03-08T00:03:57.721+0000] {logging_mixin.py:137} INFO - [2023-03-08T00:03:57.720+0000] {dagbag.py:538} INFO - Filling up the DagBag from /home/airflow/.local/lib/python3.7/site-packages/airflow/example_dags/example_complex.py
[2023-03-08T00:03:57.757+0000] {logging_mixin.py:137} INFO - [2023-03-08T00:03:57.756+0000] {taskmixin.py:205} WARNING - Dependency <Task(BashOperator): create_entry_group>, delete_entry_group already registered for DAG: example_complex
[2023-03-08T00:03:57.759+0000] {logging_mixin.py:137} INFO - [2023-03-08T00:03:57.759+0000] {taskmixin.py:205} WARNING - Dependency <Task(BashOperator): delete_entry_group>, create_entry_group already registered for DAG: example_complex
[2023-03-08T00:03:57.762+0000] {logging_mixin.py:137} INFO - [2023-03-08T00:03:57.762+0000] {taskmixin.py:205} WARNING - Dependency <Task(BashOperator): create_entry_gcs>, delete_entry already registered for DAG: example_complex
[2023-03-08T00:03:57.766+0000] {logging_mixin.py:137} INFO - [2023-03-08T00:03:57.764+0000] {taskmixin.py:205} WARNING - Dependency <Task(BashOperator): delete_entry>, create_entry_gcs already registered for DAG: example_complex
[2023-03-08T00:03:57.769+0000] {logging_mixin.py:137} INFO - [2023-03-08T00:03:57.768+0000] {taskmixin.py:205} WARNING - Dependency <Task(BashOperator): create_tag>, delete_tag already registered for DAG: example_complex
[2023-03-08T00:03:57.772+0000] {logging_mixin.py:137} INFO - [2023-03-08T00:03:57.771+0000] {taskmixin.py:205} WARNING - Dependency <Task(BashOperator): delete_tag>, create_tag already registered for DAG: example_complex
[2023-03-08T00:03:57.797+0000] {processor.py:753} INFO - DAG(s) dict_keys(['example_complex']) retrieved from /home/airflow/.local/lib/python3.7/site-packages/airflow/example_dags/example_complex.py
[2023-03-08T00:03:57.901+0000] {logging_mixin.py:137} INFO - [2023-03-08T00:03:57.900+0000] {dag.py:2690} INFO - Sync 1 DAGs
[2023-03-08T00:03:57.980+0000] {logging_mixin.py:137} INFO - [2023-03-08T00:03:57.980+0000] {dag.py:3441} INFO - Setting next_dagrun for example_complex to None, run_after=None
[2023-03-08T00:03:58.053+0000] {processor.py:175} INFO - Processing /home/airflow/.local/lib/python3.7/site-packages/airflow/example_dags/example_complex.py took 0.350 seconds
[2023-03-08T00:04:28.729+0000] {processor.py:153} INFO - Started process (PID=2783) to work on /home/airflow/.local/lib/python3.7/site-packages/airflow/example_dags/example_complex.py
[2023-03-08T00:04:28.733+0000] {processor.py:743} INFO - Processing file /home/airflow/.local/lib/python3.7/site-packages/airflow/example_dags/example_complex.py for tasks to queue
[2023-03-08T00:04:28.736+0000] {logging_mixin.py:137} INFO - [2023-03-08T00:04:28.736+0000] {dagbag.py:538} INFO - Filling up the DagBag from /home/airflow/.local/lib/python3.7/site-packages/airflow/example_dags/example_complex.py
[2023-03-08T00:04:28.768+0000] {logging_mixin.py:137} INFO - [2023-03-08T00:04:28.767+0000] {taskmixin.py:205} WARNING - Dependency <Task(BashOperator): create_entry_group>, delete_entry_group already registered for DAG: example_complex
[2023-03-08T00:04:28.770+0000] {logging_mixin.py:137} INFO - [2023-03-08T00:04:28.769+0000] {taskmixin.py:205} WARNING - Dependency <Task(BashOperator): delete_entry_group>, create_entry_group already registered for DAG: example_complex
[2023-03-08T00:04:28.773+0000] {logging_mixin.py:137} INFO - [2023-03-08T00:04:28.773+0000] {taskmixin.py:205} WARNING - Dependency <Task(BashOperator): create_entry_gcs>, delete_entry already registered for DAG: example_complex
[2023-03-08T00:04:28.779+0000] {logging_mixin.py:137} INFO - [2023-03-08T00:04:28.778+0000] {taskmixin.py:205} WARNING - Dependency <Task(BashOperator): delete_entry>, create_entry_gcs already registered for DAG: example_complex
[2023-03-08T00:04:28.782+0000] {logging_mixin.py:137} INFO - [2023-03-08T00:04:28.782+0000] {taskmixin.py:205} WARNING - Dependency <Task(BashOperator): create_tag>, delete_tag already registered for DAG: example_complex
[2023-03-08T00:04:28.785+0000] {logging_mixin.py:137} INFO - [2023-03-08T00:04:28.784+0000] {taskmixin.py:205} WARNING - Dependency <Task(BashOperator): delete_tag>, create_tag already registered for DAG: example_complex
[2023-03-08T00:04:28.808+0000] {processor.py:753} INFO - DAG(s) dict_keys(['example_complex']) retrieved from /home/airflow/.local/lib/python3.7/site-packages/airflow/example_dags/example_complex.py
[2023-03-08T00:04:28.887+0000] {logging_mixin.py:137} INFO - [2023-03-08T00:04:28.887+0000] {dag.py:2690} INFO - Sync 1 DAGs
[2023-03-08T00:04:28.952+0000] {logging_mixin.py:137} INFO - [2023-03-08T00:04:28.951+0000] {dag.py:3441} INFO - Setting next_dagrun for example_complex to None, run_after=None
[2023-03-08T00:04:29.007+0000] {processor.py:175} INFO - Processing /home/airflow/.local/lib/python3.7/site-packages/airflow/example_dags/example_complex.py took 0.289 seconds
[2023-03-08T00:05:01.053+0000] {processor.py:153} INFO - Started process (PID=2853) to work on /home/airflow/.local/lib/python3.7/site-packages/airflow/example_dags/example_complex.py
[2023-03-08T00:05:01.062+0000] {processor.py:743} INFO - Processing file /home/airflow/.local/lib/python3.7/site-packages/airflow/example_dags/example_complex.py for tasks to queue
[2023-03-08T00:05:01.078+0000] {logging_mixin.py:137} INFO - [2023-03-08T00:05:01.072+0000] {dagbag.py:538} INFO - Filling up the DagBag from /home/airflow/.local/lib/python3.7/site-packages/airflow/example_dags/example_complex.py
[2023-03-08T00:05:01.228+0000] {logging_mixin.py:137} INFO - [2023-03-08T00:05:01.217+0000] {taskmixin.py:205} WARNING - Dependency <Task(BashOperator): create_entry_group>, delete_entry_group already registered for DAG: example_complex
[2023-03-08T00:05:01.246+0000] {logging_mixin.py:137} INFO - [2023-03-08T00:05:01.245+0000] {taskmixin.py:205} WARNING - Dependency <Task(BashOperator): delete_entry_group>, create_entry_group already registered for DAG: example_complex
[2023-03-08T00:05:01.265+0000] {logging_mixin.py:137} INFO - [2023-03-08T00:05:01.264+0000] {taskmixin.py:205} WARNING - Dependency <Task(BashOperator): create_entry_gcs>, delete_entry already registered for DAG: example_complex
[2023-03-08T00:05:01.270+0000] {logging_mixin.py:137} INFO - [2023-03-08T00:05:01.267+0000] {taskmixin.py:205} WARNING - Dependency <Task(BashOperator): delete_entry>, create_entry_gcs already registered for DAG: example_complex
[2023-03-08T00:05:01.282+0000] {logging_mixin.py:137} INFO - [2023-03-08T00:05:01.282+0000] {taskmixin.py:205} WARNING - Dependency <Task(BashOperator): create_tag>, delete_tag already registered for DAG: example_complex
[2023-03-08T00:05:01.291+0000] {logging_mixin.py:137} INFO - [2023-03-08T00:05:01.290+0000] {taskmixin.py:205} WARNING - Dependency <Task(BashOperator): delete_tag>, create_tag already registered for DAG: example_complex
[2023-03-08T00:05:01.328+0000] {processor.py:753} INFO - DAG(s) dict_keys(['example_complex']) retrieved from /home/airflow/.local/lib/python3.7/site-packages/airflow/example_dags/example_complex.py
[2023-03-08T00:05:01.606+0000] {logging_mixin.py:137} INFO - [2023-03-08T00:05:01.606+0000] {dag.py:2690} INFO - Sync 1 DAGs
[2023-03-08T00:05:01.705+0000] {logging_mixin.py:137} INFO - [2023-03-08T00:05:01.705+0000] {dag.py:3441} INFO - Setting next_dagrun for example_complex to None, run_after=None
[2023-03-08T00:05:01.775+0000] {processor.py:175} INFO - Processing /home/airflow/.local/lib/python3.7/site-packages/airflow/example_dags/example_complex.py took 0.762 seconds
[2023-03-08T00:05:32.513+0000] {processor.py:153} INFO - Started process (PID=2922) to work on /home/airflow/.local/lib/python3.7/site-packages/airflow/example_dags/example_complex.py
[2023-03-08T00:05:32.527+0000] {processor.py:743} INFO - Processing file /home/airflow/.local/lib/python3.7/site-packages/airflow/example_dags/example_complex.py for tasks to queue
[2023-03-08T00:05:32.531+0000] {logging_mixin.py:137} INFO - [2023-03-08T00:05:32.531+0000] {dagbag.py:538} INFO - Filling up the DagBag from /home/airflow/.local/lib/python3.7/site-packages/airflow/example_dags/example_complex.py
[2023-03-08T00:05:32.581+0000] {logging_mixin.py:137} INFO - [2023-03-08T00:05:32.581+0000] {taskmixin.py:205} WARNING - Dependency <Task(BashOperator): create_entry_group>, delete_entry_group already registered for DAG: example_complex
[2023-03-08T00:05:32.586+0000] {logging_mixin.py:137} INFO - [2023-03-08T00:05:32.585+0000] {taskmixin.py:205} WARNING - Dependency <Task(BashOperator): delete_entry_group>, create_entry_group already registered for DAG: example_complex
[2023-03-08T00:05:32.591+0000] {logging_mixin.py:137} INFO - [2023-03-08T00:05:32.591+0000] {taskmixin.py:205} WARNING - Dependency <Task(BashOperator): create_entry_gcs>, delete_entry already registered for DAG: example_complex
[2023-03-08T00:05:32.594+0000] {logging_mixin.py:137} INFO - [2023-03-08T00:05:32.594+0000] {taskmixin.py:205} WARNING - Dependency <Task(BashOperator): delete_entry>, create_entry_gcs already registered for DAG: example_complex
[2023-03-08T00:05:32.597+0000] {logging_mixin.py:137} INFO - [2023-03-08T00:05:32.597+0000] {taskmixin.py:205} WARNING - Dependency <Task(BashOperator): create_tag>, delete_tag already registered for DAG: example_complex
[2023-03-08T00:05:32.599+0000] {logging_mixin.py:137} INFO - [2023-03-08T00:05:32.599+0000] {taskmixin.py:205} WARNING - Dependency <Task(BashOperator): delete_tag>, create_tag already registered for DAG: example_complex
[2023-03-08T00:05:32.641+0000] {processor.py:753} INFO - DAG(s) dict_keys(['example_complex']) retrieved from /home/airflow/.local/lib/python3.7/site-packages/airflow/example_dags/example_complex.py
[2023-03-08T00:05:32.795+0000] {logging_mixin.py:137} INFO - [2023-03-08T00:05:32.795+0000] {dag.py:2690} INFO - Sync 1 DAGs
[2023-03-08T00:05:32.928+0000] {logging_mixin.py:137} INFO - [2023-03-08T00:05:32.928+0000] {dag.py:3441} INFO - Setting next_dagrun for example_complex to None, run_after=None
[2023-03-08T00:05:32.996+0000] {processor.py:175} INFO - Processing /home/airflow/.local/lib/python3.7/site-packages/airflow/example_dags/example_complex.py took 0.513 seconds
[2023-03-08T00:06:03.200+0000] {processor.py:153} INFO - Started process (PID=2991) to work on /home/airflow/.local/lib/python3.7/site-packages/airflow/example_dags/example_complex.py
[2023-03-08T00:06:03.208+0000] {processor.py:743} INFO - Processing file /home/airflow/.local/lib/python3.7/site-packages/airflow/example_dags/example_complex.py for tasks to queue
[2023-03-08T00:06:03.213+0000] {logging_mixin.py:137} INFO - [2023-03-08T00:06:03.213+0000] {dagbag.py:538} INFO - Filling up the DagBag from /home/airflow/.local/lib/python3.7/site-packages/airflow/example_dags/example_complex.py
[2023-03-08T00:06:03.257+0000] {logging_mixin.py:137} INFO - [2023-03-08T00:06:03.257+0000] {taskmixin.py:205} WARNING - Dependency <Task(BashOperator): create_entry_group>, delete_entry_group already registered for DAG: example_complex
[2023-03-08T00:06:03.259+0000] {logging_mixin.py:137} INFO - [2023-03-08T00:06:03.259+0000] {taskmixin.py:205} WARNING - Dependency <Task(BashOperator): delete_entry_group>, create_entry_group already registered for DAG: example_complex
[2023-03-08T00:06:03.262+0000] {logging_mixin.py:137} INFO - [2023-03-08T00:06:03.261+0000] {taskmixin.py:205} WARNING - Dependency <Task(BashOperator): create_entry_gcs>, delete_entry already registered for DAG: example_complex
[2023-03-08T00:06:03.264+0000] {logging_mixin.py:137} INFO - [2023-03-08T00:06:03.264+0000] {taskmixin.py:205} WARNING - Dependency <Task(BashOperator): delete_entry>, create_entry_gcs already registered for DAG: example_complex
[2023-03-08T00:06:03.267+0000] {logging_mixin.py:137} INFO - [2023-03-08T00:06:03.267+0000] {taskmixin.py:205} WARNING - Dependency <Task(BashOperator): create_tag>, delete_tag already registered for DAG: example_complex
[2023-03-08T00:06:03.270+0000] {logging_mixin.py:137} INFO - [2023-03-08T00:06:03.269+0000] {taskmixin.py:205} WARNING - Dependency <Task(BashOperator): delete_tag>, create_tag already registered for DAG: example_complex
[2023-03-08T00:06:03.297+0000] {processor.py:753} INFO - DAG(s) dict_keys(['example_complex']) retrieved from /home/airflow/.local/lib/python3.7/site-packages/airflow/example_dags/example_complex.py
[2023-03-08T00:06:03.388+0000] {logging_mixin.py:137} INFO - [2023-03-08T00:06:03.387+0000] {dag.py:2690} INFO - Sync 1 DAGs
[2023-03-08T00:06:03.465+0000] {logging_mixin.py:137} INFO - [2023-03-08T00:06:03.464+0000] {dag.py:3441} INFO - Setting next_dagrun for example_complex to None, run_after=None
[2023-03-08T00:06:03.517+0000] {processor.py:175} INFO - Processing /home/airflow/.local/lib/python3.7/site-packages/airflow/example_dags/example_complex.py took 0.324 seconds
[2023-03-08T00:06:33.911+0000] {processor.py:153} INFO - Started process (PID=3062) to work on /home/airflow/.local/lib/python3.7/site-packages/airflow/example_dags/example_complex.py
[2023-03-08T00:06:33.914+0000] {processor.py:743} INFO - Processing file /home/airflow/.local/lib/python3.7/site-packages/airflow/example_dags/example_complex.py for tasks to queue
[2023-03-08T00:06:33.917+0000] {logging_mixin.py:137} INFO - [2023-03-08T00:06:33.916+0000] {dagbag.py:538} INFO - Filling up the DagBag from /home/airflow/.local/lib/python3.7/site-packages/airflow/example_dags/example_complex.py
[2023-03-08T00:06:33.944+0000] {logging_mixin.py:137} INFO - [2023-03-08T00:06:33.943+0000] {taskmixin.py:205} WARNING - Dependency <Task(BashOperator): create_entry_group>, delete_entry_group already registered for DAG: example_complex
[2023-03-08T00:06:33.946+0000] {logging_mixin.py:137} INFO - [2023-03-08T00:06:33.946+0000] {taskmixin.py:205} WARNING - Dependency <Task(BashOperator): delete_entry_group>, create_entry_group already registered for DAG: example_complex
[2023-03-08T00:06:33.950+0000] {logging_mixin.py:137} INFO - [2023-03-08T00:06:33.950+0000] {taskmixin.py:205} WARNING - Dependency <Task(BashOperator): create_entry_gcs>, delete_entry already registered for DAG: example_complex
[2023-03-08T00:06:33.953+0000] {logging_mixin.py:137} INFO - [2023-03-08T00:06:33.952+0000] {taskmixin.py:205} WARNING - Dependency <Task(BashOperator): delete_entry>, create_entry_gcs already registered for DAG: example_complex
[2023-03-08T00:06:33.957+0000] {logging_mixin.py:137} INFO - [2023-03-08T00:06:33.957+0000] {taskmixin.py:205} WARNING - Dependency <Task(BashOperator): create_tag>, delete_tag already registered for DAG: example_complex
[2023-03-08T00:06:33.961+0000] {logging_mixin.py:137} INFO - [2023-03-08T00:06:33.960+0000] {taskmixin.py:205} WARNING - Dependency <Task(BashOperator): delete_tag>, create_tag already registered for DAG: example_complex
[2023-03-08T00:06:33.980+0000] {processor.py:753} INFO - DAG(s) dict_keys(['example_complex']) retrieved from /home/airflow/.local/lib/python3.7/site-packages/airflow/example_dags/example_complex.py
[2023-03-08T00:06:34.048+0000] {logging_mixin.py:137} INFO - [2023-03-08T00:06:34.048+0000] {dag.py:2690} INFO - Sync 1 DAGs
[2023-03-08T00:06:34.111+0000] {logging_mixin.py:137} INFO - [2023-03-08T00:06:34.111+0000] {dag.py:3441} INFO - Setting next_dagrun for example_complex to None, run_after=None
[2023-03-08T00:06:34.160+0000] {processor.py:175} INFO - Processing /home/airflow/.local/lib/python3.7/site-packages/airflow/example_dags/example_complex.py took 0.261 seconds
[2023-03-08T00:07:04.736+0000] {processor.py:153} INFO - Started process (PID=3134) to work on /home/airflow/.local/lib/python3.7/site-packages/airflow/example_dags/example_complex.py
[2023-03-08T00:07:04.755+0000] {processor.py:743} INFO - Processing file /home/airflow/.local/lib/python3.7/site-packages/airflow/example_dags/example_complex.py for tasks to queue
[2023-03-08T00:07:04.761+0000] {logging_mixin.py:137} INFO - [2023-03-08T00:07:04.761+0000] {dagbag.py:538} INFO - Filling up the DagBag from /home/airflow/.local/lib/python3.7/site-packages/airflow/example_dags/example_complex.py
[2023-03-08T00:07:04.852+0000] {logging_mixin.py:137} INFO - [2023-03-08T00:07:04.851+0000] {taskmixin.py:205} WARNING - Dependency <Task(BashOperator): create_entry_group>, delete_entry_group already registered for DAG: example_complex
[2023-03-08T00:07:04.857+0000] {logging_mixin.py:137} INFO - [2023-03-08T00:07:04.855+0000] {taskmixin.py:205} WARNING - Dependency <Task(BashOperator): delete_entry_group>, create_entry_group already registered for DAG: example_complex
[2023-03-08T00:07:04.861+0000] {logging_mixin.py:137} INFO - [2023-03-08T00:07:04.861+0000] {taskmixin.py:205} WARNING - Dependency <Task(BashOperator): create_entry_gcs>, delete_entry already registered for DAG: example_complex
[2023-03-08T00:07:04.865+0000] {logging_mixin.py:137} INFO - [2023-03-08T00:07:04.864+0000] {taskmixin.py:205} WARNING - Dependency <Task(BashOperator): delete_entry>, create_entry_gcs already registered for DAG: example_complex
[2023-03-08T00:07:04.871+0000] {logging_mixin.py:137} INFO - [2023-03-08T00:07:04.871+0000] {taskmixin.py:205} WARNING - Dependency <Task(BashOperator): create_tag>, delete_tag already registered for DAG: example_complex
[2023-03-08T00:07:04.877+0000] {logging_mixin.py:137} INFO - [2023-03-08T00:07:04.876+0000] {taskmixin.py:205} WARNING - Dependency <Task(BashOperator): delete_tag>, create_tag already registered for DAG: example_complex
[2023-03-08T00:07:04.912+0000] {processor.py:753} INFO - DAG(s) dict_keys(['example_complex']) retrieved from /home/airflow/.local/lib/python3.7/site-packages/airflow/example_dags/example_complex.py
[2023-03-08T00:07:05.049+0000] {logging_mixin.py:137} INFO - [2023-03-08T00:07:05.049+0000] {dag.py:2690} INFO - Sync 1 DAGs
[2023-03-08T00:07:05.152+0000] {logging_mixin.py:137} INFO - [2023-03-08T00:07:05.152+0000] {dag.py:3441} INFO - Setting next_dagrun for example_complex to None, run_after=None
[2023-03-08T00:07:05.314+0000] {processor.py:175} INFO - Processing /home/airflow/.local/lib/python3.7/site-packages/airflow/example_dags/example_complex.py took 0.618 seconds
[2023-03-08T00:07:41.838+0000] {processor.py:153} INFO - Started process (PID=3211) to work on /home/airflow/.local/lib/python3.7/site-packages/airflow/example_dags/example_complex.py
[2023-03-08T00:07:41.848+0000] {processor.py:743} INFO - Processing file /home/airflow/.local/lib/python3.7/site-packages/airflow/example_dags/example_complex.py for tasks to queue
[2023-03-08T00:07:41.854+0000] {logging_mixin.py:137} INFO - [2023-03-08T00:07:41.854+0000] {dagbag.py:538} INFO - Filling up the DagBag from /home/airflow/.local/lib/python3.7/site-packages/airflow/example_dags/example_complex.py
[2023-03-08T00:07:41.980+0000] {logging_mixin.py:137} INFO - [2023-03-08T00:07:41.980+0000] {taskmixin.py:205} WARNING - Dependency <Task(BashOperator): create_entry_group>, delete_entry_group already registered for DAG: example_complex
[2023-03-08T00:07:41.984+0000] {logging_mixin.py:137} INFO - [2023-03-08T00:07:41.983+0000] {taskmixin.py:205} WARNING - Dependency <Task(BashOperator): delete_entry_group>, create_entry_group already registered for DAG: example_complex
[2023-03-08T00:07:41.987+0000] {logging_mixin.py:137} INFO - [2023-03-08T00:07:41.986+0000] {taskmixin.py:205} WARNING - Dependency <Task(BashOperator): create_entry_gcs>, delete_entry already registered for DAG: example_complex
[2023-03-08T00:07:41.989+0000] {logging_mixin.py:137} INFO - [2023-03-08T00:07:41.988+0000] {taskmixin.py:205} WARNING - Dependency <Task(BashOperator): delete_entry>, create_entry_gcs already registered for DAG: example_complex
[2023-03-08T00:07:41.991+0000] {logging_mixin.py:137} INFO - [2023-03-08T00:07:41.991+0000] {taskmixin.py:205} WARNING - Dependency <Task(BashOperator): create_tag>, delete_tag already registered for DAG: example_complex
[2023-03-08T00:07:41.997+0000] {logging_mixin.py:137} INFO - [2023-03-08T00:07:41.996+0000] {taskmixin.py:205} WARNING - Dependency <Task(BashOperator): delete_tag>, create_tag already registered for DAG: example_complex
[2023-03-08T00:07:42.071+0000] {processor.py:753} INFO - DAG(s) dict_keys(['example_complex']) retrieved from /home/airflow/.local/lib/python3.7/site-packages/airflow/example_dags/example_complex.py
[2023-03-08T00:07:42.200+0000] {logging_mixin.py:137} INFO - [2023-03-08T00:07:42.199+0000] {dag.py:2690} INFO - Sync 1 DAGs
[2023-03-08T00:07:42.313+0000] {logging_mixin.py:137} INFO - [2023-03-08T00:07:42.313+0000] {dag.py:3441} INFO - Setting next_dagrun for example_complex to None, run_after=None
[2023-03-08T00:07:42.384+0000] {processor.py:175} INFO - Processing /home/airflow/.local/lib/python3.7/site-packages/airflow/example_dags/example_complex.py took 0.573 seconds
[2023-03-08T00:08:14.857+0000] {processor.py:153} INFO - Started process (PID=3282) to work on /home/airflow/.local/lib/python3.7/site-packages/airflow/example_dags/example_complex.py
[2023-03-08T00:08:14.865+0000] {processor.py:743} INFO - Processing file /home/airflow/.local/lib/python3.7/site-packages/airflow/example_dags/example_complex.py for tasks to queue
[2023-03-08T00:08:14.870+0000] {logging_mixin.py:137} INFO - [2023-03-08T00:08:14.870+0000] {dagbag.py:538} INFO - Filling up the DagBag from /home/airflow/.local/lib/python3.7/site-packages/airflow/example_dags/example_complex.py
[2023-03-08T00:08:14.922+0000] {logging_mixin.py:137} INFO - [2023-03-08T00:08:14.922+0000] {taskmixin.py:205} WARNING - Dependency <Task(BashOperator): create_entry_group>, delete_entry_group already registered for DAG: example_complex
[2023-03-08T00:08:14.925+0000] {logging_mixin.py:137} INFO - [2023-03-08T00:08:14.925+0000] {taskmixin.py:205} WARNING - Dependency <Task(BashOperator): delete_entry_group>, create_entry_group already registered for DAG: example_complex
[2023-03-08T00:08:14.928+0000] {logging_mixin.py:137} INFO - [2023-03-08T00:08:14.927+0000] {taskmixin.py:205} WARNING - Dependency <Task(BashOperator): create_entry_gcs>, delete_entry already registered for DAG: example_complex
[2023-03-08T00:08:14.937+0000] {logging_mixin.py:137} INFO - [2023-03-08T00:08:14.936+0000] {taskmixin.py:205} WARNING - Dependency <Task(BashOperator): delete_entry>, create_entry_gcs already registered for DAG: example_complex
[2023-03-08T00:08:14.941+0000] {logging_mixin.py:137} INFO - [2023-03-08T00:08:14.940+0000] {taskmixin.py:205} WARNING - Dependency <Task(BashOperator): create_tag>, delete_tag already registered for DAG: example_complex
[2023-03-08T00:08:14.944+0000] {logging_mixin.py:137} INFO - [2023-03-08T00:08:14.943+0000] {taskmixin.py:205} WARNING - Dependency <Task(BashOperator): delete_tag>, create_tag already registered for DAG: example_complex
[2023-03-08T00:08:14.999+0000] {processor.py:753} INFO - DAG(s) dict_keys(['example_complex']) retrieved from /home/airflow/.local/lib/python3.7/site-packages/airflow/example_dags/example_complex.py
[2023-03-08T00:08:15.250+0000] {logging_mixin.py:137} INFO - [2023-03-08T00:08:15.249+0000] {dag.py:2690} INFO - Sync 1 DAGs
[2023-03-08T00:08:15.456+0000] {logging_mixin.py:137} INFO - [2023-03-08T00:08:15.456+0000] {dag.py:3441} INFO - Setting next_dagrun for example_complex to None, run_after=None
[2023-03-08T00:08:15.575+0000] {processor.py:175} INFO - Processing /home/airflow/.local/lib/python3.7/site-packages/airflow/example_dags/example_complex.py took 0.733 seconds
[2023-03-08T00:08:51.925+0000] {processor.py:153} INFO - Started process (PID=3355) to work on /home/airflow/.local/lib/python3.7/site-packages/airflow/example_dags/example_complex.py
[2023-03-08T00:08:51.936+0000] {processor.py:743} INFO - Processing file /home/airflow/.local/lib/python3.7/site-packages/airflow/example_dags/example_complex.py for tasks to queue
[2023-03-08T00:08:51.942+0000] {logging_mixin.py:137} INFO - [2023-03-08T00:08:51.941+0000] {dagbag.py:538} INFO - Filling up the DagBag from /home/airflow/.local/lib/python3.7/site-packages/airflow/example_dags/example_complex.py
[2023-03-08T00:08:52.008+0000] {logging_mixin.py:137} INFO - [2023-03-08T00:08:52.008+0000] {taskmixin.py:205} WARNING - Dependency <Task(BashOperator): create_entry_group>, delete_entry_group already registered for DAG: example_complex
[2023-03-08T00:08:52.011+0000] {logging_mixin.py:137} INFO - [2023-03-08T00:08:52.011+0000] {taskmixin.py:205} WARNING - Dependency <Task(BashOperator): delete_entry_group>, create_entry_group already registered for DAG: example_complex
[2023-03-08T00:08:52.016+0000] {logging_mixin.py:137} INFO - [2023-03-08T00:08:52.015+0000] {taskmixin.py:205} WARNING - Dependency <Task(BashOperator): create_entry_gcs>, delete_entry already registered for DAG: example_complex
[2023-03-08T00:08:52.023+0000] {logging_mixin.py:137} INFO - [2023-03-08T00:08:52.023+0000] {taskmixin.py:205} WARNING - Dependency <Task(BashOperator): delete_entry>, create_entry_gcs already registered for DAG: example_complex
[2023-03-08T00:08:52.029+0000] {logging_mixin.py:137} INFO - [2023-03-08T00:08:52.029+0000] {taskmixin.py:205} WARNING - Dependency <Task(BashOperator): create_tag>, delete_tag already registered for DAG: example_complex
[2023-03-08T00:08:52.034+0000] {logging_mixin.py:137} INFO - [2023-03-08T00:08:52.033+0000] {taskmixin.py:205} WARNING - Dependency <Task(BashOperator): delete_tag>, create_tag already registered for DAG: example_complex
[2023-03-08T00:08:52.064+0000] {processor.py:753} INFO - DAG(s) dict_keys(['example_complex']) retrieved from /home/airflow/.local/lib/python3.7/site-packages/airflow/example_dags/example_complex.py
[2023-03-08T00:08:52.191+0000] {logging_mixin.py:137} INFO - [2023-03-08T00:08:52.191+0000] {dag.py:2690} INFO - Sync 1 DAGs
[2023-03-08T00:08:52.309+0000] {logging_mixin.py:137} INFO - [2023-03-08T00:08:52.308+0000] {dag.py:3441} INFO - Setting next_dagrun for example_complex to None, run_after=None
[2023-03-08T00:08:52.487+0000] {processor.py:175} INFO - Processing /home/airflow/.local/lib/python3.7/site-packages/airflow/example_dags/example_complex.py took 0.579 seconds
[2023-03-08T00:09:28.248+0000] {processor.py:153} INFO - Started process (PID=3423) to work on /home/airflow/.local/lib/python3.7/site-packages/airflow/example_dags/example_complex.py
[2023-03-08T00:09:28.256+0000] {processor.py:743} INFO - Processing file /home/airflow/.local/lib/python3.7/site-packages/airflow/example_dags/example_complex.py for tasks to queue
[2023-03-08T00:09:28.266+0000] {logging_mixin.py:137} INFO - [2023-03-08T00:09:28.265+0000] {dagbag.py:538} INFO - Filling up the DagBag from /home/airflow/.local/lib/python3.7/site-packages/airflow/example_dags/example_complex.py
[2023-03-08T00:09:28.353+0000] {logging_mixin.py:137} INFO - [2023-03-08T00:09:28.352+0000] {taskmixin.py:205} WARNING - Dependency <Task(BashOperator): create_entry_group>, delete_entry_group already registered for DAG: example_complex
[2023-03-08T00:09:28.356+0000] {logging_mixin.py:137} INFO - [2023-03-08T00:09:28.356+0000] {taskmixin.py:205} WARNING - Dependency <Task(BashOperator): delete_entry_group>, create_entry_group already registered for DAG: example_complex
[2023-03-08T00:09:28.362+0000] {logging_mixin.py:137} INFO - [2023-03-08T00:09:28.361+0000] {taskmixin.py:205} WARNING - Dependency <Task(BashOperator): create_entry_gcs>, delete_entry already registered for DAG: example_complex
[2023-03-08T00:09:28.365+0000] {logging_mixin.py:137} INFO - [2023-03-08T00:09:28.364+0000] {taskmixin.py:205} WARNING - Dependency <Task(BashOperator): delete_entry>, create_entry_gcs already registered for DAG: example_complex
[2023-03-08T00:09:28.370+0000] {logging_mixin.py:137} INFO - [2023-03-08T00:09:28.368+0000] {taskmixin.py:205} WARNING - Dependency <Task(BashOperator): create_tag>, delete_tag already registered for DAG: example_complex
[2023-03-08T00:09:28.372+0000] {logging_mixin.py:137} INFO - [2023-03-08T00:09:28.372+0000] {taskmixin.py:205} WARNING - Dependency <Task(BashOperator): delete_tag>, create_tag already registered for DAG: example_complex
[2023-03-08T00:09:28.415+0000] {processor.py:753} INFO - DAG(s) dict_keys(['example_complex']) retrieved from /home/airflow/.local/lib/python3.7/site-packages/airflow/example_dags/example_complex.py
[2023-03-08T00:09:28.557+0000] {logging_mixin.py:137} INFO - [2023-03-08T00:09:28.557+0000] {dag.py:2690} INFO - Sync 1 DAGs
[2023-03-08T00:09:28.708+0000] {logging_mixin.py:137} INFO - [2023-03-08T00:09:28.708+0000] {dag.py:3441} INFO - Setting next_dagrun for example_complex to None, run_after=None
[2023-03-08T00:09:28.791+0000] {processor.py:175} INFO - Processing /home/airflow/.local/lib/python3.7/site-packages/airflow/example_dags/example_complex.py took 0.560 seconds
[2023-03-08T00:09:59.625+0000] {processor.py:153} INFO - Started process (PID=3483) to work on /home/airflow/.local/lib/python3.7/site-packages/airflow/example_dags/example_complex.py
[2023-03-08T00:09:59.634+0000] {processor.py:743} INFO - Processing file /home/airflow/.local/lib/python3.7/site-packages/airflow/example_dags/example_complex.py for tasks to queue
[2023-03-08T00:09:59.641+0000] {logging_mixin.py:137} INFO - [2023-03-08T00:09:59.641+0000] {dagbag.py:538} INFO - Filling up the DagBag from /home/airflow/.local/lib/python3.7/site-packages/airflow/example_dags/example_complex.py
[2023-03-08T00:09:59.693+0000] {logging_mixin.py:137} INFO - [2023-03-08T00:09:59.693+0000] {taskmixin.py:205} WARNING - Dependency <Task(BashOperator): create_entry_group>, delete_entry_group already registered for DAG: example_complex
[2023-03-08T00:09:59.696+0000] {logging_mixin.py:137} INFO - [2023-03-08T00:09:59.695+0000] {taskmixin.py:205} WARNING - Dependency <Task(BashOperator): delete_entry_group>, create_entry_group already registered for DAG: example_complex
[2023-03-08T00:09:59.701+0000] {logging_mixin.py:137} INFO - [2023-03-08T00:09:59.701+0000] {taskmixin.py:205} WARNING - Dependency <Task(BashOperator): create_entry_gcs>, delete_entry already registered for DAG: example_complex
[2023-03-08T00:09:59.707+0000] {logging_mixin.py:137} INFO - [2023-03-08T00:09:59.706+0000] {taskmixin.py:205} WARNING - Dependency <Task(BashOperator): delete_entry>, create_entry_gcs already registered for DAG: example_complex
[2023-03-08T00:09:59.712+0000] {logging_mixin.py:137} INFO - [2023-03-08T00:09:59.711+0000] {taskmixin.py:205} WARNING - Dependency <Task(BashOperator): create_tag>, delete_tag already registered for DAG: example_complex
[2023-03-08T00:09:59.717+0000] {logging_mixin.py:137} INFO - [2023-03-08T00:09:59.716+0000] {taskmixin.py:205} WARNING - Dependency <Task(BashOperator): delete_tag>, create_tag already registered for DAG: example_complex
[2023-03-08T00:09:59.745+0000] {processor.py:753} INFO - DAG(s) dict_keys(['example_complex']) retrieved from /home/airflow/.local/lib/python3.7/site-packages/airflow/example_dags/example_complex.py
[2023-03-08T00:09:59.894+0000] {logging_mixin.py:137} INFO - [2023-03-08T00:09:59.894+0000] {dag.py:2690} INFO - Sync 1 DAGs
[2023-03-08T00:09:59.986+0000] {logging_mixin.py:137} INFO - [2023-03-08T00:09:59.986+0000] {dag.py:3441} INFO - Setting next_dagrun for example_complex to None, run_after=None
[2023-03-08T00:10:00.052+0000] {processor.py:175} INFO - Processing /home/airflow/.local/lib/python3.7/site-packages/airflow/example_dags/example_complex.py took 0.448 seconds
[2023-03-08T00:10:30.285+0000] {processor.py:153} INFO - Started process (PID=3553) to work on /home/airflow/.local/lib/python3.7/site-packages/airflow/example_dags/example_complex.py
[2023-03-08T00:10:30.292+0000] {processor.py:743} INFO - Processing file /home/airflow/.local/lib/python3.7/site-packages/airflow/example_dags/example_complex.py for tasks to queue
[2023-03-08T00:10:30.297+0000] {logging_mixin.py:137} INFO - [2023-03-08T00:10:30.296+0000] {dagbag.py:538} INFO - Filling up the DagBag from /home/airflow/.local/lib/python3.7/site-packages/airflow/example_dags/example_complex.py
[2023-03-08T00:10:30.330+0000] {logging_mixin.py:137} INFO - [2023-03-08T00:10:30.330+0000] {taskmixin.py:205} WARNING - Dependency <Task(BashOperator): create_entry_group>, delete_entry_group already registered for DAG: example_complex
[2023-03-08T00:10:30.334+0000] {logging_mixin.py:137} INFO - [2023-03-08T00:10:30.333+0000] {taskmixin.py:205} WARNING - Dependency <Task(BashOperator): delete_entry_group>, create_entry_group already registered for DAG: example_complex
[2023-03-08T00:10:30.337+0000] {logging_mixin.py:137} INFO - [2023-03-08T00:10:30.337+0000] {taskmixin.py:205} WARNING - Dependency <Task(BashOperator): create_entry_gcs>, delete_entry already registered for DAG: example_complex
[2023-03-08T00:10:30.340+0000] {logging_mixin.py:137} INFO - [2023-03-08T00:10:30.339+0000] {taskmixin.py:205} WARNING - Dependency <Task(BashOperator): delete_entry>, create_entry_gcs already registered for DAG: example_complex
[2023-03-08T00:10:30.343+0000] {logging_mixin.py:137} INFO - [2023-03-08T00:10:30.343+0000] {taskmixin.py:205} WARNING - Dependency <Task(BashOperator): create_tag>, delete_tag already registered for DAG: example_complex
[2023-03-08T00:10:30.346+0000] {logging_mixin.py:137} INFO - [2023-03-08T00:10:30.345+0000] {taskmixin.py:205} WARNING - Dependency <Task(BashOperator): delete_tag>, create_tag already registered for DAG: example_complex
[2023-03-08T00:10:30.365+0000] {processor.py:753} INFO - DAG(s) dict_keys(['example_complex']) retrieved from /home/airflow/.local/lib/python3.7/site-packages/airflow/example_dags/example_complex.py
[2023-03-08T00:10:30.471+0000] {logging_mixin.py:137} INFO - [2023-03-08T00:10:30.471+0000] {dag.py:2690} INFO - Sync 1 DAGs
[2023-03-08T00:10:30.551+0000] {logging_mixin.py:137} INFO - [2023-03-08T00:10:30.550+0000] {dag.py:3441} INFO - Setting next_dagrun for example_complex to None, run_after=None
[2023-03-08T00:10:30.605+0000] {processor.py:175} INFO - Processing /home/airflow/.local/lib/python3.7/site-packages/airflow/example_dags/example_complex.py took 0.332 seconds
[2023-03-08T00:11:01.009+0000] {processor.py:153} INFO - Started process (PID=3624) to work on /home/airflow/.local/lib/python3.7/site-packages/airflow/example_dags/example_complex.py
[2023-03-08T00:11:01.015+0000] {processor.py:743} INFO - Processing file /home/airflow/.local/lib/python3.7/site-packages/airflow/example_dags/example_complex.py for tasks to queue
[2023-03-08T00:11:01.020+0000] {logging_mixin.py:137} INFO - [2023-03-08T00:11:01.020+0000] {dagbag.py:538} INFO - Filling up the DagBag from /home/airflow/.local/lib/python3.7/site-packages/airflow/example_dags/example_complex.py
[2023-03-08T00:11:01.061+0000] {logging_mixin.py:137} INFO - [2023-03-08T00:11:01.060+0000] {taskmixin.py:205} WARNING - Dependency <Task(BashOperator): create_entry_group>, delete_entry_group already registered for DAG: example_complex
[2023-03-08T00:11:01.065+0000] {logging_mixin.py:137} INFO - [2023-03-08T00:11:01.063+0000] {taskmixin.py:205} WARNING - Dependency <Task(BashOperator): delete_entry_group>, create_entry_group already registered for DAG: example_complex
[2023-03-08T00:11:01.068+0000] {logging_mixin.py:137} INFO - [2023-03-08T00:11:01.068+0000] {taskmixin.py:205} WARNING - Dependency <Task(BashOperator): create_entry_gcs>, delete_entry already registered for DAG: example_complex
[2023-03-08T00:11:01.070+0000] {logging_mixin.py:137} INFO - [2023-03-08T00:11:01.070+0000] {taskmixin.py:205} WARNING - Dependency <Task(BashOperator): delete_entry>, create_entry_gcs already registered for DAG: example_complex
[2023-03-08T00:11:01.074+0000] {logging_mixin.py:137} INFO - [2023-03-08T00:11:01.074+0000] {taskmixin.py:205} WARNING - Dependency <Task(BashOperator): create_tag>, delete_tag already registered for DAG: example_complex
[2023-03-08T00:11:01.078+0000] {logging_mixin.py:137} INFO - [2023-03-08T00:11:01.078+0000] {taskmixin.py:205} WARNING - Dependency <Task(BashOperator): delete_tag>, create_tag already registered for DAG: example_complex
[2023-03-08T00:11:01.101+0000] {processor.py:753} INFO - DAG(s) dict_keys(['example_complex']) retrieved from /home/airflow/.local/lib/python3.7/site-packages/airflow/example_dags/example_complex.py
[2023-03-08T00:11:01.198+0000] {logging_mixin.py:137} INFO - [2023-03-08T00:11:01.198+0000] {dag.py:2690} INFO - Sync 1 DAGs
[2023-03-08T00:11:01.304+0000] {logging_mixin.py:137} INFO - [2023-03-08T00:11:01.304+0000] {dag.py:3441} INFO - Setting next_dagrun for example_complex to None, run_after=None
[2023-03-08T00:11:01.406+0000] {processor.py:175} INFO - Processing /home/airflow/.local/lib/python3.7/site-packages/airflow/example_dags/example_complex.py took 0.407 seconds
[2023-03-08T00:11:31.518+0000] {processor.py:153} INFO - Started process (PID=3694) to work on /home/airflow/.local/lib/python3.7/site-packages/airflow/example_dags/example_complex.py
[2023-03-08T00:11:31.523+0000] {processor.py:743} INFO - Processing file /home/airflow/.local/lib/python3.7/site-packages/airflow/example_dags/example_complex.py for tasks to queue
[2023-03-08T00:11:31.529+0000] {logging_mixin.py:137} INFO - [2023-03-08T00:11:31.528+0000] {dagbag.py:538} INFO - Filling up the DagBag from /home/airflow/.local/lib/python3.7/site-packages/airflow/example_dags/example_complex.py
[2023-03-08T00:11:31.565+0000] {logging_mixin.py:137} INFO - [2023-03-08T00:11:31.564+0000] {taskmixin.py:205} WARNING - Dependency <Task(BashOperator): create_entry_group>, delete_entry_group already registered for DAG: example_complex
[2023-03-08T00:11:31.567+0000] {logging_mixin.py:137} INFO - [2023-03-08T00:11:31.567+0000] {taskmixin.py:205} WARNING - Dependency <Task(BashOperator): delete_entry_group>, create_entry_group already registered for DAG: example_complex
[2023-03-08T00:11:31.571+0000] {logging_mixin.py:137} INFO - [2023-03-08T00:11:31.570+0000] {taskmixin.py:205} WARNING - Dependency <Task(BashOperator): create_entry_gcs>, delete_entry already registered for DAG: example_complex
[2023-03-08T00:11:31.573+0000] {logging_mixin.py:137} INFO - [2023-03-08T00:11:31.573+0000] {taskmixin.py:205} WARNING - Dependency <Task(BashOperator): delete_entry>, create_entry_gcs already registered for DAG: example_complex
[2023-03-08T00:11:31.577+0000] {logging_mixin.py:137} INFO - [2023-03-08T00:11:31.577+0000] {taskmixin.py:205} WARNING - Dependency <Task(BashOperator): create_tag>, delete_tag already registered for DAG: example_complex
[2023-03-08T00:11:31.580+0000] {logging_mixin.py:137} INFO - [2023-03-08T00:11:31.579+0000] {taskmixin.py:205} WARNING - Dependency <Task(BashOperator): delete_tag>, create_tag already registered for DAG: example_complex
[2023-03-08T00:11:31.606+0000] {processor.py:753} INFO - DAG(s) dict_keys(['example_complex']) retrieved from /home/airflow/.local/lib/python3.7/site-packages/airflow/example_dags/example_complex.py
[2023-03-08T00:11:31.748+0000] {logging_mixin.py:137} INFO - [2023-03-08T00:11:31.748+0000] {dag.py:2690} INFO - Sync 1 DAGs
[2023-03-08T00:11:31.874+0000] {logging_mixin.py:137} INFO - [2023-03-08T00:11:31.874+0000] {dag.py:3441} INFO - Setting next_dagrun for example_complex to None, run_after=None
[2023-03-08T00:11:31.957+0000] {processor.py:175} INFO - Processing /home/airflow/.local/lib/python3.7/site-packages/airflow/example_dags/example_complex.py took 0.450 seconds
[2023-03-08T00:12:02.705+0000] {processor.py:153} INFO - Started process (PID=3765) to work on /home/airflow/.local/lib/python3.7/site-packages/airflow/example_dags/example_complex.py
[2023-03-08T00:12:02.718+0000] {processor.py:743} INFO - Processing file /home/airflow/.local/lib/python3.7/site-packages/airflow/example_dags/example_complex.py for tasks to queue
[2023-03-08T00:12:02.729+0000] {logging_mixin.py:137} INFO - [2023-03-08T00:12:02.728+0000] {dagbag.py:538} INFO - Filling up the DagBag from /home/airflow/.local/lib/python3.7/site-packages/airflow/example_dags/example_complex.py
[2023-03-08T00:12:02.802+0000] {logging_mixin.py:137} INFO - [2023-03-08T00:12:02.801+0000] {taskmixin.py:205} WARNING - Dependency <Task(BashOperator): create_entry_group>, delete_entry_group already registered for DAG: example_complex
[2023-03-08T00:12:02.806+0000] {logging_mixin.py:137} INFO - [2023-03-08T00:12:02.805+0000] {taskmixin.py:205} WARNING - Dependency <Task(BashOperator): delete_entry_group>, create_entry_group already registered for DAG: example_complex
[2023-03-08T00:12:02.808+0000] {logging_mixin.py:137} INFO - [2023-03-08T00:12:02.807+0000] {taskmixin.py:205} WARNING - Dependency <Task(BashOperator): create_entry_gcs>, delete_entry already registered for DAG: example_complex
[2023-03-08T00:12:02.811+0000] {logging_mixin.py:137} INFO - [2023-03-08T00:12:02.811+0000] {taskmixin.py:205} WARNING - Dependency <Task(BashOperator): delete_entry>, create_entry_gcs already registered for DAG: example_complex
[2023-03-08T00:12:02.814+0000] {logging_mixin.py:137} INFO - [2023-03-08T00:12:02.814+0000] {taskmixin.py:205} WARNING - Dependency <Task(BashOperator): create_tag>, delete_tag already registered for DAG: example_complex
[2023-03-08T00:12:02.816+0000] {logging_mixin.py:137} INFO - [2023-03-08T00:12:02.815+0000] {taskmixin.py:205} WARNING - Dependency <Task(BashOperator): delete_tag>, create_tag already registered for DAG: example_complex
[2023-03-08T00:12:02.836+0000] {processor.py:753} INFO - DAG(s) dict_keys(['example_complex']) retrieved from /home/airflow/.local/lib/python3.7/site-packages/airflow/example_dags/example_complex.py
[2023-03-08T00:12:02.906+0000] {logging_mixin.py:137} INFO - [2023-03-08T00:12:02.906+0000] {dag.py:2690} INFO - Sync 1 DAGs
[2023-03-08T00:12:02.960+0000] {logging_mixin.py:137} INFO - [2023-03-08T00:12:02.959+0000] {dag.py:3441} INFO - Setting next_dagrun for example_complex to None, run_after=None
[2023-03-08T00:12:03.000+0000] {processor.py:175} INFO - Processing /home/airflow/.local/lib/python3.7/site-packages/airflow/example_dags/example_complex.py took 0.316 seconds
[2023-03-08T00:12:33.248+0000] {processor.py:153} INFO - Started process (PID=3836) to work on /home/airflow/.local/lib/python3.7/site-packages/airflow/example_dags/example_complex.py
[2023-03-08T00:12:33.254+0000] {processor.py:743} INFO - Processing file /home/airflow/.local/lib/python3.7/site-packages/airflow/example_dags/example_complex.py for tasks to queue
[2023-03-08T00:12:33.260+0000] {logging_mixin.py:137} INFO - [2023-03-08T00:12:33.259+0000] {dagbag.py:538} INFO - Filling up the DagBag from /home/airflow/.local/lib/python3.7/site-packages/airflow/example_dags/example_complex.py
[2023-03-08T00:12:33.291+0000] {logging_mixin.py:137} INFO - [2023-03-08T00:12:33.290+0000] {taskmixin.py:205} WARNING - Dependency <Task(BashOperator): create_entry_group>, delete_entry_group already registered for DAG: example_complex
[2023-03-08T00:12:33.296+0000] {logging_mixin.py:137} INFO - [2023-03-08T00:12:33.295+0000] {taskmixin.py:205} WARNING - Dependency <Task(BashOperator): delete_entry_group>, create_entry_group already registered for DAG: example_complex
[2023-03-08T00:12:33.300+0000] {logging_mixin.py:137} INFO - [2023-03-08T00:12:33.299+0000] {taskmixin.py:205} WARNING - Dependency <Task(BashOperator): create_entry_gcs>, delete_entry already registered for DAG: example_complex
[2023-03-08T00:12:33.302+0000] {logging_mixin.py:137} INFO - [2023-03-08T00:12:33.302+0000] {taskmixin.py:205} WARNING - Dependency <Task(BashOperator): delete_entry>, create_entry_gcs already registered for DAG: example_complex
[2023-03-08T00:12:33.305+0000] {logging_mixin.py:137} INFO - [2023-03-08T00:12:33.305+0000] {taskmixin.py:205} WARNING - Dependency <Task(BashOperator): create_tag>, delete_tag already registered for DAG: example_complex
[2023-03-08T00:12:33.307+0000] {logging_mixin.py:137} INFO - [2023-03-08T00:12:33.307+0000] {taskmixin.py:205} WARNING - Dependency <Task(BashOperator): delete_tag>, create_tag already registered for DAG: example_complex
[2023-03-08T00:12:33.327+0000] {processor.py:753} INFO - DAG(s) dict_keys(['example_complex']) retrieved from /home/airflow/.local/lib/python3.7/site-packages/airflow/example_dags/example_complex.py
[2023-03-08T00:12:33.401+0000] {logging_mixin.py:137} INFO - [2023-03-08T00:12:33.401+0000] {dag.py:2690} INFO - Sync 1 DAGs
[2023-03-08T00:12:33.464+0000] {logging_mixin.py:137} INFO - [2023-03-08T00:12:33.463+0000] {dag.py:3441} INFO - Setting next_dagrun for example_complex to None, run_after=None
[2023-03-08T00:12:33.509+0000] {processor.py:175} INFO - Processing /home/airflow/.local/lib/python3.7/site-packages/airflow/example_dags/example_complex.py took 0.280 seconds
