[2023-03-08T00:00:19.660+0000] {processor.py:153} INFO - Started process (PID=2280) to work on /home/airflow/.local/lib/python3.7/site-packages/airflow/example_dags/example_sensors.py
[2023-03-08T00:00:19.673+0000] {processor.py:743} INFO - Processing file /home/airflow/.local/lib/python3.7/site-packages/airflow/example_dags/example_sensors.py for tasks to queue
[2023-03-08T00:00:19.681+0000] {logging_mixin.py:137} INFO - [2023-03-08T00:00:19.680+0000] {dagbag.py:538} INFO - Filling up the DagBag from /home/airflow/.local/lib/python3.7/site-packages/airflow/example_dags/example_sensors.py
[2023-03-08T00:00:19.769+0000] {processor.py:753} INFO - DAG(s) dict_keys(['example_sensors']) retrieved from /home/airflow/.local/lib/python3.7/site-packages/airflow/example_dags/example_sensors.py
[2023-03-08T00:00:19.950+0000] {logging_mixin.py:137} INFO - [2023-03-08T00:00:19.949+0000] {dag.py:2690} INFO - Sync 1 DAGs
[2023-03-08T00:00:20.083+0000] {logging_mixin.py:137} INFO - [2023-03-08T00:00:20.083+0000] {dag.py:3441} INFO - Setting next_dagrun for example_sensors to None, run_after=None
[2023-03-08T00:00:20.168+0000] {processor.py:175} INFO - Processing /home/airflow/.local/lib/python3.7/site-packages/airflow/example_dags/example_sensors.py took 0.525 seconds
[2023-03-08T00:00:50.823+0000] {processor.py:153} INFO - Started process (PID=2340) to work on /home/airflow/.local/lib/python3.7/site-packages/airflow/example_dags/example_sensors.py
[2023-03-08T00:00:50.833+0000] {processor.py:743} INFO - Processing file /home/airflow/.local/lib/python3.7/site-packages/airflow/example_dags/example_sensors.py for tasks to queue
[2023-03-08T00:00:50.839+0000] {logging_mixin.py:137} INFO - [2023-03-08T00:00:50.839+0000] {dagbag.py:538} INFO - Filling up the DagBag from /home/airflow/.local/lib/python3.7/site-packages/airflow/example_dags/example_sensors.py
[2023-03-08T00:00:50.949+0000] {processor.py:753} INFO - DAG(s) dict_keys(['example_sensors']) retrieved from /home/airflow/.local/lib/python3.7/site-packages/airflow/example_dags/example_sensors.py
[2023-03-08T00:00:51.229+0000] {logging_mixin.py:137} INFO - [2023-03-08T00:00:51.228+0000] {dag.py:2690} INFO - Sync 1 DAGs
[2023-03-08T00:00:51.359+0000] {logging_mixin.py:137} INFO - [2023-03-08T00:00:51.359+0000] {dag.py:3441} INFO - Setting next_dagrun for example_sensors to None, run_after=None
[2023-03-08T00:00:51.424+0000] {processor.py:175} INFO - Processing /home/airflow/.local/lib/python3.7/site-packages/airflow/example_dags/example_sensors.py took 0.620 seconds
[2023-03-08T00:01:22.186+0000] {processor.py:153} INFO - Started process (PID=2411) to work on /home/airflow/.local/lib/python3.7/site-packages/airflow/example_dags/example_sensors.py
[2023-03-08T00:01:22.207+0000] {processor.py:743} INFO - Processing file /home/airflow/.local/lib/python3.7/site-packages/airflow/example_dags/example_sensors.py for tasks to queue
[2023-03-08T00:01:22.212+0000] {logging_mixin.py:137} INFO - [2023-03-08T00:01:22.211+0000] {dagbag.py:538} INFO - Filling up the DagBag from /home/airflow/.local/lib/python3.7/site-packages/airflow/example_dags/example_sensors.py
[2023-03-08T00:01:22.432+0000] {processor.py:753} INFO - DAG(s) dict_keys(['example_sensors']) retrieved from /home/airflow/.local/lib/python3.7/site-packages/airflow/example_dags/example_sensors.py
[2023-03-08T00:01:22.719+0000] {logging_mixin.py:137} INFO - [2023-03-08T00:01:22.719+0000] {dag.py:2690} INFO - Sync 1 DAGs
[2023-03-08T00:01:22.903+0000] {logging_mixin.py:137} INFO - [2023-03-08T00:01:22.903+0000] {dag.py:3441} INFO - Setting next_dagrun for example_sensors to None, run_after=None
[2023-03-08T00:01:23.059+0000] {processor.py:175} INFO - Processing /home/airflow/.local/lib/python3.7/site-packages/airflow/example_dags/example_sensors.py took 0.941 seconds
[2023-03-08T00:01:59.070+0000] {processor.py:153} INFO - Started process (PID=2479) to work on /home/airflow/.local/lib/python3.7/site-packages/airflow/example_dags/example_sensors.py
[2023-03-08T00:01:59.082+0000] {processor.py:743} INFO - Processing file /home/airflow/.local/lib/python3.7/site-packages/airflow/example_dags/example_sensors.py for tasks to queue
[2023-03-08T00:01:59.095+0000] {logging_mixin.py:137} INFO - [2023-03-08T00:01:59.094+0000] {dagbag.py:538} INFO - Filling up the DagBag from /home/airflow/.local/lib/python3.7/site-packages/airflow/example_dags/example_sensors.py
[2023-03-08T00:01:59.324+0000] {processor.py:753} INFO - DAG(s) dict_keys(['example_sensors']) retrieved from /home/airflow/.local/lib/python3.7/site-packages/airflow/example_dags/example_sensors.py
[2023-03-08T00:01:59.490+0000] {logging_mixin.py:137} INFO - [2023-03-08T00:01:59.489+0000] {dag.py:2690} INFO - Sync 1 DAGs
[2023-03-08T00:01:59.639+0000] {logging_mixin.py:137} INFO - [2023-03-08T00:01:59.638+0000] {dag.py:3441} INFO - Setting next_dagrun for example_sensors to None, run_after=None
[2023-03-08T00:01:59.756+0000] {processor.py:175} INFO - Processing /home/airflow/.local/lib/python3.7/site-packages/airflow/example_dags/example_sensors.py took 0.736 seconds
[2023-03-08T00:02:34.951+0000] {processor.py:153} INFO - Started process (PID=2546) to work on /home/airflow/.local/lib/python3.7/site-packages/airflow/example_dags/example_sensors.py
[2023-03-08T00:02:34.956+0000] {processor.py:743} INFO - Processing file /home/airflow/.local/lib/python3.7/site-packages/airflow/example_dags/example_sensors.py for tasks to queue
[2023-03-08T00:02:34.971+0000] {logging_mixin.py:137} INFO - [2023-03-08T00:02:34.970+0000] {dagbag.py:538} INFO - Filling up the DagBag from /home/airflow/.local/lib/python3.7/site-packages/airflow/example_dags/example_sensors.py
[2023-03-08T00:02:35.380+0000] {processor.py:753} INFO - DAG(s) dict_keys(['example_sensors']) retrieved from /home/airflow/.local/lib/python3.7/site-packages/airflow/example_dags/example_sensors.py
[2023-03-08T00:02:35.564+0000] {logging_mixin.py:137} INFO - [2023-03-08T00:02:35.563+0000] {dag.py:2690} INFO - Sync 1 DAGs
[2023-03-08T00:02:36.003+0000] {logging_mixin.py:137} INFO - [2023-03-08T00:02:36.002+0000] {dag.py:3441} INFO - Setting next_dagrun for example_sensors to None, run_after=None
[2023-03-08T00:02:36.227+0000] {processor.py:175} INFO - Processing /home/airflow/.local/lib/python3.7/site-packages/airflow/example_dags/example_sensors.py took 1.300 seconds
[2023-03-08T00:03:07.665+0000] {processor.py:153} INFO - Started process (PID=2605) to work on /home/airflow/.local/lib/python3.7/site-packages/airflow/example_dags/example_sensors.py
[2023-03-08T00:03:07.673+0000] {processor.py:743} INFO - Processing file /home/airflow/.local/lib/python3.7/site-packages/airflow/example_dags/example_sensors.py for tasks to queue
[2023-03-08T00:03:07.686+0000] {logging_mixin.py:137} INFO - [2023-03-08T00:03:07.685+0000] {dagbag.py:538} INFO - Filling up the DagBag from /home/airflow/.local/lib/python3.7/site-packages/airflow/example_dags/example_sensors.py
[2023-03-08T00:03:07.769+0000] {processor.py:753} INFO - DAG(s) dict_keys(['example_sensors']) retrieved from /home/airflow/.local/lib/python3.7/site-packages/airflow/example_dags/example_sensors.py
[2023-03-08T00:03:07.888+0000] {logging_mixin.py:137} INFO - [2023-03-08T00:03:07.888+0000] {dag.py:2690} INFO - Sync 1 DAGs
[2023-03-08T00:03:08.033+0000] {logging_mixin.py:137} INFO - [2023-03-08T00:03:08.033+0000] {dag.py:3441} INFO - Setting next_dagrun for example_sensors to None, run_after=None
[2023-03-08T00:03:08.104+0000] {processor.py:175} INFO - Processing /home/airflow/.local/lib/python3.7/site-packages/airflow/example_dags/example_sensors.py took 0.476 seconds
[2023-03-08T00:03:38.952+0000] {processor.py:153} INFO - Started process (PID=2675) to work on /home/airflow/.local/lib/python3.7/site-packages/airflow/example_dags/example_sensors.py
[2023-03-08T00:03:38.984+0000] {processor.py:743} INFO - Processing file /home/airflow/.local/lib/python3.7/site-packages/airflow/example_dags/example_sensors.py for tasks to queue
[2023-03-08T00:03:38.995+0000] {logging_mixin.py:137} INFO - [2023-03-08T00:03:38.992+0000] {dagbag.py:538} INFO - Filling up the DagBag from /home/airflow/.local/lib/python3.7/site-packages/airflow/example_dags/example_sensors.py
[2023-03-08T00:03:39.080+0000] {processor.py:753} INFO - DAG(s) dict_keys(['example_sensors']) retrieved from /home/airflow/.local/lib/python3.7/site-packages/airflow/example_dags/example_sensors.py
[2023-03-08T00:03:39.350+0000] {logging_mixin.py:137} INFO - [2023-03-08T00:03:39.349+0000] {dag.py:2690} INFO - Sync 1 DAGs
[2023-03-08T00:03:39.509+0000] {logging_mixin.py:137} INFO - [2023-03-08T00:03:39.509+0000] {dag.py:3441} INFO - Setting next_dagrun for example_sensors to None, run_after=None
[2023-03-08T00:03:39.612+0000] {processor.py:175} INFO - Processing /home/airflow/.local/lib/python3.7/site-packages/airflow/example_dags/example_sensors.py took 0.692 seconds
[2023-03-08T00:04:10.035+0000] {processor.py:153} INFO - Started process (PID=2744) to work on /home/airflow/.local/lib/python3.7/site-packages/airflow/example_dags/example_sensors.py
[2023-03-08T00:04:10.040+0000] {processor.py:743} INFO - Processing file /home/airflow/.local/lib/python3.7/site-packages/airflow/example_dags/example_sensors.py for tasks to queue
[2023-03-08T00:04:10.046+0000] {logging_mixin.py:137} INFO - [2023-03-08T00:04:10.045+0000] {dagbag.py:538} INFO - Filling up the DagBag from /home/airflow/.local/lib/python3.7/site-packages/airflow/example_dags/example_sensors.py
[2023-03-08T00:04:10.109+0000] {processor.py:753} INFO - DAG(s) dict_keys(['example_sensors']) retrieved from /home/airflow/.local/lib/python3.7/site-packages/airflow/example_dags/example_sensors.py
[2023-03-08T00:04:10.192+0000] {logging_mixin.py:137} INFO - [2023-03-08T00:04:10.192+0000] {dag.py:2690} INFO - Sync 1 DAGs
[2023-03-08T00:04:10.254+0000] {logging_mixin.py:137} INFO - [2023-03-08T00:04:10.254+0000] {dag.py:3441} INFO - Setting next_dagrun for example_sensors to None, run_after=None
[2023-03-08T00:04:10.308+0000] {processor.py:175} INFO - Processing /home/airflow/.local/lib/python3.7/site-packages/airflow/example_dags/example_sensors.py took 0.286 seconds
[2023-03-08T00:04:40.617+0000] {processor.py:153} INFO - Started process (PID=2814) to work on /home/airflow/.local/lib/python3.7/site-packages/airflow/example_dags/example_sensors.py
[2023-03-08T00:04:40.623+0000] {processor.py:743} INFO - Processing file /home/airflow/.local/lib/python3.7/site-packages/airflow/example_dags/example_sensors.py for tasks to queue
[2023-03-08T00:04:40.627+0000] {logging_mixin.py:137} INFO - [2023-03-08T00:04:40.627+0000] {dagbag.py:538} INFO - Filling up the DagBag from /home/airflow/.local/lib/python3.7/site-packages/airflow/example_dags/example_sensors.py
[2023-03-08T00:04:40.677+0000] {processor.py:753} INFO - DAG(s) dict_keys(['example_sensors']) retrieved from /home/airflow/.local/lib/python3.7/site-packages/airflow/example_dags/example_sensors.py
[2023-03-08T00:04:40.756+0000] {logging_mixin.py:137} INFO - [2023-03-08T00:04:40.755+0000] {dag.py:2690} INFO - Sync 1 DAGs
[2023-03-08T00:04:40.832+0000] {logging_mixin.py:137} INFO - [2023-03-08T00:04:40.832+0000] {dag.py:3441} INFO - Setting next_dagrun for example_sensors to None, run_after=None
[2023-03-08T00:04:40.884+0000] {processor.py:175} INFO - Processing /home/airflow/.local/lib/python3.7/site-packages/airflow/example_dags/example_sensors.py took 0.287 seconds
[2023-03-08T00:05:11.237+0000] {processor.py:153} INFO - Started process (PID=2884) to work on /home/airflow/.local/lib/python3.7/site-packages/airflow/example_dags/example_sensors.py
[2023-03-08T00:05:11.248+0000] {processor.py:743} INFO - Processing file /home/airflow/.local/lib/python3.7/site-packages/airflow/example_dags/example_sensors.py for tasks to queue
[2023-03-08T00:05:11.252+0000] {logging_mixin.py:137} INFO - [2023-03-08T00:05:11.252+0000] {dagbag.py:538} INFO - Filling up the DagBag from /home/airflow/.local/lib/python3.7/site-packages/airflow/example_dags/example_sensors.py
[2023-03-08T00:05:11.303+0000] {processor.py:753} INFO - DAG(s) dict_keys(['example_sensors']) retrieved from /home/airflow/.local/lib/python3.7/site-packages/airflow/example_dags/example_sensors.py
[2023-03-08T00:05:11.379+0000] {logging_mixin.py:137} INFO - [2023-03-08T00:05:11.379+0000] {dag.py:2690} INFO - Sync 1 DAGs
[2023-03-08T00:05:11.486+0000] {logging_mixin.py:137} INFO - [2023-03-08T00:05:11.486+0000] {dag.py:3441} INFO - Setting next_dagrun for example_sensors to None, run_after=None
[2023-03-08T00:05:11.561+0000] {processor.py:175} INFO - Processing /home/airflow/.local/lib/python3.7/site-packages/airflow/example_dags/example_sensors.py took 0.334 seconds
[2023-03-08T00:05:41.726+0000] {processor.py:153} INFO - Started process (PID=2955) to work on /home/airflow/.local/lib/python3.7/site-packages/airflow/example_dags/example_sensors.py
[2023-03-08T00:05:41.732+0000] {processor.py:743} INFO - Processing file /home/airflow/.local/lib/python3.7/site-packages/airflow/example_dags/example_sensors.py for tasks to queue
[2023-03-08T00:05:41.736+0000] {logging_mixin.py:137} INFO - [2023-03-08T00:05:41.735+0000] {dagbag.py:538} INFO - Filling up the DagBag from /home/airflow/.local/lib/python3.7/site-packages/airflow/example_dags/example_sensors.py
[2023-03-08T00:05:41.782+0000] {processor.py:753} INFO - DAG(s) dict_keys(['example_sensors']) retrieved from /home/airflow/.local/lib/python3.7/site-packages/airflow/example_dags/example_sensors.py
[2023-03-08T00:05:41.861+0000] {logging_mixin.py:137} INFO - [2023-03-08T00:05:41.861+0000] {dag.py:2690} INFO - Sync 1 DAGs
[2023-03-08T00:05:41.920+0000] {logging_mixin.py:137} INFO - [2023-03-08T00:05:41.920+0000] {dag.py:3441} INFO - Setting next_dagrun for example_sensors to None, run_after=None
[2023-03-08T00:05:41.966+0000] {processor.py:175} INFO - Processing /home/airflow/.local/lib/python3.7/site-packages/airflow/example_dags/example_sensors.py took 0.250 seconds
[2023-03-08T00:06:12.755+0000] {processor.py:153} INFO - Started process (PID=3026) to work on /home/airflow/.local/lib/python3.7/site-packages/airflow/example_dags/example_sensors.py
[2023-03-08T00:06:12.762+0000] {processor.py:743} INFO - Processing file /home/airflow/.local/lib/python3.7/site-packages/airflow/example_dags/example_sensors.py for tasks to queue
[2023-03-08T00:06:12.765+0000] {logging_mixin.py:137} INFO - [2023-03-08T00:06:12.765+0000] {dagbag.py:538} INFO - Filling up the DagBag from /home/airflow/.local/lib/python3.7/site-packages/airflow/example_dags/example_sensors.py
[2023-03-08T00:06:12.814+0000] {processor.py:753} INFO - DAG(s) dict_keys(['example_sensors']) retrieved from /home/airflow/.local/lib/python3.7/site-packages/airflow/example_dags/example_sensors.py
[2023-03-08T00:06:12.879+0000] {logging_mixin.py:137} INFO - [2023-03-08T00:06:12.879+0000] {dag.py:2690} INFO - Sync 1 DAGs
[2023-03-08T00:06:12.937+0000] {logging_mixin.py:137} INFO - [2023-03-08T00:06:12.937+0000] {dag.py:3441} INFO - Setting next_dagrun for example_sensors to None, run_after=None
[2023-03-08T00:06:12.983+0000] {processor.py:175} INFO - Processing /home/airflow/.local/lib/python3.7/site-packages/airflow/example_dags/example_sensors.py took 0.238 seconds
[2023-03-08T00:06:43.198+0000] {processor.py:153} INFO - Started process (PID=3097) to work on /home/airflow/.local/lib/python3.7/site-packages/airflow/example_dags/example_sensors.py
[2023-03-08T00:06:43.201+0000] {processor.py:743} INFO - Processing file /home/airflow/.local/lib/python3.7/site-packages/airflow/example_dags/example_sensors.py for tasks to queue
[2023-03-08T00:06:43.206+0000] {logging_mixin.py:137} INFO - [2023-03-08T00:06:43.205+0000] {dagbag.py:538} INFO - Filling up the DagBag from /home/airflow/.local/lib/python3.7/site-packages/airflow/example_dags/example_sensors.py
[2023-03-08T00:06:43.265+0000] {processor.py:753} INFO - DAG(s) dict_keys(['example_sensors']) retrieved from /home/airflow/.local/lib/python3.7/site-packages/airflow/example_dags/example_sensors.py
[2023-03-08T00:06:43.353+0000] {logging_mixin.py:137} INFO - [2023-03-08T00:06:43.353+0000] {dag.py:2690} INFO - Sync 1 DAGs
[2023-03-08T00:06:43.432+0000] {logging_mixin.py:137} INFO - [2023-03-08T00:06:43.432+0000] {dag.py:3441} INFO - Setting next_dagrun for example_sensors to None, run_after=None
[2023-03-08T00:06:43.478+0000] {processor.py:175} INFO - Processing /home/airflow/.local/lib/python3.7/site-packages/airflow/example_dags/example_sensors.py took 0.287 seconds
[2023-03-08T00:07:17.028+0000] {processor.py:153} INFO - Started process (PID=3167) to work on /home/airflow/.local/lib/python3.7/site-packages/airflow/example_dags/example_sensors.py
[2023-03-08T00:07:17.042+0000] {processor.py:743} INFO - Processing file /home/airflow/.local/lib/python3.7/site-packages/airflow/example_dags/example_sensors.py for tasks to queue
[2023-03-08T00:07:17.058+0000] {logging_mixin.py:137} INFO - [2023-03-08T00:07:17.055+0000] {dagbag.py:538} INFO - Filling up the DagBag from /home/airflow/.local/lib/python3.7/site-packages/airflow/example_dags/example_sensors.py
[2023-03-08T00:07:17.227+0000] {processor.py:753} INFO - DAG(s) dict_keys(['example_sensors']) retrieved from /home/airflow/.local/lib/python3.7/site-packages/airflow/example_dags/example_sensors.py
[2023-03-08T00:07:17.618+0000] {logging_mixin.py:137} INFO - [2023-03-08T00:07:17.615+0000] {dag.py:2690} INFO - Sync 1 DAGs
[2023-03-08T00:07:17.946+0000] {logging_mixin.py:137} INFO - [2023-03-08T00:07:17.946+0000] {dag.py:3441} INFO - Setting next_dagrun for example_sensors to None, run_after=None
[2023-03-08T00:07:18.011+0000] {processor.py:175} INFO - Processing /home/airflow/.local/lib/python3.7/site-packages/airflow/example_dags/example_sensors.py took 1.007 seconds
[2023-03-08T00:07:51.604+0000] {processor.py:153} INFO - Started process (PID=3242) to work on /home/airflow/.local/lib/python3.7/site-packages/airflow/example_dags/example_sensors.py
[2023-03-08T00:07:51.629+0000] {processor.py:743} INFO - Processing file /home/airflow/.local/lib/python3.7/site-packages/airflow/example_dags/example_sensors.py for tasks to queue
[2023-03-08T00:07:51.634+0000] {logging_mixin.py:137} INFO - [2023-03-08T00:07:51.633+0000] {dagbag.py:538} INFO - Filling up the DagBag from /home/airflow/.local/lib/python3.7/site-packages/airflow/example_dags/example_sensors.py
[2023-03-08T00:07:51.725+0000] {processor.py:753} INFO - DAG(s) dict_keys(['example_sensors']) retrieved from /home/airflow/.local/lib/python3.7/site-packages/airflow/example_dags/example_sensors.py
[2023-03-08T00:07:51.847+0000] {logging_mixin.py:137} INFO - [2023-03-08T00:07:51.846+0000] {dag.py:2690} INFO - Sync 1 DAGs
[2023-03-08T00:07:51.972+0000] {logging_mixin.py:137} INFO - [2023-03-08T00:07:51.971+0000] {dag.py:3441} INFO - Setting next_dagrun for example_sensors to None, run_after=None
[2023-03-08T00:07:52.049+0000] {processor.py:175} INFO - Processing /home/airflow/.local/lib/python3.7/site-packages/airflow/example_dags/example_sensors.py took 0.461 seconds
[2023-03-08T00:08:22.566+0000] {processor.py:153} INFO - Started process (PID=3297) to work on /home/airflow/.local/lib/python3.7/site-packages/airflow/example_dags/example_sensors.py
[2023-03-08T00:08:22.575+0000] {processor.py:743} INFO - Processing file /home/airflow/.local/lib/python3.7/site-packages/airflow/example_dags/example_sensors.py for tasks to queue
[2023-03-08T00:08:22.581+0000] {logging_mixin.py:137} INFO - [2023-03-08T00:08:22.580+0000] {dagbag.py:538} INFO - Filling up the DagBag from /home/airflow/.local/lib/python3.7/site-packages/airflow/example_dags/example_sensors.py
[2023-03-08T00:08:22.672+0000] {processor.py:753} INFO - DAG(s) dict_keys(['example_sensors']) retrieved from /home/airflow/.local/lib/python3.7/site-packages/airflow/example_dags/example_sensors.py
[2023-03-08T00:08:22.771+0000] {logging_mixin.py:137} INFO - [2023-03-08T00:08:22.770+0000] {dag.py:2690} INFO - Sync 1 DAGs
[2023-03-08T00:08:22.898+0000] {logging_mixin.py:137} INFO - [2023-03-08T00:08:22.898+0000] {dag.py:3441} INFO - Setting next_dagrun for example_sensors to None, run_after=None
[2023-03-08T00:08:23.021+0000] {processor.py:175} INFO - Processing /home/airflow/.local/lib/python3.7/site-packages/airflow/example_dags/example_sensors.py took 0.473 seconds
[2023-03-08T00:08:54.648+0000] {processor.py:153} INFO - Started process (PID=3362) to work on /home/airflow/.local/lib/python3.7/site-packages/airflow/example_dags/example_sensors.py
[2023-03-08T00:08:54.658+0000] {processor.py:743} INFO - Processing file /home/airflow/.local/lib/python3.7/site-packages/airflow/example_dags/example_sensors.py for tasks to queue
[2023-03-08T00:08:54.664+0000] {logging_mixin.py:137} INFO - [2023-03-08T00:08:54.663+0000] {dagbag.py:538} INFO - Filling up the DagBag from /home/airflow/.local/lib/python3.7/site-packages/airflow/example_dags/example_sensors.py
[2023-03-08T00:08:54.781+0000] {processor.py:753} INFO - DAG(s) dict_keys(['example_sensors']) retrieved from /home/airflow/.local/lib/python3.7/site-packages/airflow/example_dags/example_sensors.py
[2023-03-08T00:08:54.967+0000] {logging_mixin.py:137} INFO - [2023-03-08T00:08:54.966+0000] {dag.py:2690} INFO - Sync 1 DAGs
[2023-03-08T00:08:55.114+0000] {logging_mixin.py:137} INFO - [2023-03-08T00:08:55.113+0000] {dag.py:3441} INFO - Setting next_dagrun for example_sensors to None, run_after=None
[2023-03-08T00:08:55.373+0000] {processor.py:175} INFO - Processing /home/airflow/.local/lib/python3.7/site-packages/airflow/example_dags/example_sensors.py took 0.747 seconds
[2023-03-08T00:09:30.214+0000] {processor.py:153} INFO - Started process (PID=3428) to work on /home/airflow/.local/lib/python3.7/site-packages/airflow/example_dags/example_sensors.py
[2023-03-08T00:09:30.221+0000] {processor.py:743} INFO - Processing file /home/airflow/.local/lib/python3.7/site-packages/airflow/example_dags/example_sensors.py for tasks to queue
[2023-03-08T00:09:30.227+0000] {logging_mixin.py:137} INFO - [2023-03-08T00:09:30.226+0000] {dagbag.py:538} INFO - Filling up the DagBag from /home/airflow/.local/lib/python3.7/site-packages/airflow/example_dags/example_sensors.py
[2023-03-08T00:09:30.294+0000] {processor.py:753} INFO - DAG(s) dict_keys(['example_sensors']) retrieved from /home/airflow/.local/lib/python3.7/site-packages/airflow/example_dags/example_sensors.py
[2023-03-08T00:09:30.421+0000] {logging_mixin.py:137} INFO - [2023-03-08T00:09:30.420+0000] {dag.py:2690} INFO - Sync 1 DAGs
[2023-03-08T00:09:30.542+0000] {logging_mixin.py:137} INFO - [2023-03-08T00:09:30.542+0000] {dag.py:3441} INFO - Setting next_dagrun for example_sensors to None, run_after=None
[2023-03-08T00:09:30.665+0000] {processor.py:175} INFO - Processing /home/airflow/.local/lib/python3.7/site-packages/airflow/example_dags/example_sensors.py took 0.462 seconds
[2023-03-08T00:10:01.296+0000] {processor.py:153} INFO - Started process (PID=3488) to work on /home/airflow/.local/lib/python3.7/site-packages/airflow/example_dags/example_sensors.py
[2023-03-08T00:10:01.306+0000] {processor.py:743} INFO - Processing file /home/airflow/.local/lib/python3.7/site-packages/airflow/example_dags/example_sensors.py for tasks to queue
[2023-03-08T00:10:01.311+0000] {logging_mixin.py:137} INFO - [2023-03-08T00:10:01.310+0000] {dagbag.py:538} INFO - Filling up the DagBag from /home/airflow/.local/lib/python3.7/site-packages/airflow/example_dags/example_sensors.py
[2023-03-08T00:10:01.395+0000] {processor.py:753} INFO - DAG(s) dict_keys(['example_sensors']) retrieved from /home/airflow/.local/lib/python3.7/site-packages/airflow/example_dags/example_sensors.py
[2023-03-08T00:10:01.595+0000] {logging_mixin.py:137} INFO - [2023-03-08T00:10:01.595+0000] {dag.py:2690} INFO - Sync 1 DAGs
[2023-03-08T00:10:01.738+0000] {logging_mixin.py:137} INFO - [2023-03-08T00:10:01.738+0000] {dag.py:3441} INFO - Setting next_dagrun for example_sensors to None, run_after=None
[2023-03-08T00:10:01.857+0000] {processor.py:175} INFO - Processing /home/airflow/.local/lib/python3.7/site-packages/airflow/example_dags/example_sensors.py took 0.576 seconds
[2023-03-08T00:10:32.087+0000] {processor.py:153} INFO - Started process (PID=3556) to work on /home/airflow/.local/lib/python3.7/site-packages/airflow/example_dags/example_sensors.py
[2023-03-08T00:10:32.094+0000] {processor.py:743} INFO - Processing file /home/airflow/.local/lib/python3.7/site-packages/airflow/example_dags/example_sensors.py for tasks to queue
[2023-03-08T00:10:32.098+0000] {logging_mixin.py:137} INFO - [2023-03-08T00:10:32.097+0000] {dagbag.py:538} INFO - Filling up the DagBag from /home/airflow/.local/lib/python3.7/site-packages/airflow/example_dags/example_sensors.py
[2023-03-08T00:10:32.163+0000] {processor.py:753} INFO - DAG(s) dict_keys(['example_sensors']) retrieved from /home/airflow/.local/lib/python3.7/site-packages/airflow/example_dags/example_sensors.py
[2023-03-08T00:10:32.257+0000] {logging_mixin.py:137} INFO - [2023-03-08T00:10:32.257+0000] {dag.py:2690} INFO - Sync 1 DAGs
[2023-03-08T00:10:32.343+0000] {logging_mixin.py:137} INFO - [2023-03-08T00:10:32.343+0000] {dag.py:3441} INFO - Setting next_dagrun for example_sensors to None, run_after=None
[2023-03-08T00:10:32.397+0000] {processor.py:175} INFO - Processing /home/airflow/.local/lib/python3.7/site-packages/airflow/example_dags/example_sensors.py took 0.322 seconds
[2023-03-08T00:11:03.197+0000] {processor.py:153} INFO - Started process (PID=3628) to work on /home/airflow/.local/lib/python3.7/site-packages/airflow/example_dags/example_sensors.py
[2023-03-08T00:11:03.215+0000] {processor.py:743} INFO - Processing file /home/airflow/.local/lib/python3.7/site-packages/airflow/example_dags/example_sensors.py for tasks to queue
[2023-03-08T00:11:03.222+0000] {logging_mixin.py:137} INFO - [2023-03-08T00:11:03.221+0000] {dagbag.py:538} INFO - Filling up the DagBag from /home/airflow/.local/lib/python3.7/site-packages/airflow/example_dags/example_sensors.py
[2023-03-08T00:11:03.316+0000] {processor.py:753} INFO - DAG(s) dict_keys(['example_sensors']) retrieved from /home/airflow/.local/lib/python3.7/site-packages/airflow/example_dags/example_sensors.py
[2023-03-08T00:11:03.496+0000] {logging_mixin.py:137} INFO - [2023-03-08T00:11:03.496+0000] {dag.py:2690} INFO - Sync 1 DAGs
[2023-03-08T00:11:03.580+0000] {logging_mixin.py:137} INFO - [2023-03-08T00:11:03.579+0000] {dag.py:3441} INFO - Setting next_dagrun for example_sensors to None, run_after=None
[2023-03-08T00:11:03.666+0000] {processor.py:175} INFO - Processing /home/airflow/.local/lib/python3.7/site-packages/airflow/example_dags/example_sensors.py took 0.484 seconds
[2023-03-08T00:11:33.920+0000] {processor.py:153} INFO - Started process (PID=3699) to work on /home/airflow/.local/lib/python3.7/site-packages/airflow/example_dags/example_sensors.py
[2023-03-08T00:11:33.924+0000] {processor.py:743} INFO - Processing file /home/airflow/.local/lib/python3.7/site-packages/airflow/example_dags/example_sensors.py for tasks to queue
[2023-03-08T00:11:33.929+0000] {logging_mixin.py:137} INFO - [2023-03-08T00:11:33.929+0000] {dagbag.py:538} INFO - Filling up the DagBag from /home/airflow/.local/lib/python3.7/site-packages/airflow/example_dags/example_sensors.py
[2023-03-08T00:11:33.979+0000] {processor.py:753} INFO - DAG(s) dict_keys(['example_sensors']) retrieved from /home/airflow/.local/lib/python3.7/site-packages/airflow/example_dags/example_sensors.py
[2023-03-08T00:11:34.056+0000] {logging_mixin.py:137} INFO - [2023-03-08T00:11:34.056+0000] {dag.py:2690} INFO - Sync 1 DAGs
[2023-03-08T00:11:34.125+0000] {logging_mixin.py:137} INFO - [2023-03-08T00:11:34.125+0000] {dag.py:3441} INFO - Setting next_dagrun for example_sensors to None, run_after=None
[2023-03-08T00:11:34.174+0000] {processor.py:175} INFO - Processing /home/airflow/.local/lib/python3.7/site-packages/airflow/example_dags/example_sensors.py took 0.268 seconds
[2023-03-08T00:12:05.071+0000] {processor.py:153} INFO - Started process (PID=3768) to work on /home/airflow/.local/lib/python3.7/site-packages/airflow/example_dags/example_sensors.py
[2023-03-08T00:12:05.075+0000] {processor.py:743} INFO - Processing file /home/airflow/.local/lib/python3.7/site-packages/airflow/example_dags/example_sensors.py for tasks to queue
[2023-03-08T00:12:05.079+0000] {logging_mixin.py:137} INFO - [2023-03-08T00:12:05.078+0000] {dagbag.py:538} INFO - Filling up the DagBag from /home/airflow/.local/lib/python3.7/site-packages/airflow/example_dags/example_sensors.py
[2023-03-08T00:12:05.124+0000] {processor.py:753} INFO - DAG(s) dict_keys(['example_sensors']) retrieved from /home/airflow/.local/lib/python3.7/site-packages/airflow/example_dags/example_sensors.py
[2023-03-08T00:12:05.194+0000] {logging_mixin.py:137} INFO - [2023-03-08T00:12:05.194+0000] {dag.py:2690} INFO - Sync 1 DAGs
[2023-03-08T00:12:05.255+0000] {logging_mixin.py:137} INFO - [2023-03-08T00:12:05.255+0000] {dag.py:3441} INFO - Setting next_dagrun for example_sensors to None, run_after=None
[2023-03-08T00:12:05.300+0000] {processor.py:175} INFO - Processing /home/airflow/.local/lib/python3.7/site-packages/airflow/example_dags/example_sensors.py took 0.237 seconds
