[2023-03-08T00:00:17.571+0000] {processor.py:153} INFO - Started process (PID=2266) to work on /home/airflow/.local/lib/python3.7/site-packages/airflow/example_dags/tutorial.py
[2023-03-08T00:00:17.576+0000] {processor.py:743} INFO - Processing file /home/airflow/.local/lib/python3.7/site-packages/airflow/example_dags/tutorial.py for tasks to queue
[2023-03-08T00:00:17.583+0000] {logging_mixin.py:137} INFO - [2023-03-08T00:00:17.583+0000] {dagbag.py:538} INFO - Filling up the DagBag from /home/airflow/.local/lib/python3.7/site-packages/airflow/example_dags/tutorial.py
[2023-03-08T00:00:17.627+0000] {processor.py:753} INFO - DAG(s) dict_keys(['tutorial']) retrieved from /home/airflow/.local/lib/python3.7/site-packages/airflow/example_dags/tutorial.py
[2023-03-08T00:00:17.720+0000] {logging_mixin.py:137} INFO - [2023-03-08T00:00:17.720+0000] {dag.py:2690} INFO - Sync 1 DAGs
[2023-03-08T00:00:17.857+0000] {logging_mixin.py:137} INFO - [2023-03-08T00:00:17.857+0000] {dag.py:3441} INFO - Setting next_dagrun for tutorial to 2023-03-07T00:00:17.856574+00:00, run_after=2023-03-08T00:00:17.856574+00:00
[2023-03-08T00:00:17.928+0000] {processor.py:175} INFO - Processing /home/airflow/.local/lib/python3.7/site-packages/airflow/example_dags/tutorial.py took 0.372 seconds
[2023-03-08T00:00:48.424+0000] {processor.py:153} INFO - Started process (PID=2338) to work on /home/airflow/.local/lib/python3.7/site-packages/airflow/example_dags/tutorial.py
[2023-03-08T00:00:48.429+0000] {processor.py:743} INFO - Processing file /home/airflow/.local/lib/python3.7/site-packages/airflow/example_dags/tutorial.py for tasks to queue
[2023-03-08T00:00:48.434+0000] {logging_mixin.py:137} INFO - [2023-03-08T00:00:48.433+0000] {dagbag.py:538} INFO - Filling up the DagBag from /home/airflow/.local/lib/python3.7/site-packages/airflow/example_dags/tutorial.py
[2023-03-08T00:00:48.471+0000] {processor.py:753} INFO - DAG(s) dict_keys(['tutorial']) retrieved from /home/airflow/.local/lib/python3.7/site-packages/airflow/example_dags/tutorial.py
[2023-03-08T00:00:48.543+0000] {logging_mixin.py:137} INFO - [2023-03-08T00:00:48.542+0000] {dag.py:2690} INFO - Sync 1 DAGs
[2023-03-08T00:00:48.612+0000] {logging_mixin.py:137} INFO - [2023-03-08T00:00:48.612+0000] {dag.py:3441} INFO - Setting next_dagrun for tutorial to 2023-03-07T00:00:48.612068+00:00, run_after=2023-03-08T00:00:48.612068+00:00
[2023-03-08T00:00:48.668+0000] {processor.py:175} INFO - Processing /home/airflow/.local/lib/python3.7/site-packages/airflow/example_dags/tutorial.py took 0.255 seconds
[2023-03-08T00:01:19.393+0000] {processor.py:153} INFO - Started process (PID=2409) to work on /home/airflow/.local/lib/python3.7/site-packages/airflow/example_dags/tutorial.py
[2023-03-08T00:01:19.401+0000] {processor.py:743} INFO - Processing file /home/airflow/.local/lib/python3.7/site-packages/airflow/example_dags/tutorial.py for tasks to queue
[2023-03-08T00:01:19.414+0000] {logging_mixin.py:137} INFO - [2023-03-08T00:01:19.413+0000] {dagbag.py:538} INFO - Filling up the DagBag from /home/airflow/.local/lib/python3.7/site-packages/airflow/example_dags/tutorial.py
[2023-03-08T00:01:19.472+0000] {processor.py:753} INFO - DAG(s) dict_keys(['tutorial']) retrieved from /home/airflow/.local/lib/python3.7/site-packages/airflow/example_dags/tutorial.py
[2023-03-08T00:01:19.577+0000] {logging_mixin.py:137} INFO - [2023-03-08T00:01:19.577+0000] {dag.py:2690} INFO - Sync 1 DAGs
[2023-03-08T00:01:19.715+0000] {logging_mixin.py:137} INFO - [2023-03-08T00:01:19.715+0000] {dag.py:3441} INFO - Setting next_dagrun for tutorial to 2023-03-07T00:01:19.712144+00:00, run_after=2023-03-08T00:01:19.712144+00:00
[2023-03-08T00:01:19.804+0000] {processor.py:175} INFO - Processing /home/airflow/.local/lib/python3.7/site-packages/airflow/example_dags/tutorial.py took 0.429 seconds
[2023-03-08T00:01:53.306+0000] {processor.py:153} INFO - Started process (PID=2469) to work on /home/airflow/.local/lib/python3.7/site-packages/airflow/example_dags/tutorial.py
[2023-03-08T00:01:53.320+0000] {processor.py:743} INFO - Processing file /home/airflow/.local/lib/python3.7/site-packages/airflow/example_dags/tutorial.py for tasks to queue
[2023-03-08T00:01:53.327+0000] {logging_mixin.py:137} INFO - [2023-03-08T00:01:53.326+0000] {dagbag.py:538} INFO - Filling up the DagBag from /home/airflow/.local/lib/python3.7/site-packages/airflow/example_dags/tutorial.py
[2023-03-08T00:01:53.389+0000] {processor.py:753} INFO - DAG(s) dict_keys(['tutorial']) retrieved from /home/airflow/.local/lib/python3.7/site-packages/airflow/example_dags/tutorial.py
[2023-03-08T00:01:53.521+0000] {logging_mixin.py:137} INFO - [2023-03-08T00:01:53.521+0000] {dag.py:2690} INFO - Sync 1 DAGs
[2023-03-08T00:01:53.723+0000] {logging_mixin.py:137} INFO - [2023-03-08T00:01:53.722+0000] {dag.py:3441} INFO - Setting next_dagrun for tutorial to 2023-03-07T00:01:53.722179+00:00, run_after=2023-03-08T00:01:53.722179+00:00
[2023-03-08T00:01:53.793+0000] {processor.py:175} INFO - Processing /home/airflow/.local/lib/python3.7/site-packages/airflow/example_dags/tutorial.py took 0.504 seconds
[2023-03-08T00:02:31.169+0000] {processor.py:153} INFO - Started process (PID=2529) to work on /home/airflow/.local/lib/python3.7/site-packages/airflow/example_dags/tutorial.py
[2023-03-08T00:02:31.180+0000] {processor.py:743} INFO - Processing file /home/airflow/.local/lib/python3.7/site-packages/airflow/example_dags/tutorial.py for tasks to queue
[2023-03-08T00:02:31.183+0000] {logging_mixin.py:137} INFO - [2023-03-08T00:02:31.183+0000] {dagbag.py:538} INFO - Filling up the DagBag from /home/airflow/.local/lib/python3.7/site-packages/airflow/example_dags/tutorial.py
[2023-03-08T00:02:31.315+0000] {processor.py:753} INFO - DAG(s) dict_keys(['tutorial']) retrieved from /home/airflow/.local/lib/python3.7/site-packages/airflow/example_dags/tutorial.py
[2023-03-08T00:02:31.493+0000] {logging_mixin.py:137} INFO - [2023-03-08T00:02:31.493+0000] {dag.py:2690} INFO - Sync 1 DAGs
[2023-03-08T00:02:31.664+0000] {logging_mixin.py:137} INFO - [2023-03-08T00:02:31.664+0000] {dag.py:3441} INFO - Setting next_dagrun for tutorial to 2023-03-07T00:02:31.663297+00:00, run_after=2023-03-08T00:02:31.663297+00:00
[2023-03-08T00:02:31.757+0000] {processor.py:175} INFO - Processing /home/airflow/.local/lib/python3.7/site-packages/airflow/example_dags/tutorial.py took 0.607 seconds
[2023-03-08T00:03:02.561+0000] {processor.py:153} INFO - Started process (PID=2598) to work on /home/airflow/.local/lib/python3.7/site-packages/airflow/example_dags/tutorial.py
[2023-03-08T00:03:02.569+0000] {processor.py:743} INFO - Processing file /home/airflow/.local/lib/python3.7/site-packages/airflow/example_dags/tutorial.py for tasks to queue
[2023-03-08T00:03:02.575+0000] {logging_mixin.py:137} INFO - [2023-03-08T00:03:02.574+0000] {dagbag.py:538} INFO - Filling up the DagBag from /home/airflow/.local/lib/python3.7/site-packages/airflow/example_dags/tutorial.py
[2023-03-08T00:03:02.682+0000] {processor.py:753} INFO - DAG(s) dict_keys(['tutorial']) retrieved from /home/airflow/.local/lib/python3.7/site-packages/airflow/example_dags/tutorial.py
[2023-03-08T00:03:02.840+0000] {logging_mixin.py:137} INFO - [2023-03-08T00:03:02.840+0000] {dag.py:2690} INFO - Sync 1 DAGs
[2023-03-08T00:03:03.051+0000] {logging_mixin.py:137} INFO - [2023-03-08T00:03:03.051+0000] {dag.py:3441} INFO - Setting next_dagrun for tutorial to 2023-03-07T00:03:03.048168+00:00, run_after=2023-03-08T00:03:03.048168+00:00
[2023-03-08T00:03:03.220+0000] {processor.py:175} INFO - Processing /home/airflow/.local/lib/python3.7/site-packages/airflow/example_dags/tutorial.py took 0.701 seconds
[2023-03-08T00:03:34.214+0000] {processor.py:153} INFO - Started process (PID=2668) to work on /home/airflow/.local/lib/python3.7/site-packages/airflow/example_dags/tutorial.py
[2023-03-08T00:03:34.221+0000] {processor.py:743} INFO - Processing file /home/airflow/.local/lib/python3.7/site-packages/airflow/example_dags/tutorial.py for tasks to queue
[2023-03-08T00:03:34.231+0000] {logging_mixin.py:137} INFO - [2023-03-08T00:03:34.231+0000] {dagbag.py:538} INFO - Filling up the DagBag from /home/airflow/.local/lib/python3.7/site-packages/airflow/example_dags/tutorial.py
[2023-03-08T00:03:34.278+0000] {processor.py:753} INFO - DAG(s) dict_keys(['tutorial']) retrieved from /home/airflow/.local/lib/python3.7/site-packages/airflow/example_dags/tutorial.py
[2023-03-08T00:03:34.379+0000] {logging_mixin.py:137} INFO - [2023-03-08T00:03:34.379+0000] {dag.py:2690} INFO - Sync 1 DAGs
[2023-03-08T00:03:34.474+0000] {logging_mixin.py:137} INFO - [2023-03-08T00:03:34.474+0000] {dag.py:3441} INFO - Setting next_dagrun for tutorial to 2023-03-07T00:03:34.472965+00:00, run_after=2023-03-08T00:03:34.472965+00:00
[2023-03-08T00:03:34.540+0000] {processor.py:175} INFO - Processing /home/airflow/.local/lib/python3.7/site-packages/airflow/example_dags/tutorial.py took 0.341 seconds
[2023-03-08T00:04:04.990+0000] {processor.py:153} INFO - Started process (PID=2738) to work on /home/airflow/.local/lib/python3.7/site-packages/airflow/example_dags/tutorial.py
[2023-03-08T00:04:04.993+0000] {processor.py:743} INFO - Processing file /home/airflow/.local/lib/python3.7/site-packages/airflow/example_dags/tutorial.py for tasks to queue
[2023-03-08T00:04:04.997+0000] {logging_mixin.py:137} INFO - [2023-03-08T00:04:04.996+0000] {dagbag.py:538} INFO - Filling up the DagBag from /home/airflow/.local/lib/python3.7/site-packages/airflow/example_dags/tutorial.py
[2023-03-08T00:04:05.032+0000] {processor.py:753} INFO - DAG(s) dict_keys(['tutorial']) retrieved from /home/airflow/.local/lib/python3.7/site-packages/airflow/example_dags/tutorial.py
[2023-03-08T00:04:05.091+0000] {logging_mixin.py:137} INFO - [2023-03-08T00:04:05.091+0000] {dag.py:2690} INFO - Sync 1 DAGs
[2023-03-08T00:04:05.162+0000] {logging_mixin.py:137} INFO - [2023-03-08T00:04:05.161+0000] {dag.py:3441} INFO - Setting next_dagrun for tutorial to 2023-03-07T00:04:05.160849+00:00, run_after=2023-03-08T00:04:05.160849+00:00
[2023-03-08T00:04:05.214+0000] {processor.py:175} INFO - Processing /home/airflow/.local/lib/python3.7/site-packages/airflow/example_dags/tutorial.py took 0.235 seconds
[2023-03-08T00:04:35.317+0000] {processor.py:153} INFO - Started process (PID=2808) to work on /home/airflow/.local/lib/python3.7/site-packages/airflow/example_dags/tutorial.py
[2023-03-08T00:04:35.320+0000] {processor.py:743} INFO - Processing file /home/airflow/.local/lib/python3.7/site-packages/airflow/example_dags/tutorial.py for tasks to queue
[2023-03-08T00:04:35.324+0000] {logging_mixin.py:137} INFO - [2023-03-08T00:04:35.324+0000] {dagbag.py:538} INFO - Filling up the DagBag from /home/airflow/.local/lib/python3.7/site-packages/airflow/example_dags/tutorial.py
[2023-03-08T00:04:35.358+0000] {processor.py:753} INFO - DAG(s) dict_keys(['tutorial']) retrieved from /home/airflow/.local/lib/python3.7/site-packages/airflow/example_dags/tutorial.py
[2023-03-08T00:04:35.422+0000] {logging_mixin.py:137} INFO - [2023-03-08T00:04:35.422+0000] {dag.py:2690} INFO - Sync 1 DAGs
[2023-03-08T00:04:35.484+0000] {logging_mixin.py:137} INFO - [2023-03-08T00:04:35.483+0000] {dag.py:3441} INFO - Setting next_dagrun for tutorial to 2023-03-07T00:04:35.483297+00:00, run_after=2023-03-08T00:04:35.483297+00:00
[2023-03-08T00:04:35.533+0000] {processor.py:175} INFO - Processing /home/airflow/.local/lib/python3.7/site-packages/airflow/example_dags/tutorial.py took 0.225 seconds
[2023-03-08T00:05:05.662+0000] {processor.py:153} INFO - Started process (PID=2866) to work on /home/airflow/.local/lib/python3.7/site-packages/airflow/example_dags/tutorial.py
[2023-03-08T00:05:05.665+0000] {processor.py:743} INFO - Processing file /home/airflow/.local/lib/python3.7/site-packages/airflow/example_dags/tutorial.py for tasks to queue
[2023-03-08T00:05:05.672+0000] {logging_mixin.py:137} INFO - [2023-03-08T00:05:05.671+0000] {dagbag.py:538} INFO - Filling up the DagBag from /home/airflow/.local/lib/python3.7/site-packages/airflow/example_dags/tutorial.py
[2023-03-08T00:05:05.715+0000] {processor.py:753} INFO - DAG(s) dict_keys(['tutorial']) retrieved from /home/airflow/.local/lib/python3.7/site-packages/airflow/example_dags/tutorial.py
[2023-03-08T00:05:05.788+0000] {logging_mixin.py:137} INFO - [2023-03-08T00:05:05.788+0000] {dag.py:2690} INFO - Sync 1 DAGs
[2023-03-08T00:05:05.853+0000] {logging_mixin.py:137} INFO - [2023-03-08T00:05:05.853+0000] {dag.py:3441} INFO - Setting next_dagrun for tutorial to 2023-03-07T00:05:05.852947+00:00, run_after=2023-03-08T00:05:05.852947+00:00
[2023-03-08T00:05:05.905+0000] {processor.py:175} INFO - Processing /home/airflow/.local/lib/python3.7/site-packages/airflow/example_dags/tutorial.py took 0.258 seconds
[2023-03-08T00:05:36.392+0000] {processor.py:153} INFO - Started process (PID=2936) to work on /home/airflow/.local/lib/python3.7/site-packages/airflow/example_dags/tutorial.py
[2023-03-08T00:05:36.400+0000] {processor.py:743} INFO - Processing file /home/airflow/.local/lib/python3.7/site-packages/airflow/example_dags/tutorial.py for tasks to queue
[2023-03-08T00:05:36.405+0000] {logging_mixin.py:137} INFO - [2023-03-08T00:05:36.404+0000] {dagbag.py:538} INFO - Filling up the DagBag from /home/airflow/.local/lib/python3.7/site-packages/airflow/example_dags/tutorial.py
[2023-03-08T00:05:36.455+0000] {processor.py:753} INFO - DAG(s) dict_keys(['tutorial']) retrieved from /home/airflow/.local/lib/python3.7/site-packages/airflow/example_dags/tutorial.py
[2023-03-08T00:05:36.530+0000] {logging_mixin.py:137} INFO - [2023-03-08T00:05:36.529+0000] {dag.py:2690} INFO - Sync 1 DAGs
[2023-03-08T00:05:36.595+0000] {logging_mixin.py:137} INFO - [2023-03-08T00:05:36.594+0000] {dag.py:3441} INFO - Setting next_dagrun for tutorial to 2023-03-07T00:05:36.594138+00:00, run_after=2023-03-08T00:05:36.594138+00:00
[2023-03-08T00:05:36.648+0000] {processor.py:175} INFO - Processing /home/airflow/.local/lib/python3.7/site-packages/airflow/example_dags/tutorial.py took 0.268 seconds
[2023-03-08T00:06:07.277+0000] {processor.py:153} INFO - Started process (PID=3011) to work on /home/airflow/.local/lib/python3.7/site-packages/airflow/example_dags/tutorial.py
[2023-03-08T00:06:07.281+0000] {processor.py:743} INFO - Processing file /home/airflow/.local/lib/python3.7/site-packages/airflow/example_dags/tutorial.py for tasks to queue
[2023-03-08T00:06:07.284+0000] {logging_mixin.py:137} INFO - [2023-03-08T00:06:07.284+0000] {dagbag.py:538} INFO - Filling up the DagBag from /home/airflow/.local/lib/python3.7/site-packages/airflow/example_dags/tutorial.py
[2023-03-08T00:06:07.327+0000] {processor.py:753} INFO - DAG(s) dict_keys(['tutorial']) retrieved from /home/airflow/.local/lib/python3.7/site-packages/airflow/example_dags/tutorial.py
[2023-03-08T00:06:07.441+0000] {logging_mixin.py:137} INFO - [2023-03-08T00:06:07.440+0000] {dag.py:2690} INFO - Sync 1 DAGs
[2023-03-08T00:06:07.525+0000] {logging_mixin.py:137} INFO - [2023-03-08T00:06:07.525+0000] {dag.py:3441} INFO - Setting next_dagrun for tutorial to 2023-03-07T00:06:07.524760+00:00, run_after=2023-03-08T00:06:07.524760+00:00
[2023-03-08T00:06:07.580+0000] {processor.py:175} INFO - Processing /home/airflow/.local/lib/python3.7/site-packages/airflow/example_dags/tutorial.py took 0.314 seconds
[2023-03-08T00:06:38.038+0000] {processor.py:153} INFO - Started process (PID=3084) to work on /home/airflow/.local/lib/python3.7/site-packages/airflow/example_dags/tutorial.py
[2023-03-08T00:06:38.042+0000] {processor.py:743} INFO - Processing file /home/airflow/.local/lib/python3.7/site-packages/airflow/example_dags/tutorial.py for tasks to queue
[2023-03-08T00:06:38.045+0000] {logging_mixin.py:137} INFO - [2023-03-08T00:06:38.045+0000] {dagbag.py:538} INFO - Filling up the DagBag from /home/airflow/.local/lib/python3.7/site-packages/airflow/example_dags/tutorial.py
[2023-03-08T00:06:38.080+0000] {processor.py:753} INFO - DAG(s) dict_keys(['tutorial']) retrieved from /home/airflow/.local/lib/python3.7/site-packages/airflow/example_dags/tutorial.py
[2023-03-08T00:06:38.156+0000] {logging_mixin.py:137} INFO - [2023-03-08T00:06:38.156+0000] {dag.py:2690} INFO - Sync 1 DAGs
[2023-03-08T00:06:38.221+0000] {logging_mixin.py:137} INFO - [2023-03-08T00:06:38.221+0000] {dag.py:3441} INFO - Setting next_dagrun for tutorial to 2023-03-07T00:06:38.220835+00:00, run_after=2023-03-08T00:06:38.220835+00:00
[2023-03-08T00:06:38.270+0000] {processor.py:175} INFO - Processing /home/airflow/.local/lib/python3.7/site-packages/airflow/example_dags/tutorial.py took 0.242 seconds
[2023-03-08T00:07:11.072+0000] {processor.py:153} INFO - Started process (PID=3157) to work on /home/airflow/.local/lib/python3.7/site-packages/airflow/example_dags/tutorial.py
[2023-03-08T00:07:11.078+0000] {processor.py:743} INFO - Processing file /home/airflow/.local/lib/python3.7/site-packages/airflow/example_dags/tutorial.py for tasks to queue
[2023-03-08T00:07:11.082+0000] {logging_mixin.py:137} INFO - [2023-03-08T00:07:11.082+0000] {dagbag.py:538} INFO - Filling up the DagBag from /home/airflow/.local/lib/python3.7/site-packages/airflow/example_dags/tutorial.py
[2023-03-08T00:07:11.140+0000] {processor.py:753} INFO - DAG(s) dict_keys(['tutorial']) retrieved from /home/airflow/.local/lib/python3.7/site-packages/airflow/example_dags/tutorial.py
[2023-03-08T00:07:11.232+0000] {logging_mixin.py:137} INFO - [2023-03-08T00:07:11.230+0000] {dag.py:2690} INFO - Sync 1 DAGs
[2023-03-08T00:07:11.316+0000] {logging_mixin.py:137} INFO - [2023-03-08T00:07:11.316+0000] {dag.py:3441} INFO - Setting next_dagrun for tutorial to 2023-03-07T00:07:11.315918+00:00, run_after=2023-03-08T00:07:11.315918+00:00
[2023-03-08T00:07:11.386+0000] {processor.py:175} INFO - Processing /home/airflow/.local/lib/python3.7/site-packages/airflow/example_dags/tutorial.py took 0.329 seconds
[2023-03-08T00:07:44.981+0000] {processor.py:153} INFO - Started process (PID=3217) to work on /home/airflow/.local/lib/python3.7/site-packages/airflow/example_dags/tutorial.py
[2023-03-08T00:07:45.000+0000] {processor.py:743} INFO - Processing file /home/airflow/.local/lib/python3.7/site-packages/airflow/example_dags/tutorial.py for tasks to queue
[2023-03-08T00:07:45.031+0000] {logging_mixin.py:137} INFO - [2023-03-08T00:07:45.015+0000] {dagbag.py:538} INFO - Filling up the DagBag from /home/airflow/.local/lib/python3.7/site-packages/airflow/example_dags/tutorial.py
[2023-03-08T00:07:45.127+0000] {processor.py:753} INFO - DAG(s) dict_keys(['tutorial']) retrieved from /home/airflow/.local/lib/python3.7/site-packages/airflow/example_dags/tutorial.py
[2023-03-08T00:07:45.299+0000] {logging_mixin.py:137} INFO - [2023-03-08T00:07:45.298+0000] {dag.py:2690} INFO - Sync 1 DAGs
[2023-03-08T00:07:45.452+0000] {logging_mixin.py:137} INFO - [2023-03-08T00:07:45.452+0000] {dag.py:3441} INFO - Setting next_dagrun for tutorial to 2023-03-07T00:07:45.451113+00:00, run_after=2023-03-08T00:07:45.451113+00:00
[2023-03-08T00:07:45.534+0000] {processor.py:175} INFO - Processing /home/airflow/.local/lib/python3.7/site-packages/airflow/example_dags/tutorial.py took 0.644 seconds
[2023-03-08T00:08:16.507+0000] {processor.py:153} INFO - Started process (PID=3286) to work on /home/airflow/.local/lib/python3.7/site-packages/airflow/example_dags/tutorial.py
[2023-03-08T00:08:16.530+0000] {processor.py:743} INFO - Processing file /home/airflow/.local/lib/python3.7/site-packages/airflow/example_dags/tutorial.py for tasks to queue
[2023-03-08T00:08:16.543+0000] {logging_mixin.py:137} INFO - [2023-03-08T00:08:16.537+0000] {dagbag.py:538} INFO - Filling up the DagBag from /home/airflow/.local/lib/python3.7/site-packages/airflow/example_dags/tutorial.py
[2023-03-08T00:08:16.726+0000] {processor.py:753} INFO - DAG(s) dict_keys(['tutorial']) retrieved from /home/airflow/.local/lib/python3.7/site-packages/airflow/example_dags/tutorial.py
[2023-03-08T00:08:16.956+0000] {logging_mixin.py:137} INFO - [2023-03-08T00:08:16.956+0000] {dag.py:2690} INFO - Sync 1 DAGs
[2023-03-08T00:08:17.141+0000] {logging_mixin.py:137} INFO - [2023-03-08T00:08:17.140+0000] {dag.py:3441} INFO - Setting next_dagrun for tutorial to 2023-03-07T00:08:17.140316+00:00, run_after=2023-03-08T00:08:17.140316+00:00
[2023-03-08T00:08:17.267+0000] {processor.py:175} INFO - Processing /home/airflow/.local/lib/python3.7/site-packages/airflow/example_dags/tutorial.py took 0.789 seconds
[2023-03-08T00:08:51.246+0000] {processor.py:153} INFO - Started process (PID=3351) to work on /home/airflow/.local/lib/python3.7/site-packages/airflow/example_dags/tutorial.py
[2023-03-08T00:08:51.255+0000] {processor.py:743} INFO - Processing file /home/airflow/.local/lib/python3.7/site-packages/airflow/example_dags/tutorial.py for tasks to queue
[2023-03-08T00:08:51.265+0000] {logging_mixin.py:137} INFO - [2023-03-08T00:08:51.264+0000] {dagbag.py:538} INFO - Filling up the DagBag from /home/airflow/.local/lib/python3.7/site-packages/airflow/example_dags/tutorial.py
[2023-03-08T00:08:51.387+0000] {processor.py:753} INFO - DAG(s) dict_keys(['tutorial']) retrieved from /home/airflow/.local/lib/python3.7/site-packages/airflow/example_dags/tutorial.py
[2023-03-08T00:08:51.574+0000] {logging_mixin.py:137} INFO - [2023-03-08T00:08:51.572+0000] {dag.py:2690} INFO - Sync 1 DAGs
[2023-03-08T00:08:51.793+0000] {logging_mixin.py:137} INFO - [2023-03-08T00:08:51.793+0000] {dag.py:3441} INFO - Setting next_dagrun for tutorial to 2023-03-07T00:08:51.792633+00:00, run_after=2023-03-08T00:08:51.792633+00:00
[2023-03-08T00:08:51.913+0000] {processor.py:175} INFO - Processing /home/airflow/.local/lib/python3.7/site-packages/airflow/example_dags/tutorial.py took 0.684 seconds
[2023-03-08T00:09:27.334+0000] {processor.py:153} INFO - Started process (PID=3422) to work on /home/airflow/.local/lib/python3.7/site-packages/airflow/example_dags/tutorial.py
[2023-03-08T00:09:27.341+0000] {processor.py:743} INFO - Processing file /home/airflow/.local/lib/python3.7/site-packages/airflow/example_dags/tutorial.py for tasks to queue
[2023-03-08T00:09:27.354+0000] {logging_mixin.py:137} INFO - [2023-03-08T00:09:27.353+0000] {dagbag.py:538} INFO - Filling up the DagBag from /home/airflow/.local/lib/python3.7/site-packages/airflow/example_dags/tutorial.py
[2023-03-08T00:09:27.543+0000] {processor.py:753} INFO - DAG(s) dict_keys(['tutorial']) retrieved from /home/airflow/.local/lib/python3.7/site-packages/airflow/example_dags/tutorial.py
[2023-03-08T00:09:27.765+0000] {logging_mixin.py:137} INFO - [2023-03-08T00:09:27.764+0000] {dag.py:2690} INFO - Sync 1 DAGs
[2023-03-08T00:09:27.916+0000] {logging_mixin.py:137} INFO - [2023-03-08T00:09:27.915+0000] {dag.py:3441} INFO - Setting next_dagrun for tutorial to 2023-03-07T00:09:27.914646+00:00, run_after=2023-03-08T00:09:27.914646+00:00
[2023-03-08T00:09:28.030+0000] {processor.py:175} INFO - Processing /home/airflow/.local/lib/python3.7/site-packages/airflow/example_dags/tutorial.py took 0.745 seconds
[2023-03-08T00:09:58.460+0000] {processor.py:153} INFO - Started process (PID=3482) to work on /home/airflow/.local/lib/python3.7/site-packages/airflow/example_dags/tutorial.py
[2023-03-08T00:09:58.487+0000] {processor.py:743} INFO - Processing file /home/airflow/.local/lib/python3.7/site-packages/airflow/example_dags/tutorial.py for tasks to queue
[2023-03-08T00:09:58.498+0000] {logging_mixin.py:137} INFO - [2023-03-08T00:09:58.497+0000] {dagbag.py:538} INFO - Filling up the DagBag from /home/airflow/.local/lib/python3.7/site-packages/airflow/example_dags/tutorial.py
[2023-03-08T00:09:58.553+0000] {processor.py:753} INFO - DAG(s) dict_keys(['tutorial']) retrieved from /home/airflow/.local/lib/python3.7/site-packages/airflow/example_dags/tutorial.py
[2023-03-08T00:09:58.627+0000] {logging_mixin.py:137} INFO - [2023-03-08T00:09:58.627+0000] {dag.py:2690} INFO - Sync 1 DAGs
[2023-03-08T00:09:58.707+0000] {logging_mixin.py:137} INFO - [2023-03-08T00:09:58.707+0000] {dag.py:3441} INFO - Setting next_dagrun for tutorial to 2023-03-07T00:09:58.706713+00:00, run_after=2023-03-08T00:09:58.706713+00:00
[2023-03-08T00:09:58.758+0000] {processor.py:175} INFO - Processing /home/airflow/.local/lib/python3.7/site-packages/airflow/example_dags/tutorial.py took 0.323 seconds
[2023-03-08T00:10:28.930+0000] {processor.py:153} INFO - Started process (PID=3551) to work on /home/airflow/.local/lib/python3.7/site-packages/airflow/example_dags/tutorial.py
[2023-03-08T00:10:28.936+0000] {processor.py:743} INFO - Processing file /home/airflow/.local/lib/python3.7/site-packages/airflow/example_dags/tutorial.py for tasks to queue
[2023-03-08T00:10:28.944+0000] {logging_mixin.py:137} INFO - [2023-03-08T00:10:28.943+0000] {dagbag.py:538} INFO - Filling up the DagBag from /home/airflow/.local/lib/python3.7/site-packages/airflow/example_dags/tutorial.py
[2023-03-08T00:10:28.979+0000] {processor.py:753} INFO - DAG(s) dict_keys(['tutorial']) retrieved from /home/airflow/.local/lib/python3.7/site-packages/airflow/example_dags/tutorial.py
[2023-03-08T00:10:29.047+0000] {logging_mixin.py:137} INFO - [2023-03-08T00:10:29.047+0000] {dag.py:2690} INFO - Sync 1 DAGs
[2023-03-08T00:10:29.127+0000] {logging_mixin.py:137} INFO - [2023-03-08T00:10:29.127+0000] {dag.py:3441} INFO - Setting next_dagrun for tutorial to 2023-03-07T00:10:29.126602+00:00, run_after=2023-03-08T00:10:29.126602+00:00
[2023-03-08T00:10:29.178+0000] {processor.py:175} INFO - Processing /home/airflow/.local/lib/python3.7/site-packages/airflow/example_dags/tutorial.py took 0.257 seconds
[2023-03-08T00:10:59.553+0000] {processor.py:153} INFO - Started process (PID=3622) to work on /home/airflow/.local/lib/python3.7/site-packages/airflow/example_dags/tutorial.py
[2023-03-08T00:10:59.560+0000] {processor.py:743} INFO - Processing file /home/airflow/.local/lib/python3.7/site-packages/airflow/example_dags/tutorial.py for tasks to queue
[2023-03-08T00:10:59.569+0000] {logging_mixin.py:137} INFO - [2023-03-08T00:10:59.568+0000] {dagbag.py:538} INFO - Filling up the DagBag from /home/airflow/.local/lib/python3.7/site-packages/airflow/example_dags/tutorial.py
[2023-03-08T00:10:59.672+0000] {processor.py:753} INFO - DAG(s) dict_keys(['tutorial']) retrieved from /home/airflow/.local/lib/python3.7/site-packages/airflow/example_dags/tutorial.py
[2023-03-08T00:10:59.781+0000] {logging_mixin.py:137} INFO - [2023-03-08T00:10:59.781+0000] {dag.py:2690} INFO - Sync 1 DAGs
[2023-03-08T00:10:59.866+0000] {logging_mixin.py:137} INFO - [2023-03-08T00:10:59.865+0000] {dag.py:3441} INFO - Setting next_dagrun for tutorial to 2023-03-07T00:10:59.865056+00:00, run_after=2023-03-08T00:10:59.865056+00:00
[2023-03-08T00:10:59.919+0000] {processor.py:175} INFO - Processing /home/airflow/.local/lib/python3.7/site-packages/airflow/example_dags/tutorial.py took 0.382 seconds
[2023-03-08T00:11:30.060+0000] {processor.py:153} INFO - Started process (PID=3693) to work on /home/airflow/.local/lib/python3.7/site-packages/airflow/example_dags/tutorial.py
[2023-03-08T00:11:30.077+0000] {processor.py:743} INFO - Processing file /home/airflow/.local/lib/python3.7/site-packages/airflow/example_dags/tutorial.py for tasks to queue
[2023-03-08T00:11:30.082+0000] {logging_mixin.py:137} INFO - [2023-03-08T00:11:30.082+0000] {dagbag.py:538} INFO - Filling up the DagBag from /home/airflow/.local/lib/python3.7/site-packages/airflow/example_dags/tutorial.py
[2023-03-08T00:11:30.132+0000] {processor.py:753} INFO - DAG(s) dict_keys(['tutorial']) retrieved from /home/airflow/.local/lib/python3.7/site-packages/airflow/example_dags/tutorial.py
[2023-03-08T00:11:30.265+0000] {logging_mixin.py:137} INFO - [2023-03-08T00:11:30.265+0000] {dag.py:2690} INFO - Sync 1 DAGs
[2023-03-08T00:11:30.361+0000] {logging_mixin.py:137} INFO - [2023-03-08T00:11:30.361+0000] {dag.py:3441} INFO - Setting next_dagrun for tutorial to 2023-03-07T00:11:30.359178+00:00, run_after=2023-03-08T00:11:30.359178+00:00
[2023-03-08T00:11:30.422+0000] {processor.py:175} INFO - Processing /home/airflow/.local/lib/python3.7/site-packages/airflow/example_dags/tutorial.py took 0.373 seconds
[2023-03-08T00:12:00.589+0000] {processor.py:153} INFO - Started process (PID=3764) to work on /home/airflow/.local/lib/python3.7/site-packages/airflow/example_dags/tutorial.py
[2023-03-08T00:12:00.602+0000] {processor.py:743} INFO - Processing file /home/airflow/.local/lib/python3.7/site-packages/airflow/example_dags/tutorial.py for tasks to queue
[2023-03-08T00:12:00.605+0000] {logging_mixin.py:137} INFO - [2023-03-08T00:12:00.605+0000] {dagbag.py:538} INFO - Filling up the DagBag from /home/airflow/.local/lib/python3.7/site-packages/airflow/example_dags/tutorial.py
[2023-03-08T00:12:00.649+0000] {processor.py:753} INFO - DAG(s) dict_keys(['tutorial']) retrieved from /home/airflow/.local/lib/python3.7/site-packages/airflow/example_dags/tutorial.py
[2023-03-08T00:12:00.725+0000] {logging_mixin.py:137} INFO - [2023-03-08T00:12:00.725+0000] {dag.py:2690} INFO - Sync 1 DAGs
[2023-03-08T00:12:00.787+0000] {logging_mixin.py:137} INFO - [2023-03-08T00:12:00.787+0000] {dag.py:3441} INFO - Setting next_dagrun for tutorial to 2023-03-07T00:12:00.787336+00:00, run_after=2023-03-08T00:12:00.787336+00:00
[2023-03-08T00:12:00.826+0000] {processor.py:175} INFO - Processing /home/airflow/.local/lib/python3.7/site-packages/airflow/example_dags/tutorial.py took 0.246 seconds
[2023-03-08T00:12:31.204+0000] {processor.py:153} INFO - Started process (PID=3835) to work on /home/airflow/.local/lib/python3.7/site-packages/airflow/example_dags/tutorial.py
[2023-03-08T00:12:31.209+0000] {processor.py:743} INFO - Processing file /home/airflow/.local/lib/python3.7/site-packages/airflow/example_dags/tutorial.py for tasks to queue
[2023-03-08T00:12:31.214+0000] {logging_mixin.py:137} INFO - [2023-03-08T00:12:31.213+0000] {dagbag.py:538} INFO - Filling up the DagBag from /home/airflow/.local/lib/python3.7/site-packages/airflow/example_dags/tutorial.py
[2023-03-08T00:12:31.250+0000] {processor.py:753} INFO - DAG(s) dict_keys(['tutorial']) retrieved from /home/airflow/.local/lib/python3.7/site-packages/airflow/example_dags/tutorial.py
[2023-03-08T00:12:31.310+0000] {logging_mixin.py:137} INFO - [2023-03-08T00:12:31.310+0000] {dag.py:2690} INFO - Sync 1 DAGs
[2023-03-08T00:12:31.371+0000] {logging_mixin.py:137} INFO - [2023-03-08T00:12:31.371+0000] {dag.py:3441} INFO - Setting next_dagrun for tutorial to 2023-03-07T00:12:31.370912+00:00, run_after=2023-03-08T00:12:31.370912+00:00
[2023-03-08T00:12:31.422+0000] {processor.py:175} INFO - Processing /home/airflow/.local/lib/python3.7/site-packages/airflow/example_dags/tutorial.py took 0.226 seconds
