[2023-03-08T00:00:00.356+0000] {processor.py:153} INFO - Started process (PID=2236) to work on /home/airflow/.local/lib/python3.7/site-packages/airflow/example_dags/tutorial_taskflow_api.py
[2023-03-08T00:00:00.363+0000] {processor.py:743} INFO - Processing file /home/airflow/.local/lib/python3.7/site-packages/airflow/example_dags/tutorial_taskflow_api.py for tasks to queue
[2023-03-08T00:00:00.377+0000] {logging_mixin.py:137} INFO - [2023-03-08T00:00:00.375+0000] {dagbag.py:538} INFO - Filling up the DagBag from /home/airflow/.local/lib/python3.7/site-packages/airflow/example_dags/tutorial_taskflow_api.py
[2023-03-08T00:00:00.508+0000] {processor.py:753} INFO - DAG(s) dict_keys(['tutorial_taskflow_api']) retrieved from /home/airflow/.local/lib/python3.7/site-packages/airflow/example_dags/tutorial_taskflow_api.py
[2023-03-08T00:00:00.667+0000] {logging_mixin.py:137} INFO - [2023-03-08T00:00:00.661+0000] {dag.py:2690} INFO - Sync 1 DAGs
[2023-03-08T00:00:00.864+0000] {logging_mixin.py:137} INFO - [2023-03-08T00:00:00.864+0000] {dag.py:3441} INFO - Setting next_dagrun for tutorial_taskflow_api to None, run_after=None
[2023-03-08T00:00:00.975+0000] {processor.py:175} INFO - Processing /home/airflow/.local/lib/python3.7/site-packages/airflow/example_dags/tutorial_taskflow_api.py took 0.663 seconds
[2023-03-08T00:00:33.734+0000] {processor.py:153} INFO - Started process (PID=2299) to work on /home/airflow/.local/lib/python3.7/site-packages/airflow/example_dags/tutorial_taskflow_api.py
[2023-03-08T00:00:33.745+0000] {processor.py:743} INFO - Processing file /home/airflow/.local/lib/python3.7/site-packages/airflow/example_dags/tutorial_taskflow_api.py for tasks to queue
[2023-03-08T00:00:33.748+0000] {logging_mixin.py:137} INFO - [2023-03-08T00:00:33.748+0000] {dagbag.py:538} INFO - Filling up the DagBag from /home/airflow/.local/lib/python3.7/site-packages/airflow/example_dags/tutorial_taskflow_api.py
[2023-03-08T00:00:33.894+0000] {processor.py:753} INFO - DAG(s) dict_keys(['tutorial_taskflow_api']) retrieved from /home/airflow/.local/lib/python3.7/site-packages/airflow/example_dags/tutorial_taskflow_api.py
[2023-03-08T00:00:34.004+0000] {logging_mixin.py:137} INFO - [2023-03-08T00:00:34.003+0000] {dag.py:2690} INFO - Sync 1 DAGs
[2023-03-08T00:00:34.108+0000] {logging_mixin.py:137} INFO - [2023-03-08T00:00:34.108+0000] {dag.py:3441} INFO - Setting next_dagrun for tutorial_taskflow_api to None, run_after=None
[2023-03-08T00:00:34.243+0000] {processor.py:175} INFO - Processing /home/airflow/.local/lib/python3.7/site-packages/airflow/example_dags/tutorial_taskflow_api.py took 0.523 seconds
[2023-03-08T00:01:05.004+0000] {processor.py:153} INFO - Started process (PID=2369) to work on /home/airflow/.local/lib/python3.7/site-packages/airflow/example_dags/tutorial_taskflow_api.py
[2023-03-08T00:01:05.011+0000] {processor.py:743} INFO - Processing file /home/airflow/.local/lib/python3.7/site-packages/airflow/example_dags/tutorial_taskflow_api.py for tasks to queue
[2023-03-08T00:01:05.022+0000] {logging_mixin.py:137} INFO - [2023-03-08T00:01:05.017+0000] {dagbag.py:538} INFO - Filling up the DagBag from /home/airflow/.local/lib/python3.7/site-packages/airflow/example_dags/tutorial_taskflow_api.py
[2023-03-08T00:01:05.108+0000] {processor.py:753} INFO - DAG(s) dict_keys(['tutorial_taskflow_api']) retrieved from /home/airflow/.local/lib/python3.7/site-packages/airflow/example_dags/tutorial_taskflow_api.py
[2023-03-08T00:01:05.209+0000] {logging_mixin.py:137} INFO - [2023-03-08T00:01:05.208+0000] {dag.py:2690} INFO - Sync 1 DAGs
[2023-03-08T00:01:05.421+0000] {logging_mixin.py:137} INFO - [2023-03-08T00:01:05.421+0000] {dag.py:3441} INFO - Setting next_dagrun for tutorial_taskflow_api to None, run_after=None
[2023-03-08T00:01:05.595+0000] {processor.py:175} INFO - Processing /home/airflow/.local/lib/python3.7/site-packages/airflow/example_dags/tutorial_taskflow_api.py took 0.607 seconds
[2023-03-08T00:01:36.891+0000] {processor.py:153} INFO - Started process (PID=2437) to work on /home/airflow/.local/lib/python3.7/site-packages/airflow/example_dags/tutorial_taskflow_api.py
[2023-03-08T00:01:36.927+0000] {processor.py:743} INFO - Processing file /home/airflow/.local/lib/python3.7/site-packages/airflow/example_dags/tutorial_taskflow_api.py for tasks to queue
[2023-03-08T00:01:36.937+0000] {logging_mixin.py:137} INFO - [2023-03-08T00:01:36.936+0000] {dagbag.py:538} INFO - Filling up the DagBag from /home/airflow/.local/lib/python3.7/site-packages/airflow/example_dags/tutorial_taskflow_api.py
[2023-03-08T00:01:37.062+0000] {processor.py:753} INFO - DAG(s) dict_keys(['tutorial_taskflow_api']) retrieved from /home/airflow/.local/lib/python3.7/site-packages/airflow/example_dags/tutorial_taskflow_api.py
[2023-03-08T00:01:37.272+0000] {logging_mixin.py:137} INFO - [2023-03-08T00:01:37.271+0000] {dag.py:2690} INFO - Sync 1 DAGs
[2023-03-08T00:01:37.419+0000] {logging_mixin.py:137} INFO - [2023-03-08T00:01:37.418+0000] {dag.py:3441} INFO - Setting next_dagrun for tutorial_taskflow_api to None, run_after=None
[2023-03-08T00:01:37.489+0000] {processor.py:175} INFO - Processing /home/airflow/.local/lib/python3.7/site-packages/airflow/example_dags/tutorial_taskflow_api.py took 0.615 seconds
[2023-03-08T00:02:17.796+0000] {processor.py:153} INFO - Started process (PID=2508) to work on /home/airflow/.local/lib/python3.7/site-packages/airflow/example_dags/tutorial_taskflow_api.py
[2023-03-08T00:02:17.857+0000] {processor.py:743} INFO - Processing file /home/airflow/.local/lib/python3.7/site-packages/airflow/example_dags/tutorial_taskflow_api.py for tasks to queue
[2023-03-08T00:02:17.868+0000] {logging_mixin.py:137} INFO - [2023-03-08T00:02:17.868+0000] {dagbag.py:538} INFO - Filling up the DagBag from /home/airflow/.local/lib/python3.7/site-packages/airflow/example_dags/tutorial_taskflow_api.py
[2023-03-08T00:02:18.233+0000] {processor.py:753} INFO - DAG(s) dict_keys(['tutorial_taskflow_api']) retrieved from /home/airflow/.local/lib/python3.7/site-packages/airflow/example_dags/tutorial_taskflow_api.py
[2023-03-08T00:02:18.730+0000] {logging_mixin.py:137} INFO - [2023-03-08T00:02:18.726+0000] {dag.py:2690} INFO - Sync 1 DAGs
[2023-03-08T00:02:18.958+0000] {logging_mixin.py:137} INFO - [2023-03-08T00:02:18.958+0000] {dag.py:3441} INFO - Setting next_dagrun for tutorial_taskflow_api to None, run_after=None
[2023-03-08T00:02:19.096+0000] {processor.py:175} INFO - Processing /home/airflow/.local/lib/python3.7/site-packages/airflow/example_dags/tutorial_taskflow_api.py took 1.417 seconds
[2023-03-08T00:02:52.288+0000] {processor.py:153} INFO - Started process (PID=2570) to work on /home/airflow/.local/lib/python3.7/site-packages/airflow/example_dags/tutorial_taskflow_api.py
[2023-03-08T00:02:52.296+0000] {processor.py:743} INFO - Processing file /home/airflow/.local/lib/python3.7/site-packages/airflow/example_dags/tutorial_taskflow_api.py for tasks to queue
[2023-03-08T00:02:52.304+0000] {logging_mixin.py:137} INFO - [2023-03-08T00:02:52.303+0000] {dagbag.py:538} INFO - Filling up the DagBag from /home/airflow/.local/lib/python3.7/site-packages/airflow/example_dags/tutorial_taskflow_api.py
[2023-03-08T00:02:52.459+0000] {processor.py:753} INFO - DAG(s) dict_keys(['tutorial_taskflow_api']) retrieved from /home/airflow/.local/lib/python3.7/site-packages/airflow/example_dags/tutorial_taskflow_api.py
[2023-03-08T00:02:52.669+0000] {logging_mixin.py:137} INFO - [2023-03-08T00:02:52.669+0000] {dag.py:2690} INFO - Sync 1 DAGs
[2023-03-08T00:02:52.831+0000] {logging_mixin.py:137} INFO - [2023-03-08T00:02:52.830+0000] {dag.py:3441} INFO - Setting next_dagrun for tutorial_taskflow_api to None, run_after=None
[2023-03-08T00:02:52.986+0000] {processor.py:175} INFO - Processing /home/airflow/.local/lib/python3.7/site-packages/airflow/example_dags/tutorial_taskflow_api.py took 0.711 seconds
[2023-03-08T00:03:25.770+0000] {processor.py:153} INFO - Started process (PID=2642) to work on /home/airflow/.local/lib/python3.7/site-packages/airflow/example_dags/tutorial_taskflow_api.py
[2023-03-08T00:03:25.779+0000] {processor.py:743} INFO - Processing file /home/airflow/.local/lib/python3.7/site-packages/airflow/example_dags/tutorial_taskflow_api.py for tasks to queue
[2023-03-08T00:03:25.787+0000] {logging_mixin.py:137} INFO - [2023-03-08T00:03:25.787+0000] {dagbag.py:538} INFO - Filling up the DagBag from /home/airflow/.local/lib/python3.7/site-packages/airflow/example_dags/tutorial_taskflow_api.py
[2023-03-08T00:03:25.885+0000] {processor.py:753} INFO - DAG(s) dict_keys(['tutorial_taskflow_api']) retrieved from /home/airflow/.local/lib/python3.7/site-packages/airflow/example_dags/tutorial_taskflow_api.py
[2023-03-08T00:03:26.002+0000] {logging_mixin.py:137} INFO - [2023-03-08T00:03:26.002+0000] {dag.py:2690} INFO - Sync 1 DAGs
[2023-03-08T00:03:26.195+0000] {logging_mixin.py:137} INFO - [2023-03-08T00:03:26.195+0000] {dag.py:3441} INFO - Setting next_dagrun for tutorial_taskflow_api to None, run_after=None
[2023-03-08T00:03:26.249+0000] {processor.py:175} INFO - Processing /home/airflow/.local/lib/python3.7/site-packages/airflow/example_dags/tutorial_taskflow_api.py took 0.499 seconds
[2023-03-08T00:03:57.450+0000] {processor.py:153} INFO - Started process (PID=2712) to work on /home/airflow/.local/lib/python3.7/site-packages/airflow/example_dags/tutorial_taskflow_api.py
[2023-03-08T00:03:57.457+0000] {processor.py:743} INFO - Processing file /home/airflow/.local/lib/python3.7/site-packages/airflow/example_dags/tutorial_taskflow_api.py for tasks to queue
[2023-03-08T00:03:57.463+0000] {logging_mixin.py:137} INFO - [2023-03-08T00:03:57.462+0000] {dagbag.py:538} INFO - Filling up the DagBag from /home/airflow/.local/lib/python3.7/site-packages/airflow/example_dags/tutorial_taskflow_api.py
[2023-03-08T00:03:57.565+0000] {processor.py:753} INFO - DAG(s) dict_keys(['tutorial_taskflow_api']) retrieved from /home/airflow/.local/lib/python3.7/site-packages/airflow/example_dags/tutorial_taskflow_api.py
[2023-03-08T00:03:57.648+0000] {logging_mixin.py:137} INFO - [2023-03-08T00:03:57.648+0000] {dag.py:2690} INFO - Sync 1 DAGs
[2023-03-08T00:03:57.730+0000] {logging_mixin.py:137} INFO - [2023-03-08T00:03:57.729+0000] {dag.py:3441} INFO - Setting next_dagrun for tutorial_taskflow_api to None, run_after=None
[2023-03-08T00:03:57.781+0000] {processor.py:175} INFO - Processing /home/airflow/.local/lib/python3.7/site-packages/airflow/example_dags/tutorial_taskflow_api.py took 0.341 seconds
[2023-03-08T00:04:28.352+0000] {processor.py:153} INFO - Started process (PID=2782) to work on /home/airflow/.local/lib/python3.7/site-packages/airflow/example_dags/tutorial_taskflow_api.py
[2023-03-08T00:04:28.357+0000] {processor.py:743} INFO - Processing file /home/airflow/.local/lib/python3.7/site-packages/airflow/example_dags/tutorial_taskflow_api.py for tasks to queue
[2023-03-08T00:04:28.363+0000] {logging_mixin.py:137} INFO - [2023-03-08T00:04:28.363+0000] {dagbag.py:538} INFO - Filling up the DagBag from /home/airflow/.local/lib/python3.7/site-packages/airflow/example_dags/tutorial_taskflow_api.py
[2023-03-08T00:04:28.424+0000] {processor.py:753} INFO - DAG(s) dict_keys(['tutorial_taskflow_api']) retrieved from /home/airflow/.local/lib/python3.7/site-packages/airflow/example_dags/tutorial_taskflow_api.py
[2023-03-08T00:04:28.509+0000] {logging_mixin.py:137} INFO - [2023-03-08T00:04:28.509+0000] {dag.py:2690} INFO - Sync 1 DAGs
[2023-03-08T00:04:28.594+0000] {logging_mixin.py:137} INFO - [2023-03-08T00:04:28.593+0000] {dag.py:3441} INFO - Setting next_dagrun for tutorial_taskflow_api to None, run_after=None
[2023-03-08T00:04:28.651+0000] {processor.py:175} INFO - Processing /home/airflow/.local/lib/python3.7/site-packages/airflow/example_dags/tutorial_taskflow_api.py took 0.332 seconds
[2023-03-08T00:05:00.552+0000] {processor.py:153} INFO - Started process (PID=2852) to work on /home/airflow/.local/lib/python3.7/site-packages/airflow/example_dags/tutorial_taskflow_api.py
[2023-03-08T00:05:00.562+0000] {processor.py:743} INFO - Processing file /home/airflow/.local/lib/python3.7/site-packages/airflow/example_dags/tutorial_taskflow_api.py for tasks to queue
[2023-03-08T00:05:00.570+0000] {logging_mixin.py:137} INFO - [2023-03-08T00:05:00.568+0000] {dagbag.py:538} INFO - Filling up the DagBag from /home/airflow/.local/lib/python3.7/site-packages/airflow/example_dags/tutorial_taskflow_api.py
[2023-03-08T00:05:00.652+0000] {processor.py:753} INFO - DAG(s) dict_keys(['tutorial_taskflow_api']) retrieved from /home/airflow/.local/lib/python3.7/site-packages/airflow/example_dags/tutorial_taskflow_api.py
[2023-03-08T00:05:00.747+0000] {logging_mixin.py:137} INFO - [2023-03-08T00:05:00.746+0000] {dag.py:2690} INFO - Sync 1 DAGs
[2023-03-08T00:05:00.839+0000] {logging_mixin.py:137} INFO - [2023-03-08T00:05:00.838+0000] {dag.py:3441} INFO - Setting next_dagrun for tutorial_taskflow_api to None, run_after=None
[2023-03-08T00:05:00.896+0000] {processor.py:175} INFO - Processing /home/airflow/.local/lib/python3.7/site-packages/airflow/example_dags/tutorial_taskflow_api.py took 0.360 seconds
[2023-03-08T00:05:31.868+0000] {processor.py:153} INFO - Started process (PID=2921) to work on /home/airflow/.local/lib/python3.7/site-packages/airflow/example_dags/tutorial_taskflow_api.py
[2023-03-08T00:05:31.886+0000] {processor.py:743} INFO - Processing file /home/airflow/.local/lib/python3.7/site-packages/airflow/example_dags/tutorial_taskflow_api.py for tasks to queue
[2023-03-08T00:05:31.912+0000] {logging_mixin.py:137} INFO - [2023-03-08T00:05:31.900+0000] {dagbag.py:538} INFO - Filling up the DagBag from /home/airflow/.local/lib/python3.7/site-packages/airflow/example_dags/tutorial_taskflow_api.py
[2023-03-08T00:05:31.999+0000] {processor.py:753} INFO - DAG(s) dict_keys(['tutorial_taskflow_api']) retrieved from /home/airflow/.local/lib/python3.7/site-packages/airflow/example_dags/tutorial_taskflow_api.py
[2023-03-08T00:05:32.135+0000] {logging_mixin.py:137} INFO - [2023-03-08T00:05:32.135+0000] {dag.py:2690} INFO - Sync 1 DAGs
[2023-03-08T00:05:32.236+0000] {logging_mixin.py:137} INFO - [2023-03-08T00:05:32.236+0000] {dag.py:3441} INFO - Setting next_dagrun for tutorial_taskflow_api to None, run_after=None
[2023-03-08T00:05:32.382+0000] {processor.py:175} INFO - Processing /home/airflow/.local/lib/python3.7/site-packages/airflow/example_dags/tutorial_taskflow_api.py took 0.532 seconds
[2023-03-08T00:06:03.169+0000] {processor.py:153} INFO - Started process (PID=2990) to work on /home/airflow/.local/lib/python3.7/site-packages/airflow/example_dags/tutorial_taskflow_api.py
[2023-03-08T00:06:03.178+0000] {processor.py:743} INFO - Processing file /home/airflow/.local/lib/python3.7/site-packages/airflow/example_dags/tutorial_taskflow_api.py for tasks to queue
[2023-03-08T00:06:03.185+0000] {logging_mixin.py:137} INFO - [2023-03-08T00:06:03.184+0000] {dagbag.py:538} INFO - Filling up the DagBag from /home/airflow/.local/lib/python3.7/site-packages/airflow/example_dags/tutorial_taskflow_api.py
[2023-03-08T00:06:03.253+0000] {processor.py:753} INFO - DAG(s) dict_keys(['tutorial_taskflow_api']) retrieved from /home/airflow/.local/lib/python3.7/site-packages/airflow/example_dags/tutorial_taskflow_api.py
[2023-03-08T00:06:03.331+0000] {logging_mixin.py:137} INFO - [2023-03-08T00:06:03.331+0000] {dag.py:2690} INFO - Sync 1 DAGs
[2023-03-08T00:06:03.414+0000] {logging_mixin.py:137} INFO - [2023-03-08T00:06:03.413+0000] {dag.py:3441} INFO - Setting next_dagrun for tutorial_taskflow_api to None, run_after=None
[2023-03-08T00:06:03.464+0000] {processor.py:175} INFO - Processing /home/airflow/.local/lib/python3.7/site-packages/airflow/example_dags/tutorial_taskflow_api.py took 0.304 seconds
[2023-03-08T00:06:33.896+0000] {processor.py:153} INFO - Started process (PID=3061) to work on /home/airflow/.local/lib/python3.7/site-packages/airflow/example_dags/tutorial_taskflow_api.py
[2023-03-08T00:06:33.901+0000] {processor.py:743} INFO - Processing file /home/airflow/.local/lib/python3.7/site-packages/airflow/example_dags/tutorial_taskflow_api.py for tasks to queue
[2023-03-08T00:06:33.906+0000] {logging_mixin.py:137} INFO - [2023-03-08T00:06:33.905+0000] {dagbag.py:538} INFO - Filling up the DagBag from /home/airflow/.local/lib/python3.7/site-packages/airflow/example_dags/tutorial_taskflow_api.py
[2023-03-08T00:06:33.952+0000] {processor.py:753} INFO - DAG(s) dict_keys(['tutorial_taskflow_api']) retrieved from /home/airflow/.local/lib/python3.7/site-packages/airflow/example_dags/tutorial_taskflow_api.py
[2023-03-08T00:06:34.018+0000] {logging_mixin.py:137} INFO - [2023-03-08T00:06:34.018+0000] {dag.py:2690} INFO - Sync 1 DAGs
[2023-03-08T00:06:34.075+0000] {logging_mixin.py:137} INFO - [2023-03-08T00:06:34.075+0000] {dag.py:3441} INFO - Setting next_dagrun for tutorial_taskflow_api to None, run_after=None
[2023-03-08T00:06:34.128+0000] {processor.py:175} INFO - Processing /home/airflow/.local/lib/python3.7/site-packages/airflow/example_dags/tutorial_taskflow_api.py took 0.242 seconds
[2023-03-08T00:07:04.220+0000] {processor.py:153} INFO - Started process (PID=3132) to work on /home/airflow/.local/lib/python3.7/site-packages/airflow/example_dags/tutorial_taskflow_api.py
[2023-03-08T00:07:04.226+0000] {processor.py:743} INFO - Processing file /home/airflow/.local/lib/python3.7/site-packages/airflow/example_dags/tutorial_taskflow_api.py for tasks to queue
[2023-03-08T00:07:04.230+0000] {logging_mixin.py:137} INFO - [2023-03-08T00:07:04.229+0000] {dagbag.py:538} INFO - Filling up the DagBag from /home/airflow/.local/lib/python3.7/site-packages/airflow/example_dags/tutorial_taskflow_api.py
[2023-03-08T00:07:04.300+0000] {processor.py:753} INFO - DAG(s) dict_keys(['tutorial_taskflow_api']) retrieved from /home/airflow/.local/lib/python3.7/site-packages/airflow/example_dags/tutorial_taskflow_api.py
[2023-03-08T00:07:04.399+0000] {logging_mixin.py:137} INFO - [2023-03-08T00:07:04.399+0000] {dag.py:2690} INFO - Sync 1 DAGs
[2023-03-08T00:07:04.491+0000] {logging_mixin.py:137} INFO - [2023-03-08T00:07:04.491+0000] {dag.py:3441} INFO - Setting next_dagrun for tutorial_taskflow_api to None, run_after=None
[2023-03-08T00:07:04.570+0000] {processor.py:175} INFO - Processing /home/airflow/.local/lib/python3.7/site-packages/airflow/example_dags/tutorial_taskflow_api.py took 0.360 seconds
[2023-03-08T00:07:41.465+0000] {processor.py:153} INFO - Started process (PID=3210) to work on /home/airflow/.local/lib/python3.7/site-packages/airflow/example_dags/tutorial_taskflow_api.py
[2023-03-08T00:07:41.476+0000] {processor.py:743} INFO - Processing file /home/airflow/.local/lib/python3.7/site-packages/airflow/example_dags/tutorial_taskflow_api.py for tasks to queue
[2023-03-08T00:07:41.481+0000] {logging_mixin.py:137} INFO - [2023-03-08T00:07:41.481+0000] {dagbag.py:538} INFO - Filling up the DagBag from /home/airflow/.local/lib/python3.7/site-packages/airflow/example_dags/tutorial_taskflow_api.py
[2023-03-08T00:07:41.565+0000] {processor.py:753} INFO - DAG(s) dict_keys(['tutorial_taskflow_api']) retrieved from /home/airflow/.local/lib/python3.7/site-packages/airflow/example_dags/tutorial_taskflow_api.py
[2023-03-08T00:07:41.682+0000] {logging_mixin.py:137} INFO - [2023-03-08T00:07:41.681+0000] {dag.py:2690} INFO - Sync 1 DAGs
[2023-03-08T00:07:41.805+0000] {logging_mixin.py:137} INFO - [2023-03-08T00:07:41.804+0000] {dag.py:3441} INFO - Setting next_dagrun for tutorial_taskflow_api to None, run_after=None
[2023-03-08T00:07:41.968+0000] {processor.py:175} INFO - Processing /home/airflow/.local/lib/python3.7/site-packages/airflow/example_dags/tutorial_taskflow_api.py took 0.523 seconds
[2023-03-08T00:08:14.780+0000] {processor.py:153} INFO - Started process (PID=3281) to work on /home/airflow/.local/lib/python3.7/site-packages/airflow/example_dags/tutorial_taskflow_api.py
[2023-03-08T00:08:14.785+0000] {processor.py:743} INFO - Processing file /home/airflow/.local/lib/python3.7/site-packages/airflow/example_dags/tutorial_taskflow_api.py for tasks to queue
[2023-03-08T00:08:14.794+0000] {logging_mixin.py:137} INFO - [2023-03-08T00:08:14.794+0000] {dagbag.py:538} INFO - Filling up the DagBag from /home/airflow/.local/lib/python3.7/site-packages/airflow/example_dags/tutorial_taskflow_api.py
[2023-03-08T00:08:14.902+0000] {processor.py:753} INFO - DAG(s) dict_keys(['tutorial_taskflow_api']) retrieved from /home/airflow/.local/lib/python3.7/site-packages/airflow/example_dags/tutorial_taskflow_api.py
[2023-03-08T00:08:15.033+0000] {logging_mixin.py:137} INFO - [2023-03-08T00:08:15.032+0000] {dag.py:2690} INFO - Sync 1 DAGs
[2023-03-08T00:08:15.227+0000] {logging_mixin.py:137} INFO - [2023-03-08T00:08:15.227+0000] {dag.py:3441} INFO - Setting next_dagrun for tutorial_taskflow_api to None, run_after=None
[2023-03-08T00:08:15.308+0000] {processor.py:175} INFO - Processing /home/airflow/.local/lib/python3.7/site-packages/airflow/example_dags/tutorial_taskflow_api.py took 0.540 seconds
[2023-03-08T00:08:49.764+0000] {processor.py:153} INFO - Started process (PID=3348) to work on /home/airflow/.local/lib/python3.7/site-packages/airflow/example_dags/tutorial_taskflow_api.py
[2023-03-08T00:08:49.774+0000] {processor.py:743} INFO - Processing file /home/airflow/.local/lib/python3.7/site-packages/airflow/example_dags/tutorial_taskflow_api.py for tasks to queue
[2023-03-08T00:08:49.781+0000] {logging_mixin.py:137} INFO - [2023-03-08T00:08:49.781+0000] {dagbag.py:538} INFO - Filling up the DagBag from /home/airflow/.local/lib/python3.7/site-packages/airflow/example_dags/tutorial_taskflow_api.py
[2023-03-08T00:08:49.899+0000] {processor.py:753} INFO - DAG(s) dict_keys(['tutorial_taskflow_api']) retrieved from /home/airflow/.local/lib/python3.7/site-packages/airflow/example_dags/tutorial_taskflow_api.py
[2023-03-08T00:08:50.097+0000] {logging_mixin.py:137} INFO - [2023-03-08T00:08:50.097+0000] {dag.py:2690} INFO - Sync 1 DAGs
[2023-03-08T00:08:50.303+0000] {logging_mixin.py:137} INFO - [2023-03-08T00:08:50.301+0000] {dag.py:3441} INFO - Setting next_dagrun for tutorial_taskflow_api to None, run_after=None
[2023-03-08T00:08:50.379+0000] {processor.py:175} INFO - Processing /home/airflow/.local/lib/python3.7/site-packages/airflow/example_dags/tutorial_taskflow_api.py took 0.630 seconds
[2023-03-08T00:09:21.075+0000] {processor.py:153} INFO - Started process (PID=3408) to work on /home/airflow/.local/lib/python3.7/site-packages/airflow/example_dags/tutorial_taskflow_api.py
[2023-03-08T00:09:21.140+0000] {processor.py:743} INFO - Processing file /home/airflow/.local/lib/python3.7/site-packages/airflow/example_dags/tutorial_taskflow_api.py for tasks to queue
[2023-03-08T00:09:21.144+0000] {logging_mixin.py:137} INFO - [2023-03-08T00:09:21.144+0000] {dagbag.py:538} INFO - Filling up the DagBag from /home/airflow/.local/lib/python3.7/site-packages/airflow/example_dags/tutorial_taskflow_api.py
[2023-03-08T00:09:21.341+0000] {processor.py:753} INFO - DAG(s) dict_keys(['tutorial_taskflow_api']) retrieved from /home/airflow/.local/lib/python3.7/site-packages/airflow/example_dags/tutorial_taskflow_api.py
[2023-03-08T00:09:21.562+0000] {logging_mixin.py:137} INFO - [2023-03-08T00:09:21.562+0000] {dag.py:2690} INFO - Sync 1 DAGs
[2023-03-08T00:09:21.795+0000] {logging_mixin.py:137} INFO - [2023-03-08T00:09:21.795+0000] {dag.py:3441} INFO - Setting next_dagrun for tutorial_taskflow_api to None, run_after=None
[2023-03-08T00:09:21.941+0000] {processor.py:175} INFO - Processing /home/airflow/.local/lib/python3.7/site-packages/airflow/example_dags/tutorial_taskflow_api.py took 0.902 seconds
[2023-03-08T00:09:52.328+0000] {processor.py:153} INFO - Started process (PID=3477) to work on /home/airflow/.local/lib/python3.7/site-packages/airflow/example_dags/tutorial_taskflow_api.py
[2023-03-08T00:09:52.332+0000] {processor.py:743} INFO - Processing file /home/airflow/.local/lib/python3.7/site-packages/airflow/example_dags/tutorial_taskflow_api.py for tasks to queue
[2023-03-08T00:09:52.337+0000] {logging_mixin.py:137} INFO - [2023-03-08T00:09:52.336+0000] {dagbag.py:538} INFO - Filling up the DagBag from /home/airflow/.local/lib/python3.7/site-packages/airflow/example_dags/tutorial_taskflow_api.py
[2023-03-08T00:09:52.390+0000] {processor.py:753} INFO - DAG(s) dict_keys(['tutorial_taskflow_api']) retrieved from /home/airflow/.local/lib/python3.7/site-packages/airflow/example_dags/tutorial_taskflow_api.py
[2023-03-08T00:09:52.474+0000] {logging_mixin.py:137} INFO - [2023-03-08T00:09:52.474+0000] {dag.py:2690} INFO - Sync 1 DAGs
[2023-03-08T00:09:52.558+0000] {logging_mixin.py:137} INFO - [2023-03-08T00:09:52.557+0000] {dag.py:3441} INFO - Setting next_dagrun for tutorial_taskflow_api to None, run_after=None
[2023-03-08T00:09:52.607+0000] {processor.py:175} INFO - Processing /home/airflow/.local/lib/python3.7/site-packages/airflow/example_dags/tutorial_taskflow_api.py took 0.289 seconds
[2023-03-08T00:10:23.481+0000] {processor.py:153} INFO - Started process (PID=3544) to work on /home/airflow/.local/lib/python3.7/site-packages/airflow/example_dags/tutorial_taskflow_api.py
[2023-03-08T00:10:23.490+0000] {processor.py:743} INFO - Processing file /home/airflow/.local/lib/python3.7/site-packages/airflow/example_dags/tutorial_taskflow_api.py for tasks to queue
[2023-03-08T00:10:23.494+0000] {logging_mixin.py:137} INFO - [2023-03-08T00:10:23.493+0000] {dagbag.py:538} INFO - Filling up the DagBag from /home/airflow/.local/lib/python3.7/site-packages/airflow/example_dags/tutorial_taskflow_api.py
[2023-03-08T00:10:23.578+0000] {processor.py:753} INFO - DAG(s) dict_keys(['tutorial_taskflow_api']) retrieved from /home/airflow/.local/lib/python3.7/site-packages/airflow/example_dags/tutorial_taskflow_api.py
[2023-03-08T00:10:23.741+0000] {logging_mixin.py:137} INFO - [2023-03-08T00:10:23.740+0000] {dag.py:2690} INFO - Sync 1 DAGs
[2023-03-08T00:10:23.834+0000] {logging_mixin.py:137} INFO - [2023-03-08T00:10:23.833+0000] {dag.py:3441} INFO - Setting next_dagrun for tutorial_taskflow_api to None, run_after=None
[2023-03-08T00:10:23.900+0000] {processor.py:175} INFO - Processing /home/airflow/.local/lib/python3.7/site-packages/airflow/example_dags/tutorial_taskflow_api.py took 0.432 seconds
[2023-03-08T00:10:54.042+0000] {processor.py:153} INFO - Started process (PID=3607) to work on /home/airflow/.local/lib/python3.7/site-packages/airflow/example_dags/tutorial_taskflow_api.py
[2023-03-08T00:10:54.046+0000] {processor.py:743} INFO - Processing file /home/airflow/.local/lib/python3.7/site-packages/airflow/example_dags/tutorial_taskflow_api.py for tasks to queue
[2023-03-08T00:10:54.051+0000] {logging_mixin.py:137} INFO - [2023-03-08T00:10:54.051+0000] {dagbag.py:538} INFO - Filling up the DagBag from /home/airflow/.local/lib/python3.7/site-packages/airflow/example_dags/tutorial_taskflow_api.py
[2023-03-08T00:10:54.150+0000] {processor.py:753} INFO - DAG(s) dict_keys(['tutorial_taskflow_api']) retrieved from /home/airflow/.local/lib/python3.7/site-packages/airflow/example_dags/tutorial_taskflow_api.py
[2023-03-08T00:10:54.253+0000] {logging_mixin.py:137} INFO - [2023-03-08T00:10:54.253+0000] {dag.py:2690} INFO - Sync 1 DAGs
[2023-03-08T00:10:54.331+0000] {logging_mixin.py:137} INFO - [2023-03-08T00:10:54.330+0000] {dag.py:3441} INFO - Setting next_dagrun for tutorial_taskflow_api to None, run_after=None
[2023-03-08T00:10:54.380+0000] {processor.py:175} INFO - Processing /home/airflow/.local/lib/python3.7/site-packages/airflow/example_dags/tutorial_taskflow_api.py took 0.348 seconds
[2023-03-08T00:11:24.874+0000] {processor.py:153} INFO - Started process (PID=3678) to work on /home/airflow/.local/lib/python3.7/site-packages/airflow/example_dags/tutorial_taskflow_api.py
[2023-03-08T00:11:24.880+0000] {processor.py:743} INFO - Processing file /home/airflow/.local/lib/python3.7/site-packages/airflow/example_dags/tutorial_taskflow_api.py for tasks to queue
[2023-03-08T00:11:24.885+0000] {logging_mixin.py:137} INFO - [2023-03-08T00:11:24.885+0000] {dagbag.py:538} INFO - Filling up the DagBag from /home/airflow/.local/lib/python3.7/site-packages/airflow/example_dags/tutorial_taskflow_api.py
[2023-03-08T00:11:24.949+0000] {processor.py:753} INFO - DAG(s) dict_keys(['tutorial_taskflow_api']) retrieved from /home/airflow/.local/lib/python3.7/site-packages/airflow/example_dags/tutorial_taskflow_api.py
[2023-03-08T00:11:25.068+0000] {logging_mixin.py:137} INFO - [2023-03-08T00:11:25.067+0000] {dag.py:2690} INFO - Sync 1 DAGs
[2023-03-08T00:11:25.278+0000] {logging_mixin.py:137} INFO - [2023-03-08T00:11:25.275+0000] {dag.py:3441} INFO - Setting next_dagrun for tutorial_taskflow_api to None, run_after=None
[2023-03-08T00:11:25.358+0000] {processor.py:175} INFO - Processing /home/airflow/.local/lib/python3.7/site-packages/airflow/example_dags/tutorial_taskflow_api.py took 0.496 seconds
[2023-03-08T00:11:56.035+0000] {processor.py:153} INFO - Started process (PID=3749) to work on /home/airflow/.local/lib/python3.7/site-packages/airflow/example_dags/tutorial_taskflow_api.py
[2023-03-08T00:11:56.041+0000] {processor.py:743} INFO - Processing file /home/airflow/.local/lib/python3.7/site-packages/airflow/example_dags/tutorial_taskflow_api.py for tasks to queue
[2023-03-08T00:11:56.044+0000] {logging_mixin.py:137} INFO - [2023-03-08T00:11:56.043+0000] {dagbag.py:538} INFO - Filling up the DagBag from /home/airflow/.local/lib/python3.7/site-packages/airflow/example_dags/tutorial_taskflow_api.py
[2023-03-08T00:11:56.086+0000] {processor.py:753} INFO - DAG(s) dict_keys(['tutorial_taskflow_api']) retrieved from /home/airflow/.local/lib/python3.7/site-packages/airflow/example_dags/tutorial_taskflow_api.py
[2023-03-08T00:11:56.141+0000] {logging_mixin.py:137} INFO - [2023-03-08T00:11:56.141+0000] {dag.py:2690} INFO - Sync 1 DAGs
[2023-03-08T00:11:56.191+0000] {logging_mixin.py:137} INFO - [2023-03-08T00:11:56.191+0000] {dag.py:3441} INFO - Setting next_dagrun for tutorial_taskflow_api to None, run_after=None
[2023-03-08T00:11:56.231+0000] {processor.py:175} INFO - Processing /home/airflow/.local/lib/python3.7/site-packages/airflow/example_dags/tutorial_taskflow_api.py took 0.205 seconds
[2023-03-08T00:12:26.326+0000] {processor.py:153} INFO - Started process (PID=3820) to work on /home/airflow/.local/lib/python3.7/site-packages/airflow/example_dags/tutorial_taskflow_api.py
[2023-03-08T00:12:26.330+0000] {processor.py:743} INFO - Processing file /home/airflow/.local/lib/python3.7/site-packages/airflow/example_dags/tutorial_taskflow_api.py for tasks to queue
[2023-03-08T00:12:26.334+0000] {logging_mixin.py:137} INFO - [2023-03-08T00:12:26.334+0000] {dagbag.py:538} INFO - Filling up the DagBag from /home/airflow/.local/lib/python3.7/site-packages/airflow/example_dags/tutorial_taskflow_api.py
[2023-03-08T00:12:26.398+0000] {processor.py:753} INFO - DAG(s) dict_keys(['tutorial_taskflow_api']) retrieved from /home/airflow/.local/lib/python3.7/site-packages/airflow/example_dags/tutorial_taskflow_api.py
[2023-03-08T00:12:26.466+0000] {logging_mixin.py:137} INFO - [2023-03-08T00:12:26.466+0000] {dag.py:2690} INFO - Sync 1 DAGs
[2023-03-08T00:12:26.548+0000] {logging_mixin.py:137} INFO - [2023-03-08T00:12:26.547+0000] {dag.py:3441} INFO - Setting next_dagrun for tutorial_taskflow_api to None, run_after=None
[2023-03-08T00:12:26.605+0000] {processor.py:175} INFO - Processing /home/airflow/.local/lib/python3.7/site-packages/airflow/example_dags/tutorial_taskflow_api.py took 0.289 seconds
