[2023-03-08T00:00:20.314+0000] {processor.py:153} INFO - Started process (PID=2281) to work on /home/airflow/.local/lib/python3.7/site-packages/airflow/example_dags/tutorial_taskflow_api_virtualenv.py
[2023-03-08T00:00:20.318+0000] {processor.py:743} INFO - Processing file /home/airflow/.local/lib/python3.7/site-packages/airflow/example_dags/tutorial_taskflow_api_virtualenv.py for tasks to queue
[2023-03-08T00:00:20.323+0000] {logging_mixin.py:137} INFO - [2023-03-08T00:00:20.323+0000] {dagbag.py:538} INFO - Filling up the DagBag from /home/airflow/.local/lib/python3.7/site-packages/airflow/example_dags/tutorial_taskflow_api_virtualenv.py
[2023-03-08T00:00:20.431+0000] {processor.py:753} INFO - DAG(s) dict_keys(['tutorial_taskflow_api_virtualenv']) retrieved from /home/airflow/.local/lib/python3.7/site-packages/airflow/example_dags/tutorial_taskflow_api_virtualenv.py
[2023-03-08T00:00:20.526+0000] {logging_mixin.py:137} INFO - [2023-03-08T00:00:20.525+0000] {dag.py:2690} INFO - Sync 1 DAGs
[2023-03-08T00:00:20.625+0000] {logging_mixin.py:137} INFO - [2023-03-08T00:00:20.625+0000] {dag.py:3441} INFO - Setting next_dagrun for tutorial_taskflow_api_virtualenv to None, run_after=None
[2023-03-08T00:00:20.696+0000] {processor.py:175} INFO - Processing /home/airflow/.local/lib/python3.7/site-packages/airflow/example_dags/tutorial_taskflow_api_virtualenv.py took 0.397 seconds
[2023-03-08T00:00:50.855+0000] {processor.py:153} INFO - Started process (PID=2341) to work on /home/airflow/.local/lib/python3.7/site-packages/airflow/example_dags/tutorial_taskflow_api_virtualenv.py
[2023-03-08T00:00:50.861+0000] {processor.py:743} INFO - Processing file /home/airflow/.local/lib/python3.7/site-packages/airflow/example_dags/tutorial_taskflow_api_virtualenv.py for tasks to queue
[2023-03-08T00:00:50.878+0000] {logging_mixin.py:137} INFO - [2023-03-08T00:00:50.877+0000] {dagbag.py:538} INFO - Filling up the DagBag from /home/airflow/.local/lib/python3.7/site-packages/airflow/example_dags/tutorial_taskflow_api_virtualenv.py
[2023-03-08T00:00:50.998+0000] {processor.py:753} INFO - DAG(s) dict_keys(['tutorial_taskflow_api_virtualenv']) retrieved from /home/airflow/.local/lib/python3.7/site-packages/airflow/example_dags/tutorial_taskflow_api_virtualenv.py
[2023-03-08T00:00:51.257+0000] {logging_mixin.py:137} INFO - [2023-03-08T00:00:51.256+0000] {dag.py:2690} INFO - Sync 1 DAGs
[2023-03-08T00:00:51.387+0000] {logging_mixin.py:137} INFO - [2023-03-08T00:00:51.386+0000] {dag.py:3441} INFO - Setting next_dagrun for tutorial_taskflow_api_virtualenv to None, run_after=None
[2023-03-08T00:00:51.450+0000] {processor.py:175} INFO - Processing /home/airflow/.local/lib/python3.7/site-packages/airflow/example_dags/tutorial_taskflow_api_virtualenv.py took 0.610 seconds
[2023-03-08T00:01:22.262+0000] {processor.py:153} INFO - Started process (PID=2412) to work on /home/airflow/.local/lib/python3.7/site-packages/airflow/example_dags/tutorial_taskflow_api_virtualenv.py
[2023-03-08T00:01:22.269+0000] {processor.py:743} INFO - Processing file /home/airflow/.local/lib/python3.7/site-packages/airflow/example_dags/tutorial_taskflow_api_virtualenv.py for tasks to queue
[2023-03-08T00:01:22.274+0000] {logging_mixin.py:137} INFO - [2023-03-08T00:01:22.273+0000] {dagbag.py:538} INFO - Filling up the DagBag from /home/airflow/.local/lib/python3.7/site-packages/airflow/example_dags/tutorial_taskflow_api_virtualenv.py
[2023-03-08T00:01:22.389+0000] {processor.py:753} INFO - DAG(s) dict_keys(['tutorial_taskflow_api_virtualenv']) retrieved from /home/airflow/.local/lib/python3.7/site-packages/airflow/example_dags/tutorial_taskflow_api_virtualenv.py
[2023-03-08T00:01:22.537+0000] {logging_mixin.py:137} INFO - [2023-03-08T00:01:22.536+0000] {dag.py:2690} INFO - Sync 1 DAGs
[2023-03-08T00:01:22.721+0000] {logging_mixin.py:137} INFO - [2023-03-08T00:01:22.720+0000] {dag.py:3441} INFO - Setting next_dagrun for tutorial_taskflow_api_virtualenv to None, run_after=None
[2023-03-08T00:01:22.873+0000] {processor.py:175} INFO - Processing /home/airflow/.local/lib/python3.7/site-packages/airflow/example_dags/tutorial_taskflow_api_virtualenv.py took 0.668 seconds
[2023-03-08T00:01:59.705+0000] {processor.py:153} INFO - Started process (PID=2480) to work on /home/airflow/.local/lib/python3.7/site-packages/airflow/example_dags/tutorial_taskflow_api_virtualenv.py
[2023-03-08T00:01:59.720+0000] {processor.py:743} INFO - Processing file /home/airflow/.local/lib/python3.7/site-packages/airflow/example_dags/tutorial_taskflow_api_virtualenv.py for tasks to queue
[2023-03-08T00:01:59.729+0000] {logging_mixin.py:137} INFO - [2023-03-08T00:01:59.727+0000] {dagbag.py:538} INFO - Filling up the DagBag from /home/airflow/.local/lib/python3.7/site-packages/airflow/example_dags/tutorial_taskflow_api_virtualenv.py
[2023-03-08T00:01:59.890+0000] {processor.py:753} INFO - DAG(s) dict_keys(['tutorial_taskflow_api_virtualenv']) retrieved from /home/airflow/.local/lib/python3.7/site-packages/airflow/example_dags/tutorial_taskflow_api_virtualenv.py
[2023-03-08T00:02:00.046+0000] {logging_mixin.py:137} INFO - [2023-03-08T00:02:00.045+0000] {dag.py:2690} INFO - Sync 1 DAGs
[2023-03-08T00:02:00.225+0000] {logging_mixin.py:137} INFO - [2023-03-08T00:02:00.225+0000] {dag.py:3441} INFO - Setting next_dagrun for tutorial_taskflow_api_virtualenv to None, run_after=None
[2023-03-08T00:02:00.424+0000] {processor.py:175} INFO - Processing /home/airflow/.local/lib/python3.7/site-packages/airflow/example_dags/tutorial_taskflow_api_virtualenv.py took 0.738 seconds
[2023-03-08T00:02:35.738+0000] {processor.py:153} INFO - Started process (PID=2547) to work on /home/airflow/.local/lib/python3.7/site-packages/airflow/example_dags/tutorial_taskflow_api_virtualenv.py
[2023-03-08T00:02:35.833+0000] {processor.py:743} INFO - Processing file /home/airflow/.local/lib/python3.7/site-packages/airflow/example_dags/tutorial_taskflow_api_virtualenv.py for tasks to queue
[2023-03-08T00:02:35.846+0000] {logging_mixin.py:137} INFO - [2023-03-08T00:02:35.838+0000] {dagbag.py:538} INFO - Filling up the DagBag from /home/airflow/.local/lib/python3.7/site-packages/airflow/example_dags/tutorial_taskflow_api_virtualenv.py
[2023-03-08T00:02:36.006+0000] {processor.py:753} INFO - DAG(s) dict_keys(['tutorial_taskflow_api_virtualenv']) retrieved from /home/airflow/.local/lib/python3.7/site-packages/airflow/example_dags/tutorial_taskflow_api_virtualenv.py
[2023-03-08T00:02:36.244+0000] {logging_mixin.py:137} INFO - [2023-03-08T00:02:36.244+0000] {dag.py:2690} INFO - Sync 1 DAGs
[2023-03-08T00:02:36.766+0000] {logging_mixin.py:137} INFO - [2023-03-08T00:02:36.762+0000] {dag.py:3441} INFO - Setting next_dagrun for tutorial_taskflow_api_virtualenv to None, run_after=None
[2023-03-08T00:02:37.004+0000] {processor.py:175} INFO - Processing /home/airflow/.local/lib/python3.7/site-packages/airflow/example_dags/tutorial_taskflow_api_virtualenv.py took 1.290 seconds
[2023-03-08T00:03:09.232+0000] {processor.py:153} INFO - Started process (PID=2609) to work on /home/airflow/.local/lib/python3.7/site-packages/airflow/example_dags/tutorial_taskflow_api_virtualenv.py
[2023-03-08T00:03:09.242+0000] {processor.py:743} INFO - Processing file /home/airflow/.local/lib/python3.7/site-packages/airflow/example_dags/tutorial_taskflow_api_virtualenv.py for tasks to queue
[2023-03-08T00:03:09.247+0000] {logging_mixin.py:137} INFO - [2023-03-08T00:03:09.246+0000] {dagbag.py:538} INFO - Filling up the DagBag from /home/airflow/.local/lib/python3.7/site-packages/airflow/example_dags/tutorial_taskflow_api_virtualenv.py
[2023-03-08T00:03:09.350+0000] {processor.py:753} INFO - DAG(s) dict_keys(['tutorial_taskflow_api_virtualenv']) retrieved from /home/airflow/.local/lib/python3.7/site-packages/airflow/example_dags/tutorial_taskflow_api_virtualenv.py
[2023-03-08T00:03:09.547+0000] {logging_mixin.py:137} INFO - [2023-03-08T00:03:09.546+0000] {dag.py:2690} INFO - Sync 1 DAGs
[2023-03-08T00:03:09.705+0000] {logging_mixin.py:137} INFO - [2023-03-08T00:03:09.704+0000] {dag.py:3441} INFO - Setting next_dagrun for tutorial_taskflow_api_virtualenv to None, run_after=None
[2023-03-08T00:03:09.774+0000] {processor.py:175} INFO - Processing /home/airflow/.local/lib/python3.7/site-packages/airflow/example_dags/tutorial_taskflow_api_virtualenv.py took 0.561 seconds
[2023-03-08T00:03:41.570+0000] {processor.py:153} INFO - Started process (PID=2679) to work on /home/airflow/.local/lib/python3.7/site-packages/airflow/example_dags/tutorial_taskflow_api_virtualenv.py
[2023-03-08T00:03:41.586+0000] {processor.py:743} INFO - Processing file /home/airflow/.local/lib/python3.7/site-packages/airflow/example_dags/tutorial_taskflow_api_virtualenv.py for tasks to queue
[2023-03-08T00:03:41.592+0000] {logging_mixin.py:137} INFO - [2023-03-08T00:03:41.592+0000] {dagbag.py:538} INFO - Filling up the DagBag from /home/airflow/.local/lib/python3.7/site-packages/airflow/example_dags/tutorial_taskflow_api_virtualenv.py
[2023-03-08T00:03:41.744+0000] {processor.py:753} INFO - DAG(s) dict_keys(['tutorial_taskflow_api_virtualenv']) retrieved from /home/airflow/.local/lib/python3.7/site-packages/airflow/example_dags/tutorial_taskflow_api_virtualenv.py
[2023-03-08T00:03:41.852+0000] {logging_mixin.py:137} INFO - [2023-03-08T00:03:41.852+0000] {dag.py:2690} INFO - Sync 1 DAGs
[2023-03-08T00:03:42.017+0000] {logging_mixin.py:137} INFO - [2023-03-08T00:03:42.017+0000] {dag.py:3441} INFO - Setting next_dagrun for tutorial_taskflow_api_virtualenv to None, run_after=None
[2023-03-08T00:03:42.147+0000] {processor.py:175} INFO - Processing /home/airflow/.local/lib/python3.7/site-packages/airflow/example_dags/tutorial_taskflow_api_virtualenv.py took 0.598 seconds
[2023-03-08T00:04:12.403+0000] {processor.py:153} INFO - Started process (PID=2746) to work on /home/airflow/.local/lib/python3.7/site-packages/airflow/example_dags/tutorial_taskflow_api_virtualenv.py
[2023-03-08T00:04:12.407+0000] {processor.py:743} INFO - Processing file /home/airflow/.local/lib/python3.7/site-packages/airflow/example_dags/tutorial_taskflow_api_virtualenv.py for tasks to queue
[2023-03-08T00:04:12.412+0000] {logging_mixin.py:137} INFO - [2023-03-08T00:04:12.411+0000] {dagbag.py:538} INFO - Filling up the DagBag from /home/airflow/.local/lib/python3.7/site-packages/airflow/example_dags/tutorial_taskflow_api_virtualenv.py
[2023-03-08T00:04:12.480+0000] {processor.py:753} INFO - DAG(s) dict_keys(['tutorial_taskflow_api_virtualenv']) retrieved from /home/airflow/.local/lib/python3.7/site-packages/airflow/example_dags/tutorial_taskflow_api_virtualenv.py
[2023-03-08T00:04:12.573+0000] {logging_mixin.py:137} INFO - [2023-03-08T00:04:12.573+0000] {dag.py:2690} INFO - Sync 1 DAGs
[2023-03-08T00:04:12.673+0000] {logging_mixin.py:137} INFO - [2023-03-08T00:04:12.673+0000] {dag.py:3441} INFO - Setting next_dagrun for tutorial_taskflow_api_virtualenv to None, run_after=None
[2023-03-08T00:04:12.756+0000] {processor.py:175} INFO - Processing /home/airflow/.local/lib/python3.7/site-packages/airflow/example_dags/tutorial_taskflow_api_virtualenv.py took 0.369 seconds
[2023-03-08T00:04:42.979+0000] {processor.py:153} INFO - Started process (PID=2816) to work on /home/airflow/.local/lib/python3.7/site-packages/airflow/example_dags/tutorial_taskflow_api_virtualenv.py
[2023-03-08T00:04:42.982+0000] {processor.py:743} INFO - Processing file /home/airflow/.local/lib/python3.7/site-packages/airflow/example_dags/tutorial_taskflow_api_virtualenv.py for tasks to queue
[2023-03-08T00:04:42.986+0000] {logging_mixin.py:137} INFO - [2023-03-08T00:04:42.985+0000] {dagbag.py:538} INFO - Filling up the DagBag from /home/airflow/.local/lib/python3.7/site-packages/airflow/example_dags/tutorial_taskflow_api_virtualenv.py
[2023-03-08T00:04:43.050+0000] {processor.py:753} INFO - DAG(s) dict_keys(['tutorial_taskflow_api_virtualenv']) retrieved from /home/airflow/.local/lib/python3.7/site-packages/airflow/example_dags/tutorial_taskflow_api_virtualenv.py
[2023-03-08T00:04:43.121+0000] {logging_mixin.py:137} INFO - [2023-03-08T00:04:43.121+0000] {dag.py:2690} INFO - Sync 1 DAGs
[2023-03-08T00:04:43.183+0000] {logging_mixin.py:137} INFO - [2023-03-08T00:04:43.183+0000] {dag.py:3441} INFO - Setting next_dagrun for tutorial_taskflow_api_virtualenv to None, run_after=None
[2023-03-08T00:04:43.239+0000] {processor.py:175} INFO - Processing /home/airflow/.local/lib/python3.7/site-packages/airflow/example_dags/tutorial_taskflow_api_virtualenv.py took 0.271 seconds
[2023-03-08T00:05:13.683+0000] {processor.py:153} INFO - Started process (PID=2886) to work on /home/airflow/.local/lib/python3.7/site-packages/airflow/example_dags/tutorial_taskflow_api_virtualenv.py
[2023-03-08T00:05:13.696+0000] {processor.py:743} INFO - Processing file /home/airflow/.local/lib/python3.7/site-packages/airflow/example_dags/tutorial_taskflow_api_virtualenv.py for tasks to queue
[2023-03-08T00:05:13.704+0000] {logging_mixin.py:137} INFO - [2023-03-08T00:05:13.703+0000] {dagbag.py:538} INFO - Filling up the DagBag from /home/airflow/.local/lib/python3.7/site-packages/airflow/example_dags/tutorial_taskflow_api_virtualenv.py
[2023-03-08T00:05:13.791+0000] {processor.py:753} INFO - DAG(s) dict_keys(['tutorial_taskflow_api_virtualenv']) retrieved from /home/airflow/.local/lib/python3.7/site-packages/airflow/example_dags/tutorial_taskflow_api_virtualenv.py
[2023-03-08T00:05:13.900+0000] {logging_mixin.py:137} INFO - [2023-03-08T00:05:13.900+0000] {dag.py:2690} INFO - Sync 1 DAGs
[2023-03-08T00:05:13.994+0000] {logging_mixin.py:137} INFO - [2023-03-08T00:05:13.994+0000] {dag.py:3441} INFO - Setting next_dagrun for tutorial_taskflow_api_virtualenv to None, run_after=None
[2023-03-08T00:05:14.047+0000] {processor.py:175} INFO - Processing /home/airflow/.local/lib/python3.7/site-packages/airflow/example_dags/tutorial_taskflow_api_virtualenv.py took 0.382 seconds
[2023-03-08T00:05:44.135+0000] {processor.py:153} INFO - Started process (PID=2957) to work on /home/airflow/.local/lib/python3.7/site-packages/airflow/example_dags/tutorial_taskflow_api_virtualenv.py
[2023-03-08T00:05:44.141+0000] {processor.py:743} INFO - Processing file /home/airflow/.local/lib/python3.7/site-packages/airflow/example_dags/tutorial_taskflow_api_virtualenv.py for tasks to queue
[2023-03-08T00:05:44.145+0000] {logging_mixin.py:137} INFO - [2023-03-08T00:05:44.144+0000] {dagbag.py:538} INFO - Filling up the DagBag from /home/airflow/.local/lib/python3.7/site-packages/airflow/example_dags/tutorial_taskflow_api_virtualenv.py
[2023-03-08T00:05:44.193+0000] {processor.py:753} INFO - DAG(s) dict_keys(['tutorial_taskflow_api_virtualenv']) retrieved from /home/airflow/.local/lib/python3.7/site-packages/airflow/example_dags/tutorial_taskflow_api_virtualenv.py
[2023-03-08T00:05:44.261+0000] {logging_mixin.py:137} INFO - [2023-03-08T00:05:44.261+0000] {dag.py:2690} INFO - Sync 1 DAGs
[2023-03-08T00:05:44.322+0000] {logging_mixin.py:137} INFO - [2023-03-08T00:05:44.321+0000] {dag.py:3441} INFO - Setting next_dagrun for tutorial_taskflow_api_virtualenv to None, run_after=None
[2023-03-08T00:05:44.371+0000] {processor.py:175} INFO - Processing /home/airflow/.local/lib/python3.7/site-packages/airflow/example_dags/tutorial_taskflow_api_virtualenv.py took 0.245 seconds
[2023-03-08T00:06:14.564+0000] {processor.py:153} INFO - Started process (PID=3028) to work on /home/airflow/.local/lib/python3.7/site-packages/airflow/example_dags/tutorial_taskflow_api_virtualenv.py
[2023-03-08T00:06:14.568+0000] {processor.py:743} INFO - Processing file /home/airflow/.local/lib/python3.7/site-packages/airflow/example_dags/tutorial_taskflow_api_virtualenv.py for tasks to queue
[2023-03-08T00:06:14.572+0000] {logging_mixin.py:137} INFO - [2023-03-08T00:06:14.572+0000] {dagbag.py:538} INFO - Filling up the DagBag from /home/airflow/.local/lib/python3.7/site-packages/airflow/example_dags/tutorial_taskflow_api_virtualenv.py
[2023-03-08T00:06:14.632+0000] {processor.py:753} INFO - DAG(s) dict_keys(['tutorial_taskflow_api_virtualenv']) retrieved from /home/airflow/.local/lib/python3.7/site-packages/airflow/example_dags/tutorial_taskflow_api_virtualenv.py
[2023-03-08T00:06:14.712+0000] {logging_mixin.py:137} INFO - [2023-03-08T00:06:14.711+0000] {dag.py:2690} INFO - Sync 1 DAGs
[2023-03-08T00:06:14.773+0000] {logging_mixin.py:137} INFO - [2023-03-08T00:06:14.773+0000] {dag.py:3441} INFO - Setting next_dagrun for tutorial_taskflow_api_virtualenv to None, run_after=None
[2023-03-08T00:06:14.826+0000] {processor.py:175} INFO - Processing /home/airflow/.local/lib/python3.7/site-packages/airflow/example_dags/tutorial_taskflow_api_virtualenv.py took 0.273 seconds
[2023-03-08T00:06:44.965+0000] {processor.py:153} INFO - Started process (PID=3099) to work on /home/airflow/.local/lib/python3.7/site-packages/airflow/example_dags/tutorial_taskflow_api_virtualenv.py
[2023-03-08T00:06:44.969+0000] {processor.py:743} INFO - Processing file /home/airflow/.local/lib/python3.7/site-packages/airflow/example_dags/tutorial_taskflow_api_virtualenv.py for tasks to queue
[2023-03-08T00:06:44.976+0000] {logging_mixin.py:137} INFO - [2023-03-08T00:06:44.975+0000] {dagbag.py:538} INFO - Filling up the DagBag from /home/airflow/.local/lib/python3.7/site-packages/airflow/example_dags/tutorial_taskflow_api_virtualenv.py
[2023-03-08T00:06:45.039+0000] {processor.py:753} INFO - DAG(s) dict_keys(['tutorial_taskflow_api_virtualenv']) retrieved from /home/airflow/.local/lib/python3.7/site-packages/airflow/example_dags/tutorial_taskflow_api_virtualenv.py
[2023-03-08T00:06:45.114+0000] {logging_mixin.py:137} INFO - [2023-03-08T00:06:45.114+0000] {dag.py:2690} INFO - Sync 1 DAGs
[2023-03-08T00:06:45.271+0000] {logging_mixin.py:137} INFO - [2023-03-08T00:06:45.271+0000] {dag.py:3441} INFO - Setting next_dagrun for tutorial_taskflow_api_virtualenv to None, run_after=None
[2023-03-08T00:06:45.352+0000] {processor.py:175} INFO - Processing /home/airflow/.local/lib/python3.7/site-packages/airflow/example_dags/tutorial_taskflow_api_virtualenv.py took 0.399 seconds
[2023-03-08T00:07:17.534+0000] {processor.py:153} INFO - Started process (PID=3168) to work on /home/airflow/.local/lib/python3.7/site-packages/airflow/example_dags/tutorial_taskflow_api_virtualenv.py
[2023-03-08T00:07:17.589+0000] {processor.py:743} INFO - Processing file /home/airflow/.local/lib/python3.7/site-packages/airflow/example_dags/tutorial_taskflow_api_virtualenv.py for tasks to queue
[2023-03-08T00:07:17.598+0000] {logging_mixin.py:137} INFO - [2023-03-08T00:07:17.598+0000] {dagbag.py:538} INFO - Filling up the DagBag from /home/airflow/.local/lib/python3.7/site-packages/airflow/example_dags/tutorial_taskflow_api_virtualenv.py
[2023-03-08T00:07:17.923+0000] {processor.py:753} INFO - DAG(s) dict_keys(['tutorial_taskflow_api_virtualenv']) retrieved from /home/airflow/.local/lib/python3.7/site-packages/airflow/example_dags/tutorial_taskflow_api_virtualenv.py
[2023-03-08T00:07:18.033+0000] {logging_mixin.py:137} INFO - [2023-03-08T00:07:18.033+0000] {dag.py:2690} INFO - Sync 1 DAGs
[2023-03-08T00:07:18.202+0000] {logging_mixin.py:137} INFO - [2023-03-08T00:07:18.201+0000] {dag.py:3441} INFO - Setting next_dagrun for tutorial_taskflow_api_virtualenv to None, run_after=None
[2023-03-08T00:07:18.296+0000] {processor.py:175} INFO - Processing /home/airflow/.local/lib/python3.7/site-packages/airflow/example_dags/tutorial_taskflow_api_virtualenv.py took 0.805 seconds
[2023-03-08T00:07:51.891+0000] {processor.py:153} INFO - Started process (PID=3243) to work on /home/airflow/.local/lib/python3.7/site-packages/airflow/example_dags/tutorial_taskflow_api_virtualenv.py
[2023-03-08T00:07:51.899+0000] {processor.py:743} INFO - Processing file /home/airflow/.local/lib/python3.7/site-packages/airflow/example_dags/tutorial_taskflow_api_virtualenv.py for tasks to queue
[2023-03-08T00:07:51.904+0000] {logging_mixin.py:137} INFO - [2023-03-08T00:07:51.904+0000] {dagbag.py:538} INFO - Filling up the DagBag from /home/airflow/.local/lib/python3.7/site-packages/airflow/example_dags/tutorial_taskflow_api_virtualenv.py
[2023-03-08T00:07:51.997+0000] {processor.py:753} INFO - DAG(s) dict_keys(['tutorial_taskflow_api_virtualenv']) retrieved from /home/airflow/.local/lib/python3.7/site-packages/airflow/example_dags/tutorial_taskflow_api_virtualenv.py
[2023-03-08T00:07:52.126+0000] {logging_mixin.py:137} INFO - [2023-03-08T00:07:52.126+0000] {dag.py:2690} INFO - Sync 1 DAGs
[2023-03-08T00:07:52.259+0000] {logging_mixin.py:137} INFO - [2023-03-08T00:07:52.258+0000] {dag.py:3441} INFO - Setting next_dagrun for tutorial_taskflow_api_virtualenv to None, run_after=None
[2023-03-08T00:07:52.353+0000] {processor.py:175} INFO - Processing /home/airflow/.local/lib/python3.7/site-packages/airflow/example_dags/tutorial_taskflow_api_virtualenv.py took 0.479 seconds
[2023-03-08T00:08:24.601+0000] {processor.py:153} INFO - Started process (PID=3302) to work on /home/airflow/.local/lib/python3.7/site-packages/airflow/example_dags/tutorial_taskflow_api_virtualenv.py
[2023-03-08T00:08:24.608+0000] {processor.py:743} INFO - Processing file /home/airflow/.local/lib/python3.7/site-packages/airflow/example_dags/tutorial_taskflow_api_virtualenv.py for tasks to queue
[2023-03-08T00:08:24.614+0000] {logging_mixin.py:137} INFO - [2023-03-08T00:08:24.613+0000] {dagbag.py:538} INFO - Filling up the DagBag from /home/airflow/.local/lib/python3.7/site-packages/airflow/example_dags/tutorial_taskflow_api_virtualenv.py
[2023-03-08T00:08:24.701+0000] {processor.py:753} INFO - DAG(s) dict_keys(['tutorial_taskflow_api_virtualenv']) retrieved from /home/airflow/.local/lib/python3.7/site-packages/airflow/example_dags/tutorial_taskflow_api_virtualenv.py
[2023-03-08T00:08:24.777+0000] {logging_mixin.py:137} INFO - [2023-03-08T00:08:24.777+0000] {dag.py:2690} INFO - Sync 1 DAGs
[2023-03-08T00:08:24.861+0000] {logging_mixin.py:137} INFO - [2023-03-08T00:08:24.861+0000] {dag.py:3441} INFO - Setting next_dagrun for tutorial_taskflow_api_virtualenv to None, run_after=None
[2023-03-08T00:08:24.920+0000] {processor.py:175} INFO - Processing /home/airflow/.local/lib/python3.7/site-packages/airflow/example_dags/tutorial_taskflow_api_virtualenv.py took 0.329 seconds
[2023-03-08T00:08:59.874+0000] {processor.py:153} INFO - Started process (PID=3370) to work on /home/airflow/.local/lib/python3.7/site-packages/airflow/example_dags/tutorial_taskflow_api_virtualenv.py
[2023-03-08T00:08:59.888+0000] {processor.py:743} INFO - Processing file /home/airflow/.local/lib/python3.7/site-packages/airflow/example_dags/tutorial_taskflow_api_virtualenv.py for tasks to queue
[2023-03-08T00:08:59.907+0000] {logging_mixin.py:137} INFO - [2023-03-08T00:08:59.903+0000] {dagbag.py:538} INFO - Filling up the DagBag from /home/airflow/.local/lib/python3.7/site-packages/airflow/example_dags/tutorial_taskflow_api_virtualenv.py
[2023-03-08T00:09:00.063+0000] {processor.py:753} INFO - DAG(s) dict_keys(['tutorial_taskflow_api_virtualenv']) retrieved from /home/airflow/.local/lib/python3.7/site-packages/airflow/example_dags/tutorial_taskflow_api_virtualenv.py
[2023-03-08T00:09:00.228+0000] {logging_mixin.py:137} INFO - [2023-03-08T00:09:00.228+0000] {dag.py:2690} INFO - Sync 1 DAGs
[2023-03-08T00:09:00.346+0000] {logging_mixin.py:137} INFO - [2023-03-08T00:09:00.345+0000] {dag.py:3441} INFO - Setting next_dagrun for tutorial_taskflow_api_virtualenv to None, run_after=None
[2023-03-08T00:09:00.422+0000] {processor.py:175} INFO - Processing /home/airflow/.local/lib/python3.7/site-packages/airflow/example_dags/tutorial_taskflow_api_virtualenv.py took 0.604 seconds
[2023-03-08T00:09:34.480+0000] {processor.py:153} INFO - Started process (PID=3439) to work on /home/airflow/.local/lib/python3.7/site-packages/airflow/example_dags/tutorial_taskflow_api_virtualenv.py
[2023-03-08T00:09:34.489+0000] {processor.py:743} INFO - Processing file /home/airflow/.local/lib/python3.7/site-packages/airflow/example_dags/tutorial_taskflow_api_virtualenv.py for tasks to queue
[2023-03-08T00:09:34.496+0000] {logging_mixin.py:137} INFO - [2023-03-08T00:09:34.495+0000] {dagbag.py:538} INFO - Filling up the DagBag from /home/airflow/.local/lib/python3.7/site-packages/airflow/example_dags/tutorial_taskflow_api_virtualenv.py
[2023-03-08T00:09:34.591+0000] {processor.py:753} INFO - DAG(s) dict_keys(['tutorial_taskflow_api_virtualenv']) retrieved from /home/airflow/.local/lib/python3.7/site-packages/airflow/example_dags/tutorial_taskflow_api_virtualenv.py
[2023-03-08T00:09:34.714+0000] {logging_mixin.py:137} INFO - [2023-03-08T00:09:34.714+0000] {dag.py:2690} INFO - Sync 1 DAGs
[2023-03-08T00:09:34.936+0000] {logging_mixin.py:137} INFO - [2023-03-08T00:09:34.924+0000] {dag.py:3441} INFO - Setting next_dagrun for tutorial_taskflow_api_virtualenv to None, run_after=None
[2023-03-08T00:09:35.100+0000] {processor.py:175} INFO - Processing /home/airflow/.local/lib/python3.7/site-packages/airflow/example_dags/tutorial_taskflow_api_virtualenv.py took 0.652 seconds
[2023-03-08T00:10:05.827+0000] {processor.py:153} INFO - Started process (PID=3509) to work on /home/airflow/.local/lib/python3.7/site-packages/airflow/example_dags/tutorial_taskflow_api_virtualenv.py
[2023-03-08T00:10:05.831+0000] {processor.py:743} INFO - Processing file /home/airflow/.local/lib/python3.7/site-packages/airflow/example_dags/tutorial_taskflow_api_virtualenv.py for tasks to queue
[2023-03-08T00:10:05.837+0000] {logging_mixin.py:137} INFO - [2023-03-08T00:10:05.837+0000] {dagbag.py:538} INFO - Filling up the DagBag from /home/airflow/.local/lib/python3.7/site-packages/airflow/example_dags/tutorial_taskflow_api_virtualenv.py
[2023-03-08T00:10:05.922+0000] {processor.py:753} INFO - DAG(s) dict_keys(['tutorial_taskflow_api_virtualenv']) retrieved from /home/airflow/.local/lib/python3.7/site-packages/airflow/example_dags/tutorial_taskflow_api_virtualenv.py
[2023-03-08T00:10:06.037+0000] {logging_mixin.py:137} INFO - [2023-03-08T00:10:06.036+0000] {dag.py:2690} INFO - Sync 1 DAGs
[2023-03-08T00:10:06.164+0000] {logging_mixin.py:137} INFO - [2023-03-08T00:10:06.164+0000] {dag.py:3441} INFO - Setting next_dagrun for tutorial_taskflow_api_virtualenv to None, run_after=None
[2023-03-08T00:10:06.238+0000] {processor.py:175} INFO - Processing /home/airflow/.local/lib/python3.7/site-packages/airflow/example_dags/tutorial_taskflow_api_virtualenv.py took 0.424 seconds
[2023-03-08T00:10:36.600+0000] {processor.py:153} INFO - Started process (PID=3563) to work on /home/airflow/.local/lib/python3.7/site-packages/airflow/example_dags/tutorial_taskflow_api_virtualenv.py
[2023-03-08T00:10:36.605+0000] {processor.py:743} INFO - Processing file /home/airflow/.local/lib/python3.7/site-packages/airflow/example_dags/tutorial_taskflow_api_virtualenv.py for tasks to queue
[2023-03-08T00:10:36.609+0000] {logging_mixin.py:137} INFO - [2023-03-08T00:10:36.608+0000] {dagbag.py:538} INFO - Filling up the DagBag from /home/airflow/.local/lib/python3.7/site-packages/airflow/example_dags/tutorial_taskflow_api_virtualenv.py
[2023-03-08T00:10:36.683+0000] {processor.py:753} INFO - DAG(s) dict_keys(['tutorial_taskflow_api_virtualenv']) retrieved from /home/airflow/.local/lib/python3.7/site-packages/airflow/example_dags/tutorial_taskflow_api_virtualenv.py
[2023-03-08T00:10:36.763+0000] {logging_mixin.py:137} INFO - [2023-03-08T00:10:36.762+0000] {dag.py:2690} INFO - Sync 1 DAGs
[2023-03-08T00:10:36.841+0000] {logging_mixin.py:137} INFO - [2023-03-08T00:10:36.840+0000] {dag.py:3441} INFO - Setting next_dagrun for tutorial_taskflow_api_virtualenv to None, run_after=None
[2023-03-08T00:10:36.895+0000] {processor.py:175} INFO - Processing /home/airflow/.local/lib/python3.7/site-packages/airflow/example_dags/tutorial_taskflow_api_virtualenv.py took 0.306 seconds
[2023-03-08T00:11:09.821+0000] {processor.py:153} INFO - Started process (PID=3635) to work on /home/airflow/.local/lib/python3.7/site-packages/airflow/example_dags/tutorial_taskflow_api_virtualenv.py
[2023-03-08T00:11:09.825+0000] {processor.py:743} INFO - Processing file /home/airflow/.local/lib/python3.7/site-packages/airflow/example_dags/tutorial_taskflow_api_virtualenv.py for tasks to queue
[2023-03-08T00:11:09.828+0000] {logging_mixin.py:137} INFO - [2023-03-08T00:11:09.828+0000] {dagbag.py:538} INFO - Filling up the DagBag from /home/airflow/.local/lib/python3.7/site-packages/airflow/example_dags/tutorial_taskflow_api_virtualenv.py
[2023-03-08T00:11:09.910+0000] {processor.py:753} INFO - DAG(s) dict_keys(['tutorial_taskflow_api_virtualenv']) retrieved from /home/airflow/.local/lib/python3.7/site-packages/airflow/example_dags/tutorial_taskflow_api_virtualenv.py
[2023-03-08T00:11:09.985+0000] {logging_mixin.py:137} INFO - [2023-03-08T00:11:09.985+0000] {dag.py:2690} INFO - Sync 1 DAGs
[2023-03-08T00:11:10.056+0000] {logging_mixin.py:137} INFO - [2023-03-08T00:11:10.056+0000] {dag.py:3441} INFO - Setting next_dagrun for tutorial_taskflow_api_virtualenv to None, run_after=None
[2023-03-08T00:11:10.111+0000] {processor.py:175} INFO - Processing /home/airflow/.local/lib/python3.7/site-packages/airflow/example_dags/tutorial_taskflow_api_virtualenv.py took 0.306 seconds
[2023-03-08T00:11:41.269+0000] {processor.py:153} INFO - Started process (PID=3706) to work on /home/airflow/.local/lib/python3.7/site-packages/airflow/example_dags/tutorial_taskflow_api_virtualenv.py
[2023-03-08T00:11:41.273+0000] {processor.py:743} INFO - Processing file /home/airflow/.local/lib/python3.7/site-packages/airflow/example_dags/tutorial_taskflow_api_virtualenv.py for tasks to queue
[2023-03-08T00:11:41.276+0000] {logging_mixin.py:137} INFO - [2023-03-08T00:11:41.276+0000] {dagbag.py:538} INFO - Filling up the DagBag from /home/airflow/.local/lib/python3.7/site-packages/airflow/example_dags/tutorial_taskflow_api_virtualenv.py
[2023-03-08T00:11:41.331+0000] {processor.py:753} INFO - DAG(s) dict_keys(['tutorial_taskflow_api_virtualenv']) retrieved from /home/airflow/.local/lib/python3.7/site-packages/airflow/example_dags/tutorial_taskflow_api_virtualenv.py
[2023-03-08T00:11:41.387+0000] {logging_mixin.py:137} INFO - [2023-03-08T00:11:41.387+0000] {dag.py:2690} INFO - Sync 1 DAGs
[2023-03-08T00:11:41.444+0000] {logging_mixin.py:137} INFO - [2023-03-08T00:11:41.443+0000] {dag.py:3441} INFO - Setting next_dagrun for tutorial_taskflow_api_virtualenv to None, run_after=None
[2023-03-08T00:11:41.487+0000] {processor.py:175} INFO - Processing /home/airflow/.local/lib/python3.7/site-packages/airflow/example_dags/tutorial_taskflow_api_virtualenv.py took 0.225 seconds
[2023-03-08T00:12:14.043+0000] {processor.py:153} INFO - Started process (PID=3788) to work on /home/airflow/.local/lib/python3.7/site-packages/airflow/example_dags/tutorial_taskflow_api_virtualenv.py
[2023-03-08T00:12:14.054+0000] {processor.py:743} INFO - Processing file /home/airflow/.local/lib/python3.7/site-packages/airflow/example_dags/tutorial_taskflow_api_virtualenv.py for tasks to queue
[2023-03-08T00:12:14.057+0000] {logging_mixin.py:137} INFO - [2023-03-08T00:12:14.056+0000] {dagbag.py:538} INFO - Filling up the DagBag from /home/airflow/.local/lib/python3.7/site-packages/airflow/example_dags/tutorial_taskflow_api_virtualenv.py
[2023-03-08T00:12:14.130+0000] {processor.py:753} INFO - DAG(s) dict_keys(['tutorial_taskflow_api_virtualenv']) retrieved from /home/airflow/.local/lib/python3.7/site-packages/airflow/example_dags/tutorial_taskflow_api_virtualenv.py
[2023-03-08T00:12:14.217+0000] {logging_mixin.py:137} INFO - [2023-03-08T00:12:14.216+0000] {dag.py:2690} INFO - Sync 1 DAGs
[2023-03-08T00:12:14.317+0000] {logging_mixin.py:137} INFO - [2023-03-08T00:12:14.317+0000] {dag.py:3441} INFO - Setting next_dagrun for tutorial_taskflow_api_virtualenv to None, run_after=None
[2023-03-08T00:12:14.396+0000] {processor.py:175} INFO - Processing /home/airflow/.local/lib/python3.7/site-packages/airflow/example_dags/tutorial_taskflow_api_virtualenv.py took 0.361 seconds
