[2023-03-08T00:00:12.201+0000] {processor.py:153} INFO - Started process (PID=2260) to work on /home/airflow/.local/lib/python3.7/site-packages/airflow/example_dags/tutorial_dag.py
[2023-03-08T00:00:12.206+0000] {processor.py:743} INFO - Processing file /home/airflow/.local/lib/python3.7/site-packages/airflow/example_dags/tutorial_dag.py for tasks to queue
[2023-03-08T00:00:12.211+0000] {logging_mixin.py:137} INFO - [2023-03-08T00:00:12.211+0000] {dagbag.py:538} INFO - Filling up the DagBag from /home/airflow/.local/lib/python3.7/site-packages/airflow/example_dags/tutorial_dag.py
[2023-03-08T00:00:12.328+0000] {processor.py:753} INFO - DAG(s) dict_keys(['tutorial_dag']) retrieved from /home/airflow/.local/lib/python3.7/site-packages/airflow/example_dags/tutorial_dag.py
[2023-03-08T00:00:12.488+0000] {logging_mixin.py:137} INFO - [2023-03-08T00:00:12.488+0000] {dag.py:2690} INFO - Sync 1 DAGs
[2023-03-08T00:00:12.612+0000] {logging_mixin.py:137} INFO - [2023-03-08T00:00:12.611+0000] {dag.py:3441} INFO - Setting next_dagrun for tutorial_dag to None, run_after=None
[2023-03-08T00:00:12.754+0000] {processor.py:175} INFO - Processing /home/airflow/.local/lib/python3.7/site-packages/airflow/example_dags/tutorial_dag.py took 0.614 seconds
[2023-03-08T00:00:43.144+0000] {processor.py:153} INFO - Started process (PID=2331) to work on /home/airflow/.local/lib/python3.7/site-packages/airflow/example_dags/tutorial_dag.py
[2023-03-08T00:00:43.150+0000] {processor.py:743} INFO - Processing file /home/airflow/.local/lib/python3.7/site-packages/airflow/example_dags/tutorial_dag.py for tasks to queue
[2023-03-08T00:00:43.154+0000] {logging_mixin.py:137} INFO - [2023-03-08T00:00:43.154+0000] {dagbag.py:538} INFO - Filling up the DagBag from /home/airflow/.local/lib/python3.7/site-packages/airflow/example_dags/tutorial_dag.py
[2023-03-08T00:00:43.203+0000] {processor.py:753} INFO - DAG(s) dict_keys(['tutorial_dag']) retrieved from /home/airflow/.local/lib/python3.7/site-packages/airflow/example_dags/tutorial_dag.py
[2023-03-08T00:00:43.362+0000] {logging_mixin.py:137} INFO - [2023-03-08T00:00:43.361+0000] {dag.py:2690} INFO - Sync 1 DAGs
[2023-03-08T00:00:43.449+0000] {logging_mixin.py:137} INFO - [2023-03-08T00:00:43.448+0000] {dag.py:3441} INFO - Setting next_dagrun for tutorial_dag to None, run_after=None
[2023-03-08T00:00:43.534+0000] {processor.py:175} INFO - Processing /home/airflow/.local/lib/python3.7/site-packages/airflow/example_dags/tutorial_dag.py took 0.399 seconds
[2023-03-08T00:01:14.493+0000] {processor.py:153} INFO - Started process (PID=2399) to work on /home/airflow/.local/lib/python3.7/site-packages/airflow/example_dags/tutorial_dag.py
[2023-03-08T00:01:14.500+0000] {processor.py:743} INFO - Processing file /home/airflow/.local/lib/python3.7/site-packages/airflow/example_dags/tutorial_dag.py for tasks to queue
[2023-03-08T00:01:14.509+0000] {logging_mixin.py:137} INFO - [2023-03-08T00:01:14.508+0000] {dagbag.py:538} INFO - Filling up the DagBag from /home/airflow/.local/lib/python3.7/site-packages/airflow/example_dags/tutorial_dag.py
[2023-03-08T00:01:14.557+0000] {processor.py:753} INFO - DAG(s) dict_keys(['tutorial_dag']) retrieved from /home/airflow/.local/lib/python3.7/site-packages/airflow/example_dags/tutorial_dag.py
[2023-03-08T00:01:14.695+0000] {logging_mixin.py:137} INFO - [2023-03-08T00:01:14.694+0000] {dag.py:2690} INFO - Sync 1 DAGs
[2023-03-08T00:01:14.812+0000] {logging_mixin.py:137} INFO - [2023-03-08T00:01:14.812+0000] {dag.py:3441} INFO - Setting next_dagrun for tutorial_dag to None, run_after=None
[2023-03-08T00:01:14.879+0000] {processor.py:175} INFO - Processing /home/airflow/.local/lib/python3.7/site-packages/airflow/example_dags/tutorial_dag.py took 0.399 seconds
[2023-03-08T00:01:52.084+0000] {processor.py:153} INFO - Started process (PID=2459) to work on /home/airflow/.local/lib/python3.7/site-packages/airflow/example_dags/tutorial_dag.py
[2023-03-08T00:01:52.091+0000] {processor.py:743} INFO - Processing file /home/airflow/.local/lib/python3.7/site-packages/airflow/example_dags/tutorial_dag.py for tasks to queue
[2023-03-08T00:01:52.144+0000] {logging_mixin.py:137} INFO - [2023-03-08T00:01:52.143+0000] {dagbag.py:538} INFO - Filling up the DagBag from /home/airflow/.local/lib/python3.7/site-packages/airflow/example_dags/tutorial_dag.py
[2023-03-08T00:01:52.328+0000] {processor.py:753} INFO - DAG(s) dict_keys(['tutorial_dag']) retrieved from /home/airflow/.local/lib/python3.7/site-packages/airflow/example_dags/tutorial_dag.py
[2023-03-08T00:01:52.548+0000] {logging_mixin.py:137} INFO - [2023-03-08T00:01:52.547+0000] {dag.py:2690} INFO - Sync 1 DAGs
[2023-03-08T00:01:52.755+0000] {logging_mixin.py:137} INFO - [2023-03-08T00:01:52.755+0000] {dag.py:3441} INFO - Setting next_dagrun for tutorial_dag to None, run_after=None
[2023-03-08T00:01:52.842+0000] {processor.py:175} INFO - Processing /home/airflow/.local/lib/python3.7/site-packages/airflow/example_dags/tutorial_dag.py took 0.800 seconds
[2023-03-08T00:02:28.568+0000] {processor.py:153} INFO - Started process (PID=2526) to work on /home/airflow/.local/lib/python3.7/site-packages/airflow/example_dags/tutorial_dag.py
[2023-03-08T00:02:28.578+0000] {processor.py:743} INFO - Processing file /home/airflow/.local/lib/python3.7/site-packages/airflow/example_dags/tutorial_dag.py for tasks to queue
[2023-03-08T00:02:28.583+0000] {logging_mixin.py:137} INFO - [2023-03-08T00:02:28.582+0000] {dagbag.py:538} INFO - Filling up the DagBag from /home/airflow/.local/lib/python3.7/site-packages/airflow/example_dags/tutorial_dag.py
[2023-03-08T00:02:28.756+0000] {processor.py:753} INFO - DAG(s) dict_keys(['tutorial_dag']) retrieved from /home/airflow/.local/lib/python3.7/site-packages/airflow/example_dags/tutorial_dag.py
[2023-03-08T00:02:28.911+0000] {logging_mixin.py:137} INFO - [2023-03-08T00:02:28.911+0000] {dag.py:2690} INFO - Sync 1 DAGs
[2023-03-08T00:02:28.997+0000] {logging_mixin.py:137} INFO - [2023-03-08T00:02:28.997+0000] {dag.py:3441} INFO - Setting next_dagrun for tutorial_dag to None, run_after=None
[2023-03-08T00:02:29.096+0000] {processor.py:175} INFO - Processing /home/airflow/.local/lib/python3.7/site-packages/airflow/example_dags/tutorial_dag.py took 0.555 seconds
[2023-03-08T00:02:59.485+0000] {processor.py:153} INFO - Started process (PID=2594) to work on /home/airflow/.local/lib/python3.7/site-packages/airflow/example_dags/tutorial_dag.py
[2023-03-08T00:02:59.503+0000] {processor.py:743} INFO - Processing file /home/airflow/.local/lib/python3.7/site-packages/airflow/example_dags/tutorial_dag.py for tasks to queue
[2023-03-08T00:02:59.506+0000] {logging_mixin.py:137} INFO - [2023-03-08T00:02:59.506+0000] {dagbag.py:538} INFO - Filling up the DagBag from /home/airflow/.local/lib/python3.7/site-packages/airflow/example_dags/tutorial_dag.py
[2023-03-08T00:02:59.560+0000] {processor.py:753} INFO - DAG(s) dict_keys(['tutorial_dag']) retrieved from /home/airflow/.local/lib/python3.7/site-packages/airflow/example_dags/tutorial_dag.py
[2023-03-08T00:02:59.657+0000] {logging_mixin.py:137} INFO - [2023-03-08T00:02:59.657+0000] {dag.py:2690} INFO - Sync 1 DAGs
[2023-03-08T00:02:59.759+0000] {logging_mixin.py:137} INFO - [2023-03-08T00:02:59.758+0000] {dag.py:3441} INFO - Setting next_dagrun for tutorial_dag to None, run_after=None
[2023-03-08T00:02:59.847+0000] {processor.py:175} INFO - Processing /home/airflow/.local/lib/python3.7/site-packages/airflow/example_dags/tutorial_dag.py took 0.385 seconds
[2023-03-08T00:03:30.302+0000] {processor.py:153} INFO - Started process (PID=2660) to work on /home/airflow/.local/lib/python3.7/site-packages/airflow/example_dags/tutorial_dag.py
[2023-03-08T00:03:30.317+0000] {processor.py:743} INFO - Processing file /home/airflow/.local/lib/python3.7/site-packages/airflow/example_dags/tutorial_dag.py for tasks to queue
[2023-03-08T00:03:30.325+0000] {logging_mixin.py:137} INFO - [2023-03-08T00:03:30.324+0000] {dagbag.py:538} INFO - Filling up the DagBag from /home/airflow/.local/lib/python3.7/site-packages/airflow/example_dags/tutorial_dag.py
[2023-03-08T00:03:30.372+0000] {processor.py:753} INFO - DAG(s) dict_keys(['tutorial_dag']) retrieved from /home/airflow/.local/lib/python3.7/site-packages/airflow/example_dags/tutorial_dag.py
[2023-03-08T00:03:30.540+0000] {logging_mixin.py:137} INFO - [2023-03-08T00:03:30.540+0000] {dag.py:2690} INFO - Sync 1 DAGs
[2023-03-08T00:03:30.615+0000] {logging_mixin.py:137} INFO - [2023-03-08T00:03:30.614+0000] {dag.py:3441} INFO - Setting next_dagrun for tutorial_dag to None, run_after=None
[2023-03-08T00:03:30.676+0000] {processor.py:175} INFO - Processing /home/airflow/.local/lib/python3.7/site-packages/airflow/example_dags/tutorial_dag.py took 0.389 seconds
[2023-03-08T00:04:01.464+0000] {processor.py:153} INFO - Started process (PID=2723) to work on /home/airflow/.local/lib/python3.7/site-packages/airflow/example_dags/tutorial_dag.py
[2023-03-08T00:04:01.469+0000] {processor.py:743} INFO - Processing file /home/airflow/.local/lib/python3.7/site-packages/airflow/example_dags/tutorial_dag.py for tasks to queue
[2023-03-08T00:04:01.472+0000] {logging_mixin.py:137} INFO - [2023-03-08T00:04:01.472+0000] {dagbag.py:538} INFO - Filling up the DagBag from /home/airflow/.local/lib/python3.7/site-packages/airflow/example_dags/tutorial_dag.py
[2023-03-08T00:04:01.512+0000] {processor.py:753} INFO - DAG(s) dict_keys(['tutorial_dag']) retrieved from /home/airflow/.local/lib/python3.7/site-packages/airflow/example_dags/tutorial_dag.py
[2023-03-08T00:04:01.584+0000] {logging_mixin.py:137} INFO - [2023-03-08T00:04:01.584+0000] {dag.py:2690} INFO - Sync 1 DAGs
[2023-03-08T00:04:01.653+0000] {logging_mixin.py:137} INFO - [2023-03-08T00:04:01.653+0000] {dag.py:3441} INFO - Setting next_dagrun for tutorial_dag to None, run_after=None
[2023-03-08T00:04:01.705+0000] {processor.py:175} INFO - Processing /home/airflow/.local/lib/python3.7/site-packages/airflow/example_dags/tutorial_dag.py took 0.252 seconds
[2023-03-08T00:04:31.898+0000] {processor.py:153} INFO - Started process (PID=2792) to work on /home/airflow/.local/lib/python3.7/site-packages/airflow/example_dags/tutorial_dag.py
[2023-03-08T00:04:31.903+0000] {processor.py:743} INFO - Processing file /home/airflow/.local/lib/python3.7/site-packages/airflow/example_dags/tutorial_dag.py for tasks to queue
[2023-03-08T00:04:31.907+0000] {logging_mixin.py:137} INFO - [2023-03-08T00:04:31.907+0000] {dagbag.py:538} INFO - Filling up the DagBag from /home/airflow/.local/lib/python3.7/site-packages/airflow/example_dags/tutorial_dag.py
[2023-03-08T00:04:31.942+0000] {processor.py:753} INFO - DAG(s) dict_keys(['tutorial_dag']) retrieved from /home/airflow/.local/lib/python3.7/site-packages/airflow/example_dags/tutorial_dag.py
[2023-03-08T00:04:32.012+0000] {logging_mixin.py:137} INFO - [2023-03-08T00:04:32.011+0000] {dag.py:2690} INFO - Sync 1 DAGs
[2023-03-08T00:04:32.076+0000] {logging_mixin.py:137} INFO - [2023-03-08T00:04:32.076+0000] {dag.py:3441} INFO - Setting next_dagrun for tutorial_dag to None, run_after=None
[2023-03-08T00:04:32.131+0000] {processor.py:175} INFO - Processing /home/airflow/.local/lib/python3.7/site-packages/airflow/example_dags/tutorial_dag.py took 0.241 seconds
[2023-03-08T00:05:02.836+0000] {processor.py:153} INFO - Started process (PID=2856) to work on /home/airflow/.local/lib/python3.7/site-packages/airflow/example_dags/tutorial_dag.py
[2023-03-08T00:05:02.845+0000] {processor.py:743} INFO - Processing file /home/airflow/.local/lib/python3.7/site-packages/airflow/example_dags/tutorial_dag.py for tasks to queue
[2023-03-08T00:05:02.851+0000] {logging_mixin.py:137} INFO - [2023-03-08T00:05:02.850+0000] {dagbag.py:538} INFO - Filling up the DagBag from /home/airflow/.local/lib/python3.7/site-packages/airflow/example_dags/tutorial_dag.py
[2023-03-08T00:05:02.898+0000] {processor.py:753} INFO - DAG(s) dict_keys(['tutorial_dag']) retrieved from /home/airflow/.local/lib/python3.7/site-packages/airflow/example_dags/tutorial_dag.py
[2023-03-08T00:05:02.997+0000] {logging_mixin.py:137} INFO - [2023-03-08T00:05:02.997+0000] {dag.py:2690} INFO - Sync 1 DAGs
[2023-03-08T00:05:03.112+0000] {logging_mixin.py:137} INFO - [2023-03-08T00:05:03.112+0000] {dag.py:3441} INFO - Setting next_dagrun for tutorial_dag to None, run_after=None
[2023-03-08T00:05:03.190+0000] {processor.py:175} INFO - Processing /home/airflow/.local/lib/python3.7/site-packages/airflow/example_dags/tutorial_dag.py took 0.372 seconds
[2023-03-08T00:05:33.878+0000] {processor.py:153} INFO - Started process (PID=2927) to work on /home/airflow/.local/lib/python3.7/site-packages/airflow/example_dags/tutorial_dag.py
[2023-03-08T00:05:33.885+0000] {processor.py:743} INFO - Processing file /home/airflow/.local/lib/python3.7/site-packages/airflow/example_dags/tutorial_dag.py for tasks to queue
[2023-03-08T00:05:33.893+0000] {logging_mixin.py:137} INFO - [2023-03-08T00:05:33.892+0000] {dagbag.py:538} INFO - Filling up the DagBag from /home/airflow/.local/lib/python3.7/site-packages/airflow/example_dags/tutorial_dag.py
[2023-03-08T00:05:33.935+0000] {processor.py:753} INFO - DAG(s) dict_keys(['tutorial_dag']) retrieved from /home/airflow/.local/lib/python3.7/site-packages/airflow/example_dags/tutorial_dag.py
[2023-03-08T00:05:34.017+0000] {logging_mixin.py:137} INFO - [2023-03-08T00:05:34.017+0000] {dag.py:2690} INFO - Sync 1 DAGs
[2023-03-08T00:05:34.101+0000] {logging_mixin.py:137} INFO - [2023-03-08T00:05:34.101+0000] {dag.py:3441} INFO - Setting next_dagrun for tutorial_dag to None, run_after=None
[2023-03-08T00:05:34.159+0000] {processor.py:175} INFO - Processing /home/airflow/.local/lib/python3.7/site-packages/airflow/example_dags/tutorial_dag.py took 0.293 seconds
[2023-03-08T00:06:04.280+0000] {processor.py:153} INFO - Started process (PID=2996) to work on /home/airflow/.local/lib/python3.7/site-packages/airflow/example_dags/tutorial_dag.py
[2023-03-08T00:06:04.283+0000] {processor.py:743} INFO - Processing file /home/airflow/.local/lib/python3.7/site-packages/airflow/example_dags/tutorial_dag.py for tasks to queue
[2023-03-08T00:06:04.288+0000] {logging_mixin.py:137} INFO - [2023-03-08T00:06:04.287+0000] {dagbag.py:538} INFO - Filling up the DagBag from /home/airflow/.local/lib/python3.7/site-packages/airflow/example_dags/tutorial_dag.py
[2023-03-08T00:06:04.325+0000] {processor.py:753} INFO - DAG(s) dict_keys(['tutorial_dag']) retrieved from /home/airflow/.local/lib/python3.7/site-packages/airflow/example_dags/tutorial_dag.py
[2023-03-08T00:06:04.393+0000] {logging_mixin.py:137} INFO - [2023-03-08T00:06:04.393+0000] {dag.py:2690} INFO - Sync 1 DAGs
[2023-03-08T00:06:04.451+0000] {logging_mixin.py:137} INFO - [2023-03-08T00:06:04.450+0000] {dag.py:3441} INFO - Setting next_dagrun for tutorial_dag to None, run_after=None
[2023-03-08T00:06:04.499+0000] {processor.py:175} INFO - Processing /home/airflow/.local/lib/python3.7/site-packages/airflow/example_dags/tutorial_dag.py took 0.229 seconds
[2023-03-08T00:06:34.722+0000] {processor.py:153} INFO - Started process (PID=3065) to work on /home/airflow/.local/lib/python3.7/site-packages/airflow/example_dags/tutorial_dag.py
[2023-03-08T00:06:34.727+0000] {processor.py:743} INFO - Processing file /home/airflow/.local/lib/python3.7/site-packages/airflow/example_dags/tutorial_dag.py for tasks to queue
[2023-03-08T00:06:34.730+0000] {logging_mixin.py:137} INFO - [2023-03-08T00:06:34.730+0000] {dagbag.py:538} INFO - Filling up the DagBag from /home/airflow/.local/lib/python3.7/site-packages/airflow/example_dags/tutorial_dag.py
[2023-03-08T00:06:34.759+0000] {processor.py:753} INFO - DAG(s) dict_keys(['tutorial_dag']) retrieved from /home/airflow/.local/lib/python3.7/site-packages/airflow/example_dags/tutorial_dag.py
[2023-03-08T00:06:34.820+0000] {logging_mixin.py:137} INFO - [2023-03-08T00:06:34.819+0000] {dag.py:2690} INFO - Sync 1 DAGs
[2023-03-08T00:06:34.873+0000] {logging_mixin.py:137} INFO - [2023-03-08T00:06:34.873+0000] {dag.py:3441} INFO - Setting next_dagrun for tutorial_dag to None, run_after=None
[2023-03-08T00:06:34.915+0000] {processor.py:175} INFO - Processing /home/airflow/.local/lib/python3.7/site-packages/airflow/example_dags/tutorial_dag.py took 0.202 seconds
[2023-03-08T00:07:05.278+0000] {processor.py:153} INFO - Started process (PID=3135) to work on /home/airflow/.local/lib/python3.7/site-packages/airflow/example_dags/tutorial_dag.py
[2023-03-08T00:07:05.285+0000] {processor.py:743} INFO - Processing file /home/airflow/.local/lib/python3.7/site-packages/airflow/example_dags/tutorial_dag.py for tasks to queue
[2023-03-08T00:07:05.294+0000] {logging_mixin.py:137} INFO - [2023-03-08T00:07:05.293+0000] {dagbag.py:538} INFO - Filling up the DagBag from /home/airflow/.local/lib/python3.7/site-packages/airflow/example_dags/tutorial_dag.py
[2023-03-08T00:07:05.346+0000] {processor.py:753} INFO - DAG(s) dict_keys(['tutorial_dag']) retrieved from /home/airflow/.local/lib/python3.7/site-packages/airflow/example_dags/tutorial_dag.py
[2023-03-08T00:07:05.446+0000] {logging_mixin.py:137} INFO - [2023-03-08T00:07:05.445+0000] {dag.py:2690} INFO - Sync 1 DAGs
[2023-03-08T00:07:05.533+0000] {logging_mixin.py:137} INFO - [2023-03-08T00:07:05.533+0000] {dag.py:3441} INFO - Setting next_dagrun for tutorial_dag to None, run_after=None
[2023-03-08T00:07:05.589+0000] {processor.py:175} INFO - Processing /home/airflow/.local/lib/python3.7/site-packages/airflow/example_dags/tutorial_dag.py took 0.325 seconds
[2023-03-08T00:07:40.951+0000] {processor.py:153} INFO - Started process (PID=3209) to work on /home/airflow/.local/lib/python3.7/site-packages/airflow/example_dags/tutorial_dag.py
[2023-03-08T00:07:40.960+0000] {processor.py:743} INFO - Processing file /home/airflow/.local/lib/python3.7/site-packages/airflow/example_dags/tutorial_dag.py for tasks to queue
[2023-03-08T00:07:40.969+0000] {logging_mixin.py:137} INFO - [2023-03-08T00:07:40.966+0000] {dagbag.py:538} INFO - Filling up the DagBag from /home/airflow/.local/lib/python3.7/site-packages/airflow/example_dags/tutorial_dag.py
[2023-03-08T00:07:41.066+0000] {processor.py:753} INFO - DAG(s) dict_keys(['tutorial_dag']) retrieved from /home/airflow/.local/lib/python3.7/site-packages/airflow/example_dags/tutorial_dag.py
[2023-03-08T00:07:41.183+0000] {logging_mixin.py:137} INFO - [2023-03-08T00:07:41.182+0000] {dag.py:2690} INFO - Sync 1 DAGs
[2023-03-08T00:07:41.288+0000] {logging_mixin.py:137} INFO - [2023-03-08T00:07:41.288+0000] {dag.py:3441} INFO - Setting next_dagrun for tutorial_dag to None, run_after=None
[2023-03-08T00:07:41.352+0000] {processor.py:175} INFO - Processing /home/airflow/.local/lib/python3.7/site-packages/airflow/example_dags/tutorial_dag.py took 0.416 seconds
[2023-03-08T00:08:11.698+0000] {processor.py:153} INFO - Started process (PID=3275) to work on /home/airflow/.local/lib/python3.7/site-packages/airflow/example_dags/tutorial_dag.py
[2023-03-08T00:08:11.707+0000] {processor.py:743} INFO - Processing file /home/airflow/.local/lib/python3.7/site-packages/airflow/example_dags/tutorial_dag.py for tasks to queue
[2023-03-08T00:08:11.716+0000] {logging_mixin.py:137} INFO - [2023-03-08T00:08:11.715+0000] {dagbag.py:538} INFO - Filling up the DagBag from /home/airflow/.local/lib/python3.7/site-packages/airflow/example_dags/tutorial_dag.py
[2023-03-08T00:08:11.779+0000] {processor.py:753} INFO - DAG(s) dict_keys(['tutorial_dag']) retrieved from /home/airflow/.local/lib/python3.7/site-packages/airflow/example_dags/tutorial_dag.py
[2023-03-08T00:08:11.899+0000] {logging_mixin.py:137} INFO - [2023-03-08T00:08:11.899+0000] {dag.py:2690} INFO - Sync 1 DAGs
[2023-03-08T00:08:12.065+0000] {logging_mixin.py:137} INFO - [2023-03-08T00:08:12.064+0000] {dag.py:3441} INFO - Setting next_dagrun for tutorial_dag to None, run_after=None
[2023-03-08T00:08:12.146+0000] {processor.py:175} INFO - Processing /home/airflow/.local/lib/python3.7/site-packages/airflow/example_dags/tutorial_dag.py took 0.470 seconds
[2023-03-08T00:08:42.728+0000] {processor.py:153} INFO - Started process (PID=3335) to work on /home/airflow/.local/lib/python3.7/site-packages/airflow/example_dags/tutorial_dag.py
[2023-03-08T00:08:42.741+0000] {processor.py:743} INFO - Processing file /home/airflow/.local/lib/python3.7/site-packages/airflow/example_dags/tutorial_dag.py for tasks to queue
[2023-03-08T00:08:42.750+0000] {logging_mixin.py:137} INFO - [2023-03-08T00:08:42.748+0000] {dagbag.py:538} INFO - Filling up the DagBag from /home/airflow/.local/lib/python3.7/site-packages/airflow/example_dags/tutorial_dag.py
[2023-03-08T00:08:42.834+0000] {processor.py:753} INFO - DAG(s) dict_keys(['tutorial_dag']) retrieved from /home/airflow/.local/lib/python3.7/site-packages/airflow/example_dags/tutorial_dag.py
[2023-03-08T00:08:42.963+0000] {logging_mixin.py:137} INFO - [2023-03-08T00:08:42.962+0000] {dag.py:2690} INFO - Sync 1 DAGs
[2023-03-08T00:08:43.330+0000] {logging_mixin.py:137} INFO - [2023-03-08T00:08:43.329+0000] {dag.py:3441} INFO - Setting next_dagrun for tutorial_dag to None, run_after=None
[2023-03-08T00:08:43.466+0000] {processor.py:175} INFO - Processing /home/airflow/.local/lib/python3.7/site-packages/airflow/example_dags/tutorial_dag.py took 0.756 seconds
[2023-03-08T00:09:15.723+0000] {processor.py:153} INFO - Started process (PID=3405) to work on /home/airflow/.local/lib/python3.7/site-packages/airflow/example_dags/tutorial_dag.py
[2023-03-08T00:09:15.740+0000] {processor.py:743} INFO - Processing file /home/airflow/.local/lib/python3.7/site-packages/airflow/example_dags/tutorial_dag.py for tasks to queue
[2023-03-08T00:09:15.751+0000] {logging_mixin.py:137} INFO - [2023-03-08T00:09:15.747+0000] {dagbag.py:538} INFO - Filling up the DagBag from /home/airflow/.local/lib/python3.7/site-packages/airflow/example_dags/tutorial_dag.py
[2023-03-08T00:09:15.923+0000] {processor.py:753} INFO - DAG(s) dict_keys(['tutorial_dag']) retrieved from /home/airflow/.local/lib/python3.7/site-packages/airflow/example_dags/tutorial_dag.py
[2023-03-08T00:09:16.239+0000] {logging_mixin.py:137} INFO - [2023-03-08T00:09:16.238+0000] {dag.py:2690} INFO - Sync 1 DAGs
[2023-03-08T00:09:16.544+0000] {logging_mixin.py:137} INFO - [2023-03-08T00:09:16.542+0000] {dag.py:3441} INFO - Setting next_dagrun for tutorial_dag to None, run_after=None
[2023-03-08T00:09:16.728+0000] {processor.py:175} INFO - Processing /home/airflow/.local/lib/python3.7/site-packages/airflow/example_dags/tutorial_dag.py took 1.049 seconds
[2023-03-08T00:09:47.150+0000] {processor.py:153} INFO - Started process (PID=3473) to work on /home/airflow/.local/lib/python3.7/site-packages/airflow/example_dags/tutorial_dag.py
[2023-03-08T00:09:47.154+0000] {processor.py:743} INFO - Processing file /home/airflow/.local/lib/python3.7/site-packages/airflow/example_dags/tutorial_dag.py for tasks to queue
[2023-03-08T00:09:47.158+0000] {logging_mixin.py:137} INFO - [2023-03-08T00:09:47.158+0000] {dagbag.py:538} INFO - Filling up the DagBag from /home/airflow/.local/lib/python3.7/site-packages/airflow/example_dags/tutorial_dag.py
[2023-03-08T00:09:47.202+0000] {processor.py:753} INFO - DAG(s) dict_keys(['tutorial_dag']) retrieved from /home/airflow/.local/lib/python3.7/site-packages/airflow/example_dags/tutorial_dag.py
[2023-03-08T00:09:47.291+0000] {logging_mixin.py:137} INFO - [2023-03-08T00:09:47.291+0000] {dag.py:2690} INFO - Sync 1 DAGs
[2023-03-08T00:09:47.372+0000] {logging_mixin.py:137} INFO - [2023-03-08T00:09:47.372+0000] {dag.py:3441} INFO - Setting next_dagrun for tutorial_dag to None, run_after=None
[2023-03-08T00:09:47.469+0000] {processor.py:175} INFO - Processing /home/airflow/.local/lib/python3.7/site-packages/airflow/example_dags/tutorial_dag.py took 0.333 seconds
[2023-03-08T00:10:21.041+0000] {processor.py:153} INFO - Started process (PID=3530) to work on /home/airflow/.local/lib/python3.7/site-packages/airflow/example_dags/tutorial_dag.py
[2023-03-08T00:10:21.051+0000] {processor.py:743} INFO - Processing file /home/airflow/.local/lib/python3.7/site-packages/airflow/example_dags/tutorial_dag.py for tasks to queue
[2023-03-08T00:10:21.057+0000] {logging_mixin.py:137} INFO - [2023-03-08T00:10:21.057+0000] {dagbag.py:538} INFO - Filling up the DagBag from /home/airflow/.local/lib/python3.7/site-packages/airflow/example_dags/tutorial_dag.py
[2023-03-08T00:10:21.122+0000] {processor.py:753} INFO - DAG(s) dict_keys(['tutorial_dag']) retrieved from /home/airflow/.local/lib/python3.7/site-packages/airflow/example_dags/tutorial_dag.py
[2023-03-08T00:10:21.226+0000] {logging_mixin.py:137} INFO - [2023-03-08T00:10:21.225+0000] {dag.py:2690} INFO - Sync 1 DAGs
[2023-03-08T00:10:21.482+0000] {logging_mixin.py:137} INFO - [2023-03-08T00:10:21.481+0000] {dag.py:3441} INFO - Setting next_dagrun for tutorial_dag to None, run_after=None
[2023-03-08T00:10:21.573+0000] {processor.py:175} INFO - Processing /home/airflow/.local/lib/python3.7/site-packages/airflow/example_dags/tutorial_dag.py took 0.552 seconds
[2023-03-08T00:10:52.108+0000] {processor.py:153} INFO - Started process (PID=3601) to work on /home/airflow/.local/lib/python3.7/site-packages/airflow/example_dags/tutorial_dag.py
[2023-03-08T00:10:52.114+0000] {processor.py:743} INFO - Processing file /home/airflow/.local/lib/python3.7/site-packages/airflow/example_dags/tutorial_dag.py for tasks to queue
[2023-03-08T00:10:52.119+0000] {logging_mixin.py:137} INFO - [2023-03-08T00:10:52.118+0000] {dagbag.py:538} INFO - Filling up the DagBag from /home/airflow/.local/lib/python3.7/site-packages/airflow/example_dags/tutorial_dag.py
[2023-03-08T00:10:52.153+0000] {processor.py:753} INFO - DAG(s) dict_keys(['tutorial_dag']) retrieved from /home/airflow/.local/lib/python3.7/site-packages/airflow/example_dags/tutorial_dag.py
[2023-03-08T00:10:52.230+0000] {logging_mixin.py:137} INFO - [2023-03-08T00:10:52.230+0000] {dag.py:2690} INFO - Sync 1 DAGs
[2023-03-08T00:10:52.301+0000] {logging_mixin.py:137} INFO - [2023-03-08T00:10:52.301+0000] {dag.py:3441} INFO - Setting next_dagrun for tutorial_dag to None, run_after=None
[2023-03-08T00:10:52.358+0000] {processor.py:175} INFO - Processing /home/airflow/.local/lib/python3.7/site-packages/airflow/example_dags/tutorial_dag.py took 0.264 seconds
[2023-03-08T00:11:22.802+0000] {processor.py:153} INFO - Started process (PID=3672) to work on /home/airflow/.local/lib/python3.7/site-packages/airflow/example_dags/tutorial_dag.py
[2023-03-08T00:11:22.808+0000] {processor.py:743} INFO - Processing file /home/airflow/.local/lib/python3.7/site-packages/airflow/example_dags/tutorial_dag.py for tasks to queue
[2023-03-08T00:11:22.817+0000] {logging_mixin.py:137} INFO - [2023-03-08T00:11:22.816+0000] {dagbag.py:538} INFO - Filling up the DagBag from /home/airflow/.local/lib/python3.7/site-packages/airflow/example_dags/tutorial_dag.py
[2023-03-08T00:11:22.856+0000] {processor.py:753} INFO - DAG(s) dict_keys(['tutorial_dag']) retrieved from /home/airflow/.local/lib/python3.7/site-packages/airflow/example_dags/tutorial_dag.py
[2023-03-08T00:11:22.931+0000] {logging_mixin.py:137} INFO - [2023-03-08T00:11:22.930+0000] {dag.py:2690} INFO - Sync 1 DAGs
[2023-03-08T00:11:22.997+0000] {logging_mixin.py:137} INFO - [2023-03-08T00:11:22.996+0000] {dag.py:3441} INFO - Setting next_dagrun for tutorial_dag to None, run_after=None
[2023-03-08T00:11:23.041+0000] {processor.py:175} INFO - Processing /home/airflow/.local/lib/python3.7/site-packages/airflow/example_dags/tutorial_dag.py took 0.251 seconds
[2023-03-08T00:11:53.298+0000] {processor.py:153} INFO - Started process (PID=3743) to work on /home/airflow/.local/lib/python3.7/site-packages/airflow/example_dags/tutorial_dag.py
[2023-03-08T00:11:53.304+0000] {processor.py:743} INFO - Processing file /home/airflow/.local/lib/python3.7/site-packages/airflow/example_dags/tutorial_dag.py for tasks to queue
[2023-03-08T00:11:53.308+0000] {logging_mixin.py:137} INFO - [2023-03-08T00:11:53.307+0000] {dagbag.py:538} INFO - Filling up the DagBag from /home/airflow/.local/lib/python3.7/site-packages/airflow/example_dags/tutorial_dag.py
[2023-03-08T00:11:53.340+0000] {processor.py:753} INFO - DAG(s) dict_keys(['tutorial_dag']) retrieved from /home/airflow/.local/lib/python3.7/site-packages/airflow/example_dags/tutorial_dag.py
[2023-03-08T00:11:53.397+0000] {logging_mixin.py:137} INFO - [2023-03-08T00:11:53.397+0000] {dag.py:2690} INFO - Sync 1 DAGs
[2023-03-08T00:11:53.451+0000] {logging_mixin.py:137} INFO - [2023-03-08T00:11:53.451+0000] {dag.py:3441} INFO - Setting next_dagrun for tutorial_dag to None, run_after=None
[2023-03-08T00:11:53.500+0000] {processor.py:175} INFO - Processing /home/airflow/.local/lib/python3.7/site-packages/airflow/example_dags/tutorial_dag.py took 0.213 seconds
[2023-03-08T00:12:23.664+0000] {processor.py:153} INFO - Started process (PID=3812) to work on /home/airflow/.local/lib/python3.7/site-packages/airflow/example_dags/tutorial_dag.py
[2023-03-08T00:12:23.672+0000] {processor.py:743} INFO - Processing file /home/airflow/.local/lib/python3.7/site-packages/airflow/example_dags/tutorial_dag.py for tasks to queue
[2023-03-08T00:12:23.677+0000] {logging_mixin.py:137} INFO - [2023-03-08T00:12:23.676+0000] {dagbag.py:538} INFO - Filling up the DagBag from /home/airflow/.local/lib/python3.7/site-packages/airflow/example_dags/tutorial_dag.py
[2023-03-08T00:12:23.713+0000] {processor.py:753} INFO - DAG(s) dict_keys(['tutorial_dag']) retrieved from /home/airflow/.local/lib/python3.7/site-packages/airflow/example_dags/tutorial_dag.py
[2023-03-08T00:12:23.789+0000] {logging_mixin.py:137} INFO - [2023-03-08T00:12:23.789+0000] {dag.py:2690} INFO - Sync 1 DAGs
[2023-03-08T00:12:23.867+0000] {logging_mixin.py:137} INFO - [2023-03-08T00:12:23.866+0000] {dag.py:3441} INFO - Setting next_dagrun for tutorial_dag to None, run_after=None
[2023-03-08T00:12:23.915+0000] {processor.py:175} INFO - Processing /home/airflow/.local/lib/python3.7/site-packages/airflow/example_dags/tutorial_dag.py took 0.261 seconds
