[2023-03-07T23:44:40.884+0000] {taskinstance.py:1083} INFO - Dependencies all met for <TaskInstance: bitcoin_second_webscrape.combine_open_close_pricing scheduled__2023-03-06T13:00:00+00:00 [queued]>
[2023-03-07T23:44:40.959+0000] {taskinstance.py:1083} INFO - Dependencies all met for <TaskInstance: bitcoin_second_webscrape.combine_open_close_pricing scheduled__2023-03-06T13:00:00+00:00 [queued]>
[2023-03-07T23:44:40.961+0000] {taskinstance.py:1279} INFO - 
--------------------------------------------------------------------------------
[2023-03-07T23:44:40.966+0000] {taskinstance.py:1280} INFO - Starting attempt 1 of 1
[2023-03-07T23:44:40.972+0000] {taskinstance.py:1281} INFO - 
--------------------------------------------------------------------------------
[2023-03-07T23:44:41.133+0000] {taskinstance.py:1300} INFO - Executing <Task(PythonOperator): combine_open_close_pricing> on 2023-03-06 13:00:00+00:00
[2023-03-07T23:44:41.320+0000] {standard_task_runner.py:55} INFO - Started process 208 to run task
[2023-03-07T23:44:41.360+0000] {standard_task_runner.py:82} INFO - Running: ['***', 'tasks', 'run', 'bitcoin_second_webscrape', 'combine_open_close_pricing', 'scheduled__2023-03-06T13:00:00+00:00', '--job-id', '166', '--raw', '--subdir', 'DAGS_FOLDER/main.py', '--cfg-path', '/tmp/tmp7vc_vx6i']
[2023-03-07T23:44:41.417+0000] {standard_task_runner.py:83} INFO - Job 166: Subtask combine_open_close_pricing
[2023-03-07T23:44:42.768+0000] {task_command.py:388} INFO - Running <TaskInstance: bitcoin_second_webscrape.combine_open_close_pricing scheduled__2023-03-06T13:00:00+00:00 [running]> on host cd114ba8c1f8
[2023-03-07T23:44:43.966+0000] {taskinstance.py:1509} INFO - Exporting the following env vars:
AIRFLOW_CTX_DAG_EMAIL=***@example.com
AIRFLOW_CTX_DAG_OWNER=***
AIRFLOW_CTX_DAG_ID=bitcoin_second_webscrape
AIRFLOW_CTX_TASK_ID=combine_open_close_pricing
AIRFLOW_CTX_EXECUTION_DATE=2023-03-06T13:00:00+00:00
AIRFLOW_CTX_TRY_NUMBER=1
AIRFLOW_CTX_DAG_RUN_ID=scheduled__2023-03-06T13:00:00+00:00
[2023-03-07T23:44:44.223+0000] {python.py:177} INFO - Done. Returned value was: None
[2023-03-07T23:44:44.300+0000] {taskinstance.py:1323} INFO - Marking task as SUCCESS. dag_id=bitcoin_second_webscrape, task_id=combine_open_close_pricing, execution_date=20230306T130000, start_date=20230307T234440, end_date=20230307T234444
[2023-03-07T23:44:44.597+0000] {local_task_job.py:208} INFO - Task exited with return code 0
[2023-03-07T23:44:45.066+0000] {taskinstance.py:2578} INFO - 0 downstream tasks scheduled from follow-on schedule check
