[2023-03-08T18:30:30.281+0000] {taskinstance.py:1083} INFO - Dependencies all met for <TaskInstance: bitcoin_second_webscrape.create_table manual__2023-03-08T18:30:12.846434+00:00 [queued]>
[2023-03-08T18:30:30.295+0000] {taskinstance.py:1083} INFO - Dependencies all met for <TaskInstance: bitcoin_second_webscrape.create_table manual__2023-03-08T18:30:12.846434+00:00 [queued]>
[2023-03-08T18:30:30.296+0000] {taskinstance.py:1279} INFO - 
--------------------------------------------------------------------------------
[2023-03-08T18:30:30.297+0000] {taskinstance.py:1280} INFO - Starting attempt 1 of 1
[2023-03-08T18:30:30.299+0000] {taskinstance.py:1281} INFO - 
--------------------------------------------------------------------------------
[2023-03-08T18:30:30.317+0000] {taskinstance.py:1300} INFO - Executing <Task(PythonOperator): create_table> on 2023-03-08 18:30:12.846434+00:00
[2023-03-08T18:30:30.327+0000] {standard_task_runner.py:55} INFO - Started process 5474 to run task
[2023-03-08T18:30:30.332+0000] {standard_task_runner.py:82} INFO - Running: ['***', 'tasks', 'run', 'bitcoin_second_webscrape', 'create_table', 'manual__2023-03-08T18:30:12.846434+00:00', '--job-id', '238', '--raw', '--subdir', 'DAGS_FOLDER/main.py', '--cfg-path', '/tmp/tmpfm7t5t_i']
[2023-03-08T18:30:30.334+0000] {standard_task_runner.py:83} INFO - Job 238: Subtask create_table
[2023-03-08T18:30:30.435+0000] {task_command.py:388} INFO - Running <TaskInstance: bitcoin_second_webscrape.create_table manual__2023-03-08T18:30:12.846434+00:00 [running]> on host cd114ba8c1f8
[2023-03-08T18:30:30.529+0000] {taskinstance.py:1509} INFO - Exporting the following env vars:
AIRFLOW_CTX_DAG_EMAIL=***@example.com
AIRFLOW_CTX_DAG_OWNER=***
AIRFLOW_CTX_DAG_ID=bitcoin_second_webscrape
AIRFLOW_CTX_TASK_ID=create_table
AIRFLOW_CTX_EXECUTION_DATE=2023-03-08T18:30:12.846434+00:00
AIRFLOW_CTX_TRY_NUMBER=1
AIRFLOW_CTX_DAG_RUN_ID=manual__2023-03-08T18:30:12.846434+00:00
[2023-03-08T18:30:35.596+0000] {python.py:177} INFO - Done. Returned value was: None
[2023-03-08T18:30:35.610+0000] {taskinstance.py:1323} INFO - Marking task as SUCCESS. dag_id=bitcoin_second_webscrape, task_id=create_table, execution_date=20230308T183012, start_date=20230308T183030, end_date=20230308T183035
[2023-03-08T18:30:35.673+0000] {local_task_job.py:208} INFO - Task exited with return code 0
[2023-03-08T18:30:35.715+0000] {taskinstance.py:2578} INFO - 1 downstream tasks scheduled from follow-on schedule check
