[2023-03-07T00:00:01.752+0000] {processor.py:153} INFO - Started process (PID=1726) to work on /opt/airflow/dags/webscrape.py
[2023-03-07T00:00:01.765+0000] {processor.py:743} INFO - Processing file /opt/airflow/dags/webscrape.py for tasks to queue
[2023-03-07T00:00:01.781+0000] {logging_mixin.py:137} INFO - [2023-03-07T00:00:01.781+0000] {dagbag.py:538} INFO - Filling up the DagBag from /opt/airflow/dags/webscrape.py
[2023-03-07T00:00:05.487+0000] {processor.py:755} WARNING - No viable dags retrieved from /opt/airflow/dags/webscrape.py
[2023-03-07T00:00:05.504+0000] {processor.py:175} INFO - Processing /opt/airflow/dags/webscrape.py took 3.793 seconds
[2023-03-07T00:00:36.223+0000] {processor.py:153} INFO - Started process (PID=1807) to work on /opt/airflow/dags/webscrape.py
[2023-03-07T00:00:36.228+0000] {processor.py:743} INFO - Processing file /opt/airflow/dags/webscrape.py for tasks to queue
[2023-03-07T00:00:36.233+0000] {logging_mixin.py:137} INFO - [2023-03-07T00:00:36.232+0000] {dagbag.py:538} INFO - Filling up the DagBag from /opt/airflow/dags/webscrape.py
[2023-03-07T00:00:38.598+0000] {processor.py:755} WARNING - No viable dags retrieved from /opt/airflow/dags/webscrape.py
[2023-03-07T00:00:38.622+0000] {processor.py:175} INFO - Processing /opt/airflow/dags/webscrape.py took 2.414 seconds
[2023-03-07T00:01:09.263+0000] {processor.py:153} INFO - Started process (PID=1887) to work on /opt/airflow/dags/webscrape.py
[2023-03-07T00:01:09.267+0000] {processor.py:743} INFO - Processing file /opt/airflow/dags/webscrape.py for tasks to queue
[2023-03-07T00:01:09.270+0000] {logging_mixin.py:137} INFO - [2023-03-07T00:01:09.270+0000] {dagbag.py:538} INFO - Filling up the DagBag from /opt/airflow/dags/webscrape.py
[2023-03-07T00:01:10.766+0000] {processor.py:755} WARNING - No viable dags retrieved from /opt/airflow/dags/webscrape.py
[2023-03-07T00:01:10.777+0000] {processor.py:175} INFO - Processing /opt/airflow/dags/webscrape.py took 1.526 seconds
[2023-03-07T00:01:41.567+0000] {processor.py:153} INFO - Started process (PID=1957) to work on /opt/airflow/dags/webscrape.py
[2023-03-07T00:01:41.570+0000] {processor.py:743} INFO - Processing file /opt/airflow/dags/webscrape.py for tasks to queue
[2023-03-07T00:01:41.572+0000] {logging_mixin.py:137} INFO - [2023-03-07T00:01:41.572+0000] {dagbag.py:538} INFO - Filling up the DagBag from /opt/airflow/dags/webscrape.py
[2023-03-07T00:01:42.680+0000] {processor.py:755} WARNING - No viable dags retrieved from /opt/airflow/dags/webscrape.py
[2023-03-07T00:01:42.691+0000] {processor.py:175} INFO - Processing /opt/airflow/dags/webscrape.py took 1.132 seconds
[2023-03-07T00:02:13.292+0000] {processor.py:153} INFO - Started process (PID=2028) to work on /opt/airflow/dags/webscrape.py
[2023-03-07T00:02:13.295+0000] {processor.py:743} INFO - Processing file /opt/airflow/dags/webscrape.py for tasks to queue
[2023-03-07T00:02:13.298+0000] {logging_mixin.py:137} INFO - [2023-03-07T00:02:13.298+0000] {dagbag.py:538} INFO - Filling up the DagBag from /opt/airflow/dags/webscrape.py
[2023-03-07T00:02:14.545+0000] {processor.py:755} WARNING - No viable dags retrieved from /opt/airflow/dags/webscrape.py
[2023-03-07T00:02:14.556+0000] {processor.py:175} INFO - Processing /opt/airflow/dags/webscrape.py took 1.271 seconds
[2023-03-07T00:02:45.544+0000] {processor.py:153} INFO - Started process (PID=2099) to work on /opt/airflow/dags/webscrape.py
[2023-03-07T00:02:45.574+0000] {processor.py:743} INFO - Processing file /opt/airflow/dags/webscrape.py for tasks to queue
[2023-03-07T00:02:45.667+0000] {logging_mixin.py:137} INFO - [2023-03-07T00:02:45.666+0000] {dagbag.py:538} INFO - Filling up the DagBag from /opt/airflow/dags/webscrape.py
[2023-03-07T00:02:49.311+0000] {processor.py:755} WARNING - No viable dags retrieved from /opt/airflow/dags/webscrape.py
[2023-03-07T00:02:49.325+0000] {processor.py:175} INFO - Processing /opt/airflow/dags/webscrape.py took 4.178 seconds
[2023-03-07T00:03:19.595+0000] {processor.py:153} INFO - Started process (PID=2174) to work on /opt/airflow/dags/webscrape.py
[2023-03-07T00:03:19.598+0000] {processor.py:743} INFO - Processing file /opt/airflow/dags/webscrape.py for tasks to queue
[2023-03-07T00:03:19.603+0000] {logging_mixin.py:137} INFO - [2023-03-07T00:03:19.603+0000] {dagbag.py:538} INFO - Filling up the DagBag from /opt/airflow/dags/webscrape.py
[2023-03-07T00:03:20.729+0000] {processor.py:755} WARNING - No viable dags retrieved from /opt/airflow/dags/webscrape.py
[2023-03-07T00:03:20.738+0000] {processor.py:175} INFO - Processing /opt/airflow/dags/webscrape.py took 1.150 seconds
[2023-03-07T00:03:51.346+0000] {processor.py:153} INFO - Started process (PID=2244) to work on /opt/airflow/dags/webscrape.py
[2023-03-07T00:03:51.349+0000] {processor.py:743} INFO - Processing file /opt/airflow/dags/webscrape.py for tasks to queue
[2023-03-07T00:03:51.354+0000] {logging_mixin.py:137} INFO - [2023-03-07T00:03:51.352+0000] {dagbag.py:538} INFO - Filling up the DagBag from /opt/airflow/dags/webscrape.py
[2023-03-07T00:03:52.774+0000] {processor.py:755} WARNING - No viable dags retrieved from /opt/airflow/dags/webscrape.py
[2023-03-07T00:03:52.786+0000] {processor.py:175} INFO - Processing /opt/airflow/dags/webscrape.py took 1.447 seconds
[2023-03-07T00:04:23.015+0000] {processor.py:153} INFO - Started process (PID=2325) to work on /opt/airflow/dags/webscrape.py
[2023-03-07T00:04:23.033+0000] {processor.py:743} INFO - Processing file /opt/airflow/dags/webscrape.py for tasks to queue
[2023-03-07T00:04:23.039+0000] {logging_mixin.py:137} INFO - [2023-03-07T00:04:23.038+0000] {dagbag.py:538} INFO - Filling up the DagBag from /opt/airflow/dags/webscrape.py
[2023-03-07T00:04:24.640+0000] {processor.py:755} WARNING - No viable dags retrieved from /opt/airflow/dags/webscrape.py
[2023-03-07T00:04:24.654+0000] {processor.py:175} INFO - Processing /opt/airflow/dags/webscrape.py took 1.651 seconds
[2023-03-07T00:04:55.172+0000] {processor.py:153} INFO - Started process (PID=2404) to work on /opt/airflow/dags/webscrape.py
[2023-03-07T00:04:55.177+0000] {processor.py:743} INFO - Processing file /opt/airflow/dags/webscrape.py for tasks to queue
[2023-03-07T00:04:55.182+0000] {logging_mixin.py:137} INFO - [2023-03-07T00:04:55.182+0000] {dagbag.py:538} INFO - Filling up the DagBag from /opt/airflow/dags/webscrape.py
[2023-03-07T00:04:57.376+0000] {processor.py:755} WARNING - No viable dags retrieved from /opt/airflow/dags/webscrape.py
[2023-03-07T00:04:57.397+0000] {processor.py:175} INFO - Processing /opt/airflow/dags/webscrape.py took 2.236 seconds
[2023-03-07T00:05:27.726+0000] {processor.py:153} INFO - Started process (PID=2471) to work on /opt/airflow/dags/webscrape.py
[2023-03-07T00:05:27.739+0000] {processor.py:743} INFO - Processing file /opt/airflow/dags/webscrape.py for tasks to queue
[2023-03-07T00:05:27.745+0000] {logging_mixin.py:137} INFO - [2023-03-07T00:05:27.745+0000] {dagbag.py:538} INFO - Filling up the DagBag from /opt/airflow/dags/webscrape.py
[2023-03-07T00:05:33.992+0000] {processor.py:755} WARNING - No viable dags retrieved from /opt/airflow/dags/webscrape.py
[2023-03-07T00:05:34.027+0000] {processor.py:175} INFO - Processing /opt/airflow/dags/webscrape.py took 6.335 seconds
[2023-03-07T00:06:07.665+0000] {processor.py:153} INFO - Started process (PID=2542) to work on /opt/airflow/dags/webscrape.py
[2023-03-07T00:06:07.673+0000] {processor.py:743} INFO - Processing file /opt/airflow/dags/webscrape.py for tasks to queue
[2023-03-07T00:06:07.680+0000] {logging_mixin.py:137} INFO - [2023-03-07T00:06:07.679+0000] {dagbag.py:538} INFO - Filling up the DagBag from /opt/airflow/dags/webscrape.py
[2023-03-07T00:06:11.423+0000] {processor.py:755} WARNING - No viable dags retrieved from /opt/airflow/dags/webscrape.py
[2023-03-07T00:06:11.450+0000] {processor.py:175} INFO - Processing /opt/airflow/dags/webscrape.py took 3.806 seconds
[2023-03-07T00:06:41.906+0000] {processor.py:153} INFO - Started process (PID=2610) to work on /opt/airflow/dags/webscrape.py
[2023-03-07T00:06:41.910+0000] {processor.py:743} INFO - Processing file /opt/airflow/dags/webscrape.py for tasks to queue
[2023-03-07T00:06:41.914+0000] {logging_mixin.py:137} INFO - [2023-03-07T00:06:41.913+0000] {dagbag.py:538} INFO - Filling up the DagBag from /opt/airflow/dags/webscrape.py
[2023-03-07T00:06:43.506+0000] {processor.py:755} WARNING - No viable dags retrieved from /opt/airflow/dags/webscrape.py
[2023-03-07T00:06:43.529+0000] {processor.py:175} INFO - Processing /opt/airflow/dags/webscrape.py took 1.634 seconds
[2023-03-07T00:07:14.312+0000] {processor.py:153} INFO - Started process (PID=2693) to work on /opt/airflow/dags/webscrape.py
[2023-03-07T00:07:14.316+0000] {processor.py:743} INFO - Processing file /opt/airflow/dags/webscrape.py for tasks to queue
[2023-03-07T00:07:14.319+0000] {logging_mixin.py:137} INFO - [2023-03-07T00:07:14.318+0000] {dagbag.py:538} INFO - Filling up the DagBag from /opt/airflow/dags/webscrape.py
[2023-03-07T00:07:15.966+0000] {processor.py:755} WARNING - No viable dags retrieved from /opt/airflow/dags/webscrape.py
[2023-03-07T00:07:15.981+0000] {processor.py:175} INFO - Processing /opt/airflow/dags/webscrape.py took 1.679 seconds
[2023-03-07T00:07:46.277+0000] {processor.py:153} INFO - Started process (PID=2768) to work on /opt/airflow/dags/webscrape.py
[2023-03-07T00:07:46.282+0000] {processor.py:743} INFO - Processing file /opt/airflow/dags/webscrape.py for tasks to queue
[2023-03-07T00:07:46.286+0000] {logging_mixin.py:137} INFO - [2023-03-07T00:07:46.285+0000] {dagbag.py:538} INFO - Filling up the DagBag from /opt/airflow/dags/webscrape.py
[2023-03-07T00:07:47.718+0000] {processor.py:755} WARNING - No viable dags retrieved from /opt/airflow/dags/webscrape.py
[2023-03-07T00:07:47.729+0000] {processor.py:175} INFO - Processing /opt/airflow/dags/webscrape.py took 1.463 seconds
[2023-03-07T00:08:18.111+0000] {processor.py:153} INFO - Started process (PID=2841) to work on /opt/airflow/dags/webscrape.py
[2023-03-07T00:08:18.120+0000] {processor.py:743} INFO - Processing file /opt/airflow/dags/webscrape.py for tasks to queue
[2023-03-07T00:08:18.126+0000] {logging_mixin.py:137} INFO - [2023-03-07T00:08:18.126+0000] {dagbag.py:538} INFO - Filling up the DagBag from /opt/airflow/dags/webscrape.py
[2023-03-07T00:08:20.138+0000] {processor.py:755} WARNING - No viable dags retrieved from /opt/airflow/dags/webscrape.py
[2023-03-07T00:08:20.151+0000] {processor.py:175} INFO - Processing /opt/airflow/dags/webscrape.py took 2.054 seconds
[2023-03-07T00:08:50.978+0000] {processor.py:153} INFO - Started process (PID=2912) to work on /opt/airflow/dags/webscrape.py
[2023-03-07T00:08:50.983+0000] {processor.py:743} INFO - Processing file /opt/airflow/dags/webscrape.py for tasks to queue
[2023-03-07T00:08:50.988+0000] {logging_mixin.py:137} INFO - [2023-03-07T00:08:50.987+0000] {dagbag.py:538} INFO - Filling up the DagBag from /opt/airflow/dags/webscrape.py
[2023-03-07T00:08:52.349+0000] {processor.py:755} WARNING - No viable dags retrieved from /opt/airflow/dags/webscrape.py
[2023-03-07T00:08:52.365+0000] {processor.py:175} INFO - Processing /opt/airflow/dags/webscrape.py took 1.397 seconds
[2023-03-07T00:09:22.520+0000] {processor.py:153} INFO - Started process (PID=2984) to work on /opt/airflow/dags/webscrape.py
[2023-03-07T00:09:22.533+0000] {processor.py:743} INFO - Processing file /opt/airflow/dags/webscrape.py for tasks to queue
[2023-03-07T00:09:22.539+0000] {logging_mixin.py:137} INFO - [2023-03-07T00:09:22.538+0000] {dagbag.py:538} INFO - Filling up the DagBag from /opt/airflow/dags/webscrape.py
[2023-03-07T00:09:25.644+0000] {processor.py:755} WARNING - No viable dags retrieved from /opt/airflow/dags/webscrape.py
[2023-03-07T00:09:25.677+0000] {processor.py:175} INFO - Processing /opt/airflow/dags/webscrape.py took 3.179 seconds
[2023-03-07T00:09:56.303+0000] {processor.py:153} INFO - Started process (PID=3057) to work on /opt/airflow/dags/webscrape.py
[2023-03-07T00:09:56.309+0000] {processor.py:743} INFO - Processing file /opt/airflow/dags/webscrape.py for tasks to queue
[2023-03-07T00:09:56.315+0000] {logging_mixin.py:137} INFO - [2023-03-07T00:09:56.315+0000] {dagbag.py:538} INFO - Filling up the DagBag from /opt/airflow/dags/webscrape.py
[2023-03-07T00:09:58.405+0000] {processor.py:755} WARNING - No viable dags retrieved from /opt/airflow/dags/webscrape.py
[2023-03-07T00:09:58.432+0000] {processor.py:175} INFO - Processing /opt/airflow/dags/webscrape.py took 2.151 seconds
[2023-03-07T00:10:28.646+0000] {processor.py:153} INFO - Started process (PID=3130) to work on /opt/airflow/dags/webscrape.py
[2023-03-07T00:10:28.649+0000] {processor.py:743} INFO - Processing file /opt/airflow/dags/webscrape.py for tasks to queue
[2023-03-07T00:10:28.652+0000] {logging_mixin.py:137} INFO - [2023-03-07T00:10:28.652+0000] {dagbag.py:538} INFO - Filling up the DagBag from /opt/airflow/dags/webscrape.py
[2023-03-07T00:10:29.932+0000] {processor.py:755} WARNING - No viable dags retrieved from /opt/airflow/dags/webscrape.py
[2023-03-07T00:10:29.943+0000] {processor.py:175} INFO - Processing /opt/airflow/dags/webscrape.py took 1.308 seconds
[2023-03-07T00:11:00.258+0000] {processor.py:153} INFO - Started process (PID=3201) to work on /opt/airflow/dags/webscrape.py
[2023-03-07T00:11:00.262+0000] {processor.py:743} INFO - Processing file /opt/airflow/dags/webscrape.py for tasks to queue
[2023-03-07T00:11:00.266+0000] {logging_mixin.py:137} INFO - [2023-03-07T00:11:00.266+0000] {dagbag.py:538} INFO - Filling up the DagBag from /opt/airflow/dags/webscrape.py
[2023-03-07T00:11:01.725+0000] {processor.py:755} WARNING - No viable dags retrieved from /opt/airflow/dags/webscrape.py
[2023-03-07T00:11:01.735+0000] {processor.py:175} INFO - Processing /opt/airflow/dags/webscrape.py took 1.487 seconds
[2023-03-07T00:11:31.876+0000] {processor.py:153} INFO - Started process (PID=3273) to work on /opt/airflow/dags/webscrape.py
[2023-03-07T00:11:31.884+0000] {processor.py:743} INFO - Processing file /opt/airflow/dags/webscrape.py for tasks to queue
[2023-03-07T00:11:31.895+0000] {logging_mixin.py:137} INFO - [2023-03-07T00:11:31.894+0000] {dagbag.py:538} INFO - Filling up the DagBag from /opt/airflow/dags/webscrape.py
[2023-03-07T00:11:33.727+0000] {processor.py:755} WARNING - No viable dags retrieved from /opt/airflow/dags/webscrape.py
[2023-03-07T00:11:33.745+0000] {processor.py:175} INFO - Processing /opt/airflow/dags/webscrape.py took 1.885 seconds
[2023-03-07T00:12:04.082+0000] {processor.py:153} INFO - Started process (PID=3345) to work on /opt/airflow/dags/webscrape.py
[2023-03-07T00:12:04.086+0000] {processor.py:743} INFO - Processing file /opt/airflow/dags/webscrape.py for tasks to queue
[2023-03-07T00:12:04.089+0000] {logging_mixin.py:137} INFO - [2023-03-07T00:12:04.089+0000] {dagbag.py:538} INFO - Filling up the DagBag from /opt/airflow/dags/webscrape.py
[2023-03-07T00:12:05.481+0000] {processor.py:755} WARNING - No viable dags retrieved from /opt/airflow/dags/webscrape.py
[2023-03-07T00:12:05.494+0000] {processor.py:175} INFO - Processing /opt/airflow/dags/webscrape.py took 1.420 seconds
[2023-03-07T00:12:36.120+0000] {processor.py:153} INFO - Started process (PID=3427) to work on /opt/airflow/dags/webscrape.py
[2023-03-07T00:12:36.126+0000] {processor.py:743} INFO - Processing file /opt/airflow/dags/webscrape.py for tasks to queue
[2023-03-07T00:12:36.129+0000] {logging_mixin.py:137} INFO - [2023-03-07T00:12:36.129+0000] {dagbag.py:538} INFO - Filling up the DagBag from /opt/airflow/dags/webscrape.py
[2023-03-07T00:12:37.520+0000] {processor.py:755} WARNING - No viable dags retrieved from /opt/airflow/dags/webscrape.py
[2023-03-07T00:12:37.533+0000] {processor.py:175} INFO - Processing /opt/airflow/dags/webscrape.py took 1.421 seconds
[2023-03-07T00:13:08.085+0000] {processor.py:153} INFO - Started process (PID=3498) to work on /opt/airflow/dags/webscrape.py
[2023-03-07T00:13:08.093+0000] {processor.py:743} INFO - Processing file /opt/airflow/dags/webscrape.py for tasks to queue
[2023-03-07T00:13:08.105+0000] {logging_mixin.py:137} INFO - [2023-03-07T00:13:08.104+0000] {dagbag.py:538} INFO - Filling up the DagBag from /opt/airflow/dags/webscrape.py
[2023-03-07T00:13:11.344+0000] {processor.py:755} WARNING - No viable dags retrieved from /opt/airflow/dags/webscrape.py
[2023-03-07T00:13:11.511+0000] {processor.py:175} INFO - Processing /opt/airflow/dags/webscrape.py took 3.443 seconds
[2023-03-07T00:13:43.562+0000] {processor.py:153} INFO - Started process (PID=3558) to work on /opt/airflow/dags/webscrape.py
[2023-03-07T00:13:43.569+0000] {processor.py:743} INFO - Processing file /opt/airflow/dags/webscrape.py for tasks to queue
[2023-03-07T00:13:43.577+0000] {logging_mixin.py:137} INFO - [2023-03-07T00:13:43.576+0000] {dagbag.py:538} INFO - Filling up the DagBag from /opt/airflow/dags/webscrape.py
[2023-03-07T00:13:46.236+0000] {processor.py:755} WARNING - No viable dags retrieved from /opt/airflow/dags/webscrape.py
[2023-03-07T00:13:46.265+0000] {processor.py:175} INFO - Processing /opt/airflow/dags/webscrape.py took 2.725 seconds
[2023-03-07T00:14:16.698+0000] {processor.py:153} INFO - Started process (PID=3621) to work on /opt/airflow/dags/webscrape.py
[2023-03-07T00:14:16.706+0000] {processor.py:743} INFO - Processing file /opt/airflow/dags/webscrape.py for tasks to queue
[2023-03-07T00:14:16.711+0000] {logging_mixin.py:137} INFO - [2023-03-07T00:14:16.710+0000] {dagbag.py:538} INFO - Filling up the DagBag from /opt/airflow/dags/webscrape.py
[2023-03-07T00:14:18.308+0000] {processor.py:755} WARNING - No viable dags retrieved from /opt/airflow/dags/webscrape.py
[2023-03-07T00:14:18.322+0000] {processor.py:175} INFO - Processing /opt/airflow/dags/webscrape.py took 1.639 seconds
[2023-03-07T00:14:48.583+0000] {processor.py:153} INFO - Started process (PID=3691) to work on /opt/airflow/dags/webscrape.py
[2023-03-07T00:14:48.589+0000] {processor.py:743} INFO - Processing file /opt/airflow/dags/webscrape.py for tasks to queue
[2023-03-07T00:14:48.602+0000] {logging_mixin.py:137} INFO - [2023-03-07T00:14:48.601+0000] {dagbag.py:538} INFO - Filling up the DagBag from /opt/airflow/dags/webscrape.py
[2023-03-07T00:14:53.341+0000] {processor.py:755} WARNING - No viable dags retrieved from /opt/airflow/dags/webscrape.py
[2023-03-07T00:14:53.389+0000] {processor.py:175} INFO - Processing /opt/airflow/dags/webscrape.py took 4.794 seconds
[2023-03-07T00:16:19.962+0000] {processor.py:153} INFO - Started process (PID=3731) to work on /opt/airflow/dags/webscrape.py
[2023-03-07T00:16:19.971+0000] {processor.py:743} INFO - Processing file /opt/airflow/dags/webscrape.py for tasks to queue
[2023-03-07T00:16:19.976+0000] {logging_mixin.py:137} INFO - [2023-03-07T00:16:19.975+0000] {dagbag.py:538} INFO - Filling up the DagBag from /opt/airflow/dags/webscrape.py
[2023-03-07T00:16:23.318+0000] {processor.py:755} WARNING - No viable dags retrieved from /opt/airflow/dags/webscrape.py
[2023-03-07T00:16:23.340+0000] {processor.py:175} INFO - Processing /opt/airflow/dags/webscrape.py took 3.417 seconds
[2023-03-07T00:16:54.700+0000] {processor.py:153} INFO - Started process (PID=3803) to work on /opt/airflow/dags/webscrape.py
[2023-03-07T00:16:54.708+0000] {processor.py:743} INFO - Processing file /opt/airflow/dags/webscrape.py for tasks to queue
[2023-03-07T00:16:54.724+0000] {logging_mixin.py:137} INFO - [2023-03-07T00:16:54.723+0000] {dagbag.py:538} INFO - Filling up the DagBag from /opt/airflow/dags/webscrape.py
[2023-03-07T00:16:58.380+0000] {processor.py:755} WARNING - No viable dags retrieved from /opt/airflow/dags/webscrape.py
[2023-03-07T00:16:58.404+0000] {processor.py:175} INFO - Processing /opt/airflow/dags/webscrape.py took 3.724 seconds
[2023-03-07T00:17:28.829+0000] {processor.py:153} INFO - Started process (PID=3879) to work on /opt/airflow/dags/webscrape.py
[2023-03-07T00:17:28.834+0000] {processor.py:743} INFO - Processing file /opt/airflow/dags/webscrape.py for tasks to queue
[2023-03-07T00:17:28.838+0000] {logging_mixin.py:137} INFO - [2023-03-07T00:17:28.838+0000] {dagbag.py:538} INFO - Filling up the DagBag from /opt/airflow/dags/webscrape.py
[2023-03-07T00:17:30.447+0000] {processor.py:755} WARNING - No viable dags retrieved from /opt/airflow/dags/webscrape.py
[2023-03-07T00:17:30.460+0000] {processor.py:175} INFO - Processing /opt/airflow/dags/webscrape.py took 1.642 seconds
[2023-03-07T00:18:00.978+0000] {processor.py:153} INFO - Started process (PID=3950) to work on /opt/airflow/dags/webscrape.py
[2023-03-07T00:18:00.981+0000] {processor.py:743} INFO - Processing file /opt/airflow/dags/webscrape.py for tasks to queue
[2023-03-07T00:18:00.984+0000] {logging_mixin.py:137} INFO - [2023-03-07T00:18:00.984+0000] {dagbag.py:538} INFO - Filling up the DagBag from /opt/airflow/dags/webscrape.py
[2023-03-07T00:18:02.709+0000] {processor.py:755} WARNING - No viable dags retrieved from /opt/airflow/dags/webscrape.py
[2023-03-07T00:18:02.723+0000] {processor.py:175} INFO - Processing /opt/airflow/dags/webscrape.py took 1.757 seconds
[2023-03-07T00:18:32.964+0000] {processor.py:153} INFO - Started process (PID=4035) to work on /opt/airflow/dags/webscrape.py
[2023-03-07T00:18:32.967+0000] {processor.py:743} INFO - Processing file /opt/airflow/dags/webscrape.py for tasks to queue
[2023-03-07T00:18:32.971+0000] {logging_mixin.py:137} INFO - [2023-03-07T00:18:32.970+0000] {dagbag.py:538} INFO - Filling up the DagBag from /opt/airflow/dags/webscrape.py
[2023-03-07T00:18:35.247+0000] {processor.py:755} WARNING - No viable dags retrieved from /opt/airflow/dags/webscrape.py
[2023-03-07T00:18:35.267+0000] {processor.py:175} INFO - Processing /opt/airflow/dags/webscrape.py took 2.311 seconds
[2023-03-07T00:19:13.879+0000] {processor.py:153} INFO - Started process (PID=4105) to work on /opt/airflow/dags/webscrape.py
[2023-03-07T00:19:13.888+0000] {processor.py:743} INFO - Processing file /opt/airflow/dags/webscrape.py for tasks to queue
[2023-03-07T00:19:13.953+0000] {logging_mixin.py:137} INFO - [2023-03-07T00:19:13.952+0000] {dagbag.py:538} INFO - Filling up the DagBag from /opt/airflow/dags/webscrape.py
[2023-03-07T00:19:19.050+0000] {processor.py:755} WARNING - No viable dags retrieved from /opt/airflow/dags/webscrape.py
[2023-03-07T00:19:19.091+0000] {processor.py:175} INFO - Processing /opt/airflow/dags/webscrape.py took 5.281 seconds
[2023-03-07T00:19:50.047+0000] {processor.py:153} INFO - Started process (PID=4182) to work on /opt/airflow/dags/webscrape.py
[2023-03-07T00:19:50.055+0000] {processor.py:743} INFO - Processing file /opt/airflow/dags/webscrape.py for tasks to queue
[2023-03-07T00:19:50.075+0000] {logging_mixin.py:137} INFO - [2023-03-07T00:19:50.075+0000] {dagbag.py:538} INFO - Filling up the DagBag from /opt/airflow/dags/webscrape.py
[2023-03-07T00:19:54.016+0000] {processor.py:755} WARNING - No viable dags retrieved from /opt/airflow/dags/webscrape.py
[2023-03-07T00:19:54.066+0000] {processor.py:175} INFO - Processing /opt/airflow/dags/webscrape.py took 4.034 seconds
[2023-03-07T00:20:24.491+0000] {processor.py:153} INFO - Started process (PID=4253) to work on /opt/airflow/dags/webscrape.py
[2023-03-07T00:20:24.500+0000] {processor.py:743} INFO - Processing file /opt/airflow/dags/webscrape.py for tasks to queue
[2023-03-07T00:20:24.516+0000] {logging_mixin.py:137} INFO - [2023-03-07T00:20:24.514+0000] {dagbag.py:538} INFO - Filling up the DagBag from /opt/airflow/dags/webscrape.py
[2023-03-07T00:20:42.605+0000] {processor.py:755} WARNING - No viable dags retrieved from /opt/airflow/dags/webscrape.py
[2023-03-07T00:20:42.656+0000] {processor.py:175} INFO - Processing /opt/airflow/dags/webscrape.py took 18.304 seconds
[2023-03-07T00:21:14.371+0000] {processor.py:153} INFO - Started process (PID=4324) to work on /opt/airflow/dags/webscrape.py
[2023-03-07T00:21:14.391+0000] {processor.py:743} INFO - Processing file /opt/airflow/dags/webscrape.py for tasks to queue
[2023-03-07T00:21:14.477+0000] {logging_mixin.py:137} INFO - [2023-03-07T00:21:14.476+0000] {dagbag.py:538} INFO - Filling up the DagBag from /opt/airflow/dags/webscrape.py
[2023-03-07T00:21:17.293+0000] {processor.py:755} WARNING - No viable dags retrieved from /opt/airflow/dags/webscrape.py
[2023-03-07T00:21:17.310+0000] {processor.py:175} INFO - Processing /opt/airflow/dags/webscrape.py took 2.986 seconds
[2023-03-07T00:21:47.692+0000] {processor.py:153} INFO - Started process (PID=4390) to work on /opt/airflow/dags/webscrape.py
[2023-03-07T00:21:47.791+0000] {processor.py:743} INFO - Processing file /opt/airflow/dags/webscrape.py for tasks to queue
[2023-03-07T00:21:47.808+0000] {logging_mixin.py:137} INFO - [2023-03-07T00:21:47.807+0000] {dagbag.py:538} INFO - Filling up the DagBag from /opt/airflow/dags/webscrape.py
[2023-03-07T00:21:51.493+0000] {processor.py:755} WARNING - No viable dags retrieved from /opt/airflow/dags/webscrape.py
[2023-03-07T00:21:51.511+0000] {processor.py:175} INFO - Processing /opt/airflow/dags/webscrape.py took 3.871 seconds
[2023-03-07T00:23:05.788+0000] {processor.py:153} INFO - Started process (PID=4463) to work on /opt/airflow/dags/webscrape.py
[2023-03-07T00:23:05.926+0000] {processor.py:743} INFO - Processing file /opt/airflow/dags/webscrape.py for tasks to queue
[2023-03-07T00:23:05.967+0000] {logging_mixin.py:137} INFO - [2023-03-07T00:23:05.955+0000] {dagbag.py:538} INFO - Filling up the DagBag from /opt/airflow/dags/webscrape.py
[2023-03-07T00:23:20.136+0000] {processor.py:755} WARNING - No viable dags retrieved from /opt/airflow/dags/webscrape.py
[2023-03-07T00:23:20.201+0000] {processor.py:175} INFO - Processing /opt/airflow/dags/webscrape.py took 14.680 seconds
[2023-03-07T00:23:50.767+0000] {processor.py:153} INFO - Started process (PID=4537) to work on /opt/airflow/dags/webscrape.py
[2023-03-07T00:23:50.772+0000] {processor.py:743} INFO - Processing file /opt/airflow/dags/webscrape.py for tasks to queue
[2023-03-07T00:23:50.778+0000] {logging_mixin.py:137} INFO - [2023-03-07T00:23:50.778+0000] {dagbag.py:538} INFO - Filling up the DagBag from /opt/airflow/dags/webscrape.py
[2023-03-07T00:23:52.190+0000] {processor.py:755} WARNING - No viable dags retrieved from /opt/airflow/dags/webscrape.py
[2023-03-07T00:23:52.202+0000] {processor.py:175} INFO - Processing /opt/airflow/dags/webscrape.py took 1.449 seconds
[2023-03-07T00:24:22.461+0000] {processor.py:153} INFO - Started process (PID=4608) to work on /opt/airflow/dags/webscrape.py
[2023-03-07T00:24:22.465+0000] {processor.py:743} INFO - Processing file /opt/airflow/dags/webscrape.py for tasks to queue
[2023-03-07T00:24:22.469+0000] {logging_mixin.py:137} INFO - [2023-03-07T00:24:22.468+0000] {dagbag.py:538} INFO - Filling up the DagBag from /opt/airflow/dags/webscrape.py
[2023-03-07T00:24:23.767+0000] {processor.py:755} WARNING - No viable dags retrieved from /opt/airflow/dags/webscrape.py
[2023-03-07T00:24:23.778+0000] {processor.py:175} INFO - Processing /opt/airflow/dags/webscrape.py took 1.327 seconds
[2023-03-07T00:24:54.631+0000] {processor.py:153} INFO - Started process (PID=4680) to work on /opt/airflow/dags/webscrape.py
[2023-03-07T00:24:54.634+0000] {processor.py:743} INFO - Processing file /opt/airflow/dags/webscrape.py for tasks to queue
[2023-03-07T00:24:54.638+0000] {logging_mixin.py:137} INFO - [2023-03-07T00:24:54.637+0000] {dagbag.py:538} INFO - Filling up the DagBag from /opt/airflow/dags/webscrape.py
[2023-03-07T00:24:56.146+0000] {processor.py:755} WARNING - No viable dags retrieved from /opt/airflow/dags/webscrape.py
[2023-03-07T00:24:56.161+0000] {processor.py:175} INFO - Processing /opt/airflow/dags/webscrape.py took 1.542 seconds
[2023-03-07T00:25:26.732+0000] {processor.py:153} INFO - Started process (PID=4762) to work on /opt/airflow/dags/webscrape.py
[2023-03-07T00:25:26.735+0000] {processor.py:743} INFO - Processing file /opt/airflow/dags/webscrape.py for tasks to queue
[2023-03-07T00:25:26.740+0000] {logging_mixin.py:137} INFO - [2023-03-07T00:25:26.739+0000] {dagbag.py:538} INFO - Filling up the DagBag from /opt/airflow/dags/webscrape.py
[2023-03-07T00:25:28.129+0000] {processor.py:755} WARNING - No viable dags retrieved from /opt/airflow/dags/webscrape.py
[2023-03-07T00:25:28.142+0000] {processor.py:175} INFO - Processing /opt/airflow/dags/webscrape.py took 1.418 seconds
[2023-03-07T00:25:58.520+0000] {processor.py:153} INFO - Started process (PID=4839) to work on /opt/airflow/dags/webscrape.py
[2023-03-07T00:25:58.525+0000] {processor.py:743} INFO - Processing file /opt/airflow/dags/webscrape.py for tasks to queue
[2023-03-07T00:25:58.530+0000] {logging_mixin.py:137} INFO - [2023-03-07T00:25:58.530+0000] {dagbag.py:538} INFO - Filling up the DagBag from /opt/airflow/dags/webscrape.py
[2023-03-07T00:26:00.515+0000] {processor.py:755} WARNING - No viable dags retrieved from /opt/airflow/dags/webscrape.py
[2023-03-07T00:26:00.532+0000] {processor.py:175} INFO - Processing /opt/airflow/dags/webscrape.py took 2.027 seconds
[2023-03-07T00:26:31.275+0000] {processor.py:153} INFO - Started process (PID=4912) to work on /opt/airflow/dags/webscrape.py
[2023-03-07T00:26:31.281+0000] {processor.py:743} INFO - Processing file /opt/airflow/dags/webscrape.py for tasks to queue
[2023-03-07T00:26:31.286+0000] {logging_mixin.py:137} INFO - [2023-03-07T00:26:31.285+0000] {dagbag.py:538} INFO - Filling up the DagBag from /opt/airflow/dags/webscrape.py
[2023-03-07T00:26:33.065+0000] {processor.py:755} WARNING - No viable dags retrieved from /opt/airflow/dags/webscrape.py
[2023-03-07T00:26:33.085+0000] {processor.py:175} INFO - Processing /opt/airflow/dags/webscrape.py took 1.830 seconds
[2023-03-07T00:27:03.222+0000] {processor.py:153} INFO - Started process (PID=4987) to work on /opt/airflow/dags/webscrape.py
[2023-03-07T00:27:03.226+0000] {processor.py:743} INFO - Processing file /opt/airflow/dags/webscrape.py for tasks to queue
[2023-03-07T00:27:03.231+0000] {logging_mixin.py:137} INFO - [2023-03-07T00:27:03.230+0000] {dagbag.py:538} INFO - Filling up the DagBag from /opt/airflow/dags/webscrape.py
[2023-03-07T00:27:05.090+0000] {processor.py:755} WARNING - No viable dags retrieved from /opt/airflow/dags/webscrape.py
[2023-03-07T00:27:05.110+0000] {processor.py:175} INFO - Processing /opt/airflow/dags/webscrape.py took 1.898 seconds
[2023-03-07T00:27:35.261+0000] {processor.py:153} INFO - Started process (PID=5061) to work on /opt/airflow/dags/webscrape.py
[2023-03-07T00:27:35.264+0000] {processor.py:743} INFO - Processing file /opt/airflow/dags/webscrape.py for tasks to queue
[2023-03-07T00:27:35.267+0000] {logging_mixin.py:137} INFO - [2023-03-07T00:27:35.267+0000] {dagbag.py:538} INFO - Filling up the DagBag from /opt/airflow/dags/webscrape.py
[2023-03-07T00:27:36.452+0000] {processor.py:755} WARNING - No viable dags retrieved from /opt/airflow/dags/webscrape.py
[2023-03-07T00:27:36.463+0000] {processor.py:175} INFO - Processing /opt/airflow/dags/webscrape.py took 1.211 seconds
[2023-03-07T00:28:06.797+0000] {processor.py:153} INFO - Started process (PID=5136) to work on /opt/airflow/dags/webscrape.py
[2023-03-07T00:28:06.802+0000] {processor.py:743} INFO - Processing file /opt/airflow/dags/webscrape.py for tasks to queue
[2023-03-07T00:28:06.806+0000] {logging_mixin.py:137} INFO - [2023-03-07T00:28:06.806+0000] {dagbag.py:538} INFO - Filling up the DagBag from /opt/airflow/dags/webscrape.py
[2023-03-07T00:28:08.219+0000] {processor.py:755} WARNING - No viable dags retrieved from /opt/airflow/dags/webscrape.py
[2023-03-07T00:28:08.232+0000] {processor.py:175} INFO - Processing /opt/airflow/dags/webscrape.py took 1.448 seconds
[2023-03-07T00:28:41.189+0000] {processor.py:153} INFO - Started process (PID=5216) to work on /opt/airflow/dags/webscrape.py
[2023-03-07T00:28:41.195+0000] {processor.py:743} INFO - Processing file /opt/airflow/dags/webscrape.py for tasks to queue
[2023-03-07T00:28:41.202+0000] {logging_mixin.py:137} INFO - [2023-03-07T00:28:41.202+0000] {dagbag.py:538} INFO - Filling up the DagBag from /opt/airflow/dags/webscrape.py
[2023-03-07T00:28:43.982+0000] {processor.py:755} WARNING - No viable dags retrieved from /opt/airflow/dags/webscrape.py
[2023-03-07T00:28:44.004+0000] {processor.py:175} INFO - Processing /opt/airflow/dags/webscrape.py took 2.876 seconds
[2023-03-07T00:29:15.721+0000] {processor.py:153} INFO - Started process (PID=5283) to work on /opt/airflow/dags/webscrape.py
[2023-03-07T00:29:15.729+0000] {processor.py:743} INFO - Processing file /opt/airflow/dags/webscrape.py for tasks to queue
[2023-03-07T00:29:15.736+0000] {logging_mixin.py:137} INFO - [2023-03-07T00:29:15.735+0000] {dagbag.py:538} INFO - Filling up the DagBag from /opt/airflow/dags/webscrape.py
[2023-03-07T00:29:17.605+0000] {processor.py:755} WARNING - No viable dags retrieved from /opt/airflow/dags/webscrape.py
[2023-03-07T00:29:17.623+0000] {processor.py:175} INFO - Processing /opt/airflow/dags/webscrape.py took 1.937 seconds
[2023-03-07T00:29:47.781+0000] {processor.py:153} INFO - Started process (PID=5367) to work on /opt/airflow/dags/webscrape.py
[2023-03-07T00:29:47.783+0000] {processor.py:743} INFO - Processing file /opt/airflow/dags/webscrape.py for tasks to queue
[2023-03-07T00:29:47.786+0000] {logging_mixin.py:137} INFO - [2023-03-07T00:29:47.786+0000] {dagbag.py:538} INFO - Filling up the DagBag from /opt/airflow/dags/webscrape.py
[2023-03-07T00:29:49.029+0000] {processor.py:755} WARNING - No viable dags retrieved from /opt/airflow/dags/webscrape.py
[2023-03-07T00:29:49.043+0000] {processor.py:175} INFO - Processing /opt/airflow/dags/webscrape.py took 1.270 seconds
[2023-03-07T00:30:19.609+0000] {processor.py:153} INFO - Started process (PID=5443) to work on /opt/airflow/dags/webscrape.py
[2023-03-07T00:30:19.625+0000] {processor.py:743} INFO - Processing file /opt/airflow/dags/webscrape.py for tasks to queue
[2023-03-07T00:30:19.644+0000] {logging_mixin.py:137} INFO - [2023-03-07T00:30:19.644+0000] {dagbag.py:538} INFO - Filling up the DagBag from /opt/airflow/dags/webscrape.py
[2023-03-07T00:30:21.847+0000] {processor.py:755} WARNING - No viable dags retrieved from /opt/airflow/dags/webscrape.py
[2023-03-07T00:30:21.860+0000] {processor.py:175} INFO - Processing /opt/airflow/dags/webscrape.py took 2.280 seconds
