[2023-03-09T16:24:59.943+0000] {taskinstance.py:1083} INFO - Dependencies all met for <TaskInstance: bitcoin_second_webscrape.combine_open_close_pricing manual__2023-03-09T16:24:48.577224+00:00 [queued]>
[2023-03-09T16:24:59.959+0000] {taskinstance.py:1083} INFO - Dependencies all met for <TaskInstance: bitcoin_second_webscrape.combine_open_close_pricing manual__2023-03-09T16:24:48.577224+00:00 [queued]>
[2023-03-09T16:24:59.961+0000] {taskinstance.py:1279} INFO - 
--------------------------------------------------------------------------------
[2023-03-09T16:24:59.962+0000] {taskinstance.py:1280} INFO - Starting attempt 1 of 1
[2023-03-09T16:24:59.964+0000] {taskinstance.py:1281} INFO - 
--------------------------------------------------------------------------------
[2023-03-09T16:24:59.985+0000] {taskinstance.py:1300} INFO - Executing <Task(PythonOperator): combine_open_close_pricing> on 2023-03-09 16:24:48.577224+00:00
[2023-03-09T16:24:59.996+0000] {standard_task_runner.py:55} INFO - Started process 251 to run task
[2023-03-09T16:25:00.006+0000] {standard_task_runner.py:82} INFO - Running: ['***', 'tasks', 'run', 'bitcoin_second_webscrape', 'combine_open_close_pricing', 'manual__2023-03-09T16:24:48.577224+00:00', '--job-id', '278', '--raw', '--subdir', 'DAGS_FOLDER/main.py', '--cfg-path', '/tmp/tmp9u0cvwb8']
[2023-03-09T16:25:00.009+0000] {standard_task_runner.py:83} INFO - Job 278: Subtask combine_open_close_pricing
[2023-03-09T16:25:00.129+0000] {task_command.py:388} INFO - Running <TaskInstance: bitcoin_second_webscrape.combine_open_close_pricing manual__2023-03-09T16:24:48.577224+00:00 [running]> on host cd114ba8c1f8
[2023-03-09T16:25:00.231+0000] {taskinstance.py:1509} INFO - Exporting the following env vars:
AIRFLOW_CTX_DAG_EMAIL=***@example.com
AIRFLOW_CTX_DAG_OWNER=***
AIRFLOW_CTX_DAG_ID=bitcoin_second_webscrape
AIRFLOW_CTX_TASK_ID=combine_open_close_pricing
AIRFLOW_CTX_EXECUTION_DATE=2023-03-09T16:24:48.577224+00:00
AIRFLOW_CTX_TRY_NUMBER=1
AIRFLOW_CTX_DAG_RUN_ID=manual__2023-03-09T16:24:48.577224+00:00
[2023-03-09T16:25:00.277+0000] {python.py:177} INFO - Done. Returned value was: None
[2023-03-09T16:25:00.303+0000] {taskinstance.py:1323} INFO - Marking task as SUCCESS. dag_id=bitcoin_second_webscrape, task_id=combine_open_close_pricing, execution_date=20230309T162448, start_date=20230309T162459, end_date=20230309T162500
[2023-03-09T16:25:00.341+0000] {local_task_job.py:208} INFO - Task exited with return code 0
[2023-03-09T16:25:00.383+0000] {taskinstance.py:2578} INFO - 1 downstream tasks scheduled from follow-on schedule check
