[2023-03-09T01:14:29.373+0000] {processor.py:153} INFO - Started process (PID=76) to work on /home/airflow/.local/lib/python3.7/site-packages/airflow/example_dags/example_branch_python_dop_operator_3.py
[2023-03-09T01:14:29.377+0000] {processor.py:743} INFO - Processing file /home/airflow/.local/lib/python3.7/site-packages/airflow/example_dags/example_branch_python_dop_operator_3.py for tasks to queue
[2023-03-09T01:14:29.393+0000] {logging_mixin.py:137} INFO - [2023-03-09T01:14:29.392+0000] {dagbag.py:538} INFO - Filling up the DagBag from /home/airflow/.local/lib/python3.7/site-packages/airflow/example_dags/example_branch_python_dop_operator_3.py
[2023-03-09T01:14:29.521+0000] {processor.py:753} INFO - DAG(s) dict_keys(['example_branch_dop_operator_v3']) retrieved from /home/airflow/.local/lib/python3.7/site-packages/airflow/example_dags/example_branch_python_dop_operator_3.py
[2023-03-09T01:14:29.634+0000] {logging_mixin.py:137} INFO - [2023-03-09T01:14:29.633+0000] {dag.py:2690} INFO - Sync 1 DAGs
[2023-03-09T01:14:29.810+0000] {logging_mixin.py:137} INFO - [2023-03-09T01:14:29.806+0000] {dag.py:3441} INFO - Setting next_dagrun for example_branch_dop_operator_v3 to 2023-03-09T01:13:00+00:00, run_after=2023-03-09T01:14:00+00:00
[2023-03-09T01:14:29.895+0000] {processor.py:175} INFO - Processing /home/airflow/.local/lib/python3.7/site-packages/airflow/example_dags/example_branch_python_dop_operator_3.py took 0.537 seconds
[2023-03-09T01:15:01.232+0000] {processor.py:153} INFO - Started process (PID=147) to work on /home/airflow/.local/lib/python3.7/site-packages/airflow/example_dags/example_branch_python_dop_operator_3.py
[2023-03-09T01:15:01.238+0000] {processor.py:743} INFO - Processing file /home/airflow/.local/lib/python3.7/site-packages/airflow/example_dags/example_branch_python_dop_operator_3.py for tasks to queue
[2023-03-09T01:15:01.241+0000] {logging_mixin.py:137} INFO - [2023-03-09T01:15:01.241+0000] {dagbag.py:538} INFO - Filling up the DagBag from /home/airflow/.local/lib/python3.7/site-packages/airflow/example_dags/example_branch_python_dop_operator_3.py
[2023-03-09T01:15:01.285+0000] {processor.py:753} INFO - DAG(s) dict_keys(['example_branch_dop_operator_v3']) retrieved from /home/airflow/.local/lib/python3.7/site-packages/airflow/example_dags/example_branch_python_dop_operator_3.py
[2023-03-09T01:15:01.336+0000] {logging_mixin.py:137} INFO - [2023-03-09T01:15:01.336+0000] {dag.py:2690} INFO - Sync 1 DAGs
[2023-03-09T01:15:01.400+0000] {logging_mixin.py:137} INFO - [2023-03-09T01:15:01.400+0000] {dag.py:3441} INFO - Setting next_dagrun for example_branch_dop_operator_v3 to 2023-03-09T01:14:00+00:00, run_after=2023-03-09T01:15:00+00:00
[2023-03-09T01:15:01.434+0000] {processor.py:175} INFO - Processing /home/airflow/.local/lib/python3.7/site-packages/airflow/example_dags/example_branch_python_dop_operator_3.py took 0.211 seconds
[2023-03-09T01:15:32.650+0000] {processor.py:153} INFO - Started process (PID=228) to work on /home/airflow/.local/lib/python3.7/site-packages/airflow/example_dags/example_branch_python_dop_operator_3.py
[2023-03-09T01:15:32.655+0000] {processor.py:743} INFO - Processing file /home/airflow/.local/lib/python3.7/site-packages/airflow/example_dags/example_branch_python_dop_operator_3.py for tasks to queue
[2023-03-09T01:15:32.657+0000] {logging_mixin.py:137} INFO - [2023-03-09T01:15:32.657+0000] {dagbag.py:538} INFO - Filling up the DagBag from /home/airflow/.local/lib/python3.7/site-packages/airflow/example_dags/example_branch_python_dop_operator_3.py
[2023-03-09T01:15:32.756+0000] {processor.py:753} INFO - DAG(s) dict_keys(['example_branch_dop_operator_v3']) retrieved from /home/airflow/.local/lib/python3.7/site-packages/airflow/example_dags/example_branch_python_dop_operator_3.py
[2023-03-09T01:15:32.852+0000] {logging_mixin.py:137} INFO - [2023-03-09T01:15:32.852+0000] {dag.py:2690} INFO - Sync 1 DAGs
[2023-03-09T01:15:32.942+0000] {logging_mixin.py:137} INFO - [2023-03-09T01:15:32.942+0000] {dag.py:3441} INFO - Setting next_dagrun for example_branch_dop_operator_v3 to 2023-03-09T01:14:00+00:00, run_after=2023-03-09T01:15:00+00:00
[2023-03-09T01:15:33.003+0000] {processor.py:175} INFO - Processing /home/airflow/.local/lib/python3.7/site-packages/airflow/example_dags/example_branch_python_dop_operator_3.py took 0.376 seconds
[2023-03-09T01:16:03.948+0000] {processor.py:153} INFO - Started process (PID=304) to work on /home/airflow/.local/lib/python3.7/site-packages/airflow/example_dags/example_branch_python_dop_operator_3.py
[2023-03-09T01:16:03.951+0000] {processor.py:743} INFO - Processing file /home/airflow/.local/lib/python3.7/site-packages/airflow/example_dags/example_branch_python_dop_operator_3.py for tasks to queue
[2023-03-09T01:16:03.953+0000] {logging_mixin.py:137} INFO - [2023-03-09T01:16:03.953+0000] {dagbag.py:538} INFO - Filling up the DagBag from /home/airflow/.local/lib/python3.7/site-packages/airflow/example_dags/example_branch_python_dop_operator_3.py
[2023-03-09T01:16:03.993+0000] {processor.py:753} INFO - DAG(s) dict_keys(['example_branch_dop_operator_v3']) retrieved from /home/airflow/.local/lib/python3.7/site-packages/airflow/example_dags/example_branch_python_dop_operator_3.py
[2023-03-09T01:16:04.037+0000] {logging_mixin.py:137} INFO - [2023-03-09T01:16:04.037+0000] {dag.py:2690} INFO - Sync 1 DAGs
[2023-03-09T01:16:04.088+0000] {logging_mixin.py:137} INFO - [2023-03-09T01:16:04.088+0000] {dag.py:3441} INFO - Setting next_dagrun for example_branch_dop_operator_v3 to 2023-03-09T01:15:00+00:00, run_after=2023-03-09T01:16:00+00:00
[2023-03-09T01:16:04.125+0000] {processor.py:175} INFO - Processing /home/airflow/.local/lib/python3.7/site-packages/airflow/example_dags/example_branch_python_dop_operator_3.py took 0.184 seconds
[2023-03-09T01:16:34.854+0000] {processor.py:153} INFO - Started process (PID=377) to work on /home/airflow/.local/lib/python3.7/site-packages/airflow/example_dags/example_branch_python_dop_operator_3.py
[2023-03-09T01:16:34.857+0000] {processor.py:743} INFO - Processing file /home/airflow/.local/lib/python3.7/site-packages/airflow/example_dags/example_branch_python_dop_operator_3.py for tasks to queue
[2023-03-09T01:16:34.859+0000] {logging_mixin.py:137} INFO - [2023-03-09T01:16:34.859+0000] {dagbag.py:538} INFO - Filling up the DagBag from /home/airflow/.local/lib/python3.7/site-packages/airflow/example_dags/example_branch_python_dop_operator_3.py
[2023-03-09T01:16:34.906+0000] {processor.py:753} INFO - DAG(s) dict_keys(['example_branch_dop_operator_v3']) retrieved from /home/airflow/.local/lib/python3.7/site-packages/airflow/example_dags/example_branch_python_dop_operator_3.py
[2023-03-09T01:16:34.955+0000] {logging_mixin.py:137} INFO - [2023-03-09T01:16:34.954+0000] {dag.py:2690} INFO - Sync 1 DAGs
[2023-03-09T01:16:35.023+0000] {logging_mixin.py:137} INFO - [2023-03-09T01:16:35.023+0000] {dag.py:3441} INFO - Setting next_dagrun for example_branch_dop_operator_v3 to 2023-03-09T01:15:00+00:00, run_after=2023-03-09T01:16:00+00:00
[2023-03-09T01:16:35.066+0000] {processor.py:175} INFO - Processing /home/airflow/.local/lib/python3.7/site-packages/airflow/example_dags/example_branch_python_dop_operator_3.py took 0.219 seconds
[2023-03-09T16:22:47.984+0000] {processor.py:153} INFO - Started process (PID=82) to work on /home/airflow/.local/lib/python3.7/site-packages/airflow/example_dags/example_branch_python_dop_operator_3.py
[2023-03-09T16:22:47.988+0000] {processor.py:743} INFO - Processing file /home/airflow/.local/lib/python3.7/site-packages/airflow/example_dags/example_branch_python_dop_operator_3.py for tasks to queue
[2023-03-09T16:22:47.993+0000] {logging_mixin.py:137} INFO - [2023-03-09T16:22:47.993+0000] {dagbag.py:538} INFO - Filling up the DagBag from /home/airflow/.local/lib/python3.7/site-packages/airflow/example_dags/example_branch_python_dop_operator_3.py
[2023-03-09T16:22:48.047+0000] {processor.py:753} INFO - DAG(s) dict_keys(['example_branch_dop_operator_v3']) retrieved from /home/airflow/.local/lib/python3.7/site-packages/airflow/example_dags/example_branch_python_dop_operator_3.py
[2023-03-09T16:22:48.093+0000] {logging_mixin.py:137} INFO - [2023-03-09T16:22:48.093+0000] {dag.py:2690} INFO - Sync 1 DAGs
[2023-03-09T16:22:48.179+0000] {logging_mixin.py:137} INFO - [2023-03-09T16:22:48.179+0000] {dag.py:3441} INFO - Setting next_dagrun for example_branch_dop_operator_v3 to 2023-03-09T16:21:00+00:00, run_after=2023-03-09T16:22:00+00:00
[2023-03-09T16:22:48.265+0000] {processor.py:175} INFO - Processing /home/airflow/.local/lib/python3.7/site-packages/airflow/example_dags/example_branch_python_dop_operator_3.py took 0.286 seconds
[2023-03-09T16:23:18.665+0000] {processor.py:153} INFO - Started process (PID=155) to work on /home/airflow/.local/lib/python3.7/site-packages/airflow/example_dags/example_branch_python_dop_operator_3.py
[2023-03-09T16:23:18.668+0000] {processor.py:743} INFO - Processing file /home/airflow/.local/lib/python3.7/site-packages/airflow/example_dags/example_branch_python_dop_operator_3.py for tasks to queue
[2023-03-09T16:23:18.675+0000] {logging_mixin.py:137} INFO - [2023-03-09T16:23:18.675+0000] {dagbag.py:538} INFO - Filling up the DagBag from /home/airflow/.local/lib/python3.7/site-packages/airflow/example_dags/example_branch_python_dop_operator_3.py
[2023-03-09T16:23:18.746+0000] {processor.py:753} INFO - DAG(s) dict_keys(['example_branch_dop_operator_v3']) retrieved from /home/airflow/.local/lib/python3.7/site-packages/airflow/example_dags/example_branch_python_dop_operator_3.py
[2023-03-09T16:23:18.815+0000] {logging_mixin.py:137} INFO - [2023-03-09T16:23:18.815+0000] {dag.py:2690} INFO - Sync 1 DAGs
[2023-03-09T16:23:18.884+0000] {logging_mixin.py:137} INFO - [2023-03-09T16:23:18.883+0000] {dag.py:3441} INFO - Setting next_dagrun for example_branch_dop_operator_v3 to 2023-03-09T16:22:00+00:00, run_after=2023-03-09T16:23:00+00:00
[2023-03-09T16:23:18.927+0000] {processor.py:175} INFO - Processing /home/airflow/.local/lib/python3.7/site-packages/airflow/example_dags/example_branch_python_dop_operator_3.py took 0.271 seconds
[2023-03-09T16:23:49.720+0000] {processor.py:153} INFO - Started process (PID=238) to work on /home/airflow/.local/lib/python3.7/site-packages/airflow/example_dags/example_branch_python_dop_operator_3.py
[2023-03-09T16:23:49.723+0000] {processor.py:743} INFO - Processing file /home/airflow/.local/lib/python3.7/site-packages/airflow/example_dags/example_branch_python_dop_operator_3.py for tasks to queue
[2023-03-09T16:23:49.725+0000] {logging_mixin.py:137} INFO - [2023-03-09T16:23:49.725+0000] {dagbag.py:538} INFO - Filling up the DagBag from /home/airflow/.local/lib/python3.7/site-packages/airflow/example_dags/example_branch_python_dop_operator_3.py
[2023-03-09T16:23:49.780+0000] {processor.py:753} INFO - DAG(s) dict_keys(['example_branch_dop_operator_v3']) retrieved from /home/airflow/.local/lib/python3.7/site-packages/airflow/example_dags/example_branch_python_dop_operator_3.py
[2023-03-09T16:23:49.820+0000] {logging_mixin.py:137} INFO - [2023-03-09T16:23:49.820+0000] {dag.py:2690} INFO - Sync 1 DAGs
[2023-03-09T16:23:49.876+0000] {logging_mixin.py:137} INFO - [2023-03-09T16:23:49.876+0000] {dag.py:3441} INFO - Setting next_dagrun for example_branch_dop_operator_v3 to 2023-03-09T16:22:00+00:00, run_after=2023-03-09T16:23:00+00:00
[2023-03-09T16:23:49.918+0000] {processor.py:175} INFO - Processing /home/airflow/.local/lib/python3.7/site-packages/airflow/example_dags/example_branch_python_dop_operator_3.py took 0.206 seconds
[2023-03-09T16:24:20.219+0000] {processor.py:153} INFO - Started process (PID=313) to work on /home/airflow/.local/lib/python3.7/site-packages/airflow/example_dags/example_branch_python_dop_operator_3.py
[2023-03-09T16:24:20.223+0000] {processor.py:743} INFO - Processing file /home/airflow/.local/lib/python3.7/site-packages/airflow/example_dags/example_branch_python_dop_operator_3.py for tasks to queue
[2023-03-09T16:24:20.225+0000] {logging_mixin.py:137} INFO - [2023-03-09T16:24:20.225+0000] {dagbag.py:538} INFO - Filling up the DagBag from /home/airflow/.local/lib/python3.7/site-packages/airflow/example_dags/example_branch_python_dop_operator_3.py
[2023-03-09T16:24:20.262+0000] {processor.py:753} INFO - DAG(s) dict_keys(['example_branch_dop_operator_v3']) retrieved from /home/airflow/.local/lib/python3.7/site-packages/airflow/example_dags/example_branch_python_dop_operator_3.py
[2023-03-09T16:24:20.311+0000] {logging_mixin.py:137} INFO - [2023-03-09T16:24:20.311+0000] {dag.py:2690} INFO - Sync 1 DAGs
[2023-03-09T16:24:20.361+0000] {logging_mixin.py:137} INFO - [2023-03-09T16:24:20.360+0000] {dag.py:3441} INFO - Setting next_dagrun for example_branch_dop_operator_v3 to 2023-03-09T16:23:00+00:00, run_after=2023-03-09T16:24:00+00:00
[2023-03-09T16:24:20.396+0000] {processor.py:175} INFO - Processing /home/airflow/.local/lib/python3.7/site-packages/airflow/example_dags/example_branch_python_dop_operator_3.py took 0.182 seconds
[2023-03-09T16:24:51.436+0000] {processor.py:153} INFO - Started process (PID=387) to work on /home/airflow/.local/lib/python3.7/site-packages/airflow/example_dags/example_branch_python_dop_operator_3.py
[2023-03-09T16:24:51.439+0000] {processor.py:743} INFO - Processing file /home/airflow/.local/lib/python3.7/site-packages/airflow/example_dags/example_branch_python_dop_operator_3.py for tasks to queue
[2023-03-09T16:24:51.442+0000] {logging_mixin.py:137} INFO - [2023-03-09T16:24:51.441+0000] {dagbag.py:538} INFO - Filling up the DagBag from /home/airflow/.local/lib/python3.7/site-packages/airflow/example_dags/example_branch_python_dop_operator_3.py
[2023-03-09T16:24:51.478+0000] {processor.py:753} INFO - DAG(s) dict_keys(['example_branch_dop_operator_v3']) retrieved from /home/airflow/.local/lib/python3.7/site-packages/airflow/example_dags/example_branch_python_dop_operator_3.py
[2023-03-09T16:24:51.532+0000] {logging_mixin.py:137} INFO - [2023-03-09T16:24:51.532+0000] {dag.py:2690} INFO - Sync 1 DAGs
[2023-03-09T16:24:51.590+0000] {logging_mixin.py:137} INFO - [2023-03-09T16:24:51.590+0000] {dag.py:3441} INFO - Setting next_dagrun for example_branch_dop_operator_v3 to 2023-03-09T16:23:00+00:00, run_after=2023-03-09T16:24:00+00:00
[2023-03-09T16:24:51.616+0000] {processor.py:175} INFO - Processing /home/airflow/.local/lib/python3.7/site-packages/airflow/example_dags/example_branch_python_dop_operator_3.py took 0.186 seconds
[2023-03-09T16:25:24.618+0000] {processor.py:153} INFO - Started process (PID=470) to work on /home/airflow/.local/lib/python3.7/site-packages/airflow/example_dags/example_branch_python_dop_operator_3.py
[2023-03-09T16:25:24.625+0000] {processor.py:743} INFO - Processing file /home/airflow/.local/lib/python3.7/site-packages/airflow/example_dags/example_branch_python_dop_operator_3.py for tasks to queue
[2023-03-09T16:25:24.631+0000] {logging_mixin.py:137} INFO - [2023-03-09T16:25:24.630+0000] {dagbag.py:538} INFO - Filling up the DagBag from /home/airflow/.local/lib/python3.7/site-packages/airflow/example_dags/example_branch_python_dop_operator_3.py
[2023-03-09T16:25:24.763+0000] {processor.py:753} INFO - DAG(s) dict_keys(['example_branch_dop_operator_v3']) retrieved from /home/airflow/.local/lib/python3.7/site-packages/airflow/example_dags/example_branch_python_dop_operator_3.py
[2023-03-09T16:25:24.823+0000] {logging_mixin.py:137} INFO - [2023-03-09T16:25:24.823+0000] {dag.py:2690} INFO - Sync 1 DAGs
[2023-03-09T16:25:24.901+0000] {logging_mixin.py:137} INFO - [2023-03-09T16:25:24.901+0000] {dag.py:3441} INFO - Setting next_dagrun for example_branch_dop_operator_v3 to 2023-03-09T16:24:00+00:00, run_after=2023-03-09T16:25:00+00:00
[2023-03-09T16:25:24.947+0000] {processor.py:175} INFO - Processing /home/airflow/.local/lib/python3.7/site-packages/airflow/example_dags/example_branch_python_dop_operator_3.py took 0.343 seconds
[2023-03-09T16:25:55.014+0000] {processor.py:153} INFO - Started process (PID=544) to work on /home/airflow/.local/lib/python3.7/site-packages/airflow/example_dags/example_branch_python_dop_operator_3.py
[2023-03-09T16:25:55.016+0000] {processor.py:743} INFO - Processing file /home/airflow/.local/lib/python3.7/site-packages/airflow/example_dags/example_branch_python_dop_operator_3.py for tasks to queue
[2023-03-09T16:25:55.018+0000] {logging_mixin.py:137} INFO - [2023-03-09T16:25:55.018+0000] {dagbag.py:538} INFO - Filling up the DagBag from /home/airflow/.local/lib/python3.7/site-packages/airflow/example_dags/example_branch_python_dop_operator_3.py
[2023-03-09T16:25:55.055+0000] {processor.py:753} INFO - DAG(s) dict_keys(['example_branch_dop_operator_v3']) retrieved from /home/airflow/.local/lib/python3.7/site-packages/airflow/example_dags/example_branch_python_dop_operator_3.py
[2023-03-09T16:25:55.098+0000] {logging_mixin.py:137} INFO - [2023-03-09T16:25:55.098+0000] {dag.py:2690} INFO - Sync 1 DAGs
[2023-03-09T16:25:55.142+0000] {logging_mixin.py:137} INFO - [2023-03-09T16:25:55.141+0000] {dag.py:3441} INFO - Setting next_dagrun for example_branch_dop_operator_v3 to 2023-03-09T16:24:00+00:00, run_after=2023-03-09T16:25:00+00:00
[2023-03-09T16:25:55.170+0000] {processor.py:175} INFO - Processing /home/airflow/.local/lib/python3.7/site-packages/airflow/example_dags/example_branch_python_dop_operator_3.py took 0.161 seconds
[2023-03-09T16:26:27.408+0000] {processor.py:153} INFO - Started process (PID=625) to work on /home/airflow/.local/lib/python3.7/site-packages/airflow/example_dags/example_branch_python_dop_operator_3.py
[2023-03-09T16:26:27.411+0000] {processor.py:743} INFO - Processing file /home/airflow/.local/lib/python3.7/site-packages/airflow/example_dags/example_branch_python_dop_operator_3.py for tasks to queue
[2023-03-09T16:26:27.413+0000] {logging_mixin.py:137} INFO - [2023-03-09T16:26:27.413+0000] {dagbag.py:538} INFO - Filling up the DagBag from /home/airflow/.local/lib/python3.7/site-packages/airflow/example_dags/example_branch_python_dop_operator_3.py
[2023-03-09T16:26:27.452+0000] {processor.py:753} INFO - DAG(s) dict_keys(['example_branch_dop_operator_v3']) retrieved from /home/airflow/.local/lib/python3.7/site-packages/airflow/example_dags/example_branch_python_dop_operator_3.py
[2023-03-09T16:26:27.489+0000] {logging_mixin.py:137} INFO - [2023-03-09T16:26:27.489+0000] {dag.py:2690} INFO - Sync 1 DAGs
[2023-03-09T16:26:27.536+0000] {logging_mixin.py:137} INFO - [2023-03-09T16:26:27.536+0000] {dag.py:3441} INFO - Setting next_dagrun for example_branch_dop_operator_v3 to 2023-03-09T16:25:00+00:00, run_after=2023-03-09T16:26:00+00:00
[2023-03-09T16:26:27.576+0000] {processor.py:175} INFO - Processing /home/airflow/.local/lib/python3.7/site-packages/airflow/example_dags/example_branch_python_dop_operator_3.py took 0.175 seconds
[2023-03-09T16:26:58.316+0000] {processor.py:153} INFO - Started process (PID=701) to work on /home/airflow/.local/lib/python3.7/site-packages/airflow/example_dags/example_branch_python_dop_operator_3.py
[2023-03-09T16:26:58.318+0000] {processor.py:743} INFO - Processing file /home/airflow/.local/lib/python3.7/site-packages/airflow/example_dags/example_branch_python_dop_operator_3.py for tasks to queue
[2023-03-09T16:26:58.320+0000] {logging_mixin.py:137} INFO - [2023-03-09T16:26:58.319+0000] {dagbag.py:538} INFO - Filling up the DagBag from /home/airflow/.local/lib/python3.7/site-packages/airflow/example_dags/example_branch_python_dop_operator_3.py
[2023-03-09T16:26:58.352+0000] {processor.py:753} INFO - DAG(s) dict_keys(['example_branch_dop_operator_v3']) retrieved from /home/airflow/.local/lib/python3.7/site-packages/airflow/example_dags/example_branch_python_dop_operator_3.py
[2023-03-09T16:26:58.394+0000] {logging_mixin.py:137} INFO - [2023-03-09T16:26:58.394+0000] {dag.py:2690} INFO - Sync 1 DAGs
[2023-03-09T16:26:58.441+0000] {logging_mixin.py:137} INFO - [2023-03-09T16:26:58.441+0000] {dag.py:3441} INFO - Setting next_dagrun for example_branch_dop_operator_v3 to 2023-03-09T16:25:00+00:00, run_after=2023-03-09T16:26:00+00:00
[2023-03-09T16:26:58.470+0000] {processor.py:175} INFO - Processing /home/airflow/.local/lib/python3.7/site-packages/airflow/example_dags/example_branch_python_dop_operator_3.py took 0.160 seconds
[2023-03-09T16:27:30.237+0000] {processor.py:153} INFO - Started process (PID=774) to work on /home/airflow/.local/lib/python3.7/site-packages/airflow/example_dags/example_branch_python_dop_operator_3.py
[2023-03-09T16:27:30.240+0000] {processor.py:743} INFO - Processing file /home/airflow/.local/lib/python3.7/site-packages/airflow/example_dags/example_branch_python_dop_operator_3.py for tasks to queue
[2023-03-09T16:27:30.243+0000] {logging_mixin.py:137} INFO - [2023-03-09T16:27:30.243+0000] {dagbag.py:538} INFO - Filling up the DagBag from /home/airflow/.local/lib/python3.7/site-packages/airflow/example_dags/example_branch_python_dop_operator_3.py
[2023-03-09T16:27:30.277+0000] {processor.py:753} INFO - DAG(s) dict_keys(['example_branch_dop_operator_v3']) retrieved from /home/airflow/.local/lib/python3.7/site-packages/airflow/example_dags/example_branch_python_dop_operator_3.py
[2023-03-09T16:27:30.319+0000] {logging_mixin.py:137} INFO - [2023-03-09T16:27:30.319+0000] {dag.py:2690} INFO - Sync 1 DAGs
[2023-03-09T16:27:30.368+0000] {logging_mixin.py:137} INFO - [2023-03-09T16:27:30.368+0000] {dag.py:3441} INFO - Setting next_dagrun for example_branch_dop_operator_v3 to 2023-03-09T16:26:00+00:00, run_after=2023-03-09T16:27:00+00:00
[2023-03-09T16:27:30.404+0000] {processor.py:175} INFO - Processing /home/airflow/.local/lib/python3.7/site-packages/airflow/example_dags/example_branch_python_dop_operator_3.py took 0.173 seconds
[2023-03-09T16:28:00.753+0000] {processor.py:153} INFO - Started process (PID=859) to work on /home/airflow/.local/lib/python3.7/site-packages/airflow/example_dags/example_branch_python_dop_operator_3.py
[2023-03-09T16:28:00.755+0000] {processor.py:743} INFO - Processing file /home/airflow/.local/lib/python3.7/site-packages/airflow/example_dags/example_branch_python_dop_operator_3.py for tasks to queue
[2023-03-09T16:28:00.757+0000] {logging_mixin.py:137} INFO - [2023-03-09T16:28:00.757+0000] {dagbag.py:538} INFO - Filling up the DagBag from /home/airflow/.local/lib/python3.7/site-packages/airflow/example_dags/example_branch_python_dop_operator_3.py
[2023-03-09T16:28:00.794+0000] {processor.py:753} INFO - DAG(s) dict_keys(['example_branch_dop_operator_v3']) retrieved from /home/airflow/.local/lib/python3.7/site-packages/airflow/example_dags/example_branch_python_dop_operator_3.py
[2023-03-09T16:28:00.833+0000] {logging_mixin.py:137} INFO - [2023-03-09T16:28:00.833+0000] {dag.py:2690} INFO - Sync 1 DAGs
[2023-03-09T16:28:00.876+0000] {logging_mixin.py:137} INFO - [2023-03-09T16:28:00.876+0000] {dag.py:3441} INFO - Setting next_dagrun for example_branch_dop_operator_v3 to 2023-03-09T16:27:00+00:00, run_after=2023-03-09T16:28:00+00:00
[2023-03-09T16:28:00.907+0000] {processor.py:175} INFO - Processing /home/airflow/.local/lib/python3.7/site-packages/airflow/example_dags/example_branch_python_dop_operator_3.py took 0.160 seconds
[2023-03-09T16:28:31.381+0000] {processor.py:153} INFO - Started process (PID=930) to work on /home/airflow/.local/lib/python3.7/site-packages/airflow/example_dags/example_branch_python_dop_operator_3.py
[2023-03-09T16:28:31.383+0000] {processor.py:743} INFO - Processing file /home/airflow/.local/lib/python3.7/site-packages/airflow/example_dags/example_branch_python_dop_operator_3.py for tasks to queue
[2023-03-09T16:28:31.385+0000] {logging_mixin.py:137} INFO - [2023-03-09T16:28:31.385+0000] {dagbag.py:538} INFO - Filling up the DagBag from /home/airflow/.local/lib/python3.7/site-packages/airflow/example_dags/example_branch_python_dop_operator_3.py
[2023-03-09T16:28:31.421+0000] {processor.py:753} INFO - DAG(s) dict_keys(['example_branch_dop_operator_v3']) retrieved from /home/airflow/.local/lib/python3.7/site-packages/airflow/example_dags/example_branch_python_dop_operator_3.py
[2023-03-09T16:28:31.460+0000] {logging_mixin.py:137} INFO - [2023-03-09T16:28:31.460+0000] {dag.py:2690} INFO - Sync 1 DAGs
[2023-03-09T16:28:31.500+0000] {logging_mixin.py:137} INFO - [2023-03-09T16:28:31.499+0000] {dag.py:3441} INFO - Setting next_dagrun for example_branch_dop_operator_v3 to 2023-03-09T16:27:00+00:00, run_after=2023-03-09T16:28:00+00:00
[2023-03-09T16:28:31.527+0000] {processor.py:175} INFO - Processing /home/airflow/.local/lib/python3.7/site-packages/airflow/example_dags/example_branch_python_dop_operator_3.py took 0.151 seconds
[2023-03-09T16:29:02.226+0000] {processor.py:153} INFO - Started process (PID=1013) to work on /home/airflow/.local/lib/python3.7/site-packages/airflow/example_dags/example_branch_python_dop_operator_3.py
[2023-03-09T16:29:02.230+0000] {processor.py:743} INFO - Processing file /home/airflow/.local/lib/python3.7/site-packages/airflow/example_dags/example_branch_python_dop_operator_3.py for tasks to queue
[2023-03-09T16:29:02.232+0000] {logging_mixin.py:137} INFO - [2023-03-09T16:29:02.231+0000] {dagbag.py:538} INFO - Filling up the DagBag from /home/airflow/.local/lib/python3.7/site-packages/airflow/example_dags/example_branch_python_dop_operator_3.py
[2023-03-09T16:29:02.267+0000] {processor.py:753} INFO - DAG(s) dict_keys(['example_branch_dop_operator_v3']) retrieved from /home/airflow/.local/lib/python3.7/site-packages/airflow/example_dags/example_branch_python_dop_operator_3.py
[2023-03-09T16:29:02.312+0000] {logging_mixin.py:137} INFO - [2023-03-09T16:29:02.311+0000] {dag.py:2690} INFO - Sync 1 DAGs
[2023-03-09T16:29:02.353+0000] {logging_mixin.py:137} INFO - [2023-03-09T16:29:02.353+0000] {dag.py:3441} INFO - Setting next_dagrun for example_branch_dop_operator_v3 to 2023-03-09T16:28:00+00:00, run_after=2023-03-09T16:29:00+00:00
[2023-03-09T16:29:02.381+0000] {processor.py:175} INFO - Processing /home/airflow/.local/lib/python3.7/site-packages/airflow/example_dags/example_branch_python_dop_operator_3.py took 0.160 seconds
[2023-03-09T16:29:33.267+0000] {processor.py:153} INFO - Started process (PID=1089) to work on /home/airflow/.local/lib/python3.7/site-packages/airflow/example_dags/example_branch_python_dop_operator_3.py
[2023-03-09T16:29:33.269+0000] {processor.py:743} INFO - Processing file /home/airflow/.local/lib/python3.7/site-packages/airflow/example_dags/example_branch_python_dop_operator_3.py for tasks to queue
[2023-03-09T16:29:33.270+0000] {logging_mixin.py:137} INFO - [2023-03-09T16:29:33.270+0000] {dagbag.py:538} INFO - Filling up the DagBag from /home/airflow/.local/lib/python3.7/site-packages/airflow/example_dags/example_branch_python_dop_operator_3.py
[2023-03-09T16:29:33.302+0000] {processor.py:753} INFO - DAG(s) dict_keys(['example_branch_dop_operator_v3']) retrieved from /home/airflow/.local/lib/python3.7/site-packages/airflow/example_dags/example_branch_python_dop_operator_3.py
[2023-03-09T16:29:33.338+0000] {logging_mixin.py:137} INFO - [2023-03-09T16:29:33.338+0000] {dag.py:2690} INFO - Sync 1 DAGs
[2023-03-09T16:29:33.379+0000] {logging_mixin.py:137} INFO - [2023-03-09T16:29:33.379+0000] {dag.py:3441} INFO - Setting next_dagrun for example_branch_dop_operator_v3 to 2023-03-09T16:28:00+00:00, run_after=2023-03-09T16:29:00+00:00
[2023-03-09T16:29:33.410+0000] {processor.py:175} INFO - Processing /home/airflow/.local/lib/python3.7/site-packages/airflow/example_dags/example_branch_python_dop_operator_3.py took 0.149 seconds
[2023-03-09T16:30:03.542+0000] {processor.py:153} INFO - Started process (PID=1160) to work on /home/airflow/.local/lib/python3.7/site-packages/airflow/example_dags/example_branch_python_dop_operator_3.py
[2023-03-09T16:30:03.544+0000] {processor.py:743} INFO - Processing file /home/airflow/.local/lib/python3.7/site-packages/airflow/example_dags/example_branch_python_dop_operator_3.py for tasks to queue
[2023-03-09T16:30:03.546+0000] {logging_mixin.py:137} INFO - [2023-03-09T16:30:03.546+0000] {dagbag.py:538} INFO - Filling up the DagBag from /home/airflow/.local/lib/python3.7/site-packages/airflow/example_dags/example_branch_python_dop_operator_3.py
[2023-03-09T16:30:03.585+0000] {processor.py:753} INFO - DAG(s) dict_keys(['example_branch_dop_operator_v3']) retrieved from /home/airflow/.local/lib/python3.7/site-packages/airflow/example_dags/example_branch_python_dop_operator_3.py
[2023-03-09T16:30:03.619+0000] {logging_mixin.py:137} INFO - [2023-03-09T16:30:03.619+0000] {dag.py:2690} INFO - Sync 1 DAGs
[2023-03-09T16:30:03.661+0000] {logging_mixin.py:137} INFO - [2023-03-09T16:30:03.661+0000] {dag.py:3441} INFO - Setting next_dagrun for example_branch_dop_operator_v3 to 2023-03-09T16:29:00+00:00, run_after=2023-03-09T16:30:00+00:00
[2023-03-09T16:30:03.694+0000] {processor.py:175} INFO - Processing /home/airflow/.local/lib/python3.7/site-packages/airflow/example_dags/example_branch_python_dop_operator_3.py took 0.158 seconds
[2023-03-09T16:30:36.805+0000] {processor.py:153} INFO - Started process (PID=1235) to work on /home/airflow/.local/lib/python3.7/site-packages/airflow/example_dags/example_branch_python_dop_operator_3.py
[2023-03-09T16:30:36.811+0000] {processor.py:743} INFO - Processing file /home/airflow/.local/lib/python3.7/site-packages/airflow/example_dags/example_branch_python_dop_operator_3.py for tasks to queue
[2023-03-09T16:30:36.821+0000] {logging_mixin.py:137} INFO - [2023-03-09T16:30:36.820+0000] {dagbag.py:538} INFO - Filling up the DagBag from /home/airflow/.local/lib/python3.7/site-packages/airflow/example_dags/example_branch_python_dop_operator_3.py
[2023-03-09T16:30:36.902+0000] {processor.py:753} INFO - DAG(s) dict_keys(['example_branch_dop_operator_v3']) retrieved from /home/airflow/.local/lib/python3.7/site-packages/airflow/example_dags/example_branch_python_dop_operator_3.py
[2023-03-09T16:30:37.017+0000] {logging_mixin.py:137} INFO - [2023-03-09T16:30:37.017+0000] {dag.py:2690} INFO - Sync 1 DAGs
[2023-03-09T16:30:37.131+0000] {logging_mixin.py:137} INFO - [2023-03-09T16:30:37.131+0000] {dag.py:3441} INFO - Setting next_dagrun for example_branch_dop_operator_v3 to 2023-03-09T16:29:00+00:00, run_after=2023-03-09T16:30:00+00:00
[2023-03-09T16:30:37.189+0000] {processor.py:175} INFO - Processing /home/airflow/.local/lib/python3.7/site-packages/airflow/example_dags/example_branch_python_dop_operator_3.py took 0.396 seconds
[2023-03-09T16:31:13.983+0000] {processor.py:153} INFO - Started process (PID=1307) to work on /home/airflow/.local/lib/python3.7/site-packages/airflow/example_dags/example_branch_python_dop_operator_3.py
[2023-03-09T16:31:13.991+0000] {processor.py:743} INFO - Processing file /home/airflow/.local/lib/python3.7/site-packages/airflow/example_dags/example_branch_python_dop_operator_3.py for tasks to queue
[2023-03-09T16:31:13.999+0000] {logging_mixin.py:137} INFO - [2023-03-09T16:31:13.999+0000] {dagbag.py:538} INFO - Filling up the DagBag from /home/airflow/.local/lib/python3.7/site-packages/airflow/example_dags/example_branch_python_dop_operator_3.py
[2023-03-09T16:31:14.178+0000] {processor.py:753} INFO - DAG(s) dict_keys(['example_branch_dop_operator_v3']) retrieved from /home/airflow/.local/lib/python3.7/site-packages/airflow/example_dags/example_branch_python_dop_operator_3.py
[2023-03-09T16:31:14.334+0000] {logging_mixin.py:137} INFO - [2023-03-09T16:31:14.333+0000] {dag.py:2690} INFO - Sync 1 DAGs
[2023-03-09T16:31:14.533+0000] {logging_mixin.py:137} INFO - [2023-03-09T16:31:14.533+0000] {dag.py:3441} INFO - Setting next_dagrun for example_branch_dop_operator_v3 to 2023-03-09T16:30:00+00:00, run_after=2023-03-09T16:31:00+00:00
[2023-03-09T16:31:14.829+0000] {processor.py:175} INFO - Processing /home/airflow/.local/lib/python3.7/site-packages/airflow/example_dags/example_branch_python_dop_operator_3.py took 0.869 seconds
[2023-03-09T16:32:22.598+0000] {processor.py:153} INFO - Started process (PID=1399) to work on /home/airflow/.local/lib/python3.7/site-packages/airflow/example_dags/example_branch_python_dop_operator_3.py
[2023-03-09T16:32:22.675+0000] {processor.py:743} INFO - Processing file /home/airflow/.local/lib/python3.7/site-packages/airflow/example_dags/example_branch_python_dop_operator_3.py for tasks to queue
[2023-03-09T16:32:22.702+0000] {logging_mixin.py:137} INFO - [2023-03-09T16:32:22.691+0000] {dagbag.py:538} INFO - Filling up the DagBag from /home/airflow/.local/lib/python3.7/site-packages/airflow/example_dags/example_branch_python_dop_operator_3.py
[2023-03-09T16:32:23.238+0000] {processor.py:753} INFO - DAG(s) dict_keys(['example_branch_dop_operator_v3']) retrieved from /home/airflow/.local/lib/python3.7/site-packages/airflow/example_dags/example_branch_python_dop_operator_3.py
[2023-03-09T16:32:23.986+0000] {logging_mixin.py:137} INFO - [2023-03-09T16:32:23.985+0000] {dag.py:2690} INFO - Sync 1 DAGs
[2023-03-09T16:32:24.897+0000] {logging_mixin.py:137} INFO - [2023-03-09T16:32:24.897+0000] {dag.py:3441} INFO - Setting next_dagrun for example_branch_dop_operator_v3 to 2023-03-09T16:31:00+00:00, run_after=2023-03-09T16:32:00+00:00
[2023-03-09T16:32:25.125+0000] {processor.py:175} INFO - Processing /home/airflow/.local/lib/python3.7/site-packages/airflow/example_dags/example_branch_python_dop_operator_3.py took 2.697 seconds
[2023-03-09T16:33:57.743+0000] {processor.py:153} INFO - Started process (PID=1488) to work on /home/airflow/.local/lib/python3.7/site-packages/airflow/example_dags/example_branch_python_dop_operator_3.py
[2023-03-09T16:33:57.769+0000] {processor.py:743} INFO - Processing file /home/airflow/.local/lib/python3.7/site-packages/airflow/example_dags/example_branch_python_dop_operator_3.py for tasks to queue
[2023-03-09T16:33:57.795+0000] {logging_mixin.py:137} INFO - [2023-03-09T16:33:57.790+0000] {dagbag.py:538} INFO - Filling up the DagBag from /home/airflow/.local/lib/python3.7/site-packages/airflow/example_dags/example_branch_python_dop_operator_3.py
[2023-03-09T16:33:58.255+0000] {processor.py:753} INFO - DAG(s) dict_keys(['example_branch_dop_operator_v3']) retrieved from /home/airflow/.local/lib/python3.7/site-packages/airflow/example_dags/example_branch_python_dop_operator_3.py
[2023-03-09T16:33:58.749+0000] {logging_mixin.py:137} INFO - [2023-03-09T16:33:58.748+0000] {dag.py:2690} INFO - Sync 1 DAGs
[2023-03-09T16:33:59.132+0000] {logging_mixin.py:137} INFO - [2023-03-09T16:33:59.131+0000] {dag.py:3441} INFO - Setting next_dagrun for example_branch_dop_operator_v3 to 2023-03-09T16:32:00+00:00, run_after=2023-03-09T16:33:00+00:00
[2023-03-09T16:33:59.389+0000] {processor.py:175} INFO - Processing /home/airflow/.local/lib/python3.7/site-packages/airflow/example_dags/example_branch_python_dop_operator_3.py took 1.747 seconds
[2023-03-09T16:34:48.778+0000] {processor.py:153} INFO - Started process (PID=1573) to work on /home/airflow/.local/lib/python3.7/site-packages/airflow/example_dags/example_branch_python_dop_operator_3.py
[2023-03-09T16:34:48.788+0000] {processor.py:743} INFO - Processing file /home/airflow/.local/lib/python3.7/site-packages/airflow/example_dags/example_branch_python_dop_operator_3.py for tasks to queue
[2023-03-09T16:34:48.797+0000] {logging_mixin.py:137} INFO - [2023-03-09T16:34:48.797+0000] {dagbag.py:538} INFO - Filling up the DagBag from /home/airflow/.local/lib/python3.7/site-packages/airflow/example_dags/example_branch_python_dop_operator_3.py
[2023-03-09T16:34:49.095+0000] {processor.py:753} INFO - DAG(s) dict_keys(['example_branch_dop_operator_v3']) retrieved from /home/airflow/.local/lib/python3.7/site-packages/airflow/example_dags/example_branch_python_dop_operator_3.py
[2023-03-09T16:34:49.309+0000] {logging_mixin.py:137} INFO - [2023-03-09T16:34:49.309+0000] {dag.py:2690} INFO - Sync 1 DAGs
[2023-03-09T16:34:49.607+0000] {logging_mixin.py:137} INFO - [2023-03-09T16:34:49.607+0000] {dag.py:3441} INFO - Setting next_dagrun for example_branch_dop_operator_v3 to 2023-03-09T16:33:00+00:00, run_after=2023-03-09T16:34:00+00:00
[2023-03-09T16:34:49.701+0000] {processor.py:175} INFO - Processing /home/airflow/.local/lib/python3.7/site-packages/airflow/example_dags/example_branch_python_dop_operator_3.py took 0.961 seconds
[2023-03-09T16:35:43.601+0000] {processor.py:153} INFO - Started process (PID=1657) to work on /home/airflow/.local/lib/python3.7/site-packages/airflow/example_dags/example_branch_python_dop_operator_3.py
[2023-03-09T16:35:43.614+0000] {processor.py:743} INFO - Processing file /home/airflow/.local/lib/python3.7/site-packages/airflow/example_dags/example_branch_python_dop_operator_3.py for tasks to queue
[2023-03-09T16:35:43.627+0000] {logging_mixin.py:137} INFO - [2023-03-09T16:35:43.626+0000] {dagbag.py:538} INFO - Filling up the DagBag from /home/airflow/.local/lib/python3.7/site-packages/airflow/example_dags/example_branch_python_dop_operator_3.py
[2023-03-09T16:35:44.315+0000] {processor.py:753} INFO - DAG(s) dict_keys(['example_branch_dop_operator_v3']) retrieved from /home/airflow/.local/lib/python3.7/site-packages/airflow/example_dags/example_branch_python_dop_operator_3.py
[2023-03-09T16:35:44.882+0000] {logging_mixin.py:137} INFO - [2023-03-09T16:35:44.881+0000] {dag.py:2690} INFO - Sync 1 DAGs
[2023-03-09T16:35:45.547+0000] {logging_mixin.py:137} INFO - [2023-03-09T16:35:45.547+0000] {dag.py:3441} INFO - Setting next_dagrun for example_branch_dop_operator_v3 to 2023-03-09T16:34:00+00:00, run_after=2023-03-09T16:35:00+00:00
[2023-03-09T16:35:45.767+0000] {processor.py:175} INFO - Processing /home/airflow/.local/lib/python3.7/site-packages/airflow/example_dags/example_branch_python_dop_operator_3.py took 2.320 seconds
[2023-03-09T16:36:58.728+0000] {processor.py:153} INFO - Started process (PID=1735) to work on /home/airflow/.local/lib/python3.7/site-packages/airflow/example_dags/example_branch_python_dop_operator_3.py
[2023-03-09T16:36:58.741+0000] {processor.py:743} INFO - Processing file /home/airflow/.local/lib/python3.7/site-packages/airflow/example_dags/example_branch_python_dop_operator_3.py for tasks to queue
[2023-03-09T16:36:58.771+0000] {logging_mixin.py:137} INFO - [2023-03-09T16:36:58.770+0000] {dagbag.py:538} INFO - Filling up the DagBag from /home/airflow/.local/lib/python3.7/site-packages/airflow/example_dags/example_branch_python_dop_operator_3.py
[2023-03-09T16:36:59.110+0000] {processor.py:753} INFO - DAG(s) dict_keys(['example_branch_dop_operator_v3']) retrieved from /home/airflow/.local/lib/python3.7/site-packages/airflow/example_dags/example_branch_python_dop_operator_3.py
[2023-03-09T16:36:59.413+0000] {logging_mixin.py:137} INFO - [2023-03-09T16:36:59.413+0000] {dag.py:2690} INFO - Sync 1 DAGs
[2023-03-09T16:36:59.734+0000] {logging_mixin.py:137} INFO - [2023-03-09T16:36:59.733+0000] {dag.py:3441} INFO - Setting next_dagrun for example_branch_dop_operator_v3 to 2023-03-09T16:35:00+00:00, run_after=2023-03-09T16:36:00+00:00
[2023-03-09T16:36:59.900+0000] {processor.py:175} INFO - Processing /home/airflow/.local/lib/python3.7/site-packages/airflow/example_dags/example_branch_python_dop_operator_3.py took 1.197 seconds
[2023-03-09T16:38:16.329+0000] {processor.py:153} INFO - Started process (PID=1822) to work on /home/airflow/.local/lib/python3.7/site-packages/airflow/example_dags/example_branch_python_dop_operator_3.py
[2023-03-09T16:38:16.343+0000] {processor.py:743} INFO - Processing file /home/airflow/.local/lib/python3.7/site-packages/airflow/example_dags/example_branch_python_dop_operator_3.py for tasks to queue
[2023-03-09T16:38:16.358+0000] {logging_mixin.py:137} INFO - [2023-03-09T16:38:16.355+0000] {dagbag.py:538} INFO - Filling up the DagBag from /home/airflow/.local/lib/python3.7/site-packages/airflow/example_dags/example_branch_python_dop_operator_3.py
[2023-03-09T16:38:16.479+0000] {processor.py:753} INFO - DAG(s) dict_keys(['example_branch_dop_operator_v3']) retrieved from /home/airflow/.local/lib/python3.7/site-packages/airflow/example_dags/example_branch_python_dop_operator_3.py
[2023-03-09T16:38:16.680+0000] {logging_mixin.py:137} INFO - [2023-03-09T16:38:16.680+0000] {dag.py:2690} INFO - Sync 1 DAGs
[2023-03-09T16:38:16.897+0000] {logging_mixin.py:137} INFO - [2023-03-09T16:38:16.897+0000] {dag.py:3441} INFO - Setting next_dagrun for example_branch_dop_operator_v3 to 2023-03-09T16:37:00+00:00, run_after=2023-03-09T16:38:00+00:00
[2023-03-09T16:38:17.015+0000] {processor.py:175} INFO - Processing /home/airflow/.local/lib/python3.7/site-packages/airflow/example_dags/example_branch_python_dop_operator_3.py took 0.708 seconds
[2023-03-09T16:38:47.587+0000] {processor.py:153} INFO - Started process (PID=1899) to work on /home/airflow/.local/lib/python3.7/site-packages/airflow/example_dags/example_branch_python_dop_operator_3.py
[2023-03-09T16:38:47.597+0000] {processor.py:743} INFO - Processing file /home/airflow/.local/lib/python3.7/site-packages/airflow/example_dags/example_branch_python_dop_operator_3.py for tasks to queue
[2023-03-09T16:38:47.605+0000] {logging_mixin.py:137} INFO - [2023-03-09T16:38:47.604+0000] {dagbag.py:538} INFO - Filling up the DagBag from /home/airflow/.local/lib/python3.7/site-packages/airflow/example_dags/example_branch_python_dop_operator_3.py
[2023-03-09T16:38:47.688+0000] {processor.py:753} INFO - DAG(s) dict_keys(['example_branch_dop_operator_v3']) retrieved from /home/airflow/.local/lib/python3.7/site-packages/airflow/example_dags/example_branch_python_dop_operator_3.py
[2023-03-09T16:38:47.775+0000] {logging_mixin.py:137} INFO - [2023-03-09T16:38:47.775+0000] {dag.py:2690} INFO - Sync 1 DAGs
[2023-03-09T16:38:47.864+0000] {logging_mixin.py:137} INFO - [2023-03-09T16:38:47.864+0000] {dag.py:3441} INFO - Setting next_dagrun for example_branch_dop_operator_v3 to 2023-03-09T16:37:00+00:00, run_after=2023-03-09T16:38:00+00:00
[2023-03-09T16:38:47.938+0000] {processor.py:175} INFO - Processing /home/airflow/.local/lib/python3.7/site-packages/airflow/example_dags/example_branch_python_dop_operator_3.py took 0.387 seconds
[2023-03-09T16:39:18.282+0000] {processor.py:153} INFO - Started process (PID=1973) to work on /home/airflow/.local/lib/python3.7/site-packages/airflow/example_dags/example_branch_python_dop_operator_3.py
[2023-03-09T16:39:18.284+0000] {processor.py:743} INFO - Processing file /home/airflow/.local/lib/python3.7/site-packages/airflow/example_dags/example_branch_python_dop_operator_3.py for tasks to queue
[2023-03-09T16:39:18.286+0000] {logging_mixin.py:137} INFO - [2023-03-09T16:39:18.286+0000] {dagbag.py:538} INFO - Filling up the DagBag from /home/airflow/.local/lib/python3.7/site-packages/airflow/example_dags/example_branch_python_dop_operator_3.py
[2023-03-09T16:39:18.322+0000] {processor.py:753} INFO - DAG(s) dict_keys(['example_branch_dop_operator_v3']) retrieved from /home/airflow/.local/lib/python3.7/site-packages/airflow/example_dags/example_branch_python_dop_operator_3.py
[2023-03-09T16:39:18.409+0000] {logging_mixin.py:137} INFO - [2023-03-09T16:39:18.409+0000] {dag.py:2690} INFO - Sync 1 DAGs
[2023-03-09T16:39:18.449+0000] {logging_mixin.py:137} INFO - [2023-03-09T16:39:18.449+0000] {dag.py:3441} INFO - Setting next_dagrun for example_branch_dop_operator_v3 to 2023-03-09T16:38:00+00:00, run_after=2023-03-09T16:39:00+00:00
[2023-03-09T16:39:18.475+0000] {processor.py:175} INFO - Processing /home/airflow/.local/lib/python3.7/site-packages/airflow/example_dags/example_branch_python_dop_operator_3.py took 0.198 seconds
[2023-03-09T16:39:48.758+0000] {processor.py:153} INFO - Started process (PID=2058) to work on /home/airflow/.local/lib/python3.7/site-packages/airflow/example_dags/example_branch_python_dop_operator_3.py
[2023-03-09T16:39:48.760+0000] {processor.py:743} INFO - Processing file /home/airflow/.local/lib/python3.7/site-packages/airflow/example_dags/example_branch_python_dop_operator_3.py for tasks to queue
[2023-03-09T16:39:48.762+0000] {logging_mixin.py:137} INFO - [2023-03-09T16:39:48.762+0000] {dagbag.py:538} INFO - Filling up the DagBag from /home/airflow/.local/lib/python3.7/site-packages/airflow/example_dags/example_branch_python_dop_operator_3.py
[2023-03-09T16:39:48.798+0000] {processor.py:753} INFO - DAG(s) dict_keys(['example_branch_dop_operator_v3']) retrieved from /home/airflow/.local/lib/python3.7/site-packages/airflow/example_dags/example_branch_python_dop_operator_3.py
[2023-03-09T16:39:48.843+0000] {logging_mixin.py:137} INFO - [2023-03-09T16:39:48.843+0000] {dag.py:2690} INFO - Sync 1 DAGs
[2023-03-09T16:39:48.885+0000] {logging_mixin.py:137} INFO - [2023-03-09T16:39:48.885+0000] {dag.py:3441} INFO - Setting next_dagrun for example_branch_dop_operator_v3 to 2023-03-09T16:38:00+00:00, run_after=2023-03-09T16:39:00+00:00
[2023-03-09T16:39:48.917+0000] {processor.py:175} INFO - Processing /home/airflow/.local/lib/python3.7/site-packages/airflow/example_dags/example_branch_python_dop_operator_3.py took 0.167 seconds
[2023-03-09T16:40:19.149+0000] {processor.py:153} INFO - Started process (PID=2131) to work on /home/airflow/.local/lib/python3.7/site-packages/airflow/example_dags/example_branch_python_dop_operator_3.py
[2023-03-09T16:40:19.152+0000] {processor.py:743} INFO - Processing file /home/airflow/.local/lib/python3.7/site-packages/airflow/example_dags/example_branch_python_dop_operator_3.py for tasks to queue
[2023-03-09T16:40:19.156+0000] {logging_mixin.py:137} INFO - [2023-03-09T16:40:19.155+0000] {dagbag.py:538} INFO - Filling up the DagBag from /home/airflow/.local/lib/python3.7/site-packages/airflow/example_dags/example_branch_python_dop_operator_3.py
[2023-03-09T16:40:19.190+0000] {processor.py:753} INFO - DAG(s) dict_keys(['example_branch_dop_operator_v3']) retrieved from /home/airflow/.local/lib/python3.7/site-packages/airflow/example_dags/example_branch_python_dop_operator_3.py
[2023-03-09T16:40:19.239+0000] {logging_mixin.py:137} INFO - [2023-03-09T16:40:19.239+0000] {dag.py:2690} INFO - Sync 1 DAGs
[2023-03-09T16:40:19.281+0000] {logging_mixin.py:137} INFO - [2023-03-09T16:40:19.281+0000] {dag.py:3441} INFO - Setting next_dagrun for example_branch_dop_operator_v3 to 2023-03-09T16:39:00+00:00, run_after=2023-03-09T16:40:00+00:00
[2023-03-09T16:40:19.308+0000] {processor.py:175} INFO - Processing /home/airflow/.local/lib/python3.7/site-packages/airflow/example_dags/example_branch_python_dop_operator_3.py took 0.166 seconds
[2023-03-09T16:40:49.708+0000] {processor.py:153} INFO - Started process (PID=2213) to work on /home/airflow/.local/lib/python3.7/site-packages/airflow/example_dags/example_branch_python_dop_operator_3.py
[2023-03-09T16:40:49.710+0000] {processor.py:743} INFO - Processing file /home/airflow/.local/lib/python3.7/site-packages/airflow/example_dags/example_branch_python_dop_operator_3.py for tasks to queue
[2023-03-09T16:40:49.712+0000] {logging_mixin.py:137} INFO - [2023-03-09T16:40:49.712+0000] {dagbag.py:538} INFO - Filling up the DagBag from /home/airflow/.local/lib/python3.7/site-packages/airflow/example_dags/example_branch_python_dop_operator_3.py
[2023-03-09T16:40:49.746+0000] {processor.py:753} INFO - DAG(s) dict_keys(['example_branch_dop_operator_v3']) retrieved from /home/airflow/.local/lib/python3.7/site-packages/airflow/example_dags/example_branch_python_dop_operator_3.py
[2023-03-09T16:40:49.788+0000] {logging_mixin.py:137} INFO - [2023-03-09T16:40:49.788+0000] {dag.py:2690} INFO - Sync 1 DAGs
[2023-03-09T16:40:49.834+0000] {logging_mixin.py:137} INFO - [2023-03-09T16:40:49.834+0000] {dag.py:3441} INFO - Setting next_dagrun for example_branch_dop_operator_v3 to 2023-03-09T16:39:00+00:00, run_after=2023-03-09T16:40:00+00:00
[2023-03-09T16:40:49.858+0000] {processor.py:175} INFO - Processing /home/airflow/.local/lib/python3.7/site-packages/airflow/example_dags/example_branch_python_dop_operator_3.py took 0.157 seconds
[2023-03-09T16:41:20.147+0000] {processor.py:153} INFO - Started process (PID=2290) to work on /home/airflow/.local/lib/python3.7/site-packages/airflow/example_dags/example_branch_python_dop_operator_3.py
[2023-03-09T16:41:20.161+0000] {processor.py:743} INFO - Processing file /home/airflow/.local/lib/python3.7/site-packages/airflow/example_dags/example_branch_python_dop_operator_3.py for tasks to queue
[2023-03-09T16:41:20.166+0000] {logging_mixin.py:137} INFO - [2023-03-09T16:41:20.166+0000] {dagbag.py:538} INFO - Filling up the DagBag from /home/airflow/.local/lib/python3.7/site-packages/airflow/example_dags/example_branch_python_dop_operator_3.py
[2023-03-09T16:41:20.210+0000] {processor.py:753} INFO - DAG(s) dict_keys(['example_branch_dop_operator_v3']) retrieved from /home/airflow/.local/lib/python3.7/site-packages/airflow/example_dags/example_branch_python_dop_operator_3.py
[2023-03-09T16:41:20.255+0000] {logging_mixin.py:137} INFO - [2023-03-09T16:41:20.255+0000] {dag.py:2690} INFO - Sync 1 DAGs
[2023-03-09T16:41:20.303+0000] {logging_mixin.py:137} INFO - [2023-03-09T16:41:20.303+0000] {dag.py:3441} INFO - Setting next_dagrun for example_branch_dop_operator_v3 to 2023-03-09T16:40:00+00:00, run_after=2023-03-09T16:41:00+00:00
[2023-03-09T16:41:20.388+0000] {processor.py:175} INFO - Processing /home/airflow/.local/lib/python3.7/site-packages/airflow/example_dags/example_branch_python_dop_operator_3.py took 0.248 seconds
[2023-03-09T16:41:50.478+0000] {processor.py:153} INFO - Started process (PID=2363) to work on /home/airflow/.local/lib/python3.7/site-packages/airflow/example_dags/example_branch_python_dop_operator_3.py
[2023-03-09T16:41:50.480+0000] {processor.py:743} INFO - Processing file /home/airflow/.local/lib/python3.7/site-packages/airflow/example_dags/example_branch_python_dop_operator_3.py for tasks to queue
[2023-03-09T16:41:50.482+0000] {logging_mixin.py:137} INFO - [2023-03-09T16:41:50.482+0000] {dagbag.py:538} INFO - Filling up the DagBag from /home/airflow/.local/lib/python3.7/site-packages/airflow/example_dags/example_branch_python_dop_operator_3.py
[2023-03-09T16:41:50.514+0000] {processor.py:753} INFO - DAG(s) dict_keys(['example_branch_dop_operator_v3']) retrieved from /home/airflow/.local/lib/python3.7/site-packages/airflow/example_dags/example_branch_python_dop_operator_3.py
[2023-03-09T16:41:50.551+0000] {logging_mixin.py:137} INFO - [2023-03-09T16:41:50.551+0000] {dag.py:2690} INFO - Sync 1 DAGs
[2023-03-09T16:41:50.589+0000] {logging_mixin.py:137} INFO - [2023-03-09T16:41:50.589+0000] {dag.py:3441} INFO - Setting next_dagrun for example_branch_dop_operator_v3 to 2023-03-09T16:40:00+00:00, run_after=2023-03-09T16:41:00+00:00
[2023-03-09T16:41:50.618+0000] {processor.py:175} INFO - Processing /home/airflow/.local/lib/python3.7/site-packages/airflow/example_dags/example_branch_python_dop_operator_3.py took 0.146 seconds
[2023-03-09T16:42:20.817+0000] {processor.py:153} INFO - Started process (PID=2447) to work on /home/airflow/.local/lib/python3.7/site-packages/airflow/example_dags/example_branch_python_dop_operator_3.py
[2023-03-09T16:42:20.819+0000] {processor.py:743} INFO - Processing file /home/airflow/.local/lib/python3.7/site-packages/airflow/example_dags/example_branch_python_dop_operator_3.py for tasks to queue
[2023-03-09T16:42:20.821+0000] {logging_mixin.py:137} INFO - [2023-03-09T16:42:20.821+0000] {dagbag.py:538} INFO - Filling up the DagBag from /home/airflow/.local/lib/python3.7/site-packages/airflow/example_dags/example_branch_python_dop_operator_3.py
[2023-03-09T16:42:20.853+0000] {processor.py:753} INFO - DAG(s) dict_keys(['example_branch_dop_operator_v3']) retrieved from /home/airflow/.local/lib/python3.7/site-packages/airflow/example_dags/example_branch_python_dop_operator_3.py
[2023-03-09T16:42:20.889+0000] {logging_mixin.py:137} INFO - [2023-03-09T16:42:20.889+0000] {dag.py:2690} INFO - Sync 1 DAGs
[2023-03-09T16:42:20.928+0000] {logging_mixin.py:137} INFO - [2023-03-09T16:42:20.928+0000] {dag.py:3441} INFO - Setting next_dagrun for example_branch_dop_operator_v3 to 2023-03-09T16:41:00+00:00, run_after=2023-03-09T16:42:00+00:00
[2023-03-09T16:42:20.955+0000] {processor.py:175} INFO - Processing /home/airflow/.local/lib/python3.7/site-packages/airflow/example_dags/example_branch_python_dop_operator_3.py took 0.144 seconds
[2023-03-09T16:42:51.292+0000] {processor.py:153} INFO - Started process (PID=2521) to work on /home/airflow/.local/lib/python3.7/site-packages/airflow/example_dags/example_branch_python_dop_operator_3.py
[2023-03-09T16:42:51.294+0000] {processor.py:743} INFO - Processing file /home/airflow/.local/lib/python3.7/site-packages/airflow/example_dags/example_branch_python_dop_operator_3.py for tasks to queue
[2023-03-09T16:42:51.296+0000] {logging_mixin.py:137} INFO - [2023-03-09T16:42:51.296+0000] {dagbag.py:538} INFO - Filling up the DagBag from /home/airflow/.local/lib/python3.7/site-packages/airflow/example_dags/example_branch_python_dop_operator_3.py
[2023-03-09T16:42:51.327+0000] {processor.py:753} INFO - DAG(s) dict_keys(['example_branch_dop_operator_v3']) retrieved from /home/airflow/.local/lib/python3.7/site-packages/airflow/example_dags/example_branch_python_dop_operator_3.py
[2023-03-09T16:42:51.366+0000] {logging_mixin.py:137} INFO - [2023-03-09T16:42:51.366+0000] {dag.py:2690} INFO - Sync 1 DAGs
[2023-03-09T16:42:51.402+0000] {logging_mixin.py:137} INFO - [2023-03-09T16:42:51.402+0000] {dag.py:3441} INFO - Setting next_dagrun for example_branch_dop_operator_v3 to 2023-03-09T16:41:00+00:00, run_after=2023-03-09T16:42:00+00:00
[2023-03-09T16:42:51.437+0000] {processor.py:175} INFO - Processing /home/airflow/.local/lib/python3.7/site-packages/airflow/example_dags/example_branch_python_dop_operator_3.py took 0.151 seconds
[2023-03-09T16:43:22.376+0000] {processor.py:153} INFO - Started process (PID=2606) to work on /home/airflow/.local/lib/python3.7/site-packages/airflow/example_dags/example_branch_python_dop_operator_3.py
[2023-03-09T16:43:22.379+0000] {processor.py:743} INFO - Processing file /home/airflow/.local/lib/python3.7/site-packages/airflow/example_dags/example_branch_python_dop_operator_3.py for tasks to queue
[2023-03-09T16:43:22.382+0000] {logging_mixin.py:137} INFO - [2023-03-09T16:43:22.381+0000] {dagbag.py:538} INFO - Filling up the DagBag from /home/airflow/.local/lib/python3.7/site-packages/airflow/example_dags/example_branch_python_dop_operator_3.py
[2023-03-09T16:43:22.435+0000] {processor.py:753} INFO - DAG(s) dict_keys(['example_branch_dop_operator_v3']) retrieved from /home/airflow/.local/lib/python3.7/site-packages/airflow/example_dags/example_branch_python_dop_operator_3.py
[2023-03-09T16:43:22.489+0000] {logging_mixin.py:137} INFO - [2023-03-09T16:43:22.489+0000] {dag.py:2690} INFO - Sync 1 DAGs
[2023-03-09T16:43:22.560+0000] {logging_mixin.py:137} INFO - [2023-03-09T16:43:22.560+0000] {dag.py:3441} INFO - Setting next_dagrun for example_branch_dop_operator_v3 to 2023-03-09T16:42:00+00:00, run_after=2023-03-09T16:43:00+00:00
[2023-03-09T16:43:22.602+0000] {processor.py:175} INFO - Processing /home/airflow/.local/lib/python3.7/site-packages/airflow/example_dags/example_branch_python_dop_operator_3.py took 0.233 seconds
[2023-03-09T16:43:52.928+0000] {processor.py:153} INFO - Started process (PID=2679) to work on /home/airflow/.local/lib/python3.7/site-packages/airflow/example_dags/example_branch_python_dop_operator_3.py
[2023-03-09T16:43:52.931+0000] {processor.py:743} INFO - Processing file /home/airflow/.local/lib/python3.7/site-packages/airflow/example_dags/example_branch_python_dop_operator_3.py for tasks to queue
[2023-03-09T16:43:52.932+0000] {logging_mixin.py:137} INFO - [2023-03-09T16:43:52.932+0000] {dagbag.py:538} INFO - Filling up the DagBag from /home/airflow/.local/lib/python3.7/site-packages/airflow/example_dags/example_branch_python_dop_operator_3.py
[2023-03-09T16:43:52.964+0000] {processor.py:753} INFO - DAG(s) dict_keys(['example_branch_dop_operator_v3']) retrieved from /home/airflow/.local/lib/python3.7/site-packages/airflow/example_dags/example_branch_python_dop_operator_3.py
[2023-03-09T16:43:53.001+0000] {logging_mixin.py:137} INFO - [2023-03-09T16:43:53.001+0000] {dag.py:2690} INFO - Sync 1 DAGs
[2023-03-09T16:43:53.043+0000] {logging_mixin.py:137} INFO - [2023-03-09T16:43:53.042+0000] {dag.py:3441} INFO - Setting next_dagrun for example_branch_dop_operator_v3 to 2023-03-09T16:42:00+00:00, run_after=2023-03-09T16:43:00+00:00
[2023-03-09T16:43:53.070+0000] {processor.py:175} INFO - Processing /home/airflow/.local/lib/python3.7/site-packages/airflow/example_dags/example_branch_python_dop_operator_3.py took 0.148 seconds
[2023-03-09T16:44:23.323+0000] {processor.py:153} INFO - Started process (PID=2751) to work on /home/airflow/.local/lib/python3.7/site-packages/airflow/example_dags/example_branch_python_dop_operator_3.py
[2023-03-09T16:44:23.325+0000] {processor.py:743} INFO - Processing file /home/airflow/.local/lib/python3.7/site-packages/airflow/example_dags/example_branch_python_dop_operator_3.py for tasks to queue
[2023-03-09T16:44:23.328+0000] {logging_mixin.py:137} INFO - [2023-03-09T16:44:23.327+0000] {dagbag.py:538} INFO - Filling up the DagBag from /home/airflow/.local/lib/python3.7/site-packages/airflow/example_dags/example_branch_python_dop_operator_3.py
[2023-03-09T16:44:23.366+0000] {processor.py:753} INFO - DAG(s) dict_keys(['example_branch_dop_operator_v3']) retrieved from /home/airflow/.local/lib/python3.7/site-packages/airflow/example_dags/example_branch_python_dop_operator_3.py
[2023-03-09T16:44:23.412+0000] {logging_mixin.py:137} INFO - [2023-03-09T16:44:23.412+0000] {dag.py:2690} INFO - Sync 1 DAGs
[2023-03-09T16:44:23.458+0000] {logging_mixin.py:137} INFO - [2023-03-09T16:44:23.458+0000] {dag.py:3441} INFO - Setting next_dagrun for example_branch_dop_operator_v3 to 2023-03-09T16:43:00+00:00, run_after=2023-03-09T16:44:00+00:00
[2023-03-09T16:44:23.492+0000] {processor.py:175} INFO - Processing /home/airflow/.local/lib/python3.7/site-packages/airflow/example_dags/example_branch_python_dop_operator_3.py took 0.175 seconds
[2023-03-09T16:44:53.597+0000] {processor.py:153} INFO - Started process (PID=2823) to work on /home/airflow/.local/lib/python3.7/site-packages/airflow/example_dags/example_branch_python_dop_operator_3.py
[2023-03-09T16:44:53.602+0000] {processor.py:743} INFO - Processing file /home/airflow/.local/lib/python3.7/site-packages/airflow/example_dags/example_branch_python_dop_operator_3.py for tasks to queue
[2023-03-09T16:44:53.605+0000] {logging_mixin.py:137} INFO - [2023-03-09T16:44:53.605+0000] {dagbag.py:538} INFO - Filling up the DagBag from /home/airflow/.local/lib/python3.7/site-packages/airflow/example_dags/example_branch_python_dop_operator_3.py
[2023-03-09T16:44:53.646+0000] {processor.py:753} INFO - DAG(s) dict_keys(['example_branch_dop_operator_v3']) retrieved from /home/airflow/.local/lib/python3.7/site-packages/airflow/example_dags/example_branch_python_dop_operator_3.py
[2023-03-09T16:44:53.684+0000] {logging_mixin.py:137} INFO - [2023-03-09T16:44:53.684+0000] {dag.py:2690} INFO - Sync 1 DAGs
[2023-03-09T16:44:53.727+0000] {logging_mixin.py:137} INFO - [2023-03-09T16:44:53.727+0000] {dag.py:3441} INFO - Setting next_dagrun for example_branch_dop_operator_v3 to 2023-03-09T16:43:00+00:00, run_after=2023-03-09T16:44:00+00:00
[2023-03-09T16:44:53.758+0000] {processor.py:175} INFO - Processing /home/airflow/.local/lib/python3.7/site-packages/airflow/example_dags/example_branch_python_dop_operator_3.py took 0.169 seconds
[2023-03-09T16:45:23.839+0000] {processor.py:153} INFO - Started process (PID=2908) to work on /home/airflow/.local/lib/python3.7/site-packages/airflow/example_dags/example_branch_python_dop_operator_3.py
[2023-03-09T16:45:23.841+0000] {processor.py:743} INFO - Processing file /home/airflow/.local/lib/python3.7/site-packages/airflow/example_dags/example_branch_python_dop_operator_3.py for tasks to queue
[2023-03-09T16:45:23.843+0000] {logging_mixin.py:137} INFO - [2023-03-09T16:45:23.843+0000] {dagbag.py:538} INFO - Filling up the DagBag from /home/airflow/.local/lib/python3.7/site-packages/airflow/example_dags/example_branch_python_dop_operator_3.py
[2023-03-09T16:45:23.884+0000] {processor.py:753} INFO - DAG(s) dict_keys(['example_branch_dop_operator_v3']) retrieved from /home/airflow/.local/lib/python3.7/site-packages/airflow/example_dags/example_branch_python_dop_operator_3.py
[2023-03-09T16:45:23.922+0000] {logging_mixin.py:137} INFO - [2023-03-09T16:45:23.922+0000] {dag.py:2690} INFO - Sync 1 DAGs
[2023-03-09T16:45:23.966+0000] {logging_mixin.py:137} INFO - [2023-03-09T16:45:23.966+0000] {dag.py:3441} INFO - Setting next_dagrun for example_branch_dop_operator_v3 to 2023-03-09T16:44:00+00:00, run_after=2023-03-09T16:45:00+00:00
[2023-03-09T16:45:24.002+0000] {processor.py:175} INFO - Processing /home/airflow/.local/lib/python3.7/site-packages/airflow/example_dags/example_branch_python_dop_operator_3.py took 0.169 seconds
[2023-03-09T16:45:54.401+0000] {processor.py:153} INFO - Started process (PID=2981) to work on /home/airflow/.local/lib/python3.7/site-packages/airflow/example_dags/example_branch_python_dop_operator_3.py
[2023-03-09T16:45:54.404+0000] {processor.py:743} INFO - Processing file /home/airflow/.local/lib/python3.7/site-packages/airflow/example_dags/example_branch_python_dop_operator_3.py for tasks to queue
[2023-03-09T16:45:54.407+0000] {logging_mixin.py:137} INFO - [2023-03-09T16:45:54.407+0000] {dagbag.py:538} INFO - Filling up the DagBag from /home/airflow/.local/lib/python3.7/site-packages/airflow/example_dags/example_branch_python_dop_operator_3.py
[2023-03-09T16:45:54.446+0000] {processor.py:753} INFO - DAG(s) dict_keys(['example_branch_dop_operator_v3']) retrieved from /home/airflow/.local/lib/python3.7/site-packages/airflow/example_dags/example_branch_python_dop_operator_3.py
[2023-03-09T16:45:54.490+0000] {logging_mixin.py:137} INFO - [2023-03-09T16:45:54.490+0000] {dag.py:2690} INFO - Sync 1 DAGs
[2023-03-09T16:45:54.544+0000] {logging_mixin.py:137} INFO - [2023-03-09T16:45:54.544+0000] {dag.py:3441} INFO - Setting next_dagrun for example_branch_dop_operator_v3 to 2023-03-09T16:44:00+00:00, run_after=2023-03-09T16:45:00+00:00
[2023-03-09T16:45:54.625+0000] {processor.py:175} INFO - Processing /home/airflow/.local/lib/python3.7/site-packages/airflow/example_dags/example_branch_python_dop_operator_3.py took 0.230 seconds
[2023-03-09T16:46:25.442+0000] {processor.py:153} INFO - Started process (PID=3054) to work on /home/airflow/.local/lib/python3.7/site-packages/airflow/example_dags/example_branch_python_dop_operator_3.py
[2023-03-09T16:46:25.445+0000] {processor.py:743} INFO - Processing file /home/airflow/.local/lib/python3.7/site-packages/airflow/example_dags/example_branch_python_dop_operator_3.py for tasks to queue
[2023-03-09T16:46:25.447+0000] {logging_mixin.py:137} INFO - [2023-03-09T16:46:25.447+0000] {dagbag.py:538} INFO - Filling up the DagBag from /home/airflow/.local/lib/python3.7/site-packages/airflow/example_dags/example_branch_python_dop_operator_3.py
[2023-03-09T16:46:25.486+0000] {processor.py:753} INFO - DAG(s) dict_keys(['example_branch_dop_operator_v3']) retrieved from /home/airflow/.local/lib/python3.7/site-packages/airflow/example_dags/example_branch_python_dop_operator_3.py
[2023-03-09T16:46:25.527+0000] {logging_mixin.py:137} INFO - [2023-03-09T16:46:25.527+0000] {dag.py:2690} INFO - Sync 1 DAGs
[2023-03-09T16:46:25.574+0000] {logging_mixin.py:137} INFO - [2023-03-09T16:46:25.574+0000] {dag.py:3441} INFO - Setting next_dagrun for example_branch_dop_operator_v3 to 2023-03-09T16:45:00+00:00, run_after=2023-03-09T16:46:00+00:00
[2023-03-09T16:46:25.605+0000] {processor.py:175} INFO - Processing /home/airflow/.local/lib/python3.7/site-packages/airflow/example_dags/example_branch_python_dop_operator_3.py took 0.169 seconds
[2023-03-09T16:46:55.848+0000] {processor.py:153} INFO - Started process (PID=3139) to work on /home/airflow/.local/lib/python3.7/site-packages/airflow/example_dags/example_branch_python_dop_operator_3.py
[2023-03-09T16:46:55.850+0000] {processor.py:743} INFO - Processing file /home/airflow/.local/lib/python3.7/site-packages/airflow/example_dags/example_branch_python_dop_operator_3.py for tasks to queue
[2023-03-09T16:46:55.852+0000] {logging_mixin.py:137} INFO - [2023-03-09T16:46:55.852+0000] {dagbag.py:538} INFO - Filling up the DagBag from /home/airflow/.local/lib/python3.7/site-packages/airflow/example_dags/example_branch_python_dop_operator_3.py
[2023-03-09T16:46:55.886+0000] {processor.py:753} INFO - DAG(s) dict_keys(['example_branch_dop_operator_v3']) retrieved from /home/airflow/.local/lib/python3.7/site-packages/airflow/example_dags/example_branch_python_dop_operator_3.py
[2023-03-09T16:46:55.924+0000] {logging_mixin.py:137} INFO - [2023-03-09T16:46:55.924+0000] {dag.py:2690} INFO - Sync 1 DAGs
[2023-03-09T16:46:55.966+0000] {logging_mixin.py:137} INFO - [2023-03-09T16:46:55.966+0000] {dag.py:3441} INFO - Setting next_dagrun for example_branch_dop_operator_v3 to 2023-03-09T16:45:00+00:00, run_after=2023-03-09T16:46:00+00:00
[2023-03-09T16:46:55.992+0000] {processor.py:175} INFO - Processing /home/airflow/.local/lib/python3.7/site-packages/airflow/example_dags/example_branch_python_dop_operator_3.py took 0.149 seconds
[2023-03-09T16:47:26.566+0000] {processor.py:153} INFO - Started process (PID=3212) to work on /home/airflow/.local/lib/python3.7/site-packages/airflow/example_dags/example_branch_python_dop_operator_3.py
[2023-03-09T16:47:26.568+0000] {processor.py:743} INFO - Processing file /home/airflow/.local/lib/python3.7/site-packages/airflow/example_dags/example_branch_python_dop_operator_3.py for tasks to queue
[2023-03-09T16:47:26.572+0000] {logging_mixin.py:137} INFO - [2023-03-09T16:47:26.572+0000] {dagbag.py:538} INFO - Filling up the DagBag from /home/airflow/.local/lib/python3.7/site-packages/airflow/example_dags/example_branch_python_dop_operator_3.py
[2023-03-09T16:47:26.612+0000] {processor.py:753} INFO - DAG(s) dict_keys(['example_branch_dop_operator_v3']) retrieved from /home/airflow/.local/lib/python3.7/site-packages/airflow/example_dags/example_branch_python_dop_operator_3.py
[2023-03-09T16:47:26.670+0000] {logging_mixin.py:137} INFO - [2023-03-09T16:47:26.670+0000] {dag.py:2690} INFO - Sync 1 DAGs
[2023-03-09T16:47:26.718+0000] {logging_mixin.py:137} INFO - [2023-03-09T16:47:26.718+0000] {dag.py:3441} INFO - Setting next_dagrun for example_branch_dop_operator_v3 to 2023-03-09T16:46:00+00:00, run_after=2023-03-09T16:47:00+00:00
[2023-03-09T16:47:26.743+0000] {processor.py:175} INFO - Processing /home/airflow/.local/lib/python3.7/site-packages/airflow/example_dags/example_branch_python_dop_operator_3.py took 0.186 seconds
[2023-03-09T16:47:57.237+0000] {processor.py:153} INFO - Started process (PID=3294) to work on /home/airflow/.local/lib/python3.7/site-packages/airflow/example_dags/example_branch_python_dop_operator_3.py
[2023-03-09T16:47:57.239+0000] {processor.py:743} INFO - Processing file /home/airflow/.local/lib/python3.7/site-packages/airflow/example_dags/example_branch_python_dop_operator_3.py for tasks to queue
[2023-03-09T16:47:57.241+0000] {logging_mixin.py:137} INFO - [2023-03-09T16:47:57.240+0000] {dagbag.py:538} INFO - Filling up the DagBag from /home/airflow/.local/lib/python3.7/site-packages/airflow/example_dags/example_branch_python_dop_operator_3.py
[2023-03-09T16:47:57.275+0000] {processor.py:753} INFO - DAG(s) dict_keys(['example_branch_dop_operator_v3']) retrieved from /home/airflow/.local/lib/python3.7/site-packages/airflow/example_dags/example_branch_python_dop_operator_3.py
[2023-03-09T16:47:57.319+0000] {logging_mixin.py:137} INFO - [2023-03-09T16:47:57.319+0000] {dag.py:2690} INFO - Sync 1 DAGs
[2023-03-09T16:47:57.363+0000] {logging_mixin.py:137} INFO - [2023-03-09T16:47:57.363+0000] {dag.py:3441} INFO - Setting next_dagrun for example_branch_dop_operator_v3 to 2023-03-09T16:46:00+00:00, run_after=2023-03-09T16:47:00+00:00
[2023-03-09T16:47:57.389+0000] {processor.py:175} INFO - Processing /home/airflow/.local/lib/python3.7/site-packages/airflow/example_dags/example_branch_python_dop_operator_3.py took 0.159 seconds
[2023-03-09T16:48:27.968+0000] {processor.py:153} INFO - Started process (PID=3370) to work on /home/airflow/.local/lib/python3.7/site-packages/airflow/example_dags/example_branch_python_dop_operator_3.py
[2023-03-09T16:48:27.970+0000] {processor.py:743} INFO - Processing file /home/airflow/.local/lib/python3.7/site-packages/airflow/example_dags/example_branch_python_dop_operator_3.py for tasks to queue
[2023-03-09T16:48:27.974+0000] {logging_mixin.py:137} INFO - [2023-03-09T16:48:27.973+0000] {dagbag.py:538} INFO - Filling up the DagBag from /home/airflow/.local/lib/python3.7/site-packages/airflow/example_dags/example_branch_python_dop_operator_3.py
[2023-03-09T16:48:28.012+0000] {processor.py:753} INFO - DAG(s) dict_keys(['example_branch_dop_operator_v3']) retrieved from /home/airflow/.local/lib/python3.7/site-packages/airflow/example_dags/example_branch_python_dop_operator_3.py
[2023-03-09T16:48:28.060+0000] {logging_mixin.py:137} INFO - [2023-03-09T16:48:28.060+0000] {dag.py:2690} INFO - Sync 1 DAGs
[2023-03-09T16:48:28.107+0000] {logging_mixin.py:137} INFO - [2023-03-09T16:48:28.107+0000] {dag.py:3441} INFO - Setting next_dagrun for example_branch_dop_operator_v3 to 2023-03-09T16:47:00+00:00, run_after=2023-03-09T16:48:00+00:00
[2023-03-09T16:48:28.143+0000] {processor.py:175} INFO - Processing /home/airflow/.local/lib/python3.7/site-packages/airflow/example_dags/example_branch_python_dop_operator_3.py took 0.180 seconds
[2023-03-09T16:48:58.240+0000] {processor.py:153} INFO - Started process (PID=3443) to work on /home/airflow/.local/lib/python3.7/site-packages/airflow/example_dags/example_branch_python_dop_operator_3.py
[2023-03-09T16:48:58.243+0000] {processor.py:743} INFO - Processing file /home/airflow/.local/lib/python3.7/site-packages/airflow/example_dags/example_branch_python_dop_operator_3.py for tasks to queue
[2023-03-09T16:48:58.245+0000] {logging_mixin.py:137} INFO - [2023-03-09T16:48:58.244+0000] {dagbag.py:538} INFO - Filling up the DagBag from /home/airflow/.local/lib/python3.7/site-packages/airflow/example_dags/example_branch_python_dop_operator_3.py
[2023-03-09T16:48:58.277+0000] {processor.py:753} INFO - DAG(s) dict_keys(['example_branch_dop_operator_v3']) retrieved from /home/airflow/.local/lib/python3.7/site-packages/airflow/example_dags/example_branch_python_dop_operator_3.py
[2023-03-09T16:48:58.315+0000] {logging_mixin.py:137} INFO - [2023-03-09T16:48:58.315+0000] {dag.py:2690} INFO - Sync 1 DAGs
[2023-03-09T16:48:58.353+0000] {logging_mixin.py:137} INFO - [2023-03-09T16:48:58.353+0000] {dag.py:3441} INFO - Setting next_dagrun for example_branch_dop_operator_v3 to 2023-03-09T16:47:00+00:00, run_after=2023-03-09T16:48:00+00:00
[2023-03-09T16:48:58.381+0000] {processor.py:175} INFO - Processing /home/airflow/.local/lib/python3.7/site-packages/airflow/example_dags/example_branch_python_dop_operator_3.py took 0.146 seconds
[2023-03-09T16:49:28.657+0000] {processor.py:153} INFO - Started process (PID=3528) to work on /home/airflow/.local/lib/python3.7/site-packages/airflow/example_dags/example_branch_python_dop_operator_3.py
[2023-03-09T16:49:28.659+0000] {processor.py:743} INFO - Processing file /home/airflow/.local/lib/python3.7/site-packages/airflow/example_dags/example_branch_python_dop_operator_3.py for tasks to queue
[2023-03-09T16:49:28.661+0000] {logging_mixin.py:137} INFO - [2023-03-09T16:49:28.661+0000] {dagbag.py:538} INFO - Filling up the DagBag from /home/airflow/.local/lib/python3.7/site-packages/airflow/example_dags/example_branch_python_dop_operator_3.py
[2023-03-09T16:49:28.698+0000] {processor.py:753} INFO - DAG(s) dict_keys(['example_branch_dop_operator_v3']) retrieved from /home/airflow/.local/lib/python3.7/site-packages/airflow/example_dags/example_branch_python_dop_operator_3.py
[2023-03-09T16:49:28.736+0000] {logging_mixin.py:137} INFO - [2023-03-09T16:49:28.735+0000] {dag.py:2690} INFO - Sync 1 DAGs
[2023-03-09T16:49:28.779+0000] {logging_mixin.py:137} INFO - [2023-03-09T16:49:28.779+0000] {dag.py:3441} INFO - Setting next_dagrun for example_branch_dop_operator_v3 to 2023-03-09T16:48:00+00:00, run_after=2023-03-09T16:49:00+00:00
[2023-03-09T16:49:28.809+0000] {processor.py:175} INFO - Processing /home/airflow/.local/lib/python3.7/site-packages/airflow/example_dags/example_branch_python_dop_operator_3.py took 0.159 seconds
