[2023-03-09T01:14:27.205+0000] {processor.py:153} INFO - Started process (PID=63) to work on /home/airflow/.local/lib/python3.7/site-packages/airflow/example_dags/example_external_task_marker_dag.py
[2023-03-09T01:14:27.209+0000] {processor.py:743} INFO - Processing file /home/airflow/.local/lib/python3.7/site-packages/airflow/example_dags/example_external_task_marker_dag.py for tasks to queue
[2023-03-09T01:14:27.215+0000] {logging_mixin.py:137} INFO - [2023-03-09T01:14:27.215+0000] {dagbag.py:538} INFO - Filling up the DagBag from /home/airflow/.local/lib/python3.7/site-packages/airflow/example_dags/example_external_task_marker_dag.py
[2023-03-09T01:14:27.245+0000] {processor.py:753} INFO - DAG(s) dict_keys(['example_external_task_marker_parent', 'example_external_task_marker_child']) retrieved from /home/airflow/.local/lib/python3.7/site-packages/airflow/example_dags/example_external_task_marker_dag.py
[2023-03-09T01:14:27.307+0000] {logging_mixin.py:137} INFO - [2023-03-09T01:14:27.307+0000] {dag.py:2690} INFO - Sync 2 DAGs
[2023-03-09T01:14:27.366+0000] {logging_mixin.py:137} INFO - [2023-03-09T01:14:27.366+0000] {dag.py:3441} INFO - Setting next_dagrun for example_external_task_marker_child to None, run_after=None
[2023-03-09T01:14:27.376+0000] {logging_mixin.py:137} INFO - [2023-03-09T01:14:27.376+0000] {dag.py:3441} INFO - Setting next_dagrun for example_external_task_marker_parent to None, run_after=None
[2023-03-09T01:14:27.409+0000] {processor.py:175} INFO - Processing /home/airflow/.local/lib/python3.7/site-packages/airflow/example_dags/example_external_task_marker_dag.py took 0.212 seconds
[2023-03-09T01:14:59.392+0000] {processor.py:153} INFO - Started process (PID=134) to work on /home/airflow/.local/lib/python3.7/site-packages/airflow/example_dags/example_external_task_marker_dag.py
[2023-03-09T01:14:59.399+0000] {processor.py:743} INFO - Processing file /home/airflow/.local/lib/python3.7/site-packages/airflow/example_dags/example_external_task_marker_dag.py for tasks to queue
[2023-03-09T01:14:59.404+0000] {logging_mixin.py:137} INFO - [2023-03-09T01:14:59.404+0000] {dagbag.py:538} INFO - Filling up the DagBag from /home/airflow/.local/lib/python3.7/site-packages/airflow/example_dags/example_external_task_marker_dag.py
[2023-03-09T01:14:59.451+0000] {processor.py:753} INFO - DAG(s) dict_keys(['example_external_task_marker_parent', 'example_external_task_marker_child']) retrieved from /home/airflow/.local/lib/python3.7/site-packages/airflow/example_dags/example_external_task_marker_dag.py
[2023-03-09T01:14:59.518+0000] {logging_mixin.py:137} INFO - [2023-03-09T01:14:59.517+0000] {dag.py:2690} INFO - Sync 2 DAGs
[2023-03-09T01:14:59.570+0000] {logging_mixin.py:137} INFO - [2023-03-09T01:14:59.570+0000] {dag.py:3441} INFO - Setting next_dagrun for example_external_task_marker_child to None, run_after=None
[2023-03-09T01:14:59.576+0000] {logging_mixin.py:137} INFO - [2023-03-09T01:14:59.576+0000] {dag.py:3441} INFO - Setting next_dagrun for example_external_task_marker_parent to None, run_after=None
[2023-03-09T01:14:59.612+0000] {processor.py:175} INFO - Processing /home/airflow/.local/lib/python3.7/site-packages/airflow/example_dags/example_external_task_marker_dag.py took 0.231 seconds
[2023-03-09T01:15:30.393+0000] {processor.py:153} INFO - Started process (PID=206) to work on /home/airflow/.local/lib/python3.7/site-packages/airflow/example_dags/example_external_task_marker_dag.py
[2023-03-09T01:15:30.396+0000] {processor.py:743} INFO - Processing file /home/airflow/.local/lib/python3.7/site-packages/airflow/example_dags/example_external_task_marker_dag.py for tasks to queue
[2023-03-09T01:15:30.400+0000] {logging_mixin.py:137} INFO - [2023-03-09T01:15:30.399+0000] {dagbag.py:538} INFO - Filling up the DagBag from /home/airflow/.local/lib/python3.7/site-packages/airflow/example_dags/example_external_task_marker_dag.py
[2023-03-09T01:15:30.440+0000] {processor.py:753} INFO - DAG(s) dict_keys(['example_external_task_marker_child', 'example_external_task_marker_parent']) retrieved from /home/airflow/.local/lib/python3.7/site-packages/airflow/example_dags/example_external_task_marker_dag.py
[2023-03-09T01:15:30.511+0000] {logging_mixin.py:137} INFO - [2023-03-09T01:15:30.511+0000] {dag.py:2690} INFO - Sync 2 DAGs
[2023-03-09T01:15:30.572+0000] {logging_mixin.py:137} INFO - [2023-03-09T01:15:30.572+0000] {dag.py:3441} INFO - Setting next_dagrun for example_external_task_marker_child to None, run_after=None
[2023-03-09T01:15:30.582+0000] {logging_mixin.py:137} INFO - [2023-03-09T01:15:30.582+0000] {dag.py:3441} INFO - Setting next_dagrun for example_external_task_marker_parent to None, run_after=None
[2023-03-09T01:15:30.615+0000] {processor.py:175} INFO - Processing /home/airflow/.local/lib/python3.7/site-packages/airflow/example_dags/example_external_task_marker_dag.py took 0.228 seconds
[2023-03-09T01:16:00.892+0000] {processor.py:153} INFO - Started process (PID=291) to work on /home/airflow/.local/lib/python3.7/site-packages/airflow/example_dags/example_external_task_marker_dag.py
[2023-03-09T01:16:00.895+0000] {processor.py:743} INFO - Processing file /home/airflow/.local/lib/python3.7/site-packages/airflow/example_dags/example_external_task_marker_dag.py for tasks to queue
[2023-03-09T01:16:00.899+0000] {logging_mixin.py:137} INFO - [2023-03-09T01:16:00.898+0000] {dagbag.py:538} INFO - Filling up the DagBag from /home/airflow/.local/lib/python3.7/site-packages/airflow/example_dags/example_external_task_marker_dag.py
[2023-03-09T01:16:00.927+0000] {processor.py:753} INFO - DAG(s) dict_keys(['example_external_task_marker_parent', 'example_external_task_marker_child']) retrieved from /home/airflow/.local/lib/python3.7/site-packages/airflow/example_dags/example_external_task_marker_dag.py
[2023-03-09T01:16:00.982+0000] {logging_mixin.py:137} INFO - [2023-03-09T01:16:00.982+0000] {dag.py:2690} INFO - Sync 2 DAGs
[2023-03-09T01:16:01.027+0000] {logging_mixin.py:137} INFO - [2023-03-09T01:16:01.027+0000] {dag.py:3441} INFO - Setting next_dagrun for example_external_task_marker_child to None, run_after=None
[2023-03-09T01:16:01.037+0000] {logging_mixin.py:137} INFO - [2023-03-09T01:16:01.036+0000] {dag.py:3441} INFO - Setting next_dagrun for example_external_task_marker_parent to None, run_after=None
[2023-03-09T01:16:01.072+0000] {processor.py:175} INFO - Processing /home/airflow/.local/lib/python3.7/site-packages/airflow/example_dags/example_external_task_marker_dag.py took 0.187 seconds
[2023-03-09T01:16:31.714+0000] {processor.py:153} INFO - Started process (PID=362) to work on /home/airflow/.local/lib/python3.7/site-packages/airflow/example_dags/example_external_task_marker_dag.py
[2023-03-09T01:16:31.716+0000] {processor.py:743} INFO - Processing file /home/airflow/.local/lib/python3.7/site-packages/airflow/example_dags/example_external_task_marker_dag.py for tasks to queue
[2023-03-09T01:16:31.719+0000] {logging_mixin.py:137} INFO - [2023-03-09T01:16:31.718+0000] {dagbag.py:538} INFO - Filling up the DagBag from /home/airflow/.local/lib/python3.7/site-packages/airflow/example_dags/example_external_task_marker_dag.py
[2023-03-09T01:16:31.743+0000] {processor.py:753} INFO - DAG(s) dict_keys(['example_external_task_marker_child', 'example_external_task_marker_parent']) retrieved from /home/airflow/.local/lib/python3.7/site-packages/airflow/example_dags/example_external_task_marker_dag.py
[2023-03-09T01:16:31.796+0000] {logging_mixin.py:137} INFO - [2023-03-09T01:16:31.795+0000] {dag.py:2690} INFO - Sync 2 DAGs
[2023-03-09T01:16:31.840+0000] {logging_mixin.py:137} INFO - [2023-03-09T01:16:31.840+0000] {dag.py:3441} INFO - Setting next_dagrun for example_external_task_marker_child to None, run_after=None
[2023-03-09T01:16:31.846+0000] {logging_mixin.py:137} INFO - [2023-03-09T01:16:31.846+0000] {dag.py:3441} INFO - Setting next_dagrun for example_external_task_marker_parent to None, run_after=None
[2023-03-09T01:16:31.877+0000] {processor.py:175} INFO - Processing /home/airflow/.local/lib/python3.7/site-packages/airflow/example_dags/example_external_task_marker_dag.py took 0.171 seconds
