[2023-03-09T01:14:33.158+0000] {processor.py:153} INFO - Started process (PID=89) to work on /home/airflow/.local/lib/python3.7/site-packages/airflow/example_dags/example_branch_operator.py
[2023-03-09T01:14:33.168+0000] {processor.py:743} INFO - Processing file /home/airflow/.local/lib/python3.7/site-packages/airflow/example_dags/example_branch_operator.py for tasks to queue
[2023-03-09T01:14:33.172+0000] {logging_mixin.py:137} INFO - [2023-03-09T01:14:33.171+0000] {dagbag.py:538} INFO - Filling up the DagBag from /home/airflow/.local/lib/python3.7/site-packages/airflow/example_dags/example_branch_operator.py
[2023-03-09T01:14:33.236+0000] {processor.py:753} INFO - DAG(s) dict_keys(['example_branch_operator']) retrieved from /home/airflow/.local/lib/python3.7/site-packages/airflow/example_dags/example_branch_operator.py
[2023-03-09T01:14:33.347+0000] {logging_mixin.py:137} INFO - [2023-03-09T01:14:33.346+0000] {dag.py:2690} INFO - Sync 1 DAGs
[2023-03-09T01:14:33.428+0000] {logging_mixin.py:137} INFO - [2023-03-09T01:14:33.428+0000] {dag.py:3441} INFO - Setting next_dagrun for example_branch_operator to 2023-03-08T00:00:00+00:00, run_after=2023-03-09T00:00:00+00:00
[2023-03-09T01:14:33.482+0000] {processor.py:175} INFO - Processing /home/airflow/.local/lib/python3.7/site-packages/airflow/example_dags/example_branch_operator.py took 0.336 seconds
[2023-03-09T01:15:04.174+0000] {processor.py:153} INFO - Started process (PID=160) to work on /home/airflow/.local/lib/python3.7/site-packages/airflow/example_dags/example_branch_operator.py
[2023-03-09T01:15:04.184+0000] {processor.py:743} INFO - Processing file /home/airflow/.local/lib/python3.7/site-packages/airflow/example_dags/example_branch_operator.py for tasks to queue
[2023-03-09T01:15:04.186+0000] {logging_mixin.py:137} INFO - [2023-03-09T01:15:04.186+0000] {dagbag.py:538} INFO - Filling up the DagBag from /home/airflow/.local/lib/python3.7/site-packages/airflow/example_dags/example_branch_operator.py
[2023-03-09T01:15:04.215+0000] {processor.py:753} INFO - DAG(s) dict_keys(['example_branch_operator']) retrieved from /home/airflow/.local/lib/python3.7/site-packages/airflow/example_dags/example_branch_operator.py
[2023-03-09T01:15:04.304+0000] {logging_mixin.py:137} INFO - [2023-03-09T01:15:04.304+0000] {dag.py:2690} INFO - Sync 1 DAGs
[2023-03-09T01:15:04.441+0000] {logging_mixin.py:137} INFO - [2023-03-09T01:15:04.441+0000] {dag.py:3441} INFO - Setting next_dagrun for example_branch_operator to 2023-03-08T00:00:00+00:00, run_after=2023-03-09T00:00:00+00:00
[2023-03-09T01:15:04.501+0000] {processor.py:175} INFO - Processing /home/airflow/.local/lib/python3.7/site-packages/airflow/example_dags/example_branch_operator.py took 0.334 seconds
[2023-03-09T01:15:35.073+0000] {processor.py:153} INFO - Started process (PID=244) to work on /home/airflow/.local/lib/python3.7/site-packages/airflow/example_dags/example_branch_operator.py
[2023-03-09T01:15:35.075+0000] {processor.py:743} INFO - Processing file /home/airflow/.local/lib/python3.7/site-packages/airflow/example_dags/example_branch_operator.py for tasks to queue
[2023-03-09T01:15:35.077+0000] {logging_mixin.py:137} INFO - [2023-03-09T01:15:35.077+0000] {dagbag.py:538} INFO - Filling up the DagBag from /home/airflow/.local/lib/python3.7/site-packages/airflow/example_dags/example_branch_operator.py
[2023-03-09T01:15:35.109+0000] {processor.py:753} INFO - DAG(s) dict_keys(['example_branch_operator']) retrieved from /home/airflow/.local/lib/python3.7/site-packages/airflow/example_dags/example_branch_operator.py
[2023-03-09T01:15:35.157+0000] {logging_mixin.py:137} INFO - [2023-03-09T01:15:35.157+0000] {dag.py:2690} INFO - Sync 1 DAGs
[2023-03-09T01:15:35.203+0000] {logging_mixin.py:137} INFO - [2023-03-09T01:15:35.203+0000] {dag.py:3441} INFO - Setting next_dagrun for example_branch_operator to 2023-03-08T00:00:00+00:00, run_after=2023-03-09T00:00:00+00:00
[2023-03-09T01:15:35.239+0000] {processor.py:175} INFO - Processing /home/airflow/.local/lib/python3.7/site-packages/airflow/example_dags/example_branch_operator.py took 0.173 seconds
[2023-03-09T01:16:05.586+0000] {processor.py:153} INFO - Started process (PID=317) to work on /home/airflow/.local/lib/python3.7/site-packages/airflow/example_dags/example_branch_operator.py
[2023-03-09T01:16:05.590+0000] {processor.py:743} INFO - Processing file /home/airflow/.local/lib/python3.7/site-packages/airflow/example_dags/example_branch_operator.py for tasks to queue
[2023-03-09T01:16:05.593+0000] {logging_mixin.py:137} INFO - [2023-03-09T01:16:05.593+0000] {dagbag.py:538} INFO - Filling up the DagBag from /home/airflow/.local/lib/python3.7/site-packages/airflow/example_dags/example_branch_operator.py
[2023-03-09T01:16:05.632+0000] {processor.py:753} INFO - DAG(s) dict_keys(['example_branch_operator']) retrieved from /home/airflow/.local/lib/python3.7/site-packages/airflow/example_dags/example_branch_operator.py
[2023-03-09T01:16:05.746+0000] {logging_mixin.py:137} INFO - [2023-03-09T01:16:05.745+0000] {dag.py:2690} INFO - Sync 1 DAGs
[2023-03-09T01:16:05.825+0000] {logging_mixin.py:137} INFO - [2023-03-09T01:16:05.825+0000] {dag.py:3441} INFO - Setting next_dagrun for example_branch_operator to 2023-03-08T00:00:00+00:00, run_after=2023-03-09T00:00:00+00:00
[2023-03-09T01:16:05.868+0000] {processor.py:175} INFO - Processing /home/airflow/.local/lib/python3.7/site-packages/airflow/example_dags/example_branch_operator.py took 0.289 seconds
[2023-03-09T01:16:37.083+0000] {processor.py:153} INFO - Started process (PID=390) to work on /home/airflow/.local/lib/python3.7/site-packages/airflow/example_dags/example_branch_operator.py
[2023-03-09T01:16:37.088+0000] {processor.py:743} INFO - Processing file /home/airflow/.local/lib/python3.7/site-packages/airflow/example_dags/example_branch_operator.py for tasks to queue
[2023-03-09T01:16:37.093+0000] {logging_mixin.py:137} INFO - [2023-03-09T01:16:37.093+0000] {dagbag.py:538} INFO - Filling up the DagBag from /home/airflow/.local/lib/python3.7/site-packages/airflow/example_dags/example_branch_operator.py
[2023-03-09T01:16:37.155+0000] {processor.py:753} INFO - DAG(s) dict_keys(['example_branch_operator']) retrieved from /home/airflow/.local/lib/python3.7/site-packages/airflow/example_dags/example_branch_operator.py
[2023-03-09T01:16:37.272+0000] {logging_mixin.py:137} INFO - [2023-03-09T01:16:37.272+0000] {dag.py:2690} INFO - Sync 1 DAGs
[2023-03-09T01:16:37.347+0000] {logging_mixin.py:137} INFO - [2023-03-09T01:16:37.347+0000] {dag.py:3441} INFO - Setting next_dagrun for example_branch_operator to 2023-03-08T00:00:00+00:00, run_after=2023-03-09T00:00:00+00:00
[2023-03-09T01:16:37.409+0000] {processor.py:175} INFO - Processing /home/airflow/.local/lib/python3.7/site-packages/airflow/example_dags/example_branch_operator.py took 0.342 seconds
