[2023-03-09T01:14:28.775+0000] {processor.py:153} INFO - Started process (PID=73) to work on /home/airflow/.local/lib/python3.7/site-packages/airflow/example_dags/example_complex.py
[2023-03-09T01:14:28.780+0000] {processor.py:743} INFO - Processing file /home/airflow/.local/lib/python3.7/site-packages/airflow/example_dags/example_complex.py for tasks to queue
[2023-03-09T01:14:28.784+0000] {logging_mixin.py:137} INFO - [2023-03-09T01:14:28.783+0000] {dagbag.py:538} INFO - Filling up the DagBag from /home/airflow/.local/lib/python3.7/site-packages/airflow/example_dags/example_complex.py
[2023-03-09T01:14:28.809+0000] {logging_mixin.py:137} INFO - [2023-03-09T01:14:28.808+0000] {taskmixin.py:205} WARNING - Dependency <Task(BashOperator): create_entry_group>, delete_entry_group already registered for DAG: example_complex
[2023-03-09T01:14:28.813+0000] {logging_mixin.py:137} INFO - [2023-03-09T01:14:28.811+0000] {taskmixin.py:205} WARNING - Dependency <Task(BashOperator): delete_entry_group>, create_entry_group already registered for DAG: example_complex
[2023-03-09T01:14:28.818+0000] {logging_mixin.py:137} INFO - [2023-03-09T01:14:28.817+0000] {taskmixin.py:205} WARNING - Dependency <Task(BashOperator): create_entry_gcs>, delete_entry already registered for DAG: example_complex
[2023-03-09T01:14:28.820+0000] {logging_mixin.py:137} INFO - [2023-03-09T01:14:28.819+0000] {taskmixin.py:205} WARNING - Dependency <Task(BashOperator): delete_entry>, create_entry_gcs already registered for DAG: example_complex
[2023-03-09T01:14:28.822+0000] {logging_mixin.py:137} INFO - [2023-03-09T01:14:28.821+0000] {taskmixin.py:205} WARNING - Dependency <Task(BashOperator): create_tag>, delete_tag already registered for DAG: example_complex
[2023-03-09T01:14:28.824+0000] {logging_mixin.py:137} INFO - [2023-03-09T01:14:28.823+0000] {taskmixin.py:205} WARNING - Dependency <Task(BashOperator): delete_tag>, create_tag already registered for DAG: example_complex
[2023-03-09T01:14:28.841+0000] {processor.py:753} INFO - DAG(s) dict_keys(['example_complex']) retrieved from /home/airflow/.local/lib/python3.7/site-packages/airflow/example_dags/example_complex.py
[2023-03-09T01:14:28.908+0000] {logging_mixin.py:137} INFO - [2023-03-09T01:14:28.908+0000] {dag.py:2690} INFO - Sync 1 DAGs
[2023-03-09T01:14:28.953+0000] {logging_mixin.py:137} INFO - [2023-03-09T01:14:28.953+0000] {dag.py:3441} INFO - Setting next_dagrun for example_complex to None, run_after=None
[2023-03-09T01:14:29.004+0000] {processor.py:175} INFO - Processing /home/airflow/.local/lib/python3.7/site-packages/airflow/example_dags/example_complex.py took 0.237 seconds
[2023-03-09T01:15:00.720+0000] {processor.py:153} INFO - Started process (PID=144) to work on /home/airflow/.local/lib/python3.7/site-packages/airflow/example_dags/example_complex.py
[2023-03-09T01:15:00.723+0000] {processor.py:743} INFO - Processing file /home/airflow/.local/lib/python3.7/site-packages/airflow/example_dags/example_complex.py for tasks to queue
[2023-03-09T01:15:00.726+0000] {logging_mixin.py:137} INFO - [2023-03-09T01:15:00.725+0000] {dagbag.py:538} INFO - Filling up the DagBag from /home/airflow/.local/lib/python3.7/site-packages/airflow/example_dags/example_complex.py
[2023-03-09T01:15:00.755+0000] {logging_mixin.py:137} INFO - [2023-03-09T01:15:00.755+0000] {taskmixin.py:205} WARNING - Dependency <Task(BashOperator): create_entry_group>, delete_entry_group already registered for DAG: example_complex
[2023-03-09T01:15:00.760+0000] {logging_mixin.py:137} INFO - [2023-03-09T01:15:00.759+0000] {taskmixin.py:205} WARNING - Dependency <Task(BashOperator): delete_entry_group>, create_entry_group already registered for DAG: example_complex
[2023-03-09T01:15:00.763+0000] {logging_mixin.py:137} INFO - [2023-03-09T01:15:00.762+0000] {taskmixin.py:205} WARNING - Dependency <Task(BashOperator): create_entry_gcs>, delete_entry already registered for DAG: example_complex
[2023-03-09T01:15:00.764+0000] {logging_mixin.py:137} INFO - [2023-03-09T01:15:00.764+0000] {taskmixin.py:205} WARNING - Dependency <Task(BashOperator): delete_entry>, create_entry_gcs already registered for DAG: example_complex
[2023-03-09T01:15:00.769+0000] {logging_mixin.py:137} INFO - [2023-03-09T01:15:00.768+0000] {taskmixin.py:205} WARNING - Dependency <Task(BashOperator): create_tag>, delete_tag already registered for DAG: example_complex
[2023-03-09T01:15:00.770+0000] {logging_mixin.py:137} INFO - [2023-03-09T01:15:00.770+0000] {taskmixin.py:205} WARNING - Dependency <Task(BashOperator): delete_tag>, create_tag already registered for DAG: example_complex
[2023-03-09T01:15:00.788+0000] {processor.py:753} INFO - DAG(s) dict_keys(['example_complex']) retrieved from /home/airflow/.local/lib/python3.7/site-packages/airflow/example_dags/example_complex.py
[2023-03-09T01:15:00.849+0000] {logging_mixin.py:137} INFO - [2023-03-09T01:15:00.848+0000] {dag.py:2690} INFO - Sync 1 DAGs
[2023-03-09T01:15:00.910+0000] {logging_mixin.py:137} INFO - [2023-03-09T01:15:00.910+0000] {dag.py:3441} INFO - Setting next_dagrun for example_complex to None, run_after=None
[2023-03-09T01:15:00.943+0000] {processor.py:175} INFO - Processing /home/airflow/.local/lib/python3.7/site-packages/airflow/example_dags/example_complex.py took 0.231 seconds
[2023-03-09T01:15:32.103+0000] {processor.py:153} INFO - Started process (PID=223) to work on /home/airflow/.local/lib/python3.7/site-packages/airflow/example_dags/example_complex.py
[2023-03-09T01:15:32.107+0000] {processor.py:743} INFO - Processing file /home/airflow/.local/lib/python3.7/site-packages/airflow/example_dags/example_complex.py for tasks to queue
[2023-03-09T01:15:32.110+0000] {logging_mixin.py:137} INFO - [2023-03-09T01:15:32.110+0000] {dagbag.py:538} INFO - Filling up the DagBag from /home/airflow/.local/lib/python3.7/site-packages/airflow/example_dags/example_complex.py
[2023-03-09T01:15:32.154+0000] {logging_mixin.py:137} INFO - [2023-03-09T01:15:32.153+0000] {taskmixin.py:205} WARNING - Dependency <Task(BashOperator): create_entry_group>, delete_entry_group already registered for DAG: example_complex
[2023-03-09T01:15:32.165+0000] {logging_mixin.py:137} INFO - [2023-03-09T01:15:32.165+0000] {taskmixin.py:205} WARNING - Dependency <Task(BashOperator): delete_entry_group>, create_entry_group already registered for DAG: example_complex
[2023-03-09T01:15:32.168+0000] {logging_mixin.py:137} INFO - [2023-03-09T01:15:32.167+0000] {taskmixin.py:205} WARNING - Dependency <Task(BashOperator): create_entry_gcs>, delete_entry already registered for DAG: example_complex
[2023-03-09T01:15:32.169+0000] {logging_mixin.py:137} INFO - [2023-03-09T01:15:32.168+0000] {taskmixin.py:205} WARNING - Dependency <Task(BashOperator): delete_entry>, create_entry_gcs already registered for DAG: example_complex
[2023-03-09T01:15:32.171+0000] {logging_mixin.py:137} INFO - [2023-03-09T01:15:32.171+0000] {taskmixin.py:205} WARNING - Dependency <Task(BashOperator): create_tag>, delete_tag already registered for DAG: example_complex
[2023-03-09T01:15:32.172+0000] {logging_mixin.py:137} INFO - [2023-03-09T01:15:32.172+0000] {taskmixin.py:205} WARNING - Dependency <Task(BashOperator): delete_tag>, create_tag already registered for DAG: example_complex
[2023-03-09T01:15:32.185+0000] {processor.py:753} INFO - DAG(s) dict_keys(['example_complex']) retrieved from /home/airflow/.local/lib/python3.7/site-packages/airflow/example_dags/example_complex.py
[2023-03-09T01:15:32.257+0000] {logging_mixin.py:137} INFO - [2023-03-09T01:15:32.257+0000] {dag.py:2690} INFO - Sync 1 DAGs
[2023-03-09T01:15:32.361+0000] {logging_mixin.py:137} INFO - [2023-03-09T01:15:32.361+0000] {dag.py:3441} INFO - Setting next_dagrun for example_complex to None, run_after=None
[2023-03-09T01:15:32.425+0000] {processor.py:175} INFO - Processing /home/airflow/.local/lib/python3.7/site-packages/airflow/example_dags/example_complex.py took 0.340 seconds
[2023-03-09T01:16:02.620+0000] {processor.py:153} INFO - Started process (PID=301) to work on /home/airflow/.local/lib/python3.7/site-packages/airflow/example_dags/example_complex.py
[2023-03-09T01:16:02.624+0000] {processor.py:743} INFO - Processing file /home/airflow/.local/lib/python3.7/site-packages/airflow/example_dags/example_complex.py for tasks to queue
[2023-03-09T01:16:02.628+0000] {logging_mixin.py:137} INFO - [2023-03-09T01:16:02.627+0000] {dagbag.py:538} INFO - Filling up the DagBag from /home/airflow/.local/lib/python3.7/site-packages/airflow/example_dags/example_complex.py
[2023-03-09T01:16:02.658+0000] {logging_mixin.py:137} INFO - [2023-03-09T01:16:02.657+0000] {taskmixin.py:205} WARNING - Dependency <Task(BashOperator): create_entry_group>, delete_entry_group already registered for DAG: example_complex
[2023-03-09T01:16:02.661+0000] {logging_mixin.py:137} INFO - [2023-03-09T01:16:02.660+0000] {taskmixin.py:205} WARNING - Dependency <Task(BashOperator): delete_entry_group>, create_entry_group already registered for DAG: example_complex
[2023-03-09T01:16:02.665+0000] {logging_mixin.py:137} INFO - [2023-03-09T01:16:02.664+0000] {taskmixin.py:205} WARNING - Dependency <Task(BashOperator): create_entry_gcs>, delete_entry already registered for DAG: example_complex
[2023-03-09T01:16:02.667+0000] {logging_mixin.py:137} INFO - [2023-03-09T01:16:02.667+0000] {taskmixin.py:205} WARNING - Dependency <Task(BashOperator): delete_entry>, create_entry_gcs already registered for DAG: example_complex
[2023-03-09T01:16:02.670+0000] {logging_mixin.py:137} INFO - [2023-03-09T01:16:02.669+0000] {taskmixin.py:205} WARNING - Dependency <Task(BashOperator): create_tag>, delete_tag already registered for DAG: example_complex
[2023-03-09T01:16:02.672+0000] {logging_mixin.py:137} INFO - [2023-03-09T01:16:02.671+0000] {taskmixin.py:205} WARNING - Dependency <Task(BashOperator): delete_tag>, create_tag already registered for DAG: example_complex
[2023-03-09T01:16:02.688+0000] {processor.py:753} INFO - DAG(s) dict_keys(['example_complex']) retrieved from /home/airflow/.local/lib/python3.7/site-packages/airflow/example_dags/example_complex.py
[2023-03-09T01:16:02.776+0000] {logging_mixin.py:137} INFO - [2023-03-09T01:16:02.776+0000] {dag.py:2690} INFO - Sync 1 DAGs
[2023-03-09T01:16:02.828+0000] {logging_mixin.py:137} INFO - [2023-03-09T01:16:02.828+0000] {dag.py:3441} INFO - Setting next_dagrun for example_complex to None, run_after=None
[2023-03-09T01:16:02.880+0000] {processor.py:175} INFO - Processing /home/airflow/.local/lib/python3.7/site-packages/airflow/example_dags/example_complex.py took 0.270 seconds
[2023-03-09T01:16:33.536+0000] {processor.py:153} INFO - Started process (PID=374) to work on /home/airflow/.local/lib/python3.7/site-packages/airflow/example_dags/example_complex.py
[2023-03-09T01:16:33.539+0000] {processor.py:743} INFO - Processing file /home/airflow/.local/lib/python3.7/site-packages/airflow/example_dags/example_complex.py for tasks to queue
[2023-03-09T01:16:33.542+0000] {logging_mixin.py:137} INFO - [2023-03-09T01:16:33.542+0000] {dagbag.py:538} INFO - Filling up the DagBag from /home/airflow/.local/lib/python3.7/site-packages/airflow/example_dags/example_complex.py
[2023-03-09T01:16:33.578+0000] {logging_mixin.py:137} INFO - [2023-03-09T01:16:33.578+0000] {taskmixin.py:205} WARNING - Dependency <Task(BashOperator): create_entry_group>, delete_entry_group already registered for DAG: example_complex
[2023-03-09T01:16:33.580+0000] {logging_mixin.py:137} INFO - [2023-03-09T01:16:33.580+0000] {taskmixin.py:205} WARNING - Dependency <Task(BashOperator): delete_entry_group>, create_entry_group already registered for DAG: example_complex
[2023-03-09T01:16:33.582+0000] {logging_mixin.py:137} INFO - [2023-03-09T01:16:33.582+0000] {taskmixin.py:205} WARNING - Dependency <Task(BashOperator): create_entry_gcs>, delete_entry already registered for DAG: example_complex
[2023-03-09T01:16:33.584+0000] {logging_mixin.py:137} INFO - [2023-03-09T01:16:33.584+0000] {taskmixin.py:205} WARNING - Dependency <Task(BashOperator): delete_entry>, create_entry_gcs already registered for DAG: example_complex
[2023-03-09T01:16:33.587+0000] {logging_mixin.py:137} INFO - [2023-03-09T01:16:33.586+0000] {taskmixin.py:205} WARNING - Dependency <Task(BashOperator): create_tag>, delete_tag already registered for DAG: example_complex
[2023-03-09T01:16:33.590+0000] {logging_mixin.py:137} INFO - [2023-03-09T01:16:33.589+0000] {taskmixin.py:205} WARNING - Dependency <Task(BashOperator): delete_tag>, create_tag already registered for DAG: example_complex
[2023-03-09T01:16:33.608+0000] {processor.py:753} INFO - DAG(s) dict_keys(['example_complex']) retrieved from /home/airflow/.local/lib/python3.7/site-packages/airflow/example_dags/example_complex.py
[2023-03-09T01:16:33.671+0000] {logging_mixin.py:137} INFO - [2023-03-09T01:16:33.671+0000] {dag.py:2690} INFO - Sync 1 DAGs
[2023-03-09T01:16:33.733+0000] {logging_mixin.py:137} INFO - [2023-03-09T01:16:33.733+0000] {dag.py:3441} INFO - Setting next_dagrun for example_complex to None, run_after=None
[2023-03-09T01:16:33.778+0000] {processor.py:175} INFO - Processing /home/airflow/.local/lib/python3.7/site-packages/airflow/example_dags/example_complex.py took 0.250 seconds
