[2023-03-09T01:14:27.079+0000] {processor.py:153} INFO - Started process (PID=62) to work on /home/airflow/.local/lib/python3.7/site-packages/airflow/example_dags/example_latest_only.py
[2023-03-09T01:14:27.088+0000] {processor.py:743} INFO - Processing file /home/airflow/.local/lib/python3.7/site-packages/airflow/example_dags/example_latest_only.py for tasks to queue
[2023-03-09T01:14:27.091+0000] {logging_mixin.py:137} INFO - [2023-03-09T01:14:27.091+0000] {dagbag.py:538} INFO - Filling up the DagBag from /home/airflow/.local/lib/python3.7/site-packages/airflow/example_dags/example_latest_only.py
[2023-03-09T01:14:27.141+0000] {processor.py:753} INFO - DAG(s) dict_keys(['latest_only']) retrieved from /home/airflow/.local/lib/python3.7/site-packages/airflow/example_dags/example_latest_only.py
[2023-03-09T01:14:27.197+0000] {logging_mixin.py:137} INFO - [2023-03-09T01:14:27.197+0000] {dag.py:2690} INFO - Sync 1 DAGs
[2023-03-09T01:14:27.251+0000] {logging_mixin.py:137} INFO - [2023-03-09T01:14:27.251+0000] {dag.py:3441} INFO - Setting next_dagrun for latest_only to 2023-03-08T21:14:27.250889+00:00, run_after=2023-03-09T01:14:27.250889+00:00
[2023-03-09T01:14:27.287+0000] {processor.py:175} INFO - Processing /home/airflow/.local/lib/python3.7/site-packages/airflow/example_dags/example_latest_only.py took 0.229 seconds
[2023-03-09T01:14:59.309+0000] {processor.py:153} INFO - Started process (PID=133) to work on /home/airflow/.local/lib/python3.7/site-packages/airflow/example_dags/example_latest_only.py
[2023-03-09T01:14:59.315+0000] {processor.py:743} INFO - Processing file /home/airflow/.local/lib/python3.7/site-packages/airflow/example_dags/example_latest_only.py for tasks to queue
[2023-03-09T01:14:59.317+0000] {logging_mixin.py:137} INFO - [2023-03-09T01:14:59.317+0000] {dagbag.py:538} INFO - Filling up the DagBag from /home/airflow/.local/lib/python3.7/site-packages/airflow/example_dags/example_latest_only.py
[2023-03-09T01:14:59.343+0000] {processor.py:753} INFO - DAG(s) dict_keys(['latest_only']) retrieved from /home/airflow/.local/lib/python3.7/site-packages/airflow/example_dags/example_latest_only.py
[2023-03-09T01:14:59.416+0000] {logging_mixin.py:137} INFO - [2023-03-09T01:14:59.416+0000] {dag.py:2690} INFO - Sync 1 DAGs
[2023-03-09T01:14:59.489+0000] {logging_mixin.py:137} INFO - [2023-03-09T01:14:59.489+0000] {dag.py:3441} INFO - Setting next_dagrun for latest_only to 2023-03-08T21:14:59.489194+00:00, run_after=2023-03-09T01:14:59.489194+00:00
[2023-03-09T01:14:59.526+0000] {processor.py:175} INFO - Processing /home/airflow/.local/lib/python3.7/site-packages/airflow/example_dags/example_latest_only.py took 0.224 seconds
[2023-03-09T01:15:30.233+0000] {processor.py:153} INFO - Started process (PID=205) to work on /home/airflow/.local/lib/python3.7/site-packages/airflow/example_dags/example_latest_only.py
[2023-03-09T01:15:30.237+0000] {processor.py:743} INFO - Processing file /home/airflow/.local/lib/python3.7/site-packages/airflow/example_dags/example_latest_only.py for tasks to queue
[2023-03-09T01:15:30.240+0000] {logging_mixin.py:137} INFO - [2023-03-09T01:15:30.240+0000] {dagbag.py:538} INFO - Filling up the DagBag from /home/airflow/.local/lib/python3.7/site-packages/airflow/example_dags/example_latest_only.py
[2023-03-09T01:15:30.270+0000] {processor.py:753} INFO - DAG(s) dict_keys(['latest_only']) retrieved from /home/airflow/.local/lib/python3.7/site-packages/airflow/example_dags/example_latest_only.py
[2023-03-09T01:15:30.402+0000] {logging_mixin.py:137} INFO - [2023-03-09T01:15:30.401+0000] {dag.py:2690} INFO - Sync 1 DAGs
[2023-03-09T01:15:30.447+0000] {logging_mixin.py:137} INFO - [2023-03-09T01:15:30.447+0000] {dag.py:3441} INFO - Setting next_dagrun for latest_only to 2023-03-08T21:15:30.447363+00:00, run_after=2023-03-09T01:15:30.447363+00:00
[2023-03-09T01:15:30.489+0000] {processor.py:175} INFO - Processing /home/airflow/.local/lib/python3.7/site-packages/airflow/example_dags/example_latest_only.py took 0.263 seconds
[2023-03-09T01:16:00.611+0000] {processor.py:153} INFO - Started process (PID=287) to work on /home/airflow/.local/lib/python3.7/site-packages/airflow/example_dags/example_latest_only.py
[2023-03-09T01:16:00.615+0000] {processor.py:743} INFO - Processing file /home/airflow/.local/lib/python3.7/site-packages/airflow/example_dags/example_latest_only.py for tasks to queue
[2023-03-09T01:16:00.619+0000] {logging_mixin.py:137} INFO - [2023-03-09T01:16:00.619+0000] {dagbag.py:538} INFO - Filling up the DagBag from /home/airflow/.local/lib/python3.7/site-packages/airflow/example_dags/example_latest_only.py
[2023-03-09T01:16:00.658+0000] {processor.py:753} INFO - DAG(s) dict_keys(['latest_only']) retrieved from /home/airflow/.local/lib/python3.7/site-packages/airflow/example_dags/example_latest_only.py
[2023-03-09T01:16:00.718+0000] {logging_mixin.py:137} INFO - [2023-03-09T01:16:00.718+0000] {dag.py:2690} INFO - Sync 1 DAGs
[2023-03-09T01:16:00.767+0000] {logging_mixin.py:137} INFO - [2023-03-09T01:16:00.767+0000] {dag.py:3441} INFO - Setting next_dagrun for latest_only to 2023-03-08T21:16:00.766576+00:00, run_after=2023-03-09T01:16:00.766576+00:00
[2023-03-09T01:16:00.832+0000] {processor.py:175} INFO - Processing /home/airflow/.local/lib/python3.7/site-packages/airflow/example_dags/example_latest_only.py took 0.227 seconds
[2023-03-09T01:16:31.681+0000] {processor.py:153} INFO - Started process (PID=361) to work on /home/airflow/.local/lib/python3.7/site-packages/airflow/example_dags/example_latest_only.py
[2023-03-09T01:16:31.684+0000] {processor.py:743} INFO - Processing file /home/airflow/.local/lib/python3.7/site-packages/airflow/example_dags/example_latest_only.py for tasks to queue
[2023-03-09T01:16:31.686+0000] {logging_mixin.py:137} INFO - [2023-03-09T01:16:31.686+0000] {dagbag.py:538} INFO - Filling up the DagBag from /home/airflow/.local/lib/python3.7/site-packages/airflow/example_dags/example_latest_only.py
[2023-03-09T01:16:31.716+0000] {processor.py:753} INFO - DAG(s) dict_keys(['latest_only']) retrieved from /home/airflow/.local/lib/python3.7/site-packages/airflow/example_dags/example_latest_only.py
[2023-03-09T01:16:31.761+0000] {logging_mixin.py:137} INFO - [2023-03-09T01:16:31.760+0000] {dag.py:2690} INFO - Sync 1 DAGs
[2023-03-09T01:16:31.803+0000] {logging_mixin.py:137} INFO - [2023-03-09T01:16:31.803+0000] {dag.py:3441} INFO - Setting next_dagrun for latest_only to 2023-03-08T21:16:31.802793+00:00, run_after=2023-03-09T01:16:31.802793+00:00
[2023-03-09T01:16:31.834+0000] {processor.py:175} INFO - Processing /home/airflow/.local/lib/python3.7/site-packages/airflow/example_dags/example_latest_only.py took 0.159 seconds
