[2023-03-09T01:14:27.640+0000] {processor.py:153} INFO - Started process (PID=66) to work on /home/airflow/.local/lib/python3.7/site-packages/airflow/example_dags/example_sensors.py
[2023-03-09T01:14:27.645+0000] {processor.py:743} INFO - Processing file /home/airflow/.local/lib/python3.7/site-packages/airflow/example_dags/example_sensors.py for tasks to queue
[2023-03-09T01:14:27.648+0000] {logging_mixin.py:137} INFO - [2023-03-09T01:14:27.648+0000] {dagbag.py:538} INFO - Filling up the DagBag from /home/airflow/.local/lib/python3.7/site-packages/airflow/example_dags/example_sensors.py
[2023-03-09T01:14:27.696+0000] {processor.py:753} INFO - DAG(s) dict_keys(['example_sensors']) retrieved from /home/airflow/.local/lib/python3.7/site-packages/airflow/example_dags/example_sensors.py
[2023-03-09T01:14:27.751+0000] {logging_mixin.py:137} INFO - [2023-03-09T01:14:27.750+0000] {dag.py:2690} INFO - Sync 1 DAGs
[2023-03-09T01:14:27.814+0000] {logging_mixin.py:137} INFO - [2023-03-09T01:14:27.813+0000] {dag.py:3441} INFO - Setting next_dagrun for example_sensors to None, run_after=None
[2023-03-09T01:14:27.850+0000] {processor.py:175} INFO - Processing /home/airflow/.local/lib/python3.7/site-packages/airflow/example_dags/example_sensors.py took 0.220 seconds
[2023-03-09T01:14:59.821+0000] {processor.py:153} INFO - Started process (PID=137) to work on /home/airflow/.local/lib/python3.7/site-packages/airflow/example_dags/example_sensors.py
[2023-03-09T01:14:59.827+0000] {processor.py:743} INFO - Processing file /home/airflow/.local/lib/python3.7/site-packages/airflow/example_dags/example_sensors.py for tasks to queue
[2023-03-09T01:14:59.837+0000] {logging_mixin.py:137} INFO - [2023-03-09T01:14:59.836+0000] {dagbag.py:538} INFO - Filling up the DagBag from /home/airflow/.local/lib/python3.7/site-packages/airflow/example_dags/example_sensors.py
[2023-03-09T01:14:59.900+0000] {processor.py:753} INFO - DAG(s) dict_keys(['example_sensors']) retrieved from /home/airflow/.local/lib/python3.7/site-packages/airflow/example_dags/example_sensors.py
[2023-03-09T01:14:59.954+0000] {logging_mixin.py:137} INFO - [2023-03-09T01:14:59.954+0000] {dag.py:2690} INFO - Sync 1 DAGs
[2023-03-09T01:14:59.998+0000] {logging_mixin.py:137} INFO - [2023-03-09T01:14:59.998+0000] {dag.py:3441} INFO - Setting next_dagrun for example_sensors to None, run_after=None
[2023-03-09T01:15:00.038+0000] {processor.py:175} INFO - Processing /home/airflow/.local/lib/python3.7/site-packages/airflow/example_dags/example_sensors.py took 0.225 seconds
[2023-03-09T01:15:30.809+0000] {processor.py:153} INFO - Started process (PID=209) to work on /home/airflow/.local/lib/python3.7/site-packages/airflow/example_dags/example_sensors.py
[2023-03-09T01:15:30.814+0000] {processor.py:743} INFO - Processing file /home/airflow/.local/lib/python3.7/site-packages/airflow/example_dags/example_sensors.py for tasks to queue
[2023-03-09T01:15:30.818+0000] {logging_mixin.py:137} INFO - [2023-03-09T01:15:30.817+0000] {dagbag.py:538} INFO - Filling up the DagBag from /home/airflow/.local/lib/python3.7/site-packages/airflow/example_dags/example_sensors.py
[2023-03-09T01:15:30.861+0000] {processor.py:753} INFO - DAG(s) dict_keys(['example_sensors']) retrieved from /home/airflow/.local/lib/python3.7/site-packages/airflow/example_dags/example_sensors.py
[2023-03-09T01:15:30.927+0000] {logging_mixin.py:137} INFO - [2023-03-09T01:15:30.926+0000] {dag.py:2690} INFO - Sync 1 DAGs
[2023-03-09T01:15:30.981+0000] {logging_mixin.py:137} INFO - [2023-03-09T01:15:30.981+0000] {dag.py:3441} INFO - Setting next_dagrun for example_sensors to None, run_after=None
[2023-03-09T01:15:31.015+0000] {processor.py:175} INFO - Processing /home/airflow/.local/lib/python3.7/site-packages/airflow/example_dags/example_sensors.py took 0.214 seconds
[2023-03-09T01:16:01.572+0000] {processor.py:153} INFO - Started process (PID=294) to work on /home/airflow/.local/lib/python3.7/site-packages/airflow/example_dags/example_sensors.py
[2023-03-09T01:16:01.578+0000] {processor.py:743} INFO - Processing file /home/airflow/.local/lib/python3.7/site-packages/airflow/example_dags/example_sensors.py for tasks to queue
[2023-03-09T01:16:01.582+0000] {logging_mixin.py:137} INFO - [2023-03-09T01:16:01.582+0000] {dagbag.py:538} INFO - Filling up the DagBag from /home/airflow/.local/lib/python3.7/site-packages/airflow/example_dags/example_sensors.py
[2023-03-09T01:16:01.621+0000] {processor.py:753} INFO - DAG(s) dict_keys(['example_sensors']) retrieved from /home/airflow/.local/lib/python3.7/site-packages/airflow/example_dags/example_sensors.py
[2023-03-09T01:16:01.674+0000] {logging_mixin.py:137} INFO - [2023-03-09T01:16:01.673+0000] {dag.py:2690} INFO - Sync 1 DAGs
[2023-03-09T01:16:01.730+0000] {logging_mixin.py:137} INFO - [2023-03-09T01:16:01.729+0000] {dag.py:3441} INFO - Setting next_dagrun for example_sensors to None, run_after=None
[2023-03-09T01:16:01.776+0000] {processor.py:175} INFO - Processing /home/airflow/.local/lib/python3.7/site-packages/airflow/example_dags/example_sensors.py took 0.214 seconds
[2023-03-09T01:16:32.318+0000] {processor.py:153} INFO - Started process (PID=367) to work on /home/airflow/.local/lib/python3.7/site-packages/airflow/example_dags/example_sensors.py
[2023-03-09T01:16:32.321+0000] {processor.py:743} INFO - Processing file /home/airflow/.local/lib/python3.7/site-packages/airflow/example_dags/example_sensors.py for tasks to queue
[2023-03-09T01:16:32.324+0000] {logging_mixin.py:137} INFO - [2023-03-09T01:16:32.323+0000] {dagbag.py:538} INFO - Filling up the DagBag from /home/airflow/.local/lib/python3.7/site-packages/airflow/example_dags/example_sensors.py
[2023-03-09T01:16:32.360+0000] {processor.py:753} INFO - DAG(s) dict_keys(['example_sensors']) retrieved from /home/airflow/.local/lib/python3.7/site-packages/airflow/example_dags/example_sensors.py
[2023-03-09T01:16:32.409+0000] {logging_mixin.py:137} INFO - [2023-03-09T01:16:32.409+0000] {dag.py:2690} INFO - Sync 1 DAGs
[2023-03-09T01:16:32.450+0000] {logging_mixin.py:137} INFO - [2023-03-09T01:16:32.449+0000] {dag.py:3441} INFO - Setting next_dagrun for example_sensors to None, run_after=None
[2023-03-09T01:16:32.484+0000] {processor.py:175} INFO - Processing /home/airflow/.local/lib/python3.7/site-packages/airflow/example_dags/example_sensors.py took 0.172 seconds
[2023-03-09T16:22:46.252+0000] {processor.py:153} INFO - Started process (PID=72) to work on /home/airflow/.local/lib/python3.7/site-packages/airflow/example_dags/example_sensors.py
[2023-03-09T16:22:46.256+0000] {processor.py:743} INFO - Processing file /home/airflow/.local/lib/python3.7/site-packages/airflow/example_dags/example_sensors.py for tasks to queue
[2023-03-09T16:22:46.259+0000] {logging_mixin.py:137} INFO - [2023-03-09T16:22:46.258+0000] {dagbag.py:538} INFO - Filling up the DagBag from /home/airflow/.local/lib/python3.7/site-packages/airflow/example_dags/example_sensors.py
[2023-03-09T16:22:46.299+0000] {processor.py:753} INFO - DAG(s) dict_keys(['example_sensors']) retrieved from /home/airflow/.local/lib/python3.7/site-packages/airflow/example_dags/example_sensors.py
[2023-03-09T16:22:46.390+0000] {logging_mixin.py:137} INFO - [2023-03-09T16:22:46.390+0000] {dag.py:2690} INFO - Sync 1 DAGs
[2023-03-09T16:22:46.616+0000] {logging_mixin.py:137} INFO - [2023-03-09T16:22:46.616+0000] {dag.py:3441} INFO - Setting next_dagrun for example_sensors to None, run_after=None
[2023-03-09T16:22:46.703+0000] {processor.py:175} INFO - Processing /home/airflow/.local/lib/python3.7/site-packages/airflow/example_dags/example_sensors.py took 0.474 seconds
[2023-03-09T16:23:17.475+0000] {processor.py:153} INFO - Started process (PID=145) to work on /home/airflow/.local/lib/python3.7/site-packages/airflow/example_dags/example_sensors.py
[2023-03-09T16:23:17.477+0000] {processor.py:743} INFO - Processing file /home/airflow/.local/lib/python3.7/site-packages/airflow/example_dags/example_sensors.py for tasks to queue
[2023-03-09T16:23:17.479+0000] {logging_mixin.py:137} INFO - [2023-03-09T16:23:17.479+0000] {dagbag.py:538} INFO - Filling up the DagBag from /home/airflow/.local/lib/python3.7/site-packages/airflow/example_dags/example_sensors.py
[2023-03-09T16:23:17.506+0000] {processor.py:753} INFO - DAG(s) dict_keys(['example_sensors']) retrieved from /home/airflow/.local/lib/python3.7/site-packages/airflow/example_dags/example_sensors.py
[2023-03-09T16:23:17.547+0000] {logging_mixin.py:137} INFO - [2023-03-09T16:23:17.547+0000] {dag.py:2690} INFO - Sync 1 DAGs
[2023-03-09T16:23:17.582+0000] {logging_mixin.py:137} INFO - [2023-03-09T16:23:17.582+0000] {dag.py:3441} INFO - Setting next_dagrun for example_sensors to None, run_after=None
[2023-03-09T16:23:17.608+0000] {processor.py:175} INFO - Processing /home/airflow/.local/lib/python3.7/site-packages/airflow/example_dags/example_sensors.py took 0.138 seconds
[2023-03-09T16:23:47.673+0000] {processor.py:153} INFO - Started process (PID=220) to work on /home/airflow/.local/lib/python3.7/site-packages/airflow/example_dags/example_sensors.py
[2023-03-09T16:23:47.675+0000] {processor.py:743} INFO - Processing file /home/airflow/.local/lib/python3.7/site-packages/airflow/example_dags/example_sensors.py for tasks to queue
[2023-03-09T16:23:47.677+0000] {logging_mixin.py:137} INFO - [2023-03-09T16:23:47.677+0000] {dagbag.py:538} INFO - Filling up the DagBag from /home/airflow/.local/lib/python3.7/site-packages/airflow/example_dags/example_sensors.py
[2023-03-09T16:23:47.705+0000] {processor.py:753} INFO - DAG(s) dict_keys(['example_sensors']) retrieved from /home/airflow/.local/lib/python3.7/site-packages/airflow/example_dags/example_sensors.py
[2023-03-09T16:23:47.747+0000] {logging_mixin.py:137} INFO - [2023-03-09T16:23:47.747+0000] {dag.py:2690} INFO - Sync 1 DAGs
[2023-03-09T16:23:47.783+0000] {logging_mixin.py:137} INFO - [2023-03-09T16:23:47.783+0000] {dag.py:3441} INFO - Setting next_dagrun for example_sensors to None, run_after=None
[2023-03-09T16:23:47.814+0000] {processor.py:175} INFO - Processing /home/airflow/.local/lib/python3.7/site-packages/airflow/example_dags/example_sensors.py took 0.147 seconds
[2023-03-09T16:24:19.041+0000] {processor.py:153} INFO - Started process (PID=303) to work on /home/airflow/.local/lib/python3.7/site-packages/airflow/example_dags/example_sensors.py
[2023-03-09T16:24:19.044+0000] {processor.py:743} INFO - Processing file /home/airflow/.local/lib/python3.7/site-packages/airflow/example_dags/example_sensors.py for tasks to queue
[2023-03-09T16:24:19.046+0000] {logging_mixin.py:137} INFO - [2023-03-09T16:24:19.046+0000] {dagbag.py:538} INFO - Filling up the DagBag from /home/airflow/.local/lib/python3.7/site-packages/airflow/example_dags/example_sensors.py
[2023-03-09T16:24:19.079+0000] {processor.py:753} INFO - DAG(s) dict_keys(['example_sensors']) retrieved from /home/airflow/.local/lib/python3.7/site-packages/airflow/example_dags/example_sensors.py
[2023-03-09T16:24:19.122+0000] {logging_mixin.py:137} INFO - [2023-03-09T16:24:19.122+0000] {dag.py:2690} INFO - Sync 1 DAGs
[2023-03-09T16:24:19.160+0000] {logging_mixin.py:137} INFO - [2023-03-09T16:24:19.160+0000] {dag.py:3441} INFO - Setting next_dagrun for example_sensors to None, run_after=None
[2023-03-09T16:24:19.190+0000] {processor.py:175} INFO - Processing /home/airflow/.local/lib/python3.7/site-packages/airflow/example_dags/example_sensors.py took 0.155 seconds
[2023-03-09T16:24:50.214+0000] {processor.py:153} INFO - Started process (PID=377) to work on /home/airflow/.local/lib/python3.7/site-packages/airflow/example_dags/example_sensors.py
[2023-03-09T16:24:50.216+0000] {processor.py:743} INFO - Processing file /home/airflow/.local/lib/python3.7/site-packages/airflow/example_dags/example_sensors.py for tasks to queue
[2023-03-09T16:24:50.218+0000] {logging_mixin.py:137} INFO - [2023-03-09T16:24:50.218+0000] {dagbag.py:538} INFO - Filling up the DagBag from /home/airflow/.local/lib/python3.7/site-packages/airflow/example_dags/example_sensors.py
[2023-03-09T16:24:50.248+0000] {processor.py:753} INFO - DAG(s) dict_keys(['example_sensors']) retrieved from /home/airflow/.local/lib/python3.7/site-packages/airflow/example_dags/example_sensors.py
[2023-03-09T16:24:50.288+0000] {logging_mixin.py:137} INFO - [2023-03-09T16:24:50.288+0000] {dag.py:2690} INFO - Sync 1 DAGs
[2023-03-09T16:24:50.326+0000] {logging_mixin.py:137} INFO - [2023-03-09T16:24:50.326+0000] {dag.py:3441} INFO - Setting next_dagrun for example_sensors to None, run_after=None
[2023-03-09T16:24:50.357+0000] {processor.py:175} INFO - Processing /home/airflow/.local/lib/python3.7/site-packages/airflow/example_dags/example_sensors.py took 0.149 seconds
[2023-03-09T16:25:22.995+0000] {processor.py:153} INFO - Started process (PID=457) to work on /home/airflow/.local/lib/python3.7/site-packages/airflow/example_dags/example_sensors.py
[2023-03-09T16:25:23.000+0000] {processor.py:743} INFO - Processing file /home/airflow/.local/lib/python3.7/site-packages/airflow/example_dags/example_sensors.py for tasks to queue
[2023-03-09T16:25:23.004+0000] {logging_mixin.py:137} INFO - [2023-03-09T16:25:23.003+0000] {dagbag.py:538} INFO - Filling up the DagBag from /home/airflow/.local/lib/python3.7/site-packages/airflow/example_dags/example_sensors.py
[2023-03-09T16:25:23.052+0000] {processor.py:753} INFO - DAG(s) dict_keys(['example_sensors']) retrieved from /home/airflow/.local/lib/python3.7/site-packages/airflow/example_dags/example_sensors.py
[2023-03-09T16:25:23.112+0000] {logging_mixin.py:137} INFO - [2023-03-09T16:25:23.112+0000] {dag.py:2690} INFO - Sync 1 DAGs
[2023-03-09T16:25:23.175+0000] {logging_mixin.py:137} INFO - [2023-03-09T16:25:23.174+0000] {dag.py:3441} INFO - Setting next_dagrun for example_sensors to None, run_after=None
[2023-03-09T16:25:23.206+0000] {processor.py:175} INFO - Processing /home/airflow/.local/lib/python3.7/site-packages/airflow/example_dags/example_sensors.py took 0.217 seconds
[2023-03-09T16:25:54.066+0000] {processor.py:153} INFO - Started process (PID=534) to work on /home/airflow/.local/lib/python3.7/site-packages/airflow/example_dags/example_sensors.py
[2023-03-09T16:25:54.069+0000] {processor.py:743} INFO - Processing file /home/airflow/.local/lib/python3.7/site-packages/airflow/example_dags/example_sensors.py for tasks to queue
[2023-03-09T16:25:54.071+0000] {logging_mixin.py:137} INFO - [2023-03-09T16:25:54.071+0000] {dagbag.py:538} INFO - Filling up the DagBag from /home/airflow/.local/lib/python3.7/site-packages/airflow/example_dags/example_sensors.py
[2023-03-09T16:25:54.099+0000] {processor.py:753} INFO - DAG(s) dict_keys(['example_sensors']) retrieved from /home/airflow/.local/lib/python3.7/site-packages/airflow/example_dags/example_sensors.py
[2023-03-09T16:25:54.141+0000] {logging_mixin.py:137} INFO - [2023-03-09T16:25:54.141+0000] {dag.py:2690} INFO - Sync 1 DAGs
[2023-03-09T16:25:54.176+0000] {logging_mixin.py:137} INFO - [2023-03-09T16:25:54.175+0000] {dag.py:3441} INFO - Setting next_dagrun for example_sensors to None, run_after=None
[2023-03-09T16:25:54.203+0000] {processor.py:175} INFO - Processing /home/airflow/.local/lib/python3.7/site-packages/airflow/example_dags/example_sensors.py took 0.142 seconds
[2023-03-09T16:26:25.832+0000] {processor.py:153} INFO - Started process (PID=607) to work on /home/airflow/.local/lib/python3.7/site-packages/airflow/example_dags/example_sensors.py
[2023-03-09T16:26:25.834+0000] {processor.py:743} INFO - Processing file /home/airflow/.local/lib/python3.7/site-packages/airflow/example_dags/example_sensors.py for tasks to queue
[2023-03-09T16:26:25.837+0000] {logging_mixin.py:137} INFO - [2023-03-09T16:26:25.837+0000] {dagbag.py:538} INFO - Filling up the DagBag from /home/airflow/.local/lib/python3.7/site-packages/airflow/example_dags/example_sensors.py
[2023-03-09T16:26:25.868+0000] {processor.py:753} INFO - DAG(s) dict_keys(['example_sensors']) retrieved from /home/airflow/.local/lib/python3.7/site-packages/airflow/example_dags/example_sensors.py
[2023-03-09T16:26:25.918+0000] {logging_mixin.py:137} INFO - [2023-03-09T16:26:25.918+0000] {dag.py:2690} INFO - Sync 1 DAGs
[2023-03-09T16:26:25.958+0000] {logging_mixin.py:137} INFO - [2023-03-09T16:26:25.958+0000] {dag.py:3441} INFO - Setting next_dagrun for example_sensors to None, run_after=None
[2023-03-09T16:26:25.994+0000] {processor.py:175} INFO - Processing /home/airflow/.local/lib/python3.7/site-packages/airflow/example_dags/example_sensors.py took 0.168 seconds
[2023-03-09T16:26:57.063+0000] {processor.py:153} INFO - Started process (PID=691) to work on /home/airflow/.local/lib/python3.7/site-packages/airflow/example_dags/example_sensors.py
[2023-03-09T16:26:57.067+0000] {processor.py:743} INFO - Processing file /home/airflow/.local/lib/python3.7/site-packages/airflow/example_dags/example_sensors.py for tasks to queue
[2023-03-09T16:26:57.069+0000] {logging_mixin.py:137} INFO - [2023-03-09T16:26:57.069+0000] {dagbag.py:538} INFO - Filling up the DagBag from /home/airflow/.local/lib/python3.7/site-packages/airflow/example_dags/example_sensors.py
[2023-03-09T16:26:57.102+0000] {processor.py:753} INFO - DAG(s) dict_keys(['example_sensors']) retrieved from /home/airflow/.local/lib/python3.7/site-packages/airflow/example_dags/example_sensors.py
[2023-03-09T16:26:57.145+0000] {logging_mixin.py:137} INFO - [2023-03-09T16:26:57.145+0000] {dag.py:2690} INFO - Sync 1 DAGs
[2023-03-09T16:26:57.183+0000] {logging_mixin.py:137} INFO - [2023-03-09T16:26:57.183+0000] {dag.py:3441} INFO - Setting next_dagrun for example_sensors to None, run_after=None
[2023-03-09T16:26:57.211+0000] {processor.py:175} INFO - Processing /home/airflow/.local/lib/python3.7/site-packages/airflow/example_dags/example_sensors.py took 0.154 seconds
[2023-03-09T16:27:27.739+0000] {processor.py:153} INFO - Started process (PID=761) to work on /home/airflow/.local/lib/python3.7/site-packages/airflow/example_dags/example_sensors.py
[2023-03-09T16:27:27.742+0000] {processor.py:743} INFO - Processing file /home/airflow/.local/lib/python3.7/site-packages/airflow/example_dags/example_sensors.py for tasks to queue
[2023-03-09T16:27:27.744+0000] {logging_mixin.py:137} INFO - [2023-03-09T16:27:27.744+0000] {dagbag.py:538} INFO - Filling up the DagBag from /home/airflow/.local/lib/python3.7/site-packages/airflow/example_dags/example_sensors.py
[2023-03-09T16:27:27.789+0000] {processor.py:753} INFO - DAG(s) dict_keys(['example_sensors']) retrieved from /home/airflow/.local/lib/python3.7/site-packages/airflow/example_dags/example_sensors.py
[2023-03-09T16:27:27.834+0000] {logging_mixin.py:137} INFO - [2023-03-09T16:27:27.834+0000] {dag.py:2690} INFO - Sync 1 DAGs
[2023-03-09T16:27:27.873+0000] {logging_mixin.py:137} INFO - [2023-03-09T16:27:27.873+0000] {dag.py:3441} INFO - Setting next_dagrun for example_sensors to None, run_after=None
[2023-03-09T16:27:27.907+0000] {processor.py:175} INFO - Processing /home/airflow/.local/lib/python3.7/site-packages/airflow/example_dags/example_sensors.py took 0.172 seconds
[2023-03-09T16:27:57.987+0000] {processor.py:153} INFO - Started process (PID=833) to work on /home/airflow/.local/lib/python3.7/site-packages/airflow/example_dags/example_sensors.py
[2023-03-09T16:27:57.989+0000] {processor.py:743} INFO - Processing file /home/airflow/.local/lib/python3.7/site-packages/airflow/example_dags/example_sensors.py for tasks to queue
[2023-03-09T16:27:57.991+0000] {logging_mixin.py:137} INFO - [2023-03-09T16:27:57.991+0000] {dagbag.py:538} INFO - Filling up the DagBag from /home/airflow/.local/lib/python3.7/site-packages/airflow/example_dags/example_sensors.py
[2023-03-09T16:27:58.018+0000] {processor.py:753} INFO - DAG(s) dict_keys(['example_sensors']) retrieved from /home/airflow/.local/lib/python3.7/site-packages/airflow/example_dags/example_sensors.py
[2023-03-09T16:27:58.057+0000] {logging_mixin.py:137} INFO - [2023-03-09T16:27:58.056+0000] {dag.py:2690} INFO - Sync 1 DAGs
[2023-03-09T16:27:58.091+0000] {logging_mixin.py:137} INFO - [2023-03-09T16:27:58.091+0000] {dag.py:3441} INFO - Setting next_dagrun for example_sensors to None, run_after=None
[2023-03-09T16:27:58.122+0000] {processor.py:175} INFO - Processing /home/airflow/.local/lib/python3.7/site-packages/airflow/example_dags/example_sensors.py took 0.140 seconds
[2023-03-09T16:28:28.195+0000] {processor.py:153} INFO - Started process (PID=918) to work on /home/airflow/.local/lib/python3.7/site-packages/airflow/example_dags/example_sensors.py
[2023-03-09T16:28:28.201+0000] {processor.py:743} INFO - Processing file /home/airflow/.local/lib/python3.7/site-packages/airflow/example_dags/example_sensors.py for tasks to queue
[2023-03-09T16:28:28.203+0000] {logging_mixin.py:137} INFO - [2023-03-09T16:28:28.203+0000] {dagbag.py:538} INFO - Filling up the DagBag from /home/airflow/.local/lib/python3.7/site-packages/airflow/example_dags/example_sensors.py
[2023-03-09T16:28:28.233+0000] {processor.py:753} INFO - DAG(s) dict_keys(['example_sensors']) retrieved from /home/airflow/.local/lib/python3.7/site-packages/airflow/example_dags/example_sensors.py
[2023-03-09T16:28:28.275+0000] {logging_mixin.py:137} INFO - [2023-03-09T16:28:28.274+0000] {dag.py:2690} INFO - Sync 1 DAGs
[2023-03-09T16:28:28.313+0000] {logging_mixin.py:137} INFO - [2023-03-09T16:28:28.312+0000] {dag.py:3441} INFO - Setting next_dagrun for example_sensors to None, run_after=None
[2023-03-09T16:28:28.340+0000] {processor.py:175} INFO - Processing /home/airflow/.local/lib/python3.7/site-packages/airflow/example_dags/example_sensors.py took 0.150 seconds
[2023-03-09T16:28:58.571+0000] {processor.py:153} INFO - Started process (PID=992) to work on /home/airflow/.local/lib/python3.7/site-packages/airflow/example_dags/example_sensors.py
[2023-03-09T16:28:58.573+0000] {processor.py:743} INFO - Processing file /home/airflow/.local/lib/python3.7/site-packages/airflow/example_dags/example_sensors.py for tasks to queue
[2023-03-09T16:28:58.575+0000] {logging_mixin.py:137} INFO - [2023-03-09T16:28:58.575+0000] {dagbag.py:538} INFO - Filling up the DagBag from /home/airflow/.local/lib/python3.7/site-packages/airflow/example_dags/example_sensors.py
[2023-03-09T16:28:58.602+0000] {processor.py:753} INFO - DAG(s) dict_keys(['example_sensors']) retrieved from /home/airflow/.local/lib/python3.7/site-packages/airflow/example_dags/example_sensors.py
[2023-03-09T16:28:58.644+0000] {logging_mixin.py:137} INFO - [2023-03-09T16:28:58.644+0000] {dag.py:2690} INFO - Sync 1 DAGs
[2023-03-09T16:28:58.679+0000] {logging_mixin.py:137} INFO - [2023-03-09T16:28:58.679+0000] {dag.py:3441} INFO - Setting next_dagrun for example_sensors to None, run_after=None
[2023-03-09T16:28:58.707+0000] {processor.py:175} INFO - Processing /home/airflow/.local/lib/python3.7/site-packages/airflow/example_dags/example_sensors.py took 0.142 seconds
[2023-03-09T16:29:28.984+0000] {processor.py:153} INFO - Started process (PID=1077) to work on /home/airflow/.local/lib/python3.7/site-packages/airflow/example_dags/example_sensors.py
[2023-03-09T16:29:28.987+0000] {processor.py:743} INFO - Processing file /home/airflow/.local/lib/python3.7/site-packages/airflow/example_dags/example_sensors.py for tasks to queue
[2023-03-09T16:29:28.989+0000] {logging_mixin.py:137} INFO - [2023-03-09T16:29:28.989+0000] {dagbag.py:538} INFO - Filling up the DagBag from /home/airflow/.local/lib/python3.7/site-packages/airflow/example_dags/example_sensors.py
[2023-03-09T16:29:29.020+0000] {processor.py:753} INFO - DAG(s) dict_keys(['example_sensors']) retrieved from /home/airflow/.local/lib/python3.7/site-packages/airflow/example_dags/example_sensors.py
[2023-03-09T16:29:29.071+0000] {logging_mixin.py:137} INFO - [2023-03-09T16:29:29.071+0000] {dag.py:2690} INFO - Sync 1 DAGs
[2023-03-09T16:29:29.117+0000] {logging_mixin.py:137} INFO - [2023-03-09T16:29:29.117+0000] {dag.py:3441} INFO - Setting next_dagrun for example_sensors to None, run_after=None
[2023-03-09T16:29:29.146+0000] {processor.py:175} INFO - Processing /home/airflow/.local/lib/python3.7/site-packages/airflow/example_dags/example_sensors.py took 0.170 seconds
[2023-03-09T16:30:00.225+0000] {processor.py:153} INFO - Started process (PID=1149) to work on /home/airflow/.local/lib/python3.7/site-packages/airflow/example_dags/example_sensors.py
[2023-03-09T16:30:00.227+0000] {processor.py:743} INFO - Processing file /home/airflow/.local/lib/python3.7/site-packages/airflow/example_dags/example_sensors.py for tasks to queue
[2023-03-09T16:30:00.229+0000] {logging_mixin.py:137} INFO - [2023-03-09T16:30:00.229+0000] {dagbag.py:538} INFO - Filling up the DagBag from /home/airflow/.local/lib/python3.7/site-packages/airflow/example_dags/example_sensors.py
[2023-03-09T16:30:00.259+0000] {processor.py:753} INFO - DAG(s) dict_keys(['example_sensors']) retrieved from /home/airflow/.local/lib/python3.7/site-packages/airflow/example_dags/example_sensors.py
[2023-03-09T16:30:00.299+0000] {logging_mixin.py:137} INFO - [2023-03-09T16:30:00.299+0000] {dag.py:2690} INFO - Sync 1 DAGs
[2023-03-09T16:30:00.333+0000] {logging_mixin.py:137} INFO - [2023-03-09T16:30:00.333+0000] {dag.py:3441} INFO - Setting next_dagrun for example_sensors to None, run_after=None
[2023-03-09T16:30:00.363+0000] {processor.py:175} INFO - Processing /home/airflow/.local/lib/python3.7/site-packages/airflow/example_dags/example_sensors.py took 0.143 seconds
[2023-03-09T16:30:30.627+0000] {processor.py:153} INFO - Started process (PID=1220) to work on /home/airflow/.local/lib/python3.7/site-packages/airflow/example_dags/example_sensors.py
[2023-03-09T16:30:30.645+0000] {processor.py:743} INFO - Processing file /home/airflow/.local/lib/python3.7/site-packages/airflow/example_dags/example_sensors.py for tasks to queue
[2023-03-09T16:30:30.662+0000] {logging_mixin.py:137} INFO - [2023-03-09T16:30:30.661+0000] {dagbag.py:538} INFO - Filling up the DagBag from /home/airflow/.local/lib/python3.7/site-packages/airflow/example_dags/example_sensors.py
[2023-03-09T16:30:30.749+0000] {processor.py:753} INFO - DAG(s) dict_keys(['example_sensors']) retrieved from /home/airflow/.local/lib/python3.7/site-packages/airflow/example_dags/example_sensors.py
[2023-03-09T16:30:30.843+0000] {logging_mixin.py:137} INFO - [2023-03-09T16:30:30.843+0000] {dag.py:2690} INFO - Sync 1 DAGs
[2023-03-09T16:30:30.915+0000] {logging_mixin.py:137} INFO - [2023-03-09T16:30:30.915+0000] {dag.py:3441} INFO - Setting next_dagrun for example_sensors to None, run_after=None
[2023-03-09T16:30:30.962+0000] {processor.py:175} INFO - Processing /home/airflow/.local/lib/python3.7/site-packages/airflow/example_dags/example_sensors.py took 0.346 seconds
[2023-03-09T16:31:01.575+0000] {processor.py:153} INFO - Started process (PID=1291) to work on /home/airflow/.local/lib/python3.7/site-packages/airflow/example_dags/example_sensors.py
[2023-03-09T16:31:01.580+0000] {processor.py:743} INFO - Processing file /home/airflow/.local/lib/python3.7/site-packages/airflow/example_dags/example_sensors.py for tasks to queue
[2023-03-09T16:31:01.591+0000] {logging_mixin.py:137} INFO - [2023-03-09T16:31:01.590+0000] {dagbag.py:538} INFO - Filling up the DagBag from /home/airflow/.local/lib/python3.7/site-packages/airflow/example_dags/example_sensors.py
[2023-03-09T16:31:01.689+0000] {processor.py:753} INFO - DAG(s) dict_keys(['example_sensors']) retrieved from /home/airflow/.local/lib/python3.7/site-packages/airflow/example_dags/example_sensors.py
[2023-03-09T16:31:01.951+0000] {logging_mixin.py:137} INFO - [2023-03-09T16:31:01.948+0000] {dag.py:2690} INFO - Sync 1 DAGs
[2023-03-09T16:31:02.069+0000] {logging_mixin.py:137} INFO - [2023-03-09T16:31:02.069+0000] {dag.py:3441} INFO - Setting next_dagrun for example_sensors to None, run_after=None
[2023-03-09T16:31:02.146+0000] {processor.py:175} INFO - Processing /home/airflow/.local/lib/python3.7/site-packages/airflow/example_dags/example_sensors.py took 0.598 seconds
[2023-03-09T16:31:51.571+0000] {processor.py:153} INFO - Started process (PID=1362) to work on /home/airflow/.local/lib/python3.7/site-packages/airflow/example_dags/example_sensors.py
[2023-03-09T16:31:51.600+0000] {processor.py:743} INFO - Processing file /home/airflow/.local/lib/python3.7/site-packages/airflow/example_dags/example_sensors.py for tasks to queue
[2023-03-09T16:31:51.623+0000] {logging_mixin.py:137} INFO - [2023-03-09T16:31:51.621+0000] {dagbag.py:538} INFO - Filling up the DagBag from /home/airflow/.local/lib/python3.7/site-packages/airflow/example_dags/example_sensors.py
[2023-03-09T16:31:51.791+0000] {processor.py:753} INFO - DAG(s) dict_keys(['example_sensors']) retrieved from /home/airflow/.local/lib/python3.7/site-packages/airflow/example_dags/example_sensors.py
[2023-03-09T16:31:52.211+0000] {logging_mixin.py:137} INFO - [2023-03-09T16:31:52.211+0000] {dag.py:2690} INFO - Sync 1 DAGs
[2023-03-09T16:31:52.642+0000] {logging_mixin.py:137} INFO - [2023-03-09T16:31:52.639+0000] {dag.py:3441} INFO - Setting next_dagrun for example_sensors to None, run_after=None
[2023-03-09T16:31:52.853+0000] {processor.py:175} INFO - Processing /home/airflow/.local/lib/python3.7/site-packages/airflow/example_dags/example_sensors.py took 1.320 seconds
[2023-03-09T16:33:05.144+0000] {processor.py:153} INFO - Started process (PID=1441) to work on /home/airflow/.local/lib/python3.7/site-packages/airflow/example_dags/example_sensors.py
[2023-03-09T16:33:05.164+0000] {processor.py:743} INFO - Processing file /home/airflow/.local/lib/python3.7/site-packages/airflow/example_dags/example_sensors.py for tasks to queue
[2023-03-09T16:33:05.179+0000] {logging_mixin.py:137} INFO - [2023-03-09T16:33:05.179+0000] {dagbag.py:538} INFO - Filling up the DagBag from /home/airflow/.local/lib/python3.7/site-packages/airflow/example_dags/example_sensors.py
[2023-03-09T16:33:05.734+0000] {processor.py:753} INFO - DAG(s) dict_keys(['example_sensors']) retrieved from /home/airflow/.local/lib/python3.7/site-packages/airflow/example_dags/example_sensors.py
[2023-03-09T16:33:06.425+0000] {logging_mixin.py:137} INFO - [2023-03-09T16:33:06.425+0000] {dag.py:2690} INFO - Sync 1 DAGs
[2023-03-09T16:33:07.080+0000] {logging_mixin.py:137} INFO - [2023-03-09T16:33:07.080+0000] {dag.py:3441} INFO - Setting next_dagrun for example_sensors to None, run_after=None
[2023-03-09T16:33:07.317+0000] {processor.py:175} INFO - Processing /home/airflow/.local/lib/python3.7/site-packages/airflow/example_dags/example_sensors.py took 2.205 seconds
[2023-03-09T16:34:17.307+0000] {processor.py:153} INFO - Started process (PID=1522) to work on /home/airflow/.local/lib/python3.7/site-packages/airflow/example_dags/example_sensors.py
[2023-03-09T16:34:17.334+0000] {processor.py:743} INFO - Processing file /home/airflow/.local/lib/python3.7/site-packages/airflow/example_dags/example_sensors.py for tasks to queue
[2023-03-09T16:34:17.341+0000] {logging_mixin.py:137} INFO - [2023-03-09T16:34:17.338+0000] {dagbag.py:538} INFO - Filling up the DagBag from /home/airflow/.local/lib/python3.7/site-packages/airflow/example_dags/example_sensors.py
[2023-03-09T16:34:17.587+0000] {processor.py:753} INFO - DAG(s) dict_keys(['example_sensors']) retrieved from /home/airflow/.local/lib/python3.7/site-packages/airflow/example_dags/example_sensors.py
[2023-03-09T16:34:17.913+0000] {logging_mixin.py:137} INFO - [2023-03-09T16:34:17.913+0000] {dag.py:2690} INFO - Sync 1 DAGs
[2023-03-09T16:34:18.192+0000] {logging_mixin.py:137} INFO - [2023-03-09T16:34:18.191+0000] {dag.py:3441} INFO - Setting next_dagrun for example_sensors to None, run_after=None
[2023-03-09T16:34:18.383+0000] {processor.py:175} INFO - Processing /home/airflow/.local/lib/python3.7/site-packages/airflow/example_dags/example_sensors.py took 1.111 seconds
[2023-03-09T16:35:05.719+0000] {processor.py:153} INFO - Started process (PID=1604) to work on /home/airflow/.local/lib/python3.7/site-packages/airflow/example_dags/example_sensors.py
[2023-03-09T16:35:05.729+0000] {processor.py:743} INFO - Processing file /home/airflow/.local/lib/python3.7/site-packages/airflow/example_dags/example_sensors.py for tasks to queue
[2023-03-09T16:35:05.738+0000] {logging_mixin.py:137} INFO - [2023-03-09T16:35:05.738+0000] {dagbag.py:538} INFO - Filling up the DagBag from /home/airflow/.local/lib/python3.7/site-packages/airflow/example_dags/example_sensors.py
[2023-03-09T16:35:06.038+0000] {processor.py:753} INFO - DAG(s) dict_keys(['example_sensors']) retrieved from /home/airflow/.local/lib/python3.7/site-packages/airflow/example_dags/example_sensors.py
[2023-03-09T16:35:06.424+0000] {logging_mixin.py:137} INFO - [2023-03-09T16:35:06.424+0000] {dag.py:2690} INFO - Sync 1 DAGs
[2023-03-09T16:35:06.687+0000] {logging_mixin.py:137} INFO - [2023-03-09T16:35:06.686+0000] {dag.py:3441} INFO - Setting next_dagrun for example_sensors to None, run_after=None
[2023-03-09T16:35:06.831+0000] {processor.py:175} INFO - Processing /home/airflow/.local/lib/python3.7/site-packages/airflow/example_dags/example_sensors.py took 1.141 seconds
[2023-03-09T16:36:31.311+0000] {processor.py:153} INFO - Started process (PID=1700) to work on /home/airflow/.local/lib/python3.7/site-packages/airflow/example_dags/example_sensors.py
[2023-03-09T16:36:31.327+0000] {processor.py:743} INFO - Processing file /home/airflow/.local/lib/python3.7/site-packages/airflow/example_dags/example_sensors.py for tasks to queue
[2023-03-09T16:36:31.348+0000] {logging_mixin.py:137} INFO - [2023-03-09T16:36:31.347+0000] {dagbag.py:538} INFO - Filling up the DagBag from /home/airflow/.local/lib/python3.7/site-packages/airflow/example_dags/example_sensors.py
[2023-03-09T16:36:31.786+0000] {processor.py:753} INFO - DAG(s) dict_keys(['example_sensors']) retrieved from /home/airflow/.local/lib/python3.7/site-packages/airflow/example_dags/example_sensors.py
[2023-03-09T16:36:33.035+0000] {logging_mixin.py:137} INFO - [2023-03-09T16:36:33.019+0000] {dag.py:2690} INFO - Sync 1 DAGs
[2023-03-09T16:36:33.679+0000] {logging_mixin.py:137} INFO - [2023-03-09T16:36:33.679+0000] {dag.py:3441} INFO - Setting next_dagrun for example_sensors to None, run_after=None
[2023-03-09T16:36:34.079+0000] {processor.py:175} INFO - Processing /home/airflow/.local/lib/python3.7/site-packages/airflow/example_dags/example_sensors.py took 2.821 seconds
[2023-03-09T16:37:44.992+0000] {processor.py:153} INFO - Started process (PID=1788) to work on /home/airflow/.local/lib/python3.7/site-packages/airflow/example_dags/example_sensors.py
[2023-03-09T16:37:45.006+0000] {processor.py:743} INFO - Processing file /home/airflow/.local/lib/python3.7/site-packages/airflow/example_dags/example_sensors.py for tasks to queue
[2023-03-09T16:37:45.033+0000] {logging_mixin.py:137} INFO - [2023-03-09T16:37:45.032+0000] {dagbag.py:538} INFO - Filling up the DagBag from /home/airflow/.local/lib/python3.7/site-packages/airflow/example_dags/example_sensors.py
[2023-03-09T16:37:45.511+0000] {processor.py:753} INFO - DAG(s) dict_keys(['example_sensors']) retrieved from /home/airflow/.local/lib/python3.7/site-packages/airflow/example_dags/example_sensors.py
[2023-03-09T16:37:46.662+0000] {logging_mixin.py:137} INFO - [2023-03-09T16:37:46.660+0000] {dag.py:2690} INFO - Sync 1 DAGs
[2023-03-09T16:37:47.427+0000] {logging_mixin.py:137} INFO - [2023-03-09T16:37:47.426+0000] {dag.py:3441} INFO - Setting next_dagrun for example_sensors to None, run_after=None
[2023-03-09T16:37:48.233+0000] {processor.py:175} INFO - Processing /home/airflow/.local/lib/python3.7/site-packages/airflow/example_dags/example_sensors.py took 3.396 seconds
[2023-03-09T16:38:24.296+0000] {processor.py:153} INFO - Started process (PID=1861) to work on /home/airflow/.local/lib/python3.7/site-packages/airflow/example_dags/example_sensors.py
[2023-03-09T16:38:24.299+0000] {processor.py:743} INFO - Processing file /home/airflow/.local/lib/python3.7/site-packages/airflow/example_dags/example_sensors.py for tasks to queue
[2023-03-09T16:38:24.303+0000] {logging_mixin.py:137} INFO - [2023-03-09T16:38:24.302+0000] {dagbag.py:538} INFO - Filling up the DagBag from /home/airflow/.local/lib/python3.7/site-packages/airflow/example_dags/example_sensors.py
[2023-03-09T16:38:24.342+0000] {processor.py:753} INFO - DAG(s) dict_keys(['example_sensors']) retrieved from /home/airflow/.local/lib/python3.7/site-packages/airflow/example_dags/example_sensors.py
[2023-03-09T16:38:24.401+0000] {logging_mixin.py:137} INFO - [2023-03-09T16:38:24.401+0000] {dag.py:2690} INFO - Sync 1 DAGs
[2023-03-09T16:38:24.461+0000] {logging_mixin.py:137} INFO - [2023-03-09T16:38:24.461+0000] {dag.py:3441} INFO - Setting next_dagrun for example_sensors to None, run_after=None
[2023-03-09T16:38:24.495+0000] {processor.py:175} INFO - Processing /home/airflow/.local/lib/python3.7/site-packages/airflow/example_dags/example_sensors.py took 0.207 seconds
[2023-03-09T16:38:56.382+0000] {processor.py:153} INFO - Started process (PID=1934) to work on /home/airflow/.local/lib/python3.7/site-packages/airflow/example_dags/example_sensors.py
[2023-03-09T16:38:56.386+0000] {processor.py:743} INFO - Processing file /home/airflow/.local/lib/python3.7/site-packages/airflow/example_dags/example_sensors.py for tasks to queue
[2023-03-09T16:38:56.397+0000] {logging_mixin.py:137} INFO - [2023-03-09T16:38:56.396+0000] {dagbag.py:538} INFO - Filling up the DagBag from /home/airflow/.local/lib/python3.7/site-packages/airflow/example_dags/example_sensors.py
[2023-03-09T16:38:56.436+0000] {processor.py:753} INFO - DAG(s) dict_keys(['example_sensors']) retrieved from /home/airflow/.local/lib/python3.7/site-packages/airflow/example_dags/example_sensors.py
[2023-03-09T16:38:56.602+0000] {logging_mixin.py:137} INFO - [2023-03-09T16:38:56.602+0000] {dag.py:2690} INFO - Sync 1 DAGs
[2023-03-09T16:38:56.681+0000] {logging_mixin.py:137} INFO - [2023-03-09T16:38:56.681+0000] {dag.py:3441} INFO - Setting next_dagrun for example_sensors to None, run_after=None
[2023-03-09T16:38:56.721+0000] {processor.py:175} INFO - Processing /home/airflow/.local/lib/python3.7/site-packages/airflow/example_dags/example_sensors.py took 0.346 seconds
[2023-03-09T16:39:26.881+0000] {processor.py:153} INFO - Started process (PID=2011) to work on /home/airflow/.local/lib/python3.7/site-packages/airflow/example_dags/example_sensors.py
[2023-03-09T16:39:26.883+0000] {processor.py:743} INFO - Processing file /home/airflow/.local/lib/python3.7/site-packages/airflow/example_dags/example_sensors.py for tasks to queue
[2023-03-09T16:39:26.885+0000] {logging_mixin.py:137} INFO - [2023-03-09T16:39:26.884+0000] {dagbag.py:538} INFO - Filling up the DagBag from /home/airflow/.local/lib/python3.7/site-packages/airflow/example_dags/example_sensors.py
[2023-03-09T16:39:26.912+0000] {processor.py:753} INFO - DAG(s) dict_keys(['example_sensors']) retrieved from /home/airflow/.local/lib/python3.7/site-packages/airflow/example_dags/example_sensors.py
[2023-03-09T16:39:26.951+0000] {logging_mixin.py:137} INFO - [2023-03-09T16:39:26.951+0000] {dag.py:2690} INFO - Sync 1 DAGs
[2023-03-09T16:39:26.984+0000] {logging_mixin.py:137} INFO - [2023-03-09T16:39:26.984+0000] {dag.py:3441} INFO - Setting next_dagrun for example_sensors to None, run_after=None
[2023-03-09T16:39:27.011+0000] {processor.py:175} INFO - Processing /home/airflow/.local/lib/python3.7/site-packages/airflow/example_dags/example_sensors.py took 0.137 seconds
[2023-03-09T16:39:58.254+0000] {processor.py:153} INFO - Started process (PID=2084) to work on /home/airflow/.local/lib/python3.7/site-packages/airflow/example_dags/example_sensors.py
[2023-03-09T16:39:58.257+0000] {processor.py:743} INFO - Processing file /home/airflow/.local/lib/python3.7/site-packages/airflow/example_dags/example_sensors.py for tasks to queue
[2023-03-09T16:39:58.258+0000] {logging_mixin.py:137} INFO - [2023-03-09T16:39:58.258+0000] {dagbag.py:538} INFO - Filling up the DagBag from /home/airflow/.local/lib/python3.7/site-packages/airflow/example_dags/example_sensors.py
[2023-03-09T16:39:58.285+0000] {processor.py:753} INFO - DAG(s) dict_keys(['example_sensors']) retrieved from /home/airflow/.local/lib/python3.7/site-packages/airflow/example_dags/example_sensors.py
[2023-03-09T16:39:58.332+0000] {logging_mixin.py:137} INFO - [2023-03-09T16:39:58.332+0000] {dag.py:2690} INFO - Sync 1 DAGs
[2023-03-09T16:39:58.376+0000] {logging_mixin.py:137} INFO - [2023-03-09T16:39:58.375+0000] {dag.py:3441} INFO - Setting next_dagrun for example_sensors to None, run_after=None
[2023-03-09T16:39:58.421+0000] {processor.py:175} INFO - Processing /home/airflow/.local/lib/python3.7/site-packages/airflow/example_dags/example_sensors.py took 0.171 seconds
[2023-03-09T16:40:29.576+0000] {processor.py:153} INFO - Started process (PID=2169) to work on /home/airflow/.local/lib/python3.7/site-packages/airflow/example_dags/example_sensors.py
[2023-03-09T16:40:29.579+0000] {processor.py:743} INFO - Processing file /home/airflow/.local/lib/python3.7/site-packages/airflow/example_dags/example_sensors.py for tasks to queue
[2023-03-09T16:40:29.581+0000] {logging_mixin.py:137} INFO - [2023-03-09T16:40:29.581+0000] {dagbag.py:538} INFO - Filling up the DagBag from /home/airflow/.local/lib/python3.7/site-packages/airflow/example_dags/example_sensors.py
[2023-03-09T16:40:29.615+0000] {processor.py:753} INFO - DAG(s) dict_keys(['example_sensors']) retrieved from /home/airflow/.local/lib/python3.7/site-packages/airflow/example_dags/example_sensors.py
[2023-03-09T16:40:29.660+0000] {logging_mixin.py:137} INFO - [2023-03-09T16:40:29.660+0000] {dag.py:2690} INFO - Sync 1 DAGs
[2023-03-09T16:40:29.693+0000] {logging_mixin.py:137} INFO - [2023-03-09T16:40:29.693+0000] {dag.py:3441} INFO - Setting next_dagrun for example_sensors to None, run_after=None
[2023-03-09T16:40:29.721+0000] {processor.py:175} INFO - Processing /home/airflow/.local/lib/python3.7/site-packages/airflow/example_dags/example_sensors.py took 0.149 seconds
[2023-03-09T16:41:00.967+0000] {processor.py:153} INFO - Started process (PID=2242) to work on /home/airflow/.local/lib/python3.7/site-packages/airflow/example_dags/example_sensors.py
[2023-03-09T16:41:00.969+0000] {processor.py:743} INFO - Processing file /home/airflow/.local/lib/python3.7/site-packages/airflow/example_dags/example_sensors.py for tasks to queue
[2023-03-09T16:41:00.971+0000] {logging_mixin.py:137} INFO - [2023-03-09T16:41:00.971+0000] {dagbag.py:538} INFO - Filling up the DagBag from /home/airflow/.local/lib/python3.7/site-packages/airflow/example_dags/example_sensors.py
[2023-03-09T16:41:01.000+0000] {processor.py:753} INFO - DAG(s) dict_keys(['example_sensors']) retrieved from /home/airflow/.local/lib/python3.7/site-packages/airflow/example_dags/example_sensors.py
[2023-03-09T16:41:01.044+0000] {logging_mixin.py:137} INFO - [2023-03-09T16:41:01.043+0000] {dag.py:2690} INFO - Sync 1 DAGs
[2023-03-09T16:41:01.080+0000] {logging_mixin.py:137} INFO - [2023-03-09T16:41:01.079+0000] {dag.py:3441} INFO - Setting next_dagrun for example_sensors to None, run_after=None
[2023-03-09T16:41:01.107+0000] {processor.py:175} INFO - Processing /home/airflow/.local/lib/python3.7/site-packages/airflow/example_dags/example_sensors.py took 0.145 seconds
[2023-03-09T16:41:32.722+0000] {processor.py:153} INFO - Started process (PID=2328) to work on /home/airflow/.local/lib/python3.7/site-packages/airflow/example_dags/example_sensors.py
[2023-03-09T16:41:32.725+0000] {processor.py:743} INFO - Processing file /home/airflow/.local/lib/python3.7/site-packages/airflow/example_dags/example_sensors.py for tasks to queue
[2023-03-09T16:41:32.727+0000] {logging_mixin.py:137} INFO - [2023-03-09T16:41:32.727+0000] {dagbag.py:538} INFO - Filling up the DagBag from /home/airflow/.local/lib/python3.7/site-packages/airflow/example_dags/example_sensors.py
[2023-03-09T16:41:32.755+0000] {processor.py:753} INFO - DAG(s) dict_keys(['example_sensors']) retrieved from /home/airflow/.local/lib/python3.7/site-packages/airflow/example_dags/example_sensors.py
[2023-03-09T16:41:32.808+0000] {logging_mixin.py:137} INFO - [2023-03-09T16:41:32.808+0000] {dag.py:2690} INFO - Sync 1 DAGs
[2023-03-09T16:41:32.843+0000] {logging_mixin.py:137} INFO - [2023-03-09T16:41:32.843+0000] {dag.py:3441} INFO - Setting next_dagrun for example_sensors to None, run_after=None
[2023-03-09T16:41:32.871+0000] {processor.py:175} INFO - Processing /home/airflow/.local/lib/python3.7/site-packages/airflow/example_dags/example_sensors.py took 0.154 seconds
[2023-03-09T16:42:03.669+0000] {processor.py:153} INFO - Started process (PID=2401) to work on /home/airflow/.local/lib/python3.7/site-packages/airflow/example_dags/example_sensors.py
[2023-03-09T16:42:03.671+0000] {processor.py:743} INFO - Processing file /home/airflow/.local/lib/python3.7/site-packages/airflow/example_dags/example_sensors.py for tasks to queue
[2023-03-09T16:42:03.673+0000] {logging_mixin.py:137} INFO - [2023-03-09T16:42:03.673+0000] {dagbag.py:538} INFO - Filling up the DagBag from /home/airflow/.local/lib/python3.7/site-packages/airflow/example_dags/example_sensors.py
[2023-03-09T16:42:03.700+0000] {processor.py:753} INFO - DAG(s) dict_keys(['example_sensors']) retrieved from /home/airflow/.local/lib/python3.7/site-packages/airflow/example_dags/example_sensors.py
[2023-03-09T16:42:03.740+0000] {logging_mixin.py:137} INFO - [2023-03-09T16:42:03.740+0000] {dag.py:2690} INFO - Sync 1 DAGs
[2023-03-09T16:42:03.780+0000] {logging_mixin.py:137} INFO - [2023-03-09T16:42:03.780+0000] {dag.py:3441} INFO - Setting next_dagrun for example_sensors to None, run_after=None
[2023-03-09T16:42:03.810+0000] {processor.py:175} INFO - Processing /home/airflow/.local/lib/python3.7/site-packages/airflow/example_dags/example_sensors.py took 0.146 seconds
[2023-03-09T16:42:35.155+0000] {processor.py:153} INFO - Started process (PID=2485) to work on /home/airflow/.local/lib/python3.7/site-packages/airflow/example_dags/example_sensors.py
[2023-03-09T16:42:35.158+0000] {processor.py:743} INFO - Processing file /home/airflow/.local/lib/python3.7/site-packages/airflow/example_dags/example_sensors.py for tasks to queue
[2023-03-09T16:42:35.159+0000] {logging_mixin.py:137} INFO - [2023-03-09T16:42:35.159+0000] {dagbag.py:538} INFO - Filling up the DagBag from /home/airflow/.local/lib/python3.7/site-packages/airflow/example_dags/example_sensors.py
[2023-03-09T16:42:35.190+0000] {processor.py:753} INFO - DAG(s) dict_keys(['example_sensors']) retrieved from /home/airflow/.local/lib/python3.7/site-packages/airflow/example_dags/example_sensors.py
[2023-03-09T16:42:35.240+0000] {logging_mixin.py:137} INFO - [2023-03-09T16:42:35.239+0000] {dag.py:2690} INFO - Sync 1 DAGs
[2023-03-09T16:42:35.275+0000] {logging_mixin.py:137} INFO - [2023-03-09T16:42:35.275+0000] {dag.py:3441} INFO - Setting next_dagrun for example_sensors to None, run_after=None
[2023-03-09T16:42:35.303+0000] {processor.py:175} INFO - Processing /home/airflow/.local/lib/python3.7/site-packages/airflow/example_dags/example_sensors.py took 0.153 seconds
[2023-03-09T16:43:07.138+0000] {processor.py:153} INFO - Started process (PID=2560) to work on /home/airflow/.local/lib/python3.7/site-packages/airflow/example_dags/example_sensors.py
[2023-03-09T16:43:07.141+0000] {processor.py:743} INFO - Processing file /home/airflow/.local/lib/python3.7/site-packages/airflow/example_dags/example_sensors.py for tasks to queue
[2023-03-09T16:43:07.143+0000] {logging_mixin.py:137} INFO - [2023-03-09T16:43:07.143+0000] {dagbag.py:538} INFO - Filling up the DagBag from /home/airflow/.local/lib/python3.7/site-packages/airflow/example_dags/example_sensors.py
[2023-03-09T16:43:07.170+0000] {processor.py:753} INFO - DAG(s) dict_keys(['example_sensors']) retrieved from /home/airflow/.local/lib/python3.7/site-packages/airflow/example_dags/example_sensors.py
[2023-03-09T16:43:07.218+0000] {logging_mixin.py:137} INFO - [2023-03-09T16:43:07.218+0000] {dag.py:2690} INFO - Sync 1 DAGs
[2023-03-09T16:43:07.256+0000] {logging_mixin.py:137} INFO - [2023-03-09T16:43:07.256+0000] {dag.py:3441} INFO - Setting next_dagrun for example_sensors to None, run_after=None
[2023-03-09T16:43:07.284+0000] {processor.py:175} INFO - Processing /home/airflow/.local/lib/python3.7/site-packages/airflow/example_dags/example_sensors.py took 0.151 seconds
[2023-03-09T16:43:39.971+0000] {processor.py:153} INFO - Started process (PID=2646) to work on /home/airflow/.local/lib/python3.7/site-packages/airflow/example_dags/example_sensors.py
[2023-03-09T16:43:39.975+0000] {processor.py:743} INFO - Processing file /home/airflow/.local/lib/python3.7/site-packages/airflow/example_dags/example_sensors.py for tasks to queue
[2023-03-09T16:43:39.979+0000] {logging_mixin.py:137} INFO - [2023-03-09T16:43:39.978+0000] {dagbag.py:538} INFO - Filling up the DagBag from /home/airflow/.local/lib/python3.7/site-packages/airflow/example_dags/example_sensors.py
[2023-03-09T16:43:40.019+0000] {processor.py:753} INFO - DAG(s) dict_keys(['example_sensors']) retrieved from /home/airflow/.local/lib/python3.7/site-packages/airflow/example_dags/example_sensors.py
[2023-03-09T16:43:40.074+0000] {logging_mixin.py:137} INFO - [2023-03-09T16:43:40.074+0000] {dag.py:2690} INFO - Sync 1 DAGs
[2023-03-09T16:43:40.121+0000] {logging_mixin.py:137} INFO - [2023-03-09T16:43:40.121+0000] {dag.py:3441} INFO - Setting next_dagrun for example_sensors to None, run_after=None
[2023-03-09T16:43:40.155+0000] {processor.py:175} INFO - Processing /home/airflow/.local/lib/python3.7/site-packages/airflow/example_dags/example_sensors.py took 0.190 seconds
[2023-03-09T16:44:10.878+0000] {processor.py:153} INFO - Started process (PID=2717) to work on /home/airflow/.local/lib/python3.7/site-packages/airflow/example_dags/example_sensors.py
[2023-03-09T16:44:10.882+0000] {processor.py:743} INFO - Processing file /home/airflow/.local/lib/python3.7/site-packages/airflow/example_dags/example_sensors.py for tasks to queue
[2023-03-09T16:44:10.885+0000] {logging_mixin.py:137} INFO - [2023-03-09T16:44:10.885+0000] {dagbag.py:538} INFO - Filling up the DagBag from /home/airflow/.local/lib/python3.7/site-packages/airflow/example_dags/example_sensors.py
[2023-03-09T16:44:10.924+0000] {processor.py:753} INFO - DAG(s) dict_keys(['example_sensors']) retrieved from /home/airflow/.local/lib/python3.7/site-packages/airflow/example_dags/example_sensors.py
[2023-03-09T16:44:10.970+0000] {logging_mixin.py:137} INFO - [2023-03-09T16:44:10.970+0000] {dag.py:2690} INFO - Sync 1 DAGs
[2023-03-09T16:44:11.019+0000] {logging_mixin.py:137} INFO - [2023-03-09T16:44:11.018+0000] {dag.py:3441} INFO - Setting next_dagrun for example_sensors to None, run_after=None
[2023-03-09T16:44:11.051+0000] {processor.py:175} INFO - Processing /home/airflow/.local/lib/python3.7/site-packages/airflow/example_dags/example_sensors.py took 0.180 seconds
[2023-03-09T16:44:43.632+0000] {processor.py:153} INFO - Started process (PID=2807) to work on /home/airflow/.local/lib/python3.7/site-packages/airflow/example_dags/example_sensors.py
[2023-03-09T16:44:43.635+0000] {processor.py:743} INFO - Processing file /home/airflow/.local/lib/python3.7/site-packages/airflow/example_dags/example_sensors.py for tasks to queue
[2023-03-09T16:44:43.639+0000] {logging_mixin.py:137} INFO - [2023-03-09T16:44:43.638+0000] {dagbag.py:538} INFO - Filling up the DagBag from /home/airflow/.local/lib/python3.7/site-packages/airflow/example_dags/example_sensors.py
[2023-03-09T16:44:43.697+0000] {processor.py:753} INFO - DAG(s) dict_keys(['example_sensors']) retrieved from /home/airflow/.local/lib/python3.7/site-packages/airflow/example_dags/example_sensors.py
[2023-03-09T16:44:43.785+0000] {logging_mixin.py:137} INFO - [2023-03-09T16:44:43.781+0000] {dag.py:2690} INFO - Sync 1 DAGs
[2023-03-09T16:44:43.909+0000] {logging_mixin.py:137} INFO - [2023-03-09T16:44:43.908+0000] {dag.py:3441} INFO - Setting next_dagrun for example_sensors to None, run_after=None
[2023-03-09T16:44:43.970+0000] {processor.py:175} INFO - Processing /home/airflow/.local/lib/python3.7/site-packages/airflow/example_dags/example_sensors.py took 0.346 seconds
[2023-03-09T16:45:14.851+0000] {processor.py:153} INFO - Started process (PID=2880) to work on /home/airflow/.local/lib/python3.7/site-packages/airflow/example_dags/example_sensors.py
[2023-03-09T16:45:14.854+0000] {processor.py:743} INFO - Processing file /home/airflow/.local/lib/python3.7/site-packages/airflow/example_dags/example_sensors.py for tasks to queue
[2023-03-09T16:45:14.858+0000] {logging_mixin.py:137} INFO - [2023-03-09T16:45:14.857+0000] {dagbag.py:538} INFO - Filling up the DagBag from /home/airflow/.local/lib/python3.7/site-packages/airflow/example_dags/example_sensors.py
[2023-03-09T16:45:14.895+0000] {processor.py:753} INFO - DAG(s) dict_keys(['example_sensors']) retrieved from /home/airflow/.local/lib/python3.7/site-packages/airflow/example_dags/example_sensors.py
[2023-03-09T16:45:14.998+0000] {logging_mixin.py:137} INFO - [2023-03-09T16:45:14.998+0000] {dag.py:2690} INFO - Sync 1 DAGs
[2023-03-09T16:45:15.064+0000] {logging_mixin.py:137} INFO - [2023-03-09T16:45:15.064+0000] {dag.py:3441} INFO - Setting next_dagrun for example_sensors to None, run_after=None
[2023-03-09T16:45:15.103+0000] {processor.py:175} INFO - Processing /home/airflow/.local/lib/python3.7/site-packages/airflow/example_dags/example_sensors.py took 0.259 seconds
[2023-03-09T16:45:46.285+0000] {processor.py:153} INFO - Started process (PID=2952) to work on /home/airflow/.local/lib/python3.7/site-packages/airflow/example_dags/example_sensors.py
[2023-03-09T16:45:46.288+0000] {processor.py:743} INFO - Processing file /home/airflow/.local/lib/python3.7/site-packages/airflow/example_dags/example_sensors.py for tasks to queue
[2023-03-09T16:45:46.292+0000] {logging_mixin.py:137} INFO - [2023-03-09T16:45:46.292+0000] {dagbag.py:538} INFO - Filling up the DagBag from /home/airflow/.local/lib/python3.7/site-packages/airflow/example_dags/example_sensors.py
[2023-03-09T16:45:46.332+0000] {processor.py:753} INFO - DAG(s) dict_keys(['example_sensors']) retrieved from /home/airflow/.local/lib/python3.7/site-packages/airflow/example_dags/example_sensors.py
[2023-03-09T16:45:46.391+0000] {logging_mixin.py:137} INFO - [2023-03-09T16:45:46.391+0000] {dag.py:2690} INFO - Sync 1 DAGs
[2023-03-09T16:45:46.444+0000] {logging_mixin.py:137} INFO - [2023-03-09T16:45:46.444+0000] {dag.py:3441} INFO - Setting next_dagrun for example_sensors to None, run_after=None
[2023-03-09T16:45:46.517+0000] {processor.py:175} INFO - Processing /home/airflow/.local/lib/python3.7/site-packages/airflow/example_dags/example_sensors.py took 0.240 seconds
[2023-03-09T16:46:16.993+0000] {processor.py:153} INFO - Started process (PID=3035) to work on /home/airflow/.local/lib/python3.7/site-packages/airflow/example_dags/example_sensors.py
[2023-03-09T16:46:16.995+0000] {processor.py:743} INFO - Processing file /home/airflow/.local/lib/python3.7/site-packages/airflow/example_dags/example_sensors.py for tasks to queue
[2023-03-09T16:46:16.997+0000] {logging_mixin.py:137} INFO - [2023-03-09T16:46:16.997+0000] {dagbag.py:538} INFO - Filling up the DagBag from /home/airflow/.local/lib/python3.7/site-packages/airflow/example_dags/example_sensors.py
[2023-03-09T16:46:17.029+0000] {processor.py:753} INFO - DAG(s) dict_keys(['example_sensors']) retrieved from /home/airflow/.local/lib/python3.7/site-packages/airflow/example_dags/example_sensors.py
[2023-03-09T16:46:17.075+0000] {logging_mixin.py:137} INFO - [2023-03-09T16:46:17.075+0000] {dag.py:2690} INFO - Sync 1 DAGs
[2023-03-09T16:46:17.115+0000] {logging_mixin.py:137} INFO - [2023-03-09T16:46:17.115+0000] {dag.py:3441} INFO - Setting next_dagrun for example_sensors to None, run_after=None
[2023-03-09T16:46:17.143+0000] {processor.py:175} INFO - Processing /home/airflow/.local/lib/python3.7/site-packages/airflow/example_dags/example_sensors.py took 0.156 seconds
[2023-03-09T16:46:47.531+0000] {processor.py:153} INFO - Started process (PID=3107) to work on /home/airflow/.local/lib/python3.7/site-packages/airflow/example_dags/example_sensors.py
[2023-03-09T16:46:47.534+0000] {processor.py:743} INFO - Processing file /home/airflow/.local/lib/python3.7/site-packages/airflow/example_dags/example_sensors.py for tasks to queue
[2023-03-09T16:46:47.535+0000] {logging_mixin.py:137} INFO - [2023-03-09T16:46:47.535+0000] {dagbag.py:538} INFO - Filling up the DagBag from /home/airflow/.local/lib/python3.7/site-packages/airflow/example_dags/example_sensors.py
[2023-03-09T16:46:47.561+0000] {processor.py:753} INFO - DAG(s) dict_keys(['example_sensors']) retrieved from /home/airflow/.local/lib/python3.7/site-packages/airflow/example_dags/example_sensors.py
[2023-03-09T16:46:47.602+0000] {logging_mixin.py:137} INFO - [2023-03-09T16:46:47.602+0000] {dag.py:2690} INFO - Sync 1 DAGs
[2023-03-09T16:46:47.634+0000] {logging_mixin.py:137} INFO - [2023-03-09T16:46:47.634+0000] {dag.py:3441} INFO - Setting next_dagrun for example_sensors to None, run_after=None
[2023-03-09T16:46:47.664+0000] {processor.py:175} INFO - Processing /home/airflow/.local/lib/python3.7/site-packages/airflow/example_dags/example_sensors.py took 0.138 seconds
[2023-03-09T16:47:18.332+0000] {processor.py:153} INFO - Started process (PID=3179) to work on /home/airflow/.local/lib/python3.7/site-packages/airflow/example_dags/example_sensors.py
[2023-03-09T16:47:18.335+0000] {processor.py:743} INFO - Processing file /home/airflow/.local/lib/python3.7/site-packages/airflow/example_dags/example_sensors.py for tasks to queue
[2023-03-09T16:47:18.336+0000] {logging_mixin.py:137} INFO - [2023-03-09T16:47:18.336+0000] {dagbag.py:538} INFO - Filling up the DagBag from /home/airflow/.local/lib/python3.7/site-packages/airflow/example_dags/example_sensors.py
[2023-03-09T16:47:18.362+0000] {processor.py:753} INFO - DAG(s) dict_keys(['example_sensors']) retrieved from /home/airflow/.local/lib/python3.7/site-packages/airflow/example_dags/example_sensors.py
[2023-03-09T16:47:18.398+0000] {logging_mixin.py:137} INFO - [2023-03-09T16:47:18.398+0000] {dag.py:2690} INFO - Sync 1 DAGs
[2023-03-09T16:47:18.430+0000] {logging_mixin.py:137} INFO - [2023-03-09T16:47:18.430+0000] {dag.py:3441} INFO - Setting next_dagrun for example_sensors to None, run_after=None
[2023-03-09T16:47:18.456+0000] {processor.py:175} INFO - Processing /home/airflow/.local/lib/python3.7/site-packages/airflow/example_dags/example_sensors.py took 0.130 seconds
[2023-03-09T16:47:48.984+0000] {processor.py:153} INFO - Started process (PID=3264) to work on /home/airflow/.local/lib/python3.7/site-packages/airflow/example_dags/example_sensors.py
[2023-03-09T16:47:48.987+0000] {processor.py:743} INFO - Processing file /home/airflow/.local/lib/python3.7/site-packages/airflow/example_dags/example_sensors.py for tasks to queue
[2023-03-09T16:47:48.988+0000] {logging_mixin.py:137} INFO - [2023-03-09T16:47:48.988+0000] {dagbag.py:538} INFO - Filling up the DagBag from /home/airflow/.local/lib/python3.7/site-packages/airflow/example_dags/example_sensors.py
[2023-03-09T16:47:49.016+0000] {processor.py:753} INFO - DAG(s) dict_keys(['example_sensors']) retrieved from /home/airflow/.local/lib/python3.7/site-packages/airflow/example_dags/example_sensors.py
[2023-03-09T16:47:49.057+0000] {logging_mixin.py:137} INFO - [2023-03-09T16:47:49.056+0000] {dag.py:2690} INFO - Sync 1 DAGs
[2023-03-09T16:47:49.090+0000] {logging_mixin.py:137} INFO - [2023-03-09T16:47:49.090+0000] {dag.py:3441} INFO - Setting next_dagrun for example_sensors to None, run_after=None
[2023-03-09T16:47:49.116+0000] {processor.py:175} INFO - Processing /home/airflow/.local/lib/python3.7/site-packages/airflow/example_dags/example_sensors.py took 0.137 seconds
[2023-03-09T16:48:19.235+0000] {processor.py:153} INFO - Started process (PID=3337) to work on /home/airflow/.local/lib/python3.7/site-packages/airflow/example_dags/example_sensors.py
[2023-03-09T16:48:19.237+0000] {processor.py:743} INFO - Processing file /home/airflow/.local/lib/python3.7/site-packages/airflow/example_dags/example_sensors.py for tasks to queue
[2023-03-09T16:48:19.239+0000] {logging_mixin.py:137} INFO - [2023-03-09T16:48:19.239+0000] {dagbag.py:538} INFO - Filling up the DagBag from /home/airflow/.local/lib/python3.7/site-packages/airflow/example_dags/example_sensors.py
[2023-03-09T16:48:19.267+0000] {processor.py:753} INFO - DAG(s) dict_keys(['example_sensors']) retrieved from /home/airflow/.local/lib/python3.7/site-packages/airflow/example_dags/example_sensors.py
[2023-03-09T16:48:19.309+0000] {logging_mixin.py:137} INFO - [2023-03-09T16:48:19.308+0000] {dag.py:2690} INFO - Sync 1 DAGs
[2023-03-09T16:48:19.346+0000] {logging_mixin.py:137} INFO - [2023-03-09T16:48:19.346+0000] {dag.py:3441} INFO - Setting next_dagrun for example_sensors to None, run_after=None
[2023-03-09T16:48:19.372+0000] {processor.py:175} INFO - Processing /home/airflow/.local/lib/python3.7/site-packages/airflow/example_dags/example_sensors.py took 0.143 seconds
[2023-03-09T16:48:49.981+0000] {processor.py:153} INFO - Started process (PID=3422) to work on /home/airflow/.local/lib/python3.7/site-packages/airflow/example_dags/example_sensors.py
[2023-03-09T16:48:49.983+0000] {processor.py:743} INFO - Processing file /home/airflow/.local/lib/python3.7/site-packages/airflow/example_dags/example_sensors.py for tasks to queue
[2023-03-09T16:48:49.986+0000] {logging_mixin.py:137} INFO - [2023-03-09T16:48:49.986+0000] {dagbag.py:538} INFO - Filling up the DagBag from /home/airflow/.local/lib/python3.7/site-packages/airflow/example_dags/example_sensors.py
[2023-03-09T16:48:50.015+0000] {processor.py:753} INFO - DAG(s) dict_keys(['example_sensors']) retrieved from /home/airflow/.local/lib/python3.7/site-packages/airflow/example_dags/example_sensors.py
[2023-03-09T16:48:50.055+0000] {logging_mixin.py:137} INFO - [2023-03-09T16:48:50.055+0000] {dag.py:2690} INFO - Sync 1 DAGs
[2023-03-09T16:48:50.086+0000] {logging_mixin.py:137} INFO - [2023-03-09T16:48:50.086+0000] {dag.py:3441} INFO - Setting next_dagrun for example_sensors to None, run_after=None
[2023-03-09T16:48:50.112+0000] {processor.py:175} INFO - Processing /home/airflow/.local/lib/python3.7/site-packages/airflow/example_dags/example_sensors.py took 0.136 seconds
[2023-03-09T16:49:20.375+0000] {processor.py:153} INFO - Started process (PID=3495) to work on /home/airflow/.local/lib/python3.7/site-packages/airflow/example_dags/example_sensors.py
[2023-03-09T16:49:20.377+0000] {processor.py:743} INFO - Processing file /home/airflow/.local/lib/python3.7/site-packages/airflow/example_dags/example_sensors.py for tasks to queue
[2023-03-09T16:49:20.379+0000] {logging_mixin.py:137} INFO - [2023-03-09T16:49:20.379+0000] {dagbag.py:538} INFO - Filling up the DagBag from /home/airflow/.local/lib/python3.7/site-packages/airflow/example_dags/example_sensors.py
[2023-03-09T16:49:20.404+0000] {processor.py:753} INFO - DAG(s) dict_keys(['example_sensors']) retrieved from /home/airflow/.local/lib/python3.7/site-packages/airflow/example_dags/example_sensors.py
[2023-03-09T16:49:20.444+0000] {logging_mixin.py:137} INFO - [2023-03-09T16:49:20.444+0000] {dag.py:2690} INFO - Sync 1 DAGs
[2023-03-09T16:49:20.479+0000] {logging_mixin.py:137} INFO - [2023-03-09T16:49:20.479+0000] {dag.py:3441} INFO - Setting next_dagrun for example_sensors to None, run_after=None
[2023-03-09T16:49:20.508+0000] {processor.py:175} INFO - Processing /home/airflow/.local/lib/python3.7/site-packages/airflow/example_dags/example_sensors.py took 0.136 seconds
[2023-03-09T16:49:50.696+0000] {processor.py:153} INFO - Started process (PID=3577) to work on /home/airflow/.local/lib/python3.7/site-packages/airflow/example_dags/example_sensors.py
[2023-03-09T16:49:50.699+0000] {processor.py:743} INFO - Processing file /home/airflow/.local/lib/python3.7/site-packages/airflow/example_dags/example_sensors.py for tasks to queue
[2023-03-09T16:49:50.701+0000] {logging_mixin.py:137} INFO - [2023-03-09T16:49:50.701+0000] {dagbag.py:538} INFO - Filling up the DagBag from /home/airflow/.local/lib/python3.7/site-packages/airflow/example_dags/example_sensors.py
[2023-03-09T16:49:50.730+0000] {processor.py:753} INFO - DAG(s) dict_keys(['example_sensors']) retrieved from /home/airflow/.local/lib/python3.7/site-packages/airflow/example_dags/example_sensors.py
[2023-03-09T16:49:50.770+0000] {logging_mixin.py:137} INFO - [2023-03-09T16:49:50.769+0000] {dag.py:2690} INFO - Sync 1 DAGs
[2023-03-09T16:49:50.804+0000] {logging_mixin.py:137} INFO - [2023-03-09T16:49:50.804+0000] {dag.py:3441} INFO - Setting next_dagrun for example_sensors to None, run_after=None
[2023-03-09T16:49:50.831+0000] {processor.py:175} INFO - Processing /home/airflow/.local/lib/python3.7/site-packages/airflow/example_dags/example_sensors.py took 0.144 seconds
