[2023-03-09T01:14:32.933+0000] {processor.py:153} INFO - Started process (PID=88) to work on /home/airflow/.local/lib/python3.7/site-packages/airflow/example_dags/example_subdag_operator.py
[2023-03-09T01:14:32.939+0000] {processor.py:743} INFO - Processing file /home/airflow/.local/lib/python3.7/site-packages/airflow/example_dags/example_subdag_operator.py for tasks to queue
[2023-03-09T01:14:32.947+0000] {logging_mixin.py:137} INFO - [2023-03-09T01:14:32.946+0000] {dagbag.py:538} INFO - Filling up the DagBag from /home/airflow/.local/lib/python3.7/site-packages/airflow/example_dags/example_subdag_operator.py
[2023-03-09T01:14:33.095+0000] {processor.py:753} INFO - DAG(s) dict_keys(['example_subdag_operator.section-1', 'example_subdag_operator.section-2', 'example_subdag_operator']) retrieved from /home/airflow/.local/lib/python3.7/site-packages/airflow/example_dags/example_subdag_operator.py
[2023-03-09T01:14:33.189+0000] {logging_mixin.py:137} INFO - [2023-03-09T01:14:33.189+0000] {dag.py:2690} INFO - Sync 3 DAGs
[2023-03-09T01:14:33.301+0000] {logging_mixin.py:137} INFO - [2023-03-09T01:14:33.301+0000] {dag.py:3441} INFO - Setting next_dagrun for example_subdag_operator to 2022-01-01T00:00:00+00:00, run_after=2022-01-01T00:00:00+00:00
[2023-03-09T01:14:33.329+0000] {logging_mixin.py:137} INFO - [2023-03-09T01:14:33.329+0000] {dag.py:3441} INFO - Setting next_dagrun for example_subdag_operator.section-1 to None, run_after=None
[2023-03-09T01:14:33.335+0000] {logging_mixin.py:137} INFO - [2023-03-09T01:14:33.335+0000] {dag.py:3441} INFO - Setting next_dagrun for example_subdag_operator.section-2 to None, run_after=None
[2023-03-09T01:14:33.364+0000] {logging_mixin.py:137} INFO - [2023-03-09T01:14:33.364+0000] {dag.py:2690} INFO - Sync 2 DAGs
[2023-03-09T01:14:33.384+0000] {logging_mixin.py:137} INFO - [2023-03-09T01:14:33.384+0000] {dag.py:3441} INFO - Setting next_dagrun for example_subdag_operator.section-1 to None, run_after=None
[2023-03-09T01:14:33.387+0000] {logging_mixin.py:137} INFO - [2023-03-09T01:14:33.386+0000] {dag.py:3441} INFO - Setting next_dagrun for example_subdag_operator.section-2 to None, run_after=None
[2023-03-09T01:14:33.422+0000] {processor.py:175} INFO - Processing /home/airflow/.local/lib/python3.7/site-packages/airflow/example_dags/example_subdag_operator.py took 0.531 seconds
[2023-03-09T01:15:03.820+0000] {processor.py:153} INFO - Started process (PID=159) to work on /home/airflow/.local/lib/python3.7/site-packages/airflow/example_dags/example_subdag_operator.py
[2023-03-09T01:15:03.828+0000] {processor.py:743} INFO - Processing file /home/airflow/.local/lib/python3.7/site-packages/airflow/example_dags/example_subdag_operator.py for tasks to queue
[2023-03-09T01:15:03.833+0000] {logging_mixin.py:137} INFO - [2023-03-09T01:15:03.833+0000] {dagbag.py:538} INFO - Filling up the DagBag from /home/airflow/.local/lib/python3.7/site-packages/airflow/example_dags/example_subdag_operator.py
[2023-03-09T01:15:03.928+0000] {processor.py:753} INFO - DAG(s) dict_keys(['example_subdag_operator.section-1', 'example_subdag_operator.section-2', 'example_subdag_operator']) retrieved from /home/airflow/.local/lib/python3.7/site-packages/airflow/example_dags/example_subdag_operator.py
[2023-03-09T01:15:03.975+0000] {logging_mixin.py:137} INFO - [2023-03-09T01:15:03.974+0000] {dag.py:2690} INFO - Sync 3 DAGs
[2023-03-09T01:15:04.027+0000] {logging_mixin.py:137} INFO - [2023-03-09T01:15:04.026+0000] {dag.py:3441} INFO - Setting next_dagrun for example_subdag_operator to 2022-01-01T00:00:00+00:00, run_after=2022-01-01T00:00:00+00:00
[2023-03-09T01:15:04.038+0000] {logging_mixin.py:137} INFO - [2023-03-09T01:15:04.038+0000] {dag.py:3441} INFO - Setting next_dagrun for example_subdag_operator.section-1 to None, run_after=None
[2023-03-09T01:15:04.042+0000] {logging_mixin.py:137} INFO - [2023-03-09T01:15:04.042+0000] {dag.py:3441} INFO - Setting next_dagrun for example_subdag_operator.section-2 to None, run_after=None
[2023-03-09T01:15:04.059+0000] {logging_mixin.py:137} INFO - [2023-03-09T01:15:04.058+0000] {dag.py:2690} INFO - Sync 2 DAGs
[2023-03-09T01:15:04.079+0000] {logging_mixin.py:137} INFO - [2023-03-09T01:15:04.078+0000] {dag.py:3441} INFO - Setting next_dagrun for example_subdag_operator.section-1 to None, run_after=None
[2023-03-09T01:15:04.082+0000] {logging_mixin.py:137} INFO - [2023-03-09T01:15:04.081+0000] {dag.py:3441} INFO - Setting next_dagrun for example_subdag_operator.section-2 to None, run_after=None
[2023-03-09T01:15:04.112+0000] {processor.py:175} INFO - Processing /home/airflow/.local/lib/python3.7/site-packages/airflow/example_dags/example_subdag_operator.py took 0.300 seconds
[2023-03-09T01:15:34.785+0000] {processor.py:153} INFO - Started process (PID=243) to work on /home/airflow/.local/lib/python3.7/site-packages/airflow/example_dags/example_subdag_operator.py
[2023-03-09T01:15:34.787+0000] {processor.py:743} INFO - Processing file /home/airflow/.local/lib/python3.7/site-packages/airflow/example_dags/example_subdag_operator.py for tasks to queue
[2023-03-09T01:15:34.790+0000] {logging_mixin.py:137} INFO - [2023-03-09T01:15:34.790+0000] {dagbag.py:538} INFO - Filling up the DagBag from /home/airflow/.local/lib/python3.7/site-packages/airflow/example_dags/example_subdag_operator.py
[2023-03-09T01:15:34.870+0000] {processor.py:753} INFO - DAG(s) dict_keys(['example_subdag_operator.section-1', 'example_subdag_operator.section-2', 'example_subdag_operator']) retrieved from /home/airflow/.local/lib/python3.7/site-packages/airflow/example_dags/example_subdag_operator.py
[2023-03-09T01:15:34.921+0000] {logging_mixin.py:137} INFO - [2023-03-09T01:15:34.921+0000] {dag.py:2690} INFO - Sync 3 DAGs
[2023-03-09T01:15:34.965+0000] {logging_mixin.py:137} INFO - [2023-03-09T01:15:34.964+0000] {dag.py:3441} INFO - Setting next_dagrun for example_subdag_operator to 2022-01-01T00:00:00+00:00, run_after=2022-01-01T00:00:00+00:00
[2023-03-09T01:15:34.973+0000] {logging_mixin.py:137} INFO - [2023-03-09T01:15:34.973+0000] {dag.py:3441} INFO - Setting next_dagrun for example_subdag_operator.section-1 to None, run_after=None
[2023-03-09T01:15:34.978+0000] {logging_mixin.py:137} INFO - [2023-03-09T01:15:34.978+0000] {dag.py:3441} INFO - Setting next_dagrun for example_subdag_operator.section-2 to None, run_after=None
[2023-03-09T01:15:34.993+0000] {logging_mixin.py:137} INFO - [2023-03-09T01:15:34.993+0000] {dag.py:2690} INFO - Sync 2 DAGs
[2023-03-09T01:15:35.004+0000] {logging_mixin.py:137} INFO - [2023-03-09T01:15:35.004+0000] {dag.py:3441} INFO - Setting next_dagrun for example_subdag_operator.section-1 to None, run_after=None
[2023-03-09T01:15:35.005+0000] {logging_mixin.py:137} INFO - [2023-03-09T01:15:35.005+0000] {dag.py:3441} INFO - Setting next_dagrun for example_subdag_operator.section-2 to None, run_after=None
[2023-03-09T01:15:35.031+0000] {processor.py:175} INFO - Processing /home/airflow/.local/lib/python3.7/site-packages/airflow/example_dags/example_subdag_operator.py took 0.253 seconds
[2023-03-09T01:16:05.400+0000] {processor.py:153} INFO - Started process (PID=316) to work on /home/airflow/.local/lib/python3.7/site-packages/airflow/example_dags/example_subdag_operator.py
[2023-03-09T01:16:05.407+0000] {processor.py:743} INFO - Processing file /home/airflow/.local/lib/python3.7/site-packages/airflow/example_dags/example_subdag_operator.py for tasks to queue
[2023-03-09T01:16:05.410+0000] {logging_mixin.py:137} INFO - [2023-03-09T01:16:05.410+0000] {dagbag.py:538} INFO - Filling up the DagBag from /home/airflow/.local/lib/python3.7/site-packages/airflow/example_dags/example_subdag_operator.py
[2023-03-09T01:16:05.479+0000] {processor.py:753} INFO - DAG(s) dict_keys(['example_subdag_operator.section-1', 'example_subdag_operator.section-2', 'example_subdag_operator']) retrieved from /home/airflow/.local/lib/python3.7/site-packages/airflow/example_dags/example_subdag_operator.py
[2023-03-09T01:16:05.515+0000] {logging_mixin.py:137} INFO - [2023-03-09T01:16:05.515+0000] {dag.py:2690} INFO - Sync 3 DAGs
[2023-03-09T01:16:05.562+0000] {logging_mixin.py:137} INFO - [2023-03-09T01:16:05.561+0000] {dag.py:3441} INFO - Setting next_dagrun for example_subdag_operator to 2022-01-01T00:00:00+00:00, run_after=2022-01-01T00:00:00+00:00
[2023-03-09T01:16:05.570+0000] {logging_mixin.py:137} INFO - [2023-03-09T01:16:05.570+0000] {dag.py:3441} INFO - Setting next_dagrun for example_subdag_operator.section-1 to None, run_after=None
[2023-03-09T01:16:05.575+0000] {logging_mixin.py:137} INFO - [2023-03-09T01:16:05.575+0000] {dag.py:3441} INFO - Setting next_dagrun for example_subdag_operator.section-2 to None, run_after=None
[2023-03-09T01:16:05.594+0000] {logging_mixin.py:137} INFO - [2023-03-09T01:16:05.594+0000] {dag.py:2690} INFO - Sync 2 DAGs
[2023-03-09T01:16:05.605+0000] {logging_mixin.py:137} INFO - [2023-03-09T01:16:05.605+0000] {dag.py:3441} INFO - Setting next_dagrun for example_subdag_operator.section-1 to None, run_after=None
[2023-03-09T01:16:05.609+0000] {logging_mixin.py:137} INFO - [2023-03-09T01:16:05.608+0000] {dag.py:3441} INFO - Setting next_dagrun for example_subdag_operator.section-2 to None, run_after=None
[2023-03-09T01:16:05.640+0000] {processor.py:175} INFO - Processing /home/airflow/.local/lib/python3.7/site-packages/airflow/example_dags/example_subdag_operator.py took 0.246 seconds
[2023-03-09T01:16:36.881+0000] {processor.py:153} INFO - Started process (PID=389) to work on /home/airflow/.local/lib/python3.7/site-packages/airflow/example_dags/example_subdag_operator.py
[2023-03-09T01:16:36.885+0000] {processor.py:743} INFO - Processing file /home/airflow/.local/lib/python3.7/site-packages/airflow/example_dags/example_subdag_operator.py for tasks to queue
[2023-03-09T01:16:36.891+0000] {logging_mixin.py:137} INFO - [2023-03-09T01:16:36.890+0000] {dagbag.py:538} INFO - Filling up the DagBag from /home/airflow/.local/lib/python3.7/site-packages/airflow/example_dags/example_subdag_operator.py
[2023-03-09T01:16:36.970+0000] {processor.py:753} INFO - DAG(s) dict_keys(['example_subdag_operator.section-1', 'example_subdag_operator.section-2', 'example_subdag_operator']) retrieved from /home/airflow/.local/lib/python3.7/site-packages/airflow/example_dags/example_subdag_operator.py
[2023-03-09T01:16:37.022+0000] {logging_mixin.py:137} INFO - [2023-03-09T01:16:37.022+0000] {dag.py:2690} INFO - Sync 3 DAGs
[2023-03-09T01:16:37.112+0000] {logging_mixin.py:137} INFO - [2023-03-09T01:16:37.112+0000] {dag.py:3441} INFO - Setting next_dagrun for example_subdag_operator to 2022-01-01T00:00:00+00:00, run_after=2022-01-01T00:00:00+00:00
[2023-03-09T01:16:37.128+0000] {logging_mixin.py:137} INFO - [2023-03-09T01:16:37.128+0000] {dag.py:3441} INFO - Setting next_dagrun for example_subdag_operator.section-1 to None, run_after=None
[2023-03-09T01:16:37.143+0000] {logging_mixin.py:137} INFO - [2023-03-09T01:16:37.143+0000] {dag.py:3441} INFO - Setting next_dagrun for example_subdag_operator.section-2 to None, run_after=None
[2023-03-09T01:16:37.170+0000] {logging_mixin.py:137} INFO - [2023-03-09T01:16:37.170+0000] {dag.py:2690} INFO - Sync 2 DAGs
[2023-03-09T01:16:37.183+0000] {logging_mixin.py:137} INFO - [2023-03-09T01:16:37.183+0000] {dag.py:3441} INFO - Setting next_dagrun for example_subdag_operator.section-1 to None, run_after=None
[2023-03-09T01:16:37.186+0000] {logging_mixin.py:137} INFO - [2023-03-09T01:16:37.186+0000] {dag.py:3441} INFO - Setting next_dagrun for example_subdag_operator.section-2 to None, run_after=None
[2023-03-09T01:16:37.213+0000] {processor.py:175} INFO - Processing /home/airflow/.local/lib/python3.7/site-packages/airflow/example_dags/example_subdag_operator.py took 0.341 seconds
