[2023-03-09T01:14:28.233+0000] {processor.py:153} INFO - Started process (PID=70) to work on /home/airflow/.local/lib/python3.7/site-packages/airflow/example_dags/example_short_circuit_decorator.py
[2023-03-09T01:14:28.236+0000] {processor.py:743} INFO - Processing file /home/airflow/.local/lib/python3.7/site-packages/airflow/example_dags/example_short_circuit_decorator.py for tasks to queue
[2023-03-09T01:14:28.239+0000] {logging_mixin.py:137} INFO - [2023-03-09T01:14:28.239+0000] {dagbag.py:538} INFO - Filling up the DagBag from /home/airflow/.local/lib/python3.7/site-packages/airflow/example_dags/example_short_circuit_decorator.py
[2023-03-09T01:14:28.369+0000] {processor.py:753} INFO - DAG(s) dict_keys(['example_short_circuit_decorator']) retrieved from /home/airflow/.local/lib/python3.7/site-packages/airflow/example_dags/example_short_circuit_decorator.py
[2023-03-09T01:14:28.491+0000] {logging_mixin.py:137} INFO - [2023-03-09T01:14:28.491+0000] {dag.py:2690} INFO - Sync 1 DAGs
[2023-03-09T01:14:28.606+0000] {logging_mixin.py:137} INFO - [2023-03-09T01:14:28.606+0000] {dag.py:3441} INFO - Setting next_dagrun for example_short_circuit_decorator to 2023-03-08T01:14:28.605231+00:00, run_after=2023-03-09T01:14:28.605231+00:00
[2023-03-09T01:14:28.650+0000] {processor.py:175} INFO - Processing /home/airflow/.local/lib/python3.7/site-packages/airflow/example_dags/example_short_circuit_decorator.py took 0.427 seconds
[2023-03-09T01:15:00.359+0000] {processor.py:153} INFO - Started process (PID=141) to work on /home/airflow/.local/lib/python3.7/site-packages/airflow/example_dags/example_short_circuit_decorator.py
[2023-03-09T01:15:00.372+0000] {processor.py:743} INFO - Processing file /home/airflow/.local/lib/python3.7/site-packages/airflow/example_dags/example_short_circuit_decorator.py for tasks to queue
[2023-03-09T01:15:00.380+0000] {logging_mixin.py:137} INFO - [2023-03-09T01:15:00.380+0000] {dagbag.py:538} INFO - Filling up the DagBag from /home/airflow/.local/lib/python3.7/site-packages/airflow/example_dags/example_short_circuit_decorator.py
[2023-03-09T01:15:00.441+0000] {processor.py:753} INFO - DAG(s) dict_keys(['example_short_circuit_decorator']) retrieved from /home/airflow/.local/lib/python3.7/site-packages/airflow/example_dags/example_short_circuit_decorator.py
[2023-03-09T01:15:00.492+0000] {logging_mixin.py:137} INFO - [2023-03-09T01:15:00.491+0000] {dag.py:2690} INFO - Sync 1 DAGs
[2023-03-09T01:15:00.541+0000] {logging_mixin.py:137} INFO - [2023-03-09T01:15:00.541+0000] {dag.py:3441} INFO - Setting next_dagrun for example_short_circuit_decorator to 2023-03-08T01:15:00.541064+00:00, run_after=2023-03-09T01:15:00.541064+00:00
[2023-03-09T01:15:00.578+0000] {processor.py:175} INFO - Processing /home/airflow/.local/lib/python3.7/site-packages/airflow/example_dags/example_short_circuit_decorator.py took 0.232 seconds
[2023-03-09T01:15:31.411+0000] {processor.py:153} INFO - Started process (PID=213) to work on /home/airflow/.local/lib/python3.7/site-packages/airflow/example_dags/example_short_circuit_decorator.py
[2023-03-09T01:15:31.420+0000] {processor.py:743} INFO - Processing file /home/airflow/.local/lib/python3.7/site-packages/airflow/example_dags/example_short_circuit_decorator.py for tasks to queue
[2023-03-09T01:15:31.423+0000] {logging_mixin.py:137} INFO - [2023-03-09T01:15:31.423+0000] {dagbag.py:538} INFO - Filling up the DagBag from /home/airflow/.local/lib/python3.7/site-packages/airflow/example_dags/example_short_circuit_decorator.py
[2023-03-09T01:15:31.507+0000] {processor.py:753} INFO - DAG(s) dict_keys(['example_short_circuit_decorator']) retrieved from /home/airflow/.local/lib/python3.7/site-packages/airflow/example_dags/example_short_circuit_decorator.py
[2023-03-09T01:15:31.614+0000] {logging_mixin.py:137} INFO - [2023-03-09T01:15:31.614+0000] {dag.py:2690} INFO - Sync 1 DAGs
[2023-03-09T01:15:31.702+0000] {logging_mixin.py:137} INFO - [2023-03-09T01:15:31.701+0000] {dag.py:3441} INFO - Setting next_dagrun for example_short_circuit_decorator to 2023-03-08T01:15:31.701095+00:00, run_after=2023-03-09T01:15:31.701095+00:00
[2023-03-09T01:15:31.785+0000] {processor.py:175} INFO - Processing /home/airflow/.local/lib/python3.7/site-packages/airflow/example_dags/example_short_circuit_decorator.py took 0.397 seconds
[2023-03-09T01:16:02.160+0000] {processor.py:153} INFO - Started process (PID=298) to work on /home/airflow/.local/lib/python3.7/site-packages/airflow/example_dags/example_short_circuit_decorator.py
[2023-03-09T01:16:02.166+0000] {processor.py:743} INFO - Processing file /home/airflow/.local/lib/python3.7/site-packages/airflow/example_dags/example_short_circuit_decorator.py for tasks to queue
[2023-03-09T01:16:02.169+0000] {logging_mixin.py:137} INFO - [2023-03-09T01:16:02.169+0000] {dagbag.py:538} INFO - Filling up the DagBag from /home/airflow/.local/lib/python3.7/site-packages/airflow/example_dags/example_short_circuit_decorator.py
[2023-03-09T01:16:02.231+0000] {processor.py:753} INFO - DAG(s) dict_keys(['example_short_circuit_decorator']) retrieved from /home/airflow/.local/lib/python3.7/site-packages/airflow/example_dags/example_short_circuit_decorator.py
[2023-03-09T01:16:02.288+0000] {logging_mixin.py:137} INFO - [2023-03-09T01:16:02.287+0000] {dag.py:2690} INFO - Sync 1 DAGs
[2023-03-09T01:16:02.347+0000] {logging_mixin.py:137} INFO - [2023-03-09T01:16:02.347+0000] {dag.py:3441} INFO - Setting next_dagrun for example_short_circuit_decorator to 2023-03-08T01:16:02.346605+00:00, run_after=2023-03-09T01:16:02.346605+00:00
[2023-03-09T01:16:02.388+0000] {processor.py:175} INFO - Processing /home/airflow/.local/lib/python3.7/site-packages/airflow/example_dags/example_short_circuit_decorator.py took 0.235 seconds
[2023-03-09T01:16:33.205+0000] {processor.py:153} INFO - Started process (PID=371) to work on /home/airflow/.local/lib/python3.7/site-packages/airflow/example_dags/example_short_circuit_decorator.py
[2023-03-09T01:16:33.208+0000] {processor.py:743} INFO - Processing file /home/airflow/.local/lib/python3.7/site-packages/airflow/example_dags/example_short_circuit_decorator.py for tasks to queue
[2023-03-09T01:16:33.211+0000] {logging_mixin.py:137} INFO - [2023-03-09T01:16:33.211+0000] {dagbag.py:538} INFO - Filling up the DagBag from /home/airflow/.local/lib/python3.7/site-packages/airflow/example_dags/example_short_circuit_decorator.py
[2023-03-09T01:16:33.261+0000] {processor.py:753} INFO - DAG(s) dict_keys(['example_short_circuit_decorator']) retrieved from /home/airflow/.local/lib/python3.7/site-packages/airflow/example_dags/example_short_circuit_decorator.py
[2023-03-09T01:16:33.316+0000] {logging_mixin.py:137} INFO - [2023-03-09T01:16:33.316+0000] {dag.py:2690} INFO - Sync 1 DAGs
[2023-03-09T01:16:33.371+0000] {logging_mixin.py:137} INFO - [2023-03-09T01:16:33.371+0000] {dag.py:3441} INFO - Setting next_dagrun for example_short_circuit_decorator to 2023-03-08T01:16:33.371203+00:00, run_after=2023-03-09T01:16:33.371203+00:00
[2023-03-09T01:16:33.407+0000] {processor.py:175} INFO - Processing /home/airflow/.local/lib/python3.7/site-packages/airflow/example_dags/example_short_circuit_decorator.py took 0.208 seconds
[2023-03-09T16:22:47.097+0000] {processor.py:153} INFO - Started process (PID=76) to work on /home/airflow/.local/lib/python3.7/site-packages/airflow/example_dags/example_short_circuit_decorator.py
[2023-03-09T16:22:47.101+0000] {processor.py:743} INFO - Processing file /home/airflow/.local/lib/python3.7/site-packages/airflow/example_dags/example_short_circuit_decorator.py for tasks to queue
[2023-03-09T16:22:47.106+0000] {logging_mixin.py:137} INFO - [2023-03-09T16:22:47.105+0000] {dagbag.py:538} INFO - Filling up the DagBag from /home/airflow/.local/lib/python3.7/site-packages/airflow/example_dags/example_short_circuit_decorator.py
[2023-03-09T16:22:47.152+0000] {processor.py:753} INFO - DAG(s) dict_keys(['example_short_circuit_decorator']) retrieved from /home/airflow/.local/lib/python3.7/site-packages/airflow/example_dags/example_short_circuit_decorator.py
[2023-03-09T16:22:47.204+0000] {logging_mixin.py:137} INFO - [2023-03-09T16:22:47.204+0000] {dag.py:2690} INFO - Sync 1 DAGs
[2023-03-09T16:22:47.268+0000] {logging_mixin.py:137} INFO - [2023-03-09T16:22:47.267+0000] {dag.py:3441} INFO - Setting next_dagrun for example_short_circuit_decorator to 2023-03-08T16:22:47.267537+00:00, run_after=2023-03-09T16:22:47.267537+00:00
[2023-03-09T16:22:47.299+0000] {processor.py:175} INFO - Processing /home/airflow/.local/lib/python3.7/site-packages/airflow/example_dags/example_short_circuit_decorator.py took 0.210 seconds
[2023-03-09T16:23:18.020+0000] {processor.py:153} INFO - Started process (PID=149) to work on /home/airflow/.local/lib/python3.7/site-packages/airflow/example_dags/example_short_circuit_decorator.py
[2023-03-09T16:23:18.022+0000] {processor.py:743} INFO - Processing file /home/airflow/.local/lib/python3.7/site-packages/airflow/example_dags/example_short_circuit_decorator.py for tasks to queue
[2023-03-09T16:23:18.025+0000] {logging_mixin.py:137} INFO - [2023-03-09T16:23:18.025+0000] {dagbag.py:538} INFO - Filling up the DagBag from /home/airflow/.local/lib/python3.7/site-packages/airflow/example_dags/example_short_circuit_decorator.py
[2023-03-09T16:23:18.071+0000] {processor.py:753} INFO - DAG(s) dict_keys(['example_short_circuit_decorator']) retrieved from /home/airflow/.local/lib/python3.7/site-packages/airflow/example_dags/example_short_circuit_decorator.py
[2023-03-09T16:23:18.109+0000] {logging_mixin.py:137} INFO - [2023-03-09T16:23:18.109+0000] {dag.py:2690} INFO - Sync 1 DAGs
[2023-03-09T16:23:18.148+0000] {logging_mixin.py:137} INFO - [2023-03-09T16:23:18.147+0000] {dag.py:3441} INFO - Setting next_dagrun for example_short_circuit_decorator to 2023-03-08T16:23:18.147532+00:00, run_after=2023-03-09T16:23:18.147532+00:00
[2023-03-09T16:23:18.175+0000] {processor.py:175} INFO - Processing /home/airflow/.local/lib/python3.7/site-packages/airflow/example_dags/example_short_circuit_decorator.py took 0.160 seconds
[2023-03-09T16:23:48.308+0000] {processor.py:153} INFO - Started process (PID=230) to work on /home/airflow/.local/lib/python3.7/site-packages/airflow/example_dags/example_short_circuit_decorator.py
[2023-03-09T16:23:48.312+0000] {processor.py:743} INFO - Processing file /home/airflow/.local/lib/python3.7/site-packages/airflow/example_dags/example_short_circuit_decorator.py for tasks to queue
[2023-03-09T16:23:48.315+0000] {logging_mixin.py:137} INFO - [2023-03-09T16:23:48.314+0000] {dagbag.py:538} INFO - Filling up the DagBag from /home/airflow/.local/lib/python3.7/site-packages/airflow/example_dags/example_short_circuit_decorator.py
[2023-03-09T16:23:48.364+0000] {processor.py:753} INFO - DAG(s) dict_keys(['example_short_circuit_decorator']) retrieved from /home/airflow/.local/lib/python3.7/site-packages/airflow/example_dags/example_short_circuit_decorator.py
[2023-03-09T16:23:48.410+0000] {logging_mixin.py:137} INFO - [2023-03-09T16:23:48.410+0000] {dag.py:2690} INFO - Sync 1 DAGs
[2023-03-09T16:23:48.533+0000] {logging_mixin.py:137} INFO - [2023-03-09T16:23:48.533+0000] {dag.py:3441} INFO - Setting next_dagrun for example_short_circuit_decorator to 2023-03-08T16:23:48.532546+00:00, run_after=2023-03-09T16:23:48.532546+00:00
[2023-03-09T16:23:48.714+0000] {processor.py:175} INFO - Processing /home/airflow/.local/lib/python3.7/site-packages/airflow/example_dags/example_short_circuit_decorator.py took 0.410 seconds
[2023-03-09T16:24:19.487+0000] {processor.py:153} INFO - Started process (PID=307) to work on /home/airflow/.local/lib/python3.7/site-packages/airflow/example_dags/example_short_circuit_decorator.py
[2023-03-09T16:24:19.490+0000] {processor.py:743} INFO - Processing file /home/airflow/.local/lib/python3.7/site-packages/airflow/example_dags/example_short_circuit_decorator.py for tasks to queue
[2023-03-09T16:24:19.492+0000] {logging_mixin.py:137} INFO - [2023-03-09T16:24:19.492+0000] {dagbag.py:538} INFO - Filling up the DagBag from /home/airflow/.local/lib/python3.7/site-packages/airflow/example_dags/example_short_circuit_decorator.py
[2023-03-09T16:24:19.544+0000] {processor.py:753} INFO - DAG(s) dict_keys(['example_short_circuit_decorator']) retrieved from /home/airflow/.local/lib/python3.7/site-packages/airflow/example_dags/example_short_circuit_decorator.py
[2023-03-09T16:24:19.633+0000] {logging_mixin.py:137} INFO - [2023-03-09T16:24:19.633+0000] {dag.py:2690} INFO - Sync 1 DAGs
[2023-03-09T16:24:19.709+0000] {logging_mixin.py:137} INFO - [2023-03-09T16:24:19.708+0000] {dag.py:3441} INFO - Setting next_dagrun for example_short_circuit_decorator to 2023-03-08T16:24:19.708606+00:00, run_after=2023-03-09T16:24:19.708606+00:00
[2023-03-09T16:24:19.741+0000] {processor.py:175} INFO - Processing /home/airflow/.local/lib/python3.7/site-packages/airflow/example_dags/example_short_circuit_decorator.py took 0.260 seconds
[2023-03-09T16:24:50.797+0000] {processor.py:153} INFO - Started process (PID=381) to work on /home/airflow/.local/lib/python3.7/site-packages/airflow/example_dags/example_short_circuit_decorator.py
[2023-03-09T16:24:50.799+0000] {processor.py:743} INFO - Processing file /home/airflow/.local/lib/python3.7/site-packages/airflow/example_dags/example_short_circuit_decorator.py for tasks to queue
[2023-03-09T16:24:50.801+0000] {logging_mixin.py:137} INFO - [2023-03-09T16:24:50.801+0000] {dagbag.py:538} INFO - Filling up the DagBag from /home/airflow/.local/lib/python3.7/site-packages/airflow/example_dags/example_short_circuit_decorator.py
[2023-03-09T16:24:50.837+0000] {processor.py:753} INFO - DAG(s) dict_keys(['example_short_circuit_decorator']) retrieved from /home/airflow/.local/lib/python3.7/site-packages/airflow/example_dags/example_short_circuit_decorator.py
[2023-03-09T16:24:50.875+0000] {logging_mixin.py:137} INFO - [2023-03-09T16:24:50.874+0000] {dag.py:2690} INFO - Sync 1 DAGs
[2023-03-09T16:24:50.914+0000] {logging_mixin.py:137} INFO - [2023-03-09T16:24:50.914+0000] {dag.py:3441} INFO - Setting next_dagrun for example_short_circuit_decorator to 2023-03-08T16:24:50.913917+00:00, run_after=2023-03-09T16:24:50.913917+00:00
[2023-03-09T16:24:50.941+0000] {processor.py:175} INFO - Processing /home/airflow/.local/lib/python3.7/site-packages/airflow/example_dags/example_short_circuit_decorator.py took 0.151 seconds
[2023-03-09T16:25:23.666+0000] {processor.py:153} INFO - Started process (PID=464) to work on /home/airflow/.local/lib/python3.7/site-packages/airflow/example_dags/example_short_circuit_decorator.py
[2023-03-09T16:25:23.672+0000] {processor.py:743} INFO - Processing file /home/airflow/.local/lib/python3.7/site-packages/airflow/example_dags/example_short_circuit_decorator.py for tasks to queue
[2023-03-09T16:25:23.675+0000] {logging_mixin.py:137} INFO - [2023-03-09T16:25:23.675+0000] {dagbag.py:538} INFO - Filling up the DagBag from /home/airflow/.local/lib/python3.7/site-packages/airflow/example_dags/example_short_circuit_decorator.py
[2023-03-09T16:25:23.755+0000] {processor.py:753} INFO - DAG(s) dict_keys(['example_short_circuit_decorator']) retrieved from /home/airflow/.local/lib/python3.7/site-packages/airflow/example_dags/example_short_circuit_decorator.py
[2023-03-09T16:25:23.813+0000] {logging_mixin.py:137} INFO - [2023-03-09T16:25:23.813+0000] {dag.py:2690} INFO - Sync 1 DAGs
[2023-03-09T16:25:23.867+0000] {logging_mixin.py:137} INFO - [2023-03-09T16:25:23.867+0000] {dag.py:3441} INFO - Setting next_dagrun for example_short_circuit_decorator to 2023-03-08T16:25:23.866916+00:00, run_after=2023-03-09T16:25:23.866916+00:00
[2023-03-09T16:25:23.906+0000] {processor.py:175} INFO - Processing /home/airflow/.local/lib/python3.7/site-packages/airflow/example_dags/example_short_circuit_decorator.py took 0.253 seconds
[2023-03-09T16:25:54.432+0000] {processor.py:153} INFO - Started process (PID=538) to work on /home/airflow/.local/lib/python3.7/site-packages/airflow/example_dags/example_short_circuit_decorator.py
[2023-03-09T16:25:54.435+0000] {processor.py:743} INFO - Processing file /home/airflow/.local/lib/python3.7/site-packages/airflow/example_dags/example_short_circuit_decorator.py for tasks to queue
[2023-03-09T16:25:54.437+0000] {logging_mixin.py:137} INFO - [2023-03-09T16:25:54.437+0000] {dagbag.py:538} INFO - Filling up the DagBag from /home/airflow/.local/lib/python3.7/site-packages/airflow/example_dags/example_short_circuit_decorator.py
[2023-03-09T16:25:54.474+0000] {processor.py:753} INFO - DAG(s) dict_keys(['example_short_circuit_decorator']) retrieved from /home/airflow/.local/lib/python3.7/site-packages/airflow/example_dags/example_short_circuit_decorator.py
[2023-03-09T16:25:54.510+0000] {logging_mixin.py:137} INFO - [2023-03-09T16:25:54.510+0000] {dag.py:2690} INFO - Sync 1 DAGs
[2023-03-09T16:25:54.551+0000] {logging_mixin.py:137} INFO - [2023-03-09T16:25:54.551+0000] {dag.py:3441} INFO - Setting next_dagrun for example_short_circuit_decorator to 2023-03-08T16:25:54.550657+00:00, run_after=2023-03-09T16:25:54.550657+00:00
[2023-03-09T16:25:54.577+0000] {processor.py:175} INFO - Processing /home/airflow/.local/lib/python3.7/site-packages/airflow/example_dags/example_short_circuit_decorator.py took 0.150 seconds
[2023-03-09T16:26:26.739+0000] {processor.py:153} INFO - Started process (PID=611) to work on /home/airflow/.local/lib/python3.7/site-packages/airflow/example_dags/example_short_circuit_decorator.py
[2023-03-09T16:26:26.742+0000] {processor.py:743} INFO - Processing file /home/airflow/.local/lib/python3.7/site-packages/airflow/example_dags/example_short_circuit_decorator.py for tasks to queue
[2023-03-09T16:26:26.744+0000] {logging_mixin.py:137} INFO - [2023-03-09T16:26:26.744+0000] {dagbag.py:538} INFO - Filling up the DagBag from /home/airflow/.local/lib/python3.7/site-packages/airflow/example_dags/example_short_circuit_decorator.py
[2023-03-09T16:26:26.788+0000] {processor.py:753} INFO - DAG(s) dict_keys(['example_short_circuit_decorator']) retrieved from /home/airflow/.local/lib/python3.7/site-packages/airflow/example_dags/example_short_circuit_decorator.py
[2023-03-09T16:26:26.836+0000] {logging_mixin.py:137} INFO - [2023-03-09T16:26:26.836+0000] {dag.py:2690} INFO - Sync 1 DAGs
[2023-03-09T16:26:26.885+0000] {logging_mixin.py:137} INFO - [2023-03-09T16:26:26.884+0000] {dag.py:3441} INFO - Setting next_dagrun for example_short_circuit_decorator to 2023-03-08T16:26:26.884452+00:00, run_after=2023-03-09T16:26:26.884452+00:00
[2023-03-09T16:26:26.927+0000] {processor.py:175} INFO - Processing /home/airflow/.local/lib/python3.7/site-packages/airflow/example_dags/example_short_circuit_decorator.py took 0.194 seconds
[2023-03-09T16:26:57.760+0000] {processor.py:153} INFO - Started process (PID=695) to work on /home/airflow/.local/lib/python3.7/site-packages/airflow/example_dags/example_short_circuit_decorator.py
[2023-03-09T16:26:57.762+0000] {processor.py:743} INFO - Processing file /home/airflow/.local/lib/python3.7/site-packages/airflow/example_dags/example_short_circuit_decorator.py for tasks to queue
[2023-03-09T16:26:57.764+0000] {logging_mixin.py:137} INFO - [2023-03-09T16:26:57.764+0000] {dagbag.py:538} INFO - Filling up the DagBag from /home/airflow/.local/lib/python3.7/site-packages/airflow/example_dags/example_short_circuit_decorator.py
[2023-03-09T16:26:57.798+0000] {processor.py:753} INFO - DAG(s) dict_keys(['example_short_circuit_decorator']) retrieved from /home/airflow/.local/lib/python3.7/site-packages/airflow/example_dags/example_short_circuit_decorator.py
[2023-03-09T16:26:57.837+0000] {logging_mixin.py:137} INFO - [2023-03-09T16:26:57.837+0000] {dag.py:2690} INFO - Sync 1 DAGs
[2023-03-09T16:26:57.874+0000] {logging_mixin.py:137} INFO - [2023-03-09T16:26:57.874+0000] {dag.py:3441} INFO - Setting next_dagrun for example_short_circuit_decorator to 2023-03-08T16:26:57.874090+00:00, run_after=2023-03-09T16:26:57.874090+00:00
[2023-03-09T16:26:57.903+0000] {processor.py:175} INFO - Processing /home/airflow/.local/lib/python3.7/site-packages/airflow/example_dags/example_short_circuit_decorator.py took 0.147 seconds
[2023-03-09T16:27:29.187+0000] {processor.py:153} INFO - Started process (PID=768) to work on /home/airflow/.local/lib/python3.7/site-packages/airflow/example_dags/example_short_circuit_decorator.py
[2023-03-09T16:27:29.189+0000] {processor.py:743} INFO - Processing file /home/airflow/.local/lib/python3.7/site-packages/airflow/example_dags/example_short_circuit_decorator.py for tasks to queue
[2023-03-09T16:27:29.192+0000] {logging_mixin.py:137} INFO - [2023-03-09T16:27:29.192+0000] {dagbag.py:538} INFO - Filling up the DagBag from /home/airflow/.local/lib/python3.7/site-packages/airflow/example_dags/example_short_circuit_decorator.py
[2023-03-09T16:27:29.231+0000] {processor.py:753} INFO - DAG(s) dict_keys(['example_short_circuit_decorator']) retrieved from /home/airflow/.local/lib/python3.7/site-packages/airflow/example_dags/example_short_circuit_decorator.py
[2023-03-09T16:27:29.274+0000] {logging_mixin.py:137} INFO - [2023-03-09T16:27:29.274+0000] {dag.py:2690} INFO - Sync 1 DAGs
[2023-03-09T16:27:29.317+0000] {logging_mixin.py:137} INFO - [2023-03-09T16:27:29.317+0000] {dag.py:3441} INFO - Setting next_dagrun for example_short_circuit_decorator to 2023-03-08T16:27:29.316697+00:00, run_after=2023-03-09T16:27:29.316697+00:00
[2023-03-09T16:27:29.348+0000] {processor.py:175} INFO - Processing /home/airflow/.local/lib/python3.7/site-packages/airflow/example_dags/example_short_circuit_decorator.py took 0.166 seconds
[2023-03-09T16:27:59.649+0000] {processor.py:153} INFO - Started process (PID=851) to work on /home/airflow/.local/lib/python3.7/site-packages/airflow/example_dags/example_short_circuit_decorator.py
[2023-03-09T16:27:59.651+0000] {processor.py:743} INFO - Processing file /home/airflow/.local/lib/python3.7/site-packages/airflow/example_dags/example_short_circuit_decorator.py for tasks to queue
[2023-03-09T16:27:59.654+0000] {logging_mixin.py:137} INFO - [2023-03-09T16:27:59.654+0000] {dagbag.py:538} INFO - Filling up the DagBag from /home/airflow/.local/lib/python3.7/site-packages/airflow/example_dags/example_short_circuit_decorator.py
[2023-03-09T16:27:59.721+0000] {processor.py:753} INFO - DAG(s) dict_keys(['example_short_circuit_decorator']) retrieved from /home/airflow/.local/lib/python3.7/site-packages/airflow/example_dags/example_short_circuit_decorator.py
[2023-03-09T16:27:59.762+0000] {logging_mixin.py:137} INFO - [2023-03-09T16:27:59.762+0000] {dag.py:2690} INFO - Sync 1 DAGs
[2023-03-09T16:27:59.803+0000] {logging_mixin.py:137} INFO - [2023-03-09T16:27:59.803+0000] {dag.py:3441} INFO - Setting next_dagrun for example_short_circuit_decorator to 2023-03-08T16:27:59.802794+00:00, run_after=2023-03-09T16:27:59.802794+00:00
[2023-03-09T16:27:59.831+0000] {processor.py:175} INFO - Processing /home/airflow/.local/lib/python3.7/site-packages/airflow/example_dags/example_short_circuit_decorator.py took 0.188 seconds
[2023-03-09T16:28:30.582+0000] {processor.py:153} INFO - Started process (PID=924) to work on /home/airflow/.local/lib/python3.7/site-packages/airflow/example_dags/example_short_circuit_decorator.py
[2023-03-09T16:28:30.584+0000] {processor.py:743} INFO - Processing file /home/airflow/.local/lib/python3.7/site-packages/airflow/example_dags/example_short_circuit_decorator.py for tasks to queue
[2023-03-09T16:28:30.586+0000] {logging_mixin.py:137} INFO - [2023-03-09T16:28:30.586+0000] {dagbag.py:538} INFO - Filling up the DagBag from /home/airflow/.local/lib/python3.7/site-packages/airflow/example_dags/example_short_circuit_decorator.py
[2023-03-09T16:28:30.620+0000] {processor.py:753} INFO - DAG(s) dict_keys(['example_short_circuit_decorator']) retrieved from /home/airflow/.local/lib/python3.7/site-packages/airflow/example_dags/example_short_circuit_decorator.py
[2023-03-09T16:28:30.668+0000] {logging_mixin.py:137} INFO - [2023-03-09T16:28:30.668+0000] {dag.py:2690} INFO - Sync 1 DAGs
[2023-03-09T16:28:30.704+0000] {logging_mixin.py:137} INFO - [2023-03-09T16:28:30.704+0000] {dag.py:3441} INFO - Setting next_dagrun for example_short_circuit_decorator to 2023-03-08T16:28:30.703584+00:00, run_after=2023-03-09T16:28:30.703584+00:00
[2023-03-09T16:28:30.732+0000] {processor.py:175} INFO - Processing /home/airflow/.local/lib/python3.7/site-packages/airflow/example_dags/example_short_circuit_decorator.py took 0.156 seconds
[2023-03-09T16:29:00.944+0000] {processor.py:153} INFO - Started process (PID=996) to work on /home/airflow/.local/lib/python3.7/site-packages/airflow/example_dags/example_short_circuit_decorator.py
[2023-03-09T16:29:00.948+0000] {processor.py:743} INFO - Processing file /home/airflow/.local/lib/python3.7/site-packages/airflow/example_dags/example_short_circuit_decorator.py for tasks to queue
[2023-03-09T16:29:00.950+0000] {logging_mixin.py:137} INFO - [2023-03-09T16:29:00.950+0000] {dagbag.py:538} INFO - Filling up the DagBag from /home/airflow/.local/lib/python3.7/site-packages/airflow/example_dags/example_short_circuit_decorator.py
[2023-03-09T16:29:00.985+0000] {processor.py:753} INFO - DAG(s) dict_keys(['example_short_circuit_decorator']) retrieved from /home/airflow/.local/lib/python3.7/site-packages/airflow/example_dags/example_short_circuit_decorator.py
[2023-03-09T16:29:01.026+0000] {logging_mixin.py:137} INFO - [2023-03-09T16:29:01.025+0000] {dag.py:2690} INFO - Sync 1 DAGs
[2023-03-09T16:29:01.064+0000] {logging_mixin.py:137} INFO - [2023-03-09T16:29:01.064+0000] {dag.py:3441} INFO - Setting next_dagrun for example_short_circuit_decorator to 2023-03-08T16:29:01.064325+00:00, run_after=2023-03-09T16:29:01.064325+00:00
[2023-03-09T16:29:01.094+0000] {processor.py:175} INFO - Processing /home/airflow/.local/lib/python3.7/site-packages/airflow/example_dags/example_short_circuit_decorator.py took 0.155 seconds
[2023-03-09T16:29:31.189+0000] {processor.py:153} INFO - Started process (PID=1081) to work on /home/airflow/.local/lib/python3.7/site-packages/airflow/example_dags/example_short_circuit_decorator.py
[2023-03-09T16:29:31.191+0000] {processor.py:743} INFO - Processing file /home/airflow/.local/lib/python3.7/site-packages/airflow/example_dags/example_short_circuit_decorator.py for tasks to queue
[2023-03-09T16:29:31.193+0000] {logging_mixin.py:137} INFO - [2023-03-09T16:29:31.193+0000] {dagbag.py:538} INFO - Filling up the DagBag from /home/airflow/.local/lib/python3.7/site-packages/airflow/example_dags/example_short_circuit_decorator.py
[2023-03-09T16:29:31.229+0000] {processor.py:753} INFO - DAG(s) dict_keys(['example_short_circuit_decorator']) retrieved from /home/airflow/.local/lib/python3.7/site-packages/airflow/example_dags/example_short_circuit_decorator.py
[2023-03-09T16:29:31.267+0000] {logging_mixin.py:137} INFO - [2023-03-09T16:29:31.266+0000] {dag.py:2690} INFO - Sync 1 DAGs
[2023-03-09T16:29:31.299+0000] {logging_mixin.py:137} INFO - [2023-03-09T16:29:31.299+0000] {dag.py:3441} INFO - Setting next_dagrun for example_short_circuit_decorator to 2023-03-08T16:29:31.299099+00:00, run_after=2023-03-09T16:29:31.299099+00:00
[2023-03-09T16:29:31.328+0000] {processor.py:175} INFO - Processing /home/airflow/.local/lib/python3.7/site-packages/airflow/example_dags/example_short_circuit_decorator.py took 0.144 seconds
[2023-03-09T16:30:01.783+0000] {processor.py:153} INFO - Started process (PID=1154) to work on /home/airflow/.local/lib/python3.7/site-packages/airflow/example_dags/example_short_circuit_decorator.py
[2023-03-09T16:30:01.786+0000] {processor.py:743} INFO - Processing file /home/airflow/.local/lib/python3.7/site-packages/airflow/example_dags/example_short_circuit_decorator.py for tasks to queue
[2023-03-09T16:30:01.788+0000] {logging_mixin.py:137} INFO - [2023-03-09T16:30:01.788+0000] {dagbag.py:538} INFO - Filling up the DagBag from /home/airflow/.local/lib/python3.7/site-packages/airflow/example_dags/example_short_circuit_decorator.py
[2023-03-09T16:30:01.822+0000] {processor.py:753} INFO - DAG(s) dict_keys(['example_short_circuit_decorator']) retrieved from /home/airflow/.local/lib/python3.7/site-packages/airflow/example_dags/example_short_circuit_decorator.py
[2023-03-09T16:30:01.862+0000] {logging_mixin.py:137} INFO - [2023-03-09T16:30:01.861+0000] {dag.py:2690} INFO - Sync 1 DAGs
[2023-03-09T16:30:01.900+0000] {logging_mixin.py:137} INFO - [2023-03-09T16:30:01.899+0000] {dag.py:3441} INFO - Setting next_dagrun for example_short_circuit_decorator to 2023-03-08T16:30:01.899528+00:00, run_after=2023-03-09T16:30:01.899528+00:00
[2023-03-09T16:30:01.929+0000] {processor.py:175} INFO - Processing /home/airflow/.local/lib/python3.7/site-packages/airflow/example_dags/example_short_circuit_decorator.py took 0.152 seconds
[2023-03-09T16:30:34.011+0000] {processor.py:153} INFO - Started process (PID=1227) to work on /home/airflow/.local/lib/python3.7/site-packages/airflow/example_dags/example_short_circuit_decorator.py
[2023-03-09T16:30:34.162+0000] {processor.py:743} INFO - Processing file /home/airflow/.local/lib/python3.7/site-packages/airflow/example_dags/example_short_circuit_decorator.py for tasks to queue
[2023-03-09T16:30:34.202+0000] {logging_mixin.py:137} INFO - [2023-03-09T16:30:34.190+0000] {dagbag.py:538} INFO - Filling up the DagBag from /home/airflow/.local/lib/python3.7/site-packages/airflow/example_dags/example_short_circuit_decorator.py
[2023-03-09T16:30:34.696+0000] {processor.py:753} INFO - DAG(s) dict_keys(['example_short_circuit_decorator']) retrieved from /home/airflow/.local/lib/python3.7/site-packages/airflow/example_dags/example_short_circuit_decorator.py
[2023-03-09T16:30:34.851+0000] {logging_mixin.py:137} INFO - [2023-03-09T16:30:34.851+0000] {dag.py:2690} INFO - Sync 1 DAGs
[2023-03-09T16:30:34.990+0000] {logging_mixin.py:137} INFO - [2023-03-09T16:30:34.990+0000] {dag.py:3441} INFO - Setting next_dagrun for example_short_circuit_decorator to 2023-03-08T16:30:34.989582+00:00, run_after=2023-03-09T16:30:34.989582+00:00
[2023-03-09T16:30:35.175+0000] {processor.py:175} INFO - Processing /home/airflow/.local/lib/python3.7/site-packages/airflow/example_dags/example_short_circuit_decorator.py took 1.224 seconds
[2023-03-09T16:31:10.180+0000] {processor.py:153} INFO - Started process (PID=1301) to work on /home/airflow/.local/lib/python3.7/site-packages/airflow/example_dags/example_short_circuit_decorator.py
[2023-03-09T16:31:10.204+0000] {processor.py:743} INFO - Processing file /home/airflow/.local/lib/python3.7/site-packages/airflow/example_dags/example_short_circuit_decorator.py for tasks to queue
[2023-03-09T16:31:10.210+0000] {logging_mixin.py:137} INFO - [2023-03-09T16:31:10.209+0000] {dagbag.py:538} INFO - Filling up the DagBag from /home/airflow/.local/lib/python3.7/site-packages/airflow/example_dags/example_short_circuit_decorator.py
[2023-03-09T16:31:10.499+0000] {processor.py:753} INFO - DAG(s) dict_keys(['example_short_circuit_decorator']) retrieved from /home/airflow/.local/lib/python3.7/site-packages/airflow/example_dags/example_short_circuit_decorator.py
[2023-03-09T16:31:10.664+0000] {logging_mixin.py:137} INFO - [2023-03-09T16:31:10.663+0000] {dag.py:2690} INFO - Sync 1 DAGs
[2023-03-09T16:31:10.835+0000] {logging_mixin.py:137} INFO - [2023-03-09T16:31:10.835+0000] {dag.py:3441} INFO - Setting next_dagrun for example_short_circuit_decorator to 2023-03-08T16:31:10.833552+00:00, run_after=2023-03-09T16:31:10.833552+00:00
[2023-03-09T16:31:10.931+0000] {processor.py:175} INFO - Processing /home/airflow/.local/lib/python3.7/site-packages/airflow/example_dags/example_short_circuit_decorator.py took 0.784 seconds
[2023-03-09T16:32:13.492+0000] {processor.py:153} INFO - Started process (PID=1384) to work on /home/airflow/.local/lib/python3.7/site-packages/airflow/example_dags/example_short_circuit_decorator.py
[2023-03-09T16:32:13.521+0000] {processor.py:743} INFO - Processing file /home/airflow/.local/lib/python3.7/site-packages/airflow/example_dags/example_short_circuit_decorator.py for tasks to queue
[2023-03-09T16:32:13.528+0000] {logging_mixin.py:137} INFO - [2023-03-09T16:32:13.528+0000] {dagbag.py:538} INFO - Filling up the DagBag from /home/airflow/.local/lib/python3.7/site-packages/airflow/example_dags/example_short_circuit_decorator.py
[2023-03-09T16:32:13.714+0000] {processor.py:753} INFO - DAG(s) dict_keys(['example_short_circuit_decorator']) retrieved from /home/airflow/.local/lib/python3.7/site-packages/airflow/example_dags/example_short_circuit_decorator.py
[2023-03-09T16:32:13.946+0000] {logging_mixin.py:137} INFO - [2023-03-09T16:32:13.946+0000] {dag.py:2690} INFO - Sync 1 DAGs
[2023-03-09T16:32:14.384+0000] {logging_mixin.py:137} INFO - [2023-03-09T16:32:14.377+0000] {dag.py:3441} INFO - Setting next_dagrun for example_short_circuit_decorator to 2023-03-08T16:32:14.376995+00:00, run_after=2023-03-09T16:32:14.376995+00:00
[2023-03-09T16:32:14.817+0000] {processor.py:175} INFO - Processing /home/airflow/.local/lib/python3.7/site-packages/airflow/example_dags/example_short_circuit_decorator.py took 1.352 seconds
[2023-03-09T16:33:54.436+0000] {processor.py:153} INFO - Started process (PID=1482) to work on /home/airflow/.local/lib/python3.7/site-packages/airflow/example_dags/example_short_circuit_decorator.py
[2023-03-09T16:33:54.475+0000] {processor.py:743} INFO - Processing file /home/airflow/.local/lib/python3.7/site-packages/airflow/example_dags/example_short_circuit_decorator.py for tasks to queue
[2023-03-09T16:33:54.487+0000] {logging_mixin.py:137} INFO - [2023-03-09T16:33:54.486+0000] {dagbag.py:538} INFO - Filling up the DagBag from /home/airflow/.local/lib/python3.7/site-packages/airflow/example_dags/example_short_circuit_decorator.py
[2023-03-09T16:33:54.925+0000] {processor.py:753} INFO - DAG(s) dict_keys(['example_short_circuit_decorator']) retrieved from /home/airflow/.local/lib/python3.7/site-packages/airflow/example_dags/example_short_circuit_decorator.py
[2023-03-09T16:33:55.147+0000] {logging_mixin.py:137} INFO - [2023-03-09T16:33:55.142+0000] {dag.py:2690} INFO - Sync 1 DAGs
[2023-03-09T16:33:55.323+0000] {logging_mixin.py:137} INFO - [2023-03-09T16:33:55.323+0000] {dag.py:3441} INFO - Setting next_dagrun for example_short_circuit_decorator to 2023-03-08T16:33:55.321321+00:00, run_after=2023-03-09T16:33:55.321321+00:00
[2023-03-09T16:33:55.485+0000] {processor.py:175} INFO - Processing /home/airflow/.local/lib/python3.7/site-packages/airflow/example_dags/example_short_circuit_decorator.py took 1.094 seconds
[2023-03-09T16:34:43.598+0000] {processor.py:153} INFO - Started process (PID=1565) to work on /home/airflow/.local/lib/python3.7/site-packages/airflow/example_dags/example_short_circuit_decorator.py
[2023-03-09T16:34:43.609+0000] {processor.py:743} INFO - Processing file /home/airflow/.local/lib/python3.7/site-packages/airflow/example_dags/example_short_circuit_decorator.py for tasks to queue
[2023-03-09T16:34:43.620+0000] {logging_mixin.py:137} INFO - [2023-03-09T16:34:43.620+0000] {dagbag.py:538} INFO - Filling up the DagBag from /home/airflow/.local/lib/python3.7/site-packages/airflow/example_dags/example_short_circuit_decorator.py
[2023-03-09T16:34:43.789+0000] {processor.py:753} INFO - DAG(s) dict_keys(['example_short_circuit_decorator']) retrieved from /home/airflow/.local/lib/python3.7/site-packages/airflow/example_dags/example_short_circuit_decorator.py
[2023-03-09T16:34:44.067+0000] {logging_mixin.py:137} INFO - [2023-03-09T16:34:44.066+0000] {dag.py:2690} INFO - Sync 1 DAGs
[2023-03-09T16:34:44.270+0000] {logging_mixin.py:137} INFO - [2023-03-09T16:34:44.269+0000] {dag.py:3441} INFO - Setting next_dagrun for example_short_circuit_decorator to 2023-03-08T16:34:44.268916+00:00, run_after=2023-03-09T16:34:44.268916+00:00
[2023-03-09T16:34:44.765+0000] {processor.py:175} INFO - Processing /home/airflow/.local/lib/python3.7/site-packages/airflow/example_dags/example_short_circuit_decorator.py took 1.224 seconds
[2023-03-09T16:35:37.008+0000] {processor.py:153} INFO - Started process (PID=1645) to work on /home/airflow/.local/lib/python3.7/site-packages/airflow/example_dags/example_short_circuit_decorator.py
[2023-03-09T16:35:37.078+0000] {processor.py:743} INFO - Processing file /home/airflow/.local/lib/python3.7/site-packages/airflow/example_dags/example_short_circuit_decorator.py for tasks to queue
[2023-03-09T16:35:37.108+0000] {logging_mixin.py:137} INFO - [2023-03-09T16:35:37.095+0000] {dagbag.py:538} INFO - Filling up the DagBag from /home/airflow/.local/lib/python3.7/site-packages/airflow/example_dags/example_short_circuit_decorator.py
[2023-03-09T16:35:37.508+0000] {processor.py:753} INFO - DAG(s) dict_keys(['example_short_circuit_decorator']) retrieved from /home/airflow/.local/lib/python3.7/site-packages/airflow/example_dags/example_short_circuit_decorator.py
[2023-03-09T16:35:37.882+0000] {logging_mixin.py:137} INFO - [2023-03-09T16:35:37.878+0000] {dag.py:2690} INFO - Sync 1 DAGs
[2023-03-09T16:35:38.290+0000] {logging_mixin.py:137} INFO - [2023-03-09T16:35:38.268+0000] {dag.py:3441} INFO - Setting next_dagrun for example_short_circuit_decorator to 2023-03-08T16:35:38.263131+00:00, run_after=2023-03-09T16:35:38.263131+00:00
[2023-03-09T16:35:38.702+0000] {processor.py:175} INFO - Processing /home/airflow/.local/lib/python3.7/site-packages/airflow/example_dags/example_short_circuit_decorator.py took 1.878 seconds
[2023-03-09T16:36:53.124+0000] {processor.py:153} INFO - Started process (PID=1726) to work on /home/airflow/.local/lib/python3.7/site-packages/airflow/example_dags/example_short_circuit_decorator.py
[2023-03-09T16:36:53.156+0000] {processor.py:743} INFO - Processing file /home/airflow/.local/lib/python3.7/site-packages/airflow/example_dags/example_short_circuit_decorator.py for tasks to queue
[2023-03-09T16:36:53.177+0000] {logging_mixin.py:137} INFO - [2023-03-09T16:36:53.175+0000] {dagbag.py:538} INFO - Filling up the DagBag from /home/airflow/.local/lib/python3.7/site-packages/airflow/example_dags/example_short_circuit_decorator.py
[2023-03-09T16:36:53.712+0000] {processor.py:753} INFO - DAG(s) dict_keys(['example_short_circuit_decorator']) retrieved from /home/airflow/.local/lib/python3.7/site-packages/airflow/example_dags/example_short_circuit_decorator.py
[2023-03-09T16:36:54.068+0000] {logging_mixin.py:137} INFO - [2023-03-09T16:36:54.065+0000] {dag.py:2690} INFO - Sync 1 DAGs
[2023-03-09T16:36:55.099+0000] {logging_mixin.py:137} INFO - [2023-03-09T16:36:55.099+0000] {dag.py:3441} INFO - Setting next_dagrun for example_short_circuit_decorator to 2023-03-08T16:36:55.098278+00:00, run_after=2023-03-09T16:36:55.098278+00:00
[2023-03-09T16:36:55.310+0000] {processor.py:175} INFO - Processing /home/airflow/.local/lib/python3.7/site-packages/airflow/example_dags/example_short_circuit_decorator.py took 2.227 seconds
[2023-03-09T16:38:11.082+0000] {processor.py:153} INFO - Started process (PID=1816) to work on /home/airflow/.local/lib/python3.7/site-packages/airflow/example_dags/example_short_circuit_decorator.py
[2023-03-09T16:38:11.097+0000] {processor.py:743} INFO - Processing file /home/airflow/.local/lib/python3.7/site-packages/airflow/example_dags/example_short_circuit_decorator.py for tasks to queue
[2023-03-09T16:38:11.113+0000] {logging_mixin.py:137} INFO - [2023-03-09T16:38:11.111+0000] {dagbag.py:538} INFO - Filling up the DagBag from /home/airflow/.local/lib/python3.7/site-packages/airflow/example_dags/example_short_circuit_decorator.py
[2023-03-09T16:38:11.611+0000] {processor.py:753} INFO - DAG(s) dict_keys(['example_short_circuit_decorator']) retrieved from /home/airflow/.local/lib/python3.7/site-packages/airflow/example_dags/example_short_circuit_decorator.py
[2023-03-09T16:38:11.941+0000] {logging_mixin.py:137} INFO - [2023-03-09T16:38:11.936+0000] {dag.py:2690} INFO - Sync 1 DAGs
[2023-03-09T16:38:12.430+0000] {logging_mixin.py:137} INFO - [2023-03-09T16:38:12.429+0000] {dag.py:3441} INFO - Setting next_dagrun for example_short_circuit_decorator to 2023-03-08T16:38:12.428534+00:00, run_after=2023-03-09T16:38:12.428534+00:00
[2023-03-09T16:38:12.676+0000] {processor.py:175} INFO - Processing /home/airflow/.local/lib/python3.7/site-packages/airflow/example_dags/example_short_circuit_decorator.py took 1.622 seconds
[2023-03-09T16:38:43.434+0000] {processor.py:153} INFO - Started process (PID=1893) to work on /home/airflow/.local/lib/python3.7/site-packages/airflow/example_dags/example_short_circuit_decorator.py
[2023-03-09T16:38:43.437+0000] {processor.py:743} INFO - Processing file /home/airflow/.local/lib/python3.7/site-packages/airflow/example_dags/example_short_circuit_decorator.py for tasks to queue
[2023-03-09T16:38:43.442+0000] {logging_mixin.py:137} INFO - [2023-03-09T16:38:43.442+0000] {dagbag.py:538} INFO - Filling up the DagBag from /home/airflow/.local/lib/python3.7/site-packages/airflow/example_dags/example_short_circuit_decorator.py
[2023-03-09T16:38:43.500+0000] {processor.py:753} INFO - DAG(s) dict_keys(['example_short_circuit_decorator']) retrieved from /home/airflow/.local/lib/python3.7/site-packages/airflow/example_dags/example_short_circuit_decorator.py
[2023-03-09T16:38:43.569+0000] {logging_mixin.py:137} INFO - [2023-03-09T16:38:43.569+0000] {dag.py:2690} INFO - Sync 1 DAGs
[2023-03-09T16:38:43.651+0000] {logging_mixin.py:137} INFO - [2023-03-09T16:38:43.651+0000] {dag.py:3441} INFO - Setting next_dagrun for example_short_circuit_decorator to 2023-03-08T16:38:43.650558+00:00, run_after=2023-03-09T16:38:43.650558+00:00
[2023-03-09T16:38:43.728+0000] {processor.py:175} INFO - Processing /home/airflow/.local/lib/python3.7/site-packages/airflow/example_dags/example_short_circuit_decorator.py took 0.307 seconds
[2023-03-09T16:39:13.864+0000] {processor.py:153} INFO - Started process (PID=1967) to work on /home/airflow/.local/lib/python3.7/site-packages/airflow/example_dags/example_short_circuit_decorator.py
[2023-03-09T16:39:13.868+0000] {processor.py:743} INFO - Processing file /home/airflow/.local/lib/python3.7/site-packages/airflow/example_dags/example_short_circuit_decorator.py for tasks to queue
[2023-03-09T16:39:13.870+0000] {logging_mixin.py:137} INFO - [2023-03-09T16:39:13.869+0000] {dagbag.py:538} INFO - Filling up the DagBag from /home/airflow/.local/lib/python3.7/site-packages/airflow/example_dags/example_short_circuit_decorator.py
[2023-03-09T16:39:13.903+0000] {processor.py:753} INFO - DAG(s) dict_keys(['example_short_circuit_decorator']) retrieved from /home/airflow/.local/lib/python3.7/site-packages/airflow/example_dags/example_short_circuit_decorator.py
[2023-03-09T16:39:13.942+0000] {logging_mixin.py:137} INFO - [2023-03-09T16:39:13.942+0000] {dag.py:2690} INFO - Sync 1 DAGs
[2023-03-09T16:39:13.974+0000] {logging_mixin.py:137} INFO - [2023-03-09T16:39:13.974+0000] {dag.py:3441} INFO - Setting next_dagrun for example_short_circuit_decorator to 2023-03-08T16:39:13.973958+00:00, run_after=2023-03-09T16:39:13.973958+00:00
[2023-03-09T16:39:14.003+0000] {processor.py:175} INFO - Processing /home/airflow/.local/lib/python3.7/site-packages/airflow/example_dags/example_short_circuit_decorator.py took 0.145 seconds
[2023-03-09T16:39:44.222+0000] {processor.py:153} INFO - Started process (PID=2040) to work on /home/airflow/.local/lib/python3.7/site-packages/airflow/example_dags/example_short_circuit_decorator.py
[2023-03-09T16:39:44.227+0000] {processor.py:743} INFO - Processing file /home/airflow/.local/lib/python3.7/site-packages/airflow/example_dags/example_short_circuit_decorator.py for tasks to queue
[2023-03-09T16:39:44.229+0000] {logging_mixin.py:137} INFO - [2023-03-09T16:39:44.229+0000] {dagbag.py:538} INFO - Filling up the DagBag from /home/airflow/.local/lib/python3.7/site-packages/airflow/example_dags/example_short_circuit_decorator.py
[2023-03-09T16:39:44.265+0000] {processor.py:753} INFO - DAG(s) dict_keys(['example_short_circuit_decorator']) retrieved from /home/airflow/.local/lib/python3.7/site-packages/airflow/example_dags/example_short_circuit_decorator.py
[2023-03-09T16:39:44.310+0000] {logging_mixin.py:137} INFO - [2023-03-09T16:39:44.310+0000] {dag.py:2690} INFO - Sync 1 DAGs
[2023-03-09T16:39:44.344+0000] {logging_mixin.py:137} INFO - [2023-03-09T16:39:44.344+0000] {dag.py:3441} INFO - Setting next_dagrun for example_short_circuit_decorator to 2023-03-08T16:39:44.343655+00:00, run_after=2023-03-09T16:39:44.343655+00:00
[2023-03-09T16:39:44.383+0000] {processor.py:175} INFO - Processing /home/airflow/.local/lib/python3.7/site-packages/airflow/example_dags/example_short_circuit_decorator.py took 0.169 seconds
[2023-03-09T16:40:14.697+0000] {processor.py:153} INFO - Started process (PID=2125) to work on /home/airflow/.local/lib/python3.7/site-packages/airflow/example_dags/example_short_circuit_decorator.py
[2023-03-09T16:40:14.699+0000] {processor.py:743} INFO - Processing file /home/airflow/.local/lib/python3.7/site-packages/airflow/example_dags/example_short_circuit_decorator.py for tasks to queue
[2023-03-09T16:40:14.702+0000] {logging_mixin.py:137} INFO - [2023-03-09T16:40:14.701+0000] {dagbag.py:538} INFO - Filling up the DagBag from /home/airflow/.local/lib/python3.7/site-packages/airflow/example_dags/example_short_circuit_decorator.py
[2023-03-09T16:40:14.735+0000] {processor.py:753} INFO - DAG(s) dict_keys(['example_short_circuit_decorator']) retrieved from /home/airflow/.local/lib/python3.7/site-packages/airflow/example_dags/example_short_circuit_decorator.py
[2023-03-09T16:40:14.773+0000] {logging_mixin.py:137} INFO - [2023-03-09T16:40:14.773+0000] {dag.py:2690} INFO - Sync 1 DAGs
[2023-03-09T16:40:14.810+0000] {logging_mixin.py:137} INFO - [2023-03-09T16:40:14.809+0000] {dag.py:3441} INFO - Setting next_dagrun for example_short_circuit_decorator to 2023-03-08T16:40:14.809497+00:00, run_after=2023-03-09T16:40:14.809497+00:00
[2023-03-09T16:40:14.836+0000] {processor.py:175} INFO - Processing /home/airflow/.local/lib/python3.7/site-packages/airflow/example_dags/example_short_circuit_decorator.py took 0.145 seconds
[2023-03-09T16:40:45.320+0000] {processor.py:153} INFO - Started process (PID=2198) to work on /home/airflow/.local/lib/python3.7/site-packages/airflow/example_dags/example_short_circuit_decorator.py
[2023-03-09T16:40:45.322+0000] {processor.py:743} INFO - Processing file /home/airflow/.local/lib/python3.7/site-packages/airflow/example_dags/example_short_circuit_decorator.py for tasks to queue
[2023-03-09T16:40:45.325+0000] {logging_mixin.py:137} INFO - [2023-03-09T16:40:45.324+0000] {dagbag.py:538} INFO - Filling up the DagBag from /home/airflow/.local/lib/python3.7/site-packages/airflow/example_dags/example_short_circuit_decorator.py
[2023-03-09T16:40:45.359+0000] {processor.py:753} INFO - DAG(s) dict_keys(['example_short_circuit_decorator']) retrieved from /home/airflow/.local/lib/python3.7/site-packages/airflow/example_dags/example_short_circuit_decorator.py
[2023-03-09T16:40:45.397+0000] {logging_mixin.py:137} INFO - [2023-03-09T16:40:45.397+0000] {dag.py:2690} INFO - Sync 1 DAGs
[2023-03-09T16:40:45.436+0000] {logging_mixin.py:137} INFO - [2023-03-09T16:40:45.436+0000] {dag.py:3441} INFO - Setting next_dagrun for example_short_circuit_decorator to 2023-03-08T16:40:45.435659+00:00, run_after=2023-03-09T16:40:45.435659+00:00
[2023-03-09T16:40:45.462+0000] {processor.py:175} INFO - Processing /home/airflow/.local/lib/python3.7/site-packages/airflow/example_dags/example_short_circuit_decorator.py took 0.147 seconds
[2023-03-09T16:41:15.511+0000] {processor.py:153} INFO - Started process (PID=2281) to work on /home/airflow/.local/lib/python3.7/site-packages/airflow/example_dags/example_short_circuit_decorator.py
[2023-03-09T16:41:15.513+0000] {processor.py:743} INFO - Processing file /home/airflow/.local/lib/python3.7/site-packages/airflow/example_dags/example_short_circuit_decorator.py for tasks to queue
[2023-03-09T16:41:15.514+0000] {logging_mixin.py:137} INFO - [2023-03-09T16:41:15.514+0000] {dagbag.py:538} INFO - Filling up the DagBag from /home/airflow/.local/lib/python3.7/site-packages/airflow/example_dags/example_short_circuit_decorator.py
[2023-03-09T16:41:15.550+0000] {processor.py:753} INFO - DAG(s) dict_keys(['example_short_circuit_decorator']) retrieved from /home/airflow/.local/lib/python3.7/site-packages/airflow/example_dags/example_short_circuit_decorator.py
[2023-03-09T16:41:15.587+0000] {logging_mixin.py:137} INFO - [2023-03-09T16:41:15.587+0000] {dag.py:2690} INFO - Sync 1 DAGs
[2023-03-09T16:41:15.644+0000] {logging_mixin.py:137} INFO - [2023-03-09T16:41:15.644+0000] {dag.py:3441} INFO - Setting next_dagrun for example_short_circuit_decorator to 2023-03-08T16:41:15.643832+00:00, run_after=2023-03-09T16:41:15.643832+00:00
[2023-03-09T16:41:15.672+0000] {processor.py:175} INFO - Processing /home/airflow/.local/lib/python3.7/site-packages/airflow/example_dags/example_short_circuit_decorator.py took 0.165 seconds
[2023-03-09T16:41:46.165+0000] {processor.py:153} INFO - Started process (PID=2356) to work on /home/airflow/.local/lib/python3.7/site-packages/airflow/example_dags/example_short_circuit_decorator.py
[2023-03-09T16:41:46.168+0000] {processor.py:743} INFO - Processing file /home/airflow/.local/lib/python3.7/site-packages/airflow/example_dags/example_short_circuit_decorator.py for tasks to queue
[2023-03-09T16:41:46.172+0000] {logging_mixin.py:137} INFO - [2023-03-09T16:41:46.172+0000] {dagbag.py:538} INFO - Filling up the DagBag from /home/airflow/.local/lib/python3.7/site-packages/airflow/example_dags/example_short_circuit_decorator.py
[2023-03-09T16:41:46.205+0000] {processor.py:753} INFO - DAG(s) dict_keys(['example_short_circuit_decorator']) retrieved from /home/airflow/.local/lib/python3.7/site-packages/airflow/example_dags/example_short_circuit_decorator.py
[2023-03-09T16:41:46.250+0000] {logging_mixin.py:137} INFO - [2023-03-09T16:41:46.250+0000] {dag.py:2690} INFO - Sync 1 DAGs
[2023-03-09T16:41:46.286+0000] {logging_mixin.py:137} INFO - [2023-03-09T16:41:46.285+0000] {dag.py:3441} INFO - Setting next_dagrun for example_short_circuit_decorator to 2023-03-08T16:41:46.285430+00:00, run_after=2023-03-09T16:41:46.285430+00:00
[2023-03-09T16:41:46.315+0000] {processor.py:175} INFO - Processing /home/airflow/.local/lib/python3.7/site-packages/airflow/example_dags/example_short_circuit_decorator.py took 0.154 seconds
[2023-03-09T16:42:16.461+0000] {processor.py:153} INFO - Started process (PID=2427) to work on /home/airflow/.local/lib/python3.7/site-packages/airflow/example_dags/example_short_circuit_decorator.py
[2023-03-09T16:42:16.463+0000] {processor.py:743} INFO - Processing file /home/airflow/.local/lib/python3.7/site-packages/airflow/example_dags/example_short_circuit_decorator.py for tasks to queue
[2023-03-09T16:42:16.465+0000] {logging_mixin.py:137} INFO - [2023-03-09T16:42:16.465+0000] {dagbag.py:538} INFO - Filling up the DagBag from /home/airflow/.local/lib/python3.7/site-packages/airflow/example_dags/example_short_circuit_decorator.py
[2023-03-09T16:42:16.497+0000] {processor.py:753} INFO - DAG(s) dict_keys(['example_short_circuit_decorator']) retrieved from /home/airflow/.local/lib/python3.7/site-packages/airflow/example_dags/example_short_circuit_decorator.py
[2023-03-09T16:42:16.531+0000] {logging_mixin.py:137} INFO - [2023-03-09T16:42:16.531+0000] {dag.py:2690} INFO - Sync 1 DAGs
[2023-03-09T16:42:16.564+0000] {logging_mixin.py:137} INFO - [2023-03-09T16:42:16.564+0000] {dag.py:3441} INFO - Setting next_dagrun for example_short_circuit_decorator to 2023-03-08T16:42:16.563797+00:00, run_after=2023-03-09T16:42:16.563797+00:00
[2023-03-09T16:42:16.589+0000] {processor.py:175} INFO - Processing /home/airflow/.local/lib/python3.7/site-packages/airflow/example_dags/example_short_circuit_decorator.py took 0.132 seconds
[2023-03-09T16:42:46.723+0000] {processor.py:153} INFO - Started process (PID=2513) to work on /home/airflow/.local/lib/python3.7/site-packages/airflow/example_dags/example_short_circuit_decorator.py
[2023-03-09T16:42:46.727+0000] {processor.py:743} INFO - Processing file /home/airflow/.local/lib/python3.7/site-packages/airflow/example_dags/example_short_circuit_decorator.py for tasks to queue
[2023-03-09T16:42:46.729+0000] {logging_mixin.py:137} INFO - [2023-03-09T16:42:46.729+0000] {dagbag.py:538} INFO - Filling up the DagBag from /home/airflow/.local/lib/python3.7/site-packages/airflow/example_dags/example_short_circuit_decorator.py
[2023-03-09T16:42:46.761+0000] {processor.py:753} INFO - DAG(s) dict_keys(['example_short_circuit_decorator']) retrieved from /home/airflow/.local/lib/python3.7/site-packages/airflow/example_dags/example_short_circuit_decorator.py
[2023-03-09T16:42:46.796+0000] {logging_mixin.py:137} INFO - [2023-03-09T16:42:46.796+0000] {dag.py:2690} INFO - Sync 1 DAGs
[2023-03-09T16:42:46.829+0000] {logging_mixin.py:137} INFO - [2023-03-09T16:42:46.828+0000] {dag.py:3441} INFO - Setting next_dagrun for example_short_circuit_decorator to 2023-03-08T16:42:46.828564+00:00, run_after=2023-03-09T16:42:46.828564+00:00
[2023-03-09T16:42:46.859+0000] {processor.py:175} INFO - Processing /home/airflow/.local/lib/python3.7/site-packages/airflow/example_dags/example_short_circuit_decorator.py took 0.140 seconds
[2023-03-09T16:43:17.612+0000] {processor.py:153} INFO - Started process (PID=2586) to work on /home/airflow/.local/lib/python3.7/site-packages/airflow/example_dags/example_short_circuit_decorator.py
[2023-03-09T16:43:17.617+0000] {processor.py:743} INFO - Processing file /home/airflow/.local/lib/python3.7/site-packages/airflow/example_dags/example_short_circuit_decorator.py for tasks to queue
[2023-03-09T16:43:17.625+0000] {logging_mixin.py:137} INFO - [2023-03-09T16:43:17.625+0000] {dagbag.py:538} INFO - Filling up the DagBag from /home/airflow/.local/lib/python3.7/site-packages/airflow/example_dags/example_short_circuit_decorator.py
[2023-03-09T16:43:17.662+0000] {processor.py:753} INFO - DAG(s) dict_keys(['example_short_circuit_decorator']) retrieved from /home/airflow/.local/lib/python3.7/site-packages/airflow/example_dags/example_short_circuit_decorator.py
[2023-03-09T16:43:17.702+0000] {logging_mixin.py:137} INFO - [2023-03-09T16:43:17.701+0000] {dag.py:2690} INFO - Sync 1 DAGs
[2023-03-09T16:43:17.739+0000] {logging_mixin.py:137} INFO - [2023-03-09T16:43:17.739+0000] {dag.py:3441} INFO - Setting next_dagrun for example_short_circuit_decorator to 2023-03-08T16:43:17.739420+00:00, run_after=2023-03-09T16:43:17.739420+00:00
[2023-03-09T16:43:17.770+0000] {processor.py:175} INFO - Processing /home/airflow/.local/lib/python3.7/site-packages/airflow/example_dags/example_short_circuit_decorator.py took 0.163 seconds
[2023-03-09T16:43:48.013+0000] {processor.py:153} INFO - Started process (PID=2668) to work on /home/airflow/.local/lib/python3.7/site-packages/airflow/example_dags/example_short_circuit_decorator.py
[2023-03-09T16:43:48.019+0000] {processor.py:743} INFO - Processing file /home/airflow/.local/lib/python3.7/site-packages/airflow/example_dags/example_short_circuit_decorator.py for tasks to queue
[2023-03-09T16:43:48.022+0000] {logging_mixin.py:137} INFO - [2023-03-09T16:43:48.022+0000] {dagbag.py:538} INFO - Filling up the DagBag from /home/airflow/.local/lib/python3.7/site-packages/airflow/example_dags/example_short_circuit_decorator.py
[2023-03-09T16:43:48.072+0000] {processor.py:753} INFO - DAG(s) dict_keys(['example_short_circuit_decorator']) retrieved from /home/airflow/.local/lib/python3.7/site-packages/airflow/example_dags/example_short_circuit_decorator.py
[2023-03-09T16:43:48.123+0000] {logging_mixin.py:137} INFO - [2023-03-09T16:43:48.123+0000] {dag.py:2690} INFO - Sync 1 DAGs
[2023-03-09T16:43:48.162+0000] {logging_mixin.py:137} INFO - [2023-03-09T16:43:48.161+0000] {dag.py:3441} INFO - Setting next_dagrun for example_short_circuit_decorator to 2023-03-08T16:43:48.161596+00:00, run_after=2023-03-09T16:43:48.161596+00:00
[2023-03-09T16:43:48.190+0000] {processor.py:175} INFO - Processing /home/airflow/.local/lib/python3.7/site-packages/airflow/example_dags/example_short_circuit_decorator.py took 0.184 seconds
[2023-03-09T16:44:18.439+0000] {processor.py:153} INFO - Started process (PID=2744) to work on /home/airflow/.local/lib/python3.7/site-packages/airflow/example_dags/example_short_circuit_decorator.py
[2023-03-09T16:44:18.445+0000] {processor.py:743} INFO - Processing file /home/airflow/.local/lib/python3.7/site-packages/airflow/example_dags/example_short_circuit_decorator.py for tasks to queue
[2023-03-09T16:44:18.448+0000] {logging_mixin.py:137} INFO - [2023-03-09T16:44:18.447+0000] {dagbag.py:538} INFO - Filling up the DagBag from /home/airflow/.local/lib/python3.7/site-packages/airflow/example_dags/example_short_circuit_decorator.py
[2023-03-09T16:44:18.490+0000] {processor.py:753} INFO - DAG(s) dict_keys(['example_short_circuit_decorator']) retrieved from /home/airflow/.local/lib/python3.7/site-packages/airflow/example_dags/example_short_circuit_decorator.py
[2023-03-09T16:44:18.540+0000] {logging_mixin.py:137} INFO - [2023-03-09T16:44:18.540+0000] {dag.py:2690} INFO - Sync 1 DAGs
[2023-03-09T16:44:18.592+0000] {logging_mixin.py:137} INFO - [2023-03-09T16:44:18.592+0000] {dag.py:3441} INFO - Setting next_dagrun for example_short_circuit_decorator to 2023-03-08T16:44:18.591862+00:00, run_after=2023-03-09T16:44:18.591862+00:00
[2023-03-09T16:44:18.629+0000] {processor.py:175} INFO - Processing /home/airflow/.local/lib/python3.7/site-packages/airflow/example_dags/example_short_circuit_decorator.py took 0.198 seconds
[2023-03-09T16:44:48.741+0000] {processor.py:153} INFO - Started process (PID=2817) to work on /home/airflow/.local/lib/python3.7/site-packages/airflow/example_dags/example_short_circuit_decorator.py
[2023-03-09T16:44:48.746+0000] {processor.py:743} INFO - Processing file /home/airflow/.local/lib/python3.7/site-packages/airflow/example_dags/example_short_circuit_decorator.py for tasks to queue
[2023-03-09T16:44:48.751+0000] {logging_mixin.py:137} INFO - [2023-03-09T16:44:48.751+0000] {dagbag.py:538} INFO - Filling up the DagBag from /home/airflow/.local/lib/python3.7/site-packages/airflow/example_dags/example_short_circuit_decorator.py
[2023-03-09T16:44:48.799+0000] {processor.py:753} INFO - DAG(s) dict_keys(['example_short_circuit_decorator']) retrieved from /home/airflow/.local/lib/python3.7/site-packages/airflow/example_dags/example_short_circuit_decorator.py
[2023-03-09T16:44:48.851+0000] {logging_mixin.py:137} INFO - [2023-03-09T16:44:48.850+0000] {dag.py:2690} INFO - Sync 1 DAGs
[2023-03-09T16:44:48.897+0000] {logging_mixin.py:137} INFO - [2023-03-09T16:44:48.897+0000] {dag.py:3441} INFO - Setting next_dagrun for example_short_circuit_decorator to 2023-03-08T16:44:48.897303+00:00, run_after=2023-03-09T16:44:48.897303+00:00
[2023-03-09T16:44:48.942+0000] {processor.py:175} INFO - Processing /home/airflow/.local/lib/python3.7/site-packages/airflow/example_dags/example_short_circuit_decorator.py took 0.207 seconds
[2023-03-09T16:45:19.159+0000] {processor.py:153} INFO - Started process (PID=2890) to work on /home/airflow/.local/lib/python3.7/site-packages/airflow/example_dags/example_short_circuit_decorator.py
[2023-03-09T16:45:19.165+0000] {processor.py:743} INFO - Processing file /home/airflow/.local/lib/python3.7/site-packages/airflow/example_dags/example_short_circuit_decorator.py for tasks to queue
[2023-03-09T16:45:19.167+0000] {logging_mixin.py:137} INFO - [2023-03-09T16:45:19.167+0000] {dagbag.py:538} INFO - Filling up the DagBag from /home/airflow/.local/lib/python3.7/site-packages/airflow/example_dags/example_short_circuit_decorator.py
[2023-03-09T16:45:19.209+0000] {processor.py:753} INFO - DAG(s) dict_keys(['example_short_circuit_decorator']) retrieved from /home/airflow/.local/lib/python3.7/site-packages/airflow/example_dags/example_short_circuit_decorator.py
[2023-03-09T16:45:19.258+0000] {logging_mixin.py:137} INFO - [2023-03-09T16:45:19.258+0000] {dag.py:2690} INFO - Sync 1 DAGs
[2023-03-09T16:45:19.300+0000] {logging_mixin.py:137} INFO - [2023-03-09T16:45:19.299+0000] {dag.py:3441} INFO - Setting next_dagrun for example_short_circuit_decorator to 2023-03-08T16:45:19.299623+00:00, run_after=2023-03-09T16:45:19.299623+00:00
[2023-03-09T16:45:19.339+0000] {processor.py:175} INFO - Processing /home/airflow/.local/lib/python3.7/site-packages/airflow/example_dags/example_short_circuit_decorator.py took 0.186 seconds
[2023-03-09T16:45:49.658+0000] {processor.py:153} INFO - Started process (PID=2970) to work on /home/airflow/.local/lib/python3.7/site-packages/airflow/example_dags/example_short_circuit_decorator.py
[2023-03-09T16:45:49.661+0000] {processor.py:743} INFO - Processing file /home/airflow/.local/lib/python3.7/site-packages/airflow/example_dags/example_short_circuit_decorator.py for tasks to queue
[2023-03-09T16:45:49.664+0000] {logging_mixin.py:137} INFO - [2023-03-09T16:45:49.663+0000] {dagbag.py:538} INFO - Filling up the DagBag from /home/airflow/.local/lib/python3.7/site-packages/airflow/example_dags/example_short_circuit_decorator.py
[2023-03-09T16:45:49.707+0000] {processor.py:753} INFO - DAG(s) dict_keys(['example_short_circuit_decorator']) retrieved from /home/airflow/.local/lib/python3.7/site-packages/airflow/example_dags/example_short_circuit_decorator.py
[2023-03-09T16:45:49.761+0000] {logging_mixin.py:137} INFO - [2023-03-09T16:45:49.760+0000] {dag.py:2690} INFO - Sync 1 DAGs
[2023-03-09T16:45:49.812+0000] {logging_mixin.py:137} INFO - [2023-03-09T16:45:49.811+0000] {dag.py:3441} INFO - Setting next_dagrun for example_short_circuit_decorator to 2023-03-08T16:45:49.811425+00:00, run_after=2023-03-09T16:45:49.811425+00:00
[2023-03-09T16:45:49.847+0000] {processor.py:175} INFO - Processing /home/airflow/.local/lib/python3.7/site-packages/airflow/example_dags/example_short_circuit_decorator.py took 0.197 seconds
[2023-03-09T16:46:20.588+0000] {processor.py:153} INFO - Started process (PID=3048) to work on /home/airflow/.local/lib/python3.7/site-packages/airflow/example_dags/example_short_circuit_decorator.py
[2023-03-09T16:46:20.591+0000] {processor.py:743} INFO - Processing file /home/airflow/.local/lib/python3.7/site-packages/airflow/example_dags/example_short_circuit_decorator.py for tasks to queue
[2023-03-09T16:46:20.594+0000] {logging_mixin.py:137} INFO - [2023-03-09T16:46:20.593+0000] {dagbag.py:538} INFO - Filling up the DagBag from /home/airflow/.local/lib/python3.7/site-packages/airflow/example_dags/example_short_circuit_decorator.py
[2023-03-09T16:46:20.644+0000] {processor.py:753} INFO - DAG(s) dict_keys(['example_short_circuit_decorator']) retrieved from /home/airflow/.local/lib/python3.7/site-packages/airflow/example_dags/example_short_circuit_decorator.py
[2023-03-09T16:46:20.689+0000] {logging_mixin.py:137} INFO - [2023-03-09T16:46:20.689+0000] {dag.py:2690} INFO - Sync 1 DAGs
[2023-03-09T16:46:20.733+0000] {logging_mixin.py:137} INFO - [2023-03-09T16:46:20.732+0000] {dag.py:3441} INFO - Setting next_dagrun for example_short_circuit_decorator to 2023-03-08T16:46:20.732450+00:00, run_after=2023-03-09T16:46:20.732450+00:00
[2023-03-09T16:46:20.767+0000] {processor.py:175} INFO - Processing /home/airflow/.local/lib/python3.7/site-packages/airflow/example_dags/example_short_circuit_decorator.py took 0.186 seconds
[2023-03-09T16:46:50.885+0000] {processor.py:153} INFO - Started process (PID=3119) to work on /home/airflow/.local/lib/python3.7/site-packages/airflow/example_dags/example_short_circuit_decorator.py
[2023-03-09T16:46:50.887+0000] {processor.py:743} INFO - Processing file /home/airflow/.local/lib/python3.7/site-packages/airflow/example_dags/example_short_circuit_decorator.py for tasks to queue
[2023-03-09T16:46:50.889+0000] {logging_mixin.py:137} INFO - [2023-03-09T16:46:50.889+0000] {dagbag.py:538} INFO - Filling up the DagBag from /home/airflow/.local/lib/python3.7/site-packages/airflow/example_dags/example_short_circuit_decorator.py
[2023-03-09T16:46:50.922+0000] {processor.py:753} INFO - DAG(s) dict_keys(['example_short_circuit_decorator']) retrieved from /home/airflow/.local/lib/python3.7/site-packages/airflow/example_dags/example_short_circuit_decorator.py
[2023-03-09T16:46:50.957+0000] {logging_mixin.py:137} INFO - [2023-03-09T16:46:50.956+0000] {dag.py:2690} INFO - Sync 1 DAGs
[2023-03-09T16:46:50.990+0000] {logging_mixin.py:137} INFO - [2023-03-09T16:46:50.990+0000] {dag.py:3441} INFO - Setting next_dagrun for example_short_circuit_decorator to 2023-03-08T16:46:50.989797+00:00, run_after=2023-03-09T16:46:50.989797+00:00
[2023-03-09T16:46:51.018+0000] {processor.py:175} INFO - Processing /home/airflow/.local/lib/python3.7/site-packages/airflow/example_dags/example_short_circuit_decorator.py took 0.139 seconds
[2023-03-09T16:47:21.774+0000] {processor.py:153} INFO - Started process (PID=3202) to work on /home/airflow/.local/lib/python3.7/site-packages/airflow/example_dags/example_short_circuit_decorator.py
[2023-03-09T16:47:21.778+0000] {processor.py:743} INFO - Processing file /home/airflow/.local/lib/python3.7/site-packages/airflow/example_dags/example_short_circuit_decorator.py for tasks to queue
[2023-03-09T16:47:21.780+0000] {logging_mixin.py:137} INFO - [2023-03-09T16:47:21.780+0000] {dagbag.py:538} INFO - Filling up the DagBag from /home/airflow/.local/lib/python3.7/site-packages/airflow/example_dags/example_short_circuit_decorator.py
[2023-03-09T16:47:21.814+0000] {processor.py:753} INFO - DAG(s) dict_keys(['example_short_circuit_decorator']) retrieved from /home/airflow/.local/lib/python3.7/site-packages/airflow/example_dags/example_short_circuit_decorator.py
[2023-03-09T16:47:21.850+0000] {logging_mixin.py:137} INFO - [2023-03-09T16:47:21.850+0000] {dag.py:2690} INFO - Sync 1 DAGs
[2023-03-09T16:47:21.883+0000] {logging_mixin.py:137} INFO - [2023-03-09T16:47:21.883+0000] {dag.py:3441} INFO - Setting next_dagrun for example_short_circuit_decorator to 2023-03-08T16:47:21.882990+00:00, run_after=2023-03-09T16:47:21.882990+00:00
[2023-03-09T16:47:21.906+0000] {processor.py:175} INFO - Processing /home/airflow/.local/lib/python3.7/site-packages/airflow/example_dags/example_short_circuit_decorator.py took 0.137 seconds
[2023-03-09T16:47:52.571+0000] {processor.py:153} INFO - Started process (PID=3274) to work on /home/airflow/.local/lib/python3.7/site-packages/airflow/example_dags/example_short_circuit_decorator.py
[2023-03-09T16:47:52.573+0000] {processor.py:743} INFO - Processing file /home/airflow/.local/lib/python3.7/site-packages/airflow/example_dags/example_short_circuit_decorator.py for tasks to queue
[2023-03-09T16:47:52.575+0000] {logging_mixin.py:137} INFO - [2023-03-09T16:47:52.575+0000] {dagbag.py:538} INFO - Filling up the DagBag from /home/airflow/.local/lib/python3.7/site-packages/airflow/example_dags/example_short_circuit_decorator.py
[2023-03-09T16:47:52.609+0000] {processor.py:753} INFO - DAG(s) dict_keys(['example_short_circuit_decorator']) retrieved from /home/airflow/.local/lib/python3.7/site-packages/airflow/example_dags/example_short_circuit_decorator.py
[2023-03-09T16:47:52.644+0000] {logging_mixin.py:137} INFO - [2023-03-09T16:47:52.644+0000] {dag.py:2690} INFO - Sync 1 DAGs
[2023-03-09T16:47:52.680+0000] {logging_mixin.py:137} INFO - [2023-03-09T16:47:52.680+0000] {dag.py:3441} INFO - Setting next_dagrun for example_short_circuit_decorator to 2023-03-08T16:47:52.679998+00:00, run_after=2023-03-09T16:47:52.679998+00:00
[2023-03-09T16:47:52.709+0000] {processor.py:175} INFO - Processing /home/airflow/.local/lib/python3.7/site-packages/airflow/example_dags/example_short_circuit_decorator.py took 0.142 seconds
[2023-03-09T16:48:22.842+0000] {processor.py:153} INFO - Started process (PID=3355) to work on /home/airflow/.local/lib/python3.7/site-packages/airflow/example_dags/example_short_circuit_decorator.py
[2023-03-09T16:48:22.844+0000] {processor.py:743} INFO - Processing file /home/airflow/.local/lib/python3.7/site-packages/airflow/example_dags/example_short_circuit_decorator.py for tasks to queue
[2023-03-09T16:48:22.846+0000] {logging_mixin.py:137} INFO - [2023-03-09T16:48:22.846+0000] {dagbag.py:538} INFO - Filling up the DagBag from /home/airflow/.local/lib/python3.7/site-packages/airflow/example_dags/example_short_circuit_decorator.py
[2023-03-09T16:48:22.878+0000] {processor.py:753} INFO - DAG(s) dict_keys(['example_short_circuit_decorator']) retrieved from /home/airflow/.local/lib/python3.7/site-packages/airflow/example_dags/example_short_circuit_decorator.py
[2023-03-09T16:48:22.914+0000] {logging_mixin.py:137} INFO - [2023-03-09T16:48:22.914+0000] {dag.py:2690} INFO - Sync 1 DAGs
[2023-03-09T16:48:22.950+0000] {logging_mixin.py:137} INFO - [2023-03-09T16:48:22.949+0000] {dag.py:3441} INFO - Setting next_dagrun for example_short_circuit_decorator to 2023-03-08T16:48:22.949480+00:00, run_after=2023-03-09T16:48:22.949480+00:00
[2023-03-09T16:48:22.976+0000] {processor.py:175} INFO - Processing /home/airflow/.local/lib/python3.7/site-packages/airflow/example_dags/example_short_circuit_decorator.py took 0.140 seconds
[2023-03-09T16:48:53.536+0000] {processor.py:153} INFO - Started process (PID=3430) to work on /home/airflow/.local/lib/python3.7/site-packages/airflow/example_dags/example_short_circuit_decorator.py
[2023-03-09T16:48:53.538+0000] {processor.py:743} INFO - Processing file /home/airflow/.local/lib/python3.7/site-packages/airflow/example_dags/example_short_circuit_decorator.py for tasks to queue
[2023-03-09T16:48:53.540+0000] {logging_mixin.py:137} INFO - [2023-03-09T16:48:53.539+0000] {dagbag.py:538} INFO - Filling up the DagBag from /home/airflow/.local/lib/python3.7/site-packages/airflow/example_dags/example_short_circuit_decorator.py
[2023-03-09T16:48:53.574+0000] {processor.py:753} INFO - DAG(s) dict_keys(['example_short_circuit_decorator']) retrieved from /home/airflow/.local/lib/python3.7/site-packages/airflow/example_dags/example_short_circuit_decorator.py
[2023-03-09T16:48:53.612+0000] {logging_mixin.py:137} INFO - [2023-03-09T16:48:53.612+0000] {dag.py:2690} INFO - Sync 1 DAGs
[2023-03-09T16:48:53.654+0000] {logging_mixin.py:137} INFO - [2023-03-09T16:48:53.654+0000] {dag.py:3441} INFO - Setting next_dagrun for example_short_circuit_decorator to 2023-03-08T16:48:53.653661+00:00, run_after=2023-03-09T16:48:53.653661+00:00
[2023-03-09T16:48:53.684+0000] {processor.py:175} INFO - Processing /home/airflow/.local/lib/python3.7/site-packages/airflow/example_dags/example_short_circuit_decorator.py took 0.157 seconds
[2023-03-09T16:49:23.957+0000] {processor.py:153} INFO - Started process (PID=3502) to work on /home/airflow/.local/lib/python3.7/site-packages/airflow/example_dags/example_short_circuit_decorator.py
[2023-03-09T16:49:23.959+0000] {processor.py:743} INFO - Processing file /home/airflow/.local/lib/python3.7/site-packages/airflow/example_dags/example_short_circuit_decorator.py for tasks to queue
[2023-03-09T16:49:23.961+0000] {logging_mixin.py:137} INFO - [2023-03-09T16:49:23.961+0000] {dagbag.py:538} INFO - Filling up the DagBag from /home/airflow/.local/lib/python3.7/site-packages/airflow/example_dags/example_short_circuit_decorator.py
[2023-03-09T16:49:23.994+0000] {processor.py:753} INFO - DAG(s) dict_keys(['example_short_circuit_decorator']) retrieved from /home/airflow/.local/lib/python3.7/site-packages/airflow/example_dags/example_short_circuit_decorator.py
[2023-03-09T16:49:24.031+0000] {logging_mixin.py:137} INFO - [2023-03-09T16:49:24.030+0000] {dag.py:2690} INFO - Sync 1 DAGs
[2023-03-09T16:49:24.062+0000] {logging_mixin.py:137} INFO - [2023-03-09T16:49:24.062+0000] {dag.py:3441} INFO - Setting next_dagrun for example_short_circuit_decorator to 2023-03-08T16:49:24.062383+00:00, run_after=2023-03-09T16:49:24.062383+00:00
[2023-03-09T16:49:24.092+0000] {processor.py:175} INFO - Processing /home/airflow/.local/lib/python3.7/site-packages/airflow/example_dags/example_short_circuit_decorator.py took 0.141 seconds
[2023-03-09T16:49:54.304+0000] {processor.py:153} INFO - Started process (PID=3587) to work on /home/airflow/.local/lib/python3.7/site-packages/airflow/example_dags/example_short_circuit_decorator.py
[2023-03-09T16:49:54.307+0000] {processor.py:743} INFO - Processing file /home/airflow/.local/lib/python3.7/site-packages/airflow/example_dags/example_short_circuit_decorator.py for tasks to queue
[2023-03-09T16:49:54.310+0000] {logging_mixin.py:137} INFO - [2023-03-09T16:49:54.310+0000] {dagbag.py:538} INFO - Filling up the DagBag from /home/airflow/.local/lib/python3.7/site-packages/airflow/example_dags/example_short_circuit_decorator.py
[2023-03-09T16:49:54.343+0000] {processor.py:753} INFO - DAG(s) dict_keys(['example_short_circuit_decorator']) retrieved from /home/airflow/.local/lib/python3.7/site-packages/airflow/example_dags/example_short_circuit_decorator.py
[2023-03-09T16:49:54.382+0000] {logging_mixin.py:137} INFO - [2023-03-09T16:49:54.382+0000] {dag.py:2690} INFO - Sync 1 DAGs
[2023-03-09T16:49:54.416+0000] {logging_mixin.py:137} INFO - [2023-03-09T16:49:54.416+0000] {dag.py:3441} INFO - Setting next_dagrun for example_short_circuit_decorator to 2023-03-08T16:49:54.415969+00:00, run_after=2023-03-09T16:49:54.415969+00:00
[2023-03-09T16:49:54.442+0000] {processor.py:175} INFO - Processing /home/airflow/.local/lib/python3.7/site-packages/airflow/example_dags/example_short_circuit_decorator.py took 0.143 seconds
