[2023-03-09T01:14:31.601+0000] {processor.py:153} INFO - Started process (PID=84) to work on /home/airflow/.local/lib/python3.7/site-packages/airflow/example_dags/example_python_operator.py
[2023-03-09T01:14:31.605+0000] {processor.py:743} INFO - Processing file /home/airflow/.local/lib/python3.7/site-packages/airflow/example_dags/example_python_operator.py for tasks to queue
[2023-03-09T01:14:31.609+0000] {logging_mixin.py:137} INFO - [2023-03-09T01:14:31.608+0000] {dagbag.py:538} INFO - Filling up the DagBag from /home/airflow/.local/lib/python3.7/site-packages/airflow/example_dags/example_python_operator.py
[2023-03-09T01:14:31.676+0000] {logging_mixin.py:137} INFO - [2023-03-09T01:14:31.675+0000] {taskmixin.py:205} WARNING - Dependency <Task(_PythonDecoratedOperator): print_the_context>, log_sql_query already registered for DAG: example_python_operator
[2023-03-09T01:14:31.679+0000] {logging_mixin.py:137} INFO - [2023-03-09T01:14:31.678+0000] {taskmixin.py:205} WARNING - Dependency <Task(_PythonDecoratedOperator): log_sql_query>, print_the_context already registered for DAG: example_python_operator
[2023-03-09T01:14:31.686+0000] {logging_mixin.py:137} INFO - [2023-03-09T01:14:31.686+0000] {taskmixin.py:205} WARNING - Dependency <Task(_PythonDecoratedOperator): print_the_context>, log_sql_query already registered for DAG: example_python_operator
[2023-03-09T01:14:31.689+0000] {logging_mixin.py:137} INFO - [2023-03-09T01:14:31.688+0000] {taskmixin.py:205} WARNING - Dependency <Task(_PythonDecoratedOperator): log_sql_query>, print_the_context already registered for DAG: example_python_operator
[2023-03-09T01:14:31.697+0000] {logging_mixin.py:137} INFO - [2023-03-09T01:14:31.697+0000] {taskmixin.py:205} WARNING - Dependency <Task(_PythonDecoratedOperator): print_the_context>, log_sql_query already registered for DAG: example_python_operator
[2023-03-09T01:14:31.700+0000] {logging_mixin.py:137} INFO - [2023-03-09T01:14:31.699+0000] {taskmixin.py:205} WARNING - Dependency <Task(_PythonDecoratedOperator): log_sql_query>, print_the_context already registered for DAG: example_python_operator
[2023-03-09T01:14:31.704+0000] {logging_mixin.py:137} INFO - [2023-03-09T01:14:31.704+0000] {taskmixin.py:205} WARNING - Dependency <Task(_PythonDecoratedOperator): print_the_context>, log_sql_query already registered for DAG: example_python_operator
[2023-03-09T01:14:31.707+0000] {logging_mixin.py:137} INFO - [2023-03-09T01:14:31.706+0000] {taskmixin.py:205} WARNING - Dependency <Task(_PythonDecoratedOperator): log_sql_query>, print_the_context already registered for DAG: example_python_operator
[2023-03-09T01:14:31.744+0000] {processor.py:753} INFO - DAG(s) dict_keys(['example_python_operator']) retrieved from /home/airflow/.local/lib/python3.7/site-packages/airflow/example_dags/example_python_operator.py
[2023-03-09T01:14:31.966+0000] {logging_mixin.py:137} INFO - [2023-03-09T01:14:31.966+0000] {dag.py:2690} INFO - Sync 1 DAGs
[2023-03-09T01:14:32.071+0000] {logging_mixin.py:137} INFO - [2023-03-09T01:14:32.071+0000] {dag.py:3441} INFO - Setting next_dagrun for example_python_operator to None, run_after=None
[2023-03-09T01:14:32.147+0000] {processor.py:175} INFO - Processing /home/airflow/.local/lib/python3.7/site-packages/airflow/example_dags/example_python_operator.py took 0.560 seconds
[2023-03-09T01:15:02.297+0000] {processor.py:153} INFO - Started process (PID=155) to work on /home/airflow/.local/lib/python3.7/site-packages/airflow/example_dags/example_python_operator.py
[2023-03-09T01:15:02.301+0000] {processor.py:743} INFO - Processing file /home/airflow/.local/lib/python3.7/site-packages/airflow/example_dags/example_python_operator.py for tasks to queue
[2023-03-09T01:15:02.304+0000] {logging_mixin.py:137} INFO - [2023-03-09T01:15:02.304+0000] {dagbag.py:538} INFO - Filling up the DagBag from /home/airflow/.local/lib/python3.7/site-packages/airflow/example_dags/example_python_operator.py
[2023-03-09T01:15:02.344+0000] {logging_mixin.py:137} INFO - [2023-03-09T01:15:02.344+0000] {taskmixin.py:205} WARNING - Dependency <Task(_PythonDecoratedOperator): print_the_context>, log_sql_query already registered for DAG: example_python_operator
[2023-03-09T01:15:02.349+0000] {logging_mixin.py:137} INFO - [2023-03-09T01:15:02.348+0000] {taskmixin.py:205} WARNING - Dependency <Task(_PythonDecoratedOperator): log_sql_query>, print_the_context already registered for DAG: example_python_operator
[2023-03-09T01:15:02.355+0000] {logging_mixin.py:137} INFO - [2023-03-09T01:15:02.354+0000] {taskmixin.py:205} WARNING - Dependency <Task(_PythonDecoratedOperator): print_the_context>, log_sql_query already registered for DAG: example_python_operator
[2023-03-09T01:15:02.357+0000] {logging_mixin.py:137} INFO - [2023-03-09T01:15:02.356+0000] {taskmixin.py:205} WARNING - Dependency <Task(_PythonDecoratedOperator): log_sql_query>, print_the_context already registered for DAG: example_python_operator
[2023-03-09T01:15:02.361+0000] {logging_mixin.py:137} INFO - [2023-03-09T01:15:02.360+0000] {taskmixin.py:205} WARNING - Dependency <Task(_PythonDecoratedOperator): print_the_context>, log_sql_query already registered for DAG: example_python_operator
[2023-03-09T01:15:02.362+0000] {logging_mixin.py:137} INFO - [2023-03-09T01:15:02.362+0000] {taskmixin.py:205} WARNING - Dependency <Task(_PythonDecoratedOperator): log_sql_query>, print_the_context already registered for DAG: example_python_operator
[2023-03-09T01:15:02.365+0000] {logging_mixin.py:137} INFO - [2023-03-09T01:15:02.365+0000] {taskmixin.py:205} WARNING - Dependency <Task(_PythonDecoratedOperator): print_the_context>, log_sql_query already registered for DAG: example_python_operator
[2023-03-09T01:15:02.370+0000] {logging_mixin.py:137} INFO - [2023-03-09T01:15:02.369+0000] {taskmixin.py:205} WARNING - Dependency <Task(_PythonDecoratedOperator): log_sql_query>, print_the_context already registered for DAG: example_python_operator
[2023-03-09T01:15:02.387+0000] {processor.py:753} INFO - DAG(s) dict_keys(['example_python_operator']) retrieved from /home/airflow/.local/lib/python3.7/site-packages/airflow/example_dags/example_python_operator.py
[2023-03-09T01:15:02.462+0000] {logging_mixin.py:137} INFO - [2023-03-09T01:15:02.462+0000] {dag.py:2690} INFO - Sync 1 DAGs
[2023-03-09T01:15:02.527+0000] {logging_mixin.py:137} INFO - [2023-03-09T01:15:02.527+0000] {dag.py:3441} INFO - Setting next_dagrun for example_python_operator to None, run_after=None
[2023-03-09T01:15:02.568+0000] {processor.py:175} INFO - Processing /home/airflow/.local/lib/python3.7/site-packages/airflow/example_dags/example_python_operator.py took 0.280 seconds
[2023-03-09T01:15:34.280+0000] {processor.py:153} INFO - Started process (PID=239) to work on /home/airflow/.local/lib/python3.7/site-packages/airflow/example_dags/example_python_operator.py
[2023-03-09T01:15:34.284+0000] {processor.py:743} INFO - Processing file /home/airflow/.local/lib/python3.7/site-packages/airflow/example_dags/example_python_operator.py for tasks to queue
[2023-03-09T01:15:34.286+0000] {logging_mixin.py:137} INFO - [2023-03-09T01:15:34.286+0000] {dagbag.py:538} INFO - Filling up the DagBag from /home/airflow/.local/lib/python3.7/site-packages/airflow/example_dags/example_python_operator.py
[2023-03-09T01:15:34.327+0000] {logging_mixin.py:137} INFO - [2023-03-09T01:15:34.327+0000] {taskmixin.py:205} WARNING - Dependency <Task(_PythonDecoratedOperator): print_the_context>, log_sql_query already registered for DAG: example_python_operator
[2023-03-09T01:15:34.329+0000] {logging_mixin.py:137} INFO - [2023-03-09T01:15:34.329+0000] {taskmixin.py:205} WARNING - Dependency <Task(_PythonDecoratedOperator): log_sql_query>, print_the_context already registered for DAG: example_python_operator
[2023-03-09T01:15:34.333+0000] {logging_mixin.py:137} INFO - [2023-03-09T01:15:34.333+0000] {taskmixin.py:205} WARNING - Dependency <Task(_PythonDecoratedOperator): print_the_context>, log_sql_query already registered for DAG: example_python_operator
[2023-03-09T01:15:34.335+0000] {logging_mixin.py:137} INFO - [2023-03-09T01:15:34.335+0000] {taskmixin.py:205} WARNING - Dependency <Task(_PythonDecoratedOperator): log_sql_query>, print_the_context already registered for DAG: example_python_operator
[2023-03-09T01:15:34.341+0000] {logging_mixin.py:137} INFO - [2023-03-09T01:15:34.341+0000] {taskmixin.py:205} WARNING - Dependency <Task(_PythonDecoratedOperator): print_the_context>, log_sql_query already registered for DAG: example_python_operator
[2023-03-09T01:15:34.344+0000] {logging_mixin.py:137} INFO - [2023-03-09T01:15:34.344+0000] {taskmixin.py:205} WARNING - Dependency <Task(_PythonDecoratedOperator): log_sql_query>, print_the_context already registered for DAG: example_python_operator
[2023-03-09T01:15:34.346+0000] {logging_mixin.py:137} INFO - [2023-03-09T01:15:34.346+0000] {taskmixin.py:205} WARNING - Dependency <Task(_PythonDecoratedOperator): print_the_context>, log_sql_query already registered for DAG: example_python_operator
[2023-03-09T01:15:34.348+0000] {logging_mixin.py:137} INFO - [2023-03-09T01:15:34.348+0000] {taskmixin.py:205} WARNING - Dependency <Task(_PythonDecoratedOperator): log_sql_query>, print_the_context already registered for DAG: example_python_operator
[2023-03-09T01:15:34.363+0000] {processor.py:753} INFO - DAG(s) dict_keys(['example_python_operator']) retrieved from /home/airflow/.local/lib/python3.7/site-packages/airflow/example_dags/example_python_operator.py
[2023-03-09T01:15:34.419+0000] {logging_mixin.py:137} INFO - [2023-03-09T01:15:34.419+0000] {dag.py:2690} INFO - Sync 1 DAGs
[2023-03-09T01:15:34.469+0000] {logging_mixin.py:137} INFO - [2023-03-09T01:15:34.469+0000] {dag.py:3441} INFO - Setting next_dagrun for example_python_operator to None, run_after=None
[2023-03-09T01:15:34.507+0000] {processor.py:175} INFO - Processing /home/airflow/.local/lib/python3.7/site-packages/airflow/example_dags/example_python_operator.py took 0.232 seconds
[2023-03-09T01:16:04.926+0000] {processor.py:153} INFO - Started process (PID=312) to work on /home/airflow/.local/lib/python3.7/site-packages/airflow/example_dags/example_python_operator.py
[2023-03-09T01:16:04.929+0000] {processor.py:743} INFO - Processing file /home/airflow/.local/lib/python3.7/site-packages/airflow/example_dags/example_python_operator.py for tasks to queue
[2023-03-09T01:16:04.932+0000] {logging_mixin.py:137} INFO - [2023-03-09T01:16:04.932+0000] {dagbag.py:538} INFO - Filling up the DagBag from /home/airflow/.local/lib/python3.7/site-packages/airflow/example_dags/example_python_operator.py
[2023-03-09T01:16:04.961+0000] {logging_mixin.py:137} INFO - [2023-03-09T01:16:04.961+0000] {taskmixin.py:205} WARNING - Dependency <Task(_PythonDecoratedOperator): print_the_context>, log_sql_query already registered for DAG: example_python_operator
[2023-03-09T01:16:04.963+0000] {logging_mixin.py:137} INFO - [2023-03-09T01:16:04.963+0000] {taskmixin.py:205} WARNING - Dependency <Task(_PythonDecoratedOperator): log_sql_query>, print_the_context already registered for DAG: example_python_operator
[2023-03-09T01:16:04.966+0000] {logging_mixin.py:137} INFO - [2023-03-09T01:16:04.965+0000] {taskmixin.py:205} WARNING - Dependency <Task(_PythonDecoratedOperator): print_the_context>, log_sql_query already registered for DAG: example_python_operator
[2023-03-09T01:16:04.968+0000] {logging_mixin.py:137} INFO - [2023-03-09T01:16:04.968+0000] {taskmixin.py:205} WARNING - Dependency <Task(_PythonDecoratedOperator): log_sql_query>, print_the_context already registered for DAG: example_python_operator
[2023-03-09T01:16:04.972+0000] {logging_mixin.py:137} INFO - [2023-03-09T01:16:04.972+0000] {taskmixin.py:205} WARNING - Dependency <Task(_PythonDecoratedOperator): print_the_context>, log_sql_query already registered for DAG: example_python_operator
[2023-03-09T01:16:04.974+0000] {logging_mixin.py:137} INFO - [2023-03-09T01:16:04.974+0000] {taskmixin.py:205} WARNING - Dependency <Task(_PythonDecoratedOperator): log_sql_query>, print_the_context already registered for DAG: example_python_operator
[2023-03-09T01:16:04.977+0000] {logging_mixin.py:137} INFO - [2023-03-09T01:16:04.977+0000] {taskmixin.py:205} WARNING - Dependency <Task(_PythonDecoratedOperator): print_the_context>, log_sql_query already registered for DAG: example_python_operator
[2023-03-09T01:16:04.980+0000] {logging_mixin.py:137} INFO - [2023-03-09T01:16:04.980+0000] {taskmixin.py:205} WARNING - Dependency <Task(_PythonDecoratedOperator): log_sql_query>, print_the_context already registered for DAG: example_python_operator
[2023-03-09T01:16:04.992+0000] {processor.py:753} INFO - DAG(s) dict_keys(['example_python_operator']) retrieved from /home/airflow/.local/lib/python3.7/site-packages/airflow/example_dags/example_python_operator.py
[2023-03-09T01:16:05.042+0000] {logging_mixin.py:137} INFO - [2023-03-09T01:16:05.042+0000] {dag.py:2690} INFO - Sync 1 DAGs
[2023-03-09T01:16:05.088+0000] {logging_mixin.py:137} INFO - [2023-03-09T01:16:05.088+0000] {dag.py:3441} INFO - Setting next_dagrun for example_python_operator to None, run_after=None
[2023-03-09T01:16:05.120+0000] {processor.py:175} INFO - Processing /home/airflow/.local/lib/python3.7/site-packages/airflow/example_dags/example_python_operator.py took 0.200 seconds
[2023-03-09T01:16:36.185+0000] {processor.py:153} INFO - Started process (PID=385) to work on /home/airflow/.local/lib/python3.7/site-packages/airflow/example_dags/example_python_operator.py
[2023-03-09T01:16:36.188+0000] {processor.py:743} INFO - Processing file /home/airflow/.local/lib/python3.7/site-packages/airflow/example_dags/example_python_operator.py for tasks to queue
[2023-03-09T01:16:36.193+0000] {logging_mixin.py:137} INFO - [2023-03-09T01:16:36.192+0000] {dagbag.py:538} INFO - Filling up the DagBag from /home/airflow/.local/lib/python3.7/site-packages/airflow/example_dags/example_python_operator.py
[2023-03-09T01:16:36.246+0000] {logging_mixin.py:137} INFO - [2023-03-09T01:16:36.246+0000] {taskmixin.py:205} WARNING - Dependency <Task(_PythonDecoratedOperator): print_the_context>, log_sql_query already registered for DAG: example_python_operator
[2023-03-09T01:16:36.248+0000] {logging_mixin.py:137} INFO - [2023-03-09T01:16:36.248+0000] {taskmixin.py:205} WARNING - Dependency <Task(_PythonDecoratedOperator): log_sql_query>, print_the_context already registered for DAG: example_python_operator
[2023-03-09T01:16:36.252+0000] {logging_mixin.py:137} INFO - [2023-03-09T01:16:36.251+0000] {taskmixin.py:205} WARNING - Dependency <Task(_PythonDecoratedOperator): print_the_context>, log_sql_query already registered for DAG: example_python_operator
[2023-03-09T01:16:36.255+0000] {logging_mixin.py:137} INFO - [2023-03-09T01:16:36.254+0000] {taskmixin.py:205} WARNING - Dependency <Task(_PythonDecoratedOperator): log_sql_query>, print_the_context already registered for DAG: example_python_operator
[2023-03-09T01:16:36.258+0000] {logging_mixin.py:137} INFO - [2023-03-09T01:16:36.258+0000] {taskmixin.py:205} WARNING - Dependency <Task(_PythonDecoratedOperator): print_the_context>, log_sql_query already registered for DAG: example_python_operator
[2023-03-09T01:16:36.260+0000] {logging_mixin.py:137} INFO - [2023-03-09T01:16:36.260+0000] {taskmixin.py:205} WARNING - Dependency <Task(_PythonDecoratedOperator): log_sql_query>, print_the_context already registered for DAG: example_python_operator
[2023-03-09T01:16:36.263+0000] {logging_mixin.py:137} INFO - [2023-03-09T01:16:36.262+0000] {taskmixin.py:205} WARNING - Dependency <Task(_PythonDecoratedOperator): print_the_context>, log_sql_query already registered for DAG: example_python_operator
[2023-03-09T01:16:36.264+0000] {logging_mixin.py:137} INFO - [2023-03-09T01:16:36.264+0000] {taskmixin.py:205} WARNING - Dependency <Task(_PythonDecoratedOperator): log_sql_query>, print_the_context already registered for DAG: example_python_operator
[2023-03-09T01:16:36.292+0000] {processor.py:753} INFO - DAG(s) dict_keys(['example_python_operator']) retrieved from /home/airflow/.local/lib/python3.7/site-packages/airflow/example_dags/example_python_operator.py
[2023-03-09T01:16:36.398+0000] {logging_mixin.py:137} INFO - [2023-03-09T01:16:36.397+0000] {dag.py:2690} INFO - Sync 1 DAGs
[2023-03-09T01:16:36.457+0000] {logging_mixin.py:137} INFO - [2023-03-09T01:16:36.456+0000] {dag.py:3441} INFO - Setting next_dagrun for example_python_operator to None, run_after=None
[2023-03-09T01:16:36.500+0000] {processor.py:175} INFO - Processing /home/airflow/.local/lib/python3.7/site-packages/airflow/example_dags/example_python_operator.py took 0.322 seconds
