[2023-03-09T01:14:27.356+0000] {processor.py:153} INFO - Started process (PID=64) to work on /home/airflow/.local/lib/python3.7/site-packages/airflow/example_dags/tutorial.py
[2023-03-09T01:14:27.360+0000] {processor.py:743} INFO - Processing file /home/airflow/.local/lib/python3.7/site-packages/airflow/example_dags/tutorial.py for tasks to queue
[2023-03-09T01:14:27.363+0000] {logging_mixin.py:137} INFO - [2023-03-09T01:14:27.363+0000] {dagbag.py:538} INFO - Filling up the DagBag from /home/airflow/.local/lib/python3.7/site-packages/airflow/example_dags/tutorial.py
[2023-03-09T01:14:27.390+0000] {processor.py:753} INFO - DAG(s) dict_keys(['tutorial']) retrieved from /home/airflow/.local/lib/python3.7/site-packages/airflow/example_dags/tutorial.py
[2023-03-09T01:14:27.445+0000] {logging_mixin.py:137} INFO - [2023-03-09T01:14:27.445+0000] {dag.py:2690} INFO - Sync 1 DAGs
[2023-03-09T01:14:27.519+0000] {logging_mixin.py:137} INFO - [2023-03-09T01:14:27.518+0000] {dag.py:3441} INFO - Setting next_dagrun for tutorial to 2023-03-08T01:14:27.517639+00:00, run_after=2023-03-09T01:14:27.517639+00:00
[2023-03-09T01:14:27.565+0000] {processor.py:175} INFO - Processing /home/airflow/.local/lib/python3.7/site-packages/airflow/example_dags/tutorial.py took 0.217 seconds
[2023-03-09T01:14:59.577+0000] {processor.py:153} INFO - Started process (PID=135) to work on /home/airflow/.local/lib/python3.7/site-packages/airflow/example_dags/tutorial.py
[2023-03-09T01:14:59.580+0000] {processor.py:743} INFO - Processing file /home/airflow/.local/lib/python3.7/site-packages/airflow/example_dags/tutorial.py for tasks to queue
[2023-03-09T01:14:59.584+0000] {logging_mixin.py:137} INFO - [2023-03-09T01:14:59.584+0000] {dagbag.py:538} INFO - Filling up the DagBag from /home/airflow/.local/lib/python3.7/site-packages/airflow/example_dags/tutorial.py
[2023-03-09T01:14:59.617+0000] {processor.py:753} INFO - DAG(s) dict_keys(['tutorial']) retrieved from /home/airflow/.local/lib/python3.7/site-packages/airflow/example_dags/tutorial.py
[2023-03-09T01:14:59.674+0000] {logging_mixin.py:137} INFO - [2023-03-09T01:14:59.673+0000] {dag.py:2690} INFO - Sync 1 DAGs
[2023-03-09T01:14:59.721+0000] {logging_mixin.py:137} INFO - [2023-03-09T01:14:59.721+0000] {dag.py:3441} INFO - Setting next_dagrun for tutorial to 2023-03-08T01:14:59.721303+00:00, run_after=2023-03-09T01:14:59.721303+00:00
[2023-03-09T01:14:59.758+0000] {processor.py:175} INFO - Processing /home/airflow/.local/lib/python3.7/site-packages/airflow/example_dags/tutorial.py took 0.188 seconds
[2023-03-09T01:15:30.554+0000] {processor.py:153} INFO - Started process (PID=207) to work on /home/airflow/.local/lib/python3.7/site-packages/airflow/example_dags/tutorial.py
[2023-03-09T01:15:30.557+0000] {processor.py:743} INFO - Processing file /home/airflow/.local/lib/python3.7/site-packages/airflow/example_dags/tutorial.py for tasks to queue
[2023-03-09T01:15:30.560+0000] {logging_mixin.py:137} INFO - [2023-03-09T01:15:30.560+0000] {dagbag.py:538} INFO - Filling up the DagBag from /home/airflow/.local/lib/python3.7/site-packages/airflow/example_dags/tutorial.py
[2023-03-09T01:15:30.594+0000] {processor.py:753} INFO - DAG(s) dict_keys(['tutorial']) retrieved from /home/airflow/.local/lib/python3.7/site-packages/airflow/example_dags/tutorial.py
[2023-03-09T01:15:30.645+0000] {logging_mixin.py:137} INFO - [2023-03-09T01:15:30.645+0000] {dag.py:2690} INFO - Sync 1 DAGs
[2023-03-09T01:15:30.709+0000] {logging_mixin.py:137} INFO - [2023-03-09T01:15:30.709+0000] {dag.py:3441} INFO - Setting next_dagrun for tutorial to 2023-03-08T01:15:30.707926+00:00, run_after=2023-03-09T01:15:30.707926+00:00
[2023-03-09T01:15:30.741+0000] {processor.py:175} INFO - Processing /home/airflow/.local/lib/python3.7/site-packages/airflow/example_dags/tutorial.py took 0.195 seconds
[2023-03-09T01:16:01.122+0000] {processor.py:153} INFO - Started process (PID=292) to work on /home/airflow/.local/lib/python3.7/site-packages/airflow/example_dags/tutorial.py
[2023-03-09T01:16:01.125+0000] {processor.py:743} INFO - Processing file /home/airflow/.local/lib/python3.7/site-packages/airflow/example_dags/tutorial.py for tasks to queue
[2023-03-09T01:16:01.129+0000] {logging_mixin.py:137} INFO - [2023-03-09T01:16:01.129+0000] {dagbag.py:538} INFO - Filling up the DagBag from /home/airflow/.local/lib/python3.7/site-packages/airflow/example_dags/tutorial.py
[2023-03-09T01:16:01.157+0000] {processor.py:753} INFO - DAG(s) dict_keys(['tutorial']) retrieved from /home/airflow/.local/lib/python3.7/site-packages/airflow/example_dags/tutorial.py
[2023-03-09T01:16:01.205+0000] {logging_mixin.py:137} INFO - [2023-03-09T01:16:01.205+0000] {dag.py:2690} INFO - Sync 1 DAGs
[2023-03-09T01:16:01.252+0000] {logging_mixin.py:137} INFO - [2023-03-09T01:16:01.251+0000] {dag.py:3441} INFO - Setting next_dagrun for tutorial to 2023-03-08T01:16:01.250918+00:00, run_after=2023-03-09T01:16:01.250918+00:00
[2023-03-09T01:16:01.290+0000] {processor.py:175} INFO - Processing /home/airflow/.local/lib/python3.7/site-packages/airflow/example_dags/tutorial.py took 0.174 seconds
[2023-03-09T01:16:31.881+0000] {processor.py:153} INFO - Started process (PID=363) to work on /home/airflow/.local/lib/python3.7/site-packages/airflow/example_dags/tutorial.py
[2023-03-09T01:16:31.884+0000] {processor.py:743} INFO - Processing file /home/airflow/.local/lib/python3.7/site-packages/airflow/example_dags/tutorial.py for tasks to queue
[2023-03-09T01:16:31.887+0000] {logging_mixin.py:137} INFO - [2023-03-09T01:16:31.887+0000] {dagbag.py:538} INFO - Filling up the DagBag from /home/airflow/.local/lib/python3.7/site-packages/airflow/example_dags/tutorial.py
[2023-03-09T01:16:31.912+0000] {processor.py:753} INFO - DAG(s) dict_keys(['tutorial']) retrieved from /home/airflow/.local/lib/python3.7/site-packages/airflow/example_dags/tutorial.py
[2023-03-09T01:16:31.964+0000] {logging_mixin.py:137} INFO - [2023-03-09T01:16:31.964+0000] {dag.py:2690} INFO - Sync 1 DAGs
[2023-03-09T01:16:32.009+0000] {logging_mixin.py:137} INFO - [2023-03-09T01:16:32.009+0000] {dag.py:3441} INFO - Setting next_dagrun for tutorial to 2023-03-08T01:16:32.008970+00:00, run_after=2023-03-09T01:16:32.008970+00:00
[2023-03-09T01:16:32.054+0000] {processor.py:175} INFO - Processing /home/airflow/.local/lib/python3.7/site-packages/airflow/example_dags/tutorial.py took 0.179 seconds
[2023-03-09T16:22:45.922+0000] {processor.py:153} INFO - Started process (PID=70) to work on /home/airflow/.local/lib/python3.7/site-packages/airflow/example_dags/tutorial.py
[2023-03-09T16:22:45.925+0000] {processor.py:743} INFO - Processing file /home/airflow/.local/lib/python3.7/site-packages/airflow/example_dags/tutorial.py for tasks to queue
[2023-03-09T16:22:45.929+0000] {logging_mixin.py:137} INFO - [2023-03-09T16:22:45.928+0000] {dagbag.py:538} INFO - Filling up the DagBag from /home/airflow/.local/lib/python3.7/site-packages/airflow/example_dags/tutorial.py
[2023-03-09T16:22:45.973+0000] {processor.py:753} INFO - DAG(s) dict_keys(['tutorial']) retrieved from /home/airflow/.local/lib/python3.7/site-packages/airflow/example_dags/tutorial.py
[2023-03-09T16:22:46.085+0000] {logging_mixin.py:137} INFO - [2023-03-09T16:22:46.085+0000] {dag.py:2690} INFO - Sync 1 DAGs
[2023-03-09T16:22:46.138+0000] {logging_mixin.py:137} INFO - [2023-03-09T16:22:46.138+0000] {dag.py:3441} INFO - Setting next_dagrun for tutorial to 2023-03-08T16:22:46.137730+00:00, run_after=2023-03-09T16:22:46.137730+00:00
[2023-03-09T16:22:46.171+0000] {processor.py:175} INFO - Processing /home/airflow/.local/lib/python3.7/site-packages/airflow/example_dags/tutorial.py took 0.256 seconds
[2023-03-09T16:23:16.423+0000] {processor.py:153} INFO - Started process (PID=143) to work on /home/airflow/.local/lib/python3.7/site-packages/airflow/example_dags/tutorial.py
[2023-03-09T16:23:16.425+0000] {processor.py:743} INFO - Processing file /home/airflow/.local/lib/python3.7/site-packages/airflow/example_dags/tutorial.py for tasks to queue
[2023-03-09T16:23:16.427+0000] {logging_mixin.py:137} INFO - [2023-03-09T16:23:16.427+0000] {dagbag.py:538} INFO - Filling up the DagBag from /home/airflow/.local/lib/python3.7/site-packages/airflow/example_dags/tutorial.py
[2023-03-09T16:23:16.449+0000] {processor.py:753} INFO - DAG(s) dict_keys(['tutorial']) retrieved from /home/airflow/.local/lib/python3.7/site-packages/airflow/example_dags/tutorial.py
[2023-03-09T16:23:16.489+0000] {logging_mixin.py:137} INFO - [2023-03-09T16:23:16.489+0000] {dag.py:2690} INFO - Sync 1 DAGs
[2023-03-09T16:23:16.530+0000] {logging_mixin.py:137} INFO - [2023-03-09T16:23:16.529+0000] {dag.py:3441} INFO - Setting next_dagrun for tutorial to 2023-03-08T16:23:16.529387+00:00, run_after=2023-03-09T16:23:16.529387+00:00
[2023-03-09T16:23:16.561+0000] {processor.py:175} INFO - Processing /home/airflow/.local/lib/python3.7/site-packages/airflow/example_dags/tutorial.py took 0.144 seconds
[2023-03-09T16:23:47.430+0000] {processor.py:153} INFO - Started process (PID=218) to work on /home/airflow/.local/lib/python3.7/site-packages/airflow/example_dags/tutorial.py
[2023-03-09T16:23:47.435+0000] {processor.py:743} INFO - Processing file /home/airflow/.local/lib/python3.7/site-packages/airflow/example_dags/tutorial.py for tasks to queue
[2023-03-09T16:23:47.443+0000] {logging_mixin.py:137} INFO - [2023-03-09T16:23:47.442+0000] {dagbag.py:538} INFO - Filling up the DagBag from /home/airflow/.local/lib/python3.7/site-packages/airflow/example_dags/tutorial.py
[2023-03-09T16:23:47.495+0000] {processor.py:753} INFO - DAG(s) dict_keys(['tutorial']) retrieved from /home/airflow/.local/lib/python3.7/site-packages/airflow/example_dags/tutorial.py
[2023-03-09T16:23:47.543+0000] {logging_mixin.py:137} INFO - [2023-03-09T16:23:47.543+0000] {dag.py:2690} INFO - Sync 1 DAGs
[2023-03-09T16:23:47.590+0000] {logging_mixin.py:137} INFO - [2023-03-09T16:23:47.590+0000] {dag.py:3441} INFO - Setting next_dagrun for tutorial to 2023-03-08T16:23:47.590366+00:00, run_after=2023-03-09T16:23:47.590366+00:00
[2023-03-09T16:23:47.623+0000] {processor.py:175} INFO - Processing /home/airflow/.local/lib/python3.7/site-packages/airflow/example_dags/tutorial.py took 0.201 seconds
[2023-03-09T16:24:18.664+0000] {processor.py:153} INFO - Started process (PID=301) to work on /home/airflow/.local/lib/python3.7/site-packages/airflow/example_dags/tutorial.py
[2023-03-09T16:24:18.666+0000] {processor.py:743} INFO - Processing file /home/airflow/.local/lib/python3.7/site-packages/airflow/example_dags/tutorial.py for tasks to queue
[2023-03-09T16:24:18.668+0000] {logging_mixin.py:137} INFO - [2023-03-09T16:24:18.668+0000] {dagbag.py:538} INFO - Filling up the DagBag from /home/airflow/.local/lib/python3.7/site-packages/airflow/example_dags/tutorial.py
[2023-03-09T16:24:18.691+0000] {processor.py:753} INFO - DAG(s) dict_keys(['tutorial']) retrieved from /home/airflow/.local/lib/python3.7/site-packages/airflow/example_dags/tutorial.py
[2023-03-09T16:24:18.736+0000] {logging_mixin.py:137} INFO - [2023-03-09T16:24:18.735+0000] {dag.py:2690} INFO - Sync 1 DAGs
[2023-03-09T16:24:18.775+0000] {logging_mixin.py:137} INFO - [2023-03-09T16:24:18.775+0000] {dag.py:3441} INFO - Setting next_dagrun for tutorial to 2023-03-08T16:24:18.775381+00:00, run_after=2023-03-09T16:24:18.775381+00:00
[2023-03-09T16:24:18.811+0000] {processor.py:175} INFO - Processing /home/airflow/.local/lib/python3.7/site-packages/airflow/example_dags/tutorial.py took 0.154 seconds
[2023-03-09T16:24:49.693+0000] {processor.py:153} INFO - Started process (PID=374) to work on /home/airflow/.local/lib/python3.7/site-packages/airflow/example_dags/tutorial.py
[2023-03-09T16:24:49.698+0000] {processor.py:743} INFO - Processing file /home/airflow/.local/lib/python3.7/site-packages/airflow/example_dags/tutorial.py for tasks to queue
[2023-03-09T16:24:49.716+0000] {logging_mixin.py:137} INFO - [2023-03-09T16:24:49.715+0000] {dagbag.py:538} INFO - Filling up the DagBag from /home/airflow/.local/lib/python3.7/site-packages/airflow/example_dags/tutorial.py
[2023-03-09T16:24:49.767+0000] {processor.py:753} INFO - DAG(s) dict_keys(['tutorial']) retrieved from /home/airflow/.local/lib/python3.7/site-packages/airflow/example_dags/tutorial.py
[2023-03-09T16:24:49.865+0000] {logging_mixin.py:137} INFO - [2023-03-09T16:24:49.865+0000] {dag.py:2690} INFO - Sync 1 DAGs
[2023-03-09T16:24:49.921+0000] {logging_mixin.py:137} INFO - [2023-03-09T16:24:49.920+0000] {dag.py:3441} INFO - Setting next_dagrun for tutorial to 2023-03-08T16:24:49.920344+00:00, run_after=2023-03-09T16:24:49.920344+00:00
[2023-03-09T16:24:49.948+0000] {processor.py:175} INFO - Processing /home/airflow/.local/lib/python3.7/site-packages/airflow/example_dags/tutorial.py took 0.287 seconds
[2023-03-09T16:25:22.428+0000] {processor.py:153} INFO - Started process (PID=455) to work on /home/airflow/.local/lib/python3.7/site-packages/airflow/example_dags/tutorial.py
[2023-03-09T16:25:22.433+0000] {processor.py:743} INFO - Processing file /home/airflow/.local/lib/python3.7/site-packages/airflow/example_dags/tutorial.py for tasks to queue
[2023-03-09T16:25:22.436+0000] {logging_mixin.py:137} INFO - [2023-03-09T16:25:22.436+0000] {dagbag.py:538} INFO - Filling up the DagBag from /home/airflow/.local/lib/python3.7/site-packages/airflow/example_dags/tutorial.py
[2023-03-09T16:25:22.481+0000] {processor.py:753} INFO - DAG(s) dict_keys(['tutorial']) retrieved from /home/airflow/.local/lib/python3.7/site-packages/airflow/example_dags/tutorial.py
[2023-03-09T16:25:22.643+0000] {logging_mixin.py:137} INFO - [2023-03-09T16:25:22.643+0000] {dag.py:2690} INFO - Sync 1 DAGs
[2023-03-09T16:25:22.713+0000] {logging_mixin.py:137} INFO - [2023-03-09T16:25:22.713+0000] {dag.py:3441} INFO - Setting next_dagrun for tutorial to 2023-03-08T16:25:22.712793+00:00, run_after=2023-03-09T16:25:22.712793+00:00
[2023-03-09T16:25:22.773+0000] {processor.py:175} INFO - Processing /home/airflow/.local/lib/python3.7/site-packages/airflow/example_dags/tutorial.py took 0.357 seconds
[2023-03-09T16:25:53.738+0000] {processor.py:153} INFO - Started process (PID=532) to work on /home/airflow/.local/lib/python3.7/site-packages/airflow/example_dags/tutorial.py
[2023-03-09T16:25:53.741+0000] {processor.py:743} INFO - Processing file /home/airflow/.local/lib/python3.7/site-packages/airflow/example_dags/tutorial.py for tasks to queue
[2023-03-09T16:25:53.743+0000] {logging_mixin.py:137} INFO - [2023-03-09T16:25:53.743+0000] {dagbag.py:538} INFO - Filling up the DagBag from /home/airflow/.local/lib/python3.7/site-packages/airflow/example_dags/tutorial.py
[2023-03-09T16:25:53.763+0000] {processor.py:753} INFO - DAG(s) dict_keys(['tutorial']) retrieved from /home/airflow/.local/lib/python3.7/site-packages/airflow/example_dags/tutorial.py
[2023-03-09T16:25:53.799+0000] {logging_mixin.py:137} INFO - [2023-03-09T16:25:53.799+0000] {dag.py:2690} INFO - Sync 1 DAGs
[2023-03-09T16:25:53.831+0000] {logging_mixin.py:137} INFO - [2023-03-09T16:25:53.831+0000] {dag.py:3441} INFO - Setting next_dagrun for tutorial to 2023-03-08T16:25:53.831097+00:00, run_after=2023-03-09T16:25:53.831097+00:00
[2023-03-09T16:25:53.860+0000] {processor.py:175} INFO - Processing /home/airflow/.local/lib/python3.7/site-packages/airflow/example_dags/tutorial.py took 0.127 seconds
[2023-03-09T16:26:25.408+0000] {processor.py:153} INFO - Started process (PID=605) to work on /home/airflow/.local/lib/python3.7/site-packages/airflow/example_dags/tutorial.py
[2023-03-09T16:26:25.410+0000] {processor.py:743} INFO - Processing file /home/airflow/.local/lib/python3.7/site-packages/airflow/example_dags/tutorial.py for tasks to queue
[2023-03-09T16:26:25.412+0000] {logging_mixin.py:137} INFO - [2023-03-09T16:26:25.412+0000] {dagbag.py:538} INFO - Filling up the DagBag from /home/airflow/.local/lib/python3.7/site-packages/airflow/example_dags/tutorial.py
[2023-03-09T16:26:25.437+0000] {processor.py:753} INFO - DAG(s) dict_keys(['tutorial']) retrieved from /home/airflow/.local/lib/python3.7/site-packages/airflow/example_dags/tutorial.py
[2023-03-09T16:26:25.477+0000] {logging_mixin.py:137} INFO - [2023-03-09T16:26:25.477+0000] {dag.py:2690} INFO - Sync 1 DAGs
[2023-03-09T16:26:25.515+0000] {logging_mixin.py:137} INFO - [2023-03-09T16:26:25.515+0000] {dag.py:3441} INFO - Setting next_dagrun for tutorial to 2023-03-08T16:26:25.514856+00:00, run_after=2023-03-09T16:26:25.514856+00:00
[2023-03-09T16:26:25.556+0000] {processor.py:175} INFO - Processing /home/airflow/.local/lib/python3.7/site-packages/airflow/example_dags/tutorial.py took 0.154 seconds
[2023-03-09T16:26:55.943+0000] {processor.py:153} INFO - Started process (PID=686) to work on /home/airflow/.local/lib/python3.7/site-packages/airflow/example_dags/tutorial.py
[2023-03-09T16:26:55.946+0000] {processor.py:743} INFO - Processing file /home/airflow/.local/lib/python3.7/site-packages/airflow/example_dags/tutorial.py for tasks to queue
[2023-03-09T16:26:55.948+0000] {logging_mixin.py:137} INFO - [2023-03-09T16:26:55.948+0000] {dagbag.py:538} INFO - Filling up the DagBag from /home/airflow/.local/lib/python3.7/site-packages/airflow/example_dags/tutorial.py
[2023-03-09T16:26:55.969+0000] {processor.py:753} INFO - DAG(s) dict_keys(['tutorial']) retrieved from /home/airflow/.local/lib/python3.7/site-packages/airflow/example_dags/tutorial.py
[2023-03-09T16:26:56.011+0000] {logging_mixin.py:137} INFO - [2023-03-09T16:26:56.011+0000] {dag.py:2690} INFO - Sync 1 DAGs
[2023-03-09T16:26:56.064+0000] {logging_mixin.py:137} INFO - [2023-03-09T16:26:56.064+0000] {dag.py:3441} INFO - Setting next_dagrun for tutorial to 2023-03-08T16:26:56.064224+00:00, run_after=2023-03-09T16:26:56.064224+00:00
[2023-03-09T16:26:56.097+0000] {processor.py:175} INFO - Processing /home/airflow/.local/lib/python3.7/site-packages/airflow/example_dags/tutorial.py took 0.159 seconds
[2023-03-09T16:27:26.532+0000] {processor.py:153} INFO - Started process (PID=758) to work on /home/airflow/.local/lib/python3.7/site-packages/airflow/example_dags/tutorial.py
[2023-03-09T16:27:26.536+0000] {processor.py:743} INFO - Processing file /home/airflow/.local/lib/python3.7/site-packages/airflow/example_dags/tutorial.py for tasks to queue
[2023-03-09T16:27:26.538+0000] {logging_mixin.py:137} INFO - [2023-03-09T16:27:26.538+0000] {dagbag.py:538} INFO - Filling up the DagBag from /home/airflow/.local/lib/python3.7/site-packages/airflow/example_dags/tutorial.py
[2023-03-09T16:27:26.560+0000] {processor.py:753} INFO - DAG(s) dict_keys(['tutorial']) retrieved from /home/airflow/.local/lib/python3.7/site-packages/airflow/example_dags/tutorial.py
[2023-03-09T16:27:26.602+0000] {logging_mixin.py:137} INFO - [2023-03-09T16:27:26.601+0000] {dag.py:2690} INFO - Sync 1 DAGs
[2023-03-09T16:27:26.644+0000] {logging_mixin.py:137} INFO - [2023-03-09T16:27:26.644+0000] {dag.py:3441} INFO - Setting next_dagrun for tutorial to 2023-03-08T16:27:26.643752+00:00, run_after=2023-03-09T16:27:26.643752+00:00
[2023-03-09T16:27:26.674+0000] {processor.py:175} INFO - Processing /home/airflow/.local/lib/python3.7/site-packages/airflow/example_dags/tutorial.py took 0.148 seconds
[2023-03-09T16:27:56.809+0000] {processor.py:153} INFO - Started process (PID=831) to work on /home/airflow/.local/lib/python3.7/site-packages/airflow/example_dags/tutorial.py
[2023-03-09T16:27:56.814+0000] {processor.py:743} INFO - Processing file /home/airflow/.local/lib/python3.7/site-packages/airflow/example_dags/tutorial.py for tasks to queue
[2023-03-09T16:27:56.816+0000] {logging_mixin.py:137} INFO - [2023-03-09T16:27:56.816+0000] {dagbag.py:538} INFO - Filling up the DagBag from /home/airflow/.local/lib/python3.7/site-packages/airflow/example_dags/tutorial.py
[2023-03-09T16:27:56.837+0000] {processor.py:753} INFO - DAG(s) dict_keys(['tutorial']) retrieved from /home/airflow/.local/lib/python3.7/site-packages/airflow/example_dags/tutorial.py
[2023-03-09T16:27:56.875+0000] {logging_mixin.py:137} INFO - [2023-03-09T16:27:56.875+0000] {dag.py:2690} INFO - Sync 1 DAGs
[2023-03-09T16:27:56.912+0000] {logging_mixin.py:137} INFO - [2023-03-09T16:27:56.912+0000] {dag.py:3441} INFO - Setting next_dagrun for tutorial to 2023-03-08T16:27:56.912377+00:00, run_after=2023-03-09T16:27:56.912377+00:00
[2023-03-09T16:27:56.938+0000] {processor.py:175} INFO - Processing /home/airflow/.local/lib/python3.7/site-packages/airflow/example_dags/tutorial.py took 0.134 seconds
[2023-03-09T16:28:27.021+0000] {processor.py:153} INFO - Started process (PID=916) to work on /home/airflow/.local/lib/python3.7/site-packages/airflow/example_dags/tutorial.py
[2023-03-09T16:28:27.025+0000] {processor.py:743} INFO - Processing file /home/airflow/.local/lib/python3.7/site-packages/airflow/example_dags/tutorial.py for tasks to queue
[2023-03-09T16:28:27.027+0000] {logging_mixin.py:137} INFO - [2023-03-09T16:28:27.027+0000] {dagbag.py:538} INFO - Filling up the DagBag from /home/airflow/.local/lib/python3.7/site-packages/airflow/example_dags/tutorial.py
[2023-03-09T16:28:27.047+0000] {processor.py:753} INFO - DAG(s) dict_keys(['tutorial']) retrieved from /home/airflow/.local/lib/python3.7/site-packages/airflow/example_dags/tutorial.py
[2023-03-09T16:28:27.084+0000] {logging_mixin.py:137} INFO - [2023-03-09T16:28:27.084+0000] {dag.py:2690} INFO - Sync 1 DAGs
[2023-03-09T16:28:27.118+0000] {logging_mixin.py:137} INFO - [2023-03-09T16:28:27.118+0000] {dag.py:3441} INFO - Setting next_dagrun for tutorial to 2023-03-08T16:28:27.118446+00:00, run_after=2023-03-09T16:28:27.118446+00:00
[2023-03-09T16:28:27.146+0000] {processor.py:175} INFO - Processing /home/airflow/.local/lib/python3.7/site-packages/airflow/example_dags/tutorial.py took 0.132 seconds
[2023-03-09T16:28:57.232+0000] {processor.py:153} INFO - Started process (PID=989) to work on /home/airflow/.local/lib/python3.7/site-packages/airflow/example_dags/tutorial.py
[2023-03-09T16:28:57.235+0000] {processor.py:743} INFO - Processing file /home/airflow/.local/lib/python3.7/site-packages/airflow/example_dags/tutorial.py for tasks to queue
[2023-03-09T16:28:57.236+0000] {logging_mixin.py:137} INFO - [2023-03-09T16:28:57.236+0000] {dagbag.py:538} INFO - Filling up the DagBag from /home/airflow/.local/lib/python3.7/site-packages/airflow/example_dags/tutorial.py
[2023-03-09T16:28:57.257+0000] {processor.py:753} INFO - DAG(s) dict_keys(['tutorial']) retrieved from /home/airflow/.local/lib/python3.7/site-packages/airflow/example_dags/tutorial.py
[2023-03-09T16:28:57.294+0000] {logging_mixin.py:137} INFO - [2023-03-09T16:28:57.294+0000] {dag.py:2690} INFO - Sync 1 DAGs
[2023-03-09T16:28:57.330+0000] {logging_mixin.py:137} INFO - [2023-03-09T16:28:57.330+0000] {dag.py:3441} INFO - Setting next_dagrun for tutorial to 2023-03-08T16:28:57.329897+00:00, run_after=2023-03-09T16:28:57.329897+00:00
[2023-03-09T16:28:57.357+0000] {processor.py:175} INFO - Processing /home/airflow/.local/lib/python3.7/site-packages/airflow/example_dags/tutorial.py took 0.130 seconds
[2023-03-09T16:29:27.630+0000] {processor.py:153} INFO - Started process (PID=1067) to work on /home/airflow/.local/lib/python3.7/site-packages/airflow/example_dags/tutorial.py
[2023-03-09T16:29:27.632+0000] {processor.py:743} INFO - Processing file /home/airflow/.local/lib/python3.7/site-packages/airflow/example_dags/tutorial.py for tasks to queue
[2023-03-09T16:29:27.634+0000] {logging_mixin.py:137} INFO - [2023-03-09T16:29:27.634+0000] {dagbag.py:538} INFO - Filling up the DagBag from /home/airflow/.local/lib/python3.7/site-packages/airflow/example_dags/tutorial.py
[2023-03-09T16:29:27.652+0000] {processor.py:753} INFO - DAG(s) dict_keys(['tutorial']) retrieved from /home/airflow/.local/lib/python3.7/site-packages/airflow/example_dags/tutorial.py
[2023-03-09T16:29:27.688+0000] {logging_mixin.py:137} INFO - [2023-03-09T16:29:27.688+0000] {dag.py:2690} INFO - Sync 1 DAGs
[2023-03-09T16:29:27.724+0000] {logging_mixin.py:137} INFO - [2023-03-09T16:29:27.724+0000] {dag.py:3441} INFO - Setting next_dagrun for tutorial to 2023-03-08T16:29:27.724191+00:00, run_after=2023-03-09T16:29:27.724191+00:00
[2023-03-09T16:29:27.751+0000] {processor.py:175} INFO - Processing /home/airflow/.local/lib/python3.7/site-packages/airflow/example_dags/tutorial.py took 0.125 seconds
[2023-03-09T16:29:57.976+0000] {processor.py:153} INFO - Started process (PID=1144) to work on /home/airflow/.local/lib/python3.7/site-packages/airflow/example_dags/tutorial.py
[2023-03-09T16:29:57.978+0000] {processor.py:743} INFO - Processing file /home/airflow/.local/lib/python3.7/site-packages/airflow/example_dags/tutorial.py for tasks to queue
[2023-03-09T16:29:57.982+0000] {logging_mixin.py:137} INFO - [2023-03-09T16:29:57.982+0000] {dagbag.py:538} INFO - Filling up the DagBag from /home/airflow/.local/lib/python3.7/site-packages/airflow/example_dags/tutorial.py
[2023-03-09T16:29:58.001+0000] {processor.py:753} INFO - DAG(s) dict_keys(['tutorial']) retrieved from /home/airflow/.local/lib/python3.7/site-packages/airflow/example_dags/tutorial.py
[2023-03-09T16:29:58.037+0000] {logging_mixin.py:137} INFO - [2023-03-09T16:29:58.037+0000] {dag.py:2690} INFO - Sync 1 DAGs
[2023-03-09T16:29:58.070+0000] {logging_mixin.py:137} INFO - [2023-03-09T16:29:58.070+0000] {dag.py:3441} INFO - Setting next_dagrun for tutorial to 2023-03-08T16:29:58.070096+00:00, run_after=2023-03-09T16:29:58.070096+00:00
[2023-03-09T16:29:58.103+0000] {processor.py:175} INFO - Processing /home/airflow/.local/lib/python3.7/site-packages/airflow/example_dags/tutorial.py took 0.133 seconds
[2023-03-09T16:30:28.889+0000] {processor.py:153} INFO - Started process (PID=1217) to work on /home/airflow/.local/lib/python3.7/site-packages/airflow/example_dags/tutorial.py
[2023-03-09T16:30:28.894+0000] {processor.py:743} INFO - Processing file /home/airflow/.local/lib/python3.7/site-packages/airflow/example_dags/tutorial.py for tasks to queue
[2023-03-09T16:30:28.898+0000] {logging_mixin.py:137} INFO - [2023-03-09T16:30:28.898+0000] {dagbag.py:538} INFO - Filling up the DagBag from /home/airflow/.local/lib/python3.7/site-packages/airflow/example_dags/tutorial.py
[2023-03-09T16:30:28.941+0000] {processor.py:753} INFO - DAG(s) dict_keys(['tutorial']) retrieved from /home/airflow/.local/lib/python3.7/site-packages/airflow/example_dags/tutorial.py
[2023-03-09T16:30:29.114+0000] {logging_mixin.py:137} INFO - [2023-03-09T16:30:29.092+0000] {dag.py:2690} INFO - Sync 1 DAGs
[2023-03-09T16:30:29.381+0000] {logging_mixin.py:137} INFO - [2023-03-09T16:30:29.380+0000] {dag.py:3441} INFO - Setting next_dagrun for tutorial to 2023-03-08T16:30:29.379966+00:00, run_after=2023-03-09T16:30:29.379966+00:00
[2023-03-09T16:30:29.453+0000] {processor.py:175} INFO - Processing /home/airflow/.local/lib/python3.7/site-packages/airflow/example_dags/tutorial.py took 0.580 seconds
[2023-03-09T16:31:00.422+0000] {processor.py:153} INFO - Started process (PID=1286) to work on /home/airflow/.local/lib/python3.7/site-packages/airflow/example_dags/tutorial.py
[2023-03-09T16:31:00.427+0000] {processor.py:743} INFO - Processing file /home/airflow/.local/lib/python3.7/site-packages/airflow/example_dags/tutorial.py for tasks to queue
[2023-03-09T16:31:00.435+0000] {logging_mixin.py:137} INFO - [2023-03-09T16:31:00.434+0000] {dagbag.py:538} INFO - Filling up the DagBag from /home/airflow/.local/lib/python3.7/site-packages/airflow/example_dags/tutorial.py
[2023-03-09T16:31:00.513+0000] {processor.py:753} INFO - DAG(s) dict_keys(['tutorial']) retrieved from /home/airflow/.local/lib/python3.7/site-packages/airflow/example_dags/tutorial.py
[2023-03-09T16:31:00.667+0000] {logging_mixin.py:137} INFO - [2023-03-09T16:31:00.666+0000] {dag.py:2690} INFO - Sync 1 DAGs
[2023-03-09T16:31:00.767+0000] {logging_mixin.py:137} INFO - [2023-03-09T16:31:00.767+0000] {dag.py:3441} INFO - Setting next_dagrun for tutorial to 2023-03-08T16:31:00.766320+00:00, run_after=2023-03-09T16:31:00.766320+00:00
[2023-03-09T16:31:00.849+0000] {processor.py:175} INFO - Processing /home/airflow/.local/lib/python3.7/site-packages/airflow/example_dags/tutorial.py took 0.450 seconds
[2023-03-09T16:31:48.996+0000] {processor.py:153} INFO - Started process (PID=1360) to work on /home/airflow/.local/lib/python3.7/site-packages/airflow/example_dags/tutorial.py
[2023-03-09T16:31:49.038+0000] {processor.py:743} INFO - Processing file /home/airflow/.local/lib/python3.7/site-packages/airflow/example_dags/tutorial.py for tasks to queue
[2023-03-09T16:31:49.074+0000] {logging_mixin.py:137} INFO - [2023-03-09T16:31:49.073+0000] {dagbag.py:538} INFO - Filling up the DagBag from /home/airflow/.local/lib/python3.7/site-packages/airflow/example_dags/tutorial.py
[2023-03-09T16:31:49.338+0000] {processor.py:753} INFO - DAG(s) dict_keys(['tutorial']) retrieved from /home/airflow/.local/lib/python3.7/site-packages/airflow/example_dags/tutorial.py
[2023-03-09T16:31:50.046+0000] {logging_mixin.py:137} INFO - [2023-03-09T16:31:50.045+0000] {dag.py:2690} INFO - Sync 1 DAGs
[2023-03-09T16:31:51.004+0000] {logging_mixin.py:137} INFO - [2023-03-09T16:31:51.003+0000] {dag.py:3441} INFO - Setting next_dagrun for tutorial to 2023-03-08T16:31:51.001482+00:00, run_after=2023-03-09T16:31:51.001482+00:00
[2023-03-09T16:31:51.235+0000] {processor.py:175} INFO - Processing /home/airflow/.local/lib/python3.7/site-packages/airflow/example_dags/tutorial.py took 2.309 seconds
[2023-03-09T16:33:00.888+0000] {processor.py:153} INFO - Started process (PID=1437) to work on /home/airflow/.local/lib/python3.7/site-packages/airflow/example_dags/tutorial.py
[2023-03-09T16:33:00.910+0000] {processor.py:743} INFO - Processing file /home/airflow/.local/lib/python3.7/site-packages/airflow/example_dags/tutorial.py for tasks to queue
[2023-03-09T16:33:00.934+0000] {logging_mixin.py:137} INFO - [2023-03-09T16:33:00.916+0000] {dagbag.py:538} INFO - Filling up the DagBag from /home/airflow/.local/lib/python3.7/site-packages/airflow/example_dags/tutorial.py
[2023-03-09T16:33:01.243+0000] {processor.py:753} INFO - DAG(s) dict_keys(['tutorial']) retrieved from /home/airflow/.local/lib/python3.7/site-packages/airflow/example_dags/tutorial.py
[2023-03-09T16:33:01.625+0000] {logging_mixin.py:137} INFO - [2023-03-09T16:33:01.624+0000] {dag.py:2690} INFO - Sync 1 DAGs
[2023-03-09T16:33:02.194+0000] {logging_mixin.py:137} INFO - [2023-03-09T16:33:02.194+0000] {dag.py:3441} INFO - Setting next_dagrun for tutorial to 2023-03-08T16:33:02.193223+00:00, run_after=2023-03-09T16:33:02.193223+00:00
[2023-03-09T16:33:02.876+0000] {processor.py:175} INFO - Processing /home/airflow/.local/lib/python3.7/site-packages/airflow/example_dags/tutorial.py took 2.024 seconds
[2023-03-09T16:34:15.672+0000] {processor.py:153} INFO - Started process (PID=1520) to work on /home/airflow/.local/lib/python3.7/site-packages/airflow/example_dags/tutorial.py
[2023-03-09T16:34:15.703+0000] {processor.py:743} INFO - Processing file /home/airflow/.local/lib/python3.7/site-packages/airflow/example_dags/tutorial.py for tasks to queue
[2023-03-09T16:34:15.708+0000] {logging_mixin.py:137} INFO - [2023-03-09T16:34:15.707+0000] {dagbag.py:538} INFO - Filling up the DagBag from /home/airflow/.local/lib/python3.7/site-packages/airflow/example_dags/tutorial.py
[2023-03-09T16:34:15.923+0000] {processor.py:753} INFO - DAG(s) dict_keys(['tutorial']) retrieved from /home/airflow/.local/lib/python3.7/site-packages/airflow/example_dags/tutorial.py
[2023-03-09T16:34:16.371+0000] {logging_mixin.py:137} INFO - [2023-03-09T16:34:16.371+0000] {dag.py:2690} INFO - Sync 1 DAGs
[2023-03-09T16:34:16.787+0000] {logging_mixin.py:137} INFO - [2023-03-09T16:34:16.786+0000] {dag.py:3441} INFO - Setting next_dagrun for tutorial to 2023-03-08T16:34:16.785451+00:00, run_after=2023-03-09T16:34:16.785451+00:00
[2023-03-09T16:34:17.044+0000] {processor.py:175} INFO - Processing /home/airflow/.local/lib/python3.7/site-packages/airflow/example_dags/tutorial.py took 1.473 seconds
[2023-03-09T16:35:03.865+0000] {processor.py:153} INFO - Started process (PID=1602) to work on /home/airflow/.local/lib/python3.7/site-packages/airflow/example_dags/tutorial.py
[2023-03-09T16:35:03.907+0000] {processor.py:743} INFO - Processing file /home/airflow/.local/lib/python3.7/site-packages/airflow/example_dags/tutorial.py for tasks to queue
[2023-03-09T16:35:03.932+0000] {logging_mixin.py:137} INFO - [2023-03-09T16:35:03.931+0000] {dagbag.py:538} INFO - Filling up the DagBag from /home/airflow/.local/lib/python3.7/site-packages/airflow/example_dags/tutorial.py
[2023-03-09T16:35:04.156+0000] {processor.py:753} INFO - DAG(s) dict_keys(['tutorial']) retrieved from /home/airflow/.local/lib/python3.7/site-packages/airflow/example_dags/tutorial.py
[2023-03-09T16:35:04.478+0000] {logging_mixin.py:137} INFO - [2023-03-09T16:35:04.477+0000] {dag.py:2690} INFO - Sync 1 DAGs
[2023-03-09T16:35:05.159+0000] {logging_mixin.py:137} INFO - [2023-03-09T16:35:05.158+0000] {dag.py:3441} INFO - Setting next_dagrun for tutorial to 2023-03-08T16:35:05.157363+00:00, run_after=2023-03-09T16:35:05.157363+00:00
[2023-03-09T16:35:05.441+0000] {processor.py:175} INFO - Processing /home/airflow/.local/lib/python3.7/site-packages/airflow/example_dags/tutorial.py took 1.597 seconds
[2023-03-09T16:36:27.962+0000] {processor.py:153} INFO - Started process (PID=1698) to work on /home/airflow/.local/lib/python3.7/site-packages/airflow/example_dags/tutorial.py
[2023-03-09T16:36:27.977+0000] {processor.py:743} INFO - Processing file /home/airflow/.local/lib/python3.7/site-packages/airflow/example_dags/tutorial.py for tasks to queue
[2023-03-09T16:36:28.021+0000] {logging_mixin.py:137} INFO - [2023-03-09T16:36:28.020+0000] {dagbag.py:538} INFO - Filling up the DagBag from /home/airflow/.local/lib/python3.7/site-packages/airflow/example_dags/tutorial.py
[2023-03-09T16:36:28.369+0000] {processor.py:753} INFO - DAG(s) dict_keys(['tutorial']) retrieved from /home/airflow/.local/lib/python3.7/site-packages/airflow/example_dags/tutorial.py
[2023-03-09T16:36:28.883+0000] {logging_mixin.py:137} INFO - [2023-03-09T16:36:28.882+0000] {dag.py:2690} INFO - Sync 1 DAGs
[2023-03-09T16:36:29.536+0000] {logging_mixin.py:137} INFO - [2023-03-09T16:36:29.535+0000] {dag.py:3441} INFO - Setting next_dagrun for tutorial to 2023-03-08T16:36:29.531660+00:00, run_after=2023-03-09T16:36:29.531660+00:00
[2023-03-09T16:36:30.813+0000] {processor.py:175} INFO - Processing /home/airflow/.local/lib/python3.7/site-packages/airflow/example_dags/tutorial.py took 2.925 seconds
[2023-03-09T16:37:41.779+0000] {processor.py:153} INFO - Started process (PID=1779) to work on /home/airflow/.local/lib/python3.7/site-packages/airflow/example_dags/tutorial.py
[2023-03-09T16:37:41.809+0000] {processor.py:743} INFO - Processing file /home/airflow/.local/lib/python3.7/site-packages/airflow/example_dags/tutorial.py for tasks to queue
[2023-03-09T16:37:41.828+0000] {logging_mixin.py:137} INFO - [2023-03-09T16:37:41.823+0000] {dagbag.py:538} INFO - Filling up the DagBag from /home/airflow/.local/lib/python3.7/site-packages/airflow/example_dags/tutorial.py
[2023-03-09T16:37:42.064+0000] {processor.py:753} INFO - DAG(s) dict_keys(['tutorial']) retrieved from /home/airflow/.local/lib/python3.7/site-packages/airflow/example_dags/tutorial.py
[2023-03-09T16:37:42.380+0000] {logging_mixin.py:137} INFO - [2023-03-09T16:37:42.379+0000] {dag.py:2690} INFO - Sync 1 DAGs
[2023-03-09T16:37:43.024+0000] {logging_mixin.py:137} INFO - [2023-03-09T16:37:43.023+0000] {dag.py:3441} INFO - Setting next_dagrun for tutorial to 2023-03-08T16:37:43.022759+00:00, run_after=2023-03-09T16:37:43.022759+00:00
[2023-03-09T16:37:43.628+0000] {processor.py:175} INFO - Processing /home/airflow/.local/lib/python3.7/site-packages/airflow/example_dags/tutorial.py took 1.926 seconds
[2023-03-09T16:38:23.999+0000] {processor.py:153} INFO - Started process (PID=1859) to work on /home/airflow/.local/lib/python3.7/site-packages/airflow/example_dags/tutorial.py
[2023-03-09T16:38:24.002+0000] {processor.py:743} INFO - Processing file /home/airflow/.local/lib/python3.7/site-packages/airflow/example_dags/tutorial.py for tasks to queue
[2023-03-09T16:38:24.005+0000] {logging_mixin.py:137} INFO - [2023-03-09T16:38:24.005+0000] {dagbag.py:538} INFO - Filling up the DagBag from /home/airflow/.local/lib/python3.7/site-packages/airflow/example_dags/tutorial.py
[2023-03-09T16:38:24.035+0000] {processor.py:753} INFO - DAG(s) dict_keys(['tutorial']) retrieved from /home/airflow/.local/lib/python3.7/site-packages/airflow/example_dags/tutorial.py
[2023-03-09T16:38:24.116+0000] {logging_mixin.py:137} INFO - [2023-03-09T16:38:24.116+0000] {dag.py:2690} INFO - Sync 1 DAGs
[2023-03-09T16:38:24.203+0000] {logging_mixin.py:137} INFO - [2023-03-09T16:38:24.203+0000] {dag.py:3441} INFO - Setting next_dagrun for tutorial to 2023-03-08T16:38:24.203199+00:00, run_after=2023-03-09T16:38:24.203199+00:00
[2023-03-09T16:38:24.238+0000] {processor.py:175} INFO - Processing /home/airflow/.local/lib/python3.7/site-packages/airflow/example_dags/tutorial.py took 0.247 seconds
[2023-03-09T16:38:56.121+0000] {processor.py:153} INFO - Started process (PID=1932) to work on /home/airflow/.local/lib/python3.7/site-packages/airflow/example_dags/tutorial.py
[2023-03-09T16:38:56.125+0000] {processor.py:743} INFO - Processing file /home/airflow/.local/lib/python3.7/site-packages/airflow/example_dags/tutorial.py for tasks to queue
[2023-03-09T16:38:56.128+0000] {logging_mixin.py:137} INFO - [2023-03-09T16:38:56.127+0000] {dagbag.py:538} INFO - Filling up the DagBag from /home/airflow/.local/lib/python3.7/site-packages/airflow/example_dags/tutorial.py
[2023-03-09T16:38:56.158+0000] {processor.py:753} INFO - DAG(s) dict_keys(['tutorial']) retrieved from /home/airflow/.local/lib/python3.7/site-packages/airflow/example_dags/tutorial.py
[2023-03-09T16:38:56.222+0000] {logging_mixin.py:137} INFO - [2023-03-09T16:38:56.222+0000] {dag.py:2690} INFO - Sync 1 DAGs
[2023-03-09T16:38:56.279+0000] {logging_mixin.py:137} INFO - [2023-03-09T16:38:56.279+0000] {dag.py:3441} INFO - Setting next_dagrun for tutorial to 2023-03-08T16:38:56.278566+00:00, run_after=2023-03-09T16:38:56.278566+00:00
[2023-03-09T16:38:56.319+0000] {processor.py:175} INFO - Processing /home/airflow/.local/lib/python3.7/site-packages/airflow/example_dags/tutorial.py took 0.204 seconds
[2023-03-09T16:39:26.676+0000] {processor.py:153} INFO - Started process (PID=2009) to work on /home/airflow/.local/lib/python3.7/site-packages/airflow/example_dags/tutorial.py
[2023-03-09T16:39:26.678+0000] {processor.py:743} INFO - Processing file /home/airflow/.local/lib/python3.7/site-packages/airflow/example_dags/tutorial.py for tasks to queue
[2023-03-09T16:39:26.679+0000] {logging_mixin.py:137} INFO - [2023-03-09T16:39:26.679+0000] {dagbag.py:538} INFO - Filling up the DagBag from /home/airflow/.local/lib/python3.7/site-packages/airflow/example_dags/tutorial.py
[2023-03-09T16:39:26.699+0000] {processor.py:753} INFO - DAG(s) dict_keys(['tutorial']) retrieved from /home/airflow/.local/lib/python3.7/site-packages/airflow/example_dags/tutorial.py
[2023-03-09T16:39:26.734+0000] {logging_mixin.py:137} INFO - [2023-03-09T16:39:26.734+0000] {dag.py:2690} INFO - Sync 1 DAGs
[2023-03-09T16:39:26.769+0000] {logging_mixin.py:137} INFO - [2023-03-09T16:39:26.769+0000] {dag.py:3441} INFO - Setting next_dagrun for tutorial to 2023-03-08T16:39:26.768672+00:00, run_after=2023-03-09T16:39:26.768672+00:00
[2023-03-09T16:39:26.795+0000] {processor.py:175} INFO - Processing /home/airflow/.local/lib/python3.7/site-packages/airflow/example_dags/tutorial.py took 0.124 seconds
[2023-03-09T16:39:58.074+0000] {processor.py:153} INFO - Started process (PID=2082) to work on /home/airflow/.local/lib/python3.7/site-packages/airflow/example_dags/tutorial.py
[2023-03-09T16:39:58.077+0000] {processor.py:743} INFO - Processing file /home/airflow/.local/lib/python3.7/site-packages/airflow/example_dags/tutorial.py for tasks to queue
[2023-03-09T16:39:58.079+0000] {logging_mixin.py:137} INFO - [2023-03-09T16:39:58.079+0000] {dagbag.py:538} INFO - Filling up the DagBag from /home/airflow/.local/lib/python3.7/site-packages/airflow/example_dags/tutorial.py
[2023-03-09T16:39:58.102+0000] {processor.py:753} INFO - DAG(s) dict_keys(['tutorial']) retrieved from /home/airflow/.local/lib/python3.7/site-packages/airflow/example_dags/tutorial.py
[2023-03-09T16:39:58.141+0000] {logging_mixin.py:137} INFO - [2023-03-09T16:39:58.140+0000] {dag.py:2690} INFO - Sync 1 DAGs
[2023-03-09T16:39:58.184+0000] {logging_mixin.py:137} INFO - [2023-03-09T16:39:58.184+0000] {dag.py:3441} INFO - Setting next_dagrun for tutorial to 2023-03-08T16:39:58.184007+00:00, run_after=2023-03-09T16:39:58.184007+00:00
[2023-03-09T16:39:58.211+0000] {processor.py:175} INFO - Processing /home/airflow/.local/lib/python3.7/site-packages/airflow/example_dags/tutorial.py took 0.142 seconds
[2023-03-09T16:40:29.388+0000] {processor.py:153} INFO - Started process (PID=2167) to work on /home/airflow/.local/lib/python3.7/site-packages/airflow/example_dags/tutorial.py
[2023-03-09T16:40:29.392+0000] {processor.py:743} INFO - Processing file /home/airflow/.local/lib/python3.7/site-packages/airflow/example_dags/tutorial.py for tasks to queue
[2023-03-09T16:40:29.394+0000] {logging_mixin.py:137} INFO - [2023-03-09T16:40:29.394+0000] {dagbag.py:538} INFO - Filling up the DagBag from /home/airflow/.local/lib/python3.7/site-packages/airflow/example_dags/tutorial.py
[2023-03-09T16:40:29.421+0000] {processor.py:753} INFO - DAG(s) dict_keys(['tutorial']) retrieved from /home/airflow/.local/lib/python3.7/site-packages/airflow/example_dags/tutorial.py
[2023-03-09T16:40:29.462+0000] {logging_mixin.py:137} INFO - [2023-03-09T16:40:29.461+0000] {dag.py:2690} INFO - Sync 1 DAGs
[2023-03-09T16:40:29.498+0000] {logging_mixin.py:137} INFO - [2023-03-09T16:40:29.497+0000] {dag.py:3441} INFO - Setting next_dagrun for tutorial to 2023-03-08T16:40:29.497427+00:00, run_after=2023-03-09T16:40:29.497427+00:00
[2023-03-09T16:40:29.527+0000] {processor.py:175} INFO - Processing /home/airflow/.local/lib/python3.7/site-packages/airflow/example_dags/tutorial.py took 0.143 seconds
[2023-03-09T16:41:00.803+0000] {processor.py:153} INFO - Started process (PID=2240) to work on /home/airflow/.local/lib/python3.7/site-packages/airflow/example_dags/tutorial.py
[2023-03-09T16:41:00.805+0000] {processor.py:743} INFO - Processing file /home/airflow/.local/lib/python3.7/site-packages/airflow/example_dags/tutorial.py for tasks to queue
[2023-03-09T16:41:00.808+0000] {logging_mixin.py:137} INFO - [2023-03-09T16:41:00.808+0000] {dagbag.py:538} INFO - Filling up the DagBag from /home/airflow/.local/lib/python3.7/site-packages/airflow/example_dags/tutorial.py
[2023-03-09T16:41:00.831+0000] {processor.py:753} INFO - DAG(s) dict_keys(['tutorial']) retrieved from /home/airflow/.local/lib/python3.7/site-packages/airflow/example_dags/tutorial.py
[2023-03-09T16:41:00.868+0000] {logging_mixin.py:137} INFO - [2023-03-09T16:41:00.868+0000] {dag.py:2690} INFO - Sync 1 DAGs
[2023-03-09T16:41:00.902+0000] {logging_mixin.py:137} INFO - [2023-03-09T16:41:00.901+0000] {dag.py:3441} INFO - Setting next_dagrun for tutorial to 2023-03-08T16:41:00.901670+00:00, run_after=2023-03-09T16:41:00.901670+00:00
[2023-03-09T16:41:00.926+0000] {processor.py:175} INFO - Processing /home/airflow/.local/lib/python3.7/site-packages/airflow/example_dags/tutorial.py took 0.130 seconds
[2023-03-09T16:41:32.419+0000] {processor.py:153} INFO - Started process (PID=2326) to work on /home/airflow/.local/lib/python3.7/site-packages/airflow/example_dags/tutorial.py
[2023-03-09T16:41:32.422+0000] {processor.py:743} INFO - Processing file /home/airflow/.local/lib/python3.7/site-packages/airflow/example_dags/tutorial.py for tasks to queue
[2023-03-09T16:41:32.424+0000] {logging_mixin.py:137} INFO - [2023-03-09T16:41:32.424+0000] {dagbag.py:538} INFO - Filling up the DagBag from /home/airflow/.local/lib/python3.7/site-packages/airflow/example_dags/tutorial.py
[2023-03-09T16:41:32.450+0000] {processor.py:753} INFO - DAG(s) dict_keys(['tutorial']) retrieved from /home/airflow/.local/lib/python3.7/site-packages/airflow/example_dags/tutorial.py
[2023-03-09T16:41:32.491+0000] {logging_mixin.py:137} INFO - [2023-03-09T16:41:32.490+0000] {dag.py:2690} INFO - Sync 1 DAGs
[2023-03-09T16:41:32.530+0000] {logging_mixin.py:137} INFO - [2023-03-09T16:41:32.530+0000] {dag.py:3441} INFO - Setting next_dagrun for tutorial to 2023-03-08T16:41:32.529747+00:00, run_after=2023-03-09T16:41:32.529747+00:00
[2023-03-09T16:41:32.564+0000] {processor.py:175} INFO - Processing /home/airflow/.local/lib/python3.7/site-packages/airflow/example_dags/tutorial.py took 0.149 seconds
[2023-03-09T16:42:03.331+0000] {processor.py:153} INFO - Started process (PID=2398) to work on /home/airflow/.local/lib/python3.7/site-packages/airflow/example_dags/tutorial.py
[2023-03-09T16:42:03.334+0000] {processor.py:743} INFO - Processing file /home/airflow/.local/lib/python3.7/site-packages/airflow/example_dags/tutorial.py for tasks to queue
[2023-03-09T16:42:03.336+0000] {logging_mixin.py:137} INFO - [2023-03-09T16:42:03.336+0000] {dagbag.py:538} INFO - Filling up the DagBag from /home/airflow/.local/lib/python3.7/site-packages/airflow/example_dags/tutorial.py
[2023-03-09T16:42:03.356+0000] {processor.py:753} INFO - DAG(s) dict_keys(['tutorial']) retrieved from /home/airflow/.local/lib/python3.7/site-packages/airflow/example_dags/tutorial.py
[2023-03-09T16:42:03.394+0000] {logging_mixin.py:137} INFO - [2023-03-09T16:42:03.394+0000] {dag.py:2690} INFO - Sync 1 DAGs
[2023-03-09T16:42:03.430+0000] {logging_mixin.py:137} INFO - [2023-03-09T16:42:03.429+0000] {dag.py:3441} INFO - Setting next_dagrun for tutorial to 2023-03-08T16:42:03.429569+00:00, run_after=2023-03-09T16:42:03.429569+00:00
[2023-03-09T16:42:03.458+0000] {processor.py:175} INFO - Processing /home/airflow/.local/lib/python3.7/site-packages/airflow/example_dags/tutorial.py took 0.132 seconds
[2023-03-09T16:42:34.825+0000] {processor.py:153} INFO - Started process (PID=2483) to work on /home/airflow/.local/lib/python3.7/site-packages/airflow/example_dags/tutorial.py
[2023-03-09T16:42:34.827+0000] {processor.py:743} INFO - Processing file /home/airflow/.local/lib/python3.7/site-packages/airflow/example_dags/tutorial.py for tasks to queue
[2023-03-09T16:42:34.829+0000] {logging_mixin.py:137} INFO - [2023-03-09T16:42:34.829+0000] {dagbag.py:538} INFO - Filling up the DagBag from /home/airflow/.local/lib/python3.7/site-packages/airflow/example_dags/tutorial.py
[2023-03-09T16:42:34.851+0000] {processor.py:753} INFO - DAG(s) dict_keys(['tutorial']) retrieved from /home/airflow/.local/lib/python3.7/site-packages/airflow/example_dags/tutorial.py
[2023-03-09T16:42:34.887+0000] {logging_mixin.py:137} INFO - [2023-03-09T16:42:34.887+0000] {dag.py:2690} INFO - Sync 1 DAGs
[2023-03-09T16:42:34.921+0000] {logging_mixin.py:137} INFO - [2023-03-09T16:42:34.921+0000] {dag.py:3441} INFO - Setting next_dagrun for tutorial to 2023-03-08T16:42:34.921124+00:00, run_after=2023-03-09T16:42:34.921124+00:00
[2023-03-09T16:42:34.950+0000] {processor.py:175} INFO - Processing /home/airflow/.local/lib/python3.7/site-packages/airflow/example_dags/tutorial.py took 0.130 seconds
[2023-03-09T16:43:06.740+0000] {processor.py:153} INFO - Started process (PID=2558) to work on /home/airflow/.local/lib/python3.7/site-packages/airflow/example_dags/tutorial.py
[2023-03-09T16:43:06.743+0000] {processor.py:743} INFO - Processing file /home/airflow/.local/lib/python3.7/site-packages/airflow/example_dags/tutorial.py for tasks to queue
[2023-03-09T16:43:06.745+0000] {logging_mixin.py:137} INFO - [2023-03-09T16:43:06.745+0000] {dagbag.py:538} INFO - Filling up the DagBag from /home/airflow/.local/lib/python3.7/site-packages/airflow/example_dags/tutorial.py
[2023-03-09T16:43:06.772+0000] {processor.py:753} INFO - DAG(s) dict_keys(['tutorial']) retrieved from /home/airflow/.local/lib/python3.7/site-packages/airflow/example_dags/tutorial.py
[2023-03-09T16:43:06.818+0000] {logging_mixin.py:137} INFO - [2023-03-09T16:43:06.817+0000] {dag.py:2690} INFO - Sync 1 DAGs
[2023-03-09T16:43:06.867+0000] {logging_mixin.py:137} INFO - [2023-03-09T16:43:06.867+0000] {dag.py:3441} INFO - Setting next_dagrun for tutorial to 2023-03-08T16:43:06.866523+00:00, run_after=2023-03-09T16:43:06.866523+00:00
[2023-03-09T16:43:06.898+0000] {processor.py:175} INFO - Processing /home/airflow/.local/lib/python3.7/site-packages/airflow/example_dags/tutorial.py took 0.163 seconds
[2023-03-09T16:43:39.037+0000] {processor.py:153} INFO - Started process (PID=2641) to work on /home/airflow/.local/lib/python3.7/site-packages/airflow/example_dags/tutorial.py
[2023-03-09T16:43:39.044+0000] {processor.py:743} INFO - Processing file /home/airflow/.local/lib/python3.7/site-packages/airflow/example_dags/tutorial.py for tasks to queue
[2023-03-09T16:43:39.050+0000] {logging_mixin.py:137} INFO - [2023-03-09T16:43:39.050+0000] {dagbag.py:538} INFO - Filling up the DagBag from /home/airflow/.local/lib/python3.7/site-packages/airflow/example_dags/tutorial.py
[2023-03-09T16:43:39.111+0000] {processor.py:753} INFO - DAG(s) dict_keys(['tutorial']) retrieved from /home/airflow/.local/lib/python3.7/site-packages/airflow/example_dags/tutorial.py
[2023-03-09T16:43:39.171+0000] {logging_mixin.py:137} INFO - [2023-03-09T16:43:39.171+0000] {dag.py:2690} INFO - Sync 1 DAGs
[2023-03-09T16:43:39.214+0000] {logging_mixin.py:137} INFO - [2023-03-09T16:43:39.213+0000] {dag.py:3441} INFO - Setting next_dagrun for tutorial to 2023-03-08T16:43:39.213372+00:00, run_after=2023-03-09T16:43:39.213372+00:00
[2023-03-09T16:43:39.248+0000] {processor.py:175} INFO - Processing /home/airflow/.local/lib/python3.7/site-packages/airflow/example_dags/tutorial.py took 0.220 seconds
[2023-03-09T16:44:10.684+0000] {processor.py:153} INFO - Started process (PID=2715) to work on /home/airflow/.local/lib/python3.7/site-packages/airflow/example_dags/tutorial.py
[2023-03-09T16:44:10.687+0000] {processor.py:743} INFO - Processing file /home/airflow/.local/lib/python3.7/site-packages/airflow/example_dags/tutorial.py for tasks to queue
[2023-03-09T16:44:10.689+0000] {logging_mixin.py:137} INFO - [2023-03-09T16:44:10.688+0000] {dagbag.py:538} INFO - Filling up the DagBag from /home/airflow/.local/lib/python3.7/site-packages/airflow/example_dags/tutorial.py
[2023-03-09T16:44:10.712+0000] {processor.py:753} INFO - DAG(s) dict_keys(['tutorial']) retrieved from /home/airflow/.local/lib/python3.7/site-packages/airflow/example_dags/tutorial.py
[2023-03-09T16:44:10.751+0000] {logging_mixin.py:137} INFO - [2023-03-09T16:44:10.751+0000] {dag.py:2690} INFO - Sync 1 DAGs
[2023-03-09T16:44:10.794+0000] {logging_mixin.py:137} INFO - [2023-03-09T16:44:10.794+0000] {dag.py:3441} INFO - Setting next_dagrun for tutorial to 2023-03-08T16:44:10.793993+00:00, run_after=2023-03-09T16:44:10.793993+00:00
[2023-03-09T16:44:10.826+0000] {processor.py:175} INFO - Processing /home/airflow/.local/lib/python3.7/site-packages/airflow/example_dags/tutorial.py took 0.147 seconds
[2023-03-09T16:44:42.411+0000] {processor.py:153} INFO - Started process (PID=2797) to work on /home/airflow/.local/lib/python3.7/site-packages/airflow/example_dags/tutorial.py
[2023-03-09T16:44:42.414+0000] {processor.py:743} INFO - Processing file /home/airflow/.local/lib/python3.7/site-packages/airflow/example_dags/tutorial.py for tasks to queue
[2023-03-09T16:44:42.418+0000] {logging_mixin.py:137} INFO - [2023-03-09T16:44:42.418+0000] {dagbag.py:538} INFO - Filling up the DagBag from /home/airflow/.local/lib/python3.7/site-packages/airflow/example_dags/tutorial.py
[2023-03-09T16:44:42.445+0000] {processor.py:753} INFO - DAG(s) dict_keys(['tutorial']) retrieved from /home/airflow/.local/lib/python3.7/site-packages/airflow/example_dags/tutorial.py
[2023-03-09T16:44:42.490+0000] {logging_mixin.py:137} INFO - [2023-03-09T16:44:42.490+0000] {dag.py:2690} INFO - Sync 1 DAGs
[2023-03-09T16:44:42.539+0000] {logging_mixin.py:137} INFO - [2023-03-09T16:44:42.538+0000] {dag.py:3441} INFO - Setting next_dagrun for tutorial to 2023-03-08T16:44:42.538385+00:00, run_after=2023-03-09T16:44:42.538385+00:00
[2023-03-09T16:44:42.573+0000] {processor.py:175} INFO - Processing /home/airflow/.local/lib/python3.7/site-packages/airflow/example_dags/tutorial.py took 0.170 seconds
[2023-03-09T16:45:13.595+0000] {processor.py:153} INFO - Started process (PID=2873) to work on /home/airflow/.local/lib/python3.7/site-packages/airflow/example_dags/tutorial.py
[2023-03-09T16:45:13.597+0000] {processor.py:743} INFO - Processing file /home/airflow/.local/lib/python3.7/site-packages/airflow/example_dags/tutorial.py for tasks to queue
[2023-03-09T16:45:13.599+0000] {logging_mixin.py:137} INFO - [2023-03-09T16:45:13.599+0000] {dagbag.py:538} INFO - Filling up the DagBag from /home/airflow/.local/lib/python3.7/site-packages/airflow/example_dags/tutorial.py
[2023-03-09T16:45:13.620+0000] {processor.py:753} INFO - DAG(s) dict_keys(['tutorial']) retrieved from /home/airflow/.local/lib/python3.7/site-packages/airflow/example_dags/tutorial.py
[2023-03-09T16:45:13.658+0000] {logging_mixin.py:137} INFO - [2023-03-09T16:45:13.658+0000] {dag.py:2690} INFO - Sync 1 DAGs
[2023-03-09T16:45:13.700+0000] {logging_mixin.py:137} INFO - [2023-03-09T16:45:13.700+0000] {dag.py:3441} INFO - Setting next_dagrun for tutorial to 2023-03-08T16:45:13.699790+00:00, run_after=2023-03-09T16:45:13.699790+00:00
[2023-03-09T16:45:13.734+0000] {processor.py:175} INFO - Processing /home/airflow/.local/lib/python3.7/site-packages/airflow/example_dags/tutorial.py took 0.145 seconds
[2023-03-09T16:45:44.320+0000] {processor.py:153} INFO - Started process (PID=2944) to work on /home/airflow/.local/lib/python3.7/site-packages/airflow/example_dags/tutorial.py
[2023-03-09T16:45:44.326+0000] {processor.py:743} INFO - Processing file /home/airflow/.local/lib/python3.7/site-packages/airflow/example_dags/tutorial.py for tasks to queue
[2023-03-09T16:45:44.330+0000] {logging_mixin.py:137} INFO - [2023-03-09T16:45:44.330+0000] {dagbag.py:538} INFO - Filling up the DagBag from /home/airflow/.local/lib/python3.7/site-packages/airflow/example_dags/tutorial.py
[2023-03-09T16:45:44.358+0000] {processor.py:753} INFO - DAG(s) dict_keys(['tutorial']) retrieved from /home/airflow/.local/lib/python3.7/site-packages/airflow/example_dags/tutorial.py
[2023-03-09T16:45:44.407+0000] {logging_mixin.py:137} INFO - [2023-03-09T16:45:44.406+0000] {dag.py:2690} INFO - Sync 1 DAGs
[2023-03-09T16:45:44.466+0000] {logging_mixin.py:137} INFO - [2023-03-09T16:45:44.466+0000] {dag.py:3441} INFO - Setting next_dagrun for tutorial to 2023-03-08T16:45:44.465931+00:00, run_after=2023-03-09T16:45:44.465931+00:00
[2023-03-09T16:45:44.530+0000] {processor.py:175} INFO - Processing /home/airflow/.local/lib/python3.7/site-packages/airflow/example_dags/tutorial.py took 0.219 seconds
[2023-03-09T16:46:14.729+0000] {processor.py:153} INFO - Started process (PID=3015) to work on /home/airflow/.local/lib/python3.7/site-packages/airflow/example_dags/tutorial.py
[2023-03-09T16:46:14.733+0000] {processor.py:743} INFO - Processing file /home/airflow/.local/lib/python3.7/site-packages/airflow/example_dags/tutorial.py for tasks to queue
[2023-03-09T16:46:14.736+0000] {logging_mixin.py:137} INFO - [2023-03-09T16:46:14.735+0000] {dagbag.py:538} INFO - Filling up the DagBag from /home/airflow/.local/lib/python3.7/site-packages/airflow/example_dags/tutorial.py
[2023-03-09T16:46:14.775+0000] {processor.py:753} INFO - DAG(s) dict_keys(['tutorial']) retrieved from /home/airflow/.local/lib/python3.7/site-packages/airflow/example_dags/tutorial.py
[2023-03-09T16:46:14.834+0000] {logging_mixin.py:137} INFO - [2023-03-09T16:46:14.834+0000] {dag.py:2690} INFO - Sync 1 DAGs
[2023-03-09T16:46:14.878+0000] {logging_mixin.py:137} INFO - [2023-03-09T16:46:14.878+0000] {dag.py:3441} INFO - Setting next_dagrun for tutorial to 2023-03-08T16:46:14.877826+00:00, run_after=2023-03-09T16:46:14.877826+00:00
[2023-03-09T16:46:14.908+0000] {processor.py:175} INFO - Processing /home/airflow/.local/lib/python3.7/site-packages/airflow/example_dags/tutorial.py took 0.187 seconds
[2023-03-09T16:46:44.974+0000] {processor.py:153} INFO - Started process (PID=3100) to work on /home/airflow/.local/lib/python3.7/site-packages/airflow/example_dags/tutorial.py
[2023-03-09T16:46:44.976+0000] {processor.py:743} INFO - Processing file /home/airflow/.local/lib/python3.7/site-packages/airflow/example_dags/tutorial.py for tasks to queue
[2023-03-09T16:46:44.978+0000] {logging_mixin.py:137} INFO - [2023-03-09T16:46:44.978+0000] {dagbag.py:538} INFO - Filling up the DagBag from /home/airflow/.local/lib/python3.7/site-packages/airflow/example_dags/tutorial.py
[2023-03-09T16:46:44.998+0000] {processor.py:753} INFO - DAG(s) dict_keys(['tutorial']) retrieved from /home/airflow/.local/lib/python3.7/site-packages/airflow/example_dags/tutorial.py
[2023-03-09T16:46:45.032+0000] {logging_mixin.py:137} INFO - [2023-03-09T16:46:45.032+0000] {dag.py:2690} INFO - Sync 1 DAGs
[2023-03-09T16:46:45.068+0000] {logging_mixin.py:137} INFO - [2023-03-09T16:46:45.068+0000] {dag.py:3441} INFO - Setting next_dagrun for tutorial to 2023-03-08T16:46:45.067655+00:00, run_after=2023-03-09T16:46:45.067655+00:00
[2023-03-09T16:46:45.103+0000] {processor.py:175} INFO - Processing /home/airflow/.local/lib/python3.7/site-packages/airflow/example_dags/tutorial.py took 0.134 seconds
[2023-03-09T16:47:15.813+0000] {processor.py:153} INFO - Started process (PID=3173) to work on /home/airflow/.local/lib/python3.7/site-packages/airflow/example_dags/tutorial.py
[2023-03-09T16:47:15.815+0000] {processor.py:743} INFO - Processing file /home/airflow/.local/lib/python3.7/site-packages/airflow/example_dags/tutorial.py for tasks to queue
[2023-03-09T16:47:15.817+0000] {logging_mixin.py:137} INFO - [2023-03-09T16:47:15.817+0000] {dagbag.py:538} INFO - Filling up the DagBag from /home/airflow/.local/lib/python3.7/site-packages/airflow/example_dags/tutorial.py
[2023-03-09T16:47:15.836+0000] {processor.py:753} INFO - DAG(s) dict_keys(['tutorial']) retrieved from /home/airflow/.local/lib/python3.7/site-packages/airflow/example_dags/tutorial.py
[2023-03-09T16:47:15.870+0000] {logging_mixin.py:137} INFO - [2023-03-09T16:47:15.869+0000] {dag.py:2690} INFO - Sync 1 DAGs
[2023-03-09T16:47:15.903+0000] {logging_mixin.py:137} INFO - [2023-03-09T16:47:15.903+0000] {dag.py:3441} INFO - Setting next_dagrun for tutorial to 2023-03-08T16:47:15.902729+00:00, run_after=2023-03-09T16:47:15.902729+00:00
[2023-03-09T16:47:15.928+0000] {processor.py:175} INFO - Processing /home/airflow/.local/lib/python3.7/site-packages/airflow/example_dags/tutorial.py took 0.121 seconds
[2023-03-09T16:47:46.130+0000] {processor.py:153} INFO - Started process (PID=3258) to work on /home/airflow/.local/lib/python3.7/site-packages/airflow/example_dags/tutorial.py
[2023-03-09T16:47:46.132+0000] {processor.py:743} INFO - Processing file /home/airflow/.local/lib/python3.7/site-packages/airflow/example_dags/tutorial.py for tasks to queue
[2023-03-09T16:47:46.134+0000] {logging_mixin.py:137} INFO - [2023-03-09T16:47:46.134+0000] {dagbag.py:538} INFO - Filling up the DagBag from /home/airflow/.local/lib/python3.7/site-packages/airflow/example_dags/tutorial.py
[2023-03-09T16:47:46.155+0000] {processor.py:753} INFO - DAG(s) dict_keys(['tutorial']) retrieved from /home/airflow/.local/lib/python3.7/site-packages/airflow/example_dags/tutorial.py
[2023-03-09T16:47:46.196+0000] {logging_mixin.py:137} INFO - [2023-03-09T16:47:46.195+0000] {dag.py:2690} INFO - Sync 1 DAGs
[2023-03-09T16:47:46.227+0000] {logging_mixin.py:137} INFO - [2023-03-09T16:47:46.227+0000] {dag.py:3441} INFO - Setting next_dagrun for tutorial to 2023-03-08T16:47:46.227018+00:00, run_after=2023-03-09T16:47:46.227018+00:00
[2023-03-09T16:47:46.258+0000] {processor.py:175} INFO - Processing /home/airflow/.local/lib/python3.7/site-packages/airflow/example_dags/tutorial.py took 0.136 seconds
[2023-03-09T16:48:16.466+0000] {processor.py:153} INFO - Started process (PID=3331) to work on /home/airflow/.local/lib/python3.7/site-packages/airflow/example_dags/tutorial.py
[2023-03-09T16:48:16.469+0000] {processor.py:743} INFO - Processing file /home/airflow/.local/lib/python3.7/site-packages/airflow/example_dags/tutorial.py for tasks to queue
[2023-03-09T16:48:16.471+0000] {logging_mixin.py:137} INFO - [2023-03-09T16:48:16.471+0000] {dagbag.py:538} INFO - Filling up the DagBag from /home/airflow/.local/lib/python3.7/site-packages/airflow/example_dags/tutorial.py
[2023-03-09T16:48:16.499+0000] {processor.py:753} INFO - DAG(s) dict_keys(['tutorial']) retrieved from /home/airflow/.local/lib/python3.7/site-packages/airflow/example_dags/tutorial.py
[2023-03-09T16:48:16.552+0000] {logging_mixin.py:137} INFO - [2023-03-09T16:48:16.551+0000] {dag.py:2690} INFO - Sync 1 DAGs
[2023-03-09T16:48:16.615+0000] {logging_mixin.py:137} INFO - [2023-03-09T16:48:16.615+0000] {dag.py:3441} INFO - Setting next_dagrun for tutorial to 2023-03-08T16:48:16.615302+00:00, run_after=2023-03-09T16:48:16.615302+00:00
[2023-03-09T16:48:16.645+0000] {processor.py:175} INFO - Processing /home/airflow/.local/lib/python3.7/site-packages/airflow/example_dags/tutorial.py took 0.197 seconds
[2023-03-09T16:48:47.457+0000] {processor.py:153} INFO - Started process (PID=3411) to work on /home/airflow/.local/lib/python3.7/site-packages/airflow/example_dags/tutorial.py
[2023-03-09T16:48:47.460+0000] {processor.py:743} INFO - Processing file /home/airflow/.local/lib/python3.7/site-packages/airflow/example_dags/tutorial.py for tasks to queue
[2023-03-09T16:48:47.463+0000] {logging_mixin.py:137} INFO - [2023-03-09T16:48:47.463+0000] {dagbag.py:538} INFO - Filling up the DagBag from /home/airflow/.local/lib/python3.7/site-packages/airflow/example_dags/tutorial.py
[2023-03-09T16:48:47.487+0000] {processor.py:753} INFO - DAG(s) dict_keys(['tutorial']) retrieved from /home/airflow/.local/lib/python3.7/site-packages/airflow/example_dags/tutorial.py
[2023-03-09T16:48:47.519+0000] {logging_mixin.py:137} INFO - [2023-03-09T16:48:47.519+0000] {dag.py:2690} INFO - Sync 1 DAGs
[2023-03-09T16:48:47.552+0000] {logging_mixin.py:137} INFO - [2023-03-09T16:48:47.551+0000] {dag.py:3441} INFO - Setting next_dagrun for tutorial to 2023-03-08T16:48:47.551553+00:00, run_after=2023-03-09T16:48:47.551553+00:00
[2023-03-09T16:48:47.582+0000] {processor.py:175} INFO - Processing /home/airflow/.local/lib/python3.7/site-packages/airflow/example_dags/tutorial.py took 0.130 seconds
[2023-03-09T16:49:17.841+0000] {processor.py:153} INFO - Started process (PID=3489) to work on /home/airflow/.local/lib/python3.7/site-packages/airflow/example_dags/tutorial.py
[2023-03-09T16:49:17.843+0000] {processor.py:743} INFO - Processing file /home/airflow/.local/lib/python3.7/site-packages/airflow/example_dags/tutorial.py for tasks to queue
[2023-03-09T16:49:17.845+0000] {logging_mixin.py:137} INFO - [2023-03-09T16:49:17.844+0000] {dagbag.py:538} INFO - Filling up the DagBag from /home/airflow/.local/lib/python3.7/site-packages/airflow/example_dags/tutorial.py
[2023-03-09T16:49:17.867+0000] {processor.py:753} INFO - DAG(s) dict_keys(['tutorial']) retrieved from /home/airflow/.local/lib/python3.7/site-packages/airflow/example_dags/tutorial.py
[2023-03-09T16:49:17.902+0000] {logging_mixin.py:137} INFO - [2023-03-09T16:49:17.902+0000] {dag.py:2690} INFO - Sync 1 DAGs
[2023-03-09T16:49:17.935+0000] {logging_mixin.py:137} INFO - [2023-03-09T16:49:17.935+0000] {dag.py:3441} INFO - Setting next_dagrun for tutorial to 2023-03-08T16:49:17.934798+00:00, run_after=2023-03-09T16:49:17.934798+00:00
[2023-03-09T16:49:17.972+0000] {processor.py:175} INFO - Processing /home/airflow/.local/lib/python3.7/site-packages/airflow/example_dags/tutorial.py took 0.138 seconds
[2023-03-09T16:49:48.132+0000] {processor.py:153} INFO - Started process (PID=3562) to work on /home/airflow/.local/lib/python3.7/site-packages/airflow/example_dags/tutorial.py
[2023-03-09T16:49:48.134+0000] {processor.py:743} INFO - Processing file /home/airflow/.local/lib/python3.7/site-packages/airflow/example_dags/tutorial.py for tasks to queue
[2023-03-09T16:49:48.136+0000] {logging_mixin.py:137} INFO - [2023-03-09T16:49:48.136+0000] {dagbag.py:538} INFO - Filling up the DagBag from /home/airflow/.local/lib/python3.7/site-packages/airflow/example_dags/tutorial.py
[2023-03-09T16:49:48.158+0000] {processor.py:753} INFO - DAG(s) dict_keys(['tutorial']) retrieved from /home/airflow/.local/lib/python3.7/site-packages/airflow/example_dags/tutorial.py
[2023-03-09T16:49:48.198+0000] {logging_mixin.py:137} INFO - [2023-03-09T16:49:48.198+0000] {dag.py:2690} INFO - Sync 1 DAGs
[2023-03-09T16:49:48.241+0000] {logging_mixin.py:137} INFO - [2023-03-09T16:49:48.241+0000] {dag.py:3441} INFO - Setting next_dagrun for tutorial to 2023-03-08T16:49:48.240897+00:00, run_after=2023-03-09T16:49:48.240897+00:00
[2023-03-09T16:49:48.267+0000] {processor.py:175} INFO - Processing /home/airflow/.local/lib/python3.7/site-packages/airflow/example_dags/tutorial.py took 0.141 seconds
