[2023-03-08T17:00:53.921+0000] {taskinstance.py:1083} INFO - Dependencies all met for <TaskInstance: bitcoin_second_webscrape.gcs_csv_file_upload manual__2023-03-08T17:00:28.852949+00:00 [queued]>
[2023-03-08T17:00:53.938+0000] {taskinstance.py:1083} INFO - Dependencies all met for <TaskInstance: bitcoin_second_webscrape.gcs_csv_file_upload manual__2023-03-08T17:00:28.852949+00:00 [queued]>
[2023-03-08T17:00:53.940+0000] {taskinstance.py:1279} INFO - 
--------------------------------------------------------------------------------
[2023-03-08T17:00:53.942+0000] {taskinstance.py:1280} INFO - Starting attempt 1 of 1
[2023-03-08T17:00:53.943+0000] {taskinstance.py:1281} INFO - 
--------------------------------------------------------------------------------
[2023-03-08T17:00:53.961+0000] {taskinstance.py:1300} INFO - Executing <Task(PythonOperator): gcs_csv_file_upload> on 2023-03-08 17:00:28.852949+00:00
[2023-03-08T17:00:53.971+0000] {standard_task_runner.py:55} INFO - Started process 372 to run task
[2023-03-08T17:00:53.978+0000] {standard_task_runner.py:82} INFO - Running: ['***', 'tasks', 'run', 'bitcoin_second_webscrape', 'gcs_csv_file_upload', 'manual__2023-03-08T17:00:28.852949+00:00', '--job-id', '212', '--raw', '--subdir', 'DAGS_FOLDER/main.py', '--cfg-path', '/tmp/tmpadne2vsw']
[2023-03-08T17:00:53.979+0000] {standard_task_runner.py:83} INFO - Job 212: Subtask gcs_csv_file_upload
[2023-03-08T17:00:54.100+0000] {task_command.py:388} INFO - Running <TaskInstance: bitcoin_second_webscrape.gcs_csv_file_upload manual__2023-03-08T17:00:28.852949+00:00 [running]> on host cd114ba8c1f8
[2023-03-08T17:00:54.227+0000] {taskinstance.py:1509} INFO - Exporting the following env vars:
AIRFLOW_CTX_DAG_EMAIL=***@example.com
AIRFLOW_CTX_DAG_OWNER=***
AIRFLOW_CTX_DAG_ID=bitcoin_second_webscrape
AIRFLOW_CTX_TASK_ID=gcs_csv_file_upload
AIRFLOW_CTX_EXECUTION_DATE=2023-03-08T17:00:28.852949+00:00
AIRFLOW_CTX_TRY_NUMBER=1
AIRFLOW_CTX_DAG_RUN_ID=manual__2023-03-08T17:00:28.852949+00:00
[2023-03-08T17:00:55.150+0000] {python.py:177} INFO - Done. Returned value was: None
[2023-03-08T17:00:55.164+0000] {taskinstance.py:1323} INFO - Marking task as SUCCESS. dag_id=bitcoin_second_webscrape, task_id=gcs_csv_file_upload, execution_date=20230308T170028, start_date=20230308T170053, end_date=20230308T170055
[2023-03-08T17:00:55.207+0000] {local_task_job.py:208} INFO - Task exited with return code 0
[2023-03-08T17:00:55.238+0000] {taskinstance.py:2578} INFO - 1 downstream tasks scheduled from follow-on schedule check
