[2023-03-06T23:30:41.537+0000] {taskinstance.py:1083} INFO - Dependencies all met for <TaskInstance: bitcoin_second_webscrape.scrape_close_bitcoin_price manual__2023-03-06T23:30:29.977628+00:00 [queued]>
[2023-03-06T23:30:41.580+0000] {taskinstance.py:1083} INFO - Dependencies all met for <TaskInstance: bitcoin_second_webscrape.scrape_close_bitcoin_price manual__2023-03-06T23:30:29.977628+00:00 [queued]>
[2023-03-06T23:30:41.584+0000] {taskinstance.py:1279} INFO - 
--------------------------------------------------------------------------------
[2023-03-06T23:30:41.588+0000] {taskinstance.py:1280} INFO - Starting attempt 1 of 1
[2023-03-06T23:30:41.593+0000] {taskinstance.py:1281} INFO - 
--------------------------------------------------------------------------------
[2023-03-06T23:30:41.667+0000] {taskinstance.py:1300} INFO - Executing <Task(PythonOperator): scrape_close_bitcoin_price> on 2023-03-06 23:30:29.977628+00:00
[2023-03-06T23:30:41.687+0000] {standard_task_runner.py:55} INFO - Started process 117 to run task
[2023-03-06T23:30:41.707+0000] {standard_task_runner.py:82} INFO - Running: ['***', 'tasks', 'run', 'bitcoin_second_webscrape', 'scrape_close_bitcoin_price', 'manual__2023-03-06T23:30:29.977628+00:00', '--job-id', '120', '--raw', '--subdir', 'DAGS_FOLDER/main.py', '--cfg-path', '/tmp/tmpiftvz2ub']
[2023-03-06T23:30:41.711+0000] {standard_task_runner.py:83} INFO - Job 120: Subtask scrape_close_bitcoin_price
[2023-03-06T23:30:42.222+0000] {task_command.py:388} INFO - Running <TaskInstance: bitcoin_second_webscrape.scrape_close_bitcoin_price manual__2023-03-06T23:30:29.977628+00:00 [running]> on host 12a6d3b9daec
[2023-03-06T23:30:42.580+0000] {taskinstance.py:1509} INFO - Exporting the following env vars:
AIRFLOW_CTX_DAG_EMAIL=***@example.com
AIRFLOW_CTX_DAG_OWNER=***
AIRFLOW_CTX_DAG_ID=bitcoin_second_webscrape
AIRFLOW_CTX_TASK_ID=scrape_close_bitcoin_price
AIRFLOW_CTX_EXECUTION_DATE=2023-03-06T23:30:29.977628+00:00
AIRFLOW_CTX_TRY_NUMBER=1
AIRFLOW_CTX_DAG_RUN_ID=manual__2023-03-06T23:30:29.977628+00:00
[2023-03-06T23:30:44.021+0000] {logging_mixin.py:137} INFO - ['W(100%)']
[2023-03-06T23:30:46.090+0000] {python.py:177} INFO - Done. Returned value was: None
[2023-03-06T23:30:46.460+0000] {taskinstance.py:1323} INFO - Marking task as SUCCESS. dag_id=bitcoin_second_webscrape, task_id=scrape_close_bitcoin_price, execution_date=20230306T233029, start_date=20230306T233041, end_date=20230306T233046
[2023-03-06T23:30:47.368+0000] {local_task_job.py:208} INFO - Task exited with return code 0
[2023-03-06T23:30:47.613+0000] {taskinstance.py:2578} INFO - 1 downstream tasks scheduled from follow-on schedule check
