[2023-03-06T23:49:28.235+0000] {taskinstance.py:1083} INFO - Dependencies all met for <TaskInstance: bitcoin_first_webscrape.transform_open_webscrape_pricing manual__2023-03-06T23:48:59.025456+00:00 [queued]>
[2023-03-06T23:49:28.284+0000] {taskinstance.py:1083} INFO - Dependencies all met for <TaskInstance: bitcoin_first_webscrape.transform_open_webscrape_pricing manual__2023-03-06T23:48:59.025456+00:00 [queued]>
[2023-03-06T23:49:28.288+0000] {taskinstance.py:1279} INFO - 
--------------------------------------------------------------------------------
[2023-03-06T23:49:28.292+0000] {taskinstance.py:1280} INFO - Starting attempt 1 of 1
[2023-03-06T23:49:28.296+0000] {taskinstance.py:1281} INFO - 
--------------------------------------------------------------------------------
[2023-03-06T23:49:28.341+0000] {taskinstance.py:1300} INFO - Executing <Task(PythonOperator): transform_open_webscrape_pricing> on 2023-03-06 23:48:59.025456+00:00
[2023-03-06T23:49:28.399+0000] {standard_task_runner.py:55} INFO - Started process 166 to run task
[2023-03-06T23:49:28.410+0000] {standard_task_runner.py:82} INFO - Running: ['***', 'tasks', 'run', 'bitcoin_first_webscrape', 'transform_open_webscrape_pricing', 'manual__2023-03-06T23:48:59.025456+00:00', '--job-id', '132', '--raw', '--subdir', 'DAGS_FOLDER/main.py', '--cfg-path', '/tmp/tmpnyatwlv4']
[2023-03-06T23:49:28.417+0000] {standard_task_runner.py:83} INFO - Job 132: Subtask transform_open_webscrape_pricing
[2023-03-06T23:49:28.667+0000] {task_command.py:388} INFO - Running <TaskInstance: bitcoin_first_webscrape.transform_open_webscrape_pricing manual__2023-03-06T23:48:59.025456+00:00 [running]> on host 12a6d3b9daec
[2023-03-06T23:49:29.024+0000] {taskinstance.py:1509} INFO - Exporting the following env vars:
AIRFLOW_CTX_DAG_EMAIL=***@example.com
AIRFLOW_CTX_DAG_OWNER=***
AIRFLOW_CTX_DAG_ID=bitcoin_first_webscrape
AIRFLOW_CTX_TASK_ID=transform_open_webscrape_pricing
AIRFLOW_CTX_EXECUTION_DATE=2023-03-06T23:48:59.025456+00:00
AIRFLOW_CTX_TRY_NUMBER=1
AIRFLOW_CTX_DAG_RUN_ID=manual__2023-03-06T23:48:59.025456+00:00
[2023-03-06T23:49:29.190+0000] {python.py:177} INFO - Done. Returned value was: None
[2023-03-06T23:49:29.250+0000] {taskinstance.py:1323} INFO - Marking task as SUCCESS. dag_id=bitcoin_first_webscrape, task_id=transform_open_webscrape_pricing, execution_date=20230306T234859, start_date=20230306T234928, end_date=20230306T234929
[2023-03-06T23:49:29.399+0000] {local_task_job.py:208} INFO - Task exited with return code 0
[2023-03-06T23:49:29.529+0000] {taskinstance.py:2578} INFO - 0 downstream tasks scheduled from follow-on schedule check
