[2023-03-07T23:44:24.832+0000] {taskinstance.py:1083} INFO - Dependencies all met for <TaskInstance: bitcoin_first_webscrape.scrape_open_bitcoin_price scheduled__2023-03-06T06:30:00+00:00 [queued]>
[2023-03-07T23:44:24.912+0000] {taskinstance.py:1083} INFO - Dependencies all met for <TaskInstance: bitcoin_first_webscrape.scrape_open_bitcoin_price scheduled__2023-03-06T06:30:00+00:00 [queued]>
[2023-03-07T23:44:24.919+0000] {taskinstance.py:1279} INFO - 
--------------------------------------------------------------------------------
[2023-03-07T23:44:24.926+0000] {taskinstance.py:1280} INFO - Starting attempt 1 of 1
[2023-03-07T23:44:24.930+0000] {taskinstance.py:1281} INFO - 
--------------------------------------------------------------------------------
[2023-03-07T23:44:25.029+0000] {taskinstance.py:1300} INFO - Executing <Task(PythonOperator): scrape_open_bitcoin_price> on 2023-03-06 06:30:00+00:00
[2023-03-07T23:44:25.072+0000] {standard_task_runner.py:55} INFO - Started process 195 to run task
[2023-03-07T23:44:25.118+0000] {standard_task_runner.py:82} INFO - Running: ['***', 'tasks', 'run', 'bitcoin_first_webscrape', 'scrape_open_bitcoin_price', 'scheduled__2023-03-06T06:30:00+00:00', '--job-id', '164', '--raw', '--subdir', 'DAGS_FOLDER/main.py', '--cfg-path', '/tmp/tmpelxeex1g']
[2023-03-07T23:44:25.121+0000] {standard_task_runner.py:83} INFO - Job 164: Subtask scrape_open_bitcoin_price
[2023-03-07T23:44:25.826+0000] {task_command.py:388} INFO - Running <TaskInstance: bitcoin_first_webscrape.scrape_open_bitcoin_price scheduled__2023-03-06T06:30:00+00:00 [running]> on host cd114ba8c1f8
[2023-03-07T23:44:26.360+0000] {taskinstance.py:1509} INFO - Exporting the following env vars:
AIRFLOW_CTX_DAG_EMAIL=***@example.com
AIRFLOW_CTX_DAG_OWNER=***
AIRFLOW_CTX_DAG_ID=bitcoin_first_webscrape
AIRFLOW_CTX_TASK_ID=scrape_open_bitcoin_price
AIRFLOW_CTX_EXECUTION_DATE=2023-03-06T06:30:00+00:00
AIRFLOW_CTX_TRY_NUMBER=1
AIRFLOW_CTX_DAG_RUN_ID=scheduled__2023-03-06T06:30:00+00:00
[2023-03-07T23:44:28.687+0000] {logging_mixin.py:137} INFO - ['W(100%)']
[2023-03-07T23:44:29.353+0000] {python.py:177} INFO - Done. Returned value was: None
[2023-03-07T23:44:29.448+0000] {taskinstance.py:1323} INFO - Marking task as SUCCESS. dag_id=bitcoin_first_webscrape, task_id=scrape_open_bitcoin_price, execution_date=20230306T063000, start_date=20230307T234424, end_date=20230307T234429
[2023-03-07T23:44:29.752+0000] {local_task_job.py:208} INFO - Task exited with return code 0
[2023-03-07T23:44:30.096+0000] {taskinstance.py:2578} INFO - 0 downstream tasks scheduled from follow-on schedule check
