[2023-03-06T17:08:31.367+0000] {processor.py:153} INFO - Started process (PID=88) to work on /home/airflow/.local/lib/python3.7/site-packages/airflow/example_dags/example_bash_operator.py
[2023-03-06T17:08:31.371+0000] {processor.py:743} INFO - Processing file /home/airflow/.local/lib/python3.7/site-packages/airflow/example_dags/example_bash_operator.py for tasks to queue
[2023-03-06T17:08:31.374+0000] {logging_mixin.py:137} INFO - [2023-03-06T17:08:31.374+0000] {dagbag.py:538} INFO - Filling up the DagBag from /home/airflow/.local/lib/python3.7/site-packages/airflow/example_dags/example_bash_operator.py
[2023-03-06T17:08:31.422+0000] {processor.py:753} INFO - DAG(s) dict_keys(['example_bash_operator']) retrieved from /home/airflow/.local/lib/python3.7/site-packages/airflow/example_dags/example_bash_operator.py
[2023-03-06T17:08:31.507+0000] {logging_mixin.py:137} INFO - [2023-03-06T17:08:31.506+0000] {dag.py:2690} INFO - Sync 1 DAGs
[2023-03-06T17:08:31.568+0000] {logging_mixin.py:137} INFO - [2023-03-06T17:08:31.567+0000] {dag.py:3441} INFO - Setting next_dagrun for example_bash_operator to 2023-03-05T00:00:00+00:00, run_after=2023-03-06T00:00:00+00:00
[2023-03-06T17:08:31.617+0000] {processor.py:175} INFO - Processing /home/airflow/.local/lib/python3.7/site-packages/airflow/example_dags/example_bash_operator.py took 0.257 seconds
[2023-03-06T17:09:02.231+0000] {processor.py:153} INFO - Started process (PID=154) to work on /home/airflow/.local/lib/python3.7/site-packages/airflow/example_dags/example_bash_operator.py
[2023-03-06T17:09:02.235+0000] {processor.py:743} INFO - Processing file /home/airflow/.local/lib/python3.7/site-packages/airflow/example_dags/example_bash_operator.py for tasks to queue
[2023-03-06T17:09:02.238+0000] {logging_mixin.py:137} INFO - [2023-03-06T17:09:02.238+0000] {dagbag.py:538} INFO - Filling up the DagBag from /home/airflow/.local/lib/python3.7/site-packages/airflow/example_dags/example_bash_operator.py
[2023-03-06T17:09:02.289+0000] {processor.py:753} INFO - DAG(s) dict_keys(['example_bash_operator']) retrieved from /home/airflow/.local/lib/python3.7/site-packages/airflow/example_dags/example_bash_operator.py
[2023-03-06T17:09:02.361+0000] {logging_mixin.py:137} INFO - [2023-03-06T17:09:02.361+0000] {dag.py:2690} INFO - Sync 1 DAGs
[2023-03-06T17:09:02.420+0000] {logging_mixin.py:137} INFO - [2023-03-06T17:09:02.420+0000] {dag.py:3441} INFO - Setting next_dagrun for example_bash_operator to 2023-03-05T00:00:00+00:00, run_after=2023-03-06T00:00:00+00:00
[2023-03-06T17:09:02.458+0000] {processor.py:175} INFO - Processing /home/airflow/.local/lib/python3.7/site-packages/airflow/example_dags/example_bash_operator.py took 0.237 seconds
[2023-03-06T17:09:36.577+0000] {processor.py:153} INFO - Started process (PID=226) to work on /home/airflow/.local/lib/python3.7/site-packages/airflow/example_dags/example_bash_operator.py
[2023-03-06T17:09:36.587+0000] {processor.py:743} INFO - Processing file /home/airflow/.local/lib/python3.7/site-packages/airflow/example_dags/example_bash_operator.py for tasks to queue
[2023-03-06T17:09:36.593+0000] {logging_mixin.py:137} INFO - [2023-03-06T17:09:36.592+0000] {dagbag.py:538} INFO - Filling up the DagBag from /home/airflow/.local/lib/python3.7/site-packages/airflow/example_dags/example_bash_operator.py
[2023-03-06T17:09:36.787+0000] {processor.py:753} INFO - DAG(s) dict_keys(['example_bash_operator']) retrieved from /home/airflow/.local/lib/python3.7/site-packages/airflow/example_dags/example_bash_operator.py
[2023-03-06T17:09:37.046+0000] {logging_mixin.py:137} INFO - [2023-03-06T17:09:37.045+0000] {dag.py:2690} INFO - Sync 1 DAGs
[2023-03-06T17:09:37.247+0000] {logging_mixin.py:137} INFO - [2023-03-06T17:09:37.246+0000] {dag.py:3441} INFO - Setting next_dagrun for example_bash_operator to 2023-03-05T00:00:00+00:00, run_after=2023-03-06T00:00:00+00:00
[2023-03-06T17:09:37.426+0000] {processor.py:175} INFO - Processing /home/airflow/.local/lib/python3.7/site-packages/airflow/example_dags/example_bash_operator.py took 0.886 seconds
[2023-03-06T17:10:13.732+0000] {processor.py:153} INFO - Started process (PID=294) to work on /home/airflow/.local/lib/python3.7/site-packages/airflow/example_dags/example_bash_operator.py
[2023-03-06T17:10:13.742+0000] {processor.py:743} INFO - Processing file /home/airflow/.local/lib/python3.7/site-packages/airflow/example_dags/example_bash_operator.py for tasks to queue
[2023-03-06T17:10:13.746+0000] {logging_mixin.py:137} INFO - [2023-03-06T17:10:13.746+0000] {dagbag.py:538} INFO - Filling up the DagBag from /home/airflow/.local/lib/python3.7/site-packages/airflow/example_dags/example_bash_operator.py
[2023-03-06T17:10:13.864+0000] {processor.py:753} INFO - DAG(s) dict_keys(['example_bash_operator']) retrieved from /home/airflow/.local/lib/python3.7/site-packages/airflow/example_dags/example_bash_operator.py
[2023-03-06T17:10:14.261+0000] {logging_mixin.py:137} INFO - [2023-03-06T17:10:14.260+0000] {dag.py:2690} INFO - Sync 1 DAGs
[2023-03-06T17:10:14.427+0000] {logging_mixin.py:137} INFO - [2023-03-06T17:10:14.426+0000] {dag.py:3441} INFO - Setting next_dagrun for example_bash_operator to 2023-03-05T00:00:00+00:00, run_after=2023-03-06T00:00:00+00:00
[2023-03-06T17:10:14.557+0000] {processor.py:175} INFO - Processing /home/airflow/.local/lib/python3.7/site-packages/airflow/example_dags/example_bash_operator.py took 0.841 seconds
[2023-03-06T17:10:47.690+0000] {processor.py:153} INFO - Started process (PID=358) to work on /home/airflow/.local/lib/python3.7/site-packages/airflow/example_dags/example_bash_operator.py
[2023-03-06T17:10:47.695+0000] {processor.py:743} INFO - Processing file /home/airflow/.local/lib/python3.7/site-packages/airflow/example_dags/example_bash_operator.py for tasks to queue
[2023-03-06T17:10:47.699+0000] {logging_mixin.py:137} INFO - [2023-03-06T17:10:47.699+0000] {dagbag.py:538} INFO - Filling up the DagBag from /home/airflow/.local/lib/python3.7/site-packages/airflow/example_dags/example_bash_operator.py
[2023-03-06T17:10:47.824+0000] {processor.py:753} INFO - DAG(s) dict_keys(['example_bash_operator']) retrieved from /home/airflow/.local/lib/python3.7/site-packages/airflow/example_dags/example_bash_operator.py
[2023-03-06T17:10:47.928+0000] {logging_mixin.py:137} INFO - [2023-03-06T17:10:47.928+0000] {dag.py:2690} INFO - Sync 1 DAGs
[2023-03-06T17:10:48.012+0000] {logging_mixin.py:137} INFO - [2023-03-06T17:10:48.012+0000] {dag.py:3441} INFO - Setting next_dagrun for example_bash_operator to 2023-03-05T00:00:00+00:00, run_after=2023-03-06T00:00:00+00:00
[2023-03-06T17:10:48.059+0000] {processor.py:175} INFO - Processing /home/airflow/.local/lib/python3.7/site-packages/airflow/example_dags/example_bash_operator.py took 0.388 seconds
[2023-03-06T17:11:24.036+0000] {processor.py:153} INFO - Started process (PID=427) to work on /home/airflow/.local/lib/python3.7/site-packages/airflow/example_dags/example_bash_operator.py
[2023-03-06T17:11:24.041+0000] {processor.py:743} INFO - Processing file /home/airflow/.local/lib/python3.7/site-packages/airflow/example_dags/example_bash_operator.py for tasks to queue
[2023-03-06T17:11:24.045+0000] {logging_mixin.py:137} INFO - [2023-03-06T17:11:24.045+0000] {dagbag.py:538} INFO - Filling up the DagBag from /home/airflow/.local/lib/python3.7/site-packages/airflow/example_dags/example_bash_operator.py
[2023-03-06T17:11:24.109+0000] {processor.py:753} INFO - DAG(s) dict_keys(['example_bash_operator']) retrieved from /home/airflow/.local/lib/python3.7/site-packages/airflow/example_dags/example_bash_operator.py
[2023-03-06T17:11:24.211+0000] {logging_mixin.py:137} INFO - [2023-03-06T17:11:24.210+0000] {dag.py:2690} INFO - Sync 1 DAGs
[2023-03-06T17:11:24.289+0000] {logging_mixin.py:137} INFO - [2023-03-06T17:11:24.289+0000] {dag.py:3441} INFO - Setting next_dagrun for example_bash_operator to 2023-03-05T00:00:00+00:00, run_after=2023-03-06T00:00:00+00:00
[2023-03-06T17:11:24.353+0000] {processor.py:175} INFO - Processing /home/airflow/.local/lib/python3.7/site-packages/airflow/example_dags/example_bash_operator.py took 0.326 seconds
[2023-03-06T17:11:57.393+0000] {processor.py:153} INFO - Started process (PID=497) to work on /home/airflow/.local/lib/python3.7/site-packages/airflow/example_dags/example_bash_operator.py
[2023-03-06T17:11:57.396+0000] {processor.py:743} INFO - Processing file /home/airflow/.local/lib/python3.7/site-packages/airflow/example_dags/example_bash_operator.py for tasks to queue
[2023-03-06T17:11:57.400+0000] {logging_mixin.py:137} INFO - [2023-03-06T17:11:57.399+0000] {dagbag.py:538} INFO - Filling up the DagBag from /home/airflow/.local/lib/python3.7/site-packages/airflow/example_dags/example_bash_operator.py
[2023-03-06T17:11:57.448+0000] {processor.py:753} INFO - DAG(s) dict_keys(['example_bash_operator']) retrieved from /home/airflow/.local/lib/python3.7/site-packages/airflow/example_dags/example_bash_operator.py
[2023-03-06T17:11:57.529+0000] {logging_mixin.py:137} INFO - [2023-03-06T17:11:57.529+0000] {dag.py:2690} INFO - Sync 1 DAGs
[2023-03-06T17:11:57.582+0000] {logging_mixin.py:137} INFO - [2023-03-06T17:11:57.582+0000] {dag.py:3441} INFO - Setting next_dagrun for example_bash_operator to 2023-03-05T00:00:00+00:00, run_after=2023-03-06T00:00:00+00:00
[2023-03-06T17:11:57.620+0000] {processor.py:175} INFO - Processing /home/airflow/.local/lib/python3.7/site-packages/airflow/example_dags/example_bash_operator.py took 0.236 seconds
[2023-03-06T17:12:32.699+0000] {processor.py:153} INFO - Started process (PID=571) to work on /home/airflow/.local/lib/python3.7/site-packages/airflow/example_dags/example_bash_operator.py
[2023-03-06T17:12:32.702+0000] {processor.py:743} INFO - Processing file /home/airflow/.local/lib/python3.7/site-packages/airflow/example_dags/example_bash_operator.py for tasks to queue
[2023-03-06T17:12:32.706+0000] {logging_mixin.py:137} INFO - [2023-03-06T17:12:32.705+0000] {dagbag.py:538} INFO - Filling up the DagBag from /home/airflow/.local/lib/python3.7/site-packages/airflow/example_dags/example_bash_operator.py
[2023-03-06T17:12:32.762+0000] {processor.py:753} INFO - DAG(s) dict_keys(['example_bash_operator']) retrieved from /home/airflow/.local/lib/python3.7/site-packages/airflow/example_dags/example_bash_operator.py
[2023-03-06T17:12:32.840+0000] {logging_mixin.py:137} INFO - [2023-03-06T17:12:32.840+0000] {dag.py:2690} INFO - Sync 1 DAGs
[2023-03-06T17:12:32.890+0000] {logging_mixin.py:137} INFO - [2023-03-06T17:12:32.890+0000] {dag.py:3441} INFO - Setting next_dagrun for example_bash_operator to 2023-03-05T00:00:00+00:00, run_after=2023-03-06T00:00:00+00:00
[2023-03-06T17:12:32.926+0000] {processor.py:175} INFO - Processing /home/airflow/.local/lib/python3.7/site-packages/airflow/example_dags/example_bash_operator.py took 0.236 seconds
[2023-03-06T17:13:05.026+0000] {processor.py:153} INFO - Started process (PID=643) to work on /home/airflow/.local/lib/python3.7/site-packages/airflow/example_dags/example_bash_operator.py
[2023-03-06T17:13:05.029+0000] {processor.py:743} INFO - Processing file /home/airflow/.local/lib/python3.7/site-packages/airflow/example_dags/example_bash_operator.py for tasks to queue
[2023-03-06T17:13:05.032+0000] {logging_mixin.py:137} INFO - [2023-03-06T17:13:05.032+0000] {dagbag.py:538} INFO - Filling up the DagBag from /home/airflow/.local/lib/python3.7/site-packages/airflow/example_dags/example_bash_operator.py
[2023-03-06T17:13:05.075+0000] {processor.py:753} INFO - DAG(s) dict_keys(['example_bash_operator']) retrieved from /home/airflow/.local/lib/python3.7/site-packages/airflow/example_dags/example_bash_operator.py
[2023-03-06T17:13:05.141+0000] {logging_mixin.py:137} INFO - [2023-03-06T17:13:05.140+0000] {dag.py:2690} INFO - Sync 1 DAGs
[2023-03-06T17:13:05.184+0000] {logging_mixin.py:137} INFO - [2023-03-06T17:13:05.184+0000] {dag.py:3441} INFO - Setting next_dagrun for example_bash_operator to 2023-03-05T00:00:00+00:00, run_after=2023-03-06T00:00:00+00:00
[2023-03-06T17:13:05.221+0000] {processor.py:175} INFO - Processing /home/airflow/.local/lib/python3.7/site-packages/airflow/example_dags/example_bash_operator.py took 0.203 seconds
[2023-03-06T17:13:38.293+0000] {processor.py:153} INFO - Started process (PID=710) to work on /home/airflow/.local/lib/python3.7/site-packages/airflow/example_dags/example_bash_operator.py
[2023-03-06T17:13:38.298+0000] {processor.py:743} INFO - Processing file /home/airflow/.local/lib/python3.7/site-packages/airflow/example_dags/example_bash_operator.py for tasks to queue
[2023-03-06T17:13:38.301+0000] {logging_mixin.py:137} INFO - [2023-03-06T17:13:38.301+0000] {dagbag.py:538} INFO - Filling up the DagBag from /home/airflow/.local/lib/python3.7/site-packages/airflow/example_dags/example_bash_operator.py
[2023-03-06T17:13:38.341+0000] {processor.py:753} INFO - DAG(s) dict_keys(['example_bash_operator']) retrieved from /home/airflow/.local/lib/python3.7/site-packages/airflow/example_dags/example_bash_operator.py
[2023-03-06T17:13:38.408+0000] {logging_mixin.py:137} INFO - [2023-03-06T17:13:38.408+0000] {dag.py:2690} INFO - Sync 1 DAGs
[2023-03-06T17:13:38.453+0000] {logging_mixin.py:137} INFO - [2023-03-06T17:13:38.453+0000] {dag.py:3441} INFO - Setting next_dagrun for example_bash_operator to 2023-03-05T00:00:00+00:00, run_after=2023-03-06T00:00:00+00:00
[2023-03-06T17:13:38.486+0000] {processor.py:175} INFO - Processing /home/airflow/.local/lib/python3.7/site-packages/airflow/example_dags/example_bash_operator.py took 0.199 seconds
[2023-03-06T18:50:21.925+0000] {processor.py:153} INFO - Started process (PID=84) to work on /home/airflow/.local/lib/python3.7/site-packages/airflow/example_dags/example_bash_operator.py
[2023-03-06T18:50:21.936+0000] {processor.py:743} INFO - Processing file /home/airflow/.local/lib/python3.7/site-packages/airflow/example_dags/example_bash_operator.py for tasks to queue
[2023-03-06T18:50:21.938+0000] {logging_mixin.py:137} INFO - [2023-03-06T18:50:21.938+0000] {dagbag.py:538} INFO - Filling up the DagBag from /home/airflow/.local/lib/python3.7/site-packages/airflow/example_dags/example_bash_operator.py
[2023-03-06T18:50:22.089+0000] {processor.py:753} INFO - DAG(s) dict_keys(['example_bash_operator']) retrieved from /home/airflow/.local/lib/python3.7/site-packages/airflow/example_dags/example_bash_operator.py
[2023-03-06T18:50:22.333+0000] {logging_mixin.py:137} INFO - [2023-03-06T18:50:22.333+0000] {dag.py:2690} INFO - Sync 1 DAGs
[2023-03-06T18:50:22.475+0000] {logging_mixin.py:137} INFO - [2023-03-06T18:50:22.475+0000] {dag.py:3441} INFO - Setting next_dagrun for example_bash_operator to 2023-03-05T00:00:00+00:00, run_after=2023-03-06T00:00:00+00:00
[2023-03-06T18:50:22.541+0000] {processor.py:175} INFO - Processing /home/airflow/.local/lib/python3.7/site-packages/airflow/example_dags/example_bash_operator.py took 0.639 seconds
[2023-03-06T18:50:52.643+0000] {processor.py:153} INFO - Started process (PID=154) to work on /home/airflow/.local/lib/python3.7/site-packages/airflow/example_dags/example_bash_operator.py
[2023-03-06T18:50:52.646+0000] {processor.py:743} INFO - Processing file /home/airflow/.local/lib/python3.7/site-packages/airflow/example_dags/example_bash_operator.py for tasks to queue
[2023-03-06T18:50:52.649+0000] {logging_mixin.py:137} INFO - [2023-03-06T18:50:52.648+0000] {dagbag.py:538} INFO - Filling up the DagBag from /home/airflow/.local/lib/python3.7/site-packages/airflow/example_dags/example_bash_operator.py
[2023-03-06T18:50:52.697+0000] {processor.py:753} INFO - DAG(s) dict_keys(['example_bash_operator']) retrieved from /home/airflow/.local/lib/python3.7/site-packages/airflow/example_dags/example_bash_operator.py
[2023-03-06T18:50:52.772+0000] {logging_mixin.py:137} INFO - [2023-03-06T18:50:52.771+0000] {dag.py:2690} INFO - Sync 1 DAGs
[2023-03-06T18:50:52.835+0000] {logging_mixin.py:137} INFO - [2023-03-06T18:50:52.835+0000] {dag.py:3441} INFO - Setting next_dagrun for example_bash_operator to 2023-03-05T00:00:00+00:00, run_after=2023-03-06T00:00:00+00:00
[2023-03-06T18:50:52.882+0000] {processor.py:175} INFO - Processing /home/airflow/.local/lib/python3.7/site-packages/airflow/example_dags/example_bash_operator.py took 0.245 seconds
[2023-03-06T18:51:23.455+0000] {processor.py:153} INFO - Started process (PID=219) to work on /home/airflow/.local/lib/python3.7/site-packages/airflow/example_dags/example_bash_operator.py
[2023-03-06T18:51:23.460+0000] {processor.py:743} INFO - Processing file /home/airflow/.local/lib/python3.7/site-packages/airflow/example_dags/example_bash_operator.py for tasks to queue
[2023-03-06T18:51:23.462+0000] {logging_mixin.py:137} INFO - [2023-03-06T18:51:23.462+0000] {dagbag.py:538} INFO - Filling up the DagBag from /home/airflow/.local/lib/python3.7/site-packages/airflow/example_dags/example_bash_operator.py
[2023-03-06T18:51:23.504+0000] {processor.py:753} INFO - DAG(s) dict_keys(['example_bash_operator']) retrieved from /home/airflow/.local/lib/python3.7/site-packages/airflow/example_dags/example_bash_operator.py
[2023-03-06T18:51:23.576+0000] {logging_mixin.py:137} INFO - [2023-03-06T18:51:23.576+0000] {dag.py:2690} INFO - Sync 1 DAGs
[2023-03-06T18:51:23.623+0000] {logging_mixin.py:137} INFO - [2023-03-06T18:51:23.622+0000] {dag.py:3441} INFO - Setting next_dagrun for example_bash_operator to 2023-03-05T00:00:00+00:00, run_after=2023-03-06T00:00:00+00:00
[2023-03-06T18:51:23.656+0000] {processor.py:175} INFO - Processing /home/airflow/.local/lib/python3.7/site-packages/airflow/example_dags/example_bash_operator.py took 0.208 seconds
[2023-03-06T18:51:54.689+0000] {processor.py:153} INFO - Started process (PID=285) to work on /home/airflow/.local/lib/python3.7/site-packages/airflow/example_dags/example_bash_operator.py
[2023-03-06T18:51:54.694+0000] {processor.py:743} INFO - Processing file /home/airflow/.local/lib/python3.7/site-packages/airflow/example_dags/example_bash_operator.py for tasks to queue
[2023-03-06T18:51:54.697+0000] {logging_mixin.py:137} INFO - [2023-03-06T18:51:54.697+0000] {dagbag.py:538} INFO - Filling up the DagBag from /home/airflow/.local/lib/python3.7/site-packages/airflow/example_dags/example_bash_operator.py
[2023-03-06T18:51:54.766+0000] {processor.py:753} INFO - DAG(s) dict_keys(['example_bash_operator']) retrieved from /home/airflow/.local/lib/python3.7/site-packages/airflow/example_dags/example_bash_operator.py
[2023-03-06T18:51:54.855+0000] {logging_mixin.py:137} INFO - [2023-03-06T18:51:54.855+0000] {dag.py:2690} INFO - Sync 1 DAGs
[2023-03-06T18:51:54.910+0000] {logging_mixin.py:137} INFO - [2023-03-06T18:51:54.910+0000] {dag.py:3441} INFO - Setting next_dagrun for example_bash_operator to 2023-03-05T00:00:00+00:00, run_after=2023-03-06T00:00:00+00:00
[2023-03-06T18:51:54.959+0000] {processor.py:175} INFO - Processing /home/airflow/.local/lib/python3.7/site-packages/airflow/example_dags/example_bash_operator.py took 0.278 seconds
[2023-03-06T18:52:25.101+0000] {processor.py:153} INFO - Started process (PID=353) to work on /home/airflow/.local/lib/python3.7/site-packages/airflow/example_dags/example_bash_operator.py
[2023-03-06T18:52:25.104+0000] {processor.py:743} INFO - Processing file /home/airflow/.local/lib/python3.7/site-packages/airflow/example_dags/example_bash_operator.py for tasks to queue
[2023-03-06T18:52:25.106+0000] {logging_mixin.py:137} INFO - [2023-03-06T18:52:25.106+0000] {dagbag.py:538} INFO - Filling up the DagBag from /home/airflow/.local/lib/python3.7/site-packages/airflow/example_dags/example_bash_operator.py
[2023-03-06T18:52:25.155+0000] {processor.py:753} INFO - DAG(s) dict_keys(['example_bash_operator']) retrieved from /home/airflow/.local/lib/python3.7/site-packages/airflow/example_dags/example_bash_operator.py
[2023-03-06T18:52:25.229+0000] {logging_mixin.py:137} INFO - [2023-03-06T18:52:25.228+0000] {dag.py:2690} INFO - Sync 1 DAGs
[2023-03-06T18:52:25.281+0000] {logging_mixin.py:137} INFO - [2023-03-06T18:52:25.280+0000] {dag.py:3441} INFO - Setting next_dagrun for example_bash_operator to 2023-03-05T00:00:00+00:00, run_after=2023-03-06T00:00:00+00:00
[2023-03-06T18:52:25.319+0000] {processor.py:175} INFO - Processing /home/airflow/.local/lib/python3.7/site-packages/airflow/example_dags/example_bash_operator.py took 0.226 seconds
[2023-03-06T18:52:56.509+0000] {processor.py:153} INFO - Started process (PID=420) to work on /home/airflow/.local/lib/python3.7/site-packages/airflow/example_dags/example_bash_operator.py
[2023-03-06T18:52:56.518+0000] {processor.py:743} INFO - Processing file /home/airflow/.local/lib/python3.7/site-packages/airflow/example_dags/example_bash_operator.py for tasks to queue
[2023-03-06T18:52:56.522+0000] {logging_mixin.py:137} INFO - [2023-03-06T18:52:56.522+0000] {dagbag.py:538} INFO - Filling up the DagBag from /home/airflow/.local/lib/python3.7/site-packages/airflow/example_dags/example_bash_operator.py
[2023-03-06T18:52:56.605+0000] {processor.py:753} INFO - DAG(s) dict_keys(['example_bash_operator']) retrieved from /home/airflow/.local/lib/python3.7/site-packages/airflow/example_dags/example_bash_operator.py
[2023-03-06T18:52:56.745+0000] {logging_mixin.py:137} INFO - [2023-03-06T18:52:56.744+0000] {dag.py:2690} INFO - Sync 1 DAGs
[2023-03-06T18:52:56.818+0000] {logging_mixin.py:137} INFO - [2023-03-06T18:52:56.818+0000] {dag.py:3441} INFO - Setting next_dagrun for example_bash_operator to 2023-03-05T00:00:00+00:00, run_after=2023-03-06T00:00:00+00:00
[2023-03-06T18:52:56.870+0000] {processor.py:175} INFO - Processing /home/airflow/.local/lib/python3.7/site-packages/airflow/example_dags/example_bash_operator.py took 0.373 seconds
[2023-03-06T18:53:30.241+0000] {processor.py:153} INFO - Started process (PID=490) to work on /home/airflow/.local/lib/python3.7/site-packages/airflow/example_dags/example_bash_operator.py
[2023-03-06T18:53:30.250+0000] {processor.py:743} INFO - Processing file /home/airflow/.local/lib/python3.7/site-packages/airflow/example_dags/example_bash_operator.py for tasks to queue
[2023-03-06T18:53:30.256+0000] {logging_mixin.py:137} INFO - [2023-03-06T18:53:30.255+0000] {dagbag.py:538} INFO - Filling up the DagBag from /home/airflow/.local/lib/python3.7/site-packages/airflow/example_dags/example_bash_operator.py
[2023-03-06T18:53:30.346+0000] {processor.py:753} INFO - DAG(s) dict_keys(['example_bash_operator']) retrieved from /home/airflow/.local/lib/python3.7/site-packages/airflow/example_dags/example_bash_operator.py
[2023-03-06T18:53:30.495+0000] {logging_mixin.py:137} INFO - [2023-03-06T18:53:30.495+0000] {dag.py:2690} INFO - Sync 1 DAGs
[2023-03-06T18:53:30.607+0000] {logging_mixin.py:137} INFO - [2023-03-06T18:53:30.606+0000] {dag.py:3441} INFO - Setting next_dagrun for example_bash_operator to 2023-03-05T00:00:00+00:00, run_after=2023-03-06T00:00:00+00:00
[2023-03-06T18:53:30.707+0000] {processor.py:175} INFO - Processing /home/airflow/.local/lib/python3.7/site-packages/airflow/example_dags/example_bash_operator.py took 0.497 seconds
[2023-03-06T18:54:01.329+0000] {processor.py:153} INFO - Started process (PID=556) to work on /home/airflow/.local/lib/python3.7/site-packages/airflow/example_dags/example_bash_operator.py
[2023-03-06T18:54:01.334+0000] {processor.py:743} INFO - Processing file /home/airflow/.local/lib/python3.7/site-packages/airflow/example_dags/example_bash_operator.py for tasks to queue
[2023-03-06T18:54:01.337+0000] {logging_mixin.py:137} INFO - [2023-03-06T18:54:01.337+0000] {dagbag.py:538} INFO - Filling up the DagBag from /home/airflow/.local/lib/python3.7/site-packages/airflow/example_dags/example_bash_operator.py
[2023-03-06T18:54:01.409+0000] {processor.py:753} INFO - DAG(s) dict_keys(['example_bash_operator']) retrieved from /home/airflow/.local/lib/python3.7/site-packages/airflow/example_dags/example_bash_operator.py
[2023-03-06T18:54:01.489+0000] {logging_mixin.py:137} INFO - [2023-03-06T18:54:01.488+0000] {dag.py:2690} INFO - Sync 1 DAGs
[2023-03-06T18:54:01.546+0000] {logging_mixin.py:137} INFO - [2023-03-06T18:54:01.545+0000] {dag.py:3441} INFO - Setting next_dagrun for example_bash_operator to 2023-03-05T00:00:00+00:00, run_after=2023-03-06T00:00:00+00:00
[2023-03-06T18:54:01.592+0000] {processor.py:175} INFO - Processing /home/airflow/.local/lib/python3.7/site-packages/airflow/example_dags/example_bash_operator.py took 0.270 seconds
[2023-03-06T18:54:32.186+0000] {processor.py:153} INFO - Started process (PID=634) to work on /home/airflow/.local/lib/python3.7/site-packages/airflow/example_dags/example_bash_operator.py
[2023-03-06T18:54:32.198+0000] {processor.py:743} INFO - Processing file /home/airflow/.local/lib/python3.7/site-packages/airflow/example_dags/example_bash_operator.py for tasks to queue
[2023-03-06T18:54:32.215+0000] {logging_mixin.py:137} INFO - [2023-03-06T18:54:32.215+0000] {dagbag.py:538} INFO - Filling up the DagBag from /home/airflow/.local/lib/python3.7/site-packages/airflow/example_dags/example_bash_operator.py
[2023-03-06T18:54:32.265+0000] {processor.py:753} INFO - DAG(s) dict_keys(['example_bash_operator']) retrieved from /home/airflow/.local/lib/python3.7/site-packages/airflow/example_dags/example_bash_operator.py
[2023-03-06T18:54:32.341+0000] {logging_mixin.py:137} INFO - [2023-03-06T18:54:32.340+0000] {dag.py:2690} INFO - Sync 1 DAGs
[2023-03-06T18:54:32.433+0000] {logging_mixin.py:137} INFO - [2023-03-06T18:54:32.432+0000] {dag.py:3441} INFO - Setting next_dagrun for example_bash_operator to 2023-03-05T00:00:00+00:00, run_after=2023-03-06T00:00:00+00:00
[2023-03-06T18:54:32.482+0000] {processor.py:175} INFO - Processing /home/airflow/.local/lib/python3.7/site-packages/airflow/example_dags/example_bash_operator.py took 0.314 seconds
[2023-03-06T18:55:02.552+0000] {processor.py:153} INFO - Started process (PID=701) to work on /home/airflow/.local/lib/python3.7/site-packages/airflow/example_dags/example_bash_operator.py
[2023-03-06T18:55:02.555+0000] {processor.py:743} INFO - Processing file /home/airflow/.local/lib/python3.7/site-packages/airflow/example_dags/example_bash_operator.py for tasks to queue
[2023-03-06T18:55:02.559+0000] {logging_mixin.py:137} INFO - [2023-03-06T18:55:02.558+0000] {dagbag.py:538} INFO - Filling up the DagBag from /home/airflow/.local/lib/python3.7/site-packages/airflow/example_dags/example_bash_operator.py
[2023-03-06T18:55:02.608+0000] {processor.py:753} INFO - DAG(s) dict_keys(['example_bash_operator']) retrieved from /home/airflow/.local/lib/python3.7/site-packages/airflow/example_dags/example_bash_operator.py
[2023-03-06T18:55:02.691+0000] {logging_mixin.py:137} INFO - [2023-03-06T18:55:02.690+0000] {dag.py:2690} INFO - Sync 1 DAGs
[2023-03-06T18:55:02.764+0000] {logging_mixin.py:137} INFO - [2023-03-06T18:55:02.764+0000] {dag.py:3441} INFO - Setting next_dagrun for example_bash_operator to 2023-03-05T00:00:00+00:00, run_after=2023-03-06T00:00:00+00:00
[2023-03-06T18:55:02.804+0000] {processor.py:175} INFO - Processing /home/airflow/.local/lib/python3.7/site-packages/airflow/example_dags/example_bash_operator.py took 0.259 seconds
[2023-03-06T18:55:33.096+0000] {processor.py:153} INFO - Started process (PID=769) to work on /home/airflow/.local/lib/python3.7/site-packages/airflow/example_dags/example_bash_operator.py
[2023-03-06T18:55:33.099+0000] {processor.py:743} INFO - Processing file /home/airflow/.local/lib/python3.7/site-packages/airflow/example_dags/example_bash_operator.py for tasks to queue
[2023-03-06T18:55:33.102+0000] {logging_mixin.py:137} INFO - [2023-03-06T18:55:33.101+0000] {dagbag.py:538} INFO - Filling up the DagBag from /home/airflow/.local/lib/python3.7/site-packages/airflow/example_dags/example_bash_operator.py
[2023-03-06T18:55:33.141+0000] {processor.py:753} INFO - DAG(s) dict_keys(['example_bash_operator']) retrieved from /home/airflow/.local/lib/python3.7/site-packages/airflow/example_dags/example_bash_operator.py
[2023-03-06T18:55:33.206+0000] {logging_mixin.py:137} INFO - [2023-03-06T18:55:33.206+0000] {dag.py:2690} INFO - Sync 1 DAGs
[2023-03-06T18:55:33.250+0000] {logging_mixin.py:137} INFO - [2023-03-06T18:55:33.250+0000] {dag.py:3441} INFO - Setting next_dagrun for example_bash_operator to 2023-03-05T00:00:00+00:00, run_after=2023-03-06T00:00:00+00:00
[2023-03-06T18:55:33.281+0000] {processor.py:175} INFO - Processing /home/airflow/.local/lib/python3.7/site-packages/airflow/example_dags/example_bash_operator.py took 0.190 seconds
[2023-03-06T18:56:03.804+0000] {processor.py:153} INFO - Started process (PID=835) to work on /home/airflow/.local/lib/python3.7/site-packages/airflow/example_dags/example_bash_operator.py
[2023-03-06T18:56:03.808+0000] {processor.py:743} INFO - Processing file /home/airflow/.local/lib/python3.7/site-packages/airflow/example_dags/example_bash_operator.py for tasks to queue
[2023-03-06T18:56:03.811+0000] {logging_mixin.py:137} INFO - [2023-03-06T18:56:03.811+0000] {dagbag.py:538} INFO - Filling up the DagBag from /home/airflow/.local/lib/python3.7/site-packages/airflow/example_dags/example_bash_operator.py
[2023-03-06T18:56:03.857+0000] {processor.py:753} INFO - DAG(s) dict_keys(['example_bash_operator']) retrieved from /home/airflow/.local/lib/python3.7/site-packages/airflow/example_dags/example_bash_operator.py
[2023-03-06T18:56:03.942+0000] {logging_mixin.py:137} INFO - [2023-03-06T18:56:03.941+0000] {dag.py:2690} INFO - Sync 1 DAGs
[2023-03-06T18:56:04.024+0000] {logging_mixin.py:137} INFO - [2023-03-06T18:56:04.024+0000] {dag.py:3441} INFO - Setting next_dagrun for example_bash_operator to 2023-03-05T00:00:00+00:00, run_after=2023-03-06T00:00:00+00:00
[2023-03-06T18:56:04.071+0000] {processor.py:175} INFO - Processing /home/airflow/.local/lib/python3.7/site-packages/airflow/example_dags/example_bash_operator.py took 0.276 seconds
[2023-03-06T18:56:35.052+0000] {processor.py:153} INFO - Started process (PID=902) to work on /home/airflow/.local/lib/python3.7/site-packages/airflow/example_dags/example_bash_operator.py
[2023-03-06T18:56:35.055+0000] {processor.py:743} INFO - Processing file /home/airflow/.local/lib/python3.7/site-packages/airflow/example_dags/example_bash_operator.py for tasks to queue
[2023-03-06T18:56:35.057+0000] {logging_mixin.py:137} INFO - [2023-03-06T18:56:35.057+0000] {dagbag.py:538} INFO - Filling up the DagBag from /home/airflow/.local/lib/python3.7/site-packages/airflow/example_dags/example_bash_operator.py
[2023-03-06T18:56:35.099+0000] {processor.py:753} INFO - DAG(s) dict_keys(['example_bash_operator']) retrieved from /home/airflow/.local/lib/python3.7/site-packages/airflow/example_dags/example_bash_operator.py
[2023-03-06T18:56:35.164+0000] {logging_mixin.py:137} INFO - [2023-03-06T18:56:35.164+0000] {dag.py:2690} INFO - Sync 1 DAGs
[2023-03-06T18:56:35.213+0000] {logging_mixin.py:137} INFO - [2023-03-06T18:56:35.213+0000] {dag.py:3441} INFO - Setting next_dagrun for example_bash_operator to 2023-03-05T00:00:00+00:00, run_after=2023-03-06T00:00:00+00:00
[2023-03-06T18:56:35.256+0000] {processor.py:175} INFO - Processing /home/airflow/.local/lib/python3.7/site-packages/airflow/example_dags/example_bash_operator.py took 0.209 seconds
[2023-03-06T18:57:06.154+0000] {processor.py:153} INFO - Started process (PID=981) to work on /home/airflow/.local/lib/python3.7/site-packages/airflow/example_dags/example_bash_operator.py
[2023-03-06T18:57:06.156+0000] {processor.py:743} INFO - Processing file /home/airflow/.local/lib/python3.7/site-packages/airflow/example_dags/example_bash_operator.py for tasks to queue
[2023-03-06T18:57:06.159+0000] {logging_mixin.py:137} INFO - [2023-03-06T18:57:06.159+0000] {dagbag.py:538} INFO - Filling up the DagBag from /home/airflow/.local/lib/python3.7/site-packages/airflow/example_dags/example_bash_operator.py
[2023-03-06T18:57:06.204+0000] {processor.py:753} INFO - DAG(s) dict_keys(['example_bash_operator']) retrieved from /home/airflow/.local/lib/python3.7/site-packages/airflow/example_dags/example_bash_operator.py
[2023-03-06T18:57:06.276+0000] {logging_mixin.py:137} INFO - [2023-03-06T18:57:06.276+0000] {dag.py:2690} INFO - Sync 1 DAGs
[2023-03-06T18:57:06.323+0000] {logging_mixin.py:137} INFO - [2023-03-06T18:57:06.323+0000] {dag.py:3441} INFO - Setting next_dagrun for example_bash_operator to 2023-03-05T00:00:00+00:00, run_after=2023-03-06T00:00:00+00:00
[2023-03-06T18:57:06.356+0000] {processor.py:175} INFO - Processing /home/airflow/.local/lib/python3.7/site-packages/airflow/example_dags/example_bash_operator.py took 0.209 seconds
[2023-03-06T18:57:39.658+0000] {processor.py:153} INFO - Started process (PID=1048) to work on /home/airflow/.local/lib/python3.7/site-packages/airflow/example_dags/example_bash_operator.py
[2023-03-06T18:57:39.698+0000] {processor.py:743} INFO - Processing file /home/airflow/.local/lib/python3.7/site-packages/airflow/example_dags/example_bash_operator.py for tasks to queue
[2023-03-06T18:57:39.708+0000] {logging_mixin.py:137} INFO - [2023-03-06T18:57:39.708+0000] {dagbag.py:538} INFO - Filling up the DagBag from /home/airflow/.local/lib/python3.7/site-packages/airflow/example_dags/example_bash_operator.py
[2023-03-06T18:57:39.898+0000] {processor.py:753} INFO - DAG(s) dict_keys(['example_bash_operator']) retrieved from /home/airflow/.local/lib/python3.7/site-packages/airflow/example_dags/example_bash_operator.py
[2023-03-06T18:57:40.197+0000] {logging_mixin.py:137} INFO - [2023-03-06T18:57:40.197+0000] {dag.py:2690} INFO - Sync 1 DAGs
[2023-03-06T18:57:40.484+0000] {logging_mixin.py:137} INFO - [2023-03-06T18:57:40.483+0000] {dag.py:3441} INFO - Setting next_dagrun for example_bash_operator to 2023-03-05T00:00:00+00:00, run_after=2023-03-06T00:00:00+00:00
[2023-03-06T18:57:40.647+0000] {processor.py:175} INFO - Processing /home/airflow/.local/lib/python3.7/site-packages/airflow/example_dags/example_bash_operator.py took 1.010 seconds
[2023-03-06T18:58:10.897+0000] {processor.py:153} INFO - Started process (PID=1113) to work on /home/airflow/.local/lib/python3.7/site-packages/airflow/example_dags/example_bash_operator.py
[2023-03-06T18:58:10.902+0000] {processor.py:743} INFO - Processing file /home/airflow/.local/lib/python3.7/site-packages/airflow/example_dags/example_bash_operator.py for tasks to queue
[2023-03-06T18:58:10.905+0000] {logging_mixin.py:137} INFO - [2023-03-06T18:58:10.905+0000] {dagbag.py:538} INFO - Filling up the DagBag from /home/airflow/.local/lib/python3.7/site-packages/airflow/example_dags/example_bash_operator.py
[2023-03-06T18:58:10.953+0000] {processor.py:753} INFO - DAG(s) dict_keys(['example_bash_operator']) retrieved from /home/airflow/.local/lib/python3.7/site-packages/airflow/example_dags/example_bash_operator.py
[2023-03-06T18:58:11.027+0000] {logging_mixin.py:137} INFO - [2023-03-06T18:58:11.026+0000] {dag.py:2690} INFO - Sync 1 DAGs
[2023-03-06T18:58:11.073+0000] {logging_mixin.py:137} INFO - [2023-03-06T18:58:11.072+0000] {dag.py:3441} INFO - Setting next_dagrun for example_bash_operator to 2023-03-05T00:00:00+00:00, run_after=2023-03-06T00:00:00+00:00
[2023-03-06T18:58:11.109+0000] {processor.py:175} INFO - Processing /home/airflow/.local/lib/python3.7/site-packages/airflow/example_dags/example_bash_operator.py took 0.220 seconds
[2023-03-06T18:58:41.928+0000] {processor.py:153} INFO - Started process (PID=1180) to work on /home/airflow/.local/lib/python3.7/site-packages/airflow/example_dags/example_bash_operator.py
[2023-03-06T18:58:41.931+0000] {processor.py:743} INFO - Processing file /home/airflow/.local/lib/python3.7/site-packages/airflow/example_dags/example_bash_operator.py for tasks to queue
[2023-03-06T18:58:41.933+0000] {logging_mixin.py:137} INFO - [2023-03-06T18:58:41.933+0000] {dagbag.py:538} INFO - Filling up the DagBag from /home/airflow/.local/lib/python3.7/site-packages/airflow/example_dags/example_bash_operator.py
[2023-03-06T18:58:41.965+0000] {processor.py:753} INFO - DAG(s) dict_keys(['example_bash_operator']) retrieved from /home/airflow/.local/lib/python3.7/site-packages/airflow/example_dags/example_bash_operator.py
[2023-03-06T18:58:42.024+0000] {logging_mixin.py:137} INFO - [2023-03-06T18:58:42.023+0000] {dag.py:2690} INFO - Sync 1 DAGs
[2023-03-06T18:58:42.063+0000] {logging_mixin.py:137} INFO - [2023-03-06T18:58:42.063+0000] {dag.py:3441} INFO - Setting next_dagrun for example_bash_operator to 2023-03-05T00:00:00+00:00, run_after=2023-03-06T00:00:00+00:00
[2023-03-06T18:58:42.095+0000] {processor.py:175} INFO - Processing /home/airflow/.local/lib/python3.7/site-packages/airflow/example_dags/example_bash_operator.py took 0.173 seconds
[2023-03-06T18:59:12.760+0000] {processor.py:153} INFO - Started process (PID=1263) to work on /home/airflow/.local/lib/python3.7/site-packages/airflow/example_dags/example_bash_operator.py
[2023-03-06T18:59:12.762+0000] {processor.py:743} INFO - Processing file /home/airflow/.local/lib/python3.7/site-packages/airflow/example_dags/example_bash_operator.py for tasks to queue
[2023-03-06T18:59:12.766+0000] {logging_mixin.py:137} INFO - [2023-03-06T18:59:12.765+0000] {dagbag.py:538} INFO - Filling up the DagBag from /home/airflow/.local/lib/python3.7/site-packages/airflow/example_dags/example_bash_operator.py
[2023-03-06T18:59:12.802+0000] {processor.py:753} INFO - DAG(s) dict_keys(['example_bash_operator']) retrieved from /home/airflow/.local/lib/python3.7/site-packages/airflow/example_dags/example_bash_operator.py
[2023-03-06T18:59:12.862+0000] {logging_mixin.py:137} INFO - [2023-03-06T18:59:12.862+0000] {dag.py:2690} INFO - Sync 1 DAGs
[2023-03-06T18:59:12.905+0000] {logging_mixin.py:137} INFO - [2023-03-06T18:59:12.905+0000] {dag.py:3441} INFO - Setting next_dagrun for example_bash_operator to 2023-03-05T00:00:00+00:00, run_after=2023-03-06T00:00:00+00:00
[2023-03-06T18:59:12.934+0000] {processor.py:175} INFO - Processing /home/airflow/.local/lib/python3.7/site-packages/airflow/example_dags/example_bash_operator.py took 0.181 seconds
[2023-03-06T18:59:43.656+0000] {processor.py:153} INFO - Started process (PID=1330) to work on /home/airflow/.local/lib/python3.7/site-packages/airflow/example_dags/example_bash_operator.py
[2023-03-06T18:59:43.660+0000] {processor.py:743} INFO - Processing file /home/airflow/.local/lib/python3.7/site-packages/airflow/example_dags/example_bash_operator.py for tasks to queue
[2023-03-06T18:59:43.667+0000] {logging_mixin.py:137} INFO - [2023-03-06T18:59:43.666+0000] {dagbag.py:538} INFO - Filling up the DagBag from /home/airflow/.local/lib/python3.7/site-packages/airflow/example_dags/example_bash_operator.py
[2023-03-06T18:59:43.718+0000] {processor.py:753} INFO - DAG(s) dict_keys(['example_bash_operator']) retrieved from /home/airflow/.local/lib/python3.7/site-packages/airflow/example_dags/example_bash_operator.py
[2023-03-06T18:59:43.800+0000] {logging_mixin.py:137} INFO - [2023-03-06T18:59:43.800+0000] {dag.py:2690} INFO - Sync 1 DAGs
[2023-03-06T18:59:43.846+0000] {logging_mixin.py:137} INFO - [2023-03-06T18:59:43.846+0000] {dag.py:3441} INFO - Setting next_dagrun for example_bash_operator to 2023-03-05T00:00:00+00:00, run_after=2023-03-06T00:00:00+00:00
[2023-03-06T18:59:43.878+0000] {processor.py:175} INFO - Processing /home/airflow/.local/lib/python3.7/site-packages/airflow/example_dags/example_bash_operator.py took 0.228 seconds
[2023-03-06T19:00:14.429+0000] {processor.py:153} INFO - Started process (PID=1398) to work on /home/airflow/.local/lib/python3.7/site-packages/airflow/example_dags/example_bash_operator.py
[2023-03-06T19:00:14.434+0000] {processor.py:743} INFO - Processing file /home/airflow/.local/lib/python3.7/site-packages/airflow/example_dags/example_bash_operator.py for tasks to queue
[2023-03-06T19:00:14.439+0000] {logging_mixin.py:137} INFO - [2023-03-06T19:00:14.439+0000] {dagbag.py:538} INFO - Filling up the DagBag from /home/airflow/.local/lib/python3.7/site-packages/airflow/example_dags/example_bash_operator.py
[2023-03-06T19:00:14.579+0000] {processor.py:753} INFO - DAG(s) dict_keys(['example_bash_operator']) retrieved from /home/airflow/.local/lib/python3.7/site-packages/airflow/example_dags/example_bash_operator.py
[2023-03-06T19:00:14.785+0000] {logging_mixin.py:137} INFO - [2023-03-06T19:00:14.784+0000] {dag.py:2690} INFO - Sync 1 DAGs
[2023-03-06T19:00:14.867+0000] {logging_mixin.py:137} INFO - [2023-03-06T19:00:14.867+0000] {dag.py:3441} INFO - Setting next_dagrun for example_bash_operator to 2023-03-05T00:00:00+00:00, run_after=2023-03-06T00:00:00+00:00
[2023-03-06T19:00:14.916+0000] {processor.py:175} INFO - Processing /home/airflow/.local/lib/python3.7/site-packages/airflow/example_dags/example_bash_operator.py took 0.496 seconds
[2023-03-06T19:00:45.207+0000] {processor.py:153} INFO - Started process (PID=1462) to work on /home/airflow/.local/lib/python3.7/site-packages/airflow/example_dags/example_bash_operator.py
[2023-03-06T19:00:45.211+0000] {processor.py:743} INFO - Processing file /home/airflow/.local/lib/python3.7/site-packages/airflow/example_dags/example_bash_operator.py for tasks to queue
[2023-03-06T19:00:45.217+0000] {logging_mixin.py:137} INFO - [2023-03-06T19:00:45.216+0000] {dagbag.py:538} INFO - Filling up the DagBag from /home/airflow/.local/lib/python3.7/site-packages/airflow/example_dags/example_bash_operator.py
[2023-03-06T19:00:45.272+0000] {processor.py:753} INFO - DAG(s) dict_keys(['example_bash_operator']) retrieved from /home/airflow/.local/lib/python3.7/site-packages/airflow/example_dags/example_bash_operator.py
[2023-03-06T19:00:45.400+0000] {logging_mixin.py:137} INFO - [2023-03-06T19:00:45.399+0000] {dag.py:2690} INFO - Sync 1 DAGs
[2023-03-06T19:00:45.471+0000] {logging_mixin.py:137} INFO - [2023-03-06T19:00:45.471+0000] {dag.py:3441} INFO - Setting next_dagrun for example_bash_operator to 2023-03-05T00:00:00+00:00, run_after=2023-03-06T00:00:00+00:00
[2023-03-06T19:00:45.511+0000] {processor.py:175} INFO - Processing /home/airflow/.local/lib/python3.7/site-packages/airflow/example_dags/example_bash_operator.py took 0.312 seconds
[2023-03-06T19:01:15.730+0000] {processor.py:153} INFO - Started process (PID=1529) to work on /home/airflow/.local/lib/python3.7/site-packages/airflow/example_dags/example_bash_operator.py
[2023-03-06T19:01:15.734+0000] {processor.py:743} INFO - Processing file /home/airflow/.local/lib/python3.7/site-packages/airflow/example_dags/example_bash_operator.py for tasks to queue
[2023-03-06T19:01:15.737+0000] {logging_mixin.py:137} INFO - [2023-03-06T19:01:15.736+0000] {dagbag.py:538} INFO - Filling up the DagBag from /home/airflow/.local/lib/python3.7/site-packages/airflow/example_dags/example_bash_operator.py
[2023-03-06T19:01:15.773+0000] {processor.py:753} INFO - DAG(s) dict_keys(['example_bash_operator']) retrieved from /home/airflow/.local/lib/python3.7/site-packages/airflow/example_dags/example_bash_operator.py
[2023-03-06T19:01:15.856+0000] {logging_mixin.py:137} INFO - [2023-03-06T19:01:15.856+0000] {dag.py:2690} INFO - Sync 1 DAGs
[2023-03-06T19:01:15.924+0000] {logging_mixin.py:137} INFO - [2023-03-06T19:01:15.924+0000] {dag.py:3441} INFO - Setting next_dagrun for example_bash_operator to 2023-03-05T00:00:00+00:00, run_after=2023-03-06T00:00:00+00:00
[2023-03-06T19:01:15.954+0000] {processor.py:175} INFO - Processing /home/airflow/.local/lib/python3.7/site-packages/airflow/example_dags/example_bash_operator.py took 0.229 seconds
[2023-03-06T19:01:46.161+0000] {processor.py:153} INFO - Started process (PID=1596) to work on /home/airflow/.local/lib/python3.7/site-packages/airflow/example_dags/example_bash_operator.py
[2023-03-06T19:01:46.165+0000] {processor.py:743} INFO - Processing file /home/airflow/.local/lib/python3.7/site-packages/airflow/example_dags/example_bash_operator.py for tasks to queue
[2023-03-06T19:01:46.171+0000] {logging_mixin.py:137} INFO - [2023-03-06T19:01:46.171+0000] {dagbag.py:538} INFO - Filling up the DagBag from /home/airflow/.local/lib/python3.7/site-packages/airflow/example_dags/example_bash_operator.py
[2023-03-06T19:01:46.214+0000] {processor.py:753} INFO - DAG(s) dict_keys(['example_bash_operator']) retrieved from /home/airflow/.local/lib/python3.7/site-packages/airflow/example_dags/example_bash_operator.py
[2023-03-06T19:01:46.274+0000] {logging_mixin.py:137} INFO - [2023-03-06T19:01:46.274+0000] {dag.py:2690} INFO - Sync 1 DAGs
[2023-03-06T19:01:46.324+0000] {logging_mixin.py:137} INFO - [2023-03-06T19:01:46.323+0000] {dag.py:3441} INFO - Setting next_dagrun for example_bash_operator to 2023-03-05T00:00:00+00:00, run_after=2023-03-06T00:00:00+00:00
[2023-03-06T19:01:46.352+0000] {processor.py:175} INFO - Processing /home/airflow/.local/lib/python3.7/site-packages/airflow/example_dags/example_bash_operator.py took 0.200 seconds
[2023-03-06T19:02:16.617+0000] {processor.py:153} INFO - Started process (PID=1675) to work on /home/airflow/.local/lib/python3.7/site-packages/airflow/example_dags/example_bash_operator.py
[2023-03-06T19:02:16.620+0000] {processor.py:743} INFO - Processing file /home/airflow/.local/lib/python3.7/site-packages/airflow/example_dags/example_bash_operator.py for tasks to queue
[2023-03-06T19:02:16.625+0000] {logging_mixin.py:137} INFO - [2023-03-06T19:02:16.624+0000] {dagbag.py:538} INFO - Filling up the DagBag from /home/airflow/.local/lib/python3.7/site-packages/airflow/example_dags/example_bash_operator.py
[2023-03-06T19:02:16.664+0000] {processor.py:753} INFO - DAG(s) dict_keys(['example_bash_operator']) retrieved from /home/airflow/.local/lib/python3.7/site-packages/airflow/example_dags/example_bash_operator.py
[2023-03-06T19:02:16.730+0000] {logging_mixin.py:137} INFO - [2023-03-06T19:02:16.730+0000] {dag.py:2690} INFO - Sync 1 DAGs
[2023-03-06T19:02:16.795+0000] {logging_mixin.py:137} INFO - [2023-03-06T19:02:16.794+0000] {dag.py:3441} INFO - Setting next_dagrun for example_bash_operator to 2023-03-05T00:00:00+00:00, run_after=2023-03-06T00:00:00+00:00
[2023-03-06T19:02:16.833+0000] {processor.py:175} INFO - Processing /home/airflow/.local/lib/python3.7/site-packages/airflow/example_dags/example_bash_operator.py took 0.222 seconds
[2023-03-06T19:02:47.193+0000] {processor.py:153} INFO - Started process (PID=1742) to work on /home/airflow/.local/lib/python3.7/site-packages/airflow/example_dags/example_bash_operator.py
[2023-03-06T19:02:47.196+0000] {processor.py:743} INFO - Processing file /home/airflow/.local/lib/python3.7/site-packages/airflow/example_dags/example_bash_operator.py for tasks to queue
[2023-03-06T19:02:47.198+0000] {logging_mixin.py:137} INFO - [2023-03-06T19:02:47.198+0000] {dagbag.py:538} INFO - Filling up the DagBag from /home/airflow/.local/lib/python3.7/site-packages/airflow/example_dags/example_bash_operator.py
[2023-03-06T19:02:47.237+0000] {processor.py:753} INFO - DAG(s) dict_keys(['example_bash_operator']) retrieved from /home/airflow/.local/lib/python3.7/site-packages/airflow/example_dags/example_bash_operator.py
[2023-03-06T19:02:47.300+0000] {logging_mixin.py:137} INFO - [2023-03-06T19:02:47.300+0000] {dag.py:2690} INFO - Sync 1 DAGs
[2023-03-06T19:02:47.342+0000] {logging_mixin.py:137} INFO - [2023-03-06T19:02:47.342+0000] {dag.py:3441} INFO - Setting next_dagrun for example_bash_operator to 2023-03-05T00:00:00+00:00, run_after=2023-03-06T00:00:00+00:00
[2023-03-06T19:02:47.372+0000] {processor.py:175} INFO - Processing /home/airflow/.local/lib/python3.7/site-packages/airflow/example_dags/example_bash_operator.py took 0.185 seconds
[2023-03-06T19:03:18.313+0000] {processor.py:153} INFO - Started process (PID=1808) to work on /home/airflow/.local/lib/python3.7/site-packages/airflow/example_dags/example_bash_operator.py
[2023-03-06T19:03:18.322+0000] {processor.py:743} INFO - Processing file /home/airflow/.local/lib/python3.7/site-packages/airflow/example_dags/example_bash_operator.py for tasks to queue
[2023-03-06T19:03:18.326+0000] {logging_mixin.py:137} INFO - [2023-03-06T19:03:18.326+0000] {dagbag.py:538} INFO - Filling up the DagBag from /home/airflow/.local/lib/python3.7/site-packages/airflow/example_dags/example_bash_operator.py
[2023-03-06T19:03:18.374+0000] {processor.py:753} INFO - DAG(s) dict_keys(['example_bash_operator']) retrieved from /home/airflow/.local/lib/python3.7/site-packages/airflow/example_dags/example_bash_operator.py
[2023-03-06T19:03:18.439+0000] {logging_mixin.py:137} INFO - [2023-03-06T19:03:18.439+0000] {dag.py:2690} INFO - Sync 1 DAGs
[2023-03-06T19:03:18.489+0000] {logging_mixin.py:137} INFO - [2023-03-06T19:03:18.488+0000] {dag.py:3441} INFO - Setting next_dagrun for example_bash_operator to 2023-03-05T00:00:00+00:00, run_after=2023-03-06T00:00:00+00:00
[2023-03-06T19:03:18.526+0000] {processor.py:175} INFO - Processing /home/airflow/.local/lib/python3.7/site-packages/airflow/example_dags/example_bash_operator.py took 0.222 seconds
[2023-03-06T19:03:49.141+0000] {processor.py:153} INFO - Started process (PID=1875) to work on /home/airflow/.local/lib/python3.7/site-packages/airflow/example_dags/example_bash_operator.py
[2023-03-06T19:03:49.143+0000] {processor.py:743} INFO - Processing file /home/airflow/.local/lib/python3.7/site-packages/airflow/example_dags/example_bash_operator.py for tasks to queue
[2023-03-06T19:03:49.147+0000] {logging_mixin.py:137} INFO - [2023-03-06T19:03:49.146+0000] {dagbag.py:538} INFO - Filling up the DagBag from /home/airflow/.local/lib/python3.7/site-packages/airflow/example_dags/example_bash_operator.py
[2023-03-06T19:03:49.192+0000] {processor.py:753} INFO - DAG(s) dict_keys(['example_bash_operator']) retrieved from /home/airflow/.local/lib/python3.7/site-packages/airflow/example_dags/example_bash_operator.py
[2023-03-06T19:03:49.262+0000] {logging_mixin.py:137} INFO - [2023-03-06T19:03:49.262+0000] {dag.py:2690} INFO - Sync 1 DAGs
[2023-03-06T19:03:49.353+0000] {logging_mixin.py:137} INFO - [2023-03-06T19:03:49.352+0000] {dag.py:3441} INFO - Setting next_dagrun for example_bash_operator to 2023-03-05T00:00:00+00:00, run_after=2023-03-06T00:00:00+00:00
[2023-03-06T19:03:49.385+0000] {processor.py:175} INFO - Processing /home/airflow/.local/lib/python3.7/site-packages/airflow/example_dags/example_bash_operator.py took 0.253 seconds
[2023-03-06T19:04:19.979+0000] {processor.py:153} INFO - Started process (PID=1951) to work on /home/airflow/.local/lib/python3.7/site-packages/airflow/example_dags/example_bash_operator.py
[2023-03-06T19:04:19.982+0000] {processor.py:743} INFO - Processing file /home/airflow/.local/lib/python3.7/site-packages/airflow/example_dags/example_bash_operator.py for tasks to queue
[2023-03-06T19:04:19.984+0000] {logging_mixin.py:137} INFO - [2023-03-06T19:04:19.984+0000] {dagbag.py:538} INFO - Filling up the DagBag from /home/airflow/.local/lib/python3.7/site-packages/airflow/example_dags/example_bash_operator.py
[2023-03-06T19:04:20.026+0000] {processor.py:753} INFO - DAG(s) dict_keys(['example_bash_operator']) retrieved from /home/airflow/.local/lib/python3.7/site-packages/airflow/example_dags/example_bash_operator.py
[2023-03-06T19:04:20.100+0000] {logging_mixin.py:137} INFO - [2023-03-06T19:04:20.100+0000] {dag.py:2690} INFO - Sync 1 DAGs
[2023-03-06T19:04:20.146+0000] {logging_mixin.py:137} INFO - [2023-03-06T19:04:20.146+0000] {dag.py:3441} INFO - Setting next_dagrun for example_bash_operator to 2023-03-05T00:00:00+00:00, run_after=2023-03-06T00:00:00+00:00
[2023-03-06T19:04:20.182+0000] {processor.py:175} INFO - Processing /home/airflow/.local/lib/python3.7/site-packages/airflow/example_dags/example_bash_operator.py took 0.210 seconds
[2023-03-06T19:04:51.120+0000] {processor.py:153} INFO - Started process (PID=2010) to work on /home/airflow/.local/lib/python3.7/site-packages/airflow/example_dags/example_bash_operator.py
[2023-03-06T19:04:51.203+0000] {processor.py:743} INFO - Processing file /home/airflow/.local/lib/python3.7/site-packages/airflow/example_dags/example_bash_operator.py for tasks to queue
[2023-03-06T19:04:51.254+0000] {logging_mixin.py:137} INFO - [2023-03-06T19:04:51.246+0000] {dagbag.py:538} INFO - Filling up the DagBag from /home/airflow/.local/lib/python3.7/site-packages/airflow/example_dags/example_bash_operator.py
[2023-03-06T19:04:51.550+0000] {processor.py:753} INFO - DAG(s) dict_keys(['example_bash_operator']) retrieved from /home/airflow/.local/lib/python3.7/site-packages/airflow/example_dags/example_bash_operator.py
[2023-03-06T19:04:51.763+0000] {logging_mixin.py:137} INFO - [2023-03-06T19:04:51.763+0000] {dag.py:2690} INFO - Sync 1 DAGs
[2023-03-06T19:04:51.898+0000] {logging_mixin.py:137} INFO - [2023-03-06T19:04:51.897+0000] {dag.py:3441} INFO - Setting next_dagrun for example_bash_operator to 2023-03-05T00:00:00+00:00, run_after=2023-03-06T00:00:00+00:00
[2023-03-06T19:04:51.966+0000] {processor.py:175} INFO - Processing /home/airflow/.local/lib/python3.7/site-packages/airflow/example_dags/example_bash_operator.py took 0.951 seconds
[2023-03-06T19:05:22.149+0000] {processor.py:153} INFO - Started process (PID=2079) to work on /home/airflow/.local/lib/python3.7/site-packages/airflow/example_dags/example_bash_operator.py
[2023-03-06T19:05:22.152+0000] {processor.py:743} INFO - Processing file /home/airflow/.local/lib/python3.7/site-packages/airflow/example_dags/example_bash_operator.py for tasks to queue
[2023-03-06T19:05:22.156+0000] {logging_mixin.py:137} INFO - [2023-03-06T19:05:22.156+0000] {dagbag.py:538} INFO - Filling up the DagBag from /home/airflow/.local/lib/python3.7/site-packages/airflow/example_dags/example_bash_operator.py
[2023-03-06T19:05:22.199+0000] {processor.py:753} INFO - DAG(s) dict_keys(['example_bash_operator']) retrieved from /home/airflow/.local/lib/python3.7/site-packages/airflow/example_dags/example_bash_operator.py
[2023-03-06T19:05:22.276+0000] {logging_mixin.py:137} INFO - [2023-03-06T19:05:22.276+0000] {dag.py:2690} INFO - Sync 1 DAGs
[2023-03-06T19:05:22.324+0000] {logging_mixin.py:137} INFO - [2023-03-06T19:05:22.324+0000] {dag.py:3441} INFO - Setting next_dagrun for example_bash_operator to 2023-03-05T00:00:00+00:00, run_after=2023-03-06T00:00:00+00:00
[2023-03-06T19:05:22.356+0000] {processor.py:175} INFO - Processing /home/airflow/.local/lib/python3.7/site-packages/airflow/example_dags/example_bash_operator.py took 0.215 seconds
[2023-03-06T19:05:52.884+0000] {processor.py:153} INFO - Started process (PID=2156) to work on /home/airflow/.local/lib/python3.7/site-packages/airflow/example_dags/example_bash_operator.py
[2023-03-06T19:05:52.889+0000] {processor.py:743} INFO - Processing file /home/airflow/.local/lib/python3.7/site-packages/airflow/example_dags/example_bash_operator.py for tasks to queue
[2023-03-06T19:05:52.892+0000] {logging_mixin.py:137} INFO - [2023-03-06T19:05:52.892+0000] {dagbag.py:538} INFO - Filling up the DagBag from /home/airflow/.local/lib/python3.7/site-packages/airflow/example_dags/example_bash_operator.py
[2023-03-06T19:05:52.942+0000] {processor.py:753} INFO - DAG(s) dict_keys(['example_bash_operator']) retrieved from /home/airflow/.local/lib/python3.7/site-packages/airflow/example_dags/example_bash_operator.py
[2023-03-06T19:05:53.015+0000] {logging_mixin.py:137} INFO - [2023-03-06T19:05:53.014+0000] {dag.py:2690} INFO - Sync 1 DAGs
[2023-03-06T19:05:53.075+0000] {logging_mixin.py:137} INFO - [2023-03-06T19:05:53.074+0000] {dag.py:3441} INFO - Setting next_dagrun for example_bash_operator to 2023-03-05T00:00:00+00:00, run_after=2023-03-06T00:00:00+00:00
[2023-03-06T19:05:53.111+0000] {processor.py:175} INFO - Processing /home/airflow/.local/lib/python3.7/site-packages/airflow/example_dags/example_bash_operator.py took 0.236 seconds
[2023-03-06T19:06:23.371+0000] {processor.py:153} INFO - Started process (PID=2223) to work on /home/airflow/.local/lib/python3.7/site-packages/airflow/example_dags/example_bash_operator.py
[2023-03-06T19:06:23.389+0000] {processor.py:743} INFO - Processing file /home/airflow/.local/lib/python3.7/site-packages/airflow/example_dags/example_bash_operator.py for tasks to queue
[2023-03-06T19:06:23.475+0000] {logging_mixin.py:137} INFO - [2023-03-06T19:06:23.473+0000] {dagbag.py:538} INFO - Filling up the DagBag from /home/airflow/.local/lib/python3.7/site-packages/airflow/example_dags/example_bash_operator.py
[2023-03-06T19:06:23.764+0000] {processor.py:753} INFO - DAG(s) dict_keys(['example_bash_operator']) retrieved from /home/airflow/.local/lib/python3.7/site-packages/airflow/example_dags/example_bash_operator.py
[2023-03-06T19:06:24.558+0000] {logging_mixin.py:137} INFO - [2023-03-06T19:06:24.557+0000] {dag.py:2690} INFO - Sync 1 DAGs
[2023-03-06T19:06:25.567+0000] {logging_mixin.py:137} INFO - [2023-03-06T19:06:25.489+0000] {dag.py:3441} INFO - Setting next_dagrun for example_bash_operator to 2023-03-05T00:00:00+00:00, run_after=2023-03-06T00:00:00+00:00
[2023-03-06T19:06:26.133+0000] {processor.py:175} INFO - Processing /home/airflow/.local/lib/python3.7/site-packages/airflow/example_dags/example_bash_operator.py took 2.834 seconds
[2023-03-06T19:08:06.533+0000] {processor.py:153} INFO - Started process (PID=2326) to work on /home/airflow/.local/lib/python3.7/site-packages/airflow/example_dags/example_bash_operator.py
[2023-03-06T19:08:06.550+0000] {processor.py:743} INFO - Processing file /home/airflow/.local/lib/python3.7/site-packages/airflow/example_dags/example_bash_operator.py for tasks to queue
[2023-03-06T19:08:06.566+0000] {logging_mixin.py:137} INFO - [2023-03-06T19:08:06.565+0000] {dagbag.py:538} INFO - Filling up the DagBag from /home/airflow/.local/lib/python3.7/site-packages/airflow/example_dags/example_bash_operator.py
[2023-03-06T19:08:06.707+0000] {processor.py:753} INFO - DAG(s) dict_keys(['example_bash_operator']) retrieved from /home/airflow/.local/lib/python3.7/site-packages/airflow/example_dags/example_bash_operator.py
[2023-03-06T19:08:07.108+0000] {logging_mixin.py:137} INFO - [2023-03-06T19:08:07.108+0000] {dag.py:2690} INFO - Sync 1 DAGs
[2023-03-06T19:08:07.326+0000] {logging_mixin.py:137} INFO - [2023-03-06T19:08:07.325+0000] {dag.py:3441} INFO - Setting next_dagrun for example_bash_operator to 2023-03-05T00:00:00+00:00, run_after=2023-03-06T00:00:00+00:00
[2023-03-06T19:08:07.408+0000] {processor.py:175} INFO - Processing /home/airflow/.local/lib/python3.7/site-packages/airflow/example_dags/example_bash_operator.py took 0.926 seconds
[2023-03-06T19:08:38.089+0000] {processor.py:153} INFO - Started process (PID=2392) to work on /home/airflow/.local/lib/python3.7/site-packages/airflow/example_dags/example_bash_operator.py
[2023-03-06T19:08:38.095+0000] {processor.py:743} INFO - Processing file /home/airflow/.local/lib/python3.7/site-packages/airflow/example_dags/example_bash_operator.py for tasks to queue
[2023-03-06T19:08:38.100+0000] {logging_mixin.py:137} INFO - [2023-03-06T19:08:38.100+0000] {dagbag.py:538} INFO - Filling up the DagBag from /home/airflow/.local/lib/python3.7/site-packages/airflow/example_dags/example_bash_operator.py
[2023-03-06T19:08:38.165+0000] {processor.py:753} INFO - DAG(s) dict_keys(['example_bash_operator']) retrieved from /home/airflow/.local/lib/python3.7/site-packages/airflow/example_dags/example_bash_operator.py
[2023-03-06T19:08:38.298+0000] {logging_mixin.py:137} INFO - [2023-03-06T19:08:38.297+0000] {dag.py:2690} INFO - Sync 1 DAGs
[2023-03-06T19:08:38.372+0000] {logging_mixin.py:137} INFO - [2023-03-06T19:08:38.372+0000] {dag.py:3441} INFO - Setting next_dagrun for example_bash_operator to 2023-03-05T00:00:00+00:00, run_after=2023-03-06T00:00:00+00:00
[2023-03-06T19:08:38.429+0000] {processor.py:175} INFO - Processing /home/airflow/.local/lib/python3.7/site-packages/airflow/example_dags/example_bash_operator.py took 0.359 seconds
[2023-03-06T19:09:16.472+0000] {processor.py:153} INFO - Started process (PID=2461) to work on /home/airflow/.local/lib/python3.7/site-packages/airflow/example_dags/example_bash_operator.py
[2023-03-06T19:09:16.488+0000] {processor.py:743} INFO - Processing file /home/airflow/.local/lib/python3.7/site-packages/airflow/example_dags/example_bash_operator.py for tasks to queue
[2023-03-06T19:09:16.493+0000] {logging_mixin.py:137} INFO - [2023-03-06T19:09:16.492+0000] {dagbag.py:538} INFO - Filling up the DagBag from /home/airflow/.local/lib/python3.7/site-packages/airflow/example_dags/example_bash_operator.py
[2023-03-06T19:09:16.659+0000] {processor.py:753} INFO - DAG(s) dict_keys(['example_bash_operator']) retrieved from /home/airflow/.local/lib/python3.7/site-packages/airflow/example_dags/example_bash_operator.py
[2023-03-06T19:09:16.919+0000] {logging_mixin.py:137} INFO - [2023-03-06T19:09:16.918+0000] {dag.py:2690} INFO - Sync 1 DAGs
[2023-03-06T19:09:17.048+0000] {logging_mixin.py:137} INFO - [2023-03-06T19:09:17.048+0000] {dag.py:3441} INFO - Setting next_dagrun for example_bash_operator to 2023-03-05T00:00:00+00:00, run_after=2023-03-06T00:00:00+00:00
[2023-03-06T19:09:17.140+0000] {processor.py:175} INFO - Processing /home/airflow/.local/lib/python3.7/site-packages/airflow/example_dags/example_bash_operator.py took 0.697 seconds
[2023-03-06T19:09:50.066+0000] {processor.py:153} INFO - Started process (PID=2528) to work on /home/airflow/.local/lib/python3.7/site-packages/airflow/example_dags/example_bash_operator.py
[2023-03-06T19:09:50.161+0000] {processor.py:743} INFO - Processing file /home/airflow/.local/lib/python3.7/site-packages/airflow/example_dags/example_bash_operator.py for tasks to queue
[2023-03-06T19:09:50.192+0000] {logging_mixin.py:137} INFO - [2023-03-06T19:09:50.191+0000] {dagbag.py:538} INFO - Filling up the DagBag from /home/airflow/.local/lib/python3.7/site-packages/airflow/example_dags/example_bash_operator.py
[2023-03-06T19:09:50.761+0000] {processor.py:753} INFO - DAG(s) dict_keys(['example_bash_operator']) retrieved from /home/airflow/.local/lib/python3.7/site-packages/airflow/example_dags/example_bash_operator.py
[2023-03-06T19:09:50.944+0000] {logging_mixin.py:137} INFO - [2023-03-06T19:09:50.943+0000] {dag.py:2690} INFO - Sync 1 DAGs
[2023-03-06T19:09:51.056+0000] {logging_mixin.py:137} INFO - [2023-03-06T19:09:51.056+0000] {dag.py:3441} INFO - Setting next_dagrun for example_bash_operator to 2023-03-05T00:00:00+00:00, run_after=2023-03-06T00:00:00+00:00
[2023-03-06T19:09:51.135+0000] {processor.py:175} INFO - Processing /home/airflow/.local/lib/python3.7/site-packages/airflow/example_dags/example_bash_operator.py took 1.129 seconds
[2023-03-06T19:10:21.533+0000] {processor.py:153} INFO - Started process (PID=2596) to work on /home/airflow/.local/lib/python3.7/site-packages/airflow/example_dags/example_bash_operator.py
[2023-03-06T19:10:21.539+0000] {processor.py:743} INFO - Processing file /home/airflow/.local/lib/python3.7/site-packages/airflow/example_dags/example_bash_operator.py for tasks to queue
[2023-03-06T19:10:21.544+0000] {logging_mixin.py:137} INFO - [2023-03-06T19:10:21.543+0000] {dagbag.py:538} INFO - Filling up the DagBag from /home/airflow/.local/lib/python3.7/site-packages/airflow/example_dags/example_bash_operator.py
[2023-03-06T19:10:21.645+0000] {processor.py:753} INFO - DAG(s) dict_keys(['example_bash_operator']) retrieved from /home/airflow/.local/lib/python3.7/site-packages/airflow/example_dags/example_bash_operator.py
[2023-03-06T19:10:21.789+0000] {logging_mixin.py:137} INFO - [2023-03-06T19:10:21.788+0000] {dag.py:2690} INFO - Sync 1 DAGs
[2023-03-06T19:10:21.902+0000] {logging_mixin.py:137} INFO - [2023-03-06T19:10:21.902+0000] {dag.py:3441} INFO - Setting next_dagrun for example_bash_operator to 2023-03-05T00:00:00+00:00, run_after=2023-03-06T00:00:00+00:00
[2023-03-06T19:10:21.977+0000] {processor.py:175} INFO - Processing /home/airflow/.local/lib/python3.7/site-packages/airflow/example_dags/example_bash_operator.py took 0.521 seconds
[2023-03-06T19:10:52.454+0000] {processor.py:153} INFO - Started process (PID=2659) to work on /home/airflow/.local/lib/python3.7/site-packages/airflow/example_dags/example_bash_operator.py
[2023-03-06T19:10:52.463+0000] {processor.py:743} INFO - Processing file /home/airflow/.local/lib/python3.7/site-packages/airflow/example_dags/example_bash_operator.py for tasks to queue
[2023-03-06T19:10:52.467+0000] {logging_mixin.py:137} INFO - [2023-03-06T19:10:52.467+0000] {dagbag.py:538} INFO - Filling up the DagBag from /home/airflow/.local/lib/python3.7/site-packages/airflow/example_dags/example_bash_operator.py
[2023-03-06T19:10:52.575+0000] {processor.py:753} INFO - DAG(s) dict_keys(['example_bash_operator']) retrieved from /home/airflow/.local/lib/python3.7/site-packages/airflow/example_dags/example_bash_operator.py
[2023-03-06T19:10:52.733+0000] {logging_mixin.py:137} INFO - [2023-03-06T19:10:52.733+0000] {dag.py:2690} INFO - Sync 1 DAGs
[2023-03-06T19:10:52.908+0000] {logging_mixin.py:137} INFO - [2023-03-06T19:10:52.908+0000] {dag.py:3441} INFO - Setting next_dagrun for example_bash_operator to 2023-03-05T00:00:00+00:00, run_after=2023-03-06T00:00:00+00:00
[2023-03-06T19:10:52.993+0000] {processor.py:175} INFO - Processing /home/airflow/.local/lib/python3.7/site-packages/airflow/example_dags/example_bash_operator.py took 0.561 seconds
[2023-03-06T19:11:23.431+0000] {processor.py:153} INFO - Started process (PID=2724) to work on /home/airflow/.local/lib/python3.7/site-packages/airflow/example_dags/example_bash_operator.py
[2023-03-06T19:11:23.437+0000] {processor.py:743} INFO - Processing file /home/airflow/.local/lib/python3.7/site-packages/airflow/example_dags/example_bash_operator.py for tasks to queue
[2023-03-06T19:11:23.441+0000] {logging_mixin.py:137} INFO - [2023-03-06T19:11:23.441+0000] {dagbag.py:538} INFO - Filling up the DagBag from /home/airflow/.local/lib/python3.7/site-packages/airflow/example_dags/example_bash_operator.py
[2023-03-06T19:11:23.510+0000] {processor.py:753} INFO - DAG(s) dict_keys(['example_bash_operator']) retrieved from /home/airflow/.local/lib/python3.7/site-packages/airflow/example_dags/example_bash_operator.py
[2023-03-06T19:11:23.625+0000] {logging_mixin.py:137} INFO - [2023-03-06T19:11:23.624+0000] {dag.py:2690} INFO - Sync 1 DAGs
[2023-03-06T19:11:23.722+0000] {logging_mixin.py:137} INFO - [2023-03-06T19:11:23.722+0000] {dag.py:3441} INFO - Setting next_dagrun for example_bash_operator to 2023-03-05T00:00:00+00:00, run_after=2023-03-06T00:00:00+00:00
[2023-03-06T19:11:23.802+0000] {processor.py:175} INFO - Processing /home/airflow/.local/lib/python3.7/site-packages/airflow/example_dags/example_bash_operator.py took 0.390 seconds
[2023-03-06T19:11:57.817+0000] {processor.py:153} INFO - Started process (PID=2793) to work on /home/airflow/.local/lib/python3.7/site-packages/airflow/example_dags/example_bash_operator.py
[2023-03-06T19:11:57.824+0000] {processor.py:743} INFO - Processing file /home/airflow/.local/lib/python3.7/site-packages/airflow/example_dags/example_bash_operator.py for tasks to queue
[2023-03-06T19:11:57.831+0000] {logging_mixin.py:137} INFO - [2023-03-06T19:11:57.830+0000] {dagbag.py:538} INFO - Filling up the DagBag from /home/airflow/.local/lib/python3.7/site-packages/airflow/example_dags/example_bash_operator.py
[2023-03-06T19:11:57.919+0000] {processor.py:753} INFO - DAG(s) dict_keys(['example_bash_operator']) retrieved from /home/airflow/.local/lib/python3.7/site-packages/airflow/example_dags/example_bash_operator.py
[2023-03-06T19:11:58.100+0000] {logging_mixin.py:137} INFO - [2023-03-06T19:11:58.099+0000] {dag.py:2690} INFO - Sync 1 DAGs
[2023-03-06T19:11:58.244+0000] {logging_mixin.py:137} INFO - [2023-03-06T19:11:58.243+0000] {dag.py:3441} INFO - Setting next_dagrun for example_bash_operator to 2023-03-05T00:00:00+00:00, run_after=2023-03-06T00:00:00+00:00
[2023-03-06T19:11:58.320+0000] {processor.py:175} INFO - Processing /home/airflow/.local/lib/python3.7/site-packages/airflow/example_dags/example_bash_operator.py took 0.515 seconds
