[2023-03-06T17:08:24.898+0000] {processor.py:153} INFO - Started process (PID=63) to work on /home/airflow/.local/lib/python3.7/site-packages/airflow/example_dags/example_short_circuit_operator.py
[2023-03-06T17:08:24.914+0000] {processor.py:743} INFO - Processing file /home/airflow/.local/lib/python3.7/site-packages/airflow/example_dags/example_short_circuit_operator.py for tasks to queue
[2023-03-06T17:08:24.924+0000] {logging_mixin.py:137} INFO - [2023-03-06T17:08:24.920+0000] {dagbag.py:538} INFO - Filling up the DagBag from /home/airflow/.local/lib/python3.7/site-packages/airflow/example_dags/example_short_circuit_operator.py
[2023-03-06T17:08:25.109+0000] {processor.py:753} INFO - DAG(s) dict_keys(['example_short_circuit_operator']) retrieved from /home/airflow/.local/lib/python3.7/site-packages/airflow/example_dags/example_short_circuit_operator.py
[2023-03-06T17:08:25.427+0000] {logging_mixin.py:137} INFO - [2023-03-06T17:08:25.427+0000] {dag.py:2690} INFO - Sync 1 DAGs
[2023-03-06T17:08:25.663+0000] {logging_mixin.py:137} INFO - [2023-03-06T17:08:25.663+0000] {dag.py:3441} INFO - Setting next_dagrun for example_short_circuit_operator to 2023-03-05T17:08:25.662791+00:00, run_after=2023-03-06T17:08:25.662791+00:00
[2023-03-06T17:08:25.750+0000] {processor.py:175} INFO - Processing /home/airflow/.local/lib/python3.7/site-packages/airflow/example_dags/example_short_circuit_operator.py took 0.892 seconds
[2023-03-06T17:08:58.472+0000] {processor.py:153} INFO - Started process (PID=132) to work on /home/airflow/.local/lib/python3.7/site-packages/airflow/example_dags/example_short_circuit_operator.py
[2023-03-06T17:08:58.487+0000] {processor.py:743} INFO - Processing file /home/airflow/.local/lib/python3.7/site-packages/airflow/example_dags/example_short_circuit_operator.py for tasks to queue
[2023-03-06T17:08:58.528+0000] {logging_mixin.py:137} INFO - [2023-03-06T17:08:58.527+0000] {dagbag.py:538} INFO - Filling up the DagBag from /home/airflow/.local/lib/python3.7/site-packages/airflow/example_dags/example_short_circuit_operator.py
[2023-03-06T17:08:58.700+0000] {processor.py:753} INFO - DAG(s) dict_keys(['example_short_circuit_operator']) retrieved from /home/airflow/.local/lib/python3.7/site-packages/airflow/example_dags/example_short_circuit_operator.py
[2023-03-06T17:08:58.840+0000] {logging_mixin.py:137} INFO - [2023-03-06T17:08:58.840+0000] {dag.py:2690} INFO - Sync 1 DAGs
[2023-03-06T17:08:58.902+0000] {logging_mixin.py:137} INFO - [2023-03-06T17:08:58.902+0000] {dag.py:3441} INFO - Setting next_dagrun for example_short_circuit_operator to 2023-03-05T17:08:58.901331+00:00, run_after=2023-03-06T17:08:58.901331+00:00
[2023-03-06T17:08:58.952+0000] {processor.py:175} INFO - Processing /home/airflow/.local/lib/python3.7/site-packages/airflow/example_dags/example_short_circuit_operator.py took 0.589 seconds
[2023-03-06T17:09:30.462+0000] {processor.py:153} INFO - Started process (PID=198) to work on /home/airflow/.local/lib/python3.7/site-packages/airflow/example_dags/example_short_circuit_operator.py
[2023-03-06T17:09:30.465+0000] {processor.py:743} INFO - Processing file /home/airflow/.local/lib/python3.7/site-packages/airflow/example_dags/example_short_circuit_operator.py for tasks to queue
[2023-03-06T17:09:30.467+0000] {logging_mixin.py:137} INFO - [2023-03-06T17:09:30.467+0000] {dagbag.py:538} INFO - Filling up the DagBag from /home/airflow/.local/lib/python3.7/site-packages/airflow/example_dags/example_short_circuit_operator.py
[2023-03-06T17:09:30.491+0000] {processor.py:753} INFO - DAG(s) dict_keys(['example_short_circuit_operator']) retrieved from /home/airflow/.local/lib/python3.7/site-packages/airflow/example_dags/example_short_circuit_operator.py
[2023-03-06T17:09:30.532+0000] {logging_mixin.py:137} INFO - [2023-03-06T17:09:30.532+0000] {dag.py:2690} INFO - Sync 1 DAGs
[2023-03-06T17:09:30.572+0000] {logging_mixin.py:137} INFO - [2023-03-06T17:09:30.572+0000] {dag.py:3441} INFO - Setting next_dagrun for example_short_circuit_operator to 2023-03-05T17:09:30.571941+00:00, run_after=2023-03-06T17:09:30.571941+00:00
[2023-03-06T17:09:30.601+0000] {processor.py:175} INFO - Processing /home/airflow/.local/lib/python3.7/site-packages/airflow/example_dags/example_short_circuit_operator.py took 0.144 seconds
[2023-03-06T17:10:00.801+0000] {processor.py:153} INFO - Started process (PID=261) to work on /home/airflow/.local/lib/python3.7/site-packages/airflow/example_dags/example_short_circuit_operator.py
[2023-03-06T17:10:00.810+0000] {processor.py:743} INFO - Processing file /home/airflow/.local/lib/python3.7/site-packages/airflow/example_dags/example_short_circuit_operator.py for tasks to queue
[2023-03-06T17:10:00.817+0000] {logging_mixin.py:137} INFO - [2023-03-06T17:10:00.816+0000] {dagbag.py:538} INFO - Filling up the DagBag from /home/airflow/.local/lib/python3.7/site-packages/airflow/example_dags/example_short_circuit_operator.py
[2023-03-06T17:10:00.878+0000] {processor.py:753} INFO - DAG(s) dict_keys(['example_short_circuit_operator']) retrieved from /home/airflow/.local/lib/python3.7/site-packages/airflow/example_dags/example_short_circuit_operator.py
[2023-03-06T17:10:00.975+0000] {logging_mixin.py:137} INFO - [2023-03-06T17:10:00.975+0000] {dag.py:2690} INFO - Sync 1 DAGs
[2023-03-06T17:10:01.061+0000] {logging_mixin.py:137} INFO - [2023-03-06T17:10:01.060+0000] {dag.py:3441} INFO - Setting next_dagrun for example_short_circuit_operator to 2023-03-05T17:10:01.059533+00:00, run_after=2023-03-06T17:10:01.059533+00:00
[2023-03-06T17:10:01.121+0000] {processor.py:175} INFO - Processing /home/airflow/.local/lib/python3.7/site-packages/airflow/example_dags/example_short_circuit_operator.py took 0.330 seconds
[2023-03-06T17:10:31.221+0000] {processor.py:153} INFO - Started process (PID=321) to work on /home/airflow/.local/lib/python3.7/site-packages/airflow/example_dags/example_short_circuit_operator.py
[2023-03-06T17:10:31.228+0000] {processor.py:743} INFO - Processing file /home/airflow/.local/lib/python3.7/site-packages/airflow/example_dags/example_short_circuit_operator.py for tasks to queue
[2023-03-06T17:10:31.234+0000] {logging_mixin.py:137} INFO - [2023-03-06T17:10:31.234+0000] {dagbag.py:538} INFO - Filling up the DagBag from /home/airflow/.local/lib/python3.7/site-packages/airflow/example_dags/example_short_circuit_operator.py
[2023-03-06T17:10:31.293+0000] {processor.py:753} INFO - DAG(s) dict_keys(['example_short_circuit_operator']) retrieved from /home/airflow/.local/lib/python3.7/site-packages/airflow/example_dags/example_short_circuit_operator.py
[2023-03-06T17:10:31.409+0000] {logging_mixin.py:137} INFO - [2023-03-06T17:10:31.408+0000] {dag.py:2690} INFO - Sync 1 DAGs
[2023-03-06T17:10:31.533+0000] {logging_mixin.py:137} INFO - [2023-03-06T17:10:31.532+0000] {dag.py:3441} INFO - Setting next_dagrun for example_short_circuit_operator to 2023-03-05T17:10:31.531687+00:00, run_after=2023-03-06T17:10:31.531687+00:00
[2023-03-06T17:10:31.597+0000] {processor.py:175} INFO - Processing /home/airflow/.local/lib/python3.7/site-packages/airflow/example_dags/example_short_circuit_operator.py took 0.390 seconds
[2023-03-06T17:11:02.073+0000] {processor.py:153} INFO - Started process (PID=380) to work on /home/airflow/.local/lib/python3.7/site-packages/airflow/example_dags/example_short_circuit_operator.py
[2023-03-06T17:11:02.079+0000] {processor.py:743} INFO - Processing file /home/airflow/.local/lib/python3.7/site-packages/airflow/example_dags/example_short_circuit_operator.py for tasks to queue
[2023-03-06T17:11:02.083+0000] {logging_mixin.py:137} INFO - [2023-03-06T17:11:02.083+0000] {dagbag.py:538} INFO - Filling up the DagBag from /home/airflow/.local/lib/python3.7/site-packages/airflow/example_dags/example_short_circuit_operator.py
[2023-03-06T17:11:02.131+0000] {processor.py:753} INFO - DAG(s) dict_keys(['example_short_circuit_operator']) retrieved from /home/airflow/.local/lib/python3.7/site-packages/airflow/example_dags/example_short_circuit_operator.py
[2023-03-06T17:11:02.230+0000] {logging_mixin.py:137} INFO - [2023-03-06T17:11:02.230+0000] {dag.py:2690} INFO - Sync 1 DAGs
[2023-03-06T17:11:02.305+0000] {logging_mixin.py:137} INFO - [2023-03-06T17:11:02.304+0000] {dag.py:3441} INFO - Setting next_dagrun for example_short_circuit_operator to 2023-03-05T17:11:02.303708+00:00, run_after=2023-03-06T17:11:02.303708+00:00
[2023-03-06T17:11:02.387+0000] {processor.py:175} INFO - Processing /home/airflow/.local/lib/python3.7/site-packages/airflow/example_dags/example_short_circuit_operator.py took 0.328 seconds
[2023-03-06T17:11:32.797+0000] {processor.py:153} INFO - Started process (PID=447) to work on /home/airflow/.local/lib/python3.7/site-packages/airflow/example_dags/example_short_circuit_operator.py
[2023-03-06T17:11:32.799+0000] {processor.py:743} INFO - Processing file /home/airflow/.local/lib/python3.7/site-packages/airflow/example_dags/example_short_circuit_operator.py for tasks to queue
[2023-03-06T17:11:32.802+0000] {logging_mixin.py:137} INFO - [2023-03-06T17:11:32.802+0000] {dagbag.py:538} INFO - Filling up the DagBag from /home/airflow/.local/lib/python3.7/site-packages/airflow/example_dags/example_short_circuit_operator.py
[2023-03-06T17:11:32.831+0000] {processor.py:753} INFO - DAG(s) dict_keys(['example_short_circuit_operator']) retrieved from /home/airflow/.local/lib/python3.7/site-packages/airflow/example_dags/example_short_circuit_operator.py
[2023-03-06T17:11:32.873+0000] {logging_mixin.py:137} INFO - [2023-03-06T17:11:32.873+0000] {dag.py:2690} INFO - Sync 1 DAGs
[2023-03-06T17:11:32.917+0000] {logging_mixin.py:137} INFO - [2023-03-06T17:11:32.917+0000] {dag.py:3441} INFO - Setting next_dagrun for example_short_circuit_operator to 2023-03-05T17:11:32.917130+00:00, run_after=2023-03-06T17:11:32.917130+00:00
[2023-03-06T17:11:32.953+0000] {processor.py:175} INFO - Processing /home/airflow/.local/lib/python3.7/site-packages/airflow/example_dags/example_short_circuit_operator.py took 0.164 seconds
[2023-03-06T17:12:03.598+0000] {processor.py:153} INFO - Started process (PID=514) to work on /home/airflow/.local/lib/python3.7/site-packages/airflow/example_dags/example_short_circuit_operator.py
[2023-03-06T17:12:03.601+0000] {processor.py:743} INFO - Processing file /home/airflow/.local/lib/python3.7/site-packages/airflow/example_dags/example_short_circuit_operator.py for tasks to queue
[2023-03-06T17:12:03.603+0000] {logging_mixin.py:137} INFO - [2023-03-06T17:12:03.603+0000] {dagbag.py:538} INFO - Filling up the DagBag from /home/airflow/.local/lib/python3.7/site-packages/airflow/example_dags/example_short_circuit_operator.py
[2023-03-06T17:12:03.636+0000] {processor.py:753} INFO - DAG(s) dict_keys(['example_short_circuit_operator']) retrieved from /home/airflow/.local/lib/python3.7/site-packages/airflow/example_dags/example_short_circuit_operator.py
[2023-03-06T17:12:03.693+0000] {logging_mixin.py:137} INFO - [2023-03-06T17:12:03.693+0000] {dag.py:2690} INFO - Sync 1 DAGs
[2023-03-06T17:12:03.757+0000] {logging_mixin.py:137} INFO - [2023-03-06T17:12:03.757+0000] {dag.py:3441} INFO - Setting next_dagrun for example_short_circuit_operator to 2023-03-05T17:12:03.756514+00:00, run_after=2023-03-06T17:12:03.756514+00:00
[2023-03-06T17:12:03.802+0000] {processor.py:175} INFO - Processing /home/airflow/.local/lib/python3.7/site-packages/airflow/example_dags/example_short_circuit_operator.py took 0.213 seconds
[2023-03-06T17:12:35.338+0000] {processor.py:153} INFO - Started process (PID=593) to work on /home/airflow/.local/lib/python3.7/site-packages/airflow/example_dags/example_short_circuit_operator.py
[2023-03-06T17:12:35.342+0000] {processor.py:743} INFO - Processing file /home/airflow/.local/lib/python3.7/site-packages/airflow/example_dags/example_short_circuit_operator.py for tasks to queue
[2023-03-06T17:12:35.345+0000] {logging_mixin.py:137} INFO - [2023-03-06T17:12:35.345+0000] {dagbag.py:538} INFO - Filling up the DagBag from /home/airflow/.local/lib/python3.7/site-packages/airflow/example_dags/example_short_circuit_operator.py
[2023-03-06T17:12:35.384+0000] {processor.py:753} INFO - DAG(s) dict_keys(['example_short_circuit_operator']) retrieved from /home/airflow/.local/lib/python3.7/site-packages/airflow/example_dags/example_short_circuit_operator.py
[2023-03-06T17:12:35.444+0000] {logging_mixin.py:137} INFO - [2023-03-06T17:12:35.443+0000] {dag.py:2690} INFO - Sync 1 DAGs
[2023-03-06T17:12:35.495+0000] {logging_mixin.py:137} INFO - [2023-03-06T17:12:35.494+0000] {dag.py:3441} INFO - Setting next_dagrun for example_short_circuit_operator to 2023-03-05T17:12:35.494253+00:00, run_after=2023-03-06T17:12:35.494253+00:00
[2023-03-06T17:12:35.540+0000] {processor.py:175} INFO - Processing /home/airflow/.local/lib/python3.7/site-packages/airflow/example_dags/example_short_circuit_operator.py took 0.210 seconds
[2023-03-06T17:13:07.091+0000] {processor.py:153} INFO - Started process (PID=658) to work on /home/airflow/.local/lib/python3.7/site-packages/airflow/example_dags/example_short_circuit_operator.py
[2023-03-06T17:13:07.094+0000] {processor.py:743} INFO - Processing file /home/airflow/.local/lib/python3.7/site-packages/airflow/example_dags/example_short_circuit_operator.py for tasks to queue
[2023-03-06T17:13:07.097+0000] {logging_mixin.py:137} INFO - [2023-03-06T17:13:07.097+0000] {dagbag.py:538} INFO - Filling up the DagBag from /home/airflow/.local/lib/python3.7/site-packages/airflow/example_dags/example_short_circuit_operator.py
[2023-03-06T17:13:07.152+0000] {processor.py:753} INFO - DAG(s) dict_keys(['example_short_circuit_operator']) retrieved from /home/airflow/.local/lib/python3.7/site-packages/airflow/example_dags/example_short_circuit_operator.py
[2023-03-06T17:13:07.222+0000] {logging_mixin.py:137} INFO - [2023-03-06T17:13:07.222+0000] {dag.py:2690} INFO - Sync 1 DAGs
[2023-03-06T17:13:07.288+0000] {logging_mixin.py:137} INFO - [2023-03-06T17:13:07.288+0000] {dag.py:3441} INFO - Setting next_dagrun for example_short_circuit_operator to 2023-03-05T17:13:07.287372+00:00, run_after=2023-03-06T17:13:07.287372+00:00
[2023-03-06T17:13:07.326+0000] {processor.py:175} INFO - Processing /home/airflow/.local/lib/python3.7/site-packages/airflow/example_dags/example_short_circuit_operator.py took 0.240 seconds
[2023-03-06T17:13:39.413+0000] {processor.py:153} INFO - Started process (PID=715) to work on /home/airflow/.local/lib/python3.7/site-packages/airflow/example_dags/example_short_circuit_operator.py
[2023-03-06T17:13:39.415+0000] {processor.py:743} INFO - Processing file /home/airflow/.local/lib/python3.7/site-packages/airflow/example_dags/example_short_circuit_operator.py for tasks to queue
[2023-03-06T17:13:39.417+0000] {logging_mixin.py:137} INFO - [2023-03-06T17:13:39.417+0000] {dagbag.py:538} INFO - Filling up the DagBag from /home/airflow/.local/lib/python3.7/site-packages/airflow/example_dags/example_short_circuit_operator.py
[2023-03-06T17:13:39.450+0000] {processor.py:753} INFO - DAG(s) dict_keys(['example_short_circuit_operator']) retrieved from /home/airflow/.local/lib/python3.7/site-packages/airflow/example_dags/example_short_circuit_operator.py
[2023-03-06T17:13:39.525+0000] {logging_mixin.py:137} INFO - [2023-03-06T17:13:39.524+0000] {dag.py:2690} INFO - Sync 1 DAGs
[2023-03-06T17:13:39.574+0000] {logging_mixin.py:137} INFO - [2023-03-06T17:13:39.574+0000] {dag.py:3441} INFO - Setting next_dagrun for example_short_circuit_operator to 2023-03-05T17:13:39.573488+00:00, run_after=2023-03-06T17:13:39.573488+00:00
[2023-03-06T17:13:39.610+0000] {processor.py:175} INFO - Processing /home/airflow/.local/lib/python3.7/site-packages/airflow/example_dags/example_short_circuit_operator.py took 0.203 seconds
[2023-03-06T18:50:14.960+0000] {processor.py:153} INFO - Started process (PID=54) to work on /home/airflow/.local/lib/python3.7/site-packages/airflow/example_dags/example_short_circuit_operator.py
[2023-03-06T18:50:14.964+0000] {processor.py:743} INFO - Processing file /home/airflow/.local/lib/python3.7/site-packages/airflow/example_dags/example_short_circuit_operator.py for tasks to queue
[2023-03-06T18:50:14.968+0000] {logging_mixin.py:137} INFO - [2023-03-06T18:50:14.968+0000] {dagbag.py:538} INFO - Filling up the DagBag from /home/airflow/.local/lib/python3.7/site-packages/airflow/example_dags/example_short_circuit_operator.py
[2023-03-06T18:50:15.019+0000] {processor.py:753} INFO - DAG(s) dict_keys(['example_short_circuit_operator']) retrieved from /home/airflow/.local/lib/python3.7/site-packages/airflow/example_dags/example_short_circuit_operator.py
[2023-03-06T18:50:15.119+0000] {logging_mixin.py:137} INFO - [2023-03-06T18:50:15.119+0000] {dag.py:2690} INFO - Sync 1 DAGs
[2023-03-06T18:50:15.193+0000] {logging_mixin.py:137} INFO - [2023-03-06T18:50:15.192+0000] {dag.py:3441} INFO - Setting next_dagrun for example_short_circuit_operator to 2023-03-05T18:50:15.191388+00:00, run_after=2023-03-06T18:50:15.191388+00:00
[2023-03-06T18:50:15.244+0000] {processor.py:175} INFO - Processing /home/airflow/.local/lib/python3.7/site-packages/airflow/example_dags/example_short_circuit_operator.py took 0.292 seconds
[2023-03-06T18:50:45.520+0000] {processor.py:153} INFO - Started process (PID=120) to work on /home/airflow/.local/lib/python3.7/site-packages/airflow/example_dags/example_short_circuit_operator.py
[2023-03-06T18:50:45.523+0000] {processor.py:743} INFO - Processing file /home/airflow/.local/lib/python3.7/site-packages/airflow/example_dags/example_short_circuit_operator.py for tasks to queue
[2023-03-06T18:50:45.526+0000] {logging_mixin.py:137} INFO - [2023-03-06T18:50:45.525+0000] {dagbag.py:538} INFO - Filling up the DagBag from /home/airflow/.local/lib/python3.7/site-packages/airflow/example_dags/example_short_circuit_operator.py
[2023-03-06T18:50:45.566+0000] {processor.py:753} INFO - DAG(s) dict_keys(['example_short_circuit_operator']) retrieved from /home/airflow/.local/lib/python3.7/site-packages/airflow/example_dags/example_short_circuit_operator.py
[2023-03-06T18:50:45.608+0000] {logging_mixin.py:137} INFO - [2023-03-06T18:50:45.608+0000] {dag.py:2690} INFO - Sync 1 DAGs
[2023-03-06T18:50:45.669+0000] {logging_mixin.py:137} INFO - [2023-03-06T18:50:45.669+0000] {dag.py:3441} INFO - Setting next_dagrun for example_short_circuit_operator to 2023-03-05T18:50:45.669336+00:00, run_after=2023-03-06T18:50:45.669336+00:00
[2023-03-06T18:50:45.700+0000] {processor.py:175} INFO - Processing /home/airflow/.local/lib/python3.7/site-packages/airflow/example_dags/example_short_circuit_operator.py took 0.185 seconds
[2023-03-06T18:51:16.316+0000] {processor.py:153} INFO - Started process (PID=185) to work on /home/airflow/.local/lib/python3.7/site-packages/airflow/example_dags/example_short_circuit_operator.py
[2023-03-06T18:51:16.370+0000] {processor.py:743} INFO - Processing file /home/airflow/.local/lib/python3.7/site-packages/airflow/example_dags/example_short_circuit_operator.py for tasks to queue
[2023-03-06T18:51:16.406+0000] {logging_mixin.py:137} INFO - [2023-03-06T18:51:16.405+0000] {dagbag.py:538} INFO - Filling up the DagBag from /home/airflow/.local/lib/python3.7/site-packages/airflow/example_dags/example_short_circuit_operator.py
[2023-03-06T18:51:16.453+0000] {processor.py:753} INFO - DAG(s) dict_keys(['example_short_circuit_operator']) retrieved from /home/airflow/.local/lib/python3.7/site-packages/airflow/example_dags/example_short_circuit_operator.py
[2023-03-06T18:51:16.499+0000] {logging_mixin.py:137} INFO - [2023-03-06T18:51:16.499+0000] {dag.py:2690} INFO - Sync 1 DAGs
[2023-03-06T18:51:16.547+0000] {logging_mixin.py:137} INFO - [2023-03-06T18:51:16.547+0000] {dag.py:3441} INFO - Setting next_dagrun for example_short_circuit_operator to 2023-03-05T18:51:16.547279+00:00, run_after=2023-03-06T18:51:16.547279+00:00
[2023-03-06T18:51:16.589+0000] {processor.py:175} INFO - Processing /home/airflow/.local/lib/python3.7/site-packages/airflow/example_dags/example_short_circuit_operator.py took 0.282 seconds
[2023-03-06T18:51:47.242+0000] {processor.py:153} INFO - Started process (PID=260) to work on /home/airflow/.local/lib/python3.7/site-packages/airflow/example_dags/example_short_circuit_operator.py
[2023-03-06T18:51:47.249+0000] {processor.py:743} INFO - Processing file /home/airflow/.local/lib/python3.7/site-packages/airflow/example_dags/example_short_circuit_operator.py for tasks to queue
[2023-03-06T18:51:47.253+0000] {logging_mixin.py:137} INFO - [2023-03-06T18:51:47.252+0000] {dagbag.py:538} INFO - Filling up the DagBag from /home/airflow/.local/lib/python3.7/site-packages/airflow/example_dags/example_short_circuit_operator.py
[2023-03-06T18:51:47.315+0000] {processor.py:753} INFO - DAG(s) dict_keys(['example_short_circuit_operator']) retrieved from /home/airflow/.local/lib/python3.7/site-packages/airflow/example_dags/example_short_circuit_operator.py
[2023-03-06T18:51:47.391+0000] {logging_mixin.py:137} INFO - [2023-03-06T18:51:47.390+0000] {dag.py:2690} INFO - Sync 1 DAGs
[2023-03-06T18:51:47.507+0000] {logging_mixin.py:137} INFO - [2023-03-06T18:51:47.507+0000] {dag.py:3441} INFO - Setting next_dagrun for example_short_circuit_operator to 2023-03-05T18:51:47.506714+00:00, run_after=2023-03-06T18:51:47.506714+00:00
[2023-03-06T18:51:47.557+0000] {processor.py:175} INFO - Processing /home/airflow/.local/lib/python3.7/site-packages/airflow/example_dags/example_short_circuit_operator.py took 0.328 seconds
[2023-03-06T18:52:18.030+0000] {processor.py:153} INFO - Started process (PID=318) to work on /home/airflow/.local/lib/python3.7/site-packages/airflow/example_dags/example_short_circuit_operator.py
[2023-03-06T18:52:18.032+0000] {processor.py:743} INFO - Processing file /home/airflow/.local/lib/python3.7/site-packages/airflow/example_dags/example_short_circuit_operator.py for tasks to queue
[2023-03-06T18:52:18.036+0000] {logging_mixin.py:137} INFO - [2023-03-06T18:52:18.036+0000] {dagbag.py:538} INFO - Filling up the DagBag from /home/airflow/.local/lib/python3.7/site-packages/airflow/example_dags/example_short_circuit_operator.py
[2023-03-06T18:52:18.070+0000] {processor.py:753} INFO - DAG(s) dict_keys(['example_short_circuit_operator']) retrieved from /home/airflow/.local/lib/python3.7/site-packages/airflow/example_dags/example_short_circuit_operator.py
[2023-03-06T18:52:18.125+0000] {logging_mixin.py:137} INFO - [2023-03-06T18:52:18.125+0000] {dag.py:2690} INFO - Sync 1 DAGs
[2023-03-06T18:52:18.185+0000] {logging_mixin.py:137} INFO - [2023-03-06T18:52:18.185+0000] {dag.py:3441} INFO - Setting next_dagrun for example_short_circuit_operator to 2023-03-05T18:52:18.185005+00:00, run_after=2023-03-06T18:52:18.185005+00:00
[2023-03-06T18:52:18.216+0000] {processor.py:175} INFO - Processing /home/airflow/.local/lib/python3.7/site-packages/airflow/example_dags/example_short_circuit_operator.py took 0.192 seconds
[2023-03-06T18:52:48.349+0000] {processor.py:153} INFO - Started process (PID=393) to work on /home/airflow/.local/lib/python3.7/site-packages/airflow/example_dags/example_short_circuit_operator.py
[2023-03-06T18:52:48.354+0000] {processor.py:743} INFO - Processing file /home/airflow/.local/lib/python3.7/site-packages/airflow/example_dags/example_short_circuit_operator.py for tasks to queue
[2023-03-06T18:52:48.359+0000] {logging_mixin.py:137} INFO - [2023-03-06T18:52:48.358+0000] {dagbag.py:538} INFO - Filling up the DagBag from /home/airflow/.local/lib/python3.7/site-packages/airflow/example_dags/example_short_circuit_operator.py
[2023-03-06T18:52:48.416+0000] {processor.py:753} INFO - DAG(s) dict_keys(['example_short_circuit_operator']) retrieved from /home/airflow/.local/lib/python3.7/site-packages/airflow/example_dags/example_short_circuit_operator.py
[2023-03-06T18:52:48.486+0000] {logging_mixin.py:137} INFO - [2023-03-06T18:52:48.486+0000] {dag.py:2690} INFO - Sync 1 DAGs
[2023-03-06T18:52:48.544+0000] {logging_mixin.py:137} INFO - [2023-03-06T18:52:48.544+0000] {dag.py:3441} INFO - Setting next_dagrun for example_short_circuit_operator to 2023-03-05T18:52:48.543657+00:00, run_after=2023-03-06T18:52:48.543657+00:00
[2023-03-06T18:52:48.621+0000] {processor.py:175} INFO - Processing /home/airflow/.local/lib/python3.7/site-packages/airflow/example_dags/example_short_circuit_operator.py took 0.282 seconds
[2023-03-06T18:53:19.485+0000] {processor.py:153} INFO - Started process (PID=461) to work on /home/airflow/.local/lib/python3.7/site-packages/airflow/example_dags/example_short_circuit_operator.py
[2023-03-06T18:53:19.496+0000] {processor.py:743} INFO - Processing file /home/airflow/.local/lib/python3.7/site-packages/airflow/example_dags/example_short_circuit_operator.py for tasks to queue
[2023-03-06T18:53:19.502+0000] {logging_mixin.py:137} INFO - [2023-03-06T18:53:19.501+0000] {dagbag.py:538} INFO - Filling up the DagBag from /home/airflow/.local/lib/python3.7/site-packages/airflow/example_dags/example_short_circuit_operator.py
[2023-03-06T18:53:19.548+0000] {processor.py:753} INFO - DAG(s) dict_keys(['example_short_circuit_operator']) retrieved from /home/airflow/.local/lib/python3.7/site-packages/airflow/example_dags/example_short_circuit_operator.py
[2023-03-06T18:53:19.617+0000] {logging_mixin.py:137} INFO - [2023-03-06T18:53:19.617+0000] {dag.py:2690} INFO - Sync 1 DAGs
[2023-03-06T18:53:19.672+0000] {logging_mixin.py:137} INFO - [2023-03-06T18:53:19.672+0000] {dag.py:3441} INFO - Setting next_dagrun for example_short_circuit_operator to 2023-03-05T18:53:19.671992+00:00, run_after=2023-03-06T18:53:19.671992+00:00
[2023-03-06T18:53:19.714+0000] {processor.py:175} INFO - Processing /home/airflow/.local/lib/python3.7/site-packages/airflow/example_dags/example_short_circuit_operator.py took 0.237 seconds
[2023-03-06T18:53:50.301+0000] {processor.py:153} INFO - Started process (PID=530) to work on /home/airflow/.local/lib/python3.7/site-packages/airflow/example_dags/example_short_circuit_operator.py
[2023-03-06T18:53:50.305+0000] {processor.py:743} INFO - Processing file /home/airflow/.local/lib/python3.7/site-packages/airflow/example_dags/example_short_circuit_operator.py for tasks to queue
[2023-03-06T18:53:50.311+0000] {logging_mixin.py:137} INFO - [2023-03-06T18:53:50.311+0000] {dagbag.py:538} INFO - Filling up the DagBag from /home/airflow/.local/lib/python3.7/site-packages/airflow/example_dags/example_short_circuit_operator.py
[2023-03-06T18:53:50.346+0000] {processor.py:753} INFO - DAG(s) dict_keys(['example_short_circuit_operator']) retrieved from /home/airflow/.local/lib/python3.7/site-packages/airflow/example_dags/example_short_circuit_operator.py
[2023-03-06T18:53:50.404+0000] {logging_mixin.py:137} INFO - [2023-03-06T18:53:50.404+0000] {dag.py:2690} INFO - Sync 1 DAGs
[2023-03-06T18:53:50.461+0000] {logging_mixin.py:137} INFO - [2023-03-06T18:53:50.461+0000] {dag.py:3441} INFO - Setting next_dagrun for example_short_circuit_operator to 2023-03-05T18:53:50.460955+00:00, run_after=2023-03-06T18:53:50.460955+00:00
[2023-03-06T18:53:50.494+0000] {processor.py:175} INFO - Processing /home/airflow/.local/lib/python3.7/site-packages/airflow/example_dags/example_short_circuit_operator.py took 0.206 seconds
[2023-03-06T18:54:20.976+0000] {processor.py:153} INFO - Started process (PID=596) to work on /home/airflow/.local/lib/python3.7/site-packages/airflow/example_dags/example_short_circuit_operator.py
[2023-03-06T18:54:20.979+0000] {processor.py:743} INFO - Processing file /home/airflow/.local/lib/python3.7/site-packages/airflow/example_dags/example_short_circuit_operator.py for tasks to queue
[2023-03-06T18:54:20.981+0000] {logging_mixin.py:137} INFO - [2023-03-06T18:54:20.981+0000] {dagbag.py:538} INFO - Filling up the DagBag from /home/airflow/.local/lib/python3.7/site-packages/airflow/example_dags/example_short_circuit_operator.py
[2023-03-06T18:54:21.009+0000] {processor.py:753} INFO - DAG(s) dict_keys(['example_short_circuit_operator']) retrieved from /home/airflow/.local/lib/python3.7/site-packages/airflow/example_dags/example_short_circuit_operator.py
[2023-03-06T18:54:21.061+0000] {logging_mixin.py:137} INFO - [2023-03-06T18:54:21.060+0000] {dag.py:2690} INFO - Sync 1 DAGs
[2023-03-06T18:54:21.122+0000] {logging_mixin.py:137} INFO - [2023-03-06T18:54:21.122+0000] {dag.py:3441} INFO - Setting next_dagrun for example_short_circuit_operator to 2023-03-05T18:54:21.121432+00:00, run_after=2023-03-06T18:54:21.121432+00:00
[2023-03-06T18:54:21.170+0000] {processor.py:175} INFO - Processing /home/airflow/.local/lib/python3.7/site-packages/airflow/example_dags/example_short_circuit_operator.py took 0.200 seconds
[2023-03-06T18:54:51.619+0000] {processor.py:153} INFO - Started process (PID=663) to work on /home/airflow/.local/lib/python3.7/site-packages/airflow/example_dags/example_short_circuit_operator.py
[2023-03-06T18:54:51.626+0000] {processor.py:743} INFO - Processing file /home/airflow/.local/lib/python3.7/site-packages/airflow/example_dags/example_short_circuit_operator.py for tasks to queue
[2023-03-06T18:54:51.630+0000] {logging_mixin.py:137} INFO - [2023-03-06T18:54:51.629+0000] {dagbag.py:538} INFO - Filling up the DagBag from /home/airflow/.local/lib/python3.7/site-packages/airflow/example_dags/example_short_circuit_operator.py
[2023-03-06T18:54:51.675+0000] {processor.py:753} INFO - DAG(s) dict_keys(['example_short_circuit_operator']) retrieved from /home/airflow/.local/lib/python3.7/site-packages/airflow/example_dags/example_short_circuit_operator.py
[2023-03-06T18:54:51.721+0000] {logging_mixin.py:137} INFO - [2023-03-06T18:54:51.721+0000] {dag.py:2690} INFO - Sync 1 DAGs
[2023-03-06T18:54:51.772+0000] {logging_mixin.py:137} INFO - [2023-03-06T18:54:51.772+0000] {dag.py:3441} INFO - Setting next_dagrun for example_short_circuit_operator to 2023-03-05T18:54:51.771989+00:00, run_after=2023-03-06T18:54:51.771989+00:00
[2023-03-06T18:54:51.822+0000] {processor.py:175} INFO - Processing /home/airflow/.local/lib/python3.7/site-packages/airflow/example_dags/example_short_circuit_operator.py took 0.212 seconds
[2023-03-06T18:55:22.028+0000] {processor.py:153} INFO - Started process (PID=733) to work on /home/airflow/.local/lib/python3.7/site-packages/airflow/example_dags/example_short_circuit_operator.py
[2023-03-06T18:55:22.032+0000] {processor.py:743} INFO - Processing file /home/airflow/.local/lib/python3.7/site-packages/airflow/example_dags/example_short_circuit_operator.py for tasks to queue
[2023-03-06T18:55:22.035+0000] {logging_mixin.py:137} INFO - [2023-03-06T18:55:22.034+0000] {dagbag.py:538} INFO - Filling up the DagBag from /home/airflow/.local/lib/python3.7/site-packages/airflow/example_dags/example_short_circuit_operator.py
[2023-03-06T18:55:22.073+0000] {processor.py:753} INFO - DAG(s) dict_keys(['example_short_circuit_operator']) retrieved from /home/airflow/.local/lib/python3.7/site-packages/airflow/example_dags/example_short_circuit_operator.py
[2023-03-06T18:55:22.123+0000] {logging_mixin.py:137} INFO - [2023-03-06T18:55:22.123+0000] {dag.py:2690} INFO - Sync 1 DAGs
[2023-03-06T18:55:22.187+0000] {logging_mixin.py:137} INFO - [2023-03-06T18:55:22.186+0000] {dag.py:3441} INFO - Setting next_dagrun for example_short_circuit_operator to 2023-03-05T18:55:22.186144+00:00, run_after=2023-03-06T18:55:22.186144+00:00
[2023-03-06T18:55:22.230+0000] {processor.py:175} INFO - Processing /home/airflow/.local/lib/python3.7/site-packages/airflow/example_dags/example_short_circuit_operator.py took 0.209 seconds
[2023-03-06T18:55:52.533+0000] {processor.py:153} INFO - Started process (PID=799) to work on /home/airflow/.local/lib/python3.7/site-packages/airflow/example_dags/example_short_circuit_operator.py
[2023-03-06T18:55:52.536+0000] {processor.py:743} INFO - Processing file /home/airflow/.local/lib/python3.7/site-packages/airflow/example_dags/example_short_circuit_operator.py for tasks to queue
[2023-03-06T18:55:52.538+0000] {logging_mixin.py:137} INFO - [2023-03-06T18:55:52.538+0000] {dagbag.py:538} INFO - Filling up the DagBag from /home/airflow/.local/lib/python3.7/site-packages/airflow/example_dags/example_short_circuit_operator.py
[2023-03-06T18:55:52.571+0000] {processor.py:753} INFO - DAG(s) dict_keys(['example_short_circuit_operator']) retrieved from /home/airflow/.local/lib/python3.7/site-packages/airflow/example_dags/example_short_circuit_operator.py
[2023-03-06T18:55:52.618+0000] {logging_mixin.py:137} INFO - [2023-03-06T18:55:52.618+0000] {dag.py:2690} INFO - Sync 1 DAGs
[2023-03-06T18:55:52.663+0000] {logging_mixin.py:137} INFO - [2023-03-06T18:55:52.662+0000] {dag.py:3441} INFO - Setting next_dagrun for example_short_circuit_operator to 2023-03-05T18:55:52.662286+00:00, run_after=2023-03-06T18:55:52.662286+00:00
[2023-03-06T18:55:52.714+0000] {processor.py:175} INFO - Processing /home/airflow/.local/lib/python3.7/site-packages/airflow/example_dags/example_short_circuit_operator.py took 0.189 seconds
[2023-03-06T18:56:22.931+0000] {processor.py:153} INFO - Started process (PID=873) to work on /home/airflow/.local/lib/python3.7/site-packages/airflow/example_dags/example_short_circuit_operator.py
[2023-03-06T18:56:22.934+0000] {processor.py:743} INFO - Processing file /home/airflow/.local/lib/python3.7/site-packages/airflow/example_dags/example_short_circuit_operator.py for tasks to queue
[2023-03-06T18:56:22.937+0000] {logging_mixin.py:137} INFO - [2023-03-06T18:56:22.936+0000] {dagbag.py:538} INFO - Filling up the DagBag from /home/airflow/.local/lib/python3.7/site-packages/airflow/example_dags/example_short_circuit_operator.py
[2023-03-06T18:56:22.975+0000] {processor.py:753} INFO - DAG(s) dict_keys(['example_short_circuit_operator']) retrieved from /home/airflow/.local/lib/python3.7/site-packages/airflow/example_dags/example_short_circuit_operator.py
[2023-03-06T18:56:23.025+0000] {logging_mixin.py:137} INFO - [2023-03-06T18:56:23.024+0000] {dag.py:2690} INFO - Sync 1 DAGs
[2023-03-06T18:56:23.075+0000] {logging_mixin.py:137} INFO - [2023-03-06T18:56:23.074+0000] {dag.py:3441} INFO - Setting next_dagrun for example_short_circuit_operator to 2023-03-05T18:56:23.074409+00:00, run_after=2023-03-06T18:56:23.074409+00:00
[2023-03-06T18:56:23.111+0000] {processor.py:175} INFO - Processing /home/airflow/.local/lib/python3.7/site-packages/airflow/example_dags/example_short_circuit_operator.py took 0.189 seconds
[2023-03-06T18:56:53.342+0000] {processor.py:153} INFO - Started process (PID=945) to work on /home/airflow/.local/lib/python3.7/site-packages/airflow/example_dags/example_short_circuit_operator.py
[2023-03-06T18:56:53.345+0000] {processor.py:743} INFO - Processing file /home/airflow/.local/lib/python3.7/site-packages/airflow/example_dags/example_short_circuit_operator.py for tasks to queue
[2023-03-06T18:56:53.347+0000] {logging_mixin.py:137} INFO - [2023-03-06T18:56:53.347+0000] {dagbag.py:538} INFO - Filling up the DagBag from /home/airflow/.local/lib/python3.7/site-packages/airflow/example_dags/example_short_circuit_operator.py
[2023-03-06T18:56:53.374+0000] {processor.py:753} INFO - DAG(s) dict_keys(['example_short_circuit_operator']) retrieved from /home/airflow/.local/lib/python3.7/site-packages/airflow/example_dags/example_short_circuit_operator.py
[2023-03-06T18:56:53.418+0000] {logging_mixin.py:137} INFO - [2023-03-06T18:56:53.417+0000] {dag.py:2690} INFO - Sync 1 DAGs
[2023-03-06T18:56:53.458+0000] {logging_mixin.py:137} INFO - [2023-03-06T18:56:53.458+0000] {dag.py:3441} INFO - Setting next_dagrun for example_short_circuit_operator to 2023-03-05T18:56:53.458130+00:00, run_after=2023-03-06T18:56:53.458130+00:00
[2023-03-06T18:56:53.496+0000] {processor.py:175} INFO - Processing /home/airflow/.local/lib/python3.7/site-packages/airflow/example_dags/example_short_circuit_operator.py took 0.159 seconds
[2023-03-06T18:57:24.252+0000] {processor.py:153} INFO - Started process (PID=1012) to work on /home/airflow/.local/lib/python3.7/site-packages/airflow/example_dags/example_short_circuit_operator.py
[2023-03-06T18:57:24.259+0000] {processor.py:743} INFO - Processing file /home/airflow/.local/lib/python3.7/site-packages/airflow/example_dags/example_short_circuit_operator.py for tasks to queue
[2023-03-06T18:57:24.261+0000] {logging_mixin.py:137} INFO - [2023-03-06T18:57:24.261+0000] {dagbag.py:538} INFO - Filling up the DagBag from /home/airflow/.local/lib/python3.7/site-packages/airflow/example_dags/example_short_circuit_operator.py
[2023-03-06T18:57:24.330+0000] {processor.py:753} INFO - DAG(s) dict_keys(['example_short_circuit_operator']) retrieved from /home/airflow/.local/lib/python3.7/site-packages/airflow/example_dags/example_short_circuit_operator.py
[2023-03-06T18:57:24.441+0000] {logging_mixin.py:137} INFO - [2023-03-06T18:57:24.441+0000] {dag.py:2690} INFO - Sync 1 DAGs
[2023-03-06T18:57:24.501+0000] {logging_mixin.py:137} INFO - [2023-03-06T18:57:24.500+0000] {dag.py:3441} INFO - Setting next_dagrun for example_short_circuit_operator to 2023-03-05T18:57:24.500537+00:00, run_after=2023-03-06T18:57:24.500537+00:00
[2023-03-06T18:57:24.543+0000] {processor.py:175} INFO - Processing /home/airflow/.local/lib/python3.7/site-packages/airflow/example_dags/example_short_circuit_operator.py took 0.302 seconds
[2023-03-06T18:57:55.047+0000] {processor.py:153} INFO - Started process (PID=1079) to work on /home/airflow/.local/lib/python3.7/site-packages/airflow/example_dags/example_short_circuit_operator.py
[2023-03-06T18:57:55.052+0000] {processor.py:743} INFO - Processing file /home/airflow/.local/lib/python3.7/site-packages/airflow/example_dags/example_short_circuit_operator.py for tasks to queue
[2023-03-06T18:57:55.056+0000] {logging_mixin.py:137} INFO - [2023-03-06T18:57:55.056+0000] {dagbag.py:538} INFO - Filling up the DagBag from /home/airflow/.local/lib/python3.7/site-packages/airflow/example_dags/example_short_circuit_operator.py
[2023-03-06T18:57:55.092+0000] {processor.py:753} INFO - DAG(s) dict_keys(['example_short_circuit_operator']) retrieved from /home/airflow/.local/lib/python3.7/site-packages/airflow/example_dags/example_short_circuit_operator.py
[2023-03-06T18:57:55.145+0000] {logging_mixin.py:137} INFO - [2023-03-06T18:57:55.144+0000] {dag.py:2690} INFO - Sync 1 DAGs
[2023-03-06T18:57:55.198+0000] {logging_mixin.py:137} INFO - [2023-03-06T18:57:55.198+0000] {dag.py:3441} INFO - Setting next_dagrun for example_short_circuit_operator to 2023-03-05T18:57:55.198144+00:00, run_after=2023-03-06T18:57:55.198144+00:00
[2023-03-06T18:57:55.250+0000] {processor.py:175} INFO - Processing /home/airflow/.local/lib/python3.7/site-packages/airflow/example_dags/example_short_circuit_operator.py took 0.213 seconds
[2023-03-06T18:58:26.300+0000] {processor.py:153} INFO - Started process (PID=1146) to work on /home/airflow/.local/lib/python3.7/site-packages/airflow/example_dags/example_short_circuit_operator.py
[2023-03-06T18:58:26.303+0000] {processor.py:743} INFO - Processing file /home/airflow/.local/lib/python3.7/site-packages/airflow/example_dags/example_short_circuit_operator.py for tasks to queue
[2023-03-06T18:58:26.306+0000] {logging_mixin.py:137} INFO - [2023-03-06T18:58:26.306+0000] {dagbag.py:538} INFO - Filling up the DagBag from /home/airflow/.local/lib/python3.7/site-packages/airflow/example_dags/example_short_circuit_operator.py
[2023-03-06T18:58:26.334+0000] {processor.py:753} INFO - DAG(s) dict_keys(['example_short_circuit_operator']) retrieved from /home/airflow/.local/lib/python3.7/site-packages/airflow/example_dags/example_short_circuit_operator.py
[2023-03-06T18:58:26.378+0000] {logging_mixin.py:137} INFO - [2023-03-06T18:58:26.377+0000] {dag.py:2690} INFO - Sync 1 DAGs
[2023-03-06T18:58:26.421+0000] {logging_mixin.py:137} INFO - [2023-03-06T18:58:26.421+0000] {dag.py:3441} INFO - Setting next_dagrun for example_short_circuit_operator to 2023-03-05T18:58:26.420986+00:00, run_after=2023-03-06T18:58:26.420986+00:00
[2023-03-06T18:58:26.458+0000] {processor.py:175} INFO - Processing /home/airflow/.local/lib/python3.7/site-packages/airflow/example_dags/example_short_circuit_operator.py took 0.163 seconds
[2023-03-06T18:58:56.771+0000] {processor.py:153} INFO - Started process (PID=1222) to work on /home/airflow/.local/lib/python3.7/site-packages/airflow/example_dags/example_short_circuit_operator.py
[2023-03-06T18:58:56.775+0000] {processor.py:743} INFO - Processing file /home/airflow/.local/lib/python3.7/site-packages/airflow/example_dags/example_short_circuit_operator.py for tasks to queue
[2023-03-06T18:58:56.779+0000] {logging_mixin.py:137} INFO - [2023-03-06T18:58:56.779+0000] {dagbag.py:538} INFO - Filling up the DagBag from /home/airflow/.local/lib/python3.7/site-packages/airflow/example_dags/example_short_circuit_operator.py
[2023-03-06T18:58:56.821+0000] {processor.py:753} INFO - DAG(s) dict_keys(['example_short_circuit_operator']) retrieved from /home/airflow/.local/lib/python3.7/site-packages/airflow/example_dags/example_short_circuit_operator.py
[2023-03-06T18:58:56.887+0000] {logging_mixin.py:137} INFO - [2023-03-06T18:58:56.886+0000] {dag.py:2690} INFO - Sync 1 DAGs
[2023-03-06T18:58:56.939+0000] {logging_mixin.py:137} INFO - [2023-03-06T18:58:56.939+0000] {dag.py:3441} INFO - Setting next_dagrun for example_short_circuit_operator to 2023-03-05T18:58:56.939036+00:00, run_after=2023-03-06T18:58:56.939036+00:00
[2023-03-06T18:58:56.974+0000] {processor.py:175} INFO - Processing /home/airflow/.local/lib/python3.7/site-packages/airflow/example_dags/example_short_circuit_operator.py took 0.213 seconds
[2023-03-06T18:59:27.633+0000] {processor.py:153} INFO - Started process (PID=1296) to work on /home/airflow/.local/lib/python3.7/site-packages/airflow/example_dags/example_short_circuit_operator.py
[2023-03-06T18:59:27.636+0000] {processor.py:743} INFO - Processing file /home/airflow/.local/lib/python3.7/site-packages/airflow/example_dags/example_short_circuit_operator.py for tasks to queue
[2023-03-06T18:59:27.639+0000] {logging_mixin.py:137} INFO - [2023-03-06T18:59:27.638+0000] {dagbag.py:538} INFO - Filling up the DagBag from /home/airflow/.local/lib/python3.7/site-packages/airflow/example_dags/example_short_circuit_operator.py
[2023-03-06T18:59:27.668+0000] {processor.py:753} INFO - DAG(s) dict_keys(['example_short_circuit_operator']) retrieved from /home/airflow/.local/lib/python3.7/site-packages/airflow/example_dags/example_short_circuit_operator.py
[2023-03-06T18:59:27.716+0000] {logging_mixin.py:137} INFO - [2023-03-06T18:59:27.716+0000] {dag.py:2690} INFO - Sync 1 DAGs
[2023-03-06T18:59:27.768+0000] {logging_mixin.py:137} INFO - [2023-03-06T18:59:27.768+0000] {dag.py:3441} INFO - Setting next_dagrun for example_short_circuit_operator to 2023-03-05T18:59:27.768171+00:00, run_after=2023-03-06T18:59:27.768171+00:00
[2023-03-06T18:59:27.803+0000] {processor.py:175} INFO - Processing /home/airflow/.local/lib/python3.7/site-packages/airflow/example_dags/example_short_circuit_operator.py took 0.175 seconds
[2023-03-06T18:59:59.019+0000] {processor.py:153} INFO - Started process (PID=1362) to work on /home/airflow/.local/lib/python3.7/site-packages/airflow/example_dags/example_short_circuit_operator.py
[2023-03-06T18:59:59.026+0000] {processor.py:743} INFO - Processing file /home/airflow/.local/lib/python3.7/site-packages/airflow/example_dags/example_short_circuit_operator.py for tasks to queue
[2023-03-06T18:59:59.032+0000] {logging_mixin.py:137} INFO - [2023-03-06T18:59:59.031+0000] {dagbag.py:538} INFO - Filling up the DagBag from /home/airflow/.local/lib/python3.7/site-packages/airflow/example_dags/example_short_circuit_operator.py
[2023-03-06T18:59:59.230+0000] {processor.py:753} INFO - DAG(s) dict_keys(['example_short_circuit_operator']) retrieved from /home/airflow/.local/lib/python3.7/site-packages/airflow/example_dags/example_short_circuit_operator.py
[2023-03-06T18:59:59.474+0000] {logging_mixin.py:137} INFO - [2023-03-06T18:59:59.474+0000] {dag.py:2690} INFO - Sync 1 DAGs
[2023-03-06T18:59:59.598+0000] {logging_mixin.py:137} INFO - [2023-03-06T18:59:59.597+0000] {dag.py:3441} INFO - Setting next_dagrun for example_short_circuit_operator to 2023-03-05T18:59:59.585581+00:00, run_after=2023-03-06T18:59:59.585581+00:00
[2023-03-06T18:59:59.725+0000] {processor.py:175} INFO - Processing /home/airflow/.local/lib/python3.7/site-packages/airflow/example_dags/example_short_circuit_operator.py took 0.721 seconds
[2023-03-06T19:00:30.132+0000] {processor.py:153} INFO - Started process (PID=1429) to work on /home/airflow/.local/lib/python3.7/site-packages/airflow/example_dags/example_short_circuit_operator.py
[2023-03-06T19:00:30.134+0000] {processor.py:743} INFO - Processing file /home/airflow/.local/lib/python3.7/site-packages/airflow/example_dags/example_short_circuit_operator.py for tasks to queue
[2023-03-06T19:00:30.136+0000] {logging_mixin.py:137} INFO - [2023-03-06T19:00:30.136+0000] {dagbag.py:538} INFO - Filling up the DagBag from /home/airflow/.local/lib/python3.7/site-packages/airflow/example_dags/example_short_circuit_operator.py
[2023-03-06T19:00:30.169+0000] {processor.py:753} INFO - DAG(s) dict_keys(['example_short_circuit_operator']) retrieved from /home/airflow/.local/lib/python3.7/site-packages/airflow/example_dags/example_short_circuit_operator.py
[2023-03-06T19:00:30.220+0000] {logging_mixin.py:137} INFO - [2023-03-06T19:00:30.220+0000] {dag.py:2690} INFO - Sync 1 DAGs
[2023-03-06T19:00:30.262+0000] {logging_mixin.py:137} INFO - [2023-03-06T19:00:30.262+0000] {dag.py:3441} INFO - Setting next_dagrun for example_short_circuit_operator to 2023-03-05T19:00:30.261770+00:00, run_after=2023-03-06T19:00:30.261770+00:00
[2023-03-06T19:00:30.300+0000] {processor.py:175} INFO - Processing /home/airflow/.local/lib/python3.7/site-packages/airflow/example_dags/example_short_circuit_operator.py took 0.176 seconds
[2023-03-06T19:01:00.795+0000] {processor.py:153} INFO - Started process (PID=1495) to work on /home/airflow/.local/lib/python3.7/site-packages/airflow/example_dags/example_short_circuit_operator.py
[2023-03-06T19:01:00.801+0000] {processor.py:743} INFO - Processing file /home/airflow/.local/lib/python3.7/site-packages/airflow/example_dags/example_short_circuit_operator.py for tasks to queue
[2023-03-06T19:01:00.804+0000] {logging_mixin.py:137} INFO - [2023-03-06T19:01:00.804+0000] {dagbag.py:538} INFO - Filling up the DagBag from /home/airflow/.local/lib/python3.7/site-packages/airflow/example_dags/example_short_circuit_operator.py
[2023-03-06T19:01:00.842+0000] {processor.py:753} INFO - DAG(s) dict_keys(['example_short_circuit_operator']) retrieved from /home/airflow/.local/lib/python3.7/site-packages/airflow/example_dags/example_short_circuit_operator.py
[2023-03-06T19:01:00.888+0000] {logging_mixin.py:137} INFO - [2023-03-06T19:01:00.887+0000] {dag.py:2690} INFO - Sync 1 DAGs
[2023-03-06T19:01:00.941+0000] {logging_mixin.py:137} INFO - [2023-03-06T19:01:00.941+0000] {dag.py:3441} INFO - Setting next_dagrun for example_short_circuit_operator to 2023-03-05T19:01:00.940817+00:00, run_after=2023-03-06T19:01:00.940817+00:00
[2023-03-06T19:01:00.974+0000] {processor.py:175} INFO - Processing /home/airflow/.local/lib/python3.7/site-packages/airflow/example_dags/example_short_circuit_operator.py took 0.189 seconds
[2023-03-06T19:01:31.158+0000] {processor.py:153} INFO - Started process (PID=1562) to work on /home/airflow/.local/lib/python3.7/site-packages/airflow/example_dags/example_short_circuit_operator.py
[2023-03-06T19:01:31.162+0000] {processor.py:743} INFO - Processing file /home/airflow/.local/lib/python3.7/site-packages/airflow/example_dags/example_short_circuit_operator.py for tasks to queue
[2023-03-06T19:01:31.166+0000] {logging_mixin.py:137} INFO - [2023-03-06T19:01:31.165+0000] {dagbag.py:538} INFO - Filling up the DagBag from /home/airflow/.local/lib/python3.7/site-packages/airflow/example_dags/example_short_circuit_operator.py
[2023-03-06T19:01:31.210+0000] {processor.py:753} INFO - DAG(s) dict_keys(['example_short_circuit_operator']) retrieved from /home/airflow/.local/lib/python3.7/site-packages/airflow/example_dags/example_short_circuit_operator.py
[2023-03-06T19:01:31.293+0000] {logging_mixin.py:137} INFO - [2023-03-06T19:01:31.293+0000] {dag.py:2690} INFO - Sync 1 DAGs
[2023-03-06T19:01:31.353+0000] {logging_mixin.py:137} INFO - [2023-03-06T19:01:31.353+0000] {dag.py:3441} INFO - Setting next_dagrun for example_short_circuit_operator to 2023-03-05T19:01:31.352869+00:00, run_after=2023-03-06T19:01:31.352869+00:00
[2023-03-06T19:01:31.385+0000] {processor.py:175} INFO - Processing /home/airflow/.local/lib/python3.7/site-packages/airflow/example_dags/example_short_circuit_operator.py took 0.234 seconds
[2023-03-06T19:02:01.876+0000] {processor.py:153} INFO - Started process (PID=1638) to work on /home/airflow/.local/lib/python3.7/site-packages/airflow/example_dags/example_short_circuit_operator.py
[2023-03-06T19:02:01.880+0000] {processor.py:743} INFO - Processing file /home/airflow/.local/lib/python3.7/site-packages/airflow/example_dags/example_short_circuit_operator.py for tasks to queue
[2023-03-06T19:02:01.883+0000] {logging_mixin.py:137} INFO - [2023-03-06T19:02:01.882+0000] {dagbag.py:538} INFO - Filling up the DagBag from /home/airflow/.local/lib/python3.7/site-packages/airflow/example_dags/example_short_circuit_operator.py
[2023-03-06T19:02:01.917+0000] {processor.py:753} INFO - DAG(s) dict_keys(['example_short_circuit_operator']) retrieved from /home/airflow/.local/lib/python3.7/site-packages/airflow/example_dags/example_short_circuit_operator.py
[2023-03-06T19:02:01.969+0000] {logging_mixin.py:137} INFO - [2023-03-06T19:02:01.968+0000] {dag.py:2690} INFO - Sync 1 DAGs
[2023-03-06T19:02:02.020+0000] {logging_mixin.py:137} INFO - [2023-03-06T19:02:02.020+0000] {dag.py:3441} INFO - Setting next_dagrun for example_short_circuit_operator to 2023-03-05T19:02:02.019877+00:00, run_after=2023-03-06T19:02:02.019877+00:00
[2023-03-06T19:02:02.053+0000] {processor.py:175} INFO - Processing /home/airflow/.local/lib/python3.7/site-packages/airflow/example_dags/example_short_circuit_operator.py took 0.183 seconds
[2023-03-06T19:02:32.150+0000] {processor.py:153} INFO - Started process (PID=1707) to work on /home/airflow/.local/lib/python3.7/site-packages/airflow/example_dags/example_short_circuit_operator.py
[2023-03-06T19:02:32.153+0000] {processor.py:743} INFO - Processing file /home/airflow/.local/lib/python3.7/site-packages/airflow/example_dags/example_short_circuit_operator.py for tasks to queue
[2023-03-06T19:02:32.155+0000] {logging_mixin.py:137} INFO - [2023-03-06T19:02:32.154+0000] {dagbag.py:538} INFO - Filling up the DagBag from /home/airflow/.local/lib/python3.7/site-packages/airflow/example_dags/example_short_circuit_operator.py
[2023-03-06T19:02:32.183+0000] {processor.py:753} INFO - DAG(s) dict_keys(['example_short_circuit_operator']) retrieved from /home/airflow/.local/lib/python3.7/site-packages/airflow/example_dags/example_short_circuit_operator.py
[2023-03-06T19:02:32.225+0000] {logging_mixin.py:137} INFO - [2023-03-06T19:02:32.224+0000] {dag.py:2690} INFO - Sync 1 DAGs
[2023-03-06T19:02:32.262+0000] {logging_mixin.py:137} INFO - [2023-03-06T19:02:32.261+0000] {dag.py:3441} INFO - Setting next_dagrun for example_short_circuit_operator to 2023-03-05T19:02:32.261433+00:00, run_after=2023-03-06T19:02:32.261433+00:00
[2023-03-06T19:02:32.291+0000] {processor.py:175} INFO - Processing /home/airflow/.local/lib/python3.7/site-packages/airflow/example_dags/example_short_circuit_operator.py took 0.147 seconds
[2023-03-06T19:03:02.641+0000] {processor.py:153} INFO - Started process (PID=1773) to work on /home/airflow/.local/lib/python3.7/site-packages/airflow/example_dags/example_short_circuit_operator.py
[2023-03-06T19:03:02.647+0000] {processor.py:743} INFO - Processing file /home/airflow/.local/lib/python3.7/site-packages/airflow/example_dags/example_short_circuit_operator.py for tasks to queue
[2023-03-06T19:03:02.653+0000] {logging_mixin.py:137} INFO - [2023-03-06T19:03:02.652+0000] {dagbag.py:538} INFO - Filling up the DagBag from /home/airflow/.local/lib/python3.7/site-packages/airflow/example_dags/example_short_circuit_operator.py
[2023-03-06T19:03:02.723+0000] {processor.py:753} INFO - DAG(s) dict_keys(['example_short_circuit_operator']) retrieved from /home/airflow/.local/lib/python3.7/site-packages/airflow/example_dags/example_short_circuit_operator.py
[2023-03-06T19:03:02.794+0000] {logging_mixin.py:137} INFO - [2023-03-06T19:03:02.794+0000] {dag.py:2690} INFO - Sync 1 DAGs
[2023-03-06T19:03:02.864+0000] {logging_mixin.py:137} INFO - [2023-03-06T19:03:02.864+0000] {dag.py:3441} INFO - Setting next_dagrun for example_short_circuit_operator to 2023-03-05T19:03:02.863466+00:00, run_after=2023-03-06T19:03:02.863466+00:00
[2023-03-06T19:03:02.906+0000] {processor.py:175} INFO - Processing /home/airflow/.local/lib/python3.7/site-packages/airflow/example_dags/example_short_circuit_operator.py took 0.275 seconds
[2023-03-06T19:03:33.450+0000] {processor.py:153} INFO - Started process (PID=1841) to work on /home/airflow/.local/lib/python3.7/site-packages/airflow/example_dags/example_short_circuit_operator.py
[2023-03-06T19:03:33.454+0000] {processor.py:743} INFO - Processing file /home/airflow/.local/lib/python3.7/site-packages/airflow/example_dags/example_short_circuit_operator.py for tasks to queue
[2023-03-06T19:03:33.461+0000] {logging_mixin.py:137} INFO - [2023-03-06T19:03:33.460+0000] {dagbag.py:538} INFO - Filling up the DagBag from /home/airflow/.local/lib/python3.7/site-packages/airflow/example_dags/example_short_circuit_operator.py
[2023-03-06T19:03:33.513+0000] {processor.py:753} INFO - DAG(s) dict_keys(['example_short_circuit_operator']) retrieved from /home/airflow/.local/lib/python3.7/site-packages/airflow/example_dags/example_short_circuit_operator.py
[2023-03-06T19:03:33.567+0000] {logging_mixin.py:137} INFO - [2023-03-06T19:03:33.566+0000] {dag.py:2690} INFO - Sync 1 DAGs
[2023-03-06T19:03:33.632+0000] {logging_mixin.py:137} INFO - [2023-03-06T19:03:33.632+0000] {dag.py:3441} INFO - Setting next_dagrun for example_short_circuit_operator to 2023-03-05T19:03:33.631423+00:00, run_after=2023-03-06T19:03:33.631423+00:00
[2023-03-06T19:03:33.664+0000] {processor.py:175} INFO - Processing /home/airflow/.local/lib/python3.7/site-packages/airflow/example_dags/example_short_circuit_operator.py took 0.226 seconds
[2023-03-06T19:04:04.101+0000] {processor.py:153} INFO - Started process (PID=1908) to work on /home/airflow/.local/lib/python3.7/site-packages/airflow/example_dags/example_short_circuit_operator.py
[2023-03-06T19:04:04.104+0000] {processor.py:743} INFO - Processing file /home/airflow/.local/lib/python3.7/site-packages/airflow/example_dags/example_short_circuit_operator.py for tasks to queue
[2023-03-06T19:04:04.106+0000] {logging_mixin.py:137} INFO - [2023-03-06T19:04:04.105+0000] {dagbag.py:538} INFO - Filling up the DagBag from /home/airflow/.local/lib/python3.7/site-packages/airflow/example_dags/example_short_circuit_operator.py
[2023-03-06T19:04:04.131+0000] {processor.py:753} INFO - DAG(s) dict_keys(['example_short_circuit_operator']) retrieved from /home/airflow/.local/lib/python3.7/site-packages/airflow/example_dags/example_short_circuit_operator.py
[2023-03-06T19:04:04.174+0000] {logging_mixin.py:137} INFO - [2023-03-06T19:04:04.174+0000] {dag.py:2690} INFO - Sync 1 DAGs
[2023-03-06T19:04:04.214+0000] {logging_mixin.py:137} INFO - [2023-03-06T19:04:04.214+0000] {dag.py:3441} INFO - Setting next_dagrun for example_short_circuit_operator to 2023-03-05T19:04:04.214198+00:00, run_after=2023-03-06T19:04:04.214198+00:00
[2023-03-06T19:04:04.243+0000] {processor.py:175} INFO - Processing /home/airflow/.local/lib/python3.7/site-packages/airflow/example_dags/example_short_circuit_operator.py took 0.148 seconds
[2023-03-06T19:04:36.410+0000] {processor.py:153} INFO - Started process (PID=1988) to work on /home/airflow/.local/lib/python3.7/site-packages/airflow/example_dags/example_short_circuit_operator.py
[2023-03-06T19:04:36.427+0000] {processor.py:743} INFO - Processing file /home/airflow/.local/lib/python3.7/site-packages/airflow/example_dags/example_short_circuit_operator.py for tasks to queue
[2023-03-06T19:04:36.447+0000] {logging_mixin.py:137} INFO - [2023-03-06T19:04:36.446+0000] {dagbag.py:538} INFO - Filling up the DagBag from /home/airflow/.local/lib/python3.7/site-packages/airflow/example_dags/example_short_circuit_operator.py
[2023-03-06T19:04:36.730+0000] {processor.py:753} INFO - DAG(s) dict_keys(['example_short_circuit_operator']) retrieved from /home/airflow/.local/lib/python3.7/site-packages/airflow/example_dags/example_short_circuit_operator.py
[2023-03-06T19:04:36.869+0000] {logging_mixin.py:137} INFO - [2023-03-06T19:04:36.868+0000] {dag.py:2690} INFO - Sync 1 DAGs
[2023-03-06T19:04:37.033+0000] {logging_mixin.py:137} INFO - [2023-03-06T19:04:37.032+0000] {dag.py:3441} INFO - Setting next_dagrun for example_short_circuit_operator to 2023-03-05T19:04:37.031971+00:00, run_after=2023-03-06T19:04:37.031971+00:00
[2023-03-06T19:04:37.168+0000] {processor.py:175} INFO - Processing /home/airflow/.local/lib/python3.7/site-packages/airflow/example_dags/example_short_circuit_operator.py took 0.843 seconds
[2023-03-06T19:05:07.345+0000] {processor.py:153} INFO - Started process (PID=2042) to work on /home/airflow/.local/lib/python3.7/site-packages/airflow/example_dags/example_short_circuit_operator.py
[2023-03-06T19:05:07.350+0000] {processor.py:743} INFO - Processing file /home/airflow/.local/lib/python3.7/site-packages/airflow/example_dags/example_short_circuit_operator.py for tasks to queue
[2023-03-06T19:05:07.353+0000] {logging_mixin.py:137} INFO - [2023-03-06T19:05:07.353+0000] {dagbag.py:538} INFO - Filling up the DagBag from /home/airflow/.local/lib/python3.7/site-packages/airflow/example_dags/example_short_circuit_operator.py
[2023-03-06T19:05:07.388+0000] {processor.py:753} INFO - DAG(s) dict_keys(['example_short_circuit_operator']) retrieved from /home/airflow/.local/lib/python3.7/site-packages/airflow/example_dags/example_short_circuit_operator.py
[2023-03-06T19:05:07.467+0000] {logging_mixin.py:137} INFO - [2023-03-06T19:05:07.466+0000] {dag.py:2690} INFO - Sync 1 DAGs
[2023-03-06T19:05:07.521+0000] {logging_mixin.py:137} INFO - [2023-03-06T19:05:07.521+0000] {dag.py:3441} INFO - Setting next_dagrun for example_short_circuit_operator to 2023-03-05T19:05:07.520544+00:00, run_after=2023-03-06T19:05:07.520544+00:00
[2023-03-06T19:05:07.558+0000] {processor.py:175} INFO - Processing /home/airflow/.local/lib/python3.7/site-packages/airflow/example_dags/example_short_circuit_operator.py took 0.221 seconds
[2023-03-06T19:05:37.721+0000] {processor.py:153} INFO - Started process (PID=2110) to work on /home/airflow/.local/lib/python3.7/site-packages/airflow/example_dags/example_short_circuit_operator.py
[2023-03-06T19:05:37.724+0000] {processor.py:743} INFO - Processing file /home/airflow/.local/lib/python3.7/site-packages/airflow/example_dags/example_short_circuit_operator.py for tasks to queue
[2023-03-06T19:05:37.726+0000] {logging_mixin.py:137} INFO - [2023-03-06T19:05:37.726+0000] {dagbag.py:538} INFO - Filling up the DagBag from /home/airflow/.local/lib/python3.7/site-packages/airflow/example_dags/example_short_circuit_operator.py
[2023-03-06T19:05:37.754+0000] {processor.py:753} INFO - DAG(s) dict_keys(['example_short_circuit_operator']) retrieved from /home/airflow/.local/lib/python3.7/site-packages/airflow/example_dags/example_short_circuit_operator.py
[2023-03-06T19:05:37.794+0000] {logging_mixin.py:137} INFO - [2023-03-06T19:05:37.794+0000] {dag.py:2690} INFO - Sync 1 DAGs
[2023-03-06T19:05:37.835+0000] {logging_mixin.py:137} INFO - [2023-03-06T19:05:37.835+0000] {dag.py:3441} INFO - Setting next_dagrun for example_short_circuit_operator to 2023-03-05T19:05:37.834997+00:00, run_after=2023-03-06T19:05:37.834997+00:00
[2023-03-06T19:05:37.871+0000] {processor.py:175} INFO - Processing /home/airflow/.local/lib/python3.7/site-packages/airflow/example_dags/example_short_circuit_operator.py took 0.156 seconds
[2023-03-06T19:06:08.058+0000] {processor.py:153} INFO - Started process (PID=2190) to work on /home/airflow/.local/lib/python3.7/site-packages/airflow/example_dags/example_short_circuit_operator.py
[2023-03-06T19:06:08.064+0000] {processor.py:743} INFO - Processing file /home/airflow/.local/lib/python3.7/site-packages/airflow/example_dags/example_short_circuit_operator.py for tasks to queue
[2023-03-06T19:06:08.067+0000] {logging_mixin.py:137} INFO - [2023-03-06T19:06:08.066+0000] {dagbag.py:538} INFO - Filling up the DagBag from /home/airflow/.local/lib/python3.7/site-packages/airflow/example_dags/example_short_circuit_operator.py
[2023-03-06T19:06:08.112+0000] {processor.py:753} INFO - DAG(s) dict_keys(['example_short_circuit_operator']) retrieved from /home/airflow/.local/lib/python3.7/site-packages/airflow/example_dags/example_short_circuit_operator.py
[2023-03-06T19:06:08.168+0000] {logging_mixin.py:137} INFO - [2023-03-06T19:06:08.167+0000] {dag.py:2690} INFO - Sync 1 DAGs
[2023-03-06T19:06:08.233+0000] {logging_mixin.py:137} INFO - [2023-03-06T19:06:08.232+0000] {dag.py:3441} INFO - Setting next_dagrun for example_short_circuit_operator to 2023-03-05T19:06:08.232604+00:00, run_after=2023-03-06T19:06:08.232604+00:00
[2023-03-06T19:06:08.272+0000] {processor.py:175} INFO - Processing /home/airflow/.local/lib/python3.7/site-packages/airflow/example_dags/example_short_circuit_operator.py took 0.223 seconds
[2023-03-06T19:07:27.723+0000] {processor.py:153} INFO - Started process (PID=2271) to work on /home/airflow/.local/lib/python3.7/site-packages/airflow/example_dags/example_short_circuit_operator.py
[2023-03-06T19:07:27.734+0000] {processor.py:743} INFO - Processing file /home/airflow/.local/lib/python3.7/site-packages/airflow/example_dags/example_short_circuit_operator.py for tasks to queue
[2023-03-06T19:07:27.745+0000] {logging_mixin.py:137} INFO - [2023-03-06T19:07:27.743+0000] {dagbag.py:538} INFO - Filling up the DagBag from /home/airflow/.local/lib/python3.7/site-packages/airflow/example_dags/example_short_circuit_operator.py
[2023-03-06T19:07:27.927+0000] {processor.py:753} INFO - DAG(s) dict_keys(['example_short_circuit_operator']) retrieved from /home/airflow/.local/lib/python3.7/site-packages/airflow/example_dags/example_short_circuit_operator.py
[2023-03-06T19:07:28.854+0000] {logging_mixin.py:137} INFO - [2023-03-06T19:07:28.853+0000] {dag.py:2690} INFO - Sync 1 DAGs
[2023-03-06T19:07:29.424+0000] {logging_mixin.py:137} INFO - [2023-03-06T19:07:29.423+0000] {dag.py:3441} INFO - Setting next_dagrun for example_short_circuit_operator to 2023-03-05T19:07:29.422996+00:00, run_after=2023-03-06T19:07:29.422996+00:00
[2023-03-06T19:07:29.512+0000] {processor.py:175} INFO - Processing /home/airflow/.local/lib/python3.7/site-packages/airflow/example_dags/example_short_circuit_operator.py took 1.810 seconds
[2023-03-06T19:08:04.411+0000] {processor.py:153} INFO - Started process (PID=2321) to work on /home/airflow/.local/lib/python3.7/site-packages/airflow/example_dags/example_short_circuit_operator.py
[2023-03-06T19:08:04.420+0000] {processor.py:743} INFO - Processing file /home/airflow/.local/lib/python3.7/site-packages/airflow/example_dags/example_short_circuit_operator.py for tasks to queue
[2023-03-06T19:08:04.425+0000] {logging_mixin.py:137} INFO - [2023-03-06T19:08:04.424+0000] {dagbag.py:538} INFO - Filling up the DagBag from /home/airflow/.local/lib/python3.7/site-packages/airflow/example_dags/example_short_circuit_operator.py
[2023-03-06T19:08:04.510+0000] {processor.py:753} INFO - DAG(s) dict_keys(['example_short_circuit_operator']) retrieved from /home/airflow/.local/lib/python3.7/site-packages/airflow/example_dags/example_short_circuit_operator.py
[2023-03-06T19:08:04.604+0000] {logging_mixin.py:137} INFO - [2023-03-06T19:08:04.604+0000] {dag.py:2690} INFO - Sync 1 DAGs
[2023-03-06T19:08:04.728+0000] {logging_mixin.py:137} INFO - [2023-03-06T19:08:04.728+0000] {dag.py:3441} INFO - Setting next_dagrun for example_short_circuit_operator to 2023-03-05T19:08:04.727204+00:00, run_after=2023-03-06T19:08:04.727204+00:00
[2023-03-06T19:08:04.824+0000] {processor.py:175} INFO - Processing /home/airflow/.local/lib/python3.7/site-packages/airflow/example_dags/example_short_circuit_operator.py took 0.434 seconds
[2023-03-06T19:08:36.012+0000] {processor.py:153} INFO - Started process (PID=2384) to work on /home/airflow/.local/lib/python3.7/site-packages/airflow/example_dags/example_short_circuit_operator.py
[2023-03-06T19:08:36.016+0000] {processor.py:743} INFO - Processing file /home/airflow/.local/lib/python3.7/site-packages/airflow/example_dags/example_short_circuit_operator.py for tasks to queue
[2023-03-06T19:08:36.020+0000] {logging_mixin.py:137} INFO - [2023-03-06T19:08:36.020+0000] {dagbag.py:538} INFO - Filling up the DagBag from /home/airflow/.local/lib/python3.7/site-packages/airflow/example_dags/example_short_circuit_operator.py
[2023-03-06T19:08:36.058+0000] {processor.py:753} INFO - DAG(s) dict_keys(['example_short_circuit_operator']) retrieved from /home/airflow/.local/lib/python3.7/site-packages/airflow/example_dags/example_short_circuit_operator.py
[2023-03-06T19:08:36.127+0000] {logging_mixin.py:137} INFO - [2023-03-06T19:08:36.126+0000] {dag.py:2690} INFO - Sync 1 DAGs
[2023-03-06T19:08:36.195+0000] {logging_mixin.py:137} INFO - [2023-03-06T19:08:36.195+0000] {dag.py:3441} INFO - Setting next_dagrun for example_short_circuit_operator to 2023-03-05T19:08:36.194346+00:00, run_after=2023-03-06T19:08:36.194346+00:00
[2023-03-06T19:08:36.250+0000] {processor.py:175} INFO - Processing /home/airflow/.local/lib/python3.7/site-packages/airflow/example_dags/example_short_circuit_operator.py took 0.245 seconds
[2023-03-06T19:09:12.236+0000] {processor.py:153} INFO - Started process (PID=2450) to work on /home/airflow/.local/lib/python3.7/site-packages/airflow/example_dags/example_short_circuit_operator.py
[2023-03-06T19:09:12.253+0000] {processor.py:743} INFO - Processing file /home/airflow/.local/lib/python3.7/site-packages/airflow/example_dags/example_short_circuit_operator.py for tasks to queue
[2023-03-06T19:09:12.261+0000] {logging_mixin.py:137} INFO - [2023-03-06T19:09:12.260+0000] {dagbag.py:538} INFO - Filling up the DagBag from /home/airflow/.local/lib/python3.7/site-packages/airflow/example_dags/example_short_circuit_operator.py
[2023-03-06T19:09:12.331+0000] {processor.py:753} INFO - DAG(s) dict_keys(['example_short_circuit_operator']) retrieved from /home/airflow/.local/lib/python3.7/site-packages/airflow/example_dags/example_short_circuit_operator.py
[2023-03-06T19:09:12.471+0000] {logging_mixin.py:137} INFO - [2023-03-06T19:09:12.470+0000] {dag.py:2690} INFO - Sync 1 DAGs
[2023-03-06T19:09:12.737+0000] {logging_mixin.py:137} INFO - [2023-03-06T19:09:12.737+0000] {dag.py:3441} INFO - Setting next_dagrun for example_short_circuit_operator to 2023-03-05T19:09:12.736695+00:00, run_after=2023-03-06T19:09:12.736695+00:00
[2023-03-06T19:09:12.832+0000] {processor.py:175} INFO - Processing /home/airflow/.local/lib/python3.7/site-packages/airflow/example_dags/example_short_circuit_operator.py took 0.617 seconds
[2023-03-06T19:09:43.089+0000] {processor.py:153} INFO - Started process (PID=2518) to work on /home/airflow/.local/lib/python3.7/site-packages/airflow/example_dags/example_short_circuit_operator.py
[2023-03-06T19:09:43.095+0000] {processor.py:743} INFO - Processing file /home/airflow/.local/lib/python3.7/site-packages/airflow/example_dags/example_short_circuit_operator.py for tasks to queue
[2023-03-06T19:09:43.100+0000] {logging_mixin.py:137} INFO - [2023-03-06T19:09:43.099+0000] {dagbag.py:538} INFO - Filling up the DagBag from /home/airflow/.local/lib/python3.7/site-packages/airflow/example_dags/example_short_circuit_operator.py
[2023-03-06T19:09:43.161+0000] {processor.py:753} INFO - DAG(s) dict_keys(['example_short_circuit_operator']) retrieved from /home/airflow/.local/lib/python3.7/site-packages/airflow/example_dags/example_short_circuit_operator.py
[2023-03-06T19:09:43.256+0000] {logging_mixin.py:137} INFO - [2023-03-06T19:09:43.255+0000] {dag.py:2690} INFO - Sync 1 DAGs
[2023-03-06T19:09:43.344+0000] {logging_mixin.py:137} INFO - [2023-03-06T19:09:43.344+0000] {dag.py:3441} INFO - Setting next_dagrun for example_short_circuit_operator to 2023-03-05T19:09:43.343845+00:00, run_after=2023-03-06T19:09:43.343845+00:00
[2023-03-06T19:09:43.429+0000] {processor.py:175} INFO - Processing /home/airflow/.local/lib/python3.7/site-packages/airflow/example_dags/example_short_circuit_operator.py took 0.355 seconds
[2023-03-06T19:10:17.086+0000] {processor.py:153} INFO - Started process (PID=2585) to work on /home/airflow/.local/lib/python3.7/site-packages/airflow/example_dags/example_short_circuit_operator.py
[2023-03-06T19:10:17.101+0000] {processor.py:743} INFO - Processing file /home/airflow/.local/lib/python3.7/site-packages/airflow/example_dags/example_short_circuit_operator.py for tasks to queue
[2023-03-06T19:10:17.104+0000] {logging_mixin.py:137} INFO - [2023-03-06T19:10:17.103+0000] {dagbag.py:538} INFO - Filling up the DagBag from /home/airflow/.local/lib/python3.7/site-packages/airflow/example_dags/example_short_circuit_operator.py
[2023-03-06T19:10:17.163+0000] {processor.py:753} INFO - DAG(s) dict_keys(['example_short_circuit_operator']) retrieved from /home/airflow/.local/lib/python3.7/site-packages/airflow/example_dags/example_short_circuit_operator.py
[2023-03-06T19:10:17.255+0000] {logging_mixin.py:137} INFO - [2023-03-06T19:10:17.255+0000] {dag.py:2690} INFO - Sync 1 DAGs
[2023-03-06T19:10:17.335+0000] {logging_mixin.py:137} INFO - [2023-03-06T19:10:17.334+0000] {dag.py:3441} INFO - Setting next_dagrun for example_short_circuit_operator to 2023-03-05T19:10:17.334457+00:00, run_after=2023-03-06T19:10:17.334457+00:00
[2023-03-06T19:10:17.395+0000] {processor.py:175} INFO - Processing /home/airflow/.local/lib/python3.7/site-packages/airflow/example_dags/example_short_circuit_operator.py took 0.320 seconds
[2023-03-06T19:10:47.705+0000] {processor.py:153} INFO - Started process (PID=2640) to work on /home/airflow/.local/lib/python3.7/site-packages/airflow/example_dags/example_short_circuit_operator.py
[2023-03-06T19:10:47.711+0000] {processor.py:743} INFO - Processing file /home/airflow/.local/lib/python3.7/site-packages/airflow/example_dags/example_short_circuit_operator.py for tasks to queue
[2023-03-06T19:10:47.714+0000] {logging_mixin.py:137} INFO - [2023-03-06T19:10:47.714+0000] {dagbag.py:538} INFO - Filling up the DagBag from /home/airflow/.local/lib/python3.7/site-packages/airflow/example_dags/example_short_circuit_operator.py
[2023-03-06T19:10:47.764+0000] {processor.py:753} INFO - DAG(s) dict_keys(['example_short_circuit_operator']) retrieved from /home/airflow/.local/lib/python3.7/site-packages/airflow/example_dags/example_short_circuit_operator.py
[2023-03-06T19:10:47.820+0000] {logging_mixin.py:137} INFO - [2023-03-06T19:10:47.820+0000] {dag.py:2690} INFO - Sync 1 DAGs
[2023-03-06T19:10:47.894+0000] {logging_mixin.py:137} INFO - [2023-03-06T19:10:47.894+0000] {dag.py:3441} INFO - Setting next_dagrun for example_short_circuit_operator to 2023-03-05T19:10:47.893554+00:00, run_after=2023-03-06T19:10:47.893554+00:00
[2023-03-06T19:10:47.936+0000] {processor.py:175} INFO - Processing /home/airflow/.local/lib/python3.7/site-packages/airflow/example_dags/example_short_circuit_operator.py took 0.241 seconds
[2023-03-06T19:11:18.771+0000] {processor.py:153} INFO - Started process (PID=2707) to work on /home/airflow/.local/lib/python3.7/site-packages/airflow/example_dags/example_short_circuit_operator.py
[2023-03-06T19:11:18.777+0000] {processor.py:743} INFO - Processing file /home/airflow/.local/lib/python3.7/site-packages/airflow/example_dags/example_short_circuit_operator.py for tasks to queue
[2023-03-06T19:11:18.783+0000] {logging_mixin.py:137} INFO - [2023-03-06T19:11:18.783+0000] {dagbag.py:538} INFO - Filling up the DagBag from /home/airflow/.local/lib/python3.7/site-packages/airflow/example_dags/example_short_circuit_operator.py
[2023-03-06T19:11:18.844+0000] {processor.py:753} INFO - DAG(s) dict_keys(['example_short_circuit_operator']) retrieved from /home/airflow/.local/lib/python3.7/site-packages/airflow/example_dags/example_short_circuit_operator.py
[2023-03-06T19:11:18.926+0000] {logging_mixin.py:137} INFO - [2023-03-06T19:11:18.925+0000] {dag.py:2690} INFO - Sync 1 DAGs
[2023-03-06T19:11:19.004+0000] {logging_mixin.py:137} INFO - [2023-03-06T19:11:19.004+0000] {dag.py:3441} INFO - Setting next_dagrun for example_short_circuit_operator to 2023-03-05T19:11:19.003466+00:00, run_after=2023-03-06T19:11:19.003466+00:00
[2023-03-06T19:11:19.064+0000] {processor.py:175} INFO - Processing /home/airflow/.local/lib/python3.7/site-packages/airflow/example_dags/example_short_circuit_operator.py took 0.301 seconds
[2023-03-06T19:11:49.238+0000] {processor.py:153} INFO - Started process (PID=2772) to work on /home/airflow/.local/lib/python3.7/site-packages/airflow/example_dags/example_short_circuit_operator.py
[2023-03-06T19:11:49.249+0000] {processor.py:743} INFO - Processing file /home/airflow/.local/lib/python3.7/site-packages/airflow/example_dags/example_short_circuit_operator.py for tasks to queue
[2023-03-06T19:11:49.253+0000] {logging_mixin.py:137} INFO - [2023-03-06T19:11:49.253+0000] {dagbag.py:538} INFO - Filling up the DagBag from /home/airflow/.local/lib/python3.7/site-packages/airflow/example_dags/example_short_circuit_operator.py
[2023-03-06T19:11:49.379+0000] {processor.py:753} INFO - DAG(s) dict_keys(['example_short_circuit_operator']) retrieved from /home/airflow/.local/lib/python3.7/site-packages/airflow/example_dags/example_short_circuit_operator.py
[2023-03-06T19:11:49.451+0000] {logging_mixin.py:137} INFO - [2023-03-06T19:11:49.451+0000] {dag.py:2690} INFO - Sync 1 DAGs
[2023-03-06T19:11:49.513+0000] {logging_mixin.py:137} INFO - [2023-03-06T19:11:49.513+0000] {dag.py:3441} INFO - Setting next_dagrun for example_short_circuit_operator to 2023-03-05T19:11:49.512660+00:00, run_after=2023-03-06T19:11:49.512660+00:00
[2023-03-06T19:11:49.555+0000] {processor.py:175} INFO - Processing /home/airflow/.local/lib/python3.7/site-packages/airflow/example_dags/example_short_circuit_operator.py took 0.330 seconds
