[2023-03-06T17:08:28.290+0000] {processor.py:153} INFO - Started process (PID=74) to work on /home/airflow/.local/lib/python3.7/site-packages/airflow/example_dags/example_branch_day_of_week_operator.py
[2023-03-06T17:08:28.296+0000] {processor.py:743} INFO - Processing file /home/airflow/.local/lib/python3.7/site-packages/airflow/example_dags/example_branch_day_of_week_operator.py for tasks to queue
[2023-03-06T17:08:28.301+0000] {logging_mixin.py:137} INFO - [2023-03-06T17:08:28.300+0000] {dagbag.py:538} INFO - Filling up the DagBag from /home/airflow/.local/lib/python3.7/site-packages/airflow/example_dags/example_branch_day_of_week_operator.py
[2023-03-06T17:08:28.336+0000] {processor.py:753} INFO - DAG(s) dict_keys(['example_weekday_branch_operator']) retrieved from /home/airflow/.local/lib/python3.7/site-packages/airflow/example_dags/example_branch_day_of_week_operator.py
[2023-03-06T17:08:28.441+0000] {logging_mixin.py:137} INFO - [2023-03-06T17:08:28.441+0000] {dag.py:2690} INFO - Sync 1 DAGs
[2023-03-06T17:08:28.561+0000] {logging_mixin.py:137} INFO - [2023-03-06T17:08:28.561+0000] {dag.py:3441} INFO - Setting next_dagrun for example_weekday_branch_operator to 2023-03-05T00:00:00+00:00, run_after=2023-03-06T00:00:00+00:00
[2023-03-06T17:08:28.660+0000] {processor.py:175} INFO - Processing /home/airflow/.local/lib/python3.7/site-packages/airflow/example_dags/example_branch_day_of_week_operator.py took 0.382 seconds
[2023-03-06T17:09:00.312+0000] {processor.py:153} INFO - Started process (PID=140) to work on /home/airflow/.local/lib/python3.7/site-packages/airflow/example_dags/example_branch_day_of_week_operator.py
[2023-03-06T17:09:00.317+0000] {processor.py:743} INFO - Processing file /home/airflow/.local/lib/python3.7/site-packages/airflow/example_dags/example_branch_day_of_week_operator.py for tasks to queue
[2023-03-06T17:09:00.321+0000] {logging_mixin.py:137} INFO - [2023-03-06T17:09:00.321+0000] {dagbag.py:538} INFO - Filling up the DagBag from /home/airflow/.local/lib/python3.7/site-packages/airflow/example_dags/example_branch_day_of_week_operator.py
[2023-03-06T17:09:00.379+0000] {processor.py:753} INFO - DAG(s) dict_keys(['example_weekday_branch_operator']) retrieved from /home/airflow/.local/lib/python3.7/site-packages/airflow/example_dags/example_branch_day_of_week_operator.py
[2023-03-06T17:09:00.447+0000] {logging_mixin.py:137} INFO - [2023-03-06T17:09:00.447+0000] {dag.py:2690} INFO - Sync 1 DAGs
[2023-03-06T17:09:00.504+0000] {logging_mixin.py:137} INFO - [2023-03-06T17:09:00.504+0000] {dag.py:3441} INFO - Setting next_dagrun for example_weekday_branch_operator to 2023-03-05T00:00:00+00:00, run_after=2023-03-06T00:00:00+00:00
[2023-03-06T17:09:00.547+0000] {processor.py:175} INFO - Processing /home/airflow/.local/lib/python3.7/site-packages/airflow/example_dags/example_branch_day_of_week_operator.py took 0.242 seconds
[2023-03-06T17:09:31.983+0000] {processor.py:153} INFO - Started process (PID=206) to work on /home/airflow/.local/lib/python3.7/site-packages/airflow/example_dags/example_branch_day_of_week_operator.py
[2023-03-06T17:09:31.990+0000] {processor.py:743} INFO - Processing file /home/airflow/.local/lib/python3.7/site-packages/airflow/example_dags/example_branch_day_of_week_operator.py for tasks to queue
[2023-03-06T17:09:31.995+0000] {logging_mixin.py:137} INFO - [2023-03-06T17:09:31.994+0000] {dagbag.py:538} INFO - Filling up the DagBag from /home/airflow/.local/lib/python3.7/site-packages/airflow/example_dags/example_branch_day_of_week_operator.py
[2023-03-06T17:09:32.063+0000] {processor.py:753} INFO - DAG(s) dict_keys(['example_weekday_branch_operator']) retrieved from /home/airflow/.local/lib/python3.7/site-packages/airflow/example_dags/example_branch_day_of_week_operator.py
[2023-03-06T17:09:32.224+0000] {logging_mixin.py:137} INFO - [2023-03-06T17:09:32.224+0000] {dag.py:2690} INFO - Sync 1 DAGs
[2023-03-06T17:09:32.411+0000] {logging_mixin.py:137} INFO - [2023-03-06T17:09:32.410+0000] {dag.py:3441} INFO - Setting next_dagrun for example_weekday_branch_operator to 2023-03-05T00:00:00+00:00, run_after=2023-03-06T00:00:00+00:00
[2023-03-06T17:09:32.528+0000] {processor.py:175} INFO - Processing /home/airflow/.local/lib/python3.7/site-packages/airflow/example_dags/example_branch_day_of_week_operator.py took 0.558 seconds
[2023-03-06T17:10:08.506+0000] {processor.py:153} INFO - Started process (PID=272) to work on /home/airflow/.local/lib/python3.7/site-packages/airflow/example_dags/example_branch_day_of_week_operator.py
[2023-03-06T17:10:08.510+0000] {processor.py:743} INFO - Processing file /home/airflow/.local/lib/python3.7/site-packages/airflow/example_dags/example_branch_day_of_week_operator.py for tasks to queue
[2023-03-06T17:10:08.515+0000] {logging_mixin.py:137} INFO - [2023-03-06T17:10:08.515+0000] {dagbag.py:538} INFO - Filling up the DagBag from /home/airflow/.local/lib/python3.7/site-packages/airflow/example_dags/example_branch_day_of_week_operator.py
[2023-03-06T17:10:08.569+0000] {processor.py:753} INFO - DAG(s) dict_keys(['example_weekday_branch_operator']) retrieved from /home/airflow/.local/lib/python3.7/site-packages/airflow/example_dags/example_branch_day_of_week_operator.py
[2023-03-06T17:10:08.638+0000] {logging_mixin.py:137} INFO - [2023-03-06T17:10:08.638+0000] {dag.py:2690} INFO - Sync 1 DAGs
[2023-03-06T17:10:08.715+0000] {logging_mixin.py:137} INFO - [2023-03-06T17:10:08.715+0000] {dag.py:3441} INFO - Setting next_dagrun for example_weekday_branch_operator to 2023-03-05T00:00:00+00:00, run_after=2023-03-06T00:00:00+00:00
[2023-03-06T17:10:08.790+0000] {processor.py:175} INFO - Processing /home/airflow/.local/lib/python3.7/site-packages/airflow/example_dags/example_branch_day_of_week_operator.py took 0.293 seconds
[2023-03-06T17:10:43.521+0000] {processor.py:153} INFO - Started process (PID=338) to work on /home/airflow/.local/lib/python3.7/site-packages/airflow/example_dags/example_branch_day_of_week_operator.py
[2023-03-06T17:10:43.524+0000] {processor.py:743} INFO - Processing file /home/airflow/.local/lib/python3.7/site-packages/airflow/example_dags/example_branch_day_of_week_operator.py for tasks to queue
[2023-03-06T17:10:43.528+0000] {logging_mixin.py:137} INFO - [2023-03-06T17:10:43.527+0000] {dagbag.py:538} INFO - Filling up the DagBag from /home/airflow/.local/lib/python3.7/site-packages/airflow/example_dags/example_branch_day_of_week_operator.py
[2023-03-06T17:10:43.572+0000] {processor.py:753} INFO - DAG(s) dict_keys(['example_weekday_branch_operator']) retrieved from /home/airflow/.local/lib/python3.7/site-packages/airflow/example_dags/example_branch_day_of_week_operator.py
[2023-03-06T17:10:43.660+0000] {logging_mixin.py:137} INFO - [2023-03-06T17:10:43.660+0000] {dag.py:2690} INFO - Sync 1 DAGs
[2023-03-06T17:10:43.739+0000] {logging_mixin.py:137} INFO - [2023-03-06T17:10:43.739+0000] {dag.py:3441} INFO - Setting next_dagrun for example_weekday_branch_operator to 2023-03-05T00:00:00+00:00, run_after=2023-03-06T00:00:00+00:00
[2023-03-06T17:10:43.818+0000] {processor.py:175} INFO - Processing /home/airflow/.local/lib/python3.7/site-packages/airflow/example_dags/example_branch_day_of_week_operator.py took 0.308 seconds
[2023-03-06T17:11:19.409+0000] {processor.py:153} INFO - Started process (PID=404) to work on /home/airflow/.local/lib/python3.7/site-packages/airflow/example_dags/example_branch_day_of_week_operator.py
[2023-03-06T17:11:19.460+0000] {processor.py:743} INFO - Processing file /home/airflow/.local/lib/python3.7/site-packages/airflow/example_dags/example_branch_day_of_week_operator.py for tasks to queue
[2023-03-06T17:11:19.589+0000] {logging_mixin.py:137} INFO - [2023-03-06T17:11:19.577+0000] {dagbag.py:538} INFO - Filling up the DagBag from /home/airflow/.local/lib/python3.7/site-packages/airflow/example_dags/example_branch_day_of_week_operator.py
[2023-03-06T17:11:19.748+0000] {processor.py:753} INFO - DAG(s) dict_keys(['example_weekday_branch_operator']) retrieved from /home/airflow/.local/lib/python3.7/site-packages/airflow/example_dags/example_branch_day_of_week_operator.py
[2023-03-06T17:11:19.886+0000] {logging_mixin.py:137} INFO - [2023-03-06T17:11:19.885+0000] {dag.py:2690} INFO - Sync 1 DAGs
[2023-03-06T17:11:20.016+0000] {logging_mixin.py:137} INFO - [2023-03-06T17:11:20.016+0000] {dag.py:3441} INFO - Setting next_dagrun for example_weekday_branch_operator to 2023-03-05T00:00:00+00:00, run_after=2023-03-06T00:00:00+00:00
[2023-03-06T17:11:20.122+0000] {processor.py:175} INFO - Processing /home/airflow/.local/lib/python3.7/site-packages/airflow/example_dags/example_branch_day_of_week_operator.py took 0.778 seconds
[2023-03-06T17:11:54.684+0000] {processor.py:153} INFO - Started process (PID=483) to work on /home/airflow/.local/lib/python3.7/site-packages/airflow/example_dags/example_branch_day_of_week_operator.py
[2023-03-06T17:11:54.686+0000] {processor.py:743} INFO - Processing file /home/airflow/.local/lib/python3.7/site-packages/airflow/example_dags/example_branch_day_of_week_operator.py for tasks to queue
[2023-03-06T17:11:54.689+0000] {logging_mixin.py:137} INFO - [2023-03-06T17:11:54.688+0000] {dagbag.py:538} INFO - Filling up the DagBag from /home/airflow/.local/lib/python3.7/site-packages/airflow/example_dags/example_branch_day_of_week_operator.py
[2023-03-06T17:11:54.716+0000] {processor.py:753} INFO - DAG(s) dict_keys(['example_weekday_branch_operator']) retrieved from /home/airflow/.local/lib/python3.7/site-packages/airflow/example_dags/example_branch_day_of_week_operator.py
[2023-03-06T17:11:54.763+0000] {logging_mixin.py:137} INFO - [2023-03-06T17:11:54.763+0000] {dag.py:2690} INFO - Sync 1 DAGs
[2023-03-06T17:11:54.806+0000] {logging_mixin.py:137} INFO - [2023-03-06T17:11:54.806+0000] {dag.py:3441} INFO - Setting next_dagrun for example_weekday_branch_operator to 2023-03-05T00:00:00+00:00, run_after=2023-03-06T00:00:00+00:00
[2023-03-06T17:11:54.838+0000] {processor.py:175} INFO - Processing /home/airflow/.local/lib/python3.7/site-packages/airflow/example_dags/example_branch_day_of_week_operator.py took 0.160 seconds
[2023-03-06T17:12:25.349+0000] {processor.py:153} INFO - Started process (PID=548) to work on /home/airflow/.local/lib/python3.7/site-packages/airflow/example_dags/example_branch_day_of_week_operator.py
[2023-03-06T17:12:25.352+0000] {processor.py:743} INFO - Processing file /home/airflow/.local/lib/python3.7/site-packages/airflow/example_dags/example_branch_day_of_week_operator.py for tasks to queue
[2023-03-06T17:12:25.356+0000] {logging_mixin.py:137} INFO - [2023-03-06T17:12:25.355+0000] {dagbag.py:538} INFO - Filling up the DagBag from /home/airflow/.local/lib/python3.7/site-packages/airflow/example_dags/example_branch_day_of_week_operator.py
[2023-03-06T17:12:25.385+0000] {processor.py:753} INFO - DAG(s) dict_keys(['example_weekday_branch_operator']) retrieved from /home/airflow/.local/lib/python3.7/site-packages/airflow/example_dags/example_branch_day_of_week_operator.py
[2023-03-06T17:12:25.437+0000] {logging_mixin.py:137} INFO - [2023-03-06T17:12:25.436+0000] {dag.py:2690} INFO - Sync 1 DAGs
[2023-03-06T17:12:25.479+0000] {logging_mixin.py:137} INFO - [2023-03-06T17:12:25.479+0000] {dag.py:3441} INFO - Setting next_dagrun for example_weekday_branch_operator to 2023-03-05T00:00:00+00:00, run_after=2023-03-06T00:00:00+00:00
[2023-03-06T17:12:25.507+0000] {processor.py:175} INFO - Processing /home/airflow/.local/lib/python3.7/site-packages/airflow/example_dags/example_branch_day_of_week_operator.py took 0.164 seconds
[2023-03-06T17:12:55.894+0000] {processor.py:153} INFO - Started process (PID=613) to work on /home/airflow/.local/lib/python3.7/site-packages/airflow/example_dags/example_branch_day_of_week_operator.py
[2023-03-06T17:12:55.898+0000] {processor.py:743} INFO - Processing file /home/airflow/.local/lib/python3.7/site-packages/airflow/example_dags/example_branch_day_of_week_operator.py for tasks to queue
[2023-03-06T17:12:55.901+0000] {logging_mixin.py:137} INFO - [2023-03-06T17:12:55.901+0000] {dagbag.py:538} INFO - Filling up the DagBag from /home/airflow/.local/lib/python3.7/site-packages/airflow/example_dags/example_branch_day_of_week_operator.py
[2023-03-06T17:12:55.937+0000] {processor.py:753} INFO - DAG(s) dict_keys(['example_weekday_branch_operator']) retrieved from /home/airflow/.local/lib/python3.7/site-packages/airflow/example_dags/example_branch_day_of_week_operator.py
[2023-03-06T17:12:56.049+0000] {logging_mixin.py:137} INFO - [2023-03-06T17:12:56.049+0000] {dag.py:2690} INFO - Sync 1 DAGs
[2023-03-06T17:12:56.115+0000] {logging_mixin.py:137} INFO - [2023-03-06T17:12:56.114+0000] {dag.py:3441} INFO - Setting next_dagrun for example_weekday_branch_operator to 2023-03-05T00:00:00+00:00, run_after=2023-03-06T00:00:00+00:00
[2023-03-06T17:12:56.149+0000] {processor.py:175} INFO - Processing /home/airflow/.local/lib/python3.7/site-packages/airflow/example_dags/example_branch_day_of_week_operator.py took 0.264 seconds
[2023-03-06T17:13:26.364+0000] {processor.py:153} INFO - Started process (PID=680) to work on /home/airflow/.local/lib/python3.7/site-packages/airflow/example_dags/example_branch_day_of_week_operator.py
[2023-03-06T17:13:26.369+0000] {processor.py:743} INFO - Processing file /home/airflow/.local/lib/python3.7/site-packages/airflow/example_dags/example_branch_day_of_week_operator.py for tasks to queue
[2023-03-06T17:13:26.373+0000] {logging_mixin.py:137} INFO - [2023-03-06T17:13:26.372+0000] {dagbag.py:538} INFO - Filling up the DagBag from /home/airflow/.local/lib/python3.7/site-packages/airflow/example_dags/example_branch_day_of_week_operator.py
[2023-03-06T17:13:26.406+0000] {processor.py:753} INFO - DAG(s) dict_keys(['example_weekday_branch_operator']) retrieved from /home/airflow/.local/lib/python3.7/site-packages/airflow/example_dags/example_branch_day_of_week_operator.py
[2023-03-06T17:13:26.465+0000] {logging_mixin.py:137} INFO - [2023-03-06T17:13:26.465+0000] {dag.py:2690} INFO - Sync 1 DAGs
[2023-03-06T17:13:26.541+0000] {logging_mixin.py:137} INFO - [2023-03-06T17:13:26.540+0000] {dag.py:3441} INFO - Setting next_dagrun for example_weekday_branch_operator to 2023-03-05T00:00:00+00:00, run_after=2023-03-06T00:00:00+00:00
[2023-03-06T17:13:26.592+0000] {processor.py:175} INFO - Processing /home/airflow/.local/lib/python3.7/site-packages/airflow/example_dags/example_branch_day_of_week_operator.py took 0.238 seconds
[2023-03-06T18:50:16.745+0000] {processor.py:153} INFO - Started process (PID=62) to work on /home/airflow/.local/lib/python3.7/site-packages/airflow/example_dags/example_branch_day_of_week_operator.py
[2023-03-06T18:50:16.749+0000] {processor.py:743} INFO - Processing file /home/airflow/.local/lib/python3.7/site-packages/airflow/example_dags/example_branch_day_of_week_operator.py for tasks to queue
[2023-03-06T18:50:16.754+0000] {logging_mixin.py:137} INFO - [2023-03-06T18:50:16.753+0000] {dagbag.py:538} INFO - Filling up the DagBag from /home/airflow/.local/lib/python3.7/site-packages/airflow/example_dags/example_branch_day_of_week_operator.py
[2023-03-06T18:50:16.792+0000] {processor.py:753} INFO - DAG(s) dict_keys(['example_weekday_branch_operator']) retrieved from /home/airflow/.local/lib/python3.7/site-packages/airflow/example_dags/example_branch_day_of_week_operator.py
[2023-03-06T18:50:16.890+0000] {logging_mixin.py:137} INFO - [2023-03-06T18:50:16.890+0000] {dag.py:2690} INFO - Sync 1 DAGs
[2023-03-06T18:50:16.968+0000] {logging_mixin.py:137} INFO - [2023-03-06T18:50:16.967+0000] {dag.py:3441} INFO - Setting next_dagrun for example_weekday_branch_operator to 2023-03-05T00:00:00+00:00, run_after=2023-03-06T00:00:00+00:00
[2023-03-06T18:50:17.012+0000] {processor.py:175} INFO - Processing /home/airflow/.local/lib/python3.7/site-packages/airflow/example_dags/example_branch_day_of_week_operator.py took 0.274 seconds
[2023-03-06T18:50:47.141+0000] {processor.py:153} INFO - Started process (PID=128) to work on /home/airflow/.local/lib/python3.7/site-packages/airflow/example_dags/example_branch_day_of_week_operator.py
[2023-03-06T18:50:47.144+0000] {processor.py:743} INFO - Processing file /home/airflow/.local/lib/python3.7/site-packages/airflow/example_dags/example_branch_day_of_week_operator.py for tasks to queue
[2023-03-06T18:50:47.147+0000] {logging_mixin.py:137} INFO - [2023-03-06T18:50:47.147+0000] {dagbag.py:538} INFO - Filling up the DagBag from /home/airflow/.local/lib/python3.7/site-packages/airflow/example_dags/example_branch_day_of_week_operator.py
[2023-03-06T18:50:47.174+0000] {processor.py:753} INFO - DAG(s) dict_keys(['example_weekday_branch_operator']) retrieved from /home/airflow/.local/lib/python3.7/site-packages/airflow/example_dags/example_branch_day_of_week_operator.py
[2023-03-06T18:50:47.223+0000] {logging_mixin.py:137} INFO - [2023-03-06T18:50:47.223+0000] {dag.py:2690} INFO - Sync 1 DAGs
[2023-03-06T18:50:47.272+0000] {logging_mixin.py:137} INFO - [2023-03-06T18:50:47.272+0000] {dag.py:3441} INFO - Setting next_dagrun for example_weekday_branch_operator to 2023-03-05T00:00:00+00:00, run_after=2023-03-06T00:00:00+00:00
[2023-03-06T18:50:47.308+0000] {processor.py:175} INFO - Processing /home/airflow/.local/lib/python3.7/site-packages/airflow/example_dags/example_branch_day_of_week_operator.py took 0.172 seconds
[2023-03-06T18:51:18.563+0000] {processor.py:153} INFO - Started process (PID=202) to work on /home/airflow/.local/lib/python3.7/site-packages/airflow/example_dags/example_branch_day_of_week_operator.py
[2023-03-06T18:51:18.569+0000] {processor.py:743} INFO - Processing file /home/airflow/.local/lib/python3.7/site-packages/airflow/example_dags/example_branch_day_of_week_operator.py for tasks to queue
[2023-03-06T18:51:18.582+0000] {logging_mixin.py:137} INFO - [2023-03-06T18:51:18.581+0000] {dagbag.py:538} INFO - Filling up the DagBag from /home/airflow/.local/lib/python3.7/site-packages/airflow/example_dags/example_branch_day_of_week_operator.py
[2023-03-06T18:51:18.618+0000] {processor.py:753} INFO - DAG(s) dict_keys(['example_weekday_branch_operator']) retrieved from /home/airflow/.local/lib/python3.7/site-packages/airflow/example_dags/example_branch_day_of_week_operator.py
[2023-03-06T18:51:18.682+0000] {logging_mixin.py:137} INFO - [2023-03-06T18:51:18.682+0000] {dag.py:2690} INFO - Sync 1 DAGs
[2023-03-06T18:51:18.741+0000] {logging_mixin.py:137} INFO - [2023-03-06T18:51:18.740+0000] {dag.py:3441} INFO - Setting next_dagrun for example_weekday_branch_operator to 2023-03-05T00:00:00+00:00, run_after=2023-03-06T00:00:00+00:00
[2023-03-06T18:51:18.780+0000] {processor.py:175} INFO - Processing /home/airflow/.local/lib/python3.7/site-packages/airflow/example_dags/example_branch_day_of_week_operator.py took 0.231 seconds
[2023-03-06T18:51:49.838+0000] {processor.py:153} INFO - Started process (PID=268) to work on /home/airflow/.local/lib/python3.7/site-packages/airflow/example_dags/example_branch_day_of_week_operator.py
[2023-03-06T18:51:49.843+0000] {processor.py:743} INFO - Processing file /home/airflow/.local/lib/python3.7/site-packages/airflow/example_dags/example_branch_day_of_week_operator.py for tasks to queue
[2023-03-06T18:51:49.848+0000] {logging_mixin.py:137} INFO - [2023-03-06T18:51:49.847+0000] {dagbag.py:538} INFO - Filling up the DagBag from /home/airflow/.local/lib/python3.7/site-packages/airflow/example_dags/example_branch_day_of_week_operator.py
[2023-03-06T18:51:49.926+0000] {processor.py:753} INFO - DAG(s) dict_keys(['example_weekday_branch_operator']) retrieved from /home/airflow/.local/lib/python3.7/site-packages/airflow/example_dags/example_branch_day_of_week_operator.py
[2023-03-06T18:51:50.005+0000] {logging_mixin.py:137} INFO - [2023-03-06T18:51:50.004+0000] {dag.py:2690} INFO - Sync 1 DAGs
[2023-03-06T18:51:50.749+0000] {logging_mixin.py:137} INFO - [2023-03-06T18:51:50.748+0000] {dag.py:3441} INFO - Setting next_dagrun for example_weekday_branch_operator to 2023-03-05T00:00:00+00:00, run_after=2023-03-06T00:00:00+00:00
[2023-03-06T18:51:51.162+0000] {processor.py:175} INFO - Processing /home/airflow/.local/lib/python3.7/site-packages/airflow/example_dags/example_branch_day_of_week_operator.py took 1.344 seconds
[2023-03-06T18:52:21.693+0000] {processor.py:153} INFO - Started process (PID=339) to work on /home/airflow/.local/lib/python3.7/site-packages/airflow/example_dags/example_branch_day_of_week_operator.py
[2023-03-06T18:52:21.697+0000] {processor.py:743} INFO - Processing file /home/airflow/.local/lib/python3.7/site-packages/airflow/example_dags/example_branch_day_of_week_operator.py for tasks to queue
[2023-03-06T18:52:21.702+0000] {logging_mixin.py:137} INFO - [2023-03-06T18:52:21.702+0000] {dagbag.py:538} INFO - Filling up the DagBag from /home/airflow/.local/lib/python3.7/site-packages/airflow/example_dags/example_branch_day_of_week_operator.py
[2023-03-06T18:52:21.737+0000] {processor.py:753} INFO - DAG(s) dict_keys(['example_weekday_branch_operator']) retrieved from /home/airflow/.local/lib/python3.7/site-packages/airflow/example_dags/example_branch_day_of_week_operator.py
[2023-03-06T18:52:21.801+0000] {logging_mixin.py:137} INFO - [2023-03-06T18:52:21.801+0000] {dag.py:2690} INFO - Sync 1 DAGs
[2023-03-06T18:52:21.855+0000] {logging_mixin.py:137} INFO - [2023-03-06T18:52:21.855+0000] {dag.py:3441} INFO - Setting next_dagrun for example_weekday_branch_operator to 2023-03-05T00:00:00+00:00, run_after=2023-03-06T00:00:00+00:00
[2023-03-06T18:52:21.894+0000] {processor.py:175} INFO - Processing /home/airflow/.local/lib/python3.7/site-packages/airflow/example_dags/example_branch_day_of_week_operator.py took 0.209 seconds
[2023-03-06T18:52:52.582+0000] {processor.py:153} INFO - Started process (PID=406) to work on /home/airflow/.local/lib/python3.7/site-packages/airflow/example_dags/example_branch_day_of_week_operator.py
[2023-03-06T18:52:52.589+0000] {processor.py:743} INFO - Processing file /home/airflow/.local/lib/python3.7/site-packages/airflow/example_dags/example_branch_day_of_week_operator.py for tasks to queue
[2023-03-06T18:52:52.594+0000] {logging_mixin.py:137} INFO - [2023-03-06T18:52:52.594+0000] {dagbag.py:538} INFO - Filling up the DagBag from /home/airflow/.local/lib/python3.7/site-packages/airflow/example_dags/example_branch_day_of_week_operator.py
[2023-03-06T18:52:52.639+0000] {processor.py:753} INFO - DAG(s) dict_keys(['example_weekday_branch_operator']) retrieved from /home/airflow/.local/lib/python3.7/site-packages/airflow/example_dags/example_branch_day_of_week_operator.py
[2023-03-06T18:52:52.734+0000] {logging_mixin.py:137} INFO - [2023-03-06T18:52:52.734+0000] {dag.py:2690} INFO - Sync 1 DAGs
[2023-03-06T18:52:52.928+0000] {logging_mixin.py:137} INFO - [2023-03-06T18:52:52.927+0000] {dag.py:3441} INFO - Setting next_dagrun for example_weekday_branch_operator to 2023-03-05T00:00:00+00:00, run_after=2023-03-06T00:00:00+00:00
[2023-03-06T18:52:53.028+0000] {processor.py:175} INFO - Processing /home/airflow/.local/lib/python3.7/site-packages/airflow/example_dags/example_branch_day_of_week_operator.py took 0.460 seconds
[2023-03-06T18:53:23.681+0000] {processor.py:153} INFO - Started process (PID=474) to work on /home/airflow/.local/lib/python3.7/site-packages/airflow/example_dags/example_branch_day_of_week_operator.py
[2023-03-06T18:53:23.692+0000] {processor.py:743} INFO - Processing file /home/airflow/.local/lib/python3.7/site-packages/airflow/example_dags/example_branch_day_of_week_operator.py for tasks to queue
[2023-03-06T18:53:23.698+0000] {logging_mixin.py:137} INFO - [2023-03-06T18:53:23.698+0000] {dagbag.py:538} INFO - Filling up the DagBag from /home/airflow/.local/lib/python3.7/site-packages/airflow/example_dags/example_branch_day_of_week_operator.py
[2023-03-06T18:53:23.781+0000] {processor.py:753} INFO - DAG(s) dict_keys(['example_weekday_branch_operator']) retrieved from /home/airflow/.local/lib/python3.7/site-packages/airflow/example_dags/example_branch_day_of_week_operator.py
[2023-03-06T18:53:24.092+0000] {logging_mixin.py:137} INFO - [2023-03-06T18:53:24.092+0000] {dag.py:2690} INFO - Sync 1 DAGs
[2023-03-06T18:53:24.196+0000] {logging_mixin.py:137} INFO - [2023-03-06T18:53:24.195+0000] {dag.py:3441} INFO - Setting next_dagrun for example_weekday_branch_operator to 2023-03-05T00:00:00+00:00, run_after=2023-03-06T00:00:00+00:00
[2023-03-06T18:53:24.277+0000] {processor.py:175} INFO - Processing /home/airflow/.local/lib/python3.7/site-packages/airflow/example_dags/example_branch_day_of_week_operator.py took 0.609 seconds
[2023-03-06T18:53:54.406+0000] {processor.py:153} INFO - Started process (PID=538) to work on /home/airflow/.local/lib/python3.7/site-packages/airflow/example_dags/example_branch_day_of_week_operator.py
[2023-03-06T18:53:54.410+0000] {processor.py:743} INFO - Processing file /home/airflow/.local/lib/python3.7/site-packages/airflow/example_dags/example_branch_day_of_week_operator.py for tasks to queue
[2023-03-06T18:53:54.413+0000] {logging_mixin.py:137} INFO - [2023-03-06T18:53:54.413+0000] {dagbag.py:538} INFO - Filling up the DagBag from /home/airflow/.local/lib/python3.7/site-packages/airflow/example_dags/example_branch_day_of_week_operator.py
[2023-03-06T18:53:54.444+0000] {processor.py:753} INFO - DAG(s) dict_keys(['example_weekday_branch_operator']) retrieved from /home/airflow/.local/lib/python3.7/site-packages/airflow/example_dags/example_branch_day_of_week_operator.py
[2023-03-06T18:53:54.497+0000] {logging_mixin.py:137} INFO - [2023-03-06T18:53:54.497+0000] {dag.py:2690} INFO - Sync 1 DAGs
[2023-03-06T18:53:54.546+0000] {logging_mixin.py:137} INFO - [2023-03-06T18:53:54.545+0000] {dag.py:3441} INFO - Setting next_dagrun for example_weekday_branch_operator to 2023-03-05T00:00:00+00:00, run_after=2023-03-06T00:00:00+00:00
[2023-03-06T18:53:54.605+0000] {processor.py:175} INFO - Processing /home/airflow/.local/lib/python3.7/site-packages/airflow/example_dags/example_branch_day_of_week_operator.py took 0.206 seconds
[2023-03-06T18:54:24.910+0000] {processor.py:153} INFO - Started process (PID=604) to work on /home/airflow/.local/lib/python3.7/site-packages/airflow/example_dags/example_branch_day_of_week_operator.py
[2023-03-06T18:54:24.913+0000] {processor.py:743} INFO - Processing file /home/airflow/.local/lib/python3.7/site-packages/airflow/example_dags/example_branch_day_of_week_operator.py for tasks to queue
[2023-03-06T18:54:24.916+0000] {logging_mixin.py:137} INFO - [2023-03-06T18:54:24.916+0000] {dagbag.py:538} INFO - Filling up the DagBag from /home/airflow/.local/lib/python3.7/site-packages/airflow/example_dags/example_branch_day_of_week_operator.py
[2023-03-06T18:54:24.941+0000] {processor.py:753} INFO - DAG(s) dict_keys(['example_weekday_branch_operator']) retrieved from /home/airflow/.local/lib/python3.7/site-packages/airflow/example_dags/example_branch_day_of_week_operator.py
[2023-03-06T18:54:24.979+0000] {logging_mixin.py:137} INFO - [2023-03-06T18:54:24.979+0000] {dag.py:2690} INFO - Sync 1 DAGs
[2023-03-06T18:54:25.019+0000] {logging_mixin.py:137} INFO - [2023-03-06T18:54:25.018+0000] {dag.py:3441} INFO - Setting next_dagrun for example_weekday_branch_operator to 2023-03-05T00:00:00+00:00, run_after=2023-03-06T00:00:00+00:00
[2023-03-06T18:54:25.047+0000] {processor.py:175} INFO - Processing /home/airflow/.local/lib/python3.7/site-packages/airflow/example_dags/example_branch_day_of_week_operator.py took 0.141 seconds
[2023-03-06T18:54:55.742+0000] {processor.py:153} INFO - Started process (PID=671) to work on /home/airflow/.local/lib/python3.7/site-packages/airflow/example_dags/example_branch_day_of_week_operator.py
[2023-03-06T18:54:55.746+0000] {processor.py:743} INFO - Processing file /home/airflow/.local/lib/python3.7/site-packages/airflow/example_dags/example_branch_day_of_week_operator.py for tasks to queue
[2023-03-06T18:54:55.750+0000] {logging_mixin.py:137} INFO - [2023-03-06T18:54:55.749+0000] {dagbag.py:538} INFO - Filling up the DagBag from /home/airflow/.local/lib/python3.7/site-packages/airflow/example_dags/example_branch_day_of_week_operator.py
[2023-03-06T18:54:55.800+0000] {processor.py:753} INFO - DAG(s) dict_keys(['example_weekday_branch_operator']) retrieved from /home/airflow/.local/lib/python3.7/site-packages/airflow/example_dags/example_branch_day_of_week_operator.py
[2023-03-06T18:54:55.884+0000] {logging_mixin.py:137} INFO - [2023-03-06T18:54:55.884+0000] {dag.py:2690} INFO - Sync 1 DAGs
[2023-03-06T18:54:55.944+0000] {logging_mixin.py:137} INFO - [2023-03-06T18:54:55.943+0000] {dag.py:3441} INFO - Setting next_dagrun for example_weekday_branch_operator to 2023-03-05T00:00:00+00:00, run_after=2023-03-06T00:00:00+00:00
[2023-03-06T18:54:55.996+0000] {processor.py:175} INFO - Processing /home/airflow/.local/lib/python3.7/site-packages/airflow/example_dags/example_branch_day_of_week_operator.py took 0.261 seconds
[2023-03-06T18:55:26.162+0000] {processor.py:153} INFO - Started process (PID=741) to work on /home/airflow/.local/lib/python3.7/site-packages/airflow/example_dags/example_branch_day_of_week_operator.py
[2023-03-06T18:55:26.166+0000] {processor.py:743} INFO - Processing file /home/airflow/.local/lib/python3.7/site-packages/airflow/example_dags/example_branch_day_of_week_operator.py for tasks to queue
[2023-03-06T18:55:26.169+0000] {logging_mixin.py:137} INFO - [2023-03-06T18:55:26.169+0000] {dagbag.py:538} INFO - Filling up the DagBag from /home/airflow/.local/lib/python3.7/site-packages/airflow/example_dags/example_branch_day_of_week_operator.py
[2023-03-06T18:55:26.217+0000] {processor.py:753} INFO - DAG(s) dict_keys(['example_weekday_branch_operator']) retrieved from /home/airflow/.local/lib/python3.7/site-packages/airflow/example_dags/example_branch_day_of_week_operator.py
[2023-03-06T18:55:26.287+0000] {logging_mixin.py:137} INFO - [2023-03-06T18:55:26.287+0000] {dag.py:2690} INFO - Sync 1 DAGs
[2023-03-06T18:55:26.333+0000] {logging_mixin.py:137} INFO - [2023-03-06T18:55:26.333+0000] {dag.py:3441} INFO - Setting next_dagrun for example_weekday_branch_operator to 2023-03-05T00:00:00+00:00, run_after=2023-03-06T00:00:00+00:00
[2023-03-06T18:55:26.372+0000] {processor.py:175} INFO - Processing /home/airflow/.local/lib/python3.7/site-packages/airflow/example_dags/example_branch_day_of_week_operator.py took 0.217 seconds
[2023-03-06T18:55:56.554+0000] {processor.py:153} INFO - Started process (PID=819) to work on /home/airflow/.local/lib/python3.7/site-packages/airflow/example_dags/example_branch_day_of_week_operator.py
[2023-03-06T18:55:56.556+0000] {processor.py:743} INFO - Processing file /home/airflow/.local/lib/python3.7/site-packages/airflow/example_dags/example_branch_day_of_week_operator.py for tasks to queue
[2023-03-06T18:55:56.558+0000] {logging_mixin.py:137} INFO - [2023-03-06T18:55:56.558+0000] {dagbag.py:538} INFO - Filling up the DagBag from /home/airflow/.local/lib/python3.7/site-packages/airflow/example_dags/example_branch_day_of_week_operator.py
[2023-03-06T18:55:56.588+0000] {processor.py:753} INFO - DAG(s) dict_keys(['example_weekday_branch_operator']) retrieved from /home/airflow/.local/lib/python3.7/site-packages/airflow/example_dags/example_branch_day_of_week_operator.py
[2023-03-06T18:55:56.634+0000] {logging_mixin.py:137} INFO - [2023-03-06T18:55:56.633+0000] {dag.py:2690} INFO - Sync 1 DAGs
[2023-03-06T18:55:56.685+0000] {logging_mixin.py:137} INFO - [2023-03-06T18:55:56.685+0000] {dag.py:3441} INFO - Setting next_dagrun for example_weekday_branch_operator to 2023-03-05T00:00:00+00:00, run_after=2023-03-06T00:00:00+00:00
[2023-03-06T18:55:56.721+0000] {processor.py:175} INFO - Processing /home/airflow/.local/lib/python3.7/site-packages/airflow/example_dags/example_branch_day_of_week_operator.py took 0.174 seconds
[2023-03-06T18:56:26.874+0000] {processor.py:153} INFO - Started process (PID=886) to work on /home/airflow/.local/lib/python3.7/site-packages/airflow/example_dags/example_branch_day_of_week_operator.py
[2023-03-06T18:56:26.876+0000] {processor.py:743} INFO - Processing file /home/airflow/.local/lib/python3.7/site-packages/airflow/example_dags/example_branch_day_of_week_operator.py for tasks to queue
[2023-03-06T18:56:26.879+0000] {logging_mixin.py:137} INFO - [2023-03-06T18:56:26.879+0000] {dagbag.py:538} INFO - Filling up the DagBag from /home/airflow/.local/lib/python3.7/site-packages/airflow/example_dags/example_branch_day_of_week_operator.py
[2023-03-06T18:56:26.907+0000] {processor.py:753} INFO - DAG(s) dict_keys(['example_weekday_branch_operator']) retrieved from /home/airflow/.local/lib/python3.7/site-packages/airflow/example_dags/example_branch_day_of_week_operator.py
[2023-03-06T18:56:26.951+0000] {logging_mixin.py:137} INFO - [2023-03-06T18:56:26.951+0000] {dag.py:2690} INFO - Sync 1 DAGs
[2023-03-06T18:56:27.001+0000] {logging_mixin.py:137} INFO - [2023-03-06T18:56:27.001+0000] {dag.py:3441} INFO - Setting next_dagrun for example_weekday_branch_operator to 2023-03-05T00:00:00+00:00, run_after=2023-03-06T00:00:00+00:00
[2023-03-06T18:56:27.035+0000] {processor.py:175} INFO - Processing /home/airflow/.local/lib/python3.7/site-packages/airflow/example_dags/example_branch_day_of_week_operator.py took 0.165 seconds
[2023-03-06T18:56:57.203+0000] {processor.py:153} INFO - Started process (PID=953) to work on /home/airflow/.local/lib/python3.7/site-packages/airflow/example_dags/example_branch_day_of_week_operator.py
[2023-03-06T18:56:57.205+0000] {processor.py:743} INFO - Processing file /home/airflow/.local/lib/python3.7/site-packages/airflow/example_dags/example_branch_day_of_week_operator.py for tasks to queue
[2023-03-06T18:56:57.208+0000] {logging_mixin.py:137} INFO - [2023-03-06T18:56:57.208+0000] {dagbag.py:538} INFO - Filling up the DagBag from /home/airflow/.local/lib/python3.7/site-packages/airflow/example_dags/example_branch_day_of_week_operator.py
[2023-03-06T18:56:57.235+0000] {processor.py:753} INFO - DAG(s) dict_keys(['example_weekday_branch_operator']) retrieved from /home/airflow/.local/lib/python3.7/site-packages/airflow/example_dags/example_branch_day_of_week_operator.py
[2023-03-06T18:56:57.284+0000] {logging_mixin.py:137} INFO - [2023-03-06T18:56:57.284+0000] {dag.py:2690} INFO - Sync 1 DAGs
[2023-03-06T18:56:57.332+0000] {logging_mixin.py:137} INFO - [2023-03-06T18:56:57.331+0000] {dag.py:3441} INFO - Setting next_dagrun for example_weekday_branch_operator to 2023-03-05T00:00:00+00:00, run_after=2023-03-06T00:00:00+00:00
[2023-03-06T18:56:57.361+0000] {processor.py:175} INFO - Processing /home/airflow/.local/lib/python3.7/site-packages/airflow/example_dags/example_branch_day_of_week_operator.py took 0.163 seconds
[2023-03-06T18:57:28.389+0000] {processor.py:153} INFO - Started process (PID=1020) to work on /home/airflow/.local/lib/python3.7/site-packages/airflow/example_dags/example_branch_day_of_week_operator.py
[2023-03-06T18:57:28.392+0000] {processor.py:743} INFO - Processing file /home/airflow/.local/lib/python3.7/site-packages/airflow/example_dags/example_branch_day_of_week_operator.py for tasks to queue
[2023-03-06T18:57:28.396+0000] {logging_mixin.py:137} INFO - [2023-03-06T18:57:28.395+0000] {dagbag.py:538} INFO - Filling up the DagBag from /home/airflow/.local/lib/python3.7/site-packages/airflow/example_dags/example_branch_day_of_week_operator.py
[2023-03-06T18:57:28.432+0000] {processor.py:753} INFO - DAG(s) dict_keys(['example_weekday_branch_operator']) retrieved from /home/airflow/.local/lib/python3.7/site-packages/airflow/example_dags/example_branch_day_of_week_operator.py
[2023-03-06T18:57:28.494+0000] {logging_mixin.py:137} INFO - [2023-03-06T18:57:28.494+0000] {dag.py:2690} INFO - Sync 1 DAGs
[2023-03-06T18:57:28.541+0000] {logging_mixin.py:137} INFO - [2023-03-06T18:57:28.541+0000] {dag.py:3441} INFO - Setting next_dagrun for example_weekday_branch_operator to 2023-03-05T00:00:00+00:00, run_after=2023-03-06T00:00:00+00:00
[2023-03-06T18:57:28.574+0000] {processor.py:175} INFO - Processing /home/airflow/.local/lib/python3.7/site-packages/airflow/example_dags/example_branch_day_of_week_operator.py took 0.192 seconds
[2023-03-06T18:57:59.173+0000] {processor.py:153} INFO - Started process (PID=1087) to work on /home/airflow/.local/lib/python3.7/site-packages/airflow/example_dags/example_branch_day_of_week_operator.py
[2023-03-06T18:57:59.175+0000] {processor.py:743} INFO - Processing file /home/airflow/.local/lib/python3.7/site-packages/airflow/example_dags/example_branch_day_of_week_operator.py for tasks to queue
[2023-03-06T18:57:59.179+0000] {logging_mixin.py:137} INFO - [2023-03-06T18:57:59.178+0000] {dagbag.py:538} INFO - Filling up the DagBag from /home/airflow/.local/lib/python3.7/site-packages/airflow/example_dags/example_branch_day_of_week_operator.py
[2023-03-06T18:57:59.209+0000] {processor.py:753} INFO - DAG(s) dict_keys(['example_weekday_branch_operator']) retrieved from /home/airflow/.local/lib/python3.7/site-packages/airflow/example_dags/example_branch_day_of_week_operator.py
[2023-03-06T18:57:59.260+0000] {logging_mixin.py:137} INFO - [2023-03-06T18:57:59.260+0000] {dag.py:2690} INFO - Sync 1 DAGs
[2023-03-06T18:57:59.311+0000] {logging_mixin.py:137} INFO - [2023-03-06T18:57:59.310+0000] {dag.py:3441} INFO - Setting next_dagrun for example_weekday_branch_operator to 2023-03-05T00:00:00+00:00, run_after=2023-03-06T00:00:00+00:00
[2023-03-06T18:57:59.347+0000] {processor.py:175} INFO - Processing /home/airflow/.local/lib/python3.7/site-packages/airflow/example_dags/example_branch_day_of_week_operator.py took 0.181 seconds
[2023-03-06T18:58:30.164+0000] {processor.py:153} INFO - Started process (PID=1163) to work on /home/airflow/.local/lib/python3.7/site-packages/airflow/example_dags/example_branch_day_of_week_operator.py
[2023-03-06T18:58:30.167+0000] {processor.py:743} INFO - Processing file /home/airflow/.local/lib/python3.7/site-packages/airflow/example_dags/example_branch_day_of_week_operator.py for tasks to queue
[2023-03-06T18:58:30.169+0000] {logging_mixin.py:137} INFO - [2023-03-06T18:58:30.169+0000] {dagbag.py:538} INFO - Filling up the DagBag from /home/airflow/.local/lib/python3.7/site-packages/airflow/example_dags/example_branch_day_of_week_operator.py
[2023-03-06T18:58:30.194+0000] {processor.py:753} INFO - DAG(s) dict_keys(['example_weekday_branch_operator']) retrieved from /home/airflow/.local/lib/python3.7/site-packages/airflow/example_dags/example_branch_day_of_week_operator.py
[2023-03-06T18:58:30.246+0000] {logging_mixin.py:137} INFO - [2023-03-06T18:58:30.246+0000] {dag.py:2690} INFO - Sync 1 DAGs
[2023-03-06T18:58:30.288+0000] {logging_mixin.py:137} INFO - [2023-03-06T18:58:30.288+0000] {dag.py:3441} INFO - Setting next_dagrun for example_weekday_branch_operator to 2023-03-05T00:00:00+00:00, run_after=2023-03-06T00:00:00+00:00
[2023-03-06T18:58:30.320+0000] {processor.py:175} INFO - Processing /home/airflow/.local/lib/python3.7/site-packages/airflow/example_dags/example_branch_day_of_week_operator.py took 0.162 seconds
[2023-03-06T18:59:00.967+0000] {processor.py:153} INFO - Started process (PID=1235) to work on /home/airflow/.local/lib/python3.7/site-packages/airflow/example_dags/example_branch_day_of_week_operator.py
[2023-03-06T18:59:00.976+0000] {processor.py:743} INFO - Processing file /home/airflow/.local/lib/python3.7/site-packages/airflow/example_dags/example_branch_day_of_week_operator.py for tasks to queue
[2023-03-06T18:59:00.986+0000] {logging_mixin.py:137} INFO - [2023-03-06T18:59:00.985+0000] {dagbag.py:538} INFO - Filling up the DagBag from /home/airflow/.local/lib/python3.7/site-packages/airflow/example_dags/example_branch_day_of_week_operator.py
[2023-03-06T18:59:01.032+0000] {processor.py:753} INFO - DAG(s) dict_keys(['example_weekday_branch_operator']) retrieved from /home/airflow/.local/lib/python3.7/site-packages/airflow/example_dags/example_branch_day_of_week_operator.py
[2023-03-06T18:59:01.117+0000] {logging_mixin.py:137} INFO - [2023-03-06T18:59:01.116+0000] {dag.py:2690} INFO - Sync 1 DAGs
[2023-03-06T18:59:01.186+0000] {logging_mixin.py:137} INFO - [2023-03-06T18:59:01.186+0000] {dag.py:3441} INFO - Setting next_dagrun for example_weekday_branch_operator to 2023-03-05T00:00:00+00:00, run_after=2023-03-06T00:00:00+00:00
[2023-03-06T18:59:01.247+0000] {processor.py:175} INFO - Processing /home/airflow/.local/lib/python3.7/site-packages/airflow/example_dags/example_branch_day_of_week_operator.py took 0.298 seconds
[2023-03-06T18:59:31.318+0000] {processor.py:153} INFO - Started process (PID=1304) to work on /home/airflow/.local/lib/python3.7/site-packages/airflow/example_dags/example_branch_day_of_week_operator.py
[2023-03-06T18:59:31.321+0000] {processor.py:743} INFO - Processing file /home/airflow/.local/lib/python3.7/site-packages/airflow/example_dags/example_branch_day_of_week_operator.py for tasks to queue
[2023-03-06T18:59:31.323+0000] {logging_mixin.py:137} INFO - [2023-03-06T18:59:31.323+0000] {dagbag.py:538} INFO - Filling up the DagBag from /home/airflow/.local/lib/python3.7/site-packages/airflow/example_dags/example_branch_day_of_week_operator.py
[2023-03-06T18:59:31.348+0000] {processor.py:753} INFO - DAG(s) dict_keys(['example_weekday_branch_operator']) retrieved from /home/airflow/.local/lib/python3.7/site-packages/airflow/example_dags/example_branch_day_of_week_operator.py
[2023-03-06T18:59:31.394+0000] {logging_mixin.py:137} INFO - [2023-03-06T18:59:31.393+0000] {dag.py:2690} INFO - Sync 1 DAGs
[2023-03-06T18:59:31.437+0000] {logging_mixin.py:137} INFO - [2023-03-06T18:59:31.437+0000] {dag.py:3441} INFO - Setting next_dagrun for example_weekday_branch_operator to 2023-03-05T00:00:00+00:00, run_after=2023-03-06T00:00:00+00:00
[2023-03-06T18:59:31.468+0000] {processor.py:175} INFO - Processing /home/airflow/.local/lib/python3.7/site-packages/airflow/example_dags/example_branch_day_of_week_operator.py took 0.155 seconds
[2023-03-06T19:00:01.831+0000] {processor.py:153} INFO - Started process (PID=1370) to work on /home/airflow/.local/lib/python3.7/site-packages/airflow/example_dags/example_branch_day_of_week_operator.py
[2023-03-06T19:00:01.838+0000] {processor.py:743} INFO - Processing file /home/airflow/.local/lib/python3.7/site-packages/airflow/example_dags/example_branch_day_of_week_operator.py for tasks to queue
[2023-03-06T19:00:01.845+0000] {logging_mixin.py:137} INFO - [2023-03-06T19:00:01.844+0000] {dagbag.py:538} INFO - Filling up the DagBag from /home/airflow/.local/lib/python3.7/site-packages/airflow/example_dags/example_branch_day_of_week_operator.py
[2023-03-06T19:00:01.907+0000] {processor.py:753} INFO - DAG(s) dict_keys(['example_weekday_branch_operator']) retrieved from /home/airflow/.local/lib/python3.7/site-packages/airflow/example_dags/example_branch_day_of_week_operator.py
[2023-03-06T19:00:02.007+0000] {logging_mixin.py:137} INFO - [2023-03-06T19:00:02.007+0000] {dag.py:2690} INFO - Sync 1 DAGs
[2023-03-06T19:00:02.161+0000] {logging_mixin.py:137} INFO - [2023-03-06T19:00:02.160+0000] {dag.py:3441} INFO - Setting next_dagrun for example_weekday_branch_operator to 2023-03-05T00:00:00+00:00, run_after=2023-03-06T00:00:00+00:00
[2023-03-06T19:00:02.234+0000] {processor.py:175} INFO - Processing /home/airflow/.local/lib/python3.7/site-packages/airflow/example_dags/example_branch_day_of_week_operator.py took 0.417 seconds
[2023-03-06T19:00:32.333+0000] {processor.py:153} INFO - Started process (PID=1437) to work on /home/airflow/.local/lib/python3.7/site-packages/airflow/example_dags/example_branch_day_of_week_operator.py
[2023-03-06T19:00:32.336+0000] {processor.py:743} INFO - Processing file /home/airflow/.local/lib/python3.7/site-packages/airflow/example_dags/example_branch_day_of_week_operator.py for tasks to queue
[2023-03-06T19:00:32.339+0000] {logging_mixin.py:137} INFO - [2023-03-06T19:00:32.339+0000] {dagbag.py:538} INFO - Filling up the DagBag from /home/airflow/.local/lib/python3.7/site-packages/airflow/example_dags/example_branch_day_of_week_operator.py
[2023-03-06T19:00:32.365+0000] {processor.py:753} INFO - DAG(s) dict_keys(['example_weekday_branch_operator']) retrieved from /home/airflow/.local/lib/python3.7/site-packages/airflow/example_dags/example_branch_day_of_week_operator.py
[2023-03-06T19:00:32.410+0000] {logging_mixin.py:137} INFO - [2023-03-06T19:00:32.410+0000] {dag.py:2690} INFO - Sync 1 DAGs
[2023-03-06T19:00:32.453+0000] {logging_mixin.py:137} INFO - [2023-03-06T19:00:32.452+0000] {dag.py:3441} INFO - Setting next_dagrun for example_weekday_branch_operator to 2023-03-05T00:00:00+00:00, run_after=2023-03-06T00:00:00+00:00
[2023-03-06T19:00:32.481+0000] {processor.py:175} INFO - Processing /home/airflow/.local/lib/python3.7/site-packages/airflow/example_dags/example_branch_day_of_week_operator.py took 0.153 seconds
[2023-03-06T19:01:03.007+0000] {processor.py:153} INFO - Started process (PID=1503) to work on /home/airflow/.local/lib/python3.7/site-packages/airflow/example_dags/example_branch_day_of_week_operator.py
[2023-03-06T19:01:03.010+0000] {processor.py:743} INFO - Processing file /home/airflow/.local/lib/python3.7/site-packages/airflow/example_dags/example_branch_day_of_week_operator.py for tasks to queue
[2023-03-06T19:01:03.015+0000] {logging_mixin.py:137} INFO - [2023-03-06T19:01:03.015+0000] {dagbag.py:538} INFO - Filling up the DagBag from /home/airflow/.local/lib/python3.7/site-packages/airflow/example_dags/example_branch_day_of_week_operator.py
[2023-03-06T19:01:03.045+0000] {processor.py:753} INFO - DAG(s) dict_keys(['example_weekday_branch_operator']) retrieved from /home/airflow/.local/lib/python3.7/site-packages/airflow/example_dags/example_branch_day_of_week_operator.py
[2023-03-06T19:01:03.094+0000] {logging_mixin.py:137} INFO - [2023-03-06T19:01:03.094+0000] {dag.py:2690} INFO - Sync 1 DAGs
[2023-03-06T19:01:03.139+0000] {logging_mixin.py:137} INFO - [2023-03-06T19:01:03.139+0000] {dag.py:3441} INFO - Setting next_dagrun for example_weekday_branch_operator to 2023-03-05T00:00:00+00:00, run_after=2023-03-06T00:00:00+00:00
[2023-03-06T19:01:03.179+0000] {processor.py:175} INFO - Processing /home/airflow/.local/lib/python3.7/site-packages/airflow/example_dags/example_branch_day_of_week_operator.py took 0.179 seconds
[2023-03-06T19:01:33.954+0000] {processor.py:153} INFO - Started process (PID=1578) to work on /home/airflow/.local/lib/python3.7/site-packages/airflow/example_dags/example_branch_day_of_week_operator.py
[2023-03-06T19:01:33.958+0000] {processor.py:743} INFO - Processing file /home/airflow/.local/lib/python3.7/site-packages/airflow/example_dags/example_branch_day_of_week_operator.py for tasks to queue
[2023-03-06T19:01:33.961+0000] {logging_mixin.py:137} INFO - [2023-03-06T19:01:33.960+0000] {dagbag.py:538} INFO - Filling up the DagBag from /home/airflow/.local/lib/python3.7/site-packages/airflow/example_dags/example_branch_day_of_week_operator.py
[2023-03-06T19:01:33.990+0000] {processor.py:753} INFO - DAG(s) dict_keys(['example_weekday_branch_operator']) retrieved from /home/airflow/.local/lib/python3.7/site-packages/airflow/example_dags/example_branch_day_of_week_operator.py
[2023-03-06T19:01:34.041+0000] {logging_mixin.py:137} INFO - [2023-03-06T19:01:34.041+0000] {dag.py:2690} INFO - Sync 1 DAGs
[2023-03-06T19:01:34.094+0000] {logging_mixin.py:137} INFO - [2023-03-06T19:01:34.094+0000] {dag.py:3441} INFO - Setting next_dagrun for example_weekday_branch_operator to 2023-03-05T00:00:00+00:00, run_after=2023-03-06T00:00:00+00:00
[2023-03-06T19:01:34.130+0000] {processor.py:175} INFO - Processing /home/airflow/.local/lib/python3.7/site-packages/airflow/example_dags/example_branch_day_of_week_operator.py took 0.182 seconds
[2023-03-06T19:02:04.843+0000] {processor.py:153} INFO - Started process (PID=1649) to work on /home/airflow/.local/lib/python3.7/site-packages/airflow/example_dags/example_branch_day_of_week_operator.py
[2023-03-06T19:02:04.845+0000] {processor.py:743} INFO - Processing file /home/airflow/.local/lib/python3.7/site-packages/airflow/example_dags/example_branch_day_of_week_operator.py for tasks to queue
[2023-03-06T19:02:04.847+0000] {logging_mixin.py:137} INFO - [2023-03-06T19:02:04.847+0000] {dagbag.py:538} INFO - Filling up the DagBag from /home/airflow/.local/lib/python3.7/site-packages/airflow/example_dags/example_branch_day_of_week_operator.py
[2023-03-06T19:02:04.874+0000] {processor.py:753} INFO - DAG(s) dict_keys(['example_weekday_branch_operator']) retrieved from /home/airflow/.local/lib/python3.7/site-packages/airflow/example_dags/example_branch_day_of_week_operator.py
[2023-03-06T19:02:04.920+0000] {logging_mixin.py:137} INFO - [2023-03-06T19:02:04.920+0000] {dag.py:2690} INFO - Sync 1 DAGs
[2023-03-06T19:02:04.961+0000] {logging_mixin.py:137} INFO - [2023-03-06T19:02:04.961+0000] {dag.py:3441} INFO - Setting next_dagrun for example_weekday_branch_operator to 2023-03-05T00:00:00+00:00, run_after=2023-03-06T00:00:00+00:00
[2023-03-06T19:02:04.993+0000] {processor.py:175} INFO - Processing /home/airflow/.local/lib/python3.7/site-packages/airflow/example_dags/example_branch_day_of_week_operator.py took 0.157 seconds
[2023-03-06T19:02:35.887+0000] {processor.py:153} INFO - Started process (PID=1716) to work on /home/airflow/.local/lib/python3.7/site-packages/airflow/example_dags/example_branch_day_of_week_operator.py
[2023-03-06T19:02:35.892+0000] {processor.py:743} INFO - Processing file /home/airflow/.local/lib/python3.7/site-packages/airflow/example_dags/example_branch_day_of_week_operator.py for tasks to queue
[2023-03-06T19:02:35.897+0000] {logging_mixin.py:137} INFO - [2023-03-06T19:02:35.896+0000] {dagbag.py:538} INFO - Filling up the DagBag from /home/airflow/.local/lib/python3.7/site-packages/airflow/example_dags/example_branch_day_of_week_operator.py
[2023-03-06T19:02:35.942+0000] {processor.py:753} INFO - DAG(s) dict_keys(['example_weekday_branch_operator']) retrieved from /home/airflow/.local/lib/python3.7/site-packages/airflow/example_dags/example_branch_day_of_week_operator.py
[2023-03-06T19:02:36.047+0000] {logging_mixin.py:137} INFO - [2023-03-06T19:02:36.046+0000] {dag.py:2690} INFO - Sync 1 DAGs
[2023-03-06T19:02:36.195+0000] {logging_mixin.py:137} INFO - [2023-03-06T19:02:36.195+0000] {dag.py:3441} INFO - Setting next_dagrun for example_weekday_branch_operator to 2023-03-05T00:00:00+00:00, run_after=2023-03-06T00:00:00+00:00
[2023-03-06T19:02:36.273+0000] {processor.py:175} INFO - Processing /home/airflow/.local/lib/python3.7/site-packages/airflow/example_dags/example_branch_day_of_week_operator.py took 0.398 seconds
[2023-03-06T19:03:07.207+0000] {processor.py:153} INFO - Started process (PID=1782) to work on /home/airflow/.local/lib/python3.7/site-packages/airflow/example_dags/example_branch_day_of_week_operator.py
[2023-03-06T19:03:07.210+0000] {processor.py:743} INFO - Processing file /home/airflow/.local/lib/python3.7/site-packages/airflow/example_dags/example_branch_day_of_week_operator.py for tasks to queue
[2023-03-06T19:03:07.213+0000] {logging_mixin.py:137} INFO - [2023-03-06T19:03:07.213+0000] {dagbag.py:538} INFO - Filling up the DagBag from /home/airflow/.local/lib/python3.7/site-packages/airflow/example_dags/example_branch_day_of_week_operator.py
[2023-03-06T19:03:07.250+0000] {processor.py:753} INFO - DAG(s) dict_keys(['example_weekday_branch_operator']) retrieved from /home/airflow/.local/lib/python3.7/site-packages/airflow/example_dags/example_branch_day_of_week_operator.py
[2023-03-06T19:03:07.311+0000] {logging_mixin.py:137} INFO - [2023-03-06T19:03:07.311+0000] {dag.py:2690} INFO - Sync 1 DAGs
[2023-03-06T19:03:07.366+0000] {logging_mixin.py:137} INFO - [2023-03-06T19:03:07.365+0000] {dag.py:3441} INFO - Setting next_dagrun for example_weekday_branch_operator to 2023-03-05T00:00:00+00:00, run_after=2023-03-06T00:00:00+00:00
[2023-03-06T19:03:07.422+0000] {processor.py:175} INFO - Processing /home/airflow/.local/lib/python3.7/site-packages/airflow/example_dags/example_branch_day_of_week_operator.py took 0.225 seconds
[2023-03-06T19:03:37.506+0000] {processor.py:153} INFO - Started process (PID=1849) to work on /home/airflow/.local/lib/python3.7/site-packages/airflow/example_dags/example_branch_day_of_week_operator.py
[2023-03-06T19:03:37.509+0000] {processor.py:743} INFO - Processing file /home/airflow/.local/lib/python3.7/site-packages/airflow/example_dags/example_branch_day_of_week_operator.py for tasks to queue
[2023-03-06T19:03:37.512+0000] {logging_mixin.py:137} INFO - [2023-03-06T19:03:37.512+0000] {dagbag.py:538} INFO - Filling up the DagBag from /home/airflow/.local/lib/python3.7/site-packages/airflow/example_dags/example_branch_day_of_week_operator.py
[2023-03-06T19:03:37.544+0000] {processor.py:753} INFO - DAG(s) dict_keys(['example_weekday_branch_operator']) retrieved from /home/airflow/.local/lib/python3.7/site-packages/airflow/example_dags/example_branch_day_of_week_operator.py
[2023-03-06T19:03:37.597+0000] {logging_mixin.py:137} INFO - [2023-03-06T19:03:37.597+0000] {dag.py:2690} INFO - Sync 1 DAGs
[2023-03-06T19:03:37.651+0000] {logging_mixin.py:137} INFO - [2023-03-06T19:03:37.651+0000] {dag.py:3441} INFO - Setting next_dagrun for example_weekday_branch_operator to 2023-03-05T00:00:00+00:00, run_after=2023-03-06T00:00:00+00:00
[2023-03-06T19:03:37.689+0000] {processor.py:175} INFO - Processing /home/airflow/.local/lib/python3.7/site-packages/airflow/example_dags/example_branch_day_of_week_operator.py took 0.191 seconds
[2023-03-06T19:04:08.147+0000] {processor.py:153} INFO - Started process (PID=1928) to work on /home/airflow/.local/lib/python3.7/site-packages/airflow/example_dags/example_branch_day_of_week_operator.py
[2023-03-06T19:04:08.150+0000] {processor.py:743} INFO - Processing file /home/airflow/.local/lib/python3.7/site-packages/airflow/example_dags/example_branch_day_of_week_operator.py for tasks to queue
[2023-03-06T19:04:08.153+0000] {logging_mixin.py:137} INFO - [2023-03-06T19:04:08.153+0000] {dagbag.py:538} INFO - Filling up the DagBag from /home/airflow/.local/lib/python3.7/site-packages/airflow/example_dags/example_branch_day_of_week_operator.py
[2023-03-06T19:04:08.180+0000] {processor.py:753} INFO - DAG(s) dict_keys(['example_weekday_branch_operator']) retrieved from /home/airflow/.local/lib/python3.7/site-packages/airflow/example_dags/example_branch_day_of_week_operator.py
[2023-03-06T19:04:08.229+0000] {logging_mixin.py:137} INFO - [2023-03-06T19:04:08.229+0000] {dag.py:2690} INFO - Sync 1 DAGs
[2023-03-06T19:04:08.285+0000] {logging_mixin.py:137} INFO - [2023-03-06T19:04:08.285+0000] {dag.py:3441} INFO - Setting next_dagrun for example_weekday_branch_operator to 2023-03-05T00:00:00+00:00, run_after=2023-03-06T00:00:00+00:00
[2023-03-06T19:04:08.320+0000] {processor.py:175} INFO - Processing /home/airflow/.local/lib/python3.7/site-packages/airflow/example_dags/example_branch_day_of_week_operator.py took 0.184 seconds
[2023-03-06T19:04:41.111+0000] {processor.py:153} INFO - Started process (PID=1996) to work on /home/airflow/.local/lib/python3.7/site-packages/airflow/example_dags/example_branch_day_of_week_operator.py
[2023-03-06T19:04:41.120+0000] {processor.py:743} INFO - Processing file /home/airflow/.local/lib/python3.7/site-packages/airflow/example_dags/example_branch_day_of_week_operator.py for tasks to queue
[2023-03-06T19:04:41.130+0000] {logging_mixin.py:137} INFO - [2023-03-06T19:04:41.129+0000] {dagbag.py:538} INFO - Filling up the DagBag from /home/airflow/.local/lib/python3.7/site-packages/airflow/example_dags/example_branch_day_of_week_operator.py
[2023-03-06T19:04:41.220+0000] {processor.py:753} INFO - DAG(s) dict_keys(['example_weekday_branch_operator']) retrieved from /home/airflow/.local/lib/python3.7/site-packages/airflow/example_dags/example_branch_day_of_week_operator.py
[2023-03-06T19:04:41.356+0000] {logging_mixin.py:137} INFO - [2023-03-06T19:04:41.355+0000] {dag.py:2690} INFO - Sync 1 DAGs
[2023-03-06T19:04:41.525+0000] {logging_mixin.py:137} INFO - [2023-03-06T19:04:41.525+0000] {dag.py:3441} INFO - Setting next_dagrun for example_weekday_branch_operator to 2023-03-05T00:00:00+00:00, run_after=2023-03-06T00:00:00+00:00
[2023-03-06T19:04:41.594+0000] {processor.py:175} INFO - Processing /home/airflow/.local/lib/python3.7/site-packages/airflow/example_dags/example_branch_day_of_week_operator.py took 0.527 seconds
[2023-03-06T19:05:11.929+0000] {processor.py:153} INFO - Started process (PID=2065) to work on /home/airflow/.local/lib/python3.7/site-packages/airflow/example_dags/example_branch_day_of_week_operator.py
[2023-03-06T19:05:11.932+0000] {processor.py:743} INFO - Processing file /home/airflow/.local/lib/python3.7/site-packages/airflow/example_dags/example_branch_day_of_week_operator.py for tasks to queue
[2023-03-06T19:05:11.934+0000] {logging_mixin.py:137} INFO - [2023-03-06T19:05:11.934+0000] {dagbag.py:538} INFO - Filling up the DagBag from /home/airflow/.local/lib/python3.7/site-packages/airflow/example_dags/example_branch_day_of_week_operator.py
[2023-03-06T19:05:11.968+0000] {processor.py:753} INFO - DAG(s) dict_keys(['example_weekday_branch_operator']) retrieved from /home/airflow/.local/lib/python3.7/site-packages/airflow/example_dags/example_branch_day_of_week_operator.py
[2023-03-06T19:05:12.029+0000] {logging_mixin.py:137} INFO - [2023-03-06T19:05:12.028+0000] {dag.py:2690} INFO - Sync 1 DAGs
[2023-03-06T19:05:12.119+0000] {logging_mixin.py:137} INFO - [2023-03-06T19:05:12.119+0000] {dag.py:3441} INFO - Setting next_dagrun for example_weekday_branch_operator to 2023-03-05T00:00:00+00:00, run_after=2023-03-06T00:00:00+00:00
[2023-03-06T19:05:12.184+0000] {processor.py:175} INFO - Processing /home/airflow/.local/lib/python3.7/site-packages/airflow/example_dags/example_branch_day_of_week_operator.py took 0.262 seconds
[2023-03-06T19:05:42.580+0000] {processor.py:153} INFO - Started process (PID=2133) to work on /home/airflow/.local/lib/python3.7/site-packages/airflow/example_dags/example_branch_day_of_week_operator.py
[2023-03-06T19:05:42.589+0000] {processor.py:743} INFO - Processing file /home/airflow/.local/lib/python3.7/site-packages/airflow/example_dags/example_branch_day_of_week_operator.py for tasks to queue
[2023-03-06T19:05:42.593+0000] {logging_mixin.py:137} INFO - [2023-03-06T19:05:42.592+0000] {dagbag.py:538} INFO - Filling up the DagBag from /home/airflow/.local/lib/python3.7/site-packages/airflow/example_dags/example_branch_day_of_week_operator.py
[2023-03-06T19:05:42.645+0000] {processor.py:753} INFO - DAG(s) dict_keys(['example_weekday_branch_operator']) retrieved from /home/airflow/.local/lib/python3.7/site-packages/airflow/example_dags/example_branch_day_of_week_operator.py
[2023-03-06T19:05:42.727+0000] {logging_mixin.py:137} INFO - [2023-03-06T19:05:42.726+0000] {dag.py:2690} INFO - Sync 1 DAGs
[2023-03-06T19:05:42.804+0000] {logging_mixin.py:137} INFO - [2023-03-06T19:05:42.803+0000] {dag.py:3441} INFO - Setting next_dagrun for example_weekday_branch_operator to 2023-03-05T00:00:00+00:00, run_after=2023-03-06T00:00:00+00:00
[2023-03-06T19:05:42.851+0000] {processor.py:175} INFO - Processing /home/airflow/.local/lib/python3.7/site-packages/airflow/example_dags/example_branch_day_of_week_operator.py took 0.282 seconds
[2023-03-06T19:06:13.464+0000] {processor.py:153} INFO - Started process (PID=2200) to work on /home/airflow/.local/lib/python3.7/site-packages/airflow/example_dags/example_branch_day_of_week_operator.py
[2023-03-06T19:06:13.476+0000] {processor.py:743} INFO - Processing file /home/airflow/.local/lib/python3.7/site-packages/airflow/example_dags/example_branch_day_of_week_operator.py for tasks to queue
[2023-03-06T19:06:13.483+0000] {logging_mixin.py:137} INFO - [2023-03-06T19:06:13.482+0000] {dagbag.py:538} INFO - Filling up the DagBag from /home/airflow/.local/lib/python3.7/site-packages/airflow/example_dags/example_branch_day_of_week_operator.py
[2023-03-06T19:06:13.530+0000] {processor.py:753} INFO - DAG(s) dict_keys(['example_weekday_branch_operator']) retrieved from /home/airflow/.local/lib/python3.7/site-packages/airflow/example_dags/example_branch_day_of_week_operator.py
[2023-03-06T19:06:13.600+0000] {logging_mixin.py:137} INFO - [2023-03-06T19:06:13.600+0000] {dag.py:2690} INFO - Sync 1 DAGs
[2023-03-06T19:06:13.709+0000] {logging_mixin.py:137} INFO - [2023-03-06T19:06:13.709+0000] {dag.py:3441} INFO - Setting next_dagrun for example_weekday_branch_operator to 2023-03-05T00:00:00+00:00, run_after=2023-03-06T00:00:00+00:00
[2023-03-06T19:06:13.772+0000] {processor.py:175} INFO - Processing /home/airflow/.local/lib/python3.7/site-packages/airflow/example_dags/example_branch_day_of_week_operator.py took 0.315 seconds
[2023-03-06T19:07:49.890+0000] {processor.py:153} INFO - Started process (PID=2291) to work on /home/airflow/.local/lib/python3.7/site-packages/airflow/example_dags/example_branch_day_of_week_operator.py
[2023-03-06T19:07:49.932+0000] {processor.py:743} INFO - Processing file /home/airflow/.local/lib/python3.7/site-packages/airflow/example_dags/example_branch_day_of_week_operator.py for tasks to queue
[2023-03-06T19:07:50.290+0000] {logging_mixin.py:137} INFO - [2023-03-06T19:07:50.264+0000] {dagbag.py:538} INFO - Filling up the DagBag from /home/airflow/.local/lib/python3.7/site-packages/airflow/example_dags/example_branch_day_of_week_operator.py
[2023-03-06T19:07:52.069+0000] {processor.py:753} INFO - DAG(s) dict_keys(['example_weekday_branch_operator']) retrieved from /home/airflow/.local/lib/python3.7/site-packages/airflow/example_dags/example_branch_day_of_week_operator.py
[2023-03-06T19:07:52.871+0000] {logging_mixin.py:137} INFO - [2023-03-06T19:07:52.870+0000] {dag.py:2690} INFO - Sync 1 DAGs
[2023-03-06T19:07:54.173+0000] {logging_mixin.py:137} INFO - [2023-03-06T19:07:54.173+0000] {dag.py:3441} INFO - Setting next_dagrun for example_weekday_branch_operator to 2023-03-05T00:00:00+00:00, run_after=2023-03-06T00:00:00+00:00
[2023-03-06T19:07:54.516+0000] {processor.py:175} INFO - Processing /home/airflow/.local/lib/python3.7/site-packages/airflow/example_dags/example_branch_day_of_week_operator.py took 4.809 seconds
[2023-03-06T19:08:25.080+0000] {processor.py:153} INFO - Started process (PID=2357) to work on /home/airflow/.local/lib/python3.7/site-packages/airflow/example_dags/example_branch_day_of_week_operator.py
[2023-03-06T19:08:25.084+0000] {processor.py:743} INFO - Processing file /home/airflow/.local/lib/python3.7/site-packages/airflow/example_dags/example_branch_day_of_week_operator.py for tasks to queue
[2023-03-06T19:08:25.088+0000] {logging_mixin.py:137} INFO - [2023-03-06T19:08:25.087+0000] {dagbag.py:538} INFO - Filling up the DagBag from /home/airflow/.local/lib/python3.7/site-packages/airflow/example_dags/example_branch_day_of_week_operator.py
[2023-03-06T19:08:25.141+0000] {processor.py:753} INFO - DAG(s) dict_keys(['example_weekday_branch_operator']) retrieved from /home/airflow/.local/lib/python3.7/site-packages/airflow/example_dags/example_branch_day_of_week_operator.py
[2023-03-06T19:08:25.209+0000] {logging_mixin.py:137} INFO - [2023-03-06T19:08:25.208+0000] {dag.py:2690} INFO - Sync 1 DAGs
[2023-03-06T19:08:25.337+0000] {logging_mixin.py:137} INFO - [2023-03-06T19:08:25.337+0000] {dag.py:3441} INFO - Setting next_dagrun for example_weekday_branch_operator to 2023-03-05T00:00:00+00:00, run_after=2023-03-06T00:00:00+00:00
[2023-03-06T19:08:25.403+0000] {processor.py:175} INFO - Processing /home/airflow/.local/lib/python3.7/site-packages/airflow/example_dags/example_branch_day_of_week_operator.py took 0.333 seconds
[2023-03-06T19:08:56.013+0000] {processor.py:153} INFO - Started process (PID=2424) to work on /home/airflow/.local/lib/python3.7/site-packages/airflow/example_dags/example_branch_day_of_week_operator.py
[2023-03-06T19:08:56.021+0000] {processor.py:743} INFO - Processing file /home/airflow/.local/lib/python3.7/site-packages/airflow/example_dags/example_branch_day_of_week_operator.py for tasks to queue
[2023-03-06T19:08:56.026+0000] {logging_mixin.py:137} INFO - [2023-03-06T19:08:56.025+0000] {dagbag.py:538} INFO - Filling up the DagBag from /home/airflow/.local/lib/python3.7/site-packages/airflow/example_dags/example_branch_day_of_week_operator.py
[2023-03-06T19:08:56.123+0000] {processor.py:753} INFO - DAG(s) dict_keys(['example_weekday_branch_operator']) retrieved from /home/airflow/.local/lib/python3.7/site-packages/airflow/example_dags/example_branch_day_of_week_operator.py
[2023-03-06T19:08:56.243+0000] {logging_mixin.py:137} INFO - [2023-03-06T19:08:56.242+0000] {dag.py:2690} INFO - Sync 1 DAGs
[2023-03-06T19:08:56.330+0000] {logging_mixin.py:137} INFO - [2023-03-06T19:08:56.329+0000] {dag.py:3441} INFO - Setting next_dagrun for example_weekday_branch_operator to 2023-03-05T00:00:00+00:00, run_after=2023-03-06T00:00:00+00:00
[2023-03-06T19:08:56.397+0000] {processor.py:175} INFO - Processing /home/airflow/.local/lib/python3.7/site-packages/airflow/example_dags/example_branch_day_of_week_operator.py took 0.412 seconds
[2023-03-06T19:09:27.053+0000] {processor.py:153} INFO - Started process (PID=2487) to work on /home/airflow/.local/lib/python3.7/site-packages/airflow/example_dags/example_branch_day_of_week_operator.py
[2023-03-06T19:09:27.062+0000] {processor.py:743} INFO - Processing file /home/airflow/.local/lib/python3.7/site-packages/airflow/example_dags/example_branch_day_of_week_operator.py for tasks to queue
[2023-03-06T19:09:27.066+0000] {logging_mixin.py:137} INFO - [2023-03-06T19:09:27.065+0000] {dagbag.py:538} INFO - Filling up the DagBag from /home/airflow/.local/lib/python3.7/site-packages/airflow/example_dags/example_branch_day_of_week_operator.py
[2023-03-06T19:09:27.108+0000] {processor.py:753} INFO - DAG(s) dict_keys(['example_weekday_branch_operator']) retrieved from /home/airflow/.local/lib/python3.7/site-packages/airflow/example_dags/example_branch_day_of_week_operator.py
[2023-03-06T19:09:27.177+0000] {logging_mixin.py:137} INFO - [2023-03-06T19:09:27.176+0000] {dag.py:2690} INFO - Sync 1 DAGs
[2023-03-06T19:09:27.248+0000] {logging_mixin.py:137} INFO - [2023-03-06T19:09:27.247+0000] {dag.py:3441} INFO - Setting next_dagrun for example_weekday_branch_operator to 2023-03-05T00:00:00+00:00, run_after=2023-03-06T00:00:00+00:00
[2023-03-06T19:09:27.294+0000] {processor.py:175} INFO - Processing /home/airflow/.local/lib/python3.7/site-packages/airflow/example_dags/example_branch_day_of_week_operator.py took 0.249 seconds
[2023-03-06T19:09:57.619+0000] {processor.py:153} INFO - Started process (PID=2554) to work on /home/airflow/.local/lib/python3.7/site-packages/airflow/example_dags/example_branch_day_of_week_operator.py
[2023-03-06T19:09:57.630+0000] {processor.py:743} INFO - Processing file /home/airflow/.local/lib/python3.7/site-packages/airflow/example_dags/example_branch_day_of_week_operator.py for tasks to queue
[2023-03-06T19:09:57.640+0000] {logging_mixin.py:137} INFO - [2023-03-06T19:09:57.638+0000] {dagbag.py:538} INFO - Filling up the DagBag from /home/airflow/.local/lib/python3.7/site-packages/airflow/example_dags/example_branch_day_of_week_operator.py
[2023-03-06T19:09:57.733+0000] {processor.py:753} INFO - DAG(s) dict_keys(['example_weekday_branch_operator']) retrieved from /home/airflow/.local/lib/python3.7/site-packages/airflow/example_dags/example_branch_day_of_week_operator.py
[2023-03-06T19:09:57.854+0000] {logging_mixin.py:137} INFO - [2023-03-06T19:09:57.853+0000] {dag.py:2690} INFO - Sync 1 DAGs
[2023-03-06T19:09:57.991+0000] {logging_mixin.py:137} INFO - [2023-03-06T19:09:57.990+0000] {dag.py:3441} INFO - Setting next_dagrun for example_weekday_branch_operator to 2023-03-05T00:00:00+00:00, run_after=2023-03-06T00:00:00+00:00
[2023-03-06T19:09:58.051+0000] {processor.py:175} INFO - Processing /home/airflow/.local/lib/python3.7/site-packages/airflow/example_dags/example_branch_day_of_week_operator.py took 0.463 seconds
[2023-03-06T19:10:28.934+0000] {processor.py:153} INFO - Started process (PID=2613) to work on /home/airflow/.local/lib/python3.7/site-packages/airflow/example_dags/example_branch_day_of_week_operator.py
[2023-03-06T19:10:28.940+0000] {processor.py:743} INFO - Processing file /home/airflow/.local/lib/python3.7/site-packages/airflow/example_dags/example_branch_day_of_week_operator.py for tasks to queue
[2023-03-06T19:10:28.945+0000] {logging_mixin.py:137} INFO - [2023-03-06T19:10:28.944+0000] {dagbag.py:538} INFO - Filling up the DagBag from /home/airflow/.local/lib/python3.7/site-packages/airflow/example_dags/example_branch_day_of_week_operator.py
[2023-03-06T19:10:29.014+0000] {processor.py:753} INFO - DAG(s) dict_keys(['example_weekday_branch_operator']) retrieved from /home/airflow/.local/lib/python3.7/site-packages/airflow/example_dags/example_branch_day_of_week_operator.py
[2023-03-06T19:10:29.120+0000] {logging_mixin.py:137} INFO - [2023-03-06T19:10:29.120+0000] {dag.py:2690} INFO - Sync 1 DAGs
[2023-03-06T19:10:29.204+0000] {logging_mixin.py:137} INFO - [2023-03-06T19:10:29.204+0000] {dag.py:3441} INFO - Setting next_dagrun for example_weekday_branch_operator to 2023-03-05T00:00:00+00:00, run_after=2023-03-06T00:00:00+00:00
[2023-03-06T19:10:29.281+0000] {processor.py:175} INFO - Processing /home/airflow/.local/lib/python3.7/site-packages/airflow/example_dags/example_branch_day_of_week_operator.py took 0.359 seconds
[2023-03-06T19:10:59.844+0000] {processor.py:153} INFO - Started process (PID=2679) to work on /home/airflow/.local/lib/python3.7/site-packages/airflow/example_dags/example_branch_day_of_week_operator.py
[2023-03-06T19:10:59.851+0000] {processor.py:743} INFO - Processing file /home/airflow/.local/lib/python3.7/site-packages/airflow/example_dags/example_branch_day_of_week_operator.py for tasks to queue
[2023-03-06T19:10:59.857+0000] {logging_mixin.py:137} INFO - [2023-03-06T19:10:59.857+0000] {dagbag.py:538} INFO - Filling up the DagBag from /home/airflow/.local/lib/python3.7/site-packages/airflow/example_dags/example_branch_day_of_week_operator.py
[2023-03-06T19:10:59.905+0000] {processor.py:753} INFO - DAG(s) dict_keys(['example_weekday_branch_operator']) retrieved from /home/airflow/.local/lib/python3.7/site-packages/airflow/example_dags/example_branch_day_of_week_operator.py
[2023-03-06T19:10:59.981+0000] {logging_mixin.py:137} INFO - [2023-03-06T19:10:59.980+0000] {dag.py:2690} INFO - Sync 1 DAGs
[2023-03-06T19:11:00.080+0000] {logging_mixin.py:137} INFO - [2023-03-06T19:11:00.079+0000] {dag.py:3441} INFO - Setting next_dagrun for example_weekday_branch_operator to 2023-03-05T00:00:00+00:00, run_after=2023-03-06T00:00:00+00:00
[2023-03-06T19:11:00.137+0000] {processor.py:175} INFO - Processing /home/airflow/.local/lib/python3.7/site-packages/airflow/example_dags/example_branch_day_of_week_operator.py took 0.305 seconds
[2023-03-06T19:11:30.301+0000] {processor.py:153} INFO - Started process (PID=2746) to work on /home/airflow/.local/lib/python3.7/site-packages/airflow/example_dags/example_branch_day_of_week_operator.py
[2023-03-06T19:11:30.308+0000] {processor.py:743} INFO - Processing file /home/airflow/.local/lib/python3.7/site-packages/airflow/example_dags/example_branch_day_of_week_operator.py for tasks to queue
[2023-03-06T19:11:30.312+0000] {logging_mixin.py:137} INFO - [2023-03-06T19:11:30.312+0000] {dagbag.py:538} INFO - Filling up the DagBag from /home/airflow/.local/lib/python3.7/site-packages/airflow/example_dags/example_branch_day_of_week_operator.py
[2023-03-06T19:11:30.356+0000] {processor.py:753} INFO - DAG(s) dict_keys(['example_weekday_branch_operator']) retrieved from /home/airflow/.local/lib/python3.7/site-packages/airflow/example_dags/example_branch_day_of_week_operator.py
[2023-03-06T19:11:30.434+0000] {logging_mixin.py:137} INFO - [2023-03-06T19:11:30.434+0000] {dag.py:2690} INFO - Sync 1 DAGs
[2023-03-06T19:11:30.530+0000] {logging_mixin.py:137} INFO - [2023-03-06T19:11:30.529+0000] {dag.py:3441} INFO - Setting next_dagrun for example_weekday_branch_operator to 2023-03-05T00:00:00+00:00, run_after=2023-03-06T00:00:00+00:00
[2023-03-06T19:11:30.581+0000] {processor.py:175} INFO - Processing /home/airflow/.local/lib/python3.7/site-packages/airflow/example_dags/example_branch_day_of_week_operator.py took 0.293 seconds
[2023-03-06T19:12:03.600+0000] {processor.py:153} INFO - Started process (PID=2813) to work on /home/airflow/.local/lib/python3.7/site-packages/airflow/example_dags/example_branch_day_of_week_operator.py
[2023-03-06T19:12:03.604+0000] {processor.py:743} INFO - Processing file /home/airflow/.local/lib/python3.7/site-packages/airflow/example_dags/example_branch_day_of_week_operator.py for tasks to queue
[2023-03-06T19:12:03.610+0000] {logging_mixin.py:137} INFO - [2023-03-06T19:12:03.609+0000] {dagbag.py:538} INFO - Filling up the DagBag from /home/airflow/.local/lib/python3.7/site-packages/airflow/example_dags/example_branch_day_of_week_operator.py
[2023-03-06T19:12:03.678+0000] {processor.py:753} INFO - DAG(s) dict_keys(['example_weekday_branch_operator']) retrieved from /home/airflow/.local/lib/python3.7/site-packages/airflow/example_dags/example_branch_day_of_week_operator.py
[2023-03-06T19:12:03.803+0000] {logging_mixin.py:137} INFO - [2023-03-06T19:12:03.802+0000] {dag.py:2690} INFO - Sync 1 DAGs
[2023-03-06T19:12:04.003+0000] {logging_mixin.py:137} INFO - [2023-03-06T19:12:04.002+0000] {dag.py:3441} INFO - Setting next_dagrun for example_weekday_branch_operator to 2023-03-05T00:00:00+00:00, run_after=2023-03-06T00:00:00+00:00
[2023-03-06T19:12:04.074+0000] {processor.py:175} INFO - Processing /home/airflow/.local/lib/python3.7/site-packages/airflow/example_dags/example_branch_day_of_week_operator.py took 0.485 seconds
