[2023-03-06T17:08:32.347+0000] {processor.py:153} INFO - Started process (PID=95) to work on /home/airflow/.local/lib/python3.7/site-packages/airflow/example_dags/example_latest_only_with_trigger.py
[2023-03-06T17:08:32.350+0000] {processor.py:743} INFO - Processing file /home/airflow/.local/lib/python3.7/site-packages/airflow/example_dags/example_latest_only_with_trigger.py for tasks to queue
[2023-03-06T17:08:32.353+0000] {logging_mixin.py:137} INFO - [2023-03-06T17:08:32.352+0000] {dagbag.py:538} INFO - Filling up the DagBag from /home/airflow/.local/lib/python3.7/site-packages/airflow/example_dags/example_latest_only_with_trigger.py
[2023-03-06T17:08:32.380+0000] {processor.py:753} INFO - DAG(s) dict_keys(['latest_only_with_trigger']) retrieved from /home/airflow/.local/lib/python3.7/site-packages/airflow/example_dags/example_latest_only_with_trigger.py
[2023-03-06T17:08:32.428+0000] {logging_mixin.py:137} INFO - [2023-03-06T17:08:32.427+0000] {dag.py:2690} INFO - Sync 1 DAGs
[2023-03-06T17:08:32.474+0000] {logging_mixin.py:137} INFO - [2023-03-06T17:08:32.474+0000] {dag.py:3441} INFO - Setting next_dagrun for latest_only_with_trigger to 2023-03-06T13:08:32.473888+00:00, run_after=2023-03-06T17:08:32.473888+00:00
[2023-03-06T17:08:32.507+0000] {processor.py:175} INFO - Processing /home/airflow/.local/lib/python3.7/site-packages/airflow/example_dags/example_latest_only_with_trigger.py took 0.166 seconds
[2023-03-06T17:09:03.143+0000] {processor.py:153} INFO - Started process (PID=161) to work on /home/airflow/.local/lib/python3.7/site-packages/airflow/example_dags/example_latest_only_with_trigger.py
[2023-03-06T17:09:03.148+0000] {processor.py:743} INFO - Processing file /home/airflow/.local/lib/python3.7/site-packages/airflow/example_dags/example_latest_only_with_trigger.py for tasks to queue
[2023-03-06T17:09:03.154+0000] {logging_mixin.py:137} INFO - [2023-03-06T17:09:03.154+0000] {dagbag.py:538} INFO - Filling up the DagBag from /home/airflow/.local/lib/python3.7/site-packages/airflow/example_dags/example_latest_only_with_trigger.py
[2023-03-06T17:09:03.202+0000] {processor.py:753} INFO - DAG(s) dict_keys(['latest_only_with_trigger']) retrieved from /home/airflow/.local/lib/python3.7/site-packages/airflow/example_dags/example_latest_only_with_trigger.py
[2023-03-06T17:09:03.270+0000] {logging_mixin.py:137} INFO - [2023-03-06T17:09:03.270+0000] {dag.py:2690} INFO - Sync 1 DAGs
[2023-03-06T17:09:03.336+0000] {logging_mixin.py:137} INFO - [2023-03-06T17:09:03.336+0000] {dag.py:3441} INFO - Setting next_dagrun for latest_only_with_trigger to 2023-03-06T13:09:03.335117+00:00, run_after=2023-03-06T17:09:03.335117+00:00
[2023-03-06T17:09:03.387+0000] {processor.py:175} INFO - Processing /home/airflow/.local/lib/python3.7/site-packages/airflow/example_dags/example_latest_only_with_trigger.py took 0.258 seconds
[2023-03-06T17:09:39.808+0000] {processor.py:153} INFO - Started process (PID=235) to work on /home/airflow/.local/lib/python3.7/site-packages/airflow/example_dags/example_latest_only_with_trigger.py
[2023-03-06T17:09:39.818+0000] {processor.py:743} INFO - Processing file /home/airflow/.local/lib/python3.7/site-packages/airflow/example_dags/example_latest_only_with_trigger.py for tasks to queue
[2023-03-06T17:09:39.824+0000] {logging_mixin.py:137} INFO - [2023-03-06T17:09:39.823+0000] {dagbag.py:538} INFO - Filling up the DagBag from /home/airflow/.local/lib/python3.7/site-packages/airflow/example_dags/example_latest_only_with_trigger.py
[2023-03-06T17:09:39.894+0000] {processor.py:753} INFO - DAG(s) dict_keys(['latest_only_with_trigger']) retrieved from /home/airflow/.local/lib/python3.7/site-packages/airflow/example_dags/example_latest_only_with_trigger.py
[2023-03-06T17:09:40.012+0000] {logging_mixin.py:137} INFO - [2023-03-06T17:09:40.011+0000] {dag.py:2690} INFO - Sync 1 DAGs
[2023-03-06T17:09:40.134+0000] {logging_mixin.py:137} INFO - [2023-03-06T17:09:40.133+0000] {dag.py:3441} INFO - Setting next_dagrun for latest_only_with_trigger to 2023-03-06T13:09:40.131128+00:00, run_after=2023-03-06T17:09:40.131128+00:00
[2023-03-06T17:09:40.192+0000] {processor.py:175} INFO - Processing /home/airflow/.local/lib/python3.7/site-packages/airflow/example_dags/example_latest_only_with_trigger.py took 0.411 seconds
[2023-03-06T17:10:16.352+0000] {processor.py:153} INFO - Started process (PID=301) to work on /home/airflow/.local/lib/python3.7/site-packages/airflow/example_dags/example_latest_only_with_trigger.py
[2023-03-06T17:10:16.358+0000] {processor.py:743} INFO - Processing file /home/airflow/.local/lib/python3.7/site-packages/airflow/example_dags/example_latest_only_with_trigger.py for tasks to queue
[2023-03-06T17:10:16.376+0000] {logging_mixin.py:137} INFO - [2023-03-06T17:10:16.376+0000] {dagbag.py:538} INFO - Filling up the DagBag from /home/airflow/.local/lib/python3.7/site-packages/airflow/example_dags/example_latest_only_with_trigger.py
[2023-03-06T17:10:16.432+0000] {processor.py:753} INFO - DAG(s) dict_keys(['latest_only_with_trigger']) retrieved from /home/airflow/.local/lib/python3.7/site-packages/airflow/example_dags/example_latest_only_with_trigger.py
[2023-03-06T17:10:16.529+0000] {logging_mixin.py:137} INFO - [2023-03-06T17:10:16.529+0000] {dag.py:2690} INFO - Sync 1 DAGs
[2023-03-06T17:10:16.673+0000] {logging_mixin.py:137} INFO - [2023-03-06T17:10:16.673+0000] {dag.py:3441} INFO - Setting next_dagrun for latest_only_with_trigger to 2023-03-06T13:10:16.672474+00:00, run_after=2023-03-06T17:10:16.672474+00:00
[2023-03-06T17:10:16.734+0000] {processor.py:175} INFO - Processing /home/airflow/.local/lib/python3.7/site-packages/airflow/example_dags/example_latest_only_with_trigger.py took 0.398 seconds
[2023-03-06T17:10:48.989+0000] {processor.py:153} INFO - Started process (PID=367) to work on /home/airflow/.local/lib/python3.7/site-packages/airflow/example_dags/example_latest_only_with_trigger.py
[2023-03-06T17:10:48.993+0000] {processor.py:743} INFO - Processing file /home/airflow/.local/lib/python3.7/site-packages/airflow/example_dags/example_latest_only_with_trigger.py for tasks to queue
[2023-03-06T17:10:48.997+0000] {logging_mixin.py:137} INFO - [2023-03-06T17:10:48.996+0000] {dagbag.py:538} INFO - Filling up the DagBag from /home/airflow/.local/lib/python3.7/site-packages/airflow/example_dags/example_latest_only_with_trigger.py
[2023-03-06T17:10:49.034+0000] {processor.py:753} INFO - DAG(s) dict_keys(['latest_only_with_trigger']) retrieved from /home/airflow/.local/lib/python3.7/site-packages/airflow/example_dags/example_latest_only_with_trigger.py
[2023-03-06T17:10:49.105+0000] {logging_mixin.py:137} INFO - [2023-03-06T17:10:49.105+0000] {dag.py:2690} INFO - Sync 1 DAGs
[2023-03-06T17:10:49.170+0000] {logging_mixin.py:137} INFO - [2023-03-06T17:10:49.170+0000] {dag.py:3441} INFO - Setting next_dagrun for latest_only_with_trigger to 2023-03-06T13:10:49.169503+00:00, run_after=2023-03-06T17:10:49.169503+00:00
[2023-03-06T17:10:49.213+0000] {processor.py:175} INFO - Processing /home/airflow/.local/lib/python3.7/site-packages/airflow/example_dags/example_latest_only_with_trigger.py took 0.235 seconds
[2023-03-06T17:11:25.411+0000] {processor.py:153} INFO - Started process (PID=437) to work on /home/airflow/.local/lib/python3.7/site-packages/airflow/example_dags/example_latest_only_with_trigger.py
[2023-03-06T17:11:25.415+0000] {processor.py:743} INFO - Processing file /home/airflow/.local/lib/python3.7/site-packages/airflow/example_dags/example_latest_only_with_trigger.py for tasks to queue
[2023-03-06T17:11:25.419+0000] {logging_mixin.py:137} INFO - [2023-03-06T17:11:25.419+0000] {dagbag.py:538} INFO - Filling up the DagBag from /home/airflow/.local/lib/python3.7/site-packages/airflow/example_dags/example_latest_only_with_trigger.py
[2023-03-06T17:11:25.460+0000] {processor.py:753} INFO - DAG(s) dict_keys(['latest_only_with_trigger']) retrieved from /home/airflow/.local/lib/python3.7/site-packages/airflow/example_dags/example_latest_only_with_trigger.py
[2023-03-06T17:11:25.534+0000] {logging_mixin.py:137} INFO - [2023-03-06T17:11:25.533+0000] {dag.py:2690} INFO - Sync 1 DAGs
[2023-03-06T17:11:25.639+0000] {logging_mixin.py:137} INFO - [2023-03-06T17:11:25.639+0000] {dag.py:3441} INFO - Setting next_dagrun for latest_only_with_trigger to 2023-03-06T13:11:25.638502+00:00, run_after=2023-03-06T17:11:25.638502+00:00
[2023-03-06T17:11:25.772+0000] {processor.py:175} INFO - Processing /home/airflow/.local/lib/python3.7/site-packages/airflow/example_dags/example_latest_only_with_trigger.py took 0.372 seconds
[2023-03-06T17:11:58.408+0000] {processor.py:153} INFO - Started process (PID=504) to work on /home/airflow/.local/lib/python3.7/site-packages/airflow/example_dags/example_latest_only_with_trigger.py
[2023-03-06T17:11:58.413+0000] {processor.py:743} INFO - Processing file /home/airflow/.local/lib/python3.7/site-packages/airflow/example_dags/example_latest_only_with_trigger.py for tasks to queue
[2023-03-06T17:11:58.416+0000] {logging_mixin.py:137} INFO - [2023-03-06T17:11:58.415+0000] {dagbag.py:538} INFO - Filling up the DagBag from /home/airflow/.local/lib/python3.7/site-packages/airflow/example_dags/example_latest_only_with_trigger.py
[2023-03-06T17:11:58.449+0000] {processor.py:753} INFO - DAG(s) dict_keys(['latest_only_with_trigger']) retrieved from /home/airflow/.local/lib/python3.7/site-packages/airflow/example_dags/example_latest_only_with_trigger.py
[2023-03-06T17:11:58.503+0000] {logging_mixin.py:137} INFO - [2023-03-06T17:11:58.502+0000] {dag.py:2690} INFO - Sync 1 DAGs
[2023-03-06T17:11:58.552+0000] {logging_mixin.py:137} INFO - [2023-03-06T17:11:58.552+0000] {dag.py:3441} INFO - Setting next_dagrun for latest_only_with_trigger to 2023-03-06T13:11:58.551531+00:00, run_after=2023-03-06T17:11:58.551531+00:00
[2023-03-06T17:11:58.591+0000] {processor.py:175} INFO - Processing /home/airflow/.local/lib/python3.7/site-packages/airflow/example_dags/example_latest_only_with_trigger.py took 0.190 seconds
[2023-03-06T17:12:33.832+0000] {processor.py:153} INFO - Started process (PID=580) to work on /home/airflow/.local/lib/python3.7/site-packages/airflow/example_dags/example_latest_only_with_trigger.py
[2023-03-06T17:12:33.836+0000] {processor.py:743} INFO - Processing file /home/airflow/.local/lib/python3.7/site-packages/airflow/example_dags/example_latest_only_with_trigger.py for tasks to queue
[2023-03-06T17:12:33.840+0000] {logging_mixin.py:137} INFO - [2023-03-06T17:12:33.840+0000] {dagbag.py:538} INFO - Filling up the DagBag from /home/airflow/.local/lib/python3.7/site-packages/airflow/example_dags/example_latest_only_with_trigger.py
[2023-03-06T17:12:33.876+0000] {processor.py:753} INFO - DAG(s) dict_keys(['latest_only_with_trigger']) retrieved from /home/airflow/.local/lib/python3.7/site-packages/airflow/example_dags/example_latest_only_with_trigger.py
[2023-03-06T17:12:33.933+0000] {logging_mixin.py:137} INFO - [2023-03-06T17:12:33.932+0000] {dag.py:2690} INFO - Sync 1 DAGs
[2023-03-06T17:12:33.986+0000] {logging_mixin.py:137} INFO - [2023-03-06T17:12:33.986+0000] {dag.py:3441} INFO - Setting next_dagrun for latest_only_with_trigger to 2023-03-06T13:12:33.986051+00:00, run_after=2023-03-06T17:12:33.986051+00:00
[2023-03-06T17:12:34.025+0000] {processor.py:175} INFO - Processing /home/airflow/.local/lib/python3.7/site-packages/airflow/example_dags/example_latest_only_with_trigger.py took 0.199 seconds
[2023-03-06T17:13:06.010+0000] {processor.py:153} INFO - Started process (PID=650) to work on /home/airflow/.local/lib/python3.7/site-packages/airflow/example_dags/example_latest_only_with_trigger.py
[2023-03-06T17:13:06.012+0000] {processor.py:743} INFO - Processing file /home/airflow/.local/lib/python3.7/site-packages/airflow/example_dags/example_latest_only_with_trigger.py for tasks to queue
[2023-03-06T17:13:06.014+0000] {logging_mixin.py:137} INFO - [2023-03-06T17:13:06.014+0000] {dagbag.py:538} INFO - Filling up the DagBag from /home/airflow/.local/lib/python3.7/site-packages/airflow/example_dags/example_latest_only_with_trigger.py
[2023-03-06T17:13:06.042+0000] {processor.py:753} INFO - DAG(s) dict_keys(['latest_only_with_trigger']) retrieved from /home/airflow/.local/lib/python3.7/site-packages/airflow/example_dags/example_latest_only_with_trigger.py
[2023-03-06T17:13:06.092+0000] {logging_mixin.py:137} INFO - [2023-03-06T17:13:06.092+0000] {dag.py:2690} INFO - Sync 1 DAGs
[2023-03-06T17:13:06.140+0000] {logging_mixin.py:137} INFO - [2023-03-06T17:13:06.140+0000] {dag.py:3441} INFO - Setting next_dagrun for latest_only_with_trigger to 2023-03-06T13:13:06.140207+00:00, run_after=2023-03-06T17:13:06.140207+00:00
[2023-03-06T17:13:06.174+0000] {processor.py:175} INFO - Processing /home/airflow/.local/lib/python3.7/site-packages/airflow/example_dags/example_latest_only_with_trigger.py took 0.170 seconds
[2023-03-06T17:13:40.514+0000] {processor.py:153} INFO - Started process (PID=724) to work on /home/airflow/.local/lib/python3.7/site-packages/airflow/example_dags/example_latest_only_with_trigger.py
[2023-03-06T17:13:40.516+0000] {processor.py:743} INFO - Processing file /home/airflow/.local/lib/python3.7/site-packages/airflow/example_dags/example_latest_only_with_trigger.py for tasks to queue
[2023-03-06T17:13:40.519+0000] {logging_mixin.py:137} INFO - [2023-03-06T17:13:40.519+0000] {dagbag.py:538} INFO - Filling up the DagBag from /home/airflow/.local/lib/python3.7/site-packages/airflow/example_dags/example_latest_only_with_trigger.py
[2023-03-06T17:13:40.546+0000] {processor.py:753} INFO - DAG(s) dict_keys(['latest_only_with_trigger']) retrieved from /home/airflow/.local/lib/python3.7/site-packages/airflow/example_dags/example_latest_only_with_trigger.py
[2023-03-06T17:13:40.594+0000] {logging_mixin.py:137} INFO - [2023-03-06T17:13:40.594+0000] {dag.py:2690} INFO - Sync 1 DAGs
[2023-03-06T17:13:40.638+0000] {logging_mixin.py:137} INFO - [2023-03-06T17:13:40.637+0000] {dag.py:3441} INFO - Setting next_dagrun for latest_only_with_trigger to 2023-03-06T13:13:40.637465+00:00, run_after=2023-03-06T17:13:40.637465+00:00
[2023-03-06T17:13:40.669+0000] {processor.py:175} INFO - Processing /home/airflow/.local/lib/python3.7/site-packages/airflow/example_dags/example_latest_only_with_trigger.py took 0.162 seconds
[2023-03-06T18:50:23.768+0000] {processor.py:153} INFO - Started process (PID=94) to work on /home/airflow/.local/lib/python3.7/site-packages/airflow/example_dags/example_latest_only_with_trigger.py
[2023-03-06T18:50:23.775+0000] {processor.py:743} INFO - Processing file /home/airflow/.local/lib/python3.7/site-packages/airflow/example_dags/example_latest_only_with_trigger.py for tasks to queue
[2023-03-06T18:50:23.779+0000] {logging_mixin.py:137} INFO - [2023-03-06T18:50:23.779+0000] {dagbag.py:538} INFO - Filling up the DagBag from /home/airflow/.local/lib/python3.7/site-packages/airflow/example_dags/example_latest_only_with_trigger.py
[2023-03-06T18:50:23.816+0000] {processor.py:753} INFO - DAG(s) dict_keys(['latest_only_with_trigger']) retrieved from /home/airflow/.local/lib/python3.7/site-packages/airflow/example_dags/example_latest_only_with_trigger.py
[2023-03-06T18:50:23.904+0000] {logging_mixin.py:137} INFO - [2023-03-06T18:50:23.904+0000] {dag.py:2690} INFO - Sync 1 DAGs
[2023-03-06T18:50:24.007+0000] {logging_mixin.py:137} INFO - [2023-03-06T18:50:24.007+0000] {dag.py:3441} INFO - Setting next_dagrun for latest_only_with_trigger to 2023-03-06T14:50:24.006755+00:00, run_after=2023-03-06T18:50:24.006755+00:00
[2023-03-06T18:50:24.047+0000] {processor.py:175} INFO - Processing /home/airflow/.local/lib/python3.7/site-packages/airflow/example_dags/example_latest_only_with_trigger.py took 0.292 seconds
[2023-03-06T18:50:54.751+0000] {processor.py:153} INFO - Started process (PID=161) to work on /home/airflow/.local/lib/python3.7/site-packages/airflow/example_dags/example_latest_only_with_trigger.py
[2023-03-06T18:50:54.757+0000] {processor.py:743} INFO - Processing file /home/airflow/.local/lib/python3.7/site-packages/airflow/example_dags/example_latest_only_with_trigger.py for tasks to queue
[2023-03-06T18:50:54.761+0000] {logging_mixin.py:137} INFO - [2023-03-06T18:50:54.760+0000] {dagbag.py:538} INFO - Filling up the DagBag from /home/airflow/.local/lib/python3.7/site-packages/airflow/example_dags/example_latest_only_with_trigger.py
[2023-03-06T18:50:54.794+0000] {processor.py:753} INFO - DAG(s) dict_keys(['latest_only_with_trigger']) retrieved from /home/airflow/.local/lib/python3.7/site-packages/airflow/example_dags/example_latest_only_with_trigger.py
[2023-03-06T18:50:54.844+0000] {logging_mixin.py:137} INFO - [2023-03-06T18:50:54.844+0000] {dag.py:2690} INFO - Sync 1 DAGs
[2023-03-06T18:50:54.929+0000] {logging_mixin.py:137} INFO - [2023-03-06T18:50:54.929+0000] {dag.py:3441} INFO - Setting next_dagrun for latest_only_with_trigger to 2023-03-06T14:50:54.928729+00:00, run_after=2023-03-06T18:50:54.928729+00:00
[2023-03-06T18:50:54.968+0000] {processor.py:175} INFO - Processing /home/airflow/.local/lib/python3.7/site-packages/airflow/example_dags/example_latest_only_with_trigger.py took 0.223 seconds
[2023-03-06T18:51:25.524+0000] {processor.py:153} INFO - Started process (PID=226) to work on /home/airflow/.local/lib/python3.7/site-packages/airflow/example_dags/example_latest_only_with_trigger.py
[2023-03-06T18:51:25.527+0000] {processor.py:743} INFO - Processing file /home/airflow/.local/lib/python3.7/site-packages/airflow/example_dags/example_latest_only_with_trigger.py for tasks to queue
[2023-03-06T18:51:25.530+0000] {logging_mixin.py:137} INFO - [2023-03-06T18:51:25.529+0000] {dagbag.py:538} INFO - Filling up the DagBag from /home/airflow/.local/lib/python3.7/site-packages/airflow/example_dags/example_latest_only_with_trigger.py
[2023-03-06T18:51:25.566+0000] {processor.py:753} INFO - DAG(s) dict_keys(['latest_only_with_trigger']) retrieved from /home/airflow/.local/lib/python3.7/site-packages/airflow/example_dags/example_latest_only_with_trigger.py
[2023-03-06T18:51:25.630+0000] {logging_mixin.py:137} INFO - [2023-03-06T18:51:25.629+0000] {dag.py:2690} INFO - Sync 1 DAGs
[2023-03-06T18:51:25.691+0000] {logging_mixin.py:137} INFO - [2023-03-06T18:51:25.691+0000] {dag.py:3441} INFO - Setting next_dagrun for latest_only_with_trigger to 2023-03-06T14:51:25.691138+00:00, run_after=2023-03-06T18:51:25.691138+00:00
[2023-03-06T18:51:25.725+0000] {processor.py:175} INFO - Processing /home/airflow/.local/lib/python3.7/site-packages/airflow/example_dags/example_latest_only_with_trigger.py took 0.207 seconds
[2023-03-06T18:51:56.058+0000] {processor.py:153} INFO - Started process (PID=292) to work on /home/airflow/.local/lib/python3.7/site-packages/airflow/example_dags/example_latest_only_with_trigger.py
[2023-03-06T18:51:56.062+0000] {processor.py:743} INFO - Processing file /home/airflow/.local/lib/python3.7/site-packages/airflow/example_dags/example_latest_only_with_trigger.py for tasks to queue
[2023-03-06T18:51:56.066+0000] {logging_mixin.py:137} INFO - [2023-03-06T18:51:56.065+0000] {dagbag.py:538} INFO - Filling up the DagBag from /home/airflow/.local/lib/python3.7/site-packages/airflow/example_dags/example_latest_only_with_trigger.py
[2023-03-06T18:51:56.134+0000] {processor.py:753} INFO - DAG(s) dict_keys(['latest_only_with_trigger']) retrieved from /home/airflow/.local/lib/python3.7/site-packages/airflow/example_dags/example_latest_only_with_trigger.py
[2023-03-06T18:51:56.201+0000] {logging_mixin.py:137} INFO - [2023-03-06T18:51:56.201+0000] {dag.py:2690} INFO - Sync 1 DAGs
[2023-03-06T18:51:56.268+0000] {logging_mixin.py:137} INFO - [2023-03-06T18:51:56.268+0000] {dag.py:3441} INFO - Setting next_dagrun for latest_only_with_trigger to 2023-03-06T14:51:56.268155+00:00, run_after=2023-03-06T18:51:56.268155+00:00
[2023-03-06T18:51:56.313+0000] {processor.py:175} INFO - Processing /home/airflow/.local/lib/python3.7/site-packages/airflow/example_dags/example_latest_only_with_trigger.py took 0.262 seconds
[2023-03-06T18:52:26.726+0000] {processor.py:153} INFO - Started process (PID=360) to work on /home/airflow/.local/lib/python3.7/site-packages/airflow/example_dags/example_latest_only_with_trigger.py
[2023-03-06T18:52:26.729+0000] {processor.py:743} INFO - Processing file /home/airflow/.local/lib/python3.7/site-packages/airflow/example_dags/example_latest_only_with_trigger.py for tasks to queue
[2023-03-06T18:52:26.732+0000] {logging_mixin.py:137} INFO - [2023-03-06T18:52:26.731+0000] {dagbag.py:538} INFO - Filling up the DagBag from /home/airflow/.local/lib/python3.7/site-packages/airflow/example_dags/example_latest_only_with_trigger.py
[2023-03-06T18:52:26.762+0000] {processor.py:753} INFO - DAG(s) dict_keys(['latest_only_with_trigger']) retrieved from /home/airflow/.local/lib/python3.7/site-packages/airflow/example_dags/example_latest_only_with_trigger.py
[2023-03-06T18:52:26.814+0000] {logging_mixin.py:137} INFO - [2023-03-06T18:52:26.814+0000] {dag.py:2690} INFO - Sync 1 DAGs
[2023-03-06T18:52:26.865+0000] {logging_mixin.py:137} INFO - [2023-03-06T18:52:26.865+0000] {dag.py:3441} INFO - Setting next_dagrun for latest_only_with_trigger to 2023-03-06T14:52:26.865069+00:00, run_after=2023-03-06T18:52:26.865069+00:00
[2023-03-06T18:52:26.909+0000] {processor.py:175} INFO - Processing /home/airflow/.local/lib/python3.7/site-packages/airflow/example_dags/example_latest_only_with_trigger.py took 0.191 seconds
[2023-03-06T18:52:58.225+0000] {processor.py:153} INFO - Started process (PID=427) to work on /home/airflow/.local/lib/python3.7/site-packages/airflow/example_dags/example_latest_only_with_trigger.py
[2023-03-06T18:52:58.229+0000] {processor.py:743} INFO - Processing file /home/airflow/.local/lib/python3.7/site-packages/airflow/example_dags/example_latest_only_with_trigger.py for tasks to queue
[2023-03-06T18:52:58.233+0000] {logging_mixin.py:137} INFO - [2023-03-06T18:52:58.232+0000] {dagbag.py:538} INFO - Filling up the DagBag from /home/airflow/.local/lib/python3.7/site-packages/airflow/example_dags/example_latest_only_with_trigger.py
[2023-03-06T18:52:58.268+0000] {processor.py:753} INFO - DAG(s) dict_keys(['latest_only_with_trigger']) retrieved from /home/airflow/.local/lib/python3.7/site-packages/airflow/example_dags/example_latest_only_with_trigger.py
[2023-03-06T18:52:58.342+0000] {logging_mixin.py:137} INFO - [2023-03-06T18:52:58.341+0000] {dag.py:2690} INFO - Sync 1 DAGs
[2023-03-06T18:52:58.396+0000] {logging_mixin.py:137} INFO - [2023-03-06T18:52:58.395+0000] {dag.py:3441} INFO - Setting next_dagrun for latest_only_with_trigger to 2023-03-06T14:52:58.395367+00:00, run_after=2023-03-06T18:52:58.395367+00:00
[2023-03-06T18:52:58.438+0000] {processor.py:175} INFO - Processing /home/airflow/.local/lib/python3.7/site-packages/airflow/example_dags/example_latest_only_with_trigger.py took 0.222 seconds
[2023-03-06T18:53:32.756+0000] {processor.py:153} INFO - Started process (PID=503) to work on /home/airflow/.local/lib/python3.7/site-packages/airflow/example_dags/example_latest_only_with_trigger.py
[2023-03-06T18:53:32.762+0000] {processor.py:743} INFO - Processing file /home/airflow/.local/lib/python3.7/site-packages/airflow/example_dags/example_latest_only_with_trigger.py for tasks to queue
[2023-03-06T18:53:32.771+0000] {logging_mixin.py:137} INFO - [2023-03-06T18:53:32.770+0000] {dagbag.py:538} INFO - Filling up the DagBag from /home/airflow/.local/lib/python3.7/site-packages/airflow/example_dags/example_latest_only_with_trigger.py
[2023-03-06T18:53:32.854+0000] {processor.py:753} INFO - DAG(s) dict_keys(['latest_only_with_trigger']) retrieved from /home/airflow/.local/lib/python3.7/site-packages/airflow/example_dags/example_latest_only_with_trigger.py
[2023-03-06T18:53:33.012+0000] {logging_mixin.py:137} INFO - [2023-03-06T18:53:33.011+0000] {dag.py:2690} INFO - Sync 1 DAGs
[2023-03-06T18:53:33.303+0000] {logging_mixin.py:137} INFO - [2023-03-06T18:53:33.302+0000] {dag.py:3441} INFO - Setting next_dagrun for latest_only_with_trigger to 2023-03-06T14:53:33.302079+00:00, run_after=2023-03-06T18:53:33.302079+00:00
[2023-03-06T18:53:33.533+0000] {processor.py:175} INFO - Processing /home/airflow/.local/lib/python3.7/site-packages/airflow/example_dags/example_latest_only_with_trigger.py took 0.793 seconds
[2023-03-06T18:54:03.999+0000] {processor.py:153} INFO - Started process (PID=572) to work on /home/airflow/.local/lib/python3.7/site-packages/airflow/example_dags/example_latest_only_with_trigger.py
[2023-03-06T18:54:04.006+0000] {processor.py:743} INFO - Processing file /home/airflow/.local/lib/python3.7/site-packages/airflow/example_dags/example_latest_only_with_trigger.py for tasks to queue
[2023-03-06T18:54:04.021+0000] {logging_mixin.py:137} INFO - [2023-03-06T18:54:04.021+0000] {dagbag.py:538} INFO - Filling up the DagBag from /home/airflow/.local/lib/python3.7/site-packages/airflow/example_dags/example_latest_only_with_trigger.py
[2023-03-06T18:54:04.130+0000] {processor.py:753} INFO - DAG(s) dict_keys(['latest_only_with_trigger']) retrieved from /home/airflow/.local/lib/python3.7/site-packages/airflow/example_dags/example_latest_only_with_trigger.py
[2023-03-06T18:54:04.219+0000] {logging_mixin.py:137} INFO - [2023-03-06T18:54:04.219+0000] {dag.py:2690} INFO - Sync 1 DAGs
[2023-03-06T18:54:04.294+0000] {logging_mixin.py:137} INFO - [2023-03-06T18:54:04.294+0000] {dag.py:3441} INFO - Setting next_dagrun for latest_only_with_trigger to 2023-03-06T14:54:04.293831+00:00, run_after=2023-03-06T18:54:04.293831+00:00
[2023-03-06T18:54:04.377+0000] {processor.py:175} INFO - Processing /home/airflow/.local/lib/python3.7/site-packages/airflow/example_dags/example_latest_only_with_trigger.py took 0.394 seconds
[2023-03-06T18:54:35.152+0000] {processor.py:153} INFO - Started process (PID=641) to work on /home/airflow/.local/lib/python3.7/site-packages/airflow/example_dags/example_latest_only_with_trigger.py
[2023-03-06T18:54:35.155+0000] {processor.py:743} INFO - Processing file /home/airflow/.local/lib/python3.7/site-packages/airflow/example_dags/example_latest_only_with_trigger.py for tasks to queue
[2023-03-06T18:54:35.159+0000] {logging_mixin.py:137} INFO - [2023-03-06T18:54:35.158+0000] {dagbag.py:538} INFO - Filling up the DagBag from /home/airflow/.local/lib/python3.7/site-packages/airflow/example_dags/example_latest_only_with_trigger.py
[2023-03-06T18:54:35.185+0000] {processor.py:753} INFO - DAG(s) dict_keys(['latest_only_with_trigger']) retrieved from /home/airflow/.local/lib/python3.7/site-packages/airflow/example_dags/example_latest_only_with_trigger.py
[2023-03-06T18:54:35.234+0000] {logging_mixin.py:137} INFO - [2023-03-06T18:54:35.234+0000] {dag.py:2690} INFO - Sync 1 DAGs
[2023-03-06T18:54:35.284+0000] {logging_mixin.py:137} INFO - [2023-03-06T18:54:35.284+0000] {dag.py:3441} INFO - Setting next_dagrun for latest_only_with_trigger to 2023-03-06T14:54:35.283774+00:00, run_after=2023-03-06T18:54:35.283774+00:00
[2023-03-06T18:54:35.323+0000] {processor.py:175} INFO - Processing /home/airflow/.local/lib/python3.7/site-packages/airflow/example_dags/example_latest_only_with_trigger.py took 0.177 seconds
[2023-03-06T18:55:05.478+0000] {processor.py:153} INFO - Started process (PID=708) to work on /home/airflow/.local/lib/python3.7/site-packages/airflow/example_dags/example_latest_only_with_trigger.py
[2023-03-06T18:55:05.486+0000] {processor.py:743} INFO - Processing file /home/airflow/.local/lib/python3.7/site-packages/airflow/example_dags/example_latest_only_with_trigger.py for tasks to queue
[2023-03-06T18:55:05.490+0000] {logging_mixin.py:137} INFO - [2023-03-06T18:55:05.490+0000] {dagbag.py:538} INFO - Filling up the DagBag from /home/airflow/.local/lib/python3.7/site-packages/airflow/example_dags/example_latest_only_with_trigger.py
[2023-03-06T18:55:05.524+0000] {processor.py:753} INFO - DAG(s) dict_keys(['latest_only_with_trigger']) retrieved from /home/airflow/.local/lib/python3.7/site-packages/airflow/example_dags/example_latest_only_with_trigger.py
[2023-03-06T18:55:05.583+0000] {logging_mixin.py:137} INFO - [2023-03-06T18:55:05.583+0000] {dag.py:2690} INFO - Sync 1 DAGs
[2023-03-06T18:55:05.628+0000] {logging_mixin.py:137} INFO - [2023-03-06T18:55:05.628+0000] {dag.py:3441} INFO - Setting next_dagrun for latest_only_with_trigger to 2023-03-06T14:55:05.627848+00:00, run_after=2023-03-06T18:55:05.627848+00:00
[2023-03-06T18:55:05.666+0000] {processor.py:175} INFO - Processing /home/airflow/.local/lib/python3.7/site-packages/airflow/example_dags/example_latest_only_with_trigger.py took 0.196 seconds
[2023-03-06T18:55:36.292+0000] {processor.py:153} INFO - Started process (PID=776) to work on /home/airflow/.local/lib/python3.7/site-packages/airflow/example_dags/example_latest_only_with_trigger.py
[2023-03-06T18:55:36.299+0000] {processor.py:743} INFO - Processing file /home/airflow/.local/lib/python3.7/site-packages/airflow/example_dags/example_latest_only_with_trigger.py for tasks to queue
[2023-03-06T18:55:36.303+0000] {logging_mixin.py:137} INFO - [2023-03-06T18:55:36.303+0000] {dagbag.py:538} INFO - Filling up the DagBag from /home/airflow/.local/lib/python3.7/site-packages/airflow/example_dags/example_latest_only_with_trigger.py
[2023-03-06T18:55:36.348+0000] {processor.py:753} INFO - DAG(s) dict_keys(['latest_only_with_trigger']) retrieved from /home/airflow/.local/lib/python3.7/site-packages/airflow/example_dags/example_latest_only_with_trigger.py
[2023-03-06T18:55:36.436+0000] {logging_mixin.py:137} INFO - [2023-03-06T18:55:36.436+0000] {dag.py:2690} INFO - Sync 1 DAGs
[2023-03-06T18:55:36.514+0000] {logging_mixin.py:137} INFO - [2023-03-06T18:55:36.514+0000] {dag.py:3441} INFO - Setting next_dagrun for latest_only_with_trigger to 2023-03-06T14:55:36.513516+00:00, run_after=2023-03-06T18:55:36.513516+00:00
[2023-03-06T18:55:36.583+0000] {processor.py:175} INFO - Processing /home/airflow/.local/lib/python3.7/site-packages/airflow/example_dags/example_latest_only_with_trigger.py took 0.300 seconds
[2023-03-06T18:56:06.742+0000] {processor.py:153} INFO - Started process (PID=842) to work on /home/airflow/.local/lib/python3.7/site-packages/airflow/example_dags/example_latest_only_with_trigger.py
[2023-03-06T18:56:06.746+0000] {processor.py:743} INFO - Processing file /home/airflow/.local/lib/python3.7/site-packages/airflow/example_dags/example_latest_only_with_trigger.py for tasks to queue
[2023-03-06T18:56:06.750+0000] {logging_mixin.py:137} INFO - [2023-03-06T18:56:06.749+0000] {dagbag.py:538} INFO - Filling up the DagBag from /home/airflow/.local/lib/python3.7/site-packages/airflow/example_dags/example_latest_only_with_trigger.py
[2023-03-06T18:56:06.801+0000] {processor.py:753} INFO - DAG(s) dict_keys(['latest_only_with_trigger']) retrieved from /home/airflow/.local/lib/python3.7/site-packages/airflow/example_dags/example_latest_only_with_trigger.py
[2023-03-06T18:56:06.869+0000] {logging_mixin.py:137} INFO - [2023-03-06T18:56:06.868+0000] {dag.py:2690} INFO - Sync 1 DAGs
[2023-03-06T18:56:06.963+0000] {logging_mixin.py:137} INFO - [2023-03-06T18:56:06.963+0000] {dag.py:3441} INFO - Setting next_dagrun for latest_only_with_trigger to 2023-03-06T14:56:06.963000+00:00, run_after=2023-03-06T18:56:06.963000+00:00
[2023-03-06T18:56:07.006+0000] {processor.py:175} INFO - Processing /home/airflow/.local/lib/python3.7/site-packages/airflow/example_dags/example_latest_only_with_trigger.py took 0.275 seconds
[2023-03-06T18:56:37.606+0000] {processor.py:153} INFO - Started process (PID=918) to work on /home/airflow/.local/lib/python3.7/site-packages/airflow/example_dags/example_latest_only_with_trigger.py
[2023-03-06T18:56:37.610+0000] {processor.py:743} INFO - Processing file /home/airflow/.local/lib/python3.7/site-packages/airflow/example_dags/example_latest_only_with_trigger.py for tasks to queue
[2023-03-06T18:56:37.614+0000] {logging_mixin.py:137} INFO - [2023-03-06T18:56:37.613+0000] {dagbag.py:538} INFO - Filling up the DagBag from /home/airflow/.local/lib/python3.7/site-packages/airflow/example_dags/example_latest_only_with_trigger.py
[2023-03-06T18:56:37.644+0000] {processor.py:753} INFO - DAG(s) dict_keys(['latest_only_with_trigger']) retrieved from /home/airflow/.local/lib/python3.7/site-packages/airflow/example_dags/example_latest_only_with_trigger.py
[2023-03-06T18:56:37.699+0000] {logging_mixin.py:137} INFO - [2023-03-06T18:56:37.698+0000] {dag.py:2690} INFO - Sync 1 DAGs
[2023-03-06T18:56:37.743+0000] {logging_mixin.py:137} INFO - [2023-03-06T18:56:37.743+0000] {dag.py:3441} INFO - Setting next_dagrun for latest_only_with_trigger to 2023-03-06T14:56:37.742472+00:00, run_after=2023-03-06T18:56:37.742472+00:00
[2023-03-06T18:56:37.781+0000] {processor.py:175} INFO - Processing /home/airflow/.local/lib/python3.7/site-packages/airflow/example_dags/example_latest_only_with_trigger.py took 0.180 seconds
[2023-03-06T18:57:07.943+0000] {processor.py:153} INFO - Started process (PID=988) to work on /home/airflow/.local/lib/python3.7/site-packages/airflow/example_dags/example_latest_only_with_trigger.py
[2023-03-06T18:57:07.946+0000] {processor.py:743} INFO - Processing file /home/airflow/.local/lib/python3.7/site-packages/airflow/example_dags/example_latest_only_with_trigger.py for tasks to queue
[2023-03-06T18:57:07.949+0000] {logging_mixin.py:137} INFO - [2023-03-06T18:57:07.949+0000] {dagbag.py:538} INFO - Filling up the DagBag from /home/airflow/.local/lib/python3.7/site-packages/airflow/example_dags/example_latest_only_with_trigger.py
[2023-03-06T18:57:07.976+0000] {processor.py:753} INFO - DAG(s) dict_keys(['latest_only_with_trigger']) retrieved from /home/airflow/.local/lib/python3.7/site-packages/airflow/example_dags/example_latest_only_with_trigger.py
[2023-03-06T18:57:08.027+0000] {logging_mixin.py:137} INFO - [2023-03-06T18:57:08.026+0000] {dag.py:2690} INFO - Sync 1 DAGs
[2023-03-06T18:57:08.074+0000] {logging_mixin.py:137} INFO - [2023-03-06T18:57:08.074+0000] {dag.py:3441} INFO - Setting next_dagrun for latest_only_with_trigger to 2023-03-06T14:57:08.073929+00:00, run_after=2023-03-06T18:57:08.073929+00:00
[2023-03-06T18:57:08.113+0000] {processor.py:175} INFO - Processing /home/airflow/.local/lib/python3.7/site-packages/airflow/example_dags/example_latest_only_with_trigger.py took 0.184 seconds
[2023-03-06T18:57:42.378+0000] {processor.py:153} INFO - Started process (PID=1055) to work on /home/airflow/.local/lib/python3.7/site-packages/airflow/example_dags/example_latest_only_with_trigger.py
[2023-03-06T18:57:42.384+0000] {processor.py:743} INFO - Processing file /home/airflow/.local/lib/python3.7/site-packages/airflow/example_dags/example_latest_only_with_trigger.py for tasks to queue
[2023-03-06T18:57:42.391+0000] {logging_mixin.py:137} INFO - [2023-03-06T18:57:42.390+0000] {dagbag.py:538} INFO - Filling up the DagBag from /home/airflow/.local/lib/python3.7/site-packages/airflow/example_dags/example_latest_only_with_trigger.py
[2023-03-06T18:57:42.436+0000] {processor.py:753} INFO - DAG(s) dict_keys(['latest_only_with_trigger']) retrieved from /home/airflow/.local/lib/python3.7/site-packages/airflow/example_dags/example_latest_only_with_trigger.py
[2023-03-06T18:57:42.530+0000] {logging_mixin.py:137} INFO - [2023-03-06T18:57:42.529+0000] {dag.py:2690} INFO - Sync 1 DAGs
[2023-03-06T18:57:42.613+0000] {logging_mixin.py:137} INFO - [2023-03-06T18:57:42.612+0000] {dag.py:3441} INFO - Setting next_dagrun for latest_only_with_trigger to 2023-03-06T14:57:42.611704+00:00, run_after=2023-03-06T18:57:42.611704+00:00
[2023-03-06T18:57:42.734+0000] {processor.py:175} INFO - Processing /home/airflow/.local/lib/python3.7/site-packages/airflow/example_dags/example_latest_only_with_trigger.py took 0.369 seconds
[2023-03-06T18:58:13.087+0000] {processor.py:153} INFO - Started process (PID=1122) to work on /home/airflow/.local/lib/python3.7/site-packages/airflow/example_dags/example_latest_only_with_trigger.py
[2023-03-06T18:58:13.090+0000] {processor.py:743} INFO - Processing file /home/airflow/.local/lib/python3.7/site-packages/airflow/example_dags/example_latest_only_with_trigger.py for tasks to queue
[2023-03-06T18:58:13.092+0000] {logging_mixin.py:137} INFO - [2023-03-06T18:58:13.092+0000] {dagbag.py:538} INFO - Filling up the DagBag from /home/airflow/.local/lib/python3.7/site-packages/airflow/example_dags/example_latest_only_with_trigger.py
[2023-03-06T18:58:13.119+0000] {processor.py:753} INFO - DAG(s) dict_keys(['latest_only_with_trigger']) retrieved from /home/airflow/.local/lib/python3.7/site-packages/airflow/example_dags/example_latest_only_with_trigger.py
[2023-03-06T18:58:13.172+0000] {logging_mixin.py:137} INFO - [2023-03-06T18:58:13.172+0000] {dag.py:2690} INFO - Sync 1 DAGs
[2023-03-06T18:58:13.218+0000] {logging_mixin.py:137} INFO - [2023-03-06T18:58:13.218+0000] {dag.py:3441} INFO - Setting next_dagrun for latest_only_with_trigger to 2023-03-06T14:58:13.218324+00:00, run_after=2023-03-06T18:58:13.218324+00:00
[2023-03-06T18:58:13.253+0000] {processor.py:175} INFO - Processing /home/airflow/.local/lib/python3.7/site-packages/airflow/example_dags/example_latest_only_with_trigger.py took 0.172 seconds
[2023-03-06T18:58:44.037+0000] {processor.py:153} INFO - Started process (PID=1201) to work on /home/airflow/.local/lib/python3.7/site-packages/airflow/example_dags/example_latest_only_with_trigger.py
[2023-03-06T18:58:44.039+0000] {processor.py:743} INFO - Processing file /home/airflow/.local/lib/python3.7/site-packages/airflow/example_dags/example_latest_only_with_trigger.py for tasks to queue
[2023-03-06T18:58:44.041+0000] {logging_mixin.py:137} INFO - [2023-03-06T18:58:44.041+0000] {dagbag.py:538} INFO - Filling up the DagBag from /home/airflow/.local/lib/python3.7/site-packages/airflow/example_dags/example_latest_only_with_trigger.py
[2023-03-06T18:58:44.066+0000] {processor.py:753} INFO - DAG(s) dict_keys(['latest_only_with_trigger']) retrieved from /home/airflow/.local/lib/python3.7/site-packages/airflow/example_dags/example_latest_only_with_trigger.py
[2023-03-06T18:58:44.109+0000] {logging_mixin.py:137} INFO - [2023-03-06T18:58:44.109+0000] {dag.py:2690} INFO - Sync 1 DAGs
[2023-03-06T18:58:44.153+0000] {logging_mixin.py:137} INFO - [2023-03-06T18:58:44.153+0000] {dag.py:3441} INFO - Setting next_dagrun for latest_only_with_trigger to 2023-03-06T14:58:44.152700+00:00, run_after=2023-03-06T18:58:44.152700+00:00
[2023-03-06T18:58:44.191+0000] {processor.py:175} INFO - Processing /home/airflow/.local/lib/python3.7/site-packages/airflow/example_dags/example_latest_only_with_trigger.py took 0.161 seconds
[2023-03-06T18:59:14.903+0000] {processor.py:153} INFO - Started process (PID=1272) to work on /home/airflow/.local/lib/python3.7/site-packages/airflow/example_dags/example_latest_only_with_trigger.py
[2023-03-06T18:59:14.906+0000] {processor.py:743} INFO - Processing file /home/airflow/.local/lib/python3.7/site-packages/airflow/example_dags/example_latest_only_with_trigger.py for tasks to queue
[2023-03-06T18:59:14.908+0000] {logging_mixin.py:137} INFO - [2023-03-06T18:59:14.908+0000] {dagbag.py:538} INFO - Filling up the DagBag from /home/airflow/.local/lib/python3.7/site-packages/airflow/example_dags/example_latest_only_with_trigger.py
[2023-03-06T18:59:14.932+0000] {processor.py:753} INFO - DAG(s) dict_keys(['latest_only_with_trigger']) retrieved from /home/airflow/.local/lib/python3.7/site-packages/airflow/example_dags/example_latest_only_with_trigger.py
[2023-03-06T18:59:14.985+0000] {logging_mixin.py:137} INFO - [2023-03-06T18:59:14.985+0000] {dag.py:2690} INFO - Sync 1 DAGs
[2023-03-06T18:59:15.047+0000] {logging_mixin.py:137} INFO - [2023-03-06T18:59:15.047+0000] {dag.py:3441} INFO - Setting next_dagrun for latest_only_with_trigger to 2023-03-06T14:59:15.046928+00:00, run_after=2023-03-06T18:59:15.046928+00:00
[2023-03-06T18:59:15.079+0000] {processor.py:175} INFO - Processing /home/airflow/.local/lib/python3.7/site-packages/airflow/example_dags/example_latest_only_with_trigger.py took 0.182 seconds
[2023-03-06T18:59:45.506+0000] {processor.py:153} INFO - Started process (PID=1337) to work on /home/airflow/.local/lib/python3.7/site-packages/airflow/example_dags/example_latest_only_with_trigger.py
[2023-03-06T18:59:45.510+0000] {processor.py:743} INFO - Processing file /home/airflow/.local/lib/python3.7/site-packages/airflow/example_dags/example_latest_only_with_trigger.py for tasks to queue
[2023-03-06T18:59:45.513+0000] {logging_mixin.py:137} INFO - [2023-03-06T18:59:45.512+0000] {dagbag.py:538} INFO - Filling up the DagBag from /home/airflow/.local/lib/python3.7/site-packages/airflow/example_dags/example_latest_only_with_trigger.py
[2023-03-06T18:59:45.543+0000] {processor.py:753} INFO - DAG(s) dict_keys(['latest_only_with_trigger']) retrieved from /home/airflow/.local/lib/python3.7/site-packages/airflow/example_dags/example_latest_only_with_trigger.py
[2023-03-06T18:59:45.598+0000] {logging_mixin.py:137} INFO - [2023-03-06T18:59:45.598+0000] {dag.py:2690} INFO - Sync 1 DAGs
[2023-03-06T18:59:45.652+0000] {logging_mixin.py:137} INFO - [2023-03-06T18:59:45.652+0000] {dag.py:3441} INFO - Setting next_dagrun for latest_only_with_trigger to 2023-03-06T14:59:45.651878+00:00, run_after=2023-03-06T18:59:45.651878+00:00
[2023-03-06T18:59:45.688+0000] {processor.py:175} INFO - Processing /home/airflow/.local/lib/python3.7/site-packages/airflow/example_dags/example_latest_only_with_trigger.py took 0.188 seconds
[2023-03-06T19:00:17.847+0000] {processor.py:153} INFO - Started process (PID=1405) to work on /home/airflow/.local/lib/python3.7/site-packages/airflow/example_dags/example_latest_only_with_trigger.py
[2023-03-06T19:00:17.855+0000] {processor.py:743} INFO - Processing file /home/airflow/.local/lib/python3.7/site-packages/airflow/example_dags/example_latest_only_with_trigger.py for tasks to queue
[2023-03-06T19:00:17.860+0000] {logging_mixin.py:137} INFO - [2023-03-06T19:00:17.859+0000] {dagbag.py:538} INFO - Filling up the DagBag from /home/airflow/.local/lib/python3.7/site-packages/airflow/example_dags/example_latest_only_with_trigger.py
[2023-03-06T19:00:17.912+0000] {processor.py:753} INFO - DAG(s) dict_keys(['latest_only_with_trigger']) retrieved from /home/airflow/.local/lib/python3.7/site-packages/airflow/example_dags/example_latest_only_with_trigger.py
[2023-03-06T19:00:18.026+0000] {logging_mixin.py:137} INFO - [2023-03-06T19:00:18.026+0000] {dag.py:2690} INFO - Sync 1 DAGs
[2023-03-06T19:00:18.128+0000] {logging_mixin.py:137} INFO - [2023-03-06T19:00:18.128+0000] {dag.py:3441} INFO - Setting next_dagrun for latest_only_with_trigger to 2023-03-06T15:00:18.128165+00:00, run_after=2023-03-06T19:00:18.128165+00:00
[2023-03-06T19:00:18.202+0000] {processor.py:175} INFO - Processing /home/airflow/.local/lib/python3.7/site-packages/airflow/example_dags/example_latest_only_with_trigger.py took 0.369 seconds
[2023-03-06T19:00:48.622+0000] {processor.py:153} INFO - Started process (PID=1471) to work on /home/airflow/.local/lib/python3.7/site-packages/airflow/example_dags/example_latest_only_with_trigger.py
[2023-03-06T19:00:48.626+0000] {processor.py:743} INFO - Processing file /home/airflow/.local/lib/python3.7/site-packages/airflow/example_dags/example_latest_only_with_trigger.py for tasks to queue
[2023-03-06T19:00:48.629+0000] {logging_mixin.py:137} INFO - [2023-03-06T19:00:48.629+0000] {dagbag.py:538} INFO - Filling up the DagBag from /home/airflow/.local/lib/python3.7/site-packages/airflow/example_dags/example_latest_only_with_trigger.py
[2023-03-06T19:00:48.662+0000] {processor.py:753} INFO - DAG(s) dict_keys(['latest_only_with_trigger']) retrieved from /home/airflow/.local/lib/python3.7/site-packages/airflow/example_dags/example_latest_only_with_trigger.py
[2023-03-06T19:00:48.718+0000] {logging_mixin.py:137} INFO - [2023-03-06T19:00:48.718+0000] {dag.py:2690} INFO - Sync 1 DAGs
[2023-03-06T19:00:48.776+0000] {logging_mixin.py:137} INFO - [2023-03-06T19:00:48.776+0000] {dag.py:3441} INFO - Setting next_dagrun for latest_only_with_trigger to 2023-03-06T15:00:48.775715+00:00, run_after=2023-03-06T19:00:48.775715+00:00
[2023-03-06T19:00:48.829+0000] {processor.py:175} INFO - Processing /home/airflow/.local/lib/python3.7/site-packages/airflow/example_dags/example_latest_only_with_trigger.py took 0.216 seconds
[2023-03-06T19:01:18.982+0000] {processor.py:153} INFO - Started process (PID=1538) to work on /home/airflow/.local/lib/python3.7/site-packages/airflow/example_dags/example_latest_only_with_trigger.py
[2023-03-06T19:01:18.985+0000] {processor.py:743} INFO - Processing file /home/airflow/.local/lib/python3.7/site-packages/airflow/example_dags/example_latest_only_with_trigger.py for tasks to queue
[2023-03-06T19:01:18.988+0000] {logging_mixin.py:137} INFO - [2023-03-06T19:01:18.987+0000] {dagbag.py:538} INFO - Filling up the DagBag from /home/airflow/.local/lib/python3.7/site-packages/airflow/example_dags/example_latest_only_with_trigger.py
[2023-03-06T19:01:19.013+0000] {processor.py:753} INFO - DAG(s) dict_keys(['latest_only_with_trigger']) retrieved from /home/airflow/.local/lib/python3.7/site-packages/airflow/example_dags/example_latest_only_with_trigger.py
[2023-03-06T19:01:19.081+0000] {logging_mixin.py:137} INFO - [2023-03-06T19:01:19.081+0000] {dag.py:2690} INFO - Sync 1 DAGs
[2023-03-06T19:01:19.135+0000] {logging_mixin.py:137} INFO - [2023-03-06T19:01:19.134+0000] {dag.py:3441} INFO - Setting next_dagrun for latest_only_with_trigger to 2023-03-06T15:01:19.134377+00:00, run_after=2023-03-06T19:01:19.134377+00:00
[2023-03-06T19:01:19.167+0000] {processor.py:175} INFO - Processing /home/airflow/.local/lib/python3.7/site-packages/airflow/example_dags/example_latest_only_with_trigger.py took 0.192 seconds
[2023-03-06T19:01:50.579+0000] {processor.py:153} INFO - Started process (PID=1617) to work on /home/airflow/.local/lib/python3.7/site-packages/airflow/example_dags/example_latest_only_with_trigger.py
[2023-03-06T19:01:50.586+0000] {processor.py:743} INFO - Processing file /home/airflow/.local/lib/python3.7/site-packages/airflow/example_dags/example_latest_only_with_trigger.py for tasks to queue
[2023-03-06T19:01:50.590+0000] {logging_mixin.py:137} INFO - [2023-03-06T19:01:50.589+0000] {dagbag.py:538} INFO - Filling up the DagBag from /home/airflow/.local/lib/python3.7/site-packages/airflow/example_dags/example_latest_only_with_trigger.py
[2023-03-06T19:01:50.678+0000] {processor.py:753} INFO - DAG(s) dict_keys(['latest_only_with_trigger']) retrieved from /home/airflow/.local/lib/python3.7/site-packages/airflow/example_dags/example_latest_only_with_trigger.py
[2023-03-06T19:01:50.747+0000] {logging_mixin.py:137} INFO - [2023-03-06T19:01:50.747+0000] {dag.py:2690} INFO - Sync 1 DAGs
[2023-03-06T19:01:50.804+0000] {logging_mixin.py:137} INFO - [2023-03-06T19:01:50.804+0000] {dag.py:3441} INFO - Setting next_dagrun for latest_only_with_trigger to 2023-03-06T15:01:50.803641+00:00, run_after=2023-03-06T19:01:50.803641+00:00
[2023-03-06T19:01:50.839+0000] {processor.py:175} INFO - Processing /home/airflow/.local/lib/python3.7/site-packages/airflow/example_dags/example_latest_only_with_trigger.py took 0.366 seconds
[2023-03-06T19:02:21.755+0000] {processor.py:153} INFO - Started process (PID=1684) to work on /home/airflow/.local/lib/python3.7/site-packages/airflow/example_dags/example_latest_only_with_trigger.py
[2023-03-06T19:02:21.758+0000] {processor.py:743} INFO - Processing file /home/airflow/.local/lib/python3.7/site-packages/airflow/example_dags/example_latest_only_with_trigger.py for tasks to queue
[2023-03-06T19:02:21.761+0000] {logging_mixin.py:137} INFO - [2023-03-06T19:02:21.761+0000] {dagbag.py:538} INFO - Filling up the DagBag from /home/airflow/.local/lib/python3.7/site-packages/airflow/example_dags/example_latest_only_with_trigger.py
[2023-03-06T19:02:21.787+0000] {processor.py:753} INFO - DAG(s) dict_keys(['latest_only_with_trigger']) retrieved from /home/airflow/.local/lib/python3.7/site-packages/airflow/example_dags/example_latest_only_with_trigger.py
[2023-03-06T19:02:21.838+0000] {logging_mixin.py:137} INFO - [2023-03-06T19:02:21.837+0000] {dag.py:2690} INFO - Sync 1 DAGs
[2023-03-06T19:02:21.879+0000] {logging_mixin.py:137} INFO - [2023-03-06T19:02:21.879+0000] {dag.py:3441} INFO - Setting next_dagrun for latest_only_with_trigger to 2023-03-06T15:02:21.878804+00:00, run_after=2023-03-06T19:02:21.878804+00:00
[2023-03-06T19:02:21.912+0000] {processor.py:175} INFO - Processing /home/airflow/.local/lib/python3.7/site-packages/airflow/example_dags/example_latest_only_with_trigger.py took 0.163 seconds
[2023-03-06T19:02:51.983+0000] {processor.py:153} INFO - Started process (PID=1749) to work on /home/airflow/.local/lib/python3.7/site-packages/airflow/example_dags/example_latest_only_with_trigger.py
[2023-03-06T19:02:51.985+0000] {processor.py:743} INFO - Processing file /home/airflow/.local/lib/python3.7/site-packages/airflow/example_dags/example_latest_only_with_trigger.py for tasks to queue
[2023-03-06T19:02:51.988+0000] {logging_mixin.py:137} INFO - [2023-03-06T19:02:51.988+0000] {dagbag.py:538} INFO - Filling up the DagBag from /home/airflow/.local/lib/python3.7/site-packages/airflow/example_dags/example_latest_only_with_trigger.py
[2023-03-06T19:02:52.018+0000] {processor.py:753} INFO - DAG(s) dict_keys(['latest_only_with_trigger']) retrieved from /home/airflow/.local/lib/python3.7/site-packages/airflow/example_dags/example_latest_only_with_trigger.py
[2023-03-06T19:02:52.075+0000] {logging_mixin.py:137} INFO - [2023-03-06T19:02:52.075+0000] {dag.py:2690} INFO - Sync 1 DAGs
[2023-03-06T19:02:52.120+0000] {logging_mixin.py:137} INFO - [2023-03-06T19:02:52.120+0000] {dag.py:3441} INFO - Setting next_dagrun for latest_only_with_trigger to 2023-03-06T15:02:52.120188+00:00, run_after=2023-03-06T19:02:52.120188+00:00
[2023-03-06T19:02:52.157+0000] {processor.py:175} INFO - Processing /home/airflow/.local/lib/python3.7/site-packages/airflow/example_dags/example_latest_only_with_trigger.py took 0.180 seconds
[2023-03-06T19:03:22.534+0000] {processor.py:153} INFO - Started process (PID=1815) to work on /home/airflow/.local/lib/python3.7/site-packages/airflow/example_dags/example_latest_only_with_trigger.py
[2023-03-06T19:03:22.583+0000] {processor.py:743} INFO - Processing file /home/airflow/.local/lib/python3.7/site-packages/airflow/example_dags/example_latest_only_with_trigger.py for tasks to queue
[2023-03-06T19:03:22.613+0000] {logging_mixin.py:137} INFO - [2023-03-06T19:03:22.612+0000] {dagbag.py:538} INFO - Filling up the DagBag from /home/airflow/.local/lib/python3.7/site-packages/airflow/example_dags/example_latest_only_with_trigger.py
[2023-03-06T19:03:22.642+0000] {processor.py:753} INFO - DAG(s) dict_keys(['latest_only_with_trigger']) retrieved from /home/airflow/.local/lib/python3.7/site-packages/airflow/example_dags/example_latest_only_with_trigger.py
[2023-03-06T19:03:22.725+0000] {logging_mixin.py:137} INFO - [2023-03-06T19:03:22.725+0000] {dag.py:2690} INFO - Sync 1 DAGs
[2023-03-06T19:03:22.771+0000] {logging_mixin.py:137} INFO - [2023-03-06T19:03:22.771+0000] {dag.py:3441} INFO - Setting next_dagrun for latest_only_with_trigger to 2023-03-06T15:03:22.771108+00:00, run_after=2023-03-06T19:03:22.771108+00:00
[2023-03-06T19:03:22.800+0000] {processor.py:175} INFO - Processing /home/airflow/.local/lib/python3.7/site-packages/airflow/example_dags/example_latest_only_with_trigger.py took 0.294 seconds
[2023-03-06T19:03:52.931+0000] {processor.py:153} INFO - Started process (PID=1891) to work on /home/airflow/.local/lib/python3.7/site-packages/airflow/example_dags/example_latest_only_with_trigger.py
[2023-03-06T19:03:52.933+0000] {processor.py:743} INFO - Processing file /home/airflow/.local/lib/python3.7/site-packages/airflow/example_dags/example_latest_only_with_trigger.py for tasks to queue
[2023-03-06T19:03:52.935+0000] {logging_mixin.py:137} INFO - [2023-03-06T19:03:52.935+0000] {dagbag.py:538} INFO - Filling up the DagBag from /home/airflow/.local/lib/python3.7/site-packages/airflow/example_dags/example_latest_only_with_trigger.py
[2023-03-06T19:03:52.957+0000] {processor.py:753} INFO - DAG(s) dict_keys(['latest_only_with_trigger']) retrieved from /home/airflow/.local/lib/python3.7/site-packages/airflow/example_dags/example_latest_only_with_trigger.py
[2023-03-06T19:03:53.000+0000] {logging_mixin.py:137} INFO - [2023-03-06T19:03:52.999+0000] {dag.py:2690} INFO - Sync 1 DAGs
[2023-03-06T19:03:53.041+0000] {logging_mixin.py:137} INFO - [2023-03-06T19:03:53.040+0000] {dag.py:3441} INFO - Setting next_dagrun for latest_only_with_trigger to 2023-03-06T15:03:53.040628+00:00, run_after=2023-03-06T19:03:53.040628+00:00
[2023-03-06T19:03:53.067+0000] {processor.py:175} INFO - Processing /home/airflow/.local/lib/python3.7/site-packages/airflow/example_dags/example_latest_only_with_trigger.py took 0.142 seconds
[2023-03-06T19:04:23.752+0000] {processor.py:153} INFO - Started process (PID=1961) to work on /home/airflow/.local/lib/python3.7/site-packages/airflow/example_dags/example_latest_only_with_trigger.py
[2023-03-06T19:04:23.755+0000] {processor.py:743} INFO - Processing file /home/airflow/.local/lib/python3.7/site-packages/airflow/example_dags/example_latest_only_with_trigger.py for tasks to queue
[2023-03-06T19:04:23.759+0000] {logging_mixin.py:137} INFO - [2023-03-06T19:04:23.759+0000] {dagbag.py:538} INFO - Filling up the DagBag from /home/airflow/.local/lib/python3.7/site-packages/airflow/example_dags/example_latest_only_with_trigger.py
[2023-03-06T19:04:23.783+0000] {processor.py:753} INFO - DAG(s) dict_keys(['latest_only_with_trigger']) retrieved from /home/airflow/.local/lib/python3.7/site-packages/airflow/example_dags/example_latest_only_with_trigger.py
[2023-03-06T19:04:23.826+0000] {logging_mixin.py:137} INFO - [2023-03-06T19:04:23.826+0000] {dag.py:2690} INFO - Sync 1 DAGs
[2023-03-06T19:04:23.873+0000] {logging_mixin.py:137} INFO - [2023-03-06T19:04:23.873+0000] {dag.py:3441} INFO - Setting next_dagrun for latest_only_with_trigger to 2023-03-06T15:04:23.872705+00:00, run_after=2023-03-06T19:04:23.872705+00:00
[2023-03-06T19:04:23.915+0000] {processor.py:175} INFO - Processing /home/airflow/.local/lib/python3.7/site-packages/airflow/example_dags/example_latest_only_with_trigger.py took 0.169 seconds
[2023-03-06T19:04:55.033+0000] {processor.py:153} INFO - Started process (PID=2032) to work on /home/airflow/.local/lib/python3.7/site-packages/airflow/example_dags/example_latest_only_with_trigger.py
[2023-03-06T19:04:55.041+0000] {processor.py:743} INFO - Processing file /home/airflow/.local/lib/python3.7/site-packages/airflow/example_dags/example_latest_only_with_trigger.py for tasks to queue
[2023-03-06T19:04:55.047+0000] {logging_mixin.py:137} INFO - [2023-03-06T19:04:55.046+0000] {dagbag.py:538} INFO - Filling up the DagBag from /home/airflow/.local/lib/python3.7/site-packages/airflow/example_dags/example_latest_only_with_trigger.py
[2023-03-06T19:04:55.087+0000] {processor.py:753} INFO - DAG(s) dict_keys(['latest_only_with_trigger']) retrieved from /home/airflow/.local/lib/python3.7/site-packages/airflow/example_dags/example_latest_only_with_trigger.py
[2023-03-06T19:04:55.155+0000] {logging_mixin.py:137} INFO - [2023-03-06T19:04:55.155+0000] {dag.py:2690} INFO - Sync 1 DAGs
[2023-03-06T19:04:55.225+0000] {logging_mixin.py:137} INFO - [2023-03-06T19:04:55.225+0000] {dag.py:3441} INFO - Setting next_dagrun for latest_only_with_trigger to 2023-03-06T15:04:55.225318+00:00, run_after=2023-03-06T19:04:55.225318+00:00
[2023-03-06T19:04:55.280+0000] {processor.py:175} INFO - Processing /home/airflow/.local/lib/python3.7/site-packages/airflow/example_dags/example_latest_only_with_trigger.py took 0.257 seconds
[2023-03-06T19:05:25.678+0000] {processor.py:153} INFO - Started process (PID=2095) to work on /home/airflow/.local/lib/python3.7/site-packages/airflow/example_dags/example_latest_only_with_trigger.py
[2023-03-06T19:05:25.682+0000] {processor.py:743} INFO - Processing file /home/airflow/.local/lib/python3.7/site-packages/airflow/example_dags/example_latest_only_with_trigger.py for tasks to queue
[2023-03-06T19:05:25.685+0000] {logging_mixin.py:137} INFO - [2023-03-06T19:05:25.684+0000] {dagbag.py:538} INFO - Filling up the DagBag from /home/airflow/.local/lib/python3.7/site-packages/airflow/example_dags/example_latest_only_with_trigger.py
[2023-03-06T19:05:25.711+0000] {processor.py:753} INFO - DAG(s) dict_keys(['latest_only_with_trigger']) retrieved from /home/airflow/.local/lib/python3.7/site-packages/airflow/example_dags/example_latest_only_with_trigger.py
[2023-03-06T19:05:25.814+0000] {logging_mixin.py:137} INFO - [2023-03-06T19:05:25.814+0000] {dag.py:2690} INFO - Sync 1 DAGs
[2023-03-06T19:05:25.896+0000] {logging_mixin.py:137} INFO - [2023-03-06T19:05:25.896+0000] {dag.py:3441} INFO - Setting next_dagrun for latest_only_with_trigger to 2023-03-06T15:05:25.895931+00:00, run_after=2023-03-06T19:05:25.895931+00:00
[2023-03-06T19:05:25.931+0000] {processor.py:175} INFO - Processing /home/airflow/.local/lib/python3.7/site-packages/airflow/example_dags/example_latest_only_with_trigger.py took 0.260 seconds
[2023-03-06T19:05:56.495+0000] {processor.py:153} INFO - Started process (PID=2166) to work on /home/airflow/.local/lib/python3.7/site-packages/airflow/example_dags/example_latest_only_with_trigger.py
[2023-03-06T19:05:56.499+0000] {processor.py:743} INFO - Processing file /home/airflow/.local/lib/python3.7/site-packages/airflow/example_dags/example_latest_only_with_trigger.py for tasks to queue
[2023-03-06T19:05:56.502+0000] {logging_mixin.py:137} INFO - [2023-03-06T19:05:56.501+0000] {dagbag.py:538} INFO - Filling up the DagBag from /home/airflow/.local/lib/python3.7/site-packages/airflow/example_dags/example_latest_only_with_trigger.py
[2023-03-06T19:05:56.535+0000] {processor.py:753} INFO - DAG(s) dict_keys(['latest_only_with_trigger']) retrieved from /home/airflow/.local/lib/python3.7/site-packages/airflow/example_dags/example_latest_only_with_trigger.py
[2023-03-06T19:05:56.589+0000] {logging_mixin.py:137} INFO - [2023-03-06T19:05:56.588+0000] {dag.py:2690} INFO - Sync 1 DAGs
[2023-03-06T19:05:56.635+0000] {logging_mixin.py:137} INFO - [2023-03-06T19:05:56.634+0000] {dag.py:3441} INFO - Setting next_dagrun for latest_only_with_trigger to 2023-03-06T15:05:56.634588+00:00, run_after=2023-03-06T19:05:56.634588+00:00
[2023-03-06T19:05:56.678+0000] {processor.py:175} INFO - Processing /home/airflow/.local/lib/python3.7/site-packages/airflow/example_dags/example_latest_only_with_trigger.py took 0.189 seconds
[2023-03-06T19:06:32.979+0000] {processor.py:153} INFO - Started process (PID=2233) to work on /home/airflow/.local/lib/python3.7/site-packages/airflow/example_dags/example_latest_only_with_trigger.py
[2023-03-06T19:06:32.994+0000] {processor.py:743} INFO - Processing file /home/airflow/.local/lib/python3.7/site-packages/airflow/example_dags/example_latest_only_with_trigger.py for tasks to queue
[2023-03-06T19:06:33.009+0000] {logging_mixin.py:137} INFO - [2023-03-06T19:06:33.009+0000] {dagbag.py:538} INFO - Filling up the DagBag from /home/airflow/.local/lib/python3.7/site-packages/airflow/example_dags/example_latest_only_with_trigger.py
[2023-03-06T19:06:33.213+0000] {processor.py:753} INFO - DAG(s) dict_keys(['latest_only_with_trigger']) retrieved from /home/airflow/.local/lib/python3.7/site-packages/airflow/example_dags/example_latest_only_with_trigger.py
[2023-03-06T19:06:33.493+0000] {logging_mixin.py:137} INFO - [2023-03-06T19:06:33.492+0000] {dag.py:2690} INFO - Sync 1 DAGs
[2023-03-06T19:06:34.655+0000] {logging_mixin.py:137} INFO - [2023-03-06T19:06:34.653+0000] {dag.py:3441} INFO - Setting next_dagrun for latest_only_with_trigger to 2023-03-06T15:06:34.651567+00:00, run_after=2023-03-06T19:06:34.651567+00:00
[2023-03-06T19:06:34.951+0000] {processor.py:175} INFO - Processing /home/airflow/.local/lib/python3.7/site-packages/airflow/example_dags/example_latest_only_with_trigger.py took 2.100 seconds
[2023-03-06T19:08:09.886+0000] {processor.py:153} INFO - Started process (PID=2333) to work on /home/airflow/.local/lib/python3.7/site-packages/airflow/example_dags/example_latest_only_with_trigger.py
[2023-03-06T19:08:09.892+0000] {processor.py:743} INFO - Processing file /home/airflow/.local/lib/python3.7/site-packages/airflow/example_dags/example_latest_only_with_trigger.py for tasks to queue
[2023-03-06T19:08:09.898+0000] {logging_mixin.py:137} INFO - [2023-03-06T19:08:09.897+0000] {dagbag.py:538} INFO - Filling up the DagBag from /home/airflow/.local/lib/python3.7/site-packages/airflow/example_dags/example_latest_only_with_trigger.py
[2023-03-06T19:08:10.045+0000] {processor.py:753} INFO - DAG(s) dict_keys(['latest_only_with_trigger']) retrieved from /home/airflow/.local/lib/python3.7/site-packages/airflow/example_dags/example_latest_only_with_trigger.py
[2023-03-06T19:08:10.167+0000] {logging_mixin.py:137} INFO - [2023-03-06T19:08:10.167+0000] {dag.py:2690} INFO - Sync 1 DAGs
[2023-03-06T19:08:10.274+0000] {logging_mixin.py:137} INFO - [2023-03-06T19:08:10.273+0000] {dag.py:3441} INFO - Setting next_dagrun for latest_only_with_trigger to 2023-03-06T15:08:10.273322+00:00, run_after=2023-03-06T19:08:10.273322+00:00
[2023-03-06T19:08:10.335+0000] {processor.py:175} INFO - Processing /home/airflow/.local/lib/python3.7/site-packages/airflow/example_dags/example_latest_only_with_trigger.py took 0.477 seconds
[2023-03-06T19:08:40.502+0000] {processor.py:153} INFO - Started process (PID=2399) to work on /home/airflow/.local/lib/python3.7/site-packages/airflow/example_dags/example_latest_only_with_trigger.py
[2023-03-06T19:08:40.508+0000] {processor.py:743} INFO - Processing file /home/airflow/.local/lib/python3.7/site-packages/airflow/example_dags/example_latest_only_with_trigger.py for tasks to queue
[2023-03-06T19:08:40.513+0000] {logging_mixin.py:137} INFO - [2023-03-06T19:08:40.513+0000] {dagbag.py:538} INFO - Filling up the DagBag from /home/airflow/.local/lib/python3.7/site-packages/airflow/example_dags/example_latest_only_with_trigger.py
[2023-03-06T19:08:40.616+0000] {processor.py:753} INFO - DAG(s) dict_keys(['latest_only_with_trigger']) retrieved from /home/airflow/.local/lib/python3.7/site-packages/airflow/example_dags/example_latest_only_with_trigger.py
[2023-03-06T19:08:40.718+0000] {logging_mixin.py:137} INFO - [2023-03-06T19:08:40.717+0000] {dag.py:2690} INFO - Sync 1 DAGs
[2023-03-06T19:08:40.812+0000] {logging_mixin.py:137} INFO - [2023-03-06T19:08:40.811+0000] {dag.py:3441} INFO - Setting next_dagrun for latest_only_with_trigger to 2023-03-06T15:08:40.811431+00:00, run_after=2023-03-06T19:08:40.811431+00:00
[2023-03-06T19:08:40.867+0000] {processor.py:175} INFO - Processing /home/airflow/.local/lib/python3.7/site-packages/airflow/example_dags/example_latest_only_with_trigger.py took 0.397 seconds
[2023-03-06T19:09:19.654+0000] {processor.py:153} INFO - Started process (PID=2468) to work on /home/airflow/.local/lib/python3.7/site-packages/airflow/example_dags/example_latest_only_with_trigger.py
[2023-03-06T19:09:19.659+0000] {processor.py:743} INFO - Processing file /home/airflow/.local/lib/python3.7/site-packages/airflow/example_dags/example_latest_only_with_trigger.py for tasks to queue
[2023-03-06T19:09:19.666+0000] {logging_mixin.py:137} INFO - [2023-03-06T19:09:19.664+0000] {dagbag.py:538} INFO - Filling up the DagBag from /home/airflow/.local/lib/python3.7/site-packages/airflow/example_dags/example_latest_only_with_trigger.py
[2023-03-06T19:09:19.719+0000] {processor.py:753} INFO - DAG(s) dict_keys(['latest_only_with_trigger']) retrieved from /home/airflow/.local/lib/python3.7/site-packages/airflow/example_dags/example_latest_only_with_trigger.py
[2023-03-06T19:09:19.832+0000] {logging_mixin.py:137} INFO - [2023-03-06T19:09:19.831+0000] {dag.py:2690} INFO - Sync 1 DAGs
[2023-03-06T19:09:19.947+0000] {logging_mixin.py:137} INFO - [2023-03-06T19:09:19.946+0000] {dag.py:3441} INFO - Setting next_dagrun for latest_only_with_trigger to 2023-03-06T15:09:19.946451+00:00, run_after=2023-03-06T19:09:19.946451+00:00
[2023-03-06T19:09:20.007+0000] {processor.py:175} INFO - Processing /home/airflow/.local/lib/python3.7/site-packages/airflow/example_dags/example_latest_only_with_trigger.py took 0.372 seconds
[2023-03-06T19:09:53.921+0000] {processor.py:153} INFO - Started process (PID=2538) to work on /home/airflow/.local/lib/python3.7/site-packages/airflow/example_dags/example_latest_only_with_trigger.py
[2023-03-06T19:09:53.929+0000] {processor.py:743} INFO - Processing file /home/airflow/.local/lib/python3.7/site-packages/airflow/example_dags/example_latest_only_with_trigger.py for tasks to queue
[2023-03-06T19:09:53.935+0000] {logging_mixin.py:137} INFO - [2023-03-06T19:09:53.934+0000] {dagbag.py:538} INFO - Filling up the DagBag from /home/airflow/.local/lib/python3.7/site-packages/airflow/example_dags/example_latest_only_with_trigger.py
[2023-03-06T19:09:54.013+0000] {processor.py:753} INFO - DAG(s) dict_keys(['latest_only_with_trigger']) retrieved from /home/airflow/.local/lib/python3.7/site-packages/airflow/example_dags/example_latest_only_with_trigger.py
[2023-03-06T19:09:54.115+0000] {logging_mixin.py:137} INFO - [2023-03-06T19:09:54.115+0000] {dag.py:2690} INFO - Sync 1 DAGs
[2023-03-06T19:09:54.259+0000] {logging_mixin.py:137} INFO - [2023-03-06T19:09:54.259+0000] {dag.py:3441} INFO - Setting next_dagrun for latest_only_with_trigger to 2023-03-06T15:09:54.258237+00:00, run_after=2023-03-06T19:09:54.258237+00:00
[2023-03-06T19:09:54.373+0000] {processor.py:175} INFO - Processing /home/airflow/.local/lib/python3.7/site-packages/airflow/example_dags/example_latest_only_with_trigger.py took 0.465 seconds
[2023-03-06T19:10:25.058+0000] {processor.py:153} INFO - Started process (PID=2606) to work on /home/airflow/.local/lib/python3.7/site-packages/airflow/example_dags/example_latest_only_with_trigger.py
[2023-03-06T19:10:25.063+0000] {processor.py:743} INFO - Processing file /home/airflow/.local/lib/python3.7/site-packages/airflow/example_dags/example_latest_only_with_trigger.py for tasks to queue
[2023-03-06T19:10:25.069+0000] {logging_mixin.py:137} INFO - [2023-03-06T19:10:25.069+0000] {dagbag.py:538} INFO - Filling up the DagBag from /home/airflow/.local/lib/python3.7/site-packages/airflow/example_dags/example_latest_only_with_trigger.py
[2023-03-06T19:10:25.130+0000] {processor.py:753} INFO - DAG(s) dict_keys(['latest_only_with_trigger']) retrieved from /home/airflow/.local/lib/python3.7/site-packages/airflow/example_dags/example_latest_only_with_trigger.py
[2023-03-06T19:10:25.201+0000] {logging_mixin.py:137} INFO - [2023-03-06T19:10:25.201+0000] {dag.py:2690} INFO - Sync 1 DAGs
[2023-03-06T19:10:25.280+0000] {logging_mixin.py:137} INFO - [2023-03-06T19:10:25.279+0000] {dag.py:3441} INFO - Setting next_dagrun for latest_only_with_trigger to 2023-03-06T15:10:25.279476+00:00, run_after=2023-03-06T19:10:25.279476+00:00
[2023-03-06T19:10:25.345+0000] {processor.py:175} INFO - Processing /home/airflow/.local/lib/python3.7/site-packages/airflow/example_dags/example_latest_only_with_trigger.py took 0.297 seconds
[2023-03-06T19:10:55.743+0000] {processor.py:153} INFO - Started process (PID=2672) to work on /home/airflow/.local/lib/python3.7/site-packages/airflow/example_dags/example_latest_only_with_trigger.py
[2023-03-06T19:10:55.749+0000] {processor.py:743} INFO - Processing file /home/airflow/.local/lib/python3.7/site-packages/airflow/example_dags/example_latest_only_with_trigger.py for tasks to queue
[2023-03-06T19:10:55.754+0000] {logging_mixin.py:137} INFO - [2023-03-06T19:10:55.753+0000] {dagbag.py:538} INFO - Filling up the DagBag from /home/airflow/.local/lib/python3.7/site-packages/airflow/example_dags/example_latest_only_with_trigger.py
[2023-03-06T19:10:55.826+0000] {processor.py:753} INFO - DAG(s) dict_keys(['latest_only_with_trigger']) retrieved from /home/airflow/.local/lib/python3.7/site-packages/airflow/example_dags/example_latest_only_with_trigger.py
[2023-03-06T19:10:55.958+0000] {logging_mixin.py:137} INFO - [2023-03-06T19:10:55.957+0000] {dag.py:2690} INFO - Sync 1 DAGs
[2023-03-06T19:10:56.048+0000] {logging_mixin.py:137} INFO - [2023-03-06T19:10:56.046+0000] {dag.py:3441} INFO - Setting next_dagrun for latest_only_with_trigger to 2023-03-06T15:10:56.044342+00:00, run_after=2023-03-06T19:10:56.044342+00:00
[2023-03-06T19:10:56.109+0000] {processor.py:175} INFO - Processing /home/airflow/.local/lib/python3.7/site-packages/airflow/example_dags/example_latest_only_with_trigger.py took 0.378 seconds
[2023-03-06T19:11:26.431+0000] {processor.py:153} INFO - Started process (PID=2739) to work on /home/airflow/.local/lib/python3.7/site-packages/airflow/example_dags/example_latest_only_with_trigger.py
[2023-03-06T19:11:26.441+0000] {processor.py:743} INFO - Processing file /home/airflow/.local/lib/python3.7/site-packages/airflow/example_dags/example_latest_only_with_trigger.py for tasks to queue
[2023-03-06T19:11:26.447+0000] {logging_mixin.py:137} INFO - [2023-03-06T19:11:26.447+0000] {dagbag.py:538} INFO - Filling up the DagBag from /home/airflow/.local/lib/python3.7/site-packages/airflow/example_dags/example_latest_only_with_trigger.py
[2023-03-06T19:11:26.517+0000] {processor.py:753} INFO - DAG(s) dict_keys(['latest_only_with_trigger']) retrieved from /home/airflow/.local/lib/python3.7/site-packages/airflow/example_dags/example_latest_only_with_trigger.py
[2023-03-06T19:11:26.602+0000] {logging_mixin.py:137} INFO - [2023-03-06T19:11:26.602+0000] {dag.py:2690} INFO - Sync 1 DAGs
[2023-03-06T19:11:26.695+0000] {logging_mixin.py:137} INFO - [2023-03-06T19:11:26.694+0000] {dag.py:3441} INFO - Setting next_dagrun for latest_only_with_trigger to 2023-03-06T15:11:26.691313+00:00, run_after=2023-03-06T19:11:26.691313+00:00
[2023-03-06T19:11:26.761+0000] {processor.py:175} INFO - Processing /home/airflow/.local/lib/python3.7/site-packages/airflow/example_dags/example_latest_only_with_trigger.py took 0.362 seconds
[2023-03-06T19:12:02.315+0000] {processor.py:153} INFO - Started process (PID=2807) to work on /home/airflow/.local/lib/python3.7/site-packages/airflow/example_dags/example_latest_only_with_trigger.py
[2023-03-06T19:12:02.320+0000] {processor.py:743} INFO - Processing file /home/airflow/.local/lib/python3.7/site-packages/airflow/example_dags/example_latest_only_with_trigger.py for tasks to queue
[2023-03-06T19:12:02.324+0000] {logging_mixin.py:137} INFO - [2023-03-06T19:12:02.323+0000] {dagbag.py:538} INFO - Filling up the DagBag from /home/airflow/.local/lib/python3.7/site-packages/airflow/example_dags/example_latest_only_with_trigger.py
[2023-03-06T19:12:02.374+0000] {processor.py:753} INFO - DAG(s) dict_keys(['latest_only_with_trigger']) retrieved from /home/airflow/.local/lib/python3.7/site-packages/airflow/example_dags/example_latest_only_with_trigger.py
[2023-03-06T19:12:02.483+0000] {logging_mixin.py:137} INFO - [2023-03-06T19:12:02.483+0000] {dag.py:2690} INFO - Sync 1 DAGs
[2023-03-06T19:12:02.572+0000] {logging_mixin.py:137} INFO - [2023-03-06T19:12:02.572+0000] {dag.py:3441} INFO - Setting next_dagrun for latest_only_with_trigger to 2023-03-06T15:12:02.571922+00:00, run_after=2023-03-06T19:12:02.571922+00:00
[2023-03-06T19:12:02.641+0000] {processor.py:175} INFO - Processing /home/airflow/.local/lib/python3.7/site-packages/airflow/example_dags/example_latest_only_with_trigger.py took 0.340 seconds
