[2023-03-06T17:08:22.624+0000] {processor.py:153} INFO - Started process (PID=59) to work on /home/airflow/.local/lib/python3.7/site-packages/airflow/example_dags/example_xcomargs.py
[2023-03-06T17:08:22.634+0000] {processor.py:743} INFO - Processing file /home/airflow/.local/lib/python3.7/site-packages/airflow/example_dags/example_xcomargs.py for tasks to queue
[2023-03-06T17:08:22.636+0000] {logging_mixin.py:137} INFO - [2023-03-06T17:08:22.636+0000] {dagbag.py:538} INFO - Filling up the DagBag from /home/airflow/.local/lib/python3.7/site-packages/airflow/example_dags/example_xcomargs.py
[2023-03-06T17:08:22.841+0000] {processor.py:753} INFO - DAG(s) dict_keys(['example_xcom_args', 'example_xcom_args_with_operators']) retrieved from /home/airflow/.local/lib/python3.7/site-packages/airflow/example_dags/example_xcomargs.py
[2023-03-06T17:08:22.992+0000] {logging_mixin.py:137} INFO - [2023-03-06T17:08:22.991+0000] {dag.py:2690} INFO - Sync 2 DAGs
[2023-03-06T17:08:23.197+0000] {logging_mixin.py:137} INFO - [2023-03-06T17:08:23.196+0000] {dag.py:3441} INFO - Setting next_dagrun for example_xcom_args to None, run_after=None
[2023-03-06T17:08:23.249+0000] {logging_mixin.py:137} INFO - [2023-03-06T17:08:23.248+0000] {dag.py:3441} INFO - Setting next_dagrun for example_xcom_args_with_operators to None, run_after=None
[2023-03-06T17:08:23.365+0000] {processor.py:175} INFO - Processing /home/airflow/.local/lib/python3.7/site-packages/airflow/example_dags/example_xcomargs.py took 0.755 seconds
[2023-03-06T17:08:56.986+0000] {processor.py:153} INFO - Started process (PID=125) to work on /home/airflow/.local/lib/python3.7/site-packages/airflow/example_dags/example_xcomargs.py
[2023-03-06T17:08:56.990+0000] {processor.py:743} INFO - Processing file /home/airflow/.local/lib/python3.7/site-packages/airflow/example_dags/example_xcomargs.py for tasks to queue
[2023-03-06T17:08:56.993+0000] {logging_mixin.py:137} INFO - [2023-03-06T17:08:56.992+0000] {dagbag.py:538} INFO - Filling up the DagBag from /home/airflow/.local/lib/python3.7/site-packages/airflow/example_dags/example_xcomargs.py
[2023-03-06T17:08:57.040+0000] {processor.py:753} INFO - DAG(s) dict_keys(['example_xcom_args', 'example_xcom_args_with_operators']) retrieved from /home/airflow/.local/lib/python3.7/site-packages/airflow/example_dags/example_xcomargs.py
[2023-03-06T17:08:57.107+0000] {logging_mixin.py:137} INFO - [2023-03-06T17:08:57.107+0000] {dag.py:2690} INFO - Sync 2 DAGs
[2023-03-06T17:08:57.179+0000] {logging_mixin.py:137} INFO - [2023-03-06T17:08:57.179+0000] {dag.py:3441} INFO - Setting next_dagrun for example_xcom_args to None, run_after=None
[2023-03-06T17:08:57.194+0000] {logging_mixin.py:137} INFO - [2023-03-06T17:08:57.193+0000] {dag.py:3441} INFO - Setting next_dagrun for example_xcom_args_with_operators to None, run_after=None
[2023-03-06T17:08:57.242+0000] {processor.py:175} INFO - Processing /home/airflow/.local/lib/python3.7/site-packages/airflow/example_dags/example_xcomargs.py took 0.263 seconds
[2023-03-06T17:09:27.331+0000] {processor.py:153} INFO - Started process (PID=191) to work on /home/airflow/.local/lib/python3.7/site-packages/airflow/example_dags/example_xcomargs.py
[2023-03-06T17:09:27.333+0000] {processor.py:743} INFO - Processing file /home/airflow/.local/lib/python3.7/site-packages/airflow/example_dags/example_xcomargs.py for tasks to queue
[2023-03-06T17:09:27.336+0000] {logging_mixin.py:137} INFO - [2023-03-06T17:09:27.336+0000] {dagbag.py:538} INFO - Filling up the DagBag from /home/airflow/.local/lib/python3.7/site-packages/airflow/example_dags/example_xcomargs.py
[2023-03-06T17:09:27.371+0000] {processor.py:753} INFO - DAG(s) dict_keys(['example_xcom_args_with_operators', 'example_xcom_args']) retrieved from /home/airflow/.local/lib/python3.7/site-packages/airflow/example_dags/example_xcomargs.py
[2023-03-06T17:09:27.417+0000] {logging_mixin.py:137} INFO - [2023-03-06T17:09:27.417+0000] {dag.py:2690} INFO - Sync 2 DAGs
[2023-03-06T17:09:27.454+0000] {logging_mixin.py:137} INFO - [2023-03-06T17:09:27.454+0000] {dag.py:3441} INFO - Setting next_dagrun for example_xcom_args to None, run_after=None
[2023-03-06T17:09:27.462+0000] {logging_mixin.py:137} INFO - [2023-03-06T17:09:27.462+0000] {dag.py:3441} INFO - Setting next_dagrun for example_xcom_args_with_operators to None, run_after=None
[2023-03-06T17:09:27.485+0000] {processor.py:175} INFO - Processing /home/airflow/.local/lib/python3.7/site-packages/airflow/example_dags/example_xcomargs.py took 0.159 seconds
[2023-03-06T17:09:57.826+0000] {processor.py:153} INFO - Started process (PID=253) to work on /home/airflow/.local/lib/python3.7/site-packages/airflow/example_dags/example_xcomargs.py
[2023-03-06T17:09:57.831+0000] {processor.py:743} INFO - Processing file /home/airflow/.local/lib/python3.7/site-packages/airflow/example_dags/example_xcomargs.py for tasks to queue
[2023-03-06T17:09:57.846+0000] {logging_mixin.py:137} INFO - [2023-03-06T17:09:57.843+0000] {dagbag.py:538} INFO - Filling up the DagBag from /home/airflow/.local/lib/python3.7/site-packages/airflow/example_dags/example_xcomargs.py
[2023-03-06T17:09:57.948+0000] {processor.py:753} INFO - DAG(s) dict_keys(['example_xcom_args', 'example_xcom_args_with_operators']) retrieved from /home/airflow/.local/lib/python3.7/site-packages/airflow/example_dags/example_xcomargs.py
[2023-03-06T17:09:58.061+0000] {logging_mixin.py:137} INFO - [2023-03-06T17:09:58.060+0000] {dag.py:2690} INFO - Sync 2 DAGs
[2023-03-06T17:09:58.143+0000] {logging_mixin.py:137} INFO - [2023-03-06T17:09:58.142+0000] {dag.py:3441} INFO - Setting next_dagrun for example_xcom_args to None, run_after=None
[2023-03-06T17:09:58.154+0000] {logging_mixin.py:137} INFO - [2023-03-06T17:09:58.153+0000] {dag.py:3441} INFO - Setting next_dagrun for example_xcom_args_with_operators to None, run_after=None
[2023-03-06T17:09:58.206+0000] {processor.py:175} INFO - Processing /home/airflow/.local/lib/python3.7/site-packages/airflow/example_dags/example_xcomargs.py took 0.393 seconds
[2023-03-06T17:10:28.930+0000] {processor.py:153} INFO - Started process (PID=310) to work on /home/airflow/.local/lib/python3.7/site-packages/airflow/example_dags/example_xcomargs.py
[2023-03-06T17:10:28.942+0000] {processor.py:743} INFO - Processing file /home/airflow/.local/lib/python3.7/site-packages/airflow/example_dags/example_xcomargs.py for tasks to queue
[2023-03-06T17:10:28.950+0000] {logging_mixin.py:137} INFO - [2023-03-06T17:10:28.950+0000] {dagbag.py:538} INFO - Filling up the DagBag from /home/airflow/.local/lib/python3.7/site-packages/airflow/example_dags/example_xcomargs.py
[2023-03-06T17:10:29.047+0000] {processor.py:753} INFO - DAG(s) dict_keys(['example_xcom_args_with_operators', 'example_xcom_args']) retrieved from /home/airflow/.local/lib/python3.7/site-packages/airflow/example_dags/example_xcomargs.py
[2023-03-06T17:10:29.178+0000] {logging_mixin.py:137} INFO - [2023-03-06T17:10:29.178+0000] {dag.py:2690} INFO - Sync 2 DAGs
[2023-03-06T17:10:29.288+0000] {logging_mixin.py:137} INFO - [2023-03-06T17:10:29.288+0000] {dag.py:3441} INFO - Setting next_dagrun for example_xcom_args to None, run_after=None
[2023-03-06T17:10:29.307+0000] {logging_mixin.py:137} INFO - [2023-03-06T17:10:29.307+0000] {dag.py:3441} INFO - Setting next_dagrun for example_xcom_args_with_operators to None, run_after=None
[2023-03-06T17:10:29.384+0000] {processor.py:175} INFO - Processing /home/airflow/.local/lib/python3.7/site-packages/airflow/example_dags/example_xcomargs.py took 0.469 seconds
[2023-03-06T17:11:00.109+0000] {processor.py:153} INFO - Started process (PID=376) to work on /home/airflow/.local/lib/python3.7/site-packages/airflow/example_dags/example_xcomargs.py
[2023-03-06T17:11:00.133+0000] {processor.py:743} INFO - Processing file /home/airflow/.local/lib/python3.7/site-packages/airflow/example_dags/example_xcomargs.py for tasks to queue
[2023-03-06T17:11:00.144+0000] {logging_mixin.py:137} INFO - [2023-03-06T17:11:00.143+0000] {dagbag.py:538} INFO - Filling up the DagBag from /home/airflow/.local/lib/python3.7/site-packages/airflow/example_dags/example_xcomargs.py
[2023-03-06T17:11:00.241+0000] {processor.py:753} INFO - DAG(s) dict_keys(['example_xcom_args', 'example_xcom_args_with_operators']) retrieved from /home/airflow/.local/lib/python3.7/site-packages/airflow/example_dags/example_xcomargs.py
[2023-03-06T17:11:00.317+0000] {logging_mixin.py:137} INFO - [2023-03-06T17:11:00.316+0000] {dag.py:2690} INFO - Sync 2 DAGs
[2023-03-06T17:11:00.391+0000] {logging_mixin.py:137} INFO - [2023-03-06T17:11:00.391+0000] {dag.py:3441} INFO - Setting next_dagrun for example_xcom_args to None, run_after=None
[2023-03-06T17:11:00.402+0000] {logging_mixin.py:137} INFO - [2023-03-06T17:11:00.401+0000] {dag.py:3441} INFO - Setting next_dagrun for example_xcom_args_with_operators to None, run_after=None
[2023-03-06T17:11:00.460+0000] {processor.py:175} INFO - Processing /home/airflow/.local/lib/python3.7/site-packages/airflow/example_dags/example_xcomargs.py took 0.365 seconds
[2023-03-06T17:11:30.536+0000] {processor.py:153} INFO - Started process (PID=443) to work on /home/airflow/.local/lib/python3.7/site-packages/airflow/example_dags/example_xcomargs.py
[2023-03-06T17:11:30.540+0000] {processor.py:743} INFO - Processing file /home/airflow/.local/lib/python3.7/site-packages/airflow/example_dags/example_xcomargs.py for tasks to queue
[2023-03-06T17:11:30.542+0000] {logging_mixin.py:137} INFO - [2023-03-06T17:11:30.542+0000] {dagbag.py:538} INFO - Filling up the DagBag from /home/airflow/.local/lib/python3.7/site-packages/airflow/example_dags/example_xcomargs.py
[2023-03-06T17:11:30.588+0000] {processor.py:753} INFO - DAG(s) dict_keys(['example_xcom_args', 'example_xcom_args_with_operators']) retrieved from /home/airflow/.local/lib/python3.7/site-packages/airflow/example_dags/example_xcomargs.py
[2023-03-06T17:11:30.645+0000] {logging_mixin.py:137} INFO - [2023-03-06T17:11:30.645+0000] {dag.py:2690} INFO - Sync 2 DAGs
[2023-03-06T17:11:30.689+0000] {logging_mixin.py:137} INFO - [2023-03-06T17:11:30.689+0000] {dag.py:3441} INFO - Setting next_dagrun for example_xcom_args to None, run_after=None
[2023-03-06T17:11:30.697+0000] {logging_mixin.py:137} INFO - [2023-03-06T17:11:30.696+0000] {dag.py:3441} INFO - Setting next_dagrun for example_xcom_args_with_operators to None, run_after=None
[2023-03-06T17:11:30.726+0000] {processor.py:175} INFO - Processing /home/airflow/.local/lib/python3.7/site-packages/airflow/example_dags/example_xcomargs.py took 0.197 seconds
[2023-03-06T17:12:01.278+0000] {processor.py:153} INFO - Started process (PID=510) to work on /home/airflow/.local/lib/python3.7/site-packages/airflow/example_dags/example_xcomargs.py
[2023-03-06T17:12:01.280+0000] {processor.py:743} INFO - Processing file /home/airflow/.local/lib/python3.7/site-packages/airflow/example_dags/example_xcomargs.py for tasks to queue
[2023-03-06T17:12:01.283+0000] {logging_mixin.py:137} INFO - [2023-03-06T17:12:01.283+0000] {dagbag.py:538} INFO - Filling up the DagBag from /home/airflow/.local/lib/python3.7/site-packages/airflow/example_dags/example_xcomargs.py
[2023-03-06T17:12:01.333+0000] {processor.py:753} INFO - DAG(s) dict_keys(['example_xcom_args_with_operators', 'example_xcom_args']) retrieved from /home/airflow/.local/lib/python3.7/site-packages/airflow/example_dags/example_xcomargs.py
[2023-03-06T17:12:01.396+0000] {logging_mixin.py:137} INFO - [2023-03-06T17:12:01.396+0000] {dag.py:2690} INFO - Sync 2 DAGs
[2023-03-06T17:12:01.451+0000] {logging_mixin.py:137} INFO - [2023-03-06T17:12:01.451+0000] {dag.py:3441} INFO - Setting next_dagrun for example_xcom_args to None, run_after=None
[2023-03-06T17:12:01.463+0000] {logging_mixin.py:137} INFO - [2023-03-06T17:12:01.463+0000] {dag.py:3441} INFO - Setting next_dagrun for example_xcom_args_with_operators to None, run_after=None
[2023-03-06T17:12:01.500+0000] {processor.py:175} INFO - Processing /home/airflow/.local/lib/python3.7/site-packages/airflow/example_dags/example_xcomargs.py took 0.231 seconds
[2023-03-06T17:12:34.827+0000] {processor.py:153} INFO - Started process (PID=589) to work on /home/airflow/.local/lib/python3.7/site-packages/airflow/example_dags/example_xcomargs.py
[2023-03-06T17:12:34.831+0000] {processor.py:743} INFO - Processing file /home/airflow/.local/lib/python3.7/site-packages/airflow/example_dags/example_xcomargs.py for tasks to queue
[2023-03-06T17:12:34.835+0000] {logging_mixin.py:137} INFO - [2023-03-06T17:12:34.835+0000] {dagbag.py:538} INFO - Filling up the DagBag from /home/airflow/.local/lib/python3.7/site-packages/airflow/example_dags/example_xcomargs.py
[2023-03-06T17:12:34.882+0000] {processor.py:753} INFO - DAG(s) dict_keys(['example_xcom_args_with_operators', 'example_xcom_args']) retrieved from /home/airflow/.local/lib/python3.7/site-packages/airflow/example_dags/example_xcomargs.py
[2023-03-06T17:12:34.950+0000] {logging_mixin.py:137} INFO - [2023-03-06T17:12:34.950+0000] {dag.py:2690} INFO - Sync 2 DAGs
[2023-03-06T17:12:35.002+0000] {logging_mixin.py:137} INFO - [2023-03-06T17:12:35.001+0000] {dag.py:3441} INFO - Setting next_dagrun for example_xcom_args to None, run_after=None
[2023-03-06T17:12:35.010+0000] {logging_mixin.py:137} INFO - [2023-03-06T17:12:35.010+0000] {dag.py:3441} INFO - Setting next_dagrun for example_xcom_args_with_operators to None, run_after=None
[2023-03-06T17:12:35.046+0000] {processor.py:175} INFO - Processing /home/airflow/.local/lib/python3.7/site-packages/airflow/example_dags/example_xcomargs.py took 0.226 seconds
[2023-03-06T17:13:06.489+0000] {processor.py:153} INFO - Started process (PID=654) to work on /home/airflow/.local/lib/python3.7/site-packages/airflow/example_dags/example_xcomargs.py
[2023-03-06T17:13:06.493+0000] {processor.py:743} INFO - Processing file /home/airflow/.local/lib/python3.7/site-packages/airflow/example_dags/example_xcomargs.py for tasks to queue
[2023-03-06T17:13:06.498+0000] {logging_mixin.py:137} INFO - [2023-03-06T17:13:06.497+0000] {dagbag.py:538} INFO - Filling up the DagBag from /home/airflow/.local/lib/python3.7/site-packages/airflow/example_dags/example_xcomargs.py
[2023-03-06T17:13:06.556+0000] {processor.py:753} INFO - DAG(s) dict_keys(['example_xcom_args_with_operators', 'example_xcom_args']) retrieved from /home/airflow/.local/lib/python3.7/site-packages/airflow/example_dags/example_xcomargs.py
[2023-03-06T17:13:06.625+0000] {logging_mixin.py:137} INFO - [2023-03-06T17:13:06.625+0000] {dag.py:2690} INFO - Sync 2 DAGs
[2023-03-06T17:13:06.670+0000] {logging_mixin.py:137} INFO - [2023-03-06T17:13:06.669+0000] {dag.py:3441} INFO - Setting next_dagrun for example_xcom_args to None, run_after=None
[2023-03-06T17:13:06.678+0000] {logging_mixin.py:137} INFO - [2023-03-06T17:13:06.678+0000] {dag.py:3441} INFO - Setting next_dagrun for example_xcom_args_with_operators to None, run_after=None
[2023-03-06T17:13:06.712+0000] {processor.py:175} INFO - Processing /home/airflow/.local/lib/python3.7/site-packages/airflow/example_dags/example_xcomargs.py took 0.230 seconds
[2023-03-06T17:13:38.538+0000] {processor.py:153} INFO - Started process (PID=711) to work on /home/airflow/.local/lib/python3.7/site-packages/airflow/example_dags/example_xcomargs.py
[2023-03-06T17:13:38.542+0000] {processor.py:743} INFO - Processing file /home/airflow/.local/lib/python3.7/site-packages/airflow/example_dags/example_xcomargs.py for tasks to queue
[2023-03-06T17:13:38.546+0000] {logging_mixin.py:137} INFO - [2023-03-06T17:13:38.546+0000] {dagbag.py:538} INFO - Filling up the DagBag from /home/airflow/.local/lib/python3.7/site-packages/airflow/example_dags/example_xcomargs.py
[2023-03-06T17:13:38.614+0000] {processor.py:753} INFO - DAG(s) dict_keys(['example_xcom_args_with_operators', 'example_xcom_args']) retrieved from /home/airflow/.local/lib/python3.7/site-packages/airflow/example_dags/example_xcomargs.py
[2023-03-06T17:13:38.683+0000] {logging_mixin.py:137} INFO - [2023-03-06T17:13:38.682+0000] {dag.py:2690} INFO - Sync 2 DAGs
[2023-03-06T17:13:38.728+0000] {logging_mixin.py:137} INFO - [2023-03-06T17:13:38.728+0000] {dag.py:3441} INFO - Setting next_dagrun for example_xcom_args to None, run_after=None
[2023-03-06T17:13:38.735+0000] {logging_mixin.py:137} INFO - [2023-03-06T17:13:38.734+0000] {dag.py:3441} INFO - Setting next_dagrun for example_xcom_args_with_operators to None, run_after=None
[2023-03-06T17:13:38.767+0000] {processor.py:175} INFO - Processing /home/airflow/.local/lib/python3.7/site-packages/airflow/example_dags/example_xcomargs.py took 0.237 seconds
[2023-03-06T18:50:13.638+0000] {processor.py:153} INFO - Started process (PID=50) to work on /home/airflow/.local/lib/python3.7/site-packages/airflow/example_dags/example_xcomargs.py
[2023-03-06T18:50:13.653+0000] {processor.py:743} INFO - Processing file /home/airflow/.local/lib/python3.7/site-packages/airflow/example_dags/example_xcomargs.py for tasks to queue
[2023-03-06T18:50:13.661+0000] {logging_mixin.py:137} INFO - [2023-03-06T18:50:13.661+0000] {dagbag.py:538} INFO - Filling up the DagBag from /home/airflow/.local/lib/python3.7/site-packages/airflow/example_dags/example_xcomargs.py
[2023-03-06T18:50:13.935+0000] {processor.py:753} INFO - DAG(s) dict_keys(['example_xcom_args_with_operators', 'example_xcom_args']) retrieved from /home/airflow/.local/lib/python3.7/site-packages/airflow/example_dags/example_xcomargs.py
[2023-03-06T18:50:14.006+0000] {logging_mixin.py:137} INFO - [2023-03-06T18:50:14.006+0000] {dag.py:2690} INFO - Sync 2 DAGs
[2023-03-06T18:50:14.078+0000] {logging_mixin.py:137} INFO - [2023-03-06T18:50:14.078+0000] {dag.py:3441} INFO - Setting next_dagrun for example_xcom_args to None, run_after=None
[2023-03-06T18:50:14.095+0000] {logging_mixin.py:137} INFO - [2023-03-06T18:50:14.094+0000] {dag.py:3441} INFO - Setting next_dagrun for example_xcom_args_with_operators to None, run_after=None
[2023-03-06T18:50:14.154+0000] {processor.py:175} INFO - Processing /home/airflow/.local/lib/python3.7/site-packages/airflow/example_dags/example_xcomargs.py took 0.535 seconds
[2023-03-06T18:50:44.661+0000] {processor.py:153} INFO - Started process (PID=115) to work on /home/airflow/.local/lib/python3.7/site-packages/airflow/example_dags/example_xcomargs.py
[2023-03-06T18:50:44.664+0000] {processor.py:743} INFO - Processing file /home/airflow/.local/lib/python3.7/site-packages/airflow/example_dags/example_xcomargs.py for tasks to queue
[2023-03-06T18:50:44.666+0000] {logging_mixin.py:137} INFO - [2023-03-06T18:50:44.666+0000] {dagbag.py:538} INFO - Filling up the DagBag from /home/airflow/.local/lib/python3.7/site-packages/airflow/example_dags/example_xcomargs.py
[2023-03-06T18:50:44.703+0000] {processor.py:753} INFO - DAG(s) dict_keys(['example_xcom_args', 'example_xcom_args_with_operators']) retrieved from /home/airflow/.local/lib/python3.7/site-packages/airflow/example_dags/example_xcomargs.py
[2023-03-06T18:50:44.746+0000] {logging_mixin.py:137} INFO - [2023-03-06T18:50:44.745+0000] {dag.py:2690} INFO - Sync 2 DAGs
[2023-03-06T18:50:44.781+0000] {logging_mixin.py:137} INFO - [2023-03-06T18:50:44.781+0000] {dag.py:3441} INFO - Setting next_dagrun for example_xcom_args to None, run_after=None
[2023-03-06T18:50:44.788+0000] {logging_mixin.py:137} INFO - [2023-03-06T18:50:44.788+0000] {dag.py:3441} INFO - Setting next_dagrun for example_xcom_args_with_operators to None, run_after=None
[2023-03-06T18:50:44.814+0000] {processor.py:175} INFO - Processing /home/airflow/.local/lib/python3.7/site-packages/airflow/example_dags/example_xcomargs.py took 0.161 seconds
[2023-03-06T18:51:15.611+0000] {processor.py:153} INFO - Started process (PID=180) to work on /home/airflow/.local/lib/python3.7/site-packages/airflow/example_dags/example_xcomargs.py
[2023-03-06T18:51:15.616+0000] {processor.py:743} INFO - Processing file /home/airflow/.local/lib/python3.7/site-packages/airflow/example_dags/example_xcomargs.py for tasks to queue
[2023-03-06T18:51:15.618+0000] {logging_mixin.py:137} INFO - [2023-03-06T18:51:15.618+0000] {dagbag.py:538} INFO - Filling up the DagBag from /home/airflow/.local/lib/python3.7/site-packages/airflow/example_dags/example_xcomargs.py
[2023-03-06T18:51:15.661+0000] {processor.py:753} INFO - DAG(s) dict_keys(['example_xcom_args_with_operators', 'example_xcom_args']) retrieved from /home/airflow/.local/lib/python3.7/site-packages/airflow/example_dags/example_xcomargs.py
[2023-03-06T18:51:15.718+0000] {logging_mixin.py:137} INFO - [2023-03-06T18:51:15.718+0000] {dag.py:2690} INFO - Sync 2 DAGs
[2023-03-06T18:51:15.769+0000] {logging_mixin.py:137} INFO - [2023-03-06T18:51:15.769+0000] {dag.py:3441} INFO - Setting next_dagrun for example_xcom_args to None, run_after=None
[2023-03-06T18:51:15.787+0000] {logging_mixin.py:137} INFO - [2023-03-06T18:51:15.787+0000] {dag.py:3441} INFO - Setting next_dagrun for example_xcom_args_with_operators to None, run_after=None
[2023-03-06T18:51:15.818+0000] {processor.py:175} INFO - Processing /home/airflow/.local/lib/python3.7/site-packages/airflow/example_dags/example_xcomargs.py took 0.212 seconds
[2023-03-06T18:51:45.908+0000] {processor.py:153} INFO - Started process (PID=247) to work on /home/airflow/.local/lib/python3.7/site-packages/airflow/example_dags/example_xcomargs.py
[2023-03-06T18:51:45.910+0000] {processor.py:743} INFO - Processing file /home/airflow/.local/lib/python3.7/site-packages/airflow/example_dags/example_xcomargs.py for tasks to queue
[2023-03-06T18:51:45.912+0000] {logging_mixin.py:137} INFO - [2023-03-06T18:51:45.912+0000] {dagbag.py:538} INFO - Filling up the DagBag from /home/airflow/.local/lib/python3.7/site-packages/airflow/example_dags/example_xcomargs.py
[2023-03-06T18:51:45.955+0000] {processor.py:753} INFO - DAG(s) dict_keys(['example_xcom_args', 'example_xcom_args_with_operators']) retrieved from /home/airflow/.local/lib/python3.7/site-packages/airflow/example_dags/example_xcomargs.py
[2023-03-06T18:51:46.014+0000] {logging_mixin.py:137} INFO - [2023-03-06T18:51:46.014+0000] {dag.py:2690} INFO - Sync 2 DAGs
[2023-03-06T18:51:46.063+0000] {logging_mixin.py:137} INFO - [2023-03-06T18:51:46.062+0000] {dag.py:3441} INFO - Setting next_dagrun for example_xcom_args to None, run_after=None
[2023-03-06T18:51:46.085+0000] {logging_mixin.py:137} INFO - [2023-03-06T18:51:46.084+0000] {dag.py:3441} INFO - Setting next_dagrun for example_xcom_args_with_operators to None, run_after=None
[2023-03-06T18:51:46.120+0000] {processor.py:175} INFO - Processing /home/airflow/.local/lib/python3.7/site-packages/airflow/example_dags/example_xcomargs.py took 0.219 seconds
[2023-03-06T18:52:16.357+0000] {processor.py:153} INFO - Started process (PID=312) to work on /home/airflow/.local/lib/python3.7/site-packages/airflow/example_dags/example_xcomargs.py
[2023-03-06T18:52:16.359+0000] {processor.py:743} INFO - Processing file /home/airflow/.local/lib/python3.7/site-packages/airflow/example_dags/example_xcomargs.py for tasks to queue
[2023-03-06T18:52:16.361+0000] {logging_mixin.py:137} INFO - [2023-03-06T18:52:16.361+0000] {dagbag.py:538} INFO - Filling up the DagBag from /home/airflow/.local/lib/python3.7/site-packages/airflow/example_dags/example_xcomargs.py
[2023-03-06T18:52:16.395+0000] {processor.py:753} INFO - DAG(s) dict_keys(['example_xcom_args', 'example_xcom_args_with_operators']) retrieved from /home/airflow/.local/lib/python3.7/site-packages/airflow/example_dags/example_xcomargs.py
[2023-03-06T18:52:16.437+0000] {logging_mixin.py:137} INFO - [2023-03-06T18:52:16.437+0000] {dag.py:2690} INFO - Sync 2 DAGs
[2023-03-06T18:52:16.475+0000] {logging_mixin.py:137} INFO - [2023-03-06T18:52:16.475+0000] {dag.py:3441} INFO - Setting next_dagrun for example_xcom_args to None, run_after=None
[2023-03-06T18:52:16.481+0000] {logging_mixin.py:137} INFO - [2023-03-06T18:52:16.481+0000] {dag.py:3441} INFO - Setting next_dagrun for example_xcom_args_with_operators to None, run_after=None
[2023-03-06T18:52:16.505+0000] {processor.py:175} INFO - Processing /home/airflow/.local/lib/python3.7/site-packages/airflow/example_dags/example_xcomargs.py took 0.154 seconds
[2023-03-06T18:52:46.726+0000] {processor.py:153} INFO - Started process (PID=380) to work on /home/airflow/.local/lib/python3.7/site-packages/airflow/example_dags/example_xcomargs.py
[2023-03-06T18:52:46.730+0000] {processor.py:743} INFO - Processing file /home/airflow/.local/lib/python3.7/site-packages/airflow/example_dags/example_xcomargs.py for tasks to queue
[2023-03-06T18:52:46.734+0000] {logging_mixin.py:137} INFO - [2023-03-06T18:52:46.733+0000] {dagbag.py:538} INFO - Filling up the DagBag from /home/airflow/.local/lib/python3.7/site-packages/airflow/example_dags/example_xcomargs.py
[2023-03-06T18:52:46.790+0000] {processor.py:753} INFO - DAG(s) dict_keys(['example_xcom_args', 'example_xcom_args_with_operators']) retrieved from /home/airflow/.local/lib/python3.7/site-packages/airflow/example_dags/example_xcomargs.py
[2023-03-06T18:52:46.871+0000] {logging_mixin.py:137} INFO - [2023-03-06T18:52:46.870+0000] {dag.py:2690} INFO - Sync 2 DAGs
[2023-03-06T18:52:46.928+0000] {logging_mixin.py:137} INFO - [2023-03-06T18:52:46.928+0000] {dag.py:3441} INFO - Setting next_dagrun for example_xcom_args to None, run_after=None
[2023-03-06T18:52:46.935+0000] {logging_mixin.py:137} INFO - [2023-03-06T18:52:46.935+0000] {dag.py:3441} INFO - Setting next_dagrun for example_xcom_args_with_operators to None, run_after=None
[2023-03-06T18:52:46.970+0000] {processor.py:175} INFO - Processing /home/airflow/.local/lib/python3.7/site-packages/airflow/example_dags/example_xcomargs.py took 0.252 seconds
[2023-03-06T18:53:17.225+0000] {processor.py:153} INFO - Started process (PID=447) to work on /home/airflow/.local/lib/python3.7/site-packages/airflow/example_dags/example_xcomargs.py
[2023-03-06T18:53:17.231+0000] {processor.py:743} INFO - Processing file /home/airflow/.local/lib/python3.7/site-packages/airflow/example_dags/example_xcomargs.py for tasks to queue
[2023-03-06T18:53:17.234+0000] {logging_mixin.py:137} INFO - [2023-03-06T18:53:17.233+0000] {dagbag.py:538} INFO - Filling up the DagBag from /home/airflow/.local/lib/python3.7/site-packages/airflow/example_dags/example_xcomargs.py
[2023-03-06T18:53:17.295+0000] {processor.py:753} INFO - DAG(s) dict_keys(['example_xcom_args', 'example_xcom_args_with_operators']) retrieved from /home/airflow/.local/lib/python3.7/site-packages/airflow/example_dags/example_xcomargs.py
[2023-03-06T18:53:17.404+0000] {logging_mixin.py:137} INFO - [2023-03-06T18:53:17.404+0000] {dag.py:2690} INFO - Sync 2 DAGs
[2023-03-06T18:53:17.501+0000] {logging_mixin.py:137} INFO - [2023-03-06T18:53:17.500+0000] {dag.py:3441} INFO - Setting next_dagrun for example_xcom_args to None, run_after=None
[2023-03-06T18:53:17.613+0000] {logging_mixin.py:137} INFO - [2023-03-06T18:53:17.595+0000] {dag.py:3441} INFO - Setting next_dagrun for example_xcom_args_with_operators to None, run_after=None
[2023-03-06T18:53:17.827+0000] {processor.py:175} INFO - Processing /home/airflow/.local/lib/python3.7/site-packages/airflow/example_dags/example_xcomargs.py took 0.609 seconds
[2023-03-06T18:53:47.895+0000] {processor.py:153} INFO - Started process (PID=514) to work on /home/airflow/.local/lib/python3.7/site-packages/airflow/example_dags/example_xcomargs.py
[2023-03-06T18:53:47.897+0000] {processor.py:743} INFO - Processing file /home/airflow/.local/lib/python3.7/site-packages/airflow/example_dags/example_xcomargs.py for tasks to queue
[2023-03-06T18:53:47.899+0000] {logging_mixin.py:137} INFO - [2023-03-06T18:53:47.899+0000] {dagbag.py:538} INFO - Filling up the DagBag from /home/airflow/.local/lib/python3.7/site-packages/airflow/example_dags/example_xcomargs.py
[2023-03-06T18:53:47.949+0000] {processor.py:753} INFO - DAG(s) dict_keys(['example_xcom_args', 'example_xcom_args_with_operators']) retrieved from /home/airflow/.local/lib/python3.7/site-packages/airflow/example_dags/example_xcomargs.py
[2023-03-06T18:53:48.035+0000] {logging_mixin.py:137} INFO - [2023-03-06T18:53:48.035+0000] {dag.py:2690} INFO - Sync 2 DAGs
[2023-03-06T18:53:48.071+0000] {logging_mixin.py:137} INFO - [2023-03-06T18:53:48.070+0000] {dag.py:3441} INFO - Setting next_dagrun for example_xcom_args to None, run_after=None
[2023-03-06T18:53:48.078+0000] {logging_mixin.py:137} INFO - [2023-03-06T18:53:48.078+0000] {dag.py:3441} INFO - Setting next_dagrun for example_xcom_args_with_operators to None, run_after=None
[2023-03-06T18:53:48.101+0000] {processor.py:175} INFO - Processing /home/airflow/.local/lib/python3.7/site-packages/airflow/example_dags/example_xcomargs.py took 0.213 seconds
[2023-03-06T18:54:18.638+0000] {processor.py:153} INFO - Started process (PID=592) to work on /home/airflow/.local/lib/python3.7/site-packages/airflow/example_dags/example_xcomargs.py
[2023-03-06T18:54:18.645+0000] {processor.py:743} INFO - Processing file /home/airflow/.local/lib/python3.7/site-packages/airflow/example_dags/example_xcomargs.py for tasks to queue
[2023-03-06T18:54:18.648+0000] {logging_mixin.py:137} INFO - [2023-03-06T18:54:18.647+0000] {dagbag.py:538} INFO - Filling up the DagBag from /home/airflow/.local/lib/python3.7/site-packages/airflow/example_dags/example_xcomargs.py
[2023-03-06T18:54:18.690+0000] {processor.py:753} INFO - DAG(s) dict_keys(['example_xcom_args', 'example_xcom_args_with_operators']) retrieved from /home/airflow/.local/lib/python3.7/site-packages/airflow/example_dags/example_xcomargs.py
[2023-03-06T18:54:18.745+0000] {logging_mixin.py:137} INFO - [2023-03-06T18:54:18.745+0000] {dag.py:2690} INFO - Sync 2 DAGs
[2023-03-06T18:54:18.809+0000] {logging_mixin.py:137} INFO - [2023-03-06T18:54:18.808+0000] {dag.py:3441} INFO - Setting next_dagrun for example_xcom_args to None, run_after=None
[2023-03-06T18:54:18.820+0000] {logging_mixin.py:137} INFO - [2023-03-06T18:54:18.819+0000] {dag.py:3441} INFO - Setting next_dagrun for example_xcom_args_with_operators to None, run_after=None
[2023-03-06T18:54:18.852+0000] {processor.py:175} INFO - Processing /home/airflow/.local/lib/python3.7/site-packages/airflow/example_dags/example_xcomargs.py took 0.223 seconds
[2023-03-06T18:54:49.072+0000] {processor.py:153} INFO - Started process (PID=659) to work on /home/airflow/.local/lib/python3.7/site-packages/airflow/example_dags/example_xcomargs.py
[2023-03-06T18:54:49.075+0000] {processor.py:743} INFO - Processing file /home/airflow/.local/lib/python3.7/site-packages/airflow/example_dags/example_xcomargs.py for tasks to queue
[2023-03-06T18:54:49.078+0000] {logging_mixin.py:137} INFO - [2023-03-06T18:54:49.078+0000] {dagbag.py:538} INFO - Filling up the DagBag from /home/airflow/.local/lib/python3.7/site-packages/airflow/example_dags/example_xcomargs.py
[2023-03-06T18:54:49.115+0000] {processor.py:753} INFO - DAG(s) dict_keys(['example_xcom_args', 'example_xcom_args_with_operators']) retrieved from /home/airflow/.local/lib/python3.7/site-packages/airflow/example_dags/example_xcomargs.py
[2023-03-06T18:54:49.161+0000] {logging_mixin.py:137} INFO - [2023-03-06T18:54:49.161+0000] {dag.py:2690} INFO - Sync 2 DAGs
[2023-03-06T18:54:49.201+0000] {logging_mixin.py:137} INFO - [2023-03-06T18:54:49.201+0000] {dag.py:3441} INFO - Setting next_dagrun for example_xcom_args to None, run_after=None
[2023-03-06T18:54:49.207+0000] {logging_mixin.py:137} INFO - [2023-03-06T18:54:49.207+0000] {dag.py:3441} INFO - Setting next_dagrun for example_xcom_args_with_operators to None, run_after=None
[2023-03-06T18:54:49.236+0000] {processor.py:175} INFO - Processing /home/airflow/.local/lib/python3.7/site-packages/airflow/example_dags/example_xcomargs.py took 0.170 seconds
[2023-03-06T18:55:19.655+0000] {processor.py:153} INFO - Started process (PID=729) to work on /home/airflow/.local/lib/python3.7/site-packages/airflow/example_dags/example_xcomargs.py
[2023-03-06T18:55:19.661+0000] {processor.py:743} INFO - Processing file /home/airflow/.local/lib/python3.7/site-packages/airflow/example_dags/example_xcomargs.py for tasks to queue
[2023-03-06T18:55:19.665+0000] {logging_mixin.py:137} INFO - [2023-03-06T18:55:19.664+0000] {dagbag.py:538} INFO - Filling up the DagBag from /home/airflow/.local/lib/python3.7/site-packages/airflow/example_dags/example_xcomargs.py
[2023-03-06T18:55:19.735+0000] {processor.py:753} INFO - DAG(s) dict_keys(['example_xcom_args', 'example_xcom_args_with_operators']) retrieved from /home/airflow/.local/lib/python3.7/site-packages/airflow/example_dags/example_xcomargs.py
[2023-03-06T18:55:19.796+0000] {logging_mixin.py:137} INFO - [2023-03-06T18:55:19.795+0000] {dag.py:2690} INFO - Sync 2 DAGs
[2023-03-06T18:55:19.856+0000] {logging_mixin.py:137} INFO - [2023-03-06T18:55:19.856+0000] {dag.py:3441} INFO - Setting next_dagrun for example_xcom_args to None, run_after=None
[2023-03-06T18:55:19.873+0000] {logging_mixin.py:137} INFO - [2023-03-06T18:55:19.872+0000] {dag.py:3441} INFO - Setting next_dagrun for example_xcom_args_with_operators to None, run_after=None
[2023-03-06T18:55:19.922+0000] {processor.py:175} INFO - Processing /home/airflow/.local/lib/python3.7/site-packages/airflow/example_dags/example_xcomargs.py took 0.286 seconds
[2023-03-06T18:55:49.993+0000] {processor.py:153} INFO - Started process (PID=795) to work on /home/airflow/.local/lib/python3.7/site-packages/airflow/example_dags/example_xcomargs.py
[2023-03-06T18:55:49.995+0000] {processor.py:743} INFO - Processing file /home/airflow/.local/lib/python3.7/site-packages/airflow/example_dags/example_xcomargs.py for tasks to queue
[2023-03-06T18:55:49.997+0000] {logging_mixin.py:137} INFO - [2023-03-06T18:55:49.997+0000] {dagbag.py:538} INFO - Filling up the DagBag from /home/airflow/.local/lib/python3.7/site-packages/airflow/example_dags/example_xcomargs.py
[2023-03-06T18:55:50.033+0000] {processor.py:753} INFO - DAG(s) dict_keys(['example_xcom_args', 'example_xcom_args_with_operators']) retrieved from /home/airflow/.local/lib/python3.7/site-packages/airflow/example_dags/example_xcomargs.py
[2023-03-06T18:55:50.153+0000] {logging_mixin.py:137} INFO - [2023-03-06T18:55:50.153+0000] {dag.py:2690} INFO - Sync 2 DAGs
[2023-03-06T18:55:50.224+0000] {logging_mixin.py:137} INFO - [2023-03-06T18:55:50.224+0000] {dag.py:3441} INFO - Setting next_dagrun for example_xcom_args to None, run_after=None
[2023-03-06T18:55:50.232+0000] {logging_mixin.py:137} INFO - [2023-03-06T18:55:50.231+0000] {dag.py:3441} INFO - Setting next_dagrun for example_xcom_args_with_operators to None, run_after=None
[2023-03-06T18:55:50.259+0000] {processor.py:175} INFO - Processing /home/airflow/.local/lib/python3.7/site-packages/airflow/example_dags/example_xcomargs.py took 0.272 seconds
[2023-03-06T18:56:20.636+0000] {processor.py:153} INFO - Started process (PID=862) to work on /home/airflow/.local/lib/python3.7/site-packages/airflow/example_dags/example_xcomargs.py
[2023-03-06T18:56:20.638+0000] {processor.py:743} INFO - Processing file /home/airflow/.local/lib/python3.7/site-packages/airflow/example_dags/example_xcomargs.py for tasks to queue
[2023-03-06T18:56:20.640+0000] {logging_mixin.py:137} INFO - [2023-03-06T18:56:20.640+0000] {dagbag.py:538} INFO - Filling up the DagBag from /home/airflow/.local/lib/python3.7/site-packages/airflow/example_dags/example_xcomargs.py
[2023-03-06T18:56:20.687+0000] {processor.py:753} INFO - DAG(s) dict_keys(['example_xcom_args_with_operators', 'example_xcom_args']) retrieved from /home/airflow/.local/lib/python3.7/site-packages/airflow/example_dags/example_xcomargs.py
[2023-03-06T18:56:20.742+0000] {logging_mixin.py:137} INFO - [2023-03-06T18:56:20.742+0000] {dag.py:2690} INFO - Sync 2 DAGs
[2023-03-06T18:56:20.790+0000] {logging_mixin.py:137} INFO - [2023-03-06T18:56:20.790+0000] {dag.py:3441} INFO - Setting next_dagrun for example_xcom_args to None, run_after=None
[2023-03-06T18:56:20.799+0000] {logging_mixin.py:137} INFO - [2023-03-06T18:56:20.798+0000] {dag.py:3441} INFO - Setting next_dagrun for example_xcom_args_with_operators to None, run_after=None
[2023-03-06T18:56:20.832+0000] {processor.py:175} INFO - Processing /home/airflow/.local/lib/python3.7/site-packages/airflow/example_dags/example_xcomargs.py took 0.203 seconds
[2023-03-06T18:56:51.076+0000] {processor.py:153} INFO - Started process (PID=938) to work on /home/airflow/.local/lib/python3.7/site-packages/airflow/example_dags/example_xcomargs.py
[2023-03-06T18:56:51.079+0000] {processor.py:743} INFO - Processing file /home/airflow/.local/lib/python3.7/site-packages/airflow/example_dags/example_xcomargs.py for tasks to queue
[2023-03-06T18:56:51.082+0000] {logging_mixin.py:137} INFO - [2023-03-06T18:56:51.082+0000] {dagbag.py:538} INFO - Filling up the DagBag from /home/airflow/.local/lib/python3.7/site-packages/airflow/example_dags/example_xcomargs.py
[2023-03-06T18:56:51.121+0000] {processor.py:753} INFO - DAG(s) dict_keys(['example_xcom_args', 'example_xcom_args_with_operators']) retrieved from /home/airflow/.local/lib/python3.7/site-packages/airflow/example_dags/example_xcomargs.py
[2023-03-06T18:56:51.177+0000] {logging_mixin.py:137} INFO - [2023-03-06T18:56:51.177+0000] {dag.py:2690} INFO - Sync 2 DAGs
[2023-03-06T18:56:51.223+0000] {logging_mixin.py:137} INFO - [2023-03-06T18:56:51.223+0000] {dag.py:3441} INFO - Setting next_dagrun for example_xcom_args to None, run_after=None
[2023-03-06T18:56:51.238+0000] {logging_mixin.py:137} INFO - [2023-03-06T18:56:51.238+0000] {dag.py:3441} INFO - Setting next_dagrun for example_xcom_args_with_operators to None, run_after=None
[2023-03-06T18:56:51.269+0000] {processor.py:175} INFO - Processing /home/airflow/.local/lib/python3.7/site-packages/airflow/example_dags/example_xcomargs.py took 0.199 seconds
[2023-03-06T18:57:21.955+0000] {processor.py:153} INFO - Started process (PID=1008) to work on /home/airflow/.local/lib/python3.7/site-packages/airflow/example_dags/example_xcomargs.py
[2023-03-06T18:57:21.958+0000] {processor.py:743} INFO - Processing file /home/airflow/.local/lib/python3.7/site-packages/airflow/example_dags/example_xcomargs.py for tasks to queue
[2023-03-06T18:57:21.961+0000] {logging_mixin.py:137} INFO - [2023-03-06T18:57:21.961+0000] {dagbag.py:538} INFO - Filling up the DagBag from /home/airflow/.local/lib/python3.7/site-packages/airflow/example_dags/example_xcomargs.py
[2023-03-06T18:57:22.005+0000] {processor.py:753} INFO - DAG(s) dict_keys(['example_xcom_args_with_operators', 'example_xcom_args']) retrieved from /home/airflow/.local/lib/python3.7/site-packages/airflow/example_dags/example_xcomargs.py
[2023-03-06T18:57:22.059+0000] {logging_mixin.py:137} INFO - [2023-03-06T18:57:22.059+0000] {dag.py:2690} INFO - Sync 2 DAGs
[2023-03-06T18:57:22.100+0000] {logging_mixin.py:137} INFO - [2023-03-06T18:57:22.100+0000] {dag.py:3441} INFO - Setting next_dagrun for example_xcom_args to None, run_after=None
[2023-03-06T18:57:22.108+0000] {logging_mixin.py:137} INFO - [2023-03-06T18:57:22.108+0000] {dag.py:3441} INFO - Setting next_dagrun for example_xcom_args_with_operators to None, run_after=None
[2023-03-06T18:57:22.136+0000] {processor.py:175} INFO - Processing /home/airflow/.local/lib/python3.7/site-packages/airflow/example_dags/example_xcomargs.py took 0.187 seconds
[2023-03-06T18:57:52.753+0000] {processor.py:153} INFO - Started process (PID=1075) to work on /home/airflow/.local/lib/python3.7/site-packages/airflow/example_dags/example_xcomargs.py
[2023-03-06T18:57:52.758+0000] {processor.py:743} INFO - Processing file /home/airflow/.local/lib/python3.7/site-packages/airflow/example_dags/example_xcomargs.py for tasks to queue
[2023-03-06T18:57:52.762+0000] {logging_mixin.py:137} INFO - [2023-03-06T18:57:52.761+0000] {dagbag.py:538} INFO - Filling up the DagBag from /home/airflow/.local/lib/python3.7/site-packages/airflow/example_dags/example_xcomargs.py
[2023-03-06T18:57:52.828+0000] {processor.py:753} INFO - DAG(s) dict_keys(['example_xcom_args', 'example_xcom_args_with_operators']) retrieved from /home/airflow/.local/lib/python3.7/site-packages/airflow/example_dags/example_xcomargs.py
[2023-03-06T18:57:52.882+0000] {logging_mixin.py:137} INFO - [2023-03-06T18:57:52.881+0000] {dag.py:2690} INFO - Sync 2 DAGs
[2023-03-06T18:57:52.920+0000] {logging_mixin.py:137} INFO - [2023-03-06T18:57:52.920+0000] {dag.py:3441} INFO - Setting next_dagrun for example_xcom_args to None, run_after=None
[2023-03-06T18:57:52.929+0000] {logging_mixin.py:137} INFO - [2023-03-06T18:57:52.929+0000] {dag.py:3441} INFO - Setting next_dagrun for example_xcom_args_with_operators to None, run_after=None
[2023-03-06T18:57:52.955+0000] {processor.py:175} INFO - Processing /home/airflow/.local/lib/python3.7/site-packages/airflow/example_dags/example_xcomargs.py took 0.211 seconds
[2023-03-06T18:58:23.838+0000] {processor.py:153} INFO - Started process (PID=1142) to work on /home/airflow/.local/lib/python3.7/site-packages/airflow/example_dags/example_xcomargs.py
[2023-03-06T18:58:23.844+0000] {processor.py:743} INFO - Processing file /home/airflow/.local/lib/python3.7/site-packages/airflow/example_dags/example_xcomargs.py for tasks to queue
[2023-03-06T18:58:23.848+0000] {logging_mixin.py:137} INFO - [2023-03-06T18:58:23.847+0000] {dagbag.py:538} INFO - Filling up the DagBag from /home/airflow/.local/lib/python3.7/site-packages/airflow/example_dags/example_xcomargs.py
[2023-03-06T18:58:23.896+0000] {processor.py:753} INFO - DAG(s) dict_keys(['example_xcom_args_with_operators', 'example_xcom_args']) retrieved from /home/airflow/.local/lib/python3.7/site-packages/airflow/example_dags/example_xcomargs.py
[2023-03-06T18:58:23.951+0000] {logging_mixin.py:137} INFO - [2023-03-06T18:58:23.951+0000] {dag.py:2690} INFO - Sync 2 DAGs
[2023-03-06T18:58:24.007+0000] {logging_mixin.py:137} INFO - [2023-03-06T18:58:24.006+0000] {dag.py:3441} INFO - Setting next_dagrun for example_xcom_args to None, run_after=None
[2023-03-06T18:58:24.014+0000] {logging_mixin.py:137} INFO - [2023-03-06T18:58:24.014+0000] {dag.py:3441} INFO - Setting next_dagrun for example_xcom_args_with_operators to None, run_after=None
[2023-03-06T18:58:24.050+0000] {processor.py:175} INFO - Processing /home/airflow/.local/lib/python3.7/site-packages/airflow/example_dags/example_xcomargs.py took 0.219 seconds
[2023-03-06T18:58:54.973+0000] {processor.py:153} INFO - Started process (PID=1208) to work on /home/airflow/.local/lib/python3.7/site-packages/airflow/example_dags/example_xcomargs.py
[2023-03-06T18:58:54.978+0000] {processor.py:743} INFO - Processing file /home/airflow/.local/lib/python3.7/site-packages/airflow/example_dags/example_xcomargs.py for tasks to queue
[2023-03-06T18:58:54.984+0000] {logging_mixin.py:137} INFO - [2023-03-06T18:58:54.984+0000] {dagbag.py:538} INFO - Filling up the DagBag from /home/airflow/.local/lib/python3.7/site-packages/airflow/example_dags/example_xcomargs.py
[2023-03-06T18:58:55.031+0000] {processor.py:753} INFO - DAG(s) dict_keys(['example_xcom_args_with_operators', 'example_xcom_args']) retrieved from /home/airflow/.local/lib/python3.7/site-packages/airflow/example_dags/example_xcomargs.py
[2023-03-06T18:58:55.110+0000] {logging_mixin.py:137} INFO - [2023-03-06T18:58:55.110+0000] {dag.py:2690} INFO - Sync 2 DAGs
[2023-03-06T18:58:55.166+0000] {logging_mixin.py:137} INFO - [2023-03-06T18:58:55.166+0000] {dag.py:3441} INFO - Setting next_dagrun for example_xcom_args to None, run_after=None
[2023-03-06T18:58:55.180+0000] {logging_mixin.py:137} INFO - [2023-03-06T18:58:55.179+0000] {dag.py:3441} INFO - Setting next_dagrun for example_xcom_args_with_operators to None, run_after=None
[2023-03-06T18:58:55.212+0000] {processor.py:175} INFO - Processing /home/airflow/.local/lib/python3.7/site-packages/airflow/example_dags/example_xcomargs.py took 0.253 seconds
[2023-03-06T18:59:25.368+0000] {processor.py:153} INFO - Started process (PID=1292) to work on /home/airflow/.local/lib/python3.7/site-packages/airflow/example_dags/example_xcomargs.py
[2023-03-06T18:59:25.371+0000] {processor.py:743} INFO - Processing file /home/airflow/.local/lib/python3.7/site-packages/airflow/example_dags/example_xcomargs.py for tasks to queue
[2023-03-06T18:59:25.374+0000] {logging_mixin.py:137} INFO - [2023-03-06T18:59:25.373+0000] {dagbag.py:538} INFO - Filling up the DagBag from /home/airflow/.local/lib/python3.7/site-packages/airflow/example_dags/example_xcomargs.py
[2023-03-06T18:59:25.415+0000] {processor.py:753} INFO - DAG(s) dict_keys(['example_xcom_args_with_operators', 'example_xcom_args']) retrieved from /home/airflow/.local/lib/python3.7/site-packages/airflow/example_dags/example_xcomargs.py
[2023-03-06T18:59:25.479+0000] {logging_mixin.py:137} INFO - [2023-03-06T18:59:25.478+0000] {dag.py:2690} INFO - Sync 2 DAGs
[2023-03-06T18:59:25.548+0000] {logging_mixin.py:137} INFO - [2023-03-06T18:59:25.548+0000] {dag.py:3441} INFO - Setting next_dagrun for example_xcom_args to None, run_after=None
[2023-03-06T18:59:25.557+0000] {logging_mixin.py:137} INFO - [2023-03-06T18:59:25.557+0000] {dag.py:3441} INFO - Setting next_dagrun for example_xcom_args_with_operators to None, run_after=None
[2023-03-06T18:59:25.596+0000] {processor.py:175} INFO - Processing /home/airflow/.local/lib/python3.7/site-packages/airflow/example_dags/example_xcomargs.py took 0.235 seconds
[2023-03-06T18:59:56.023+0000] {processor.py:153} INFO - Started process (PID=1358) to work on /home/airflow/.local/lib/python3.7/site-packages/airflow/example_dags/example_xcomargs.py
[2023-03-06T18:59:56.027+0000] {processor.py:743} INFO - Processing file /home/airflow/.local/lib/python3.7/site-packages/airflow/example_dags/example_xcomargs.py for tasks to queue
[2023-03-06T18:59:56.031+0000] {logging_mixin.py:137} INFO - [2023-03-06T18:59:56.030+0000] {dagbag.py:538} INFO - Filling up the DagBag from /home/airflow/.local/lib/python3.7/site-packages/airflow/example_dags/example_xcomargs.py
[2023-03-06T18:59:56.107+0000] {processor.py:753} INFO - DAG(s) dict_keys(['example_xcom_args_with_operators', 'example_xcom_args']) retrieved from /home/airflow/.local/lib/python3.7/site-packages/airflow/example_dags/example_xcomargs.py
[2023-03-06T18:59:56.216+0000] {logging_mixin.py:137} INFO - [2023-03-06T18:59:56.216+0000] {dag.py:2690} INFO - Sync 2 DAGs
[2023-03-06T18:59:56.297+0000] {logging_mixin.py:137} INFO - [2023-03-06T18:59:56.297+0000] {dag.py:3441} INFO - Setting next_dagrun for example_xcom_args to None, run_after=None
[2023-03-06T18:59:56.311+0000] {logging_mixin.py:137} INFO - [2023-03-06T18:59:56.311+0000] {dag.py:3441} INFO - Setting next_dagrun for example_xcom_args_with_operators to None, run_after=None
[2023-03-06T18:59:56.389+0000] {processor.py:175} INFO - Processing /home/airflow/.local/lib/python3.7/site-packages/airflow/example_dags/example_xcomargs.py took 0.377 seconds
[2023-03-06T19:00:26.849+0000] {processor.py:153} INFO - Started process (PID=1425) to work on /home/airflow/.local/lib/python3.7/site-packages/airflow/example_dags/example_xcomargs.py
[2023-03-06T19:00:26.857+0000] {processor.py:743} INFO - Processing file /home/airflow/.local/lib/python3.7/site-packages/airflow/example_dags/example_xcomargs.py for tasks to queue
[2023-03-06T19:00:26.861+0000] {logging_mixin.py:137} INFO - [2023-03-06T19:00:26.860+0000] {dagbag.py:538} INFO - Filling up the DagBag from /home/airflow/.local/lib/python3.7/site-packages/airflow/example_dags/example_xcomargs.py
[2023-03-06T19:00:26.913+0000] {processor.py:753} INFO - DAG(s) dict_keys(['example_xcom_args', 'example_xcom_args_with_operators']) retrieved from /home/airflow/.local/lib/python3.7/site-packages/airflow/example_dags/example_xcomargs.py
[2023-03-06T19:00:26.981+0000] {logging_mixin.py:137} INFO - [2023-03-06T19:00:26.980+0000] {dag.py:2690} INFO - Sync 2 DAGs
[2023-03-06T19:00:27.037+0000] {logging_mixin.py:137} INFO - [2023-03-06T19:00:27.037+0000] {dag.py:3441} INFO - Setting next_dagrun for example_xcom_args to None, run_after=None
[2023-03-06T19:00:27.046+0000] {logging_mixin.py:137} INFO - [2023-03-06T19:00:27.046+0000] {dag.py:3441} INFO - Setting next_dagrun for example_xcom_args_with_operators to None, run_after=None
[2023-03-06T19:00:27.080+0000] {processor.py:175} INFO - Processing /home/airflow/.local/lib/python3.7/site-packages/airflow/example_dags/example_xcomargs.py took 0.238 seconds
[2023-03-06T19:00:57.508+0000] {processor.py:153} INFO - Started process (PID=1491) to work on /home/airflow/.local/lib/python3.7/site-packages/airflow/example_dags/example_xcomargs.py
[2023-03-06T19:00:57.512+0000] {processor.py:743} INFO - Processing file /home/airflow/.local/lib/python3.7/site-packages/airflow/example_dags/example_xcomargs.py for tasks to queue
[2023-03-06T19:00:57.515+0000] {logging_mixin.py:137} INFO - [2023-03-06T19:00:57.515+0000] {dagbag.py:538} INFO - Filling up the DagBag from /home/airflow/.local/lib/python3.7/site-packages/airflow/example_dags/example_xcomargs.py
[2023-03-06T19:00:57.678+0000] {processor.py:753} INFO - DAG(s) dict_keys(['example_xcom_args', 'example_xcom_args_with_operators']) retrieved from /home/airflow/.local/lib/python3.7/site-packages/airflow/example_dags/example_xcomargs.py
[2023-03-06T19:00:57.765+0000] {logging_mixin.py:137} INFO - [2023-03-06T19:00:57.765+0000] {dag.py:2690} INFO - Sync 2 DAGs
[2023-03-06T19:00:57.841+0000] {logging_mixin.py:137} INFO - [2023-03-06T19:00:57.841+0000] {dag.py:3441} INFO - Setting next_dagrun for example_xcom_args to None, run_after=None
[2023-03-06T19:00:57.849+0000] {logging_mixin.py:137} INFO - [2023-03-06T19:00:57.849+0000] {dag.py:3441} INFO - Setting next_dagrun for example_xcom_args_with_operators to None, run_after=None
[2023-03-06T19:00:57.897+0000] {processor.py:175} INFO - Processing /home/airflow/.local/lib/python3.7/site-packages/airflow/example_dags/example_xcomargs.py took 0.397 seconds
[2023-03-06T19:01:28.840+0000] {processor.py:153} INFO - Started process (PID=1558) to work on /home/airflow/.local/lib/python3.7/site-packages/airflow/example_dags/example_xcomargs.py
[2023-03-06T19:01:28.843+0000] {processor.py:743} INFO - Processing file /home/airflow/.local/lib/python3.7/site-packages/airflow/example_dags/example_xcomargs.py for tasks to queue
[2023-03-06T19:01:28.845+0000] {logging_mixin.py:137} INFO - [2023-03-06T19:01:28.845+0000] {dagbag.py:538} INFO - Filling up the DagBag from /home/airflow/.local/lib/python3.7/site-packages/airflow/example_dags/example_xcomargs.py
[2023-03-06T19:01:28.880+0000] {processor.py:753} INFO - DAG(s) dict_keys(['example_xcom_args_with_operators', 'example_xcom_args']) retrieved from /home/airflow/.local/lib/python3.7/site-packages/airflow/example_dags/example_xcomargs.py
[2023-03-06T19:01:28.925+0000] {logging_mixin.py:137} INFO - [2023-03-06T19:01:28.925+0000] {dag.py:2690} INFO - Sync 2 DAGs
[2023-03-06T19:01:28.965+0000] {logging_mixin.py:137} INFO - [2023-03-06T19:01:28.965+0000] {dag.py:3441} INFO - Setting next_dagrun for example_xcom_args to None, run_after=None
[2023-03-06T19:01:28.974+0000] {logging_mixin.py:137} INFO - [2023-03-06T19:01:28.974+0000] {dag.py:3441} INFO - Setting next_dagrun for example_xcom_args_with_operators to None, run_after=None
[2023-03-06T19:01:29.001+0000] {processor.py:175} INFO - Processing /home/airflow/.local/lib/python3.7/site-packages/airflow/example_dags/example_xcomargs.py took 0.166 seconds
[2023-03-06T19:01:59.639+0000] {processor.py:153} INFO - Started process (PID=1625) to work on /home/airflow/.local/lib/python3.7/site-packages/airflow/example_dags/example_xcomargs.py
[2023-03-06T19:01:59.641+0000] {processor.py:743} INFO - Processing file /home/airflow/.local/lib/python3.7/site-packages/airflow/example_dags/example_xcomargs.py for tasks to queue
[2023-03-06T19:01:59.643+0000] {logging_mixin.py:137} INFO - [2023-03-06T19:01:59.643+0000] {dagbag.py:538} INFO - Filling up the DagBag from /home/airflow/.local/lib/python3.7/site-packages/airflow/example_dags/example_xcomargs.py
[2023-03-06T19:01:59.675+0000] {processor.py:753} INFO - DAG(s) dict_keys(['example_xcom_args', 'example_xcom_args_with_operators']) retrieved from /home/airflow/.local/lib/python3.7/site-packages/airflow/example_dags/example_xcomargs.py
[2023-03-06T19:01:59.720+0000] {logging_mixin.py:137} INFO - [2023-03-06T19:01:59.720+0000] {dag.py:2690} INFO - Sync 2 DAGs
[2023-03-06T19:01:59.754+0000] {logging_mixin.py:137} INFO - [2023-03-06T19:01:59.754+0000] {dag.py:3441} INFO - Setting next_dagrun for example_xcom_args to None, run_after=None
[2023-03-06T19:01:59.761+0000] {logging_mixin.py:137} INFO - [2023-03-06T19:01:59.761+0000] {dag.py:3441} INFO - Setting next_dagrun for example_xcom_args_with_operators to None, run_after=None
[2023-03-06T19:01:59.785+0000] {processor.py:175} INFO - Processing /home/airflow/.local/lib/python3.7/site-packages/airflow/example_dags/example_xcomargs.py took 0.151 seconds
[2023-03-06T19:02:29.934+0000] {processor.py:153} INFO - Started process (PID=1704) to work on /home/airflow/.local/lib/python3.7/site-packages/airflow/example_dags/example_xcomargs.py
[2023-03-06T19:02:29.939+0000] {processor.py:743} INFO - Processing file /home/airflow/.local/lib/python3.7/site-packages/airflow/example_dags/example_xcomargs.py for tasks to queue
[2023-03-06T19:02:29.943+0000] {logging_mixin.py:137} INFO - [2023-03-06T19:02:29.943+0000] {dagbag.py:538} INFO - Filling up the DagBag from /home/airflow/.local/lib/python3.7/site-packages/airflow/example_dags/example_xcomargs.py
[2023-03-06T19:02:29.982+0000] {processor.py:753} INFO - DAG(s) dict_keys(['example_xcom_args_with_operators', 'example_xcom_args']) retrieved from /home/airflow/.local/lib/python3.7/site-packages/airflow/example_dags/example_xcomargs.py
[2023-03-06T19:02:30.030+0000] {logging_mixin.py:137} INFO - [2023-03-06T19:02:30.029+0000] {dag.py:2690} INFO - Sync 2 DAGs
[2023-03-06T19:02:30.068+0000] {logging_mixin.py:137} INFO - [2023-03-06T19:02:30.068+0000] {dag.py:3441} INFO - Setting next_dagrun for example_xcom_args to None, run_after=None
[2023-03-06T19:02:30.074+0000] {logging_mixin.py:137} INFO - [2023-03-06T19:02:30.074+0000] {dag.py:3441} INFO - Setting next_dagrun for example_xcom_args_with_operators to None, run_after=None
[2023-03-06T19:02:30.103+0000] {processor.py:175} INFO - Processing /home/airflow/.local/lib/python3.7/site-packages/airflow/example_dags/example_xcomargs.py took 0.175 seconds
[2023-03-06T19:03:00.404+0000] {processor.py:153} INFO - Started process (PID=1770) to work on /home/airflow/.local/lib/python3.7/site-packages/airflow/example_dags/example_xcomargs.py
[2023-03-06T19:03:00.409+0000] {processor.py:743} INFO - Processing file /home/airflow/.local/lib/python3.7/site-packages/airflow/example_dags/example_xcomargs.py for tasks to queue
[2023-03-06T19:03:00.414+0000] {logging_mixin.py:137} INFO - [2023-03-06T19:03:00.413+0000] {dagbag.py:538} INFO - Filling up the DagBag from /home/airflow/.local/lib/python3.7/site-packages/airflow/example_dags/example_xcomargs.py
[2023-03-06T19:03:00.489+0000] {processor.py:753} INFO - DAG(s) dict_keys(['example_xcom_args', 'example_xcom_args_with_operators']) retrieved from /home/airflow/.local/lib/python3.7/site-packages/airflow/example_dags/example_xcomargs.py
[2023-03-06T19:03:00.564+0000] {logging_mixin.py:137} INFO - [2023-03-06T19:03:00.564+0000] {dag.py:2690} INFO - Sync 2 DAGs
[2023-03-06T19:03:00.637+0000] {logging_mixin.py:137} INFO - [2023-03-06T19:03:00.636+0000] {dag.py:3441} INFO - Setting next_dagrun for example_xcom_args to None, run_after=None
[2023-03-06T19:03:00.655+0000] {logging_mixin.py:137} INFO - [2023-03-06T19:03:00.655+0000] {dag.py:3441} INFO - Setting next_dagrun for example_xcom_args_with_operators to None, run_after=None
[2023-03-06T19:03:00.705+0000] {processor.py:175} INFO - Processing /home/airflow/.local/lib/python3.7/site-packages/airflow/example_dags/example_xcomargs.py took 0.311 seconds
[2023-03-06T19:03:31.217+0000] {processor.py:153} INFO - Started process (PID=1835) to work on /home/airflow/.local/lib/python3.7/site-packages/airflow/example_dags/example_xcomargs.py
[2023-03-06T19:03:31.221+0000] {processor.py:743} INFO - Processing file /home/airflow/.local/lib/python3.7/site-packages/airflow/example_dags/example_xcomargs.py for tasks to queue
[2023-03-06T19:03:31.224+0000] {logging_mixin.py:137} INFO - [2023-03-06T19:03:31.224+0000] {dagbag.py:538} INFO - Filling up the DagBag from /home/airflow/.local/lib/python3.7/site-packages/airflow/example_dags/example_xcomargs.py
[2023-03-06T19:03:31.268+0000] {processor.py:753} INFO - DAG(s) dict_keys(['example_xcom_args', 'example_xcom_args_with_operators']) retrieved from /home/airflow/.local/lib/python3.7/site-packages/airflow/example_dags/example_xcomargs.py
[2023-03-06T19:03:31.336+0000] {logging_mixin.py:137} INFO - [2023-03-06T19:03:31.336+0000] {dag.py:2690} INFO - Sync 2 DAGs
[2023-03-06T19:03:31.379+0000] {logging_mixin.py:137} INFO - [2023-03-06T19:03:31.379+0000] {dag.py:3441} INFO - Setting next_dagrun for example_xcom_args to None, run_after=None
[2023-03-06T19:03:31.387+0000] {logging_mixin.py:137} INFO - [2023-03-06T19:03:31.386+0000] {dag.py:3441} INFO - Setting next_dagrun for example_xcom_args_with_operators to None, run_after=None
[2023-03-06T19:03:31.416+0000] {processor.py:175} INFO - Processing /home/airflow/.local/lib/python3.7/site-packages/airflow/example_dags/example_xcomargs.py took 0.206 seconds
[2023-03-06T19:04:01.567+0000] {processor.py:153} INFO - Started process (PID=1902) to work on /home/airflow/.local/lib/python3.7/site-packages/airflow/example_dags/example_xcomargs.py
[2023-03-06T19:04:01.569+0000] {processor.py:743} INFO - Processing file /home/airflow/.local/lib/python3.7/site-packages/airflow/example_dags/example_xcomargs.py for tasks to queue
[2023-03-06T19:04:01.572+0000] {logging_mixin.py:137} INFO - [2023-03-06T19:04:01.572+0000] {dagbag.py:538} INFO - Filling up the DagBag from /home/airflow/.local/lib/python3.7/site-packages/airflow/example_dags/example_xcomargs.py
[2023-03-06T19:04:01.607+0000] {processor.py:753} INFO - DAG(s) dict_keys(['example_xcom_args', 'example_xcom_args_with_operators']) retrieved from /home/airflow/.local/lib/python3.7/site-packages/airflow/example_dags/example_xcomargs.py
[2023-03-06T19:04:01.662+0000] {logging_mixin.py:137} INFO - [2023-03-06T19:04:01.662+0000] {dag.py:2690} INFO - Sync 2 DAGs
[2023-03-06T19:04:01.704+0000] {logging_mixin.py:137} INFO - [2023-03-06T19:04:01.704+0000] {dag.py:3441} INFO - Setting next_dagrun for example_xcom_args to None, run_after=None
[2023-03-06T19:04:01.712+0000] {logging_mixin.py:137} INFO - [2023-03-06T19:04:01.712+0000] {dag.py:3441} INFO - Setting next_dagrun for example_xcom_args_with_operators to None, run_after=None
[2023-03-06T19:04:01.741+0000] {processor.py:175} INFO - Processing /home/airflow/.local/lib/python3.7/site-packages/airflow/example_dags/example_xcomargs.py took 0.180 seconds
[2023-03-06T19:04:32.308+0000] {processor.py:153} INFO - Started process (PID=1977) to work on /home/airflow/.local/lib/python3.7/site-packages/airflow/example_dags/example_xcomargs.py
[2023-03-06T19:04:32.314+0000] {processor.py:743} INFO - Processing file /home/airflow/.local/lib/python3.7/site-packages/airflow/example_dags/example_xcomargs.py for tasks to queue
[2023-03-06T19:04:32.318+0000] {logging_mixin.py:137} INFO - [2023-03-06T19:04:32.318+0000] {dagbag.py:538} INFO - Filling up the DagBag from /home/airflow/.local/lib/python3.7/site-packages/airflow/example_dags/example_xcomargs.py
[2023-03-06T19:04:32.360+0000] {processor.py:753} INFO - DAG(s) dict_keys(['example_xcom_args', 'example_xcom_args_with_operators']) retrieved from /home/airflow/.local/lib/python3.7/site-packages/airflow/example_dags/example_xcomargs.py
[2023-03-06T19:04:32.417+0000] {logging_mixin.py:137} INFO - [2023-03-06T19:04:32.416+0000] {dag.py:2690} INFO - Sync 2 DAGs
[2023-03-06T19:04:32.468+0000] {logging_mixin.py:137} INFO - [2023-03-06T19:04:32.468+0000] {dag.py:3441} INFO - Setting next_dagrun for example_xcom_args to None, run_after=None
[2023-03-06T19:04:32.477+0000] {logging_mixin.py:137} INFO - [2023-03-06T19:04:32.477+0000] {dag.py:3441} INFO - Setting next_dagrun for example_xcom_args_with_operators to None, run_after=None
[2023-03-06T19:04:32.512+0000] {processor.py:175} INFO - Processing /home/airflow/.local/lib/python3.7/site-packages/airflow/example_dags/example_xcomargs.py took 0.211 seconds
[2023-03-06T19:05:02.689+0000] {processor.py:153} INFO - Started process (PID=2038) to work on /home/airflow/.local/lib/python3.7/site-packages/airflow/example_dags/example_xcomargs.py
[2023-03-06T19:05:02.697+0000] {processor.py:743} INFO - Processing file /home/airflow/.local/lib/python3.7/site-packages/airflow/example_dags/example_xcomargs.py for tasks to queue
[2023-03-06T19:05:02.705+0000] {logging_mixin.py:137} INFO - [2023-03-06T19:05:02.703+0000] {dagbag.py:538} INFO - Filling up the DagBag from /home/airflow/.local/lib/python3.7/site-packages/airflow/example_dags/example_xcomargs.py
[2023-03-06T19:05:02.842+0000] {processor.py:753} INFO - DAG(s) dict_keys(['example_xcom_args', 'example_xcom_args_with_operators']) retrieved from /home/airflow/.local/lib/python3.7/site-packages/airflow/example_dags/example_xcomargs.py
[2023-03-06T19:05:02.961+0000] {logging_mixin.py:137} INFO - [2023-03-06T19:05:02.960+0000] {dag.py:2690} INFO - Sync 2 DAGs
[2023-03-06T19:05:03.220+0000] {logging_mixin.py:137} INFO - [2023-03-06T19:05:03.220+0000] {dag.py:3441} INFO - Setting next_dagrun for example_xcom_args to None, run_after=None
[2023-03-06T19:05:03.272+0000] {logging_mixin.py:137} INFO - [2023-03-06T19:05:03.272+0000] {dag.py:3441} INFO - Setting next_dagrun for example_xcom_args_with_operators to None, run_after=None
[2023-03-06T19:05:03.367+0000] {processor.py:175} INFO - Processing /home/airflow/.local/lib/python3.7/site-packages/airflow/example_dags/example_xcomargs.py took 0.691 seconds
[2023-03-06T19:05:33.465+0000] {processor.py:153} INFO - Started process (PID=2106) to work on /home/airflow/.local/lib/python3.7/site-packages/airflow/example_dags/example_xcomargs.py
[2023-03-06T19:05:33.468+0000] {processor.py:743} INFO - Processing file /home/airflow/.local/lib/python3.7/site-packages/airflow/example_dags/example_xcomargs.py for tasks to queue
[2023-03-06T19:05:33.472+0000] {logging_mixin.py:137} INFO - [2023-03-06T19:05:33.471+0000] {dagbag.py:538} INFO - Filling up the DagBag from /home/airflow/.local/lib/python3.7/site-packages/airflow/example_dags/example_xcomargs.py
[2023-03-06T19:05:33.525+0000] {processor.py:753} INFO - DAG(s) dict_keys(['example_xcom_args', 'example_xcom_args_with_operators']) retrieved from /home/airflow/.local/lib/python3.7/site-packages/airflow/example_dags/example_xcomargs.py
[2023-03-06T19:05:33.588+0000] {logging_mixin.py:137} INFO - [2023-03-06T19:05:33.588+0000] {dag.py:2690} INFO - Sync 2 DAGs
[2023-03-06T19:05:33.636+0000] {logging_mixin.py:137} INFO - [2023-03-06T19:05:33.636+0000] {dag.py:3441} INFO - Setting next_dagrun for example_xcom_args to None, run_after=None
[2023-03-06T19:05:33.646+0000] {logging_mixin.py:137} INFO - [2023-03-06T19:05:33.646+0000] {dag.py:3441} INFO - Setting next_dagrun for example_xcom_args_with_operators to None, run_after=None
[2023-03-06T19:05:33.681+0000] {processor.py:175} INFO - Processing /home/airflow/.local/lib/python3.7/site-packages/airflow/example_dags/example_xcomargs.py took 0.226 seconds
[2023-03-06T19:06:03.803+0000] {processor.py:153} INFO - Started process (PID=2174) to work on /home/airflow/.local/lib/python3.7/site-packages/airflow/example_dags/example_xcomargs.py
[2023-03-06T19:06:03.808+0000] {processor.py:743} INFO - Processing file /home/airflow/.local/lib/python3.7/site-packages/airflow/example_dags/example_xcomargs.py for tasks to queue
[2023-03-06T19:06:03.811+0000] {logging_mixin.py:137} INFO - [2023-03-06T19:06:03.811+0000] {dagbag.py:538} INFO - Filling up the DagBag from /home/airflow/.local/lib/python3.7/site-packages/airflow/example_dags/example_xcomargs.py
[2023-03-06T19:06:03.887+0000] {processor.py:753} INFO - DAG(s) dict_keys(['example_xcom_args_with_operators', 'example_xcom_args']) retrieved from /home/airflow/.local/lib/python3.7/site-packages/airflow/example_dags/example_xcomargs.py
[2023-03-06T19:06:03.975+0000] {logging_mixin.py:137} INFO - [2023-03-06T19:06:03.974+0000] {dag.py:2690} INFO - Sync 2 DAGs
[2023-03-06T19:06:04.018+0000] {logging_mixin.py:137} INFO - [2023-03-06T19:06:04.017+0000] {dag.py:3441} INFO - Setting next_dagrun for example_xcom_args to None, run_after=None
[2023-03-06T19:06:04.027+0000] {logging_mixin.py:137} INFO - [2023-03-06T19:06:04.026+0000] {dag.py:3441} INFO - Setting next_dagrun for example_xcom_args_with_operators to None, run_after=None
[2023-03-06T19:06:04.058+0000] {processor.py:175} INFO - Processing /home/airflow/.local/lib/python3.7/site-packages/airflow/example_dags/example_xcomargs.py took 0.261 seconds
[2023-03-06T19:07:05.935+0000] {processor.py:153} INFO - Started process (PID=2258) to work on /home/airflow/.local/lib/python3.7/site-packages/airflow/example_dags/example_xcomargs.py
[2023-03-06T19:07:05.994+0000] {processor.py:743} INFO - Processing file /home/airflow/.local/lib/python3.7/site-packages/airflow/example_dags/example_xcomargs.py for tasks to queue
[2023-03-06T19:07:06.141+0000] {logging_mixin.py:137} INFO - [2023-03-06T19:07:06.140+0000] {dagbag.py:538} INFO - Filling up the DagBag from /home/airflow/.local/lib/python3.7/site-packages/airflow/example_dags/example_xcomargs.py
[2023-03-06T19:07:07.834+0000] {processor.py:753} INFO - DAG(s) dict_keys(['example_xcom_args', 'example_xcom_args_with_operators']) retrieved from /home/airflow/.local/lib/python3.7/site-packages/airflow/example_dags/example_xcomargs.py
[2023-03-06T19:07:10.074+0000] {logging_mixin.py:137} INFO - [2023-03-06T19:07:10.073+0000] {dag.py:2690} INFO - Sync 2 DAGs
[2023-03-06T19:07:12.799+0000] {logging_mixin.py:137} INFO - [2023-03-06T19:07:12.798+0000] {dag.py:3441} INFO - Setting next_dagrun for example_xcom_args to None, run_after=None
[2023-03-06T19:07:13.031+0000] {logging_mixin.py:137} INFO - [2023-03-06T19:07:13.030+0000] {dag.py:3441} INFO - Setting next_dagrun for example_xcom_args_with_operators to None, run_after=None
[2023-03-06T19:07:13.454+0000] {processor.py:175} INFO - Processing /home/airflow/.local/lib/python3.7/site-packages/airflow/example_dags/example_xcomargs.py took 8.203 seconds
[2023-03-06T19:08:03.226+0000] {processor.py:153} INFO - Started process (PID=2314) to work on /home/airflow/.local/lib/python3.7/site-packages/airflow/example_dags/example_xcomargs.py
[2023-03-06T19:08:03.232+0000] {processor.py:743} INFO - Processing file /home/airflow/.local/lib/python3.7/site-packages/airflow/example_dags/example_xcomargs.py for tasks to queue
[2023-03-06T19:08:03.241+0000] {logging_mixin.py:137} INFO - [2023-03-06T19:08:03.240+0000] {dagbag.py:538} INFO - Filling up the DagBag from /home/airflow/.local/lib/python3.7/site-packages/airflow/example_dags/example_xcomargs.py
[2023-03-06T19:08:03.360+0000] {processor.py:753} INFO - DAG(s) dict_keys(['example_xcom_args_with_operators', 'example_xcom_args']) retrieved from /home/airflow/.local/lib/python3.7/site-packages/airflow/example_dags/example_xcomargs.py
[2023-03-06T19:08:03.473+0000] {logging_mixin.py:137} INFO - [2023-03-06T19:08:03.473+0000] {dag.py:2690} INFO - Sync 2 DAGs
[2023-03-06T19:08:03.572+0000] {logging_mixin.py:137} INFO - [2023-03-06T19:08:03.572+0000] {dag.py:3441} INFO - Setting next_dagrun for example_xcom_args to None, run_after=None
[2023-03-06T19:08:03.588+0000] {logging_mixin.py:137} INFO - [2023-03-06T19:08:03.588+0000] {dag.py:3441} INFO - Setting next_dagrun for example_xcom_args_with_operators to None, run_after=None
[2023-03-06T19:08:03.640+0000] {processor.py:175} INFO - Processing /home/airflow/.local/lib/python3.7/site-packages/airflow/example_dags/example_xcomargs.py took 0.427 seconds
[2023-03-06T19:08:34.728+0000] {processor.py:153} INFO - Started process (PID=2370) to work on /home/airflow/.local/lib/python3.7/site-packages/airflow/example_dags/example_xcomargs.py
[2023-03-06T19:08:34.732+0000] {processor.py:743} INFO - Processing file /home/airflow/.local/lib/python3.7/site-packages/airflow/example_dags/example_xcomargs.py for tasks to queue
[2023-03-06T19:08:34.736+0000] {logging_mixin.py:137} INFO - [2023-03-06T19:08:34.735+0000] {dagbag.py:538} INFO - Filling up the DagBag from /home/airflow/.local/lib/python3.7/site-packages/airflow/example_dags/example_xcomargs.py
[2023-03-06T19:08:34.796+0000] {processor.py:753} INFO - DAG(s) dict_keys(['example_xcom_args_with_operators', 'example_xcom_args']) retrieved from /home/airflow/.local/lib/python3.7/site-packages/airflow/example_dags/example_xcomargs.py
[2023-03-06T19:08:34.862+0000] {logging_mixin.py:137} INFO - [2023-03-06T19:08:34.861+0000] {dag.py:2690} INFO - Sync 2 DAGs
[2023-03-06T19:08:34.925+0000] {logging_mixin.py:137} INFO - [2023-03-06T19:08:34.925+0000] {dag.py:3441} INFO - Setting next_dagrun for example_xcom_args to None, run_after=None
[2023-03-06T19:08:34.937+0000] {logging_mixin.py:137} INFO - [2023-03-06T19:08:34.937+0000] {dag.py:3441} INFO - Setting next_dagrun for example_xcom_args_with_operators to None, run_after=None
[2023-03-06T19:08:34.977+0000] {processor.py:175} INFO - Processing /home/airflow/.local/lib/python3.7/site-packages/airflow/example_dags/example_xcomargs.py took 0.256 seconds
[2023-03-06T19:09:05.513+0000] {processor.py:153} INFO - Started process (PID=2436) to work on /home/airflow/.local/lib/python3.7/site-packages/airflow/example_dags/example_xcomargs.py
[2023-03-06T19:09:05.534+0000] {processor.py:743} INFO - Processing file /home/airflow/.local/lib/python3.7/site-packages/airflow/example_dags/example_xcomargs.py for tasks to queue
[2023-03-06T19:09:05.570+0000] {logging_mixin.py:137} INFO - [2023-03-06T19:09:05.568+0000] {dagbag.py:538} INFO - Filling up the DagBag from /home/airflow/.local/lib/python3.7/site-packages/airflow/example_dags/example_xcomargs.py
[2023-03-06T19:09:05.766+0000] {processor.py:753} INFO - DAG(s) dict_keys(['example_xcom_args_with_operators', 'example_xcom_args']) retrieved from /home/airflow/.local/lib/python3.7/site-packages/airflow/example_dags/example_xcomargs.py
[2023-03-06T19:09:05.917+0000] {logging_mixin.py:137} INFO - [2023-03-06T19:09:05.916+0000] {dag.py:2690} INFO - Sync 2 DAGs
[2023-03-06T19:09:06.067+0000] {logging_mixin.py:137} INFO - [2023-03-06T19:09:06.066+0000] {dag.py:3441} INFO - Setting next_dagrun for example_xcom_args to None, run_after=None
[2023-03-06T19:09:06.101+0000] {logging_mixin.py:137} INFO - [2023-03-06T19:09:06.101+0000] {dag.py:3441} INFO - Setting next_dagrun for example_xcom_args_with_operators to None, run_after=None
[2023-03-06T19:09:06.154+0000] {processor.py:175} INFO - Processing /home/airflow/.local/lib/python3.7/site-packages/airflow/example_dags/example_xcomargs.py took 0.688 seconds
[2023-03-06T19:09:36.420+0000] {processor.py:153} INFO - Started process (PID=2500) to work on /home/airflow/.local/lib/python3.7/site-packages/airflow/example_dags/example_xcomargs.py
[2023-03-06T19:09:36.426+0000] {processor.py:743} INFO - Processing file /home/airflow/.local/lib/python3.7/site-packages/airflow/example_dags/example_xcomargs.py for tasks to queue
[2023-03-06T19:09:36.430+0000] {logging_mixin.py:137} INFO - [2023-03-06T19:09:36.429+0000] {dagbag.py:538} INFO - Filling up the DagBag from /home/airflow/.local/lib/python3.7/site-packages/airflow/example_dags/example_xcomargs.py
[2023-03-06T19:09:36.496+0000] {processor.py:753} INFO - DAG(s) dict_keys(['example_xcom_args', 'example_xcom_args_with_operators']) retrieved from /home/airflow/.local/lib/python3.7/site-packages/airflow/example_dags/example_xcomargs.py
[2023-03-06T19:09:36.575+0000] {logging_mixin.py:137} INFO - [2023-03-06T19:09:36.574+0000] {dag.py:2690} INFO - Sync 2 DAGs
[2023-03-06T19:09:36.637+0000] {logging_mixin.py:137} INFO - [2023-03-06T19:09:36.637+0000] {dag.py:3441} INFO - Setting next_dagrun for example_xcom_args to None, run_after=None
[2023-03-06T19:09:36.649+0000] {logging_mixin.py:137} INFO - [2023-03-06T19:09:36.649+0000] {dag.py:3441} INFO - Setting next_dagrun for example_xcom_args_with_operators to None, run_after=None
[2023-03-06T19:09:36.708+0000] {processor.py:175} INFO - Processing /home/airflow/.local/lib/python3.7/site-packages/airflow/example_dags/example_xcomargs.py took 0.296 seconds
[2023-03-06T19:10:06.857+0000] {processor.py:153} INFO - Started process (PID=2569) to work on /home/airflow/.local/lib/python3.7/site-packages/airflow/example_dags/example_xcomargs.py
[2023-03-06T19:10:06.862+0000] {processor.py:743} INFO - Processing file /home/airflow/.local/lib/python3.7/site-packages/airflow/example_dags/example_xcomargs.py for tasks to queue
[2023-03-06T19:10:06.871+0000] {logging_mixin.py:137} INFO - [2023-03-06T19:10:06.870+0000] {dagbag.py:538} INFO - Filling up the DagBag from /home/airflow/.local/lib/python3.7/site-packages/airflow/example_dags/example_xcomargs.py
[2023-03-06T19:10:06.995+0000] {processor.py:753} INFO - DAG(s) dict_keys(['example_xcom_args_with_operators', 'example_xcom_args']) retrieved from /home/airflow/.local/lib/python3.7/site-packages/airflow/example_dags/example_xcomargs.py
[2023-03-06T19:10:07.099+0000] {logging_mixin.py:137} INFO - [2023-03-06T19:10:07.098+0000] {dag.py:2690} INFO - Sync 2 DAGs
[2023-03-06T19:10:07.211+0000] {logging_mixin.py:137} INFO - [2023-03-06T19:10:07.211+0000] {dag.py:3441} INFO - Setting next_dagrun for example_xcom_args to None, run_after=None
[2023-03-06T19:10:07.231+0000] {logging_mixin.py:137} INFO - [2023-03-06T19:10:07.231+0000] {dag.py:3441} INFO - Setting next_dagrun for example_xcom_args_with_operators to None, run_after=None
[2023-03-06T19:10:07.358+0000] {processor.py:175} INFO - Processing /home/airflow/.local/lib/python3.7/site-packages/airflow/example_dags/example_xcomargs.py took 0.517 seconds
[2023-03-06T19:10:37.522+0000] {processor.py:153} INFO - Started process (PID=2634) to work on /home/airflow/.local/lib/python3.7/site-packages/airflow/example_dags/example_xcomargs.py
[2023-03-06T19:10:37.530+0000] {processor.py:743} INFO - Processing file /home/airflow/.local/lib/python3.7/site-packages/airflow/example_dags/example_xcomargs.py for tasks to queue
[2023-03-06T19:10:37.534+0000] {logging_mixin.py:137} INFO - [2023-03-06T19:10:37.534+0000] {dagbag.py:538} INFO - Filling up the DagBag from /home/airflow/.local/lib/python3.7/site-packages/airflow/example_dags/example_xcomargs.py
[2023-03-06T19:10:37.685+0000] {processor.py:753} INFO - DAG(s) dict_keys(['example_xcom_args_with_operators', 'example_xcom_args']) retrieved from /home/airflow/.local/lib/python3.7/site-packages/airflow/example_dags/example_xcomargs.py
[2023-03-06T19:10:37.796+0000] {logging_mixin.py:137} INFO - [2023-03-06T19:10:37.795+0000] {dag.py:2690} INFO - Sync 2 DAGs
[2023-03-06T19:10:37.881+0000] {logging_mixin.py:137} INFO - [2023-03-06T19:10:37.880+0000] {dag.py:3441} INFO - Setting next_dagrun for example_xcom_args to None, run_after=None
[2023-03-06T19:10:37.896+0000] {logging_mixin.py:137} INFO - [2023-03-06T19:10:37.896+0000] {dag.py:3441} INFO - Setting next_dagrun for example_xcom_args_with_operators to None, run_after=None
[2023-03-06T19:10:37.982+0000] {processor.py:175} INFO - Processing /home/airflow/.local/lib/python3.7/site-packages/airflow/example_dags/example_xcomargs.py took 0.472 seconds
[2023-03-06T19:11:08.656+0000] {processor.py:153} INFO - Started process (PID=2698) to work on /home/airflow/.local/lib/python3.7/site-packages/airflow/example_dags/example_xcomargs.py
[2023-03-06T19:11:08.669+0000] {processor.py:743} INFO - Processing file /home/airflow/.local/lib/python3.7/site-packages/airflow/example_dags/example_xcomargs.py for tasks to queue
[2023-03-06T19:11:08.673+0000] {logging_mixin.py:137} INFO - [2023-03-06T19:11:08.673+0000] {dagbag.py:538} INFO - Filling up the DagBag from /home/airflow/.local/lib/python3.7/site-packages/airflow/example_dags/example_xcomargs.py
[2023-03-06T19:11:08.787+0000] {processor.py:753} INFO - DAG(s) dict_keys(['example_xcom_args_with_operators', 'example_xcom_args']) retrieved from /home/airflow/.local/lib/python3.7/site-packages/airflow/example_dags/example_xcomargs.py
[2023-03-06T19:11:08.875+0000] {logging_mixin.py:137} INFO - [2023-03-06T19:11:08.875+0000] {dag.py:2690} INFO - Sync 2 DAGs
[2023-03-06T19:11:08.959+0000] {logging_mixin.py:137} INFO - [2023-03-06T19:11:08.959+0000] {dag.py:3441} INFO - Setting next_dagrun for example_xcom_args to None, run_after=None
[2023-03-06T19:11:08.971+0000] {logging_mixin.py:137} INFO - [2023-03-06T19:11:08.971+0000] {dag.py:3441} INFO - Setting next_dagrun for example_xcom_args_with_operators to None, run_after=None
[2023-03-06T19:11:09.029+0000] {processor.py:175} INFO - Processing /home/airflow/.local/lib/python3.7/site-packages/airflow/example_dags/example_xcomargs.py took 0.393 seconds
[2023-03-06T19:11:39.397+0000] {processor.py:153} INFO - Started process (PID=2756) to work on /home/airflow/.local/lib/python3.7/site-packages/airflow/example_dags/example_xcomargs.py
[2023-03-06T19:11:39.406+0000] {processor.py:743} INFO - Processing file /home/airflow/.local/lib/python3.7/site-packages/airflow/example_dags/example_xcomargs.py for tasks to queue
[2023-03-06T19:11:39.410+0000] {logging_mixin.py:137} INFO - [2023-03-06T19:11:39.410+0000] {dagbag.py:538} INFO - Filling up the DagBag from /home/airflow/.local/lib/python3.7/site-packages/airflow/example_dags/example_xcomargs.py
[2023-03-06T19:11:39.499+0000] {processor.py:753} INFO - DAG(s) dict_keys(['example_xcom_args_with_operators', 'example_xcom_args']) retrieved from /home/airflow/.local/lib/python3.7/site-packages/airflow/example_dags/example_xcomargs.py
[2023-03-06T19:11:39.588+0000] {logging_mixin.py:137} INFO - [2023-03-06T19:11:39.585+0000] {dag.py:2690} INFO - Sync 2 DAGs
[2023-03-06T19:11:39.699+0000] {logging_mixin.py:137} INFO - [2023-03-06T19:11:39.698+0000] {dag.py:3441} INFO - Setting next_dagrun for example_xcom_args to None, run_after=None
[2023-03-06T19:11:39.719+0000] {logging_mixin.py:137} INFO - [2023-03-06T19:11:39.718+0000] {dag.py:3441} INFO - Setting next_dagrun for example_xcom_args_with_operators to None, run_after=None
[2023-03-06T19:11:39.782+0000] {processor.py:175} INFO - Processing /home/airflow/.local/lib/python3.7/site-packages/airflow/example_dags/example_xcomargs.py took 0.397 seconds
[2023-03-06T19:12:09.969+0000] {processor.py:153} INFO - Started process (PID=2823) to work on /home/airflow/.local/lib/python3.7/site-packages/airflow/example_dags/example_xcomargs.py
[2023-03-06T19:12:09.991+0000] {processor.py:743} INFO - Processing file /home/airflow/.local/lib/python3.7/site-packages/airflow/example_dags/example_xcomargs.py for tasks to queue
[2023-03-06T19:12:10.007+0000] {logging_mixin.py:137} INFO - [2023-03-06T19:12:10.006+0000] {dagbag.py:538} INFO - Filling up the DagBag from /home/airflow/.local/lib/python3.7/site-packages/airflow/example_dags/example_xcomargs.py
[2023-03-06T19:12:10.197+0000] {processor.py:753} INFO - DAG(s) dict_keys(['example_xcom_args', 'example_xcom_args_with_operators']) retrieved from /home/airflow/.local/lib/python3.7/site-packages/airflow/example_dags/example_xcomargs.py
[2023-03-06T19:12:10.355+0000] {logging_mixin.py:137} INFO - [2023-03-06T19:12:10.354+0000] {dag.py:2690} INFO - Sync 2 DAGs
[2023-03-06T19:12:10.469+0000] {logging_mixin.py:137} INFO - [2023-03-06T19:12:10.469+0000] {dag.py:3441} INFO - Setting next_dagrun for example_xcom_args to None, run_after=None
[2023-03-06T19:12:10.491+0000] {logging_mixin.py:137} INFO - [2023-03-06T19:12:10.491+0000] {dag.py:3441} INFO - Setting next_dagrun for example_xcom_args_with_operators to None, run_after=None
[2023-03-06T19:12:10.573+0000] {processor.py:175} INFO - Processing /home/airflow/.local/lib/python3.7/site-packages/airflow/example_dags/example_xcomargs.py took 0.661 seconds
