[2023-03-06T17:08:31.172+0000] {processor.py:153} INFO - Started process (PID=87) to work on /home/airflow/.local/lib/python3.7/site-packages/airflow/example_dags/example_sla_dag.py
[2023-03-06T17:08:31.175+0000] {processor.py:743} INFO - Processing file /home/airflow/.local/lib/python3.7/site-packages/airflow/example_dags/example_sla_dag.py for tasks to queue
[2023-03-06T17:08:31.178+0000] {logging_mixin.py:137} INFO - [2023-03-06T17:08:31.178+0000] {dagbag.py:538} INFO - Filling up the DagBag from /home/airflow/.local/lib/python3.7/site-packages/airflow/example_dags/example_sla_dag.py
[2023-03-06T17:08:31.226+0000] {processor.py:753} INFO - DAG(s) dict_keys(['example_sla_dag']) retrieved from /home/airflow/.local/lib/python3.7/site-packages/airflow/example_dags/example_sla_dag.py
[2023-03-06T17:08:31.272+0000] {logging_mixin.py:137} INFO - [2023-03-06T17:08:31.272+0000] {dag.py:2690} INFO - Sync 1 DAGs
[2023-03-06T17:08:31.320+0000] {logging_mixin.py:137} INFO - [2023-03-06T17:08:31.320+0000] {dag.py:3441} INFO - Setting next_dagrun for example_sla_dag to 2023-03-06T17:06:00+00:00, run_after=2023-03-06T17:08:00+00:00
[2023-03-06T17:08:31.359+0000] {processor.py:175} INFO - Processing /home/airflow/.local/lib/python3.7/site-packages/airflow/example_dags/example_sla_dag.py took 0.193 seconds
[2023-03-06T17:09:02.039+0000] {processor.py:153} INFO - Started process (PID=153) to work on /home/airflow/.local/lib/python3.7/site-packages/airflow/example_dags/example_sla_dag.py
[2023-03-06T17:09:02.042+0000] {processor.py:743} INFO - Processing file /home/airflow/.local/lib/python3.7/site-packages/airflow/example_dags/example_sla_dag.py for tasks to queue
[2023-03-06T17:09:02.044+0000] {logging_mixin.py:137} INFO - [2023-03-06T17:09:02.044+0000] {dagbag.py:538} INFO - Filling up the DagBag from /home/airflow/.local/lib/python3.7/site-packages/airflow/example_dags/example_sla_dag.py
[2023-03-06T17:09:02.087+0000] {processor.py:753} INFO - DAG(s) dict_keys(['example_sla_dag']) retrieved from /home/airflow/.local/lib/python3.7/site-packages/airflow/example_dags/example_sla_dag.py
[2023-03-06T17:09:02.133+0000] {logging_mixin.py:137} INFO - [2023-03-06T17:09:02.133+0000] {dag.py:2690} INFO - Sync 1 DAGs
[2023-03-06T17:09:02.191+0000] {logging_mixin.py:137} INFO - [2023-03-06T17:09:02.191+0000] {dag.py:3441} INFO - Setting next_dagrun for example_sla_dag to 2023-03-06T17:06:00+00:00, run_after=2023-03-06T17:08:00+00:00
[2023-03-06T17:09:02.225+0000] {processor.py:175} INFO - Processing /home/airflow/.local/lib/python3.7/site-packages/airflow/example_dags/example_sla_dag.py took 0.193 seconds
[2023-03-06T17:09:36.138+0000] {processor.py:153} INFO - Started process (PID=219) to work on /home/airflow/.local/lib/python3.7/site-packages/airflow/example_dags/example_sla_dag.py
[2023-03-06T17:09:36.146+0000] {processor.py:743} INFO - Processing file /home/airflow/.local/lib/python3.7/site-packages/airflow/example_dags/example_sla_dag.py for tasks to queue
[2023-03-06T17:09:36.159+0000] {logging_mixin.py:137} INFO - [2023-03-06T17:09:36.159+0000] {dagbag.py:538} INFO - Filling up the DagBag from /home/airflow/.local/lib/python3.7/site-packages/airflow/example_dags/example_sla_dag.py
[2023-03-06T17:09:36.275+0000] {processor.py:753} INFO - DAG(s) dict_keys(['example_sla_dag']) retrieved from /home/airflow/.local/lib/python3.7/site-packages/airflow/example_dags/example_sla_dag.py
[2023-03-06T17:09:36.415+0000] {logging_mixin.py:137} INFO - [2023-03-06T17:09:36.414+0000] {dag.py:2690} INFO - Sync 1 DAGs
[2023-03-06T17:09:36.655+0000] {logging_mixin.py:137} INFO - [2023-03-06T17:09:36.655+0000] {dag.py:3441} INFO - Setting next_dagrun for example_sla_dag to 2023-03-06T17:06:00+00:00, run_after=2023-03-06T17:08:00+00:00
[2023-03-06T17:09:36.759+0000] {processor.py:175} INFO - Processing /home/airflow/.local/lib/python3.7/site-packages/airflow/example_dags/example_sla_dag.py took 0.655 seconds
[2023-03-06T17:10:13.265+0000] {processor.py:153} INFO - Started process (PID=291) to work on /home/airflow/.local/lib/python3.7/site-packages/airflow/example_dags/example_sla_dag.py
[2023-03-06T17:10:13.274+0000] {processor.py:743} INFO - Processing file /home/airflow/.local/lib/python3.7/site-packages/airflow/example_dags/example_sla_dag.py for tasks to queue
[2023-03-06T17:10:13.281+0000] {logging_mixin.py:137} INFO - [2023-03-06T17:10:13.279+0000] {dagbag.py:538} INFO - Filling up the DagBag from /home/airflow/.local/lib/python3.7/site-packages/airflow/example_dags/example_sla_dag.py
[2023-03-06T17:10:13.392+0000] {processor.py:753} INFO - DAG(s) dict_keys(['example_sla_dag']) retrieved from /home/airflow/.local/lib/python3.7/site-packages/airflow/example_dags/example_sla_dag.py
[2023-03-06T17:10:13.496+0000] {logging_mixin.py:137} INFO - [2023-03-06T17:10:13.495+0000] {dag.py:2690} INFO - Sync 1 DAGs
[2023-03-06T17:10:13.649+0000] {logging_mixin.py:137} INFO - [2023-03-06T17:10:13.648+0000] {dag.py:3441} INFO - Setting next_dagrun for example_sla_dag to 2023-03-06T17:08:00+00:00, run_after=2023-03-06T17:10:00+00:00
[2023-03-06T17:10:13.789+0000] {processor.py:175} INFO - Processing /home/airflow/.local/lib/python3.7/site-packages/airflow/example_dags/example_sla_dag.py took 0.539 seconds
[2023-03-06T17:10:47.352+0000] {processor.py:153} INFO - Started process (PID=357) to work on /home/airflow/.local/lib/python3.7/site-packages/airflow/example_dags/example_sla_dag.py
[2023-03-06T17:10:47.357+0000] {processor.py:743} INFO - Processing file /home/airflow/.local/lib/python3.7/site-packages/airflow/example_dags/example_sla_dag.py for tasks to queue
[2023-03-06T17:10:47.363+0000] {logging_mixin.py:137} INFO - [2023-03-06T17:10:47.362+0000] {dagbag.py:538} INFO - Filling up the DagBag from /home/airflow/.local/lib/python3.7/site-packages/airflow/example_dags/example_sla_dag.py
[2023-03-06T17:10:47.452+0000] {processor.py:753} INFO - DAG(s) dict_keys(['example_sla_dag']) retrieved from /home/airflow/.local/lib/python3.7/site-packages/airflow/example_dags/example_sla_dag.py
[2023-03-06T17:10:47.587+0000] {logging_mixin.py:137} INFO - [2023-03-06T17:10:47.587+0000] {dag.py:2690} INFO - Sync 1 DAGs
[2023-03-06T17:10:47.712+0000] {logging_mixin.py:137} INFO - [2023-03-06T17:10:47.712+0000] {dag.py:3441} INFO - Setting next_dagrun for example_sla_dag to 2023-03-06T17:08:00+00:00, run_after=2023-03-06T17:10:00+00:00
[2023-03-06T17:10:47.744+0000] {processor.py:175} INFO - Processing /home/airflow/.local/lib/python3.7/site-packages/airflow/example_dags/example_sla_dag.py took 0.411 seconds
[2023-03-06T17:11:23.719+0000] {processor.py:153} INFO - Started process (PID=426) to work on /home/airflow/.local/lib/python3.7/site-packages/airflow/example_dags/example_sla_dag.py
[2023-03-06T17:11:23.724+0000] {processor.py:743} INFO - Processing file /home/airflow/.local/lib/python3.7/site-packages/airflow/example_dags/example_sla_dag.py for tasks to queue
[2023-03-06T17:11:23.730+0000] {logging_mixin.py:137} INFO - [2023-03-06T17:11:23.729+0000] {dagbag.py:538} INFO - Filling up the DagBag from /home/airflow/.local/lib/python3.7/site-packages/airflow/example_dags/example_sla_dag.py
[2023-03-06T17:11:23.807+0000] {processor.py:753} INFO - DAG(s) dict_keys(['example_sla_dag']) retrieved from /home/airflow/.local/lib/python3.7/site-packages/airflow/example_dags/example_sla_dag.py
[2023-03-06T17:11:23.886+0000] {logging_mixin.py:137} INFO - [2023-03-06T17:11:23.886+0000] {dag.py:2690} INFO - Sync 1 DAGs
[2023-03-06T17:11:23.974+0000] {logging_mixin.py:137} INFO - [2023-03-06T17:11:23.974+0000] {dag.py:3441} INFO - Setting next_dagrun for example_sla_dag to 2023-03-06T17:08:00+00:00, run_after=2023-03-06T17:10:00+00:00
[2023-03-06T17:11:24.024+0000] {processor.py:175} INFO - Processing /home/airflow/.local/lib/python3.7/site-packages/airflow/example_dags/example_sla_dag.py took 0.317 seconds
[2023-03-06T17:11:57.233+0000] {processor.py:153} INFO - Started process (PID=496) to work on /home/airflow/.local/lib/python3.7/site-packages/airflow/example_dags/example_sla_dag.py
[2023-03-06T17:11:57.237+0000] {processor.py:743} INFO - Processing file /home/airflow/.local/lib/python3.7/site-packages/airflow/example_dags/example_sla_dag.py for tasks to queue
[2023-03-06T17:11:57.241+0000] {logging_mixin.py:137} INFO - [2023-03-06T17:11:57.240+0000] {dagbag.py:538} INFO - Filling up the DagBag from /home/airflow/.local/lib/python3.7/site-packages/airflow/example_dags/example_sla_dag.py
[2023-03-06T17:11:57.286+0000] {processor.py:753} INFO - DAG(s) dict_keys(['example_sla_dag']) retrieved from /home/airflow/.local/lib/python3.7/site-packages/airflow/example_dags/example_sla_dag.py
[2023-03-06T17:11:57.334+0000] {logging_mixin.py:137} INFO - [2023-03-06T17:11:57.334+0000] {dag.py:2690} INFO - Sync 1 DAGs
[2023-03-06T17:11:57.395+0000] {logging_mixin.py:137} INFO - [2023-03-06T17:11:57.395+0000] {dag.py:3441} INFO - Setting next_dagrun for example_sla_dag to 2023-03-06T17:08:00+00:00, run_after=2023-03-06T17:10:00+00:00
[2023-03-06T17:11:57.428+0000] {processor.py:175} INFO - Processing /home/airflow/.local/lib/python3.7/site-packages/airflow/example_dags/example_sla_dag.py took 0.202 seconds
[2023-03-06T17:12:32.468+0000] {processor.py:153} INFO - Started process (PID=570) to work on /home/airflow/.local/lib/python3.7/site-packages/airflow/example_dags/example_sla_dag.py
[2023-03-06T17:12:32.471+0000] {processor.py:743} INFO - Processing file /home/airflow/.local/lib/python3.7/site-packages/airflow/example_dags/example_sla_dag.py for tasks to queue
[2023-03-06T17:12:32.475+0000] {logging_mixin.py:137} INFO - [2023-03-06T17:12:32.474+0000] {dagbag.py:538} INFO - Filling up the DagBag from /home/airflow/.local/lib/python3.7/site-packages/airflow/example_dags/example_sla_dag.py
[2023-03-06T17:12:32.520+0000] {processor.py:753} INFO - DAG(s) dict_keys(['example_sla_dag']) retrieved from /home/airflow/.local/lib/python3.7/site-packages/airflow/example_dags/example_sla_dag.py
[2023-03-06T17:12:32.583+0000] {logging_mixin.py:137} INFO - [2023-03-06T17:12:32.583+0000] {dag.py:2690} INFO - Sync 1 DAGs
[2023-03-06T17:12:32.649+0000] {logging_mixin.py:137} INFO - [2023-03-06T17:12:32.649+0000] {dag.py:3441} INFO - Setting next_dagrun for example_sla_dag to 2023-03-06T17:10:00+00:00, run_after=2023-03-06T17:12:00+00:00
[2023-03-06T17:12:32.689+0000] {processor.py:175} INFO - Processing /home/airflow/.local/lib/python3.7/site-packages/airflow/example_dags/example_sla_dag.py took 0.229 seconds
[2023-03-06T17:13:04.793+0000] {processor.py:153} INFO - Started process (PID=642) to work on /home/airflow/.local/lib/python3.7/site-packages/airflow/example_dags/example_sla_dag.py
[2023-03-06T17:13:04.797+0000] {processor.py:743} INFO - Processing file /home/airflow/.local/lib/python3.7/site-packages/airflow/example_dags/example_sla_dag.py for tasks to queue
[2023-03-06T17:13:04.800+0000] {logging_mixin.py:137} INFO - [2023-03-06T17:13:04.800+0000] {dagbag.py:538} INFO - Filling up the DagBag from /home/airflow/.local/lib/python3.7/site-packages/airflow/example_dags/example_sla_dag.py
[2023-03-06T17:13:04.846+0000] {processor.py:753} INFO - DAG(s) dict_keys(['example_sla_dag']) retrieved from /home/airflow/.local/lib/python3.7/site-packages/airflow/example_dags/example_sla_dag.py
[2023-03-06T17:13:04.894+0000] {logging_mixin.py:137} INFO - [2023-03-06T17:13:04.894+0000] {dag.py:2690} INFO - Sync 1 DAGs
[2023-03-06T17:13:04.944+0000] {logging_mixin.py:137} INFO - [2023-03-06T17:13:04.944+0000] {dag.py:3441} INFO - Setting next_dagrun for example_sla_dag to 2023-03-06T17:10:00+00:00, run_after=2023-03-06T17:12:00+00:00
[2023-03-06T17:13:04.975+0000] {processor.py:175} INFO - Processing /home/airflow/.local/lib/python3.7/site-packages/airflow/example_dags/example_sla_dag.py took 0.189 seconds
[2023-03-06T17:13:35.141+0000] {processor.py:153} INFO - Started process (PID=707) to work on /home/airflow/.local/lib/python3.7/site-packages/airflow/example_dags/example_sla_dag.py
[2023-03-06T17:13:35.146+0000] {processor.py:743} INFO - Processing file /home/airflow/.local/lib/python3.7/site-packages/airflow/example_dags/example_sla_dag.py for tasks to queue
[2023-03-06T17:13:35.150+0000] {logging_mixin.py:137} INFO - [2023-03-06T17:13:35.149+0000] {dagbag.py:538} INFO - Filling up the DagBag from /home/airflow/.local/lib/python3.7/site-packages/airflow/example_dags/example_sla_dag.py
[2023-03-06T17:13:35.215+0000] {processor.py:753} INFO - DAG(s) dict_keys(['example_sla_dag']) retrieved from /home/airflow/.local/lib/python3.7/site-packages/airflow/example_dags/example_sla_dag.py
[2023-03-06T17:13:35.292+0000] {logging_mixin.py:137} INFO - [2023-03-06T17:13:35.292+0000] {dag.py:2690} INFO - Sync 1 DAGs
[2023-03-06T17:13:35.375+0000] {logging_mixin.py:137} INFO - [2023-03-06T17:13:35.375+0000] {dag.py:3441} INFO - Setting next_dagrun for example_sla_dag to 2023-03-06T17:10:00+00:00, run_after=2023-03-06T17:12:00+00:00
[2023-03-06T17:13:35.407+0000] {processor.py:175} INFO - Processing /home/airflow/.local/lib/python3.7/site-packages/airflow/example_dags/example_sla_dag.py took 0.273 seconds
[2023-03-06T18:50:21.566+0000] {processor.py:153} INFO - Started process (PID=83) to work on /home/airflow/.local/lib/python3.7/site-packages/airflow/example_dags/example_sla_dag.py
[2023-03-06T18:50:21.569+0000] {processor.py:743} INFO - Processing file /home/airflow/.local/lib/python3.7/site-packages/airflow/example_dags/example_sla_dag.py for tasks to queue
[2023-03-06T18:50:21.573+0000] {logging_mixin.py:137} INFO - [2023-03-06T18:50:21.572+0000] {dagbag.py:538} INFO - Filling up the DagBag from /home/airflow/.local/lib/python3.7/site-packages/airflow/example_dags/example_sla_dag.py
[2023-03-06T18:50:21.688+0000] {processor.py:753} INFO - DAG(s) dict_keys(['example_sla_dag']) retrieved from /home/airflow/.local/lib/python3.7/site-packages/airflow/example_dags/example_sla_dag.py
[2023-03-06T18:50:21.785+0000] {logging_mixin.py:137} INFO - [2023-03-06T18:50:21.784+0000] {dag.py:2690} INFO - Sync 1 DAGs
[2023-03-06T18:50:21.938+0000] {logging_mixin.py:137} INFO - [2023-03-06T18:50:21.936+0000] {dag.py:3441} INFO - Setting next_dagrun for example_sla_dag to 2023-03-06T18:48:00+00:00, run_after=2023-03-06T18:50:00+00:00
[2023-03-06T18:50:22.025+0000] {processor.py:175} INFO - Processing /home/airflow/.local/lib/python3.7/site-packages/airflow/example_dags/example_sla_dag.py took 0.486 seconds
[2023-03-06T18:50:52.470+0000] {processor.py:153} INFO - Started process (PID=153) to work on /home/airflow/.local/lib/python3.7/site-packages/airflow/example_dags/example_sla_dag.py
[2023-03-06T18:50:52.475+0000] {processor.py:743} INFO - Processing file /home/airflow/.local/lib/python3.7/site-packages/airflow/example_dags/example_sla_dag.py for tasks to queue
[2023-03-06T18:50:52.477+0000] {logging_mixin.py:137} INFO - [2023-03-06T18:50:52.477+0000] {dagbag.py:538} INFO - Filling up the DagBag from /home/airflow/.local/lib/python3.7/site-packages/airflow/example_dags/example_sla_dag.py
[2023-03-06T18:50:52.517+0000] {processor.py:753} INFO - DAG(s) dict_keys(['example_sla_dag']) retrieved from /home/airflow/.local/lib/python3.7/site-packages/airflow/example_dags/example_sla_dag.py
[2023-03-06T18:50:52.568+0000] {logging_mixin.py:137} INFO - [2023-03-06T18:50:52.568+0000] {dag.py:2690} INFO - Sync 1 DAGs
[2023-03-06T18:50:52.619+0000] {logging_mixin.py:137} INFO - [2023-03-06T18:50:52.618+0000] {dag.py:3441} INFO - Setting next_dagrun for example_sla_dag to 2023-03-06T18:48:00+00:00, run_after=2023-03-06T18:50:00+00:00
[2023-03-06T18:50:52.650+0000] {processor.py:175} INFO - Processing /home/airflow/.local/lib/python3.7/site-packages/airflow/example_dags/example_sla_dag.py took 0.186 seconds
[2023-03-06T18:51:23.270+0000] {processor.py:153} INFO - Started process (PID=218) to work on /home/airflow/.local/lib/python3.7/site-packages/airflow/example_dags/example_sla_dag.py
[2023-03-06T18:51:23.275+0000] {processor.py:743} INFO - Processing file /home/airflow/.local/lib/python3.7/site-packages/airflow/example_dags/example_sla_dag.py for tasks to queue
[2023-03-06T18:51:23.280+0000] {logging_mixin.py:137} INFO - [2023-03-06T18:51:23.279+0000] {dagbag.py:538} INFO - Filling up the DagBag from /home/airflow/.local/lib/python3.7/site-packages/airflow/example_dags/example_sla_dag.py
[2023-03-06T18:51:23.321+0000] {processor.py:753} INFO - DAG(s) dict_keys(['example_sla_dag']) retrieved from /home/airflow/.local/lib/python3.7/site-packages/airflow/example_dags/example_sla_dag.py
[2023-03-06T18:51:23.376+0000] {logging_mixin.py:137} INFO - [2023-03-06T18:51:23.375+0000] {dag.py:2690} INFO - Sync 1 DAGs
[2023-03-06T18:51:23.429+0000] {logging_mixin.py:137} INFO - [2023-03-06T18:51:23.428+0000] {dag.py:3441} INFO - Setting next_dagrun for example_sla_dag to 2023-03-06T18:48:00+00:00, run_after=2023-03-06T18:50:00+00:00
[2023-03-06T18:51:23.464+0000] {processor.py:175} INFO - Processing /home/airflow/.local/lib/python3.7/site-packages/airflow/example_dags/example_sla_dag.py took 0.200 seconds
[2023-03-06T18:51:54.450+0000] {processor.py:153} INFO - Started process (PID=284) to work on /home/airflow/.local/lib/python3.7/site-packages/airflow/example_dags/example_sla_dag.py
[2023-03-06T18:51:54.456+0000] {processor.py:743} INFO - Processing file /home/airflow/.local/lib/python3.7/site-packages/airflow/example_dags/example_sla_dag.py for tasks to queue
[2023-03-06T18:51:54.462+0000] {logging_mixin.py:137} INFO - [2023-03-06T18:51:54.461+0000] {dagbag.py:538} INFO - Filling up the DagBag from /home/airflow/.local/lib/python3.7/site-packages/airflow/example_dags/example_sla_dag.py
[2023-03-06T18:51:54.520+0000] {processor.py:753} INFO - DAG(s) dict_keys(['example_sla_dag']) retrieved from /home/airflow/.local/lib/python3.7/site-packages/airflow/example_dags/example_sla_dag.py
[2023-03-06T18:51:54.592+0000] {logging_mixin.py:137} INFO - [2023-03-06T18:51:54.592+0000] {dag.py:2690} INFO - Sync 1 DAGs
[2023-03-06T18:51:54.670+0000] {logging_mixin.py:137} INFO - [2023-03-06T18:51:54.670+0000] {dag.py:3441} INFO - Setting next_dagrun for example_sla_dag to 2023-03-06T18:48:00+00:00, run_after=2023-03-06T18:50:00+00:00
[2023-03-06T18:51:54.715+0000] {processor.py:175} INFO - Processing /home/airflow/.local/lib/python3.7/site-packages/airflow/example_dags/example_sla_dag.py took 0.279 seconds
[2023-03-06T18:52:24.846+0000] {processor.py:153} INFO - Started process (PID=352) to work on /home/airflow/.local/lib/python3.7/site-packages/airflow/example_dags/example_sla_dag.py
[2023-03-06T18:52:24.849+0000] {processor.py:743} INFO - Processing file /home/airflow/.local/lib/python3.7/site-packages/airflow/example_dags/example_sla_dag.py for tasks to queue
[2023-03-06T18:52:24.853+0000] {logging_mixin.py:137} INFO - [2023-03-06T18:52:24.853+0000] {dagbag.py:538} INFO - Filling up the DagBag from /home/airflow/.local/lib/python3.7/site-packages/airflow/example_dags/example_sla_dag.py
[2023-03-06T18:52:24.902+0000] {processor.py:753} INFO - DAG(s) dict_keys(['example_sla_dag']) retrieved from /home/airflow/.local/lib/python3.7/site-packages/airflow/example_dags/example_sla_dag.py
[2023-03-06T18:52:24.963+0000] {logging_mixin.py:137} INFO - [2023-03-06T18:52:24.963+0000] {dag.py:2690} INFO - Sync 1 DAGs
[2023-03-06T18:52:25.019+0000] {logging_mixin.py:137} INFO - [2023-03-06T18:52:25.019+0000] {dag.py:3441} INFO - Setting next_dagrun for example_sla_dag to 2023-03-06T18:50:00+00:00, run_after=2023-03-06T18:52:00+00:00
[2023-03-06T18:52:25.052+0000] {processor.py:175} INFO - Processing /home/airflow/.local/lib/python3.7/site-packages/airflow/example_dags/example_sla_dag.py took 0.213 seconds
[2023-03-06T18:52:56.176+0000] {processor.py:153} INFO - Started process (PID=419) to work on /home/airflow/.local/lib/python3.7/site-packages/airflow/example_dags/example_sla_dag.py
[2023-03-06T18:52:56.184+0000] {processor.py:743} INFO - Processing file /home/airflow/.local/lib/python3.7/site-packages/airflow/example_dags/example_sla_dag.py for tasks to queue
[2023-03-06T18:52:56.189+0000] {logging_mixin.py:137} INFO - [2023-03-06T18:52:56.189+0000] {dagbag.py:538} INFO - Filling up the DagBag from /home/airflow/.local/lib/python3.7/site-packages/airflow/example_dags/example_sla_dag.py
[2023-03-06T18:52:56.244+0000] {processor.py:753} INFO - DAG(s) dict_keys(['example_sla_dag']) retrieved from /home/airflow/.local/lib/python3.7/site-packages/airflow/example_dags/example_sla_dag.py
[2023-03-06T18:52:56.316+0000] {logging_mixin.py:137} INFO - [2023-03-06T18:52:56.315+0000] {dag.py:2690} INFO - Sync 1 DAGs
[2023-03-06T18:52:56.407+0000] {logging_mixin.py:137} INFO - [2023-03-06T18:52:56.407+0000] {dag.py:3441} INFO - Setting next_dagrun for example_sla_dag to 2023-03-06T18:50:00+00:00, run_after=2023-03-06T18:52:00+00:00
[2023-03-06T18:52:56.460+0000] {processor.py:175} INFO - Processing /home/airflow/.local/lib/python3.7/site-packages/airflow/example_dags/example_sla_dag.py took 0.294 seconds
[2023-03-06T18:53:29.837+0000] {processor.py:153} INFO - Started process (PID=489) to work on /home/airflow/.local/lib/python3.7/site-packages/airflow/example_dags/example_sla_dag.py
[2023-03-06T18:53:29.841+0000] {processor.py:743} INFO - Processing file /home/airflow/.local/lib/python3.7/site-packages/airflow/example_dags/example_sla_dag.py for tasks to queue
[2023-03-06T18:53:29.845+0000] {logging_mixin.py:137} INFO - [2023-03-06T18:53:29.844+0000] {dagbag.py:538} INFO - Filling up the DagBag from /home/airflow/.local/lib/python3.7/site-packages/airflow/example_dags/example_sla_dag.py
[2023-03-06T18:53:29.917+0000] {processor.py:753} INFO - DAG(s) dict_keys(['example_sla_dag']) retrieved from /home/airflow/.local/lib/python3.7/site-packages/airflow/example_dags/example_sla_dag.py
[2023-03-06T18:53:30.003+0000] {logging_mixin.py:137} INFO - [2023-03-06T18:53:30.002+0000] {dag.py:2690} INFO - Sync 1 DAGs
[2023-03-06T18:53:30.108+0000] {logging_mixin.py:137} INFO - [2023-03-06T18:53:30.108+0000] {dag.py:3441} INFO - Setting next_dagrun for example_sla_dag to 2023-03-06T18:50:00+00:00, run_after=2023-03-06T18:52:00+00:00
[2023-03-06T18:53:30.189+0000] {processor.py:175} INFO - Processing /home/airflow/.local/lib/python3.7/site-packages/airflow/example_dags/example_sla_dag.py took 0.365 seconds
[2023-03-06T18:54:00.307+0000] {processor.py:153} INFO - Started process (PID=555) to work on /home/airflow/.local/lib/python3.7/site-packages/airflow/example_dags/example_sla_dag.py
[2023-03-06T18:54:00.310+0000] {processor.py:743} INFO - Processing file /home/airflow/.local/lib/python3.7/site-packages/airflow/example_dags/example_sla_dag.py for tasks to queue
[2023-03-06T18:54:00.313+0000] {logging_mixin.py:137} INFO - [2023-03-06T18:54:00.313+0000] {dagbag.py:538} INFO - Filling up the DagBag from /home/airflow/.local/lib/python3.7/site-packages/airflow/example_dags/example_sla_dag.py
[2023-03-06T18:54:00.359+0000] {processor.py:753} INFO - DAG(s) dict_keys(['example_sla_dag']) retrieved from /home/airflow/.local/lib/python3.7/site-packages/airflow/example_dags/example_sla_dag.py
[2023-03-06T18:54:00.412+0000] {logging_mixin.py:137} INFO - [2023-03-06T18:54:00.412+0000] {dag.py:2690} INFO - Sync 1 DAGs
[2023-03-06T18:54:00.474+0000] {logging_mixin.py:137} INFO - [2023-03-06T18:54:00.473+0000] {dag.py:3441} INFO - Setting next_dagrun for example_sla_dag to 2023-03-06T18:52:00+00:00, run_after=2023-03-06T18:54:00+00:00
[2023-03-06T18:54:00.507+0000] {processor.py:175} INFO - Processing /home/airflow/.local/lib/python3.7/site-packages/airflow/example_dags/example_sla_dag.py took 0.206 seconds
[2023-03-06T18:54:30.969+0000] {processor.py:153} INFO - Started process (PID=630) to work on /home/airflow/.local/lib/python3.7/site-packages/airflow/example_dags/example_sla_dag.py
[2023-03-06T18:54:30.975+0000] {processor.py:743} INFO - Processing file /home/airflow/.local/lib/python3.7/site-packages/airflow/example_dags/example_sla_dag.py for tasks to queue
[2023-03-06T18:54:30.978+0000] {logging_mixin.py:137} INFO - [2023-03-06T18:54:30.978+0000] {dagbag.py:538} INFO - Filling up the DagBag from /home/airflow/.local/lib/python3.7/site-packages/airflow/example_dags/example_sla_dag.py
[2023-03-06T18:54:31.036+0000] {processor.py:753} INFO - DAG(s) dict_keys(['example_sla_dag']) retrieved from /home/airflow/.local/lib/python3.7/site-packages/airflow/example_dags/example_sla_dag.py
[2023-03-06T18:54:31.084+0000] {logging_mixin.py:137} INFO - [2023-03-06T18:54:31.084+0000] {dag.py:2690} INFO - Sync 1 DAGs
[2023-03-06T18:54:31.145+0000] {logging_mixin.py:137} INFO - [2023-03-06T18:54:31.145+0000] {dag.py:3441} INFO - Setting next_dagrun for example_sla_dag to 2023-03-06T18:52:00+00:00, run_after=2023-03-06T18:54:00+00:00
[2023-03-06T18:54:31.176+0000] {processor.py:175} INFO - Processing /home/airflow/.local/lib/python3.7/site-packages/airflow/example_dags/example_sla_dag.py took 0.213 seconds
[2023-03-06T18:55:02.426+0000] {processor.py:153} INFO - Started process (PID=700) to work on /home/airflow/.local/lib/python3.7/site-packages/airflow/example_dags/example_sla_dag.py
[2023-03-06T18:55:02.431+0000] {processor.py:743} INFO - Processing file /home/airflow/.local/lib/python3.7/site-packages/airflow/example_dags/example_sla_dag.py for tasks to queue
[2023-03-06T18:55:02.435+0000] {logging_mixin.py:137} INFO - [2023-03-06T18:55:02.435+0000] {dagbag.py:538} INFO - Filling up the DagBag from /home/airflow/.local/lib/python3.7/site-packages/airflow/example_dags/example_sla_dag.py
[2023-03-06T18:55:02.494+0000] {processor.py:753} INFO - DAG(s) dict_keys(['example_sla_dag']) retrieved from /home/airflow/.local/lib/python3.7/site-packages/airflow/example_dags/example_sla_dag.py
[2023-03-06T18:55:02.565+0000] {logging_mixin.py:137} INFO - [2023-03-06T18:55:02.565+0000] {dag.py:2690} INFO - Sync 1 DAGs
[2023-03-06T18:55:02.626+0000] {logging_mixin.py:137} INFO - [2023-03-06T18:55:02.626+0000] {dag.py:3441} INFO - Setting next_dagrun for example_sla_dag to 2023-03-06T18:52:00+00:00, run_after=2023-03-06T18:54:00+00:00
[2023-03-06T18:55:02.667+0000] {processor.py:175} INFO - Processing /home/airflow/.local/lib/python3.7/site-packages/airflow/example_dags/example_sla_dag.py took 0.248 seconds
[2023-03-06T18:55:32.881+0000] {processor.py:153} INFO - Started process (PID=768) to work on /home/airflow/.local/lib/python3.7/site-packages/airflow/example_dags/example_sla_dag.py
[2023-03-06T18:55:32.884+0000] {processor.py:743} INFO - Processing file /home/airflow/.local/lib/python3.7/site-packages/airflow/example_dags/example_sla_dag.py for tasks to queue
[2023-03-06T18:55:32.886+0000] {logging_mixin.py:137} INFO - [2023-03-06T18:55:32.886+0000] {dagbag.py:538} INFO - Filling up the DagBag from /home/airflow/.local/lib/python3.7/site-packages/airflow/example_dags/example_sla_dag.py
[2023-03-06T18:55:32.925+0000] {processor.py:753} INFO - DAG(s) dict_keys(['example_sla_dag']) retrieved from /home/airflow/.local/lib/python3.7/site-packages/airflow/example_dags/example_sla_dag.py
[2023-03-06T18:55:32.972+0000] {logging_mixin.py:137} INFO - [2023-03-06T18:55:32.971+0000] {dag.py:2690} INFO - Sync 1 DAGs
[2023-03-06T18:55:33.019+0000] {logging_mixin.py:137} INFO - [2023-03-06T18:55:33.019+0000] {dag.py:3441} INFO - Setting next_dagrun for example_sla_dag to 2023-03-06T18:52:00+00:00, run_after=2023-03-06T18:54:00+00:00
[2023-03-06T18:55:33.052+0000] {processor.py:175} INFO - Processing /home/airflow/.local/lib/python3.7/site-packages/airflow/example_dags/example_sla_dag.py took 0.176 seconds
[2023-03-06T18:56:03.771+0000] {processor.py:153} INFO - Started process (PID=834) to work on /home/airflow/.local/lib/python3.7/site-packages/airflow/example_dags/example_sla_dag.py
[2023-03-06T18:56:03.774+0000] {processor.py:743} INFO - Processing file /home/airflow/.local/lib/python3.7/site-packages/airflow/example_dags/example_sla_dag.py for tasks to queue
[2023-03-06T18:56:03.777+0000] {logging_mixin.py:137} INFO - [2023-03-06T18:56:03.776+0000] {dagbag.py:538} INFO - Filling up the DagBag from /home/airflow/.local/lib/python3.7/site-packages/airflow/example_dags/example_sla_dag.py
[2023-03-06T18:56:03.831+0000] {processor.py:753} INFO - DAG(s) dict_keys(['example_sla_dag']) retrieved from /home/airflow/.local/lib/python3.7/site-packages/airflow/example_dags/example_sla_dag.py
[2023-03-06T18:56:03.882+0000] {logging_mixin.py:137} INFO - [2023-03-06T18:56:03.882+0000] {dag.py:2690} INFO - Sync 1 DAGs
[2023-03-06T18:56:03.952+0000] {logging_mixin.py:137} INFO - [2023-03-06T18:56:03.952+0000] {dag.py:3441} INFO - Setting next_dagrun for example_sla_dag to 2023-03-06T18:54:00+00:00, run_after=2023-03-06T18:56:00+00:00
[2023-03-06T18:56:03.999+0000] {processor.py:175} INFO - Processing /home/airflow/.local/lib/python3.7/site-packages/airflow/example_dags/example_sla_dag.py took 0.234 seconds
[2023-03-06T18:56:34.849+0000] {processor.py:153} INFO - Started process (PID=901) to work on /home/airflow/.local/lib/python3.7/site-packages/airflow/example_dags/example_sla_dag.py
[2023-03-06T18:56:34.852+0000] {processor.py:743} INFO - Processing file /home/airflow/.local/lib/python3.7/site-packages/airflow/example_dags/example_sla_dag.py for tasks to queue
[2023-03-06T18:56:34.855+0000] {logging_mixin.py:137} INFO - [2023-03-06T18:56:34.854+0000] {dagbag.py:538} INFO - Filling up the DagBag from /home/airflow/.local/lib/python3.7/site-packages/airflow/example_dags/example_sla_dag.py
[2023-03-06T18:56:34.896+0000] {processor.py:753} INFO - DAG(s) dict_keys(['example_sla_dag']) retrieved from /home/airflow/.local/lib/python3.7/site-packages/airflow/example_dags/example_sla_dag.py
[2023-03-06T18:56:34.943+0000] {logging_mixin.py:137} INFO - [2023-03-06T18:56:34.943+0000] {dag.py:2690} INFO - Sync 1 DAGs
[2023-03-06T18:56:34.995+0000] {logging_mixin.py:137} INFO - [2023-03-06T18:56:34.994+0000] {dag.py:3441} INFO - Setting next_dagrun for example_sla_dag to 2023-03-06T18:54:00+00:00, run_after=2023-03-06T18:56:00+00:00
[2023-03-06T18:56:35.027+0000] {processor.py:175} INFO - Processing /home/airflow/.local/lib/python3.7/site-packages/airflow/example_dags/example_sla_dag.py took 0.185 seconds
[2023-03-06T18:57:05.883+0000] {processor.py:153} INFO - Started process (PID=980) to work on /home/airflow/.local/lib/python3.7/site-packages/airflow/example_dags/example_sla_dag.py
[2023-03-06T18:57:05.888+0000] {processor.py:743} INFO - Processing file /home/airflow/.local/lib/python3.7/site-packages/airflow/example_dags/example_sla_dag.py for tasks to queue
[2023-03-06T18:57:05.891+0000] {logging_mixin.py:137} INFO - [2023-03-06T18:57:05.891+0000] {dagbag.py:538} INFO - Filling up the DagBag from /home/airflow/.local/lib/python3.7/site-packages/airflow/example_dags/example_sla_dag.py
[2023-03-06T18:57:05.936+0000] {processor.py:753} INFO - DAG(s) dict_keys(['example_sla_dag']) retrieved from /home/airflow/.local/lib/python3.7/site-packages/airflow/example_dags/example_sla_dag.py
[2023-03-06T18:57:05.989+0000] {logging_mixin.py:137} INFO - [2023-03-06T18:57:05.989+0000] {dag.py:2690} INFO - Sync 1 DAGs
[2023-03-06T18:57:06.052+0000] {logging_mixin.py:137} INFO - [2023-03-06T18:57:06.052+0000] {dag.py:3441} INFO - Setting next_dagrun for example_sla_dag to 2023-03-06T18:54:00+00:00, run_after=2023-03-06T18:56:00+00:00
[2023-03-06T18:57:06.088+0000] {processor.py:175} INFO - Processing /home/airflow/.local/lib/python3.7/site-packages/airflow/example_dags/example_sla_dag.py took 0.214 seconds
[2023-03-06T18:57:38.595+0000] {processor.py:153} INFO - Started process (PID=1047) to work on /home/airflow/.local/lib/python3.7/site-packages/airflow/example_dags/example_sla_dag.py
[2023-03-06T18:57:38.606+0000] {processor.py:743} INFO - Processing file /home/airflow/.local/lib/python3.7/site-packages/airflow/example_dags/example_sla_dag.py for tasks to queue
[2023-03-06T18:57:38.617+0000] {logging_mixin.py:137} INFO - [2023-03-06T18:57:38.615+0000] {dagbag.py:538} INFO - Filling up the DagBag from /home/airflow/.local/lib/python3.7/site-packages/airflow/example_dags/example_sla_dag.py
[2023-03-06T18:57:38.847+0000] {processor.py:753} INFO - DAG(s) dict_keys(['example_sla_dag']) retrieved from /home/airflow/.local/lib/python3.7/site-packages/airflow/example_dags/example_sla_dag.py
[2023-03-06T18:57:39.012+0000] {logging_mixin.py:137} INFO - [2023-03-06T18:57:39.012+0000] {dag.py:2690} INFO - Sync 1 DAGs
[2023-03-06T18:57:39.263+0000] {logging_mixin.py:137} INFO - [2023-03-06T18:57:39.262+0000] {dag.py:3441} INFO - Setting next_dagrun for example_sla_dag to 2023-03-06T18:54:00+00:00, run_after=2023-03-06T18:56:00+00:00
[2023-03-06T18:57:39.499+0000] {processor.py:175} INFO - Processing /home/airflow/.local/lib/python3.7/site-packages/airflow/example_dags/example_sla_dag.py took 0.933 seconds
[2023-03-06T18:58:09.620+0000] {processor.py:153} INFO - Started process (PID=1112) to work on /home/airflow/.local/lib/python3.7/site-packages/airflow/example_dags/example_sla_dag.py
[2023-03-06T18:58:09.623+0000] {processor.py:743} INFO - Processing file /home/airflow/.local/lib/python3.7/site-packages/airflow/example_dags/example_sla_dag.py for tasks to queue
[2023-03-06T18:58:09.626+0000] {logging_mixin.py:137} INFO - [2023-03-06T18:58:09.626+0000] {dagbag.py:538} INFO - Filling up the DagBag from /home/airflow/.local/lib/python3.7/site-packages/airflow/example_dags/example_sla_dag.py
[2023-03-06T18:58:09.675+0000] {processor.py:753} INFO - DAG(s) dict_keys(['example_sla_dag']) retrieved from /home/airflow/.local/lib/python3.7/site-packages/airflow/example_dags/example_sla_dag.py
[2023-03-06T18:58:09.731+0000] {logging_mixin.py:137} INFO - [2023-03-06T18:58:09.731+0000] {dag.py:2690} INFO - Sync 1 DAGs
[2023-03-06T18:58:09.795+0000] {logging_mixin.py:137} INFO - [2023-03-06T18:58:09.794+0000] {dag.py:3441} INFO - Setting next_dagrun for example_sla_dag to 2023-03-06T18:56:00+00:00, run_after=2023-03-06T18:58:00+00:00
[2023-03-06T18:58:09.832+0000] {processor.py:175} INFO - Processing /home/airflow/.local/lib/python3.7/site-packages/airflow/example_dags/example_sla_dag.py took 0.220 seconds
[2023-03-06T18:58:39.912+0000] {processor.py:153} INFO - Started process (PID=1179) to work on /home/airflow/.local/lib/python3.7/site-packages/airflow/example_dags/example_sla_dag.py
[2023-03-06T18:58:39.915+0000] {processor.py:743} INFO - Processing file /home/airflow/.local/lib/python3.7/site-packages/airflow/example_dags/example_sla_dag.py for tasks to queue
[2023-03-06T18:58:39.917+0000] {logging_mixin.py:137} INFO - [2023-03-06T18:58:39.917+0000] {dagbag.py:538} INFO - Filling up the DagBag from /home/airflow/.local/lib/python3.7/site-packages/airflow/example_dags/example_sla_dag.py
[2023-03-06T18:58:39.959+0000] {processor.py:753} INFO - DAG(s) dict_keys(['example_sla_dag']) retrieved from /home/airflow/.local/lib/python3.7/site-packages/airflow/example_dags/example_sla_dag.py
[2023-03-06T18:58:40.005+0000] {logging_mixin.py:137} INFO - [2023-03-06T18:58:40.005+0000] {dag.py:2690} INFO - Sync 1 DAGs
[2023-03-06T18:58:40.052+0000] {logging_mixin.py:137} INFO - [2023-03-06T18:58:40.052+0000] {dag.py:3441} INFO - Setting next_dagrun for example_sla_dag to 2023-03-06T18:56:00+00:00, run_after=2023-03-06T18:58:00+00:00
[2023-03-06T18:58:40.083+0000] {processor.py:175} INFO - Processing /home/airflow/.local/lib/python3.7/site-packages/airflow/example_dags/example_sla_dag.py took 0.177 seconds
[2023-03-06T18:59:10.743+0000] {processor.py:153} INFO - Started process (PID=1257) to work on /home/airflow/.local/lib/python3.7/site-packages/airflow/example_dags/example_sla_dag.py
[2023-03-06T18:59:10.745+0000] {processor.py:743} INFO - Processing file /home/airflow/.local/lib/python3.7/site-packages/airflow/example_dags/example_sla_dag.py for tasks to queue
[2023-03-06T18:59:10.748+0000] {logging_mixin.py:137} INFO - [2023-03-06T18:59:10.748+0000] {dagbag.py:538} INFO - Filling up the DagBag from /home/airflow/.local/lib/python3.7/site-packages/airflow/example_dags/example_sla_dag.py
[2023-03-06T18:59:10.785+0000] {processor.py:753} INFO - DAG(s) dict_keys(['example_sla_dag']) retrieved from /home/airflow/.local/lib/python3.7/site-packages/airflow/example_dags/example_sla_dag.py
[2023-03-06T18:59:10.825+0000] {logging_mixin.py:137} INFO - [2023-03-06T18:59:10.825+0000] {dag.py:2690} INFO - Sync 1 DAGs
[2023-03-06T18:59:10.868+0000] {logging_mixin.py:137} INFO - [2023-03-06T18:59:10.868+0000] {dag.py:3441} INFO - Setting next_dagrun for example_sla_dag to 2023-03-06T18:56:00+00:00, run_after=2023-03-06T18:58:00+00:00
[2023-03-06T18:59:10.898+0000] {processor.py:175} INFO - Processing /home/airflow/.local/lib/python3.7/site-packages/airflow/example_dags/example_sla_dag.py took 0.164 seconds
[2023-03-06T18:59:41.462+0000] {processor.py:153} INFO - Started process (PID=1329) to work on /home/airflow/.local/lib/python3.7/site-packages/airflow/example_dags/example_sla_dag.py
[2023-03-06T18:59:41.467+0000] {processor.py:743} INFO - Processing file /home/airflow/.local/lib/python3.7/site-packages/airflow/example_dags/example_sla_dag.py for tasks to queue
[2023-03-06T18:59:41.470+0000] {logging_mixin.py:137} INFO - [2023-03-06T18:59:41.470+0000] {dagbag.py:538} INFO - Filling up the DagBag from /home/airflow/.local/lib/python3.7/site-packages/airflow/example_dags/example_sla_dag.py
[2023-03-06T18:59:41.525+0000] {processor.py:753} INFO - DAG(s) dict_keys(['example_sla_dag']) retrieved from /home/airflow/.local/lib/python3.7/site-packages/airflow/example_dags/example_sla_dag.py
[2023-03-06T18:59:41.573+0000] {logging_mixin.py:137} INFO - [2023-03-06T18:59:41.573+0000] {dag.py:2690} INFO - Sync 1 DAGs
[2023-03-06T18:59:41.619+0000] {logging_mixin.py:137} INFO - [2023-03-06T18:59:41.618+0000] {dag.py:3441} INFO - Setting next_dagrun for example_sla_dag to 2023-03-06T18:56:00+00:00, run_after=2023-03-06T18:58:00+00:00
[2023-03-06T18:59:41.650+0000] {processor.py:175} INFO - Processing /home/airflow/.local/lib/python3.7/site-packages/airflow/example_dags/example_sla_dag.py took 0.196 seconds
[2023-03-06T19:00:12.250+0000] {processor.py:153} INFO - Started process (PID=1395) to work on /home/airflow/.local/lib/python3.7/site-packages/airflow/example_dags/example_sla_dag.py
[2023-03-06T19:00:12.264+0000] {processor.py:743} INFO - Processing file /home/airflow/.local/lib/python3.7/site-packages/airflow/example_dags/example_sla_dag.py for tasks to queue
[2023-03-06T19:00:12.268+0000] {logging_mixin.py:137} INFO - [2023-03-06T19:00:12.268+0000] {dagbag.py:538} INFO - Filling up the DagBag from /home/airflow/.local/lib/python3.7/site-packages/airflow/example_dags/example_sla_dag.py
[2023-03-06T19:00:12.333+0000] {processor.py:753} INFO - DAG(s) dict_keys(['example_sla_dag']) retrieved from /home/airflow/.local/lib/python3.7/site-packages/airflow/example_dags/example_sla_dag.py
[2023-03-06T19:00:12.405+0000] {logging_mixin.py:137} INFO - [2023-03-06T19:00:12.404+0000] {dag.py:2690} INFO - Sync 1 DAGs
[2023-03-06T19:00:12.472+0000] {logging_mixin.py:137} INFO - [2023-03-06T19:00:12.471+0000] {dag.py:3441} INFO - Setting next_dagrun for example_sla_dag to 2023-03-06T18:58:00+00:00, run_after=2023-03-06T19:00:00+00:00
[2023-03-06T19:00:12.519+0000] {processor.py:175} INFO - Processing /home/airflow/.local/lib/python3.7/site-packages/airflow/example_dags/example_sla_dag.py took 0.279 seconds
[2023-03-06T19:00:42.981+0000] {processor.py:153} INFO - Started process (PID=1461) to work on /home/airflow/.local/lib/python3.7/site-packages/airflow/example_dags/example_sla_dag.py
[2023-03-06T19:00:42.984+0000] {processor.py:743} INFO - Processing file /home/airflow/.local/lib/python3.7/site-packages/airflow/example_dags/example_sla_dag.py for tasks to queue
[2023-03-06T19:00:42.986+0000] {logging_mixin.py:137} INFO - [2023-03-06T19:00:42.986+0000] {dagbag.py:538} INFO - Filling up the DagBag from /home/airflow/.local/lib/python3.7/site-packages/airflow/example_dags/example_sla_dag.py
[2023-03-06T19:00:43.027+0000] {processor.py:753} INFO - DAG(s) dict_keys(['example_sla_dag']) retrieved from /home/airflow/.local/lib/python3.7/site-packages/airflow/example_dags/example_sla_dag.py
[2023-03-06T19:00:43.079+0000] {logging_mixin.py:137} INFO - [2023-03-06T19:00:43.078+0000] {dag.py:2690} INFO - Sync 1 DAGs
[2023-03-06T19:00:43.204+0000] {logging_mixin.py:137} INFO - [2023-03-06T19:00:43.204+0000] {dag.py:3441} INFO - Setting next_dagrun for example_sla_dag to 2023-03-06T18:58:00+00:00, run_after=2023-03-06T19:00:00+00:00
[2023-03-06T19:00:43.258+0000] {processor.py:175} INFO - Processing /home/airflow/.local/lib/python3.7/site-packages/airflow/example_dags/example_sla_dag.py took 0.283 seconds
[2023-03-06T19:01:13.501+0000] {processor.py:153} INFO - Started process (PID=1528) to work on /home/airflow/.local/lib/python3.7/site-packages/airflow/example_dags/example_sla_dag.py
[2023-03-06T19:01:13.503+0000] {processor.py:743} INFO - Processing file /home/airflow/.local/lib/python3.7/site-packages/airflow/example_dags/example_sla_dag.py for tasks to queue
[2023-03-06T19:01:13.507+0000] {logging_mixin.py:137} INFO - [2023-03-06T19:01:13.506+0000] {dagbag.py:538} INFO - Filling up the DagBag from /home/airflow/.local/lib/python3.7/site-packages/airflow/example_dags/example_sla_dag.py
[2023-03-06T19:01:13.618+0000] {processor.py:753} INFO - DAG(s) dict_keys(['example_sla_dag']) retrieved from /home/airflow/.local/lib/python3.7/site-packages/airflow/example_dags/example_sla_dag.py
[2023-03-06T19:01:13.675+0000] {logging_mixin.py:137} INFO - [2023-03-06T19:01:13.675+0000] {dag.py:2690} INFO - Sync 1 DAGs
[2023-03-06T19:01:13.726+0000] {logging_mixin.py:137} INFO - [2023-03-06T19:01:13.726+0000] {dag.py:3441} INFO - Setting next_dagrun for example_sla_dag to 2023-03-06T18:58:00+00:00, run_after=2023-03-06T19:00:00+00:00
[2023-03-06T19:01:13.760+0000] {processor.py:175} INFO - Processing /home/airflow/.local/lib/python3.7/site-packages/airflow/example_dags/example_sla_dag.py took 0.264 seconds
[2023-03-06T19:01:43.933+0000] {processor.py:153} INFO - Started process (PID=1595) to work on /home/airflow/.local/lib/python3.7/site-packages/airflow/example_dags/example_sla_dag.py
[2023-03-06T19:01:43.936+0000] {processor.py:743} INFO - Processing file /home/airflow/.local/lib/python3.7/site-packages/airflow/example_dags/example_sla_dag.py for tasks to queue
[2023-03-06T19:01:43.940+0000] {logging_mixin.py:137} INFO - [2023-03-06T19:01:43.939+0000] {dagbag.py:538} INFO - Filling up the DagBag from /home/airflow/.local/lib/python3.7/site-packages/airflow/example_dags/example_sla_dag.py
[2023-03-06T19:01:43.986+0000] {processor.py:753} INFO - DAG(s) dict_keys(['example_sla_dag']) retrieved from /home/airflow/.local/lib/python3.7/site-packages/airflow/example_dags/example_sla_dag.py
[2023-03-06T19:01:44.040+0000] {logging_mixin.py:137} INFO - [2023-03-06T19:01:44.039+0000] {dag.py:2690} INFO - Sync 1 DAGs
[2023-03-06T19:01:44.098+0000] {logging_mixin.py:137} INFO - [2023-03-06T19:01:44.098+0000] {dag.py:3441} INFO - Setting next_dagrun for example_sla_dag to 2023-03-06T18:58:00+00:00, run_after=2023-03-06T19:00:00+00:00
[2023-03-06T19:01:44.135+0000] {processor.py:175} INFO - Processing /home/airflow/.local/lib/python3.7/site-packages/airflow/example_dags/example_sla_dag.py took 0.209 seconds
[2023-03-06T19:02:14.331+0000] {processor.py:153} INFO - Started process (PID=1662) to work on /home/airflow/.local/lib/python3.7/site-packages/airflow/example_dags/example_sla_dag.py
[2023-03-06T19:02:14.333+0000] {processor.py:743} INFO - Processing file /home/airflow/.local/lib/python3.7/site-packages/airflow/example_dags/example_sla_dag.py for tasks to queue
[2023-03-06T19:02:14.336+0000] {logging_mixin.py:137} INFO - [2023-03-06T19:02:14.336+0000] {dagbag.py:538} INFO - Filling up the DagBag from /home/airflow/.local/lib/python3.7/site-packages/airflow/example_dags/example_sla_dag.py
[2023-03-06T19:02:14.382+0000] {processor.py:753} INFO - DAG(s) dict_keys(['example_sla_dag']) retrieved from /home/airflow/.local/lib/python3.7/site-packages/airflow/example_dags/example_sla_dag.py
[2023-03-06T19:02:14.436+0000] {logging_mixin.py:137} INFO - [2023-03-06T19:02:14.436+0000] {dag.py:2690} INFO - Sync 1 DAGs
[2023-03-06T19:02:14.491+0000] {logging_mixin.py:137} INFO - [2023-03-06T19:02:14.490+0000] {dag.py:3441} INFO - Setting next_dagrun for example_sla_dag to 2023-03-06T19:00:00+00:00, run_after=2023-03-06T19:02:00+00:00
[2023-03-06T19:02:14.527+0000] {processor.py:175} INFO - Processing /home/airflow/.local/lib/python3.7/site-packages/airflow/example_dags/example_sla_dag.py took 0.202 seconds
[2023-03-06T19:02:45.173+0000] {processor.py:153} INFO - Started process (PID=1741) to work on /home/airflow/.local/lib/python3.7/site-packages/airflow/example_dags/example_sla_dag.py
[2023-03-06T19:02:45.177+0000] {processor.py:743} INFO - Processing file /home/airflow/.local/lib/python3.7/site-packages/airflow/example_dags/example_sla_dag.py for tasks to queue
[2023-03-06T19:02:45.181+0000] {logging_mixin.py:137} INFO - [2023-03-06T19:02:45.181+0000] {dagbag.py:538} INFO - Filling up the DagBag from /home/airflow/.local/lib/python3.7/site-packages/airflow/example_dags/example_sla_dag.py
[2023-03-06T19:02:45.227+0000] {processor.py:753} INFO - DAG(s) dict_keys(['example_sla_dag']) retrieved from /home/airflow/.local/lib/python3.7/site-packages/airflow/example_dags/example_sla_dag.py
[2023-03-06T19:02:45.277+0000] {logging_mixin.py:137} INFO - [2023-03-06T19:02:45.276+0000] {dag.py:2690} INFO - Sync 1 DAGs
[2023-03-06T19:02:45.328+0000] {logging_mixin.py:137} INFO - [2023-03-06T19:02:45.328+0000] {dag.py:3441} INFO - Setting next_dagrun for example_sla_dag to 2023-03-06T19:00:00+00:00, run_after=2023-03-06T19:02:00+00:00
[2023-03-06T19:02:45.359+0000] {processor.py:175} INFO - Processing /home/airflow/.local/lib/python3.7/site-packages/airflow/example_dags/example_sla_dag.py took 0.192 seconds
[2023-03-06T19:03:16.053+0000] {processor.py:153} INFO - Started process (PID=1807) to work on /home/airflow/.local/lib/python3.7/site-packages/airflow/example_dags/example_sla_dag.py
[2023-03-06T19:03:16.056+0000] {processor.py:743} INFO - Processing file /home/airflow/.local/lib/python3.7/site-packages/airflow/example_dags/example_sla_dag.py for tasks to queue
[2023-03-06T19:03:16.058+0000] {logging_mixin.py:137} INFO - [2023-03-06T19:03:16.058+0000] {dagbag.py:538} INFO - Filling up the DagBag from /home/airflow/.local/lib/python3.7/site-packages/airflow/example_dags/example_sla_dag.py
[2023-03-06T19:03:16.105+0000] {processor.py:753} INFO - DAG(s) dict_keys(['example_sla_dag']) retrieved from /home/airflow/.local/lib/python3.7/site-packages/airflow/example_dags/example_sla_dag.py
[2023-03-06T19:03:16.152+0000] {logging_mixin.py:137} INFO - [2023-03-06T19:03:16.152+0000] {dag.py:2690} INFO - Sync 1 DAGs
[2023-03-06T19:03:16.201+0000] {logging_mixin.py:137} INFO - [2023-03-06T19:03:16.200+0000] {dag.py:3441} INFO - Setting next_dagrun for example_sla_dag to 2023-03-06T19:00:00+00:00, run_after=2023-03-06T19:02:00+00:00
[2023-03-06T19:03:16.248+0000] {processor.py:175} INFO - Processing /home/airflow/.local/lib/python3.7/site-packages/airflow/example_dags/example_sla_dag.py took 0.203 seconds
[2023-03-06T19:03:46.978+0000] {processor.py:153} INFO - Started process (PID=1874) to work on /home/airflow/.local/lib/python3.7/site-packages/airflow/example_dags/example_sla_dag.py
[2023-03-06T19:03:46.980+0000] {processor.py:743} INFO - Processing file /home/airflow/.local/lib/python3.7/site-packages/airflow/example_dags/example_sla_dag.py for tasks to queue
[2023-03-06T19:03:46.983+0000] {logging_mixin.py:137} INFO - [2023-03-06T19:03:46.983+0000] {dagbag.py:538} INFO - Filling up the DagBag from /home/airflow/.local/lib/python3.7/site-packages/airflow/example_dags/example_sla_dag.py
[2023-03-06T19:03:47.020+0000] {processor.py:753} INFO - DAG(s) dict_keys(['example_sla_dag']) retrieved from /home/airflow/.local/lib/python3.7/site-packages/airflow/example_dags/example_sla_dag.py
[2023-03-06T19:03:47.062+0000] {logging_mixin.py:137} INFO - [2023-03-06T19:03:47.062+0000] {dag.py:2690} INFO - Sync 1 DAGs
[2023-03-06T19:03:47.105+0000] {logging_mixin.py:137} INFO - [2023-03-06T19:03:47.105+0000] {dag.py:3441} INFO - Setting next_dagrun for example_sla_dag to 2023-03-06T19:00:00+00:00, run_after=2023-03-06T19:02:00+00:00
[2023-03-06T19:03:47.133+0000] {processor.py:175} INFO - Processing /home/airflow/.local/lib/python3.7/site-packages/airflow/example_dags/example_sla_dag.py took 0.162 seconds
[2023-03-06T19:04:17.793+0000] {processor.py:153} INFO - Started process (PID=1941) to work on /home/airflow/.local/lib/python3.7/site-packages/airflow/example_dags/example_sla_dag.py
[2023-03-06T19:04:17.796+0000] {processor.py:743} INFO - Processing file /home/airflow/.local/lib/python3.7/site-packages/airflow/example_dags/example_sla_dag.py for tasks to queue
[2023-03-06T19:04:17.798+0000] {logging_mixin.py:137} INFO - [2023-03-06T19:04:17.798+0000] {dagbag.py:538} INFO - Filling up the DagBag from /home/airflow/.local/lib/python3.7/site-packages/airflow/example_dags/example_sla_dag.py
[2023-03-06T19:04:17.837+0000] {processor.py:753} INFO - DAG(s) dict_keys(['example_sla_dag']) retrieved from /home/airflow/.local/lib/python3.7/site-packages/airflow/example_dags/example_sla_dag.py
[2023-03-06T19:04:17.882+0000] {logging_mixin.py:137} INFO - [2023-03-06T19:04:17.882+0000] {dag.py:2690} INFO - Sync 1 DAGs
[2023-03-06T19:04:17.927+0000] {logging_mixin.py:137} INFO - [2023-03-06T19:04:17.927+0000] {dag.py:3441} INFO - Setting next_dagrun for example_sla_dag to 2023-03-06T19:02:00+00:00, run_after=2023-03-06T19:04:00+00:00
[2023-03-06T19:04:17.960+0000] {processor.py:175} INFO - Processing /home/airflow/.local/lib/python3.7/site-packages/airflow/example_dags/example_sla_dag.py took 0.173 seconds
[2023-03-06T19:04:48.747+0000] {processor.py:153} INFO - Started process (PID=2009) to work on /home/airflow/.local/lib/python3.7/site-packages/airflow/example_dags/example_sla_dag.py
[2023-03-06T19:04:48.750+0000] {processor.py:743} INFO - Processing file /home/airflow/.local/lib/python3.7/site-packages/airflow/example_dags/example_sla_dag.py for tasks to queue
[2023-03-06T19:04:48.753+0000] {logging_mixin.py:137} INFO - [2023-03-06T19:04:48.752+0000] {dagbag.py:538} INFO - Filling up the DagBag from /home/airflow/.local/lib/python3.7/site-packages/airflow/example_dags/example_sla_dag.py
[2023-03-06T19:04:48.796+0000] {processor.py:753} INFO - DAG(s) dict_keys(['example_sla_dag']) retrieved from /home/airflow/.local/lib/python3.7/site-packages/airflow/example_dags/example_sla_dag.py
[2023-03-06T19:04:48.842+0000] {logging_mixin.py:137} INFO - [2023-03-06T19:04:48.842+0000] {dag.py:2690} INFO - Sync 1 DAGs
[2023-03-06T19:04:48.923+0000] {logging_mixin.py:137} INFO - [2023-03-06T19:04:48.923+0000] {dag.py:3441} INFO - Setting next_dagrun for example_sla_dag to 2023-03-06T19:02:00+00:00, run_after=2023-03-06T19:04:00+00:00
[2023-03-06T19:04:48.979+0000] {processor.py:175} INFO - Processing /home/airflow/.local/lib/python3.7/site-packages/airflow/example_dags/example_sla_dag.py took 0.238 seconds
[2023-03-06T19:05:19.848+0000] {processor.py:153} INFO - Started process (PID=2078) to work on /home/airflow/.local/lib/python3.7/site-packages/airflow/example_dags/example_sla_dag.py
[2023-03-06T19:05:19.852+0000] {processor.py:743} INFO - Processing file /home/airflow/.local/lib/python3.7/site-packages/airflow/example_dags/example_sla_dag.py for tasks to queue
[2023-03-06T19:05:19.855+0000] {logging_mixin.py:137} INFO - [2023-03-06T19:05:19.855+0000] {dagbag.py:538} INFO - Filling up the DagBag from /home/airflow/.local/lib/python3.7/site-packages/airflow/example_dags/example_sla_dag.py
[2023-03-06T19:05:19.914+0000] {processor.py:753} INFO - DAG(s) dict_keys(['example_sla_dag']) retrieved from /home/airflow/.local/lib/python3.7/site-packages/airflow/example_dags/example_sla_dag.py
[2023-03-06T19:05:19.973+0000] {logging_mixin.py:137} INFO - [2023-03-06T19:05:19.972+0000] {dag.py:2690} INFO - Sync 1 DAGs
[2023-03-06T19:05:20.042+0000] {logging_mixin.py:137} INFO - [2023-03-06T19:05:20.042+0000] {dag.py:3441} INFO - Setting next_dagrun for example_sla_dag to 2023-03-06T19:02:00+00:00, run_after=2023-03-06T19:04:00+00:00
[2023-03-06T19:05:20.078+0000] {processor.py:175} INFO - Processing /home/airflow/.local/lib/python3.7/site-packages/airflow/example_dags/example_sla_dag.py took 0.260 seconds
[2023-03-06T19:05:50.374+0000] {processor.py:153} INFO - Started process (PID=2146) to work on /home/airflow/.local/lib/python3.7/site-packages/airflow/example_dags/example_sla_dag.py
[2023-03-06T19:05:50.381+0000] {processor.py:743} INFO - Processing file /home/airflow/.local/lib/python3.7/site-packages/airflow/example_dags/example_sla_dag.py for tasks to queue
[2023-03-06T19:05:50.389+0000] {logging_mixin.py:137} INFO - [2023-03-06T19:05:50.388+0000] {dagbag.py:538} INFO - Filling up the DagBag from /home/airflow/.local/lib/python3.7/site-packages/airflow/example_dags/example_sla_dag.py
[2023-03-06T19:05:50.525+0000] {processor.py:753} INFO - DAG(s) dict_keys(['example_sla_dag']) retrieved from /home/airflow/.local/lib/python3.7/site-packages/airflow/example_dags/example_sla_dag.py
[2023-03-06T19:05:50.596+0000] {logging_mixin.py:137} INFO - [2023-03-06T19:05:50.595+0000] {dag.py:2690} INFO - Sync 1 DAGs
[2023-03-06T19:05:50.767+0000] {logging_mixin.py:137} INFO - [2023-03-06T19:05:50.767+0000] {dag.py:3441} INFO - Setting next_dagrun for example_sla_dag to 2023-03-06T19:02:00+00:00, run_after=2023-03-06T19:04:00+00:00
[2023-03-06T19:05:50.811+0000] {processor.py:175} INFO - Processing /home/airflow/.local/lib/python3.7/site-packages/airflow/example_dags/example_sla_dag.py took 0.447 seconds
[2023-03-06T19:06:21.099+0000] {processor.py:153} INFO - Started process (PID=2220) to work on /home/airflow/.local/lib/python3.7/site-packages/airflow/example_dags/example_sla_dag.py
[2023-03-06T19:06:21.134+0000] {processor.py:743} INFO - Processing file /home/airflow/.local/lib/python3.7/site-packages/airflow/example_dags/example_sla_dag.py for tasks to queue
[2023-03-06T19:06:21.163+0000] {logging_mixin.py:137} INFO - [2023-03-06T19:06:21.162+0000] {dagbag.py:538} INFO - Filling up the DagBag from /home/airflow/.local/lib/python3.7/site-packages/airflow/example_dags/example_sla_dag.py
[2023-03-06T19:06:21.762+0000] {processor.py:753} INFO - DAG(s) dict_keys(['example_sla_dag']) retrieved from /home/airflow/.local/lib/python3.7/site-packages/airflow/example_dags/example_sla_dag.py
[2023-03-06T19:06:21.952+0000] {logging_mixin.py:137} INFO - [2023-03-06T19:06:21.951+0000] {dag.py:2690} INFO - Sync 1 DAGs
[2023-03-06T19:06:22.061+0000] {logging_mixin.py:137} INFO - [2023-03-06T19:06:22.061+0000] {dag.py:3441} INFO - Setting next_dagrun for example_sla_dag to 2023-03-06T19:04:00+00:00, run_after=2023-03-06T19:06:00+00:00
[2023-03-06T19:06:22.149+0000] {processor.py:175} INFO - Processing /home/airflow/.local/lib/python3.7/site-packages/airflow/example_dags/example_sla_dag.py took 1.083 seconds
[2023-03-06T19:08:06.089+0000] {processor.py:153} INFO - Started process (PID=2325) to work on /home/airflow/.local/lib/python3.7/site-packages/airflow/example_dags/example_sla_dag.py
[2023-03-06T19:08:06.096+0000] {processor.py:743} INFO - Processing file /home/airflow/.local/lib/python3.7/site-packages/airflow/example_dags/example_sla_dag.py for tasks to queue
[2023-03-06T19:08:06.116+0000] {logging_mixin.py:137} INFO - [2023-03-06T19:08:06.115+0000] {dagbag.py:538} INFO - Filling up the DagBag from /home/airflow/.local/lib/python3.7/site-packages/airflow/example_dags/example_sla_dag.py
[2023-03-06T19:08:06.333+0000] {processor.py:753} INFO - DAG(s) dict_keys(['example_sla_dag']) retrieved from /home/airflow/.local/lib/python3.7/site-packages/airflow/example_dags/example_sla_dag.py
[2023-03-06T19:08:06.469+0000] {logging_mixin.py:137} INFO - [2023-03-06T19:08:06.469+0000] {dag.py:2690} INFO - Sync 1 DAGs
[2023-03-06T19:08:06.638+0000] {logging_mixin.py:137} INFO - [2023-03-06T19:08:06.638+0000] {dag.py:3441} INFO - Setting next_dagrun for example_sla_dag to 2023-03-06T19:06:00+00:00, run_after=2023-03-06T19:08:00+00:00
[2023-03-06T19:08:06.744+0000] {processor.py:175} INFO - Processing /home/airflow/.local/lib/python3.7/site-packages/airflow/example_dags/example_sla_dag.py took 0.728 seconds
[2023-03-06T19:08:37.068+0000] {processor.py:153} INFO - Started process (PID=2391) to work on /home/airflow/.local/lib/python3.7/site-packages/airflow/example_dags/example_sla_dag.py
[2023-03-06T19:08:37.072+0000] {processor.py:743} INFO - Processing file /home/airflow/.local/lib/python3.7/site-packages/airflow/example_dags/example_sla_dag.py for tasks to queue
[2023-03-06T19:08:37.079+0000] {logging_mixin.py:137} INFO - [2023-03-06T19:08:37.078+0000] {dagbag.py:538} INFO - Filling up the DagBag from /home/airflow/.local/lib/python3.7/site-packages/airflow/example_dags/example_sla_dag.py
[2023-03-06T19:08:37.135+0000] {processor.py:753} INFO - DAG(s) dict_keys(['example_sla_dag']) retrieved from /home/airflow/.local/lib/python3.7/site-packages/airflow/example_dags/example_sla_dag.py
[2023-03-06T19:08:37.222+0000] {logging_mixin.py:137} INFO - [2023-03-06T19:08:37.221+0000] {dag.py:2690} INFO - Sync 1 DAGs
[2023-03-06T19:08:37.315+0000] {logging_mixin.py:137} INFO - [2023-03-06T19:08:37.314+0000] {dag.py:3441} INFO - Setting next_dagrun for example_sla_dag to 2023-03-06T19:06:00+00:00, run_after=2023-03-06T19:08:00+00:00
[2023-03-06T19:08:37.363+0000] {processor.py:175} INFO - Processing /home/airflow/.local/lib/python3.7/site-packages/airflow/example_dags/example_sla_dag.py took 0.310 seconds
[2023-03-06T19:09:16.403+0000] {processor.py:153} INFO - Started process (PID=2460) to work on /home/airflow/.local/lib/python3.7/site-packages/airflow/example_dags/example_sla_dag.py
[2023-03-06T19:09:16.417+0000] {processor.py:743} INFO - Processing file /home/airflow/.local/lib/python3.7/site-packages/airflow/example_dags/example_sla_dag.py for tasks to queue
[2023-03-06T19:09:16.423+0000] {logging_mixin.py:137} INFO - [2023-03-06T19:09:16.423+0000] {dagbag.py:538} INFO - Filling up the DagBag from /home/airflow/.local/lib/python3.7/site-packages/airflow/example_dags/example_sla_dag.py
[2023-03-06T19:09:16.528+0000] {processor.py:753} INFO - DAG(s) dict_keys(['example_sla_dag']) retrieved from /home/airflow/.local/lib/python3.7/site-packages/airflow/example_dags/example_sla_dag.py
[2023-03-06T19:09:16.656+0000] {logging_mixin.py:137} INFO - [2023-03-06T19:09:16.656+0000] {dag.py:2690} INFO - Sync 1 DAGs
[2023-03-06T19:09:16.871+0000] {logging_mixin.py:137} INFO - [2023-03-06T19:09:16.871+0000] {dag.py:3441} INFO - Setting next_dagrun for example_sla_dag to 2023-03-06T19:06:00+00:00, run_after=2023-03-06T19:08:00+00:00
[2023-03-06T19:09:16.986+0000] {processor.py:175} INFO - Processing /home/airflow/.local/lib/python3.7/site-packages/airflow/example_dags/example_sla_dag.py took 0.619 seconds
[2023-03-06T19:09:49.848+0000] {processor.py:153} INFO - Started process (PID=2527) to work on /home/airflow/.local/lib/python3.7/site-packages/airflow/example_dags/example_sla_dag.py
[2023-03-06T19:09:49.874+0000] {processor.py:743} INFO - Processing file /home/airflow/.local/lib/python3.7/site-packages/airflow/example_dags/example_sla_dag.py for tasks to queue
[2023-03-06T19:09:49.887+0000] {logging_mixin.py:137} INFO - [2023-03-06T19:09:49.886+0000] {dagbag.py:538} INFO - Filling up the DagBag from /home/airflow/.local/lib/python3.7/site-packages/airflow/example_dags/example_sla_dag.py
[2023-03-06T19:09:50.564+0000] {processor.py:753} INFO - DAG(s) dict_keys(['example_sla_dag']) retrieved from /home/airflow/.local/lib/python3.7/site-packages/airflow/example_dags/example_sla_dag.py
[2023-03-06T19:09:50.777+0000] {logging_mixin.py:137} INFO - [2023-03-06T19:09:50.777+0000] {dag.py:2690} INFO - Sync 1 DAGs
[2023-03-06T19:09:50.928+0000] {logging_mixin.py:137} INFO - [2023-03-06T19:09:50.927+0000] {dag.py:3441} INFO - Setting next_dagrun for example_sla_dag to 2023-03-06T19:06:00+00:00, run_after=2023-03-06T19:08:00+00:00
[2023-03-06T19:09:51.004+0000] {processor.py:175} INFO - Processing /home/airflow/.local/lib/python3.7/site-packages/airflow/example_dags/example_sla_dag.py took 1.268 seconds
[2023-03-06T19:10:21.480+0000] {processor.py:153} INFO - Started process (PID=2595) to work on /home/airflow/.local/lib/python3.7/site-packages/airflow/example_dags/example_sla_dag.py
[2023-03-06T19:10:21.504+0000] {processor.py:743} INFO - Processing file /home/airflow/.local/lib/python3.7/site-packages/airflow/example_dags/example_sla_dag.py for tasks to queue
[2023-03-06T19:10:21.517+0000] {logging_mixin.py:137} INFO - [2023-03-06T19:10:21.516+0000] {dagbag.py:538} INFO - Filling up the DagBag from /home/airflow/.local/lib/python3.7/site-packages/airflow/example_dags/example_sla_dag.py
[2023-03-06T19:10:21.612+0000] {processor.py:753} INFO - DAG(s) dict_keys(['example_sla_dag']) retrieved from /home/airflow/.local/lib/python3.7/site-packages/airflow/example_dags/example_sla_dag.py
[2023-03-06T19:10:21.707+0000] {logging_mixin.py:137} INFO - [2023-03-06T19:10:21.706+0000] {dag.py:2690} INFO - Sync 1 DAGs
[2023-03-06T19:10:21.857+0000] {logging_mixin.py:137} INFO - [2023-03-06T19:10:21.856+0000] {dag.py:3441} INFO - Setting next_dagrun for example_sla_dag to 2023-03-06T19:08:00+00:00, run_after=2023-03-06T19:10:00+00:00
[2023-03-06T19:10:21.920+0000] {processor.py:175} INFO - Processing /home/airflow/.local/lib/python3.7/site-packages/airflow/example_dags/example_sla_dag.py took 0.457 seconds
[2023-03-06T19:10:52.435+0000] {processor.py:153} INFO - Started process (PID=2658) to work on /home/airflow/.local/lib/python3.7/site-packages/airflow/example_dags/example_sla_dag.py
[2023-03-06T19:10:52.441+0000] {processor.py:743} INFO - Processing file /home/airflow/.local/lib/python3.7/site-packages/airflow/example_dags/example_sla_dag.py for tasks to queue
[2023-03-06T19:10:52.447+0000] {logging_mixin.py:137} INFO - [2023-03-06T19:10:52.446+0000] {dagbag.py:538} INFO - Filling up the DagBag from /home/airflow/.local/lib/python3.7/site-packages/airflow/example_dags/example_sla_dag.py
[2023-03-06T19:10:52.557+0000] {processor.py:753} INFO - DAG(s) dict_keys(['example_sla_dag']) retrieved from /home/airflow/.local/lib/python3.7/site-packages/airflow/example_dags/example_sla_dag.py
[2023-03-06T19:10:52.676+0000] {logging_mixin.py:137} INFO - [2023-03-06T19:10:52.675+0000] {dag.py:2690} INFO - Sync 1 DAGs
[2023-03-06T19:10:52.821+0000] {logging_mixin.py:137} INFO - [2023-03-06T19:10:52.818+0000] {dag.py:3441} INFO - Setting next_dagrun for example_sla_dag to 2023-03-06T19:08:00+00:00, run_after=2023-03-06T19:10:00+00:00
[2023-03-06T19:10:52.944+0000] {processor.py:175} INFO - Processing /home/airflow/.local/lib/python3.7/site-packages/airflow/example_dags/example_sla_dag.py took 0.525 seconds
[2023-03-06T19:11:23.050+0000] {processor.py:153} INFO - Started process (PID=2723) to work on /home/airflow/.local/lib/python3.7/site-packages/airflow/example_dags/example_sla_dag.py
[2023-03-06T19:11:23.054+0000] {processor.py:743} INFO - Processing file /home/airflow/.local/lib/python3.7/site-packages/airflow/example_dags/example_sla_dag.py for tasks to queue
[2023-03-06T19:11:23.059+0000] {logging_mixin.py:137} INFO - [2023-03-06T19:11:23.058+0000] {dagbag.py:538} INFO - Filling up the DagBag from /home/airflow/.local/lib/python3.7/site-packages/airflow/example_dags/example_sla_dag.py
[2023-03-06T19:11:23.120+0000] {processor.py:753} INFO - DAG(s) dict_keys(['example_sla_dag']) retrieved from /home/airflow/.local/lib/python3.7/site-packages/airflow/example_dags/example_sla_dag.py
[2023-03-06T19:11:23.180+0000] {logging_mixin.py:137} INFO - [2023-03-06T19:11:23.180+0000] {dag.py:2690} INFO - Sync 1 DAGs
[2023-03-06T19:11:23.263+0000] {logging_mixin.py:137} INFO - [2023-03-06T19:11:23.263+0000] {dag.py:3441} INFO - Setting next_dagrun for example_sla_dag to 2023-03-06T19:08:00+00:00, run_after=2023-03-06T19:10:00+00:00
[2023-03-06T19:11:23.322+0000] {processor.py:175} INFO - Processing /home/airflow/.local/lib/python3.7/site-packages/airflow/example_dags/example_sla_dag.py took 0.281 seconds
[2023-03-06T19:11:57.250+0000] {processor.py:153} INFO - Started process (PID=2792) to work on /home/airflow/.local/lib/python3.7/site-packages/airflow/example_dags/example_sla_dag.py
[2023-03-06T19:11:57.255+0000] {processor.py:743} INFO - Processing file /home/airflow/.local/lib/python3.7/site-packages/airflow/example_dags/example_sla_dag.py for tasks to queue
[2023-03-06T19:11:57.262+0000] {logging_mixin.py:137} INFO - [2023-03-06T19:11:57.261+0000] {dagbag.py:538} INFO - Filling up the DagBag from /home/airflow/.local/lib/python3.7/site-packages/airflow/example_dags/example_sla_dag.py
[2023-03-06T19:11:57.344+0000] {processor.py:753} INFO - DAG(s) dict_keys(['example_sla_dag']) retrieved from /home/airflow/.local/lib/python3.7/site-packages/airflow/example_dags/example_sla_dag.py
[2023-03-06T19:11:57.441+0000] {logging_mixin.py:137} INFO - [2023-03-06T19:11:57.441+0000] {dag.py:2690} INFO - Sync 1 DAGs
[2023-03-06T19:11:57.565+0000] {logging_mixin.py:137} INFO - [2023-03-06T19:11:57.564+0000] {dag.py:3441} INFO - Setting next_dagrun for example_sla_dag to 2023-03-06T19:08:00+00:00, run_after=2023-03-06T19:10:00+00:00
[2023-03-06T19:11:57.680+0000] {processor.py:175} INFO - Processing /home/airflow/.local/lib/python3.7/site-packages/airflow/example_dags/example_sla_dag.py took 0.442 seconds
