[2023-03-06T17:08:27.344+0000] {processor.py:153} INFO - Started process (PID=71) to work on /home/airflow/.local/lib/python3.7/site-packages/airflow/example_dags/example_latest_only.py
[2023-03-06T17:08:27.356+0000] {processor.py:743} INFO - Processing file /home/airflow/.local/lib/python3.7/site-packages/airflow/example_dags/example_latest_only.py for tasks to queue
[2023-03-06T17:08:27.360+0000] {logging_mixin.py:137} INFO - [2023-03-06T17:08:27.359+0000] {dagbag.py:538} INFO - Filling up the DagBag from /home/airflow/.local/lib/python3.7/site-packages/airflow/example_dags/example_latest_only.py
[2023-03-06T17:08:27.498+0000] {processor.py:753} INFO - DAG(s) dict_keys(['latest_only']) retrieved from /home/airflow/.local/lib/python3.7/site-packages/airflow/example_dags/example_latest_only.py
[2023-03-06T17:08:27.633+0000] {logging_mixin.py:137} INFO - [2023-03-06T17:08:27.632+0000] {dag.py:2690} INFO - Sync 1 DAGs
[2023-03-06T17:08:27.716+0000] {logging_mixin.py:137} INFO - [2023-03-06T17:08:27.716+0000] {dag.py:3441} INFO - Setting next_dagrun for latest_only to 2023-03-06T13:08:27.715452+00:00, run_after=2023-03-06T17:08:27.715452+00:00
[2023-03-06T17:08:27.768+0000] {processor.py:175} INFO - Processing /home/airflow/.local/lib/python3.7/site-packages/airflow/example_dags/example_latest_only.py took 0.475 seconds
[2023-03-06T17:08:59.857+0000] {processor.py:153} INFO - Started process (PID=137) to work on /home/airflow/.local/lib/python3.7/site-packages/airflow/example_dags/example_latest_only.py
[2023-03-06T17:08:59.862+0000] {processor.py:743} INFO - Processing file /home/airflow/.local/lib/python3.7/site-packages/airflow/example_dags/example_latest_only.py for tasks to queue
[2023-03-06T17:08:59.865+0000] {logging_mixin.py:137} INFO - [2023-03-06T17:08:59.865+0000] {dagbag.py:538} INFO - Filling up the DagBag from /home/airflow/.local/lib/python3.7/site-packages/airflow/example_dags/example_latest_only.py
[2023-03-06T17:08:59.902+0000] {processor.py:753} INFO - DAG(s) dict_keys(['latest_only']) retrieved from /home/airflow/.local/lib/python3.7/site-packages/airflow/example_dags/example_latest_only.py
[2023-03-06T17:08:59.957+0000] {logging_mixin.py:137} INFO - [2023-03-06T17:08:59.957+0000] {dag.py:2690} INFO - Sync 1 DAGs
[2023-03-06T17:09:00.041+0000] {logging_mixin.py:137} INFO - [2023-03-06T17:09:00.040+0000] {dag.py:3441} INFO - Setting next_dagrun for latest_only to 2023-03-06T13:09:00.040271+00:00, run_after=2023-03-06T17:09:00.040271+00:00
[2023-03-06T17:09:00.079+0000] {processor.py:175} INFO - Processing /home/airflow/.local/lib/python3.7/site-packages/airflow/example_dags/example_latest_only.py took 0.232 seconds
[2023-03-06T17:09:31.307+0000] {processor.py:153} INFO - Started process (PID=203) to work on /home/airflow/.local/lib/python3.7/site-packages/airflow/example_dags/example_latest_only.py
[2023-03-06T17:09:31.310+0000] {processor.py:743} INFO - Processing file /home/airflow/.local/lib/python3.7/site-packages/airflow/example_dags/example_latest_only.py for tasks to queue
[2023-03-06T17:09:31.312+0000] {logging_mixin.py:137} INFO - [2023-03-06T17:09:31.312+0000] {dagbag.py:538} INFO - Filling up the DagBag from /home/airflow/.local/lib/python3.7/site-packages/airflow/example_dags/example_latest_only.py
[2023-03-06T17:09:31.334+0000] {processor.py:753} INFO - DAG(s) dict_keys(['latest_only']) retrieved from /home/airflow/.local/lib/python3.7/site-packages/airflow/example_dags/example_latest_only.py
[2023-03-06T17:09:31.381+0000] {logging_mixin.py:137} INFO - [2023-03-06T17:09:31.380+0000] {dag.py:2690} INFO - Sync 1 DAGs
[2023-03-06T17:09:31.595+0000] {logging_mixin.py:137} INFO - [2023-03-06T17:09:31.595+0000] {dag.py:3441} INFO - Setting next_dagrun for latest_only to 2023-03-06T13:09:31.593839+00:00, run_after=2023-03-06T17:09:31.593839+00:00
[2023-03-06T17:09:31.674+0000] {processor.py:175} INFO - Processing /home/airflow/.local/lib/python3.7/site-packages/airflow/example_dags/example_latest_only.py took 0.373 seconds
[2023-03-06T17:10:07.838+0000] {processor.py:153} INFO - Started process (PID=269) to work on /home/airflow/.local/lib/python3.7/site-packages/airflow/example_dags/example_latest_only.py
[2023-03-06T17:10:07.844+0000] {processor.py:743} INFO - Processing file /home/airflow/.local/lib/python3.7/site-packages/airflow/example_dags/example_latest_only.py for tasks to queue
[2023-03-06T17:10:07.848+0000] {logging_mixin.py:137} INFO - [2023-03-06T17:10:07.847+0000] {dagbag.py:538} INFO - Filling up the DagBag from /home/airflow/.local/lib/python3.7/site-packages/airflow/example_dags/example_latest_only.py
[2023-03-06T17:10:07.884+0000] {processor.py:753} INFO - DAG(s) dict_keys(['latest_only']) retrieved from /home/airflow/.local/lib/python3.7/site-packages/airflow/example_dags/example_latest_only.py
[2023-03-06T17:10:07.961+0000] {logging_mixin.py:137} INFO - [2023-03-06T17:10:07.960+0000] {dag.py:2690} INFO - Sync 1 DAGs
[2023-03-06T17:10:08.050+0000] {logging_mixin.py:137} INFO - [2023-03-06T17:10:08.049+0000] {dag.py:3441} INFO - Setting next_dagrun for latest_only to 2023-03-06T13:10:08.048757+00:00, run_after=2023-03-06T17:10:08.048757+00:00
[2023-03-06T17:10:08.095+0000] {processor.py:175} INFO - Processing /home/airflow/.local/lib/python3.7/site-packages/airflow/example_dags/example_latest_only.py took 0.268 seconds
[2023-03-06T17:10:42.926+0000] {processor.py:153} INFO - Started process (PID=335) to work on /home/airflow/.local/lib/python3.7/site-packages/airflow/example_dags/example_latest_only.py
[2023-03-06T17:10:42.930+0000] {processor.py:743} INFO - Processing file /home/airflow/.local/lib/python3.7/site-packages/airflow/example_dags/example_latest_only.py for tasks to queue
[2023-03-06T17:10:42.933+0000] {logging_mixin.py:137} INFO - [2023-03-06T17:10:42.933+0000] {dagbag.py:538} INFO - Filling up the DagBag from /home/airflow/.local/lib/python3.7/site-packages/airflow/example_dags/example_latest_only.py
[2023-03-06T17:10:42.965+0000] {processor.py:753} INFO - DAG(s) dict_keys(['latest_only']) retrieved from /home/airflow/.local/lib/python3.7/site-packages/airflow/example_dags/example_latest_only.py
[2023-03-06T17:10:43.033+0000] {logging_mixin.py:137} INFO - [2023-03-06T17:10:43.033+0000] {dag.py:2690} INFO - Sync 1 DAGs
[2023-03-06T17:10:43.108+0000] {logging_mixin.py:137} INFO - [2023-03-06T17:10:43.107+0000] {dag.py:3441} INFO - Setting next_dagrun for latest_only to 2023-03-06T13:10:43.106943+00:00, run_after=2023-03-06T17:10:43.106943+00:00
[2023-03-06T17:10:43.156+0000] {processor.py:175} INFO - Processing /home/airflow/.local/lib/python3.7/site-packages/airflow/example_dags/example_latest_only.py took 0.238 seconds
[2023-03-06T17:11:18.652+0000] {processor.py:153} INFO - Started process (PID=401) to work on /home/airflow/.local/lib/python3.7/site-packages/airflow/example_dags/example_latest_only.py
[2023-03-06T17:11:18.661+0000] {processor.py:743} INFO - Processing file /home/airflow/.local/lib/python3.7/site-packages/airflow/example_dags/example_latest_only.py for tasks to queue
[2023-03-06T17:11:18.668+0000] {logging_mixin.py:137} INFO - [2023-03-06T17:11:18.667+0000] {dagbag.py:538} INFO - Filling up the DagBag from /home/airflow/.local/lib/python3.7/site-packages/airflow/example_dags/example_latest_only.py
[2023-03-06T17:11:18.755+0000] {processor.py:753} INFO - DAG(s) dict_keys(['latest_only']) retrieved from /home/airflow/.local/lib/python3.7/site-packages/airflow/example_dags/example_latest_only.py
[2023-03-06T17:11:18.852+0000] {logging_mixin.py:137} INFO - [2023-03-06T17:11:18.852+0000] {dag.py:2690} INFO - Sync 1 DAGs
[2023-03-06T17:11:18.958+0000] {logging_mixin.py:137} INFO - [2023-03-06T17:11:18.958+0000] {dag.py:3441} INFO - Setting next_dagrun for latest_only to 2023-03-06T13:11:18.956361+00:00, run_after=2023-03-06T17:11:18.956361+00:00
[2023-03-06T17:11:19.026+0000] {processor.py:175} INFO - Processing /home/airflow/.local/lib/python3.7/site-packages/airflow/example_dags/example_latest_only.py took 0.394 seconds
[2023-03-06T17:11:54.068+0000] {processor.py:153} INFO - Started process (PID=480) to work on /home/airflow/.local/lib/python3.7/site-packages/airflow/example_dags/example_latest_only.py
[2023-03-06T17:11:54.074+0000] {processor.py:743} INFO - Processing file /home/airflow/.local/lib/python3.7/site-packages/airflow/example_dags/example_latest_only.py for tasks to queue
[2023-03-06T17:11:54.077+0000] {logging_mixin.py:137} INFO - [2023-03-06T17:11:54.076+0000] {dagbag.py:538} INFO - Filling up the DagBag from /home/airflow/.local/lib/python3.7/site-packages/airflow/example_dags/example_latest_only.py
[2023-03-06T17:11:54.102+0000] {processor.py:753} INFO - DAG(s) dict_keys(['latest_only']) retrieved from /home/airflow/.local/lib/python3.7/site-packages/airflow/example_dags/example_latest_only.py
[2023-03-06T17:11:54.152+0000] {logging_mixin.py:137} INFO - [2023-03-06T17:11:54.152+0000] {dag.py:2690} INFO - Sync 1 DAGs
[2023-03-06T17:11:54.197+0000] {logging_mixin.py:137} INFO - [2023-03-06T17:11:54.197+0000] {dag.py:3441} INFO - Setting next_dagrun for latest_only to 2023-03-06T13:11:54.197170+00:00, run_after=2023-03-06T17:11:54.197170+00:00
[2023-03-06T17:11:54.230+0000] {processor.py:175} INFO - Processing /home/airflow/.local/lib/python3.7/site-packages/airflow/example_dags/example_latest_only.py took 0.168 seconds
[2023-03-06T17:12:24.777+0000] {processor.py:153} INFO - Started process (PID=544) to work on /home/airflow/.local/lib/python3.7/site-packages/airflow/example_dags/example_latest_only.py
[2023-03-06T17:12:24.779+0000] {processor.py:743} INFO - Processing file /home/airflow/.local/lib/python3.7/site-packages/airflow/example_dags/example_latest_only.py for tasks to queue
[2023-03-06T17:12:24.782+0000] {logging_mixin.py:137} INFO - [2023-03-06T17:12:24.781+0000] {dagbag.py:538} INFO - Filling up the DagBag from /home/airflow/.local/lib/python3.7/site-packages/airflow/example_dags/example_latest_only.py
[2023-03-06T17:12:24.802+0000] {processor.py:753} INFO - DAG(s) dict_keys(['latest_only']) retrieved from /home/airflow/.local/lib/python3.7/site-packages/airflow/example_dags/example_latest_only.py
[2023-03-06T17:12:24.842+0000] {logging_mixin.py:137} INFO - [2023-03-06T17:12:24.842+0000] {dag.py:2690} INFO - Sync 1 DAGs
[2023-03-06T17:12:24.877+0000] {logging_mixin.py:137} INFO - [2023-03-06T17:12:24.877+0000] {dag.py:3441} INFO - Setting next_dagrun for latest_only to 2023-03-06T13:12:24.877231+00:00, run_after=2023-03-06T17:12:24.877231+00:00
[2023-03-06T17:12:24.906+0000] {processor.py:175} INFO - Processing /home/airflow/.local/lib/python3.7/site-packages/airflow/example_dags/example_latest_only.py took 0.134 seconds
[2023-03-06T17:12:55.294+0000] {processor.py:153} INFO - Started process (PID=610) to work on /home/airflow/.local/lib/python3.7/site-packages/airflow/example_dags/example_latest_only.py
[2023-03-06T17:12:55.299+0000] {processor.py:743} INFO - Processing file /home/airflow/.local/lib/python3.7/site-packages/airflow/example_dags/example_latest_only.py for tasks to queue
[2023-03-06T17:12:55.302+0000] {logging_mixin.py:137} INFO - [2023-03-06T17:12:55.301+0000] {dagbag.py:538} INFO - Filling up the DagBag from /home/airflow/.local/lib/python3.7/site-packages/airflow/example_dags/example_latest_only.py
[2023-03-06T17:12:55.351+0000] {processor.py:753} INFO - DAG(s) dict_keys(['latest_only']) retrieved from /home/airflow/.local/lib/python3.7/site-packages/airflow/example_dags/example_latest_only.py
[2023-03-06T17:12:55.418+0000] {logging_mixin.py:137} INFO - [2023-03-06T17:12:55.417+0000] {dag.py:2690} INFO - Sync 1 DAGs
[2023-03-06T17:12:55.480+0000] {logging_mixin.py:137} INFO - [2023-03-06T17:12:55.479+0000] {dag.py:3441} INFO - Setting next_dagrun for latest_only to 2023-03-06T13:12:55.478625+00:00, run_after=2023-03-06T17:12:55.478625+00:00
[2023-03-06T17:12:55.528+0000] {processor.py:175} INFO - Processing /home/airflow/.local/lib/python3.7/site-packages/airflow/example_dags/example_latest_only.py took 0.257 seconds
[2023-03-06T17:13:25.991+0000] {processor.py:153} INFO - Started process (PID=677) to work on /home/airflow/.local/lib/python3.7/site-packages/airflow/example_dags/example_latest_only.py
[2023-03-06T17:13:25.997+0000] {processor.py:743} INFO - Processing file /home/airflow/.local/lib/python3.7/site-packages/airflow/example_dags/example_latest_only.py for tasks to queue
[2023-03-06T17:13:26.007+0000] {logging_mixin.py:137} INFO - [2023-03-06T17:13:26.007+0000] {dagbag.py:538} INFO - Filling up the DagBag from /home/airflow/.local/lib/python3.7/site-packages/airflow/example_dags/example_latest_only.py
[2023-03-06T17:13:26.050+0000] {processor.py:753} INFO - DAG(s) dict_keys(['latest_only']) retrieved from /home/airflow/.local/lib/python3.7/site-packages/airflow/example_dags/example_latest_only.py
[2023-03-06T17:13:26.125+0000] {logging_mixin.py:137} INFO - [2023-03-06T17:13:26.125+0000] {dag.py:2690} INFO - Sync 1 DAGs
[2023-03-06T17:13:26.196+0000] {logging_mixin.py:137} INFO - [2023-03-06T17:13:26.195+0000] {dag.py:3441} INFO - Setting next_dagrun for latest_only to 2023-03-06T13:13:26.195505+00:00, run_after=2023-03-06T17:13:26.195505+00:00
[2023-03-06T17:13:26.250+0000] {processor.py:175} INFO - Processing /home/airflow/.local/lib/python3.7/site-packages/airflow/example_dags/example_latest_only.py took 0.278 seconds
[2023-03-06T18:50:16.115+0000] {processor.py:153} INFO - Started process (PID=59) to work on /home/airflow/.local/lib/python3.7/site-packages/airflow/example_dags/example_latest_only.py
[2023-03-06T18:50:16.120+0000] {processor.py:743} INFO - Processing file /home/airflow/.local/lib/python3.7/site-packages/airflow/example_dags/example_latest_only.py for tasks to queue
[2023-03-06T18:50:16.126+0000] {logging_mixin.py:137} INFO - [2023-03-06T18:50:16.126+0000] {dagbag.py:538} INFO - Filling up the DagBag from /home/airflow/.local/lib/python3.7/site-packages/airflow/example_dags/example_latest_only.py
[2023-03-06T18:50:16.174+0000] {processor.py:753} INFO - DAG(s) dict_keys(['latest_only']) retrieved from /home/airflow/.local/lib/python3.7/site-packages/airflow/example_dags/example_latest_only.py
[2023-03-06T18:50:16.239+0000] {logging_mixin.py:137} INFO - [2023-03-06T18:50:16.239+0000] {dag.py:2690} INFO - Sync 1 DAGs
[2023-03-06T18:50:16.290+0000] {logging_mixin.py:137} INFO - [2023-03-06T18:50:16.290+0000] {dag.py:3441} INFO - Setting next_dagrun for latest_only to 2023-03-06T14:50:16.289849+00:00, run_after=2023-03-06T18:50:16.289849+00:00
[2023-03-06T18:50:16.382+0000] {processor.py:175} INFO - Processing /home/airflow/.local/lib/python3.7/site-packages/airflow/example_dags/example_latest_only.py took 0.278 seconds
[2023-03-06T18:50:46.548+0000] {processor.py:153} INFO - Started process (PID=125) to work on /home/airflow/.local/lib/python3.7/site-packages/airflow/example_dags/example_latest_only.py
[2023-03-06T18:50:46.552+0000] {processor.py:743} INFO - Processing file /home/airflow/.local/lib/python3.7/site-packages/airflow/example_dags/example_latest_only.py for tasks to queue
[2023-03-06T18:50:46.555+0000] {logging_mixin.py:137} INFO - [2023-03-06T18:50:46.555+0000] {dagbag.py:538} INFO - Filling up the DagBag from /home/airflow/.local/lib/python3.7/site-packages/airflow/example_dags/example_latest_only.py
[2023-03-06T18:50:46.585+0000] {processor.py:753} INFO - DAG(s) dict_keys(['latest_only']) retrieved from /home/airflow/.local/lib/python3.7/site-packages/airflow/example_dags/example_latest_only.py
[2023-03-06T18:50:46.637+0000] {logging_mixin.py:137} INFO - [2023-03-06T18:50:46.636+0000] {dag.py:2690} INFO - Sync 1 DAGs
[2023-03-06T18:50:46.675+0000] {logging_mixin.py:137} INFO - [2023-03-06T18:50:46.675+0000] {dag.py:3441} INFO - Setting next_dagrun for latest_only to 2023-03-06T14:50:46.674955+00:00, run_after=2023-03-06T18:50:46.674955+00:00
[2023-03-06T18:50:46.706+0000] {processor.py:175} INFO - Processing /home/airflow/.local/lib/python3.7/site-packages/airflow/example_dags/example_latest_only.py took 0.163 seconds
[2023-03-06T18:51:18.119+0000] {processor.py:153} INFO - Started process (PID=199) to work on /home/airflow/.local/lib/python3.7/site-packages/airflow/example_dags/example_latest_only.py
[2023-03-06T18:51:18.123+0000] {processor.py:743} INFO - Processing file /home/airflow/.local/lib/python3.7/site-packages/airflow/example_dags/example_latest_only.py for tasks to queue
[2023-03-06T18:51:18.127+0000] {logging_mixin.py:137} INFO - [2023-03-06T18:51:18.127+0000] {dagbag.py:538} INFO - Filling up the DagBag from /home/airflow/.local/lib/python3.7/site-packages/airflow/example_dags/example_latest_only.py
[2023-03-06T18:51:18.168+0000] {processor.py:753} INFO - DAG(s) dict_keys(['latest_only']) retrieved from /home/airflow/.local/lib/python3.7/site-packages/airflow/example_dags/example_latest_only.py
[2023-03-06T18:51:18.222+0000] {logging_mixin.py:137} INFO - [2023-03-06T18:51:18.222+0000] {dag.py:2690} INFO - Sync 1 DAGs
[2023-03-06T18:51:18.268+0000] {logging_mixin.py:137} INFO - [2023-03-06T18:51:18.268+0000] {dag.py:3441} INFO - Setting next_dagrun for latest_only to 2023-03-06T14:51:18.268444+00:00, run_after=2023-03-06T18:51:18.268444+00:00
[2023-03-06T18:51:18.335+0000] {processor.py:175} INFO - Processing /home/airflow/.local/lib/python3.7/site-packages/airflow/example_dags/example_latest_only.py took 0.223 seconds
[2023-03-06T18:51:48.872+0000] {processor.py:153} INFO - Started process (PID=265) to work on /home/airflow/.local/lib/python3.7/site-packages/airflow/example_dags/example_latest_only.py
[2023-03-06T18:51:48.921+0000] {processor.py:743} INFO - Processing file /home/airflow/.local/lib/python3.7/site-packages/airflow/example_dags/example_latest_only.py for tasks to queue
[2023-03-06T18:51:48.942+0000] {logging_mixin.py:137} INFO - [2023-03-06T18:51:48.941+0000] {dagbag.py:538} INFO - Filling up the DagBag from /home/airflow/.local/lib/python3.7/site-packages/airflow/example_dags/example_latest_only.py
[2023-03-06T18:51:49.152+0000] {processor.py:753} INFO - DAG(s) dict_keys(['latest_only']) retrieved from /home/airflow/.local/lib/python3.7/site-packages/airflow/example_dags/example_latest_only.py
[2023-03-06T18:51:49.221+0000] {logging_mixin.py:137} INFO - [2023-03-06T18:51:49.221+0000] {dag.py:2690} INFO - Sync 1 DAGs
[2023-03-06T18:51:49.309+0000] {logging_mixin.py:137} INFO - [2023-03-06T18:51:49.309+0000] {dag.py:3441} INFO - Setting next_dagrun for latest_only to 2023-03-06T14:51:49.308487+00:00, run_after=2023-03-06T18:51:49.308487+00:00
[2023-03-06T18:51:49.444+0000] {processor.py:175} INFO - Processing /home/airflow/.local/lib/python3.7/site-packages/airflow/example_dags/example_latest_only.py took 0.737 seconds
[2023-03-06T18:52:20.331+0000] {processor.py:153} INFO - Started process (PID=336) to work on /home/airflow/.local/lib/python3.7/site-packages/airflow/example_dags/example_latest_only.py
[2023-03-06T18:52:20.334+0000] {processor.py:743} INFO - Processing file /home/airflow/.local/lib/python3.7/site-packages/airflow/example_dags/example_latest_only.py for tasks to queue
[2023-03-06T18:52:20.337+0000] {logging_mixin.py:137} INFO - [2023-03-06T18:52:20.337+0000] {dagbag.py:538} INFO - Filling up the DagBag from /home/airflow/.local/lib/python3.7/site-packages/airflow/example_dags/example_latest_only.py
[2023-03-06T18:52:20.407+0000] {processor.py:753} INFO - DAG(s) dict_keys(['latest_only']) retrieved from /home/airflow/.local/lib/python3.7/site-packages/airflow/example_dags/example_latest_only.py
[2023-03-06T18:52:20.467+0000] {logging_mixin.py:137} INFO - [2023-03-06T18:52:20.467+0000] {dag.py:2690} INFO - Sync 1 DAGs
[2023-03-06T18:52:20.532+0000] {logging_mixin.py:137} INFO - [2023-03-06T18:52:20.532+0000] {dag.py:3441} INFO - Setting next_dagrun for latest_only to 2023-03-06T14:52:20.532042+00:00, run_after=2023-03-06T18:52:20.532042+00:00
[2023-03-06T18:52:20.581+0000] {processor.py:175} INFO - Processing /home/airflow/.local/lib/python3.7/site-packages/airflow/example_dags/example_latest_only.py took 0.271 seconds
[2023-03-06T18:52:51.285+0000] {processor.py:153} INFO - Started process (PID=403) to work on /home/airflow/.local/lib/python3.7/site-packages/airflow/example_dags/example_latest_only.py
[2023-03-06T18:52:51.334+0000] {processor.py:743} INFO - Processing file /home/airflow/.local/lib/python3.7/site-packages/airflow/example_dags/example_latest_only.py for tasks to queue
[2023-03-06T18:52:51.368+0000] {logging_mixin.py:137} INFO - [2023-03-06T18:52:51.367+0000] {dagbag.py:538} INFO - Filling up the DagBag from /home/airflow/.local/lib/python3.7/site-packages/airflow/example_dags/example_latest_only.py
[2023-03-06T18:52:51.692+0000] {processor.py:753} INFO - DAG(s) dict_keys(['latest_only']) retrieved from /home/airflow/.local/lib/python3.7/site-packages/airflow/example_dags/example_latest_only.py
[2023-03-06T18:52:51.916+0000] {logging_mixin.py:137} INFO - [2023-03-06T18:52:51.915+0000] {dag.py:2690} INFO - Sync 1 DAGs
[2023-03-06T18:52:51.989+0000] {logging_mixin.py:137} INFO - [2023-03-06T18:52:51.988+0000] {dag.py:3441} INFO - Setting next_dagrun for latest_only to 2023-03-06T14:52:51.988407+00:00, run_after=2023-03-06T18:52:51.988407+00:00
[2023-03-06T18:52:52.044+0000] {processor.py:175} INFO - Processing /home/airflow/.local/lib/python3.7/site-packages/airflow/example_dags/example_latest_only.py took 0.941 seconds
[2023-03-06T18:53:22.571+0000] {processor.py:153} INFO - Started process (PID=470) to work on /home/airflow/.local/lib/python3.7/site-packages/airflow/example_dags/example_latest_only.py
[2023-03-06T18:53:22.576+0000] {processor.py:743} INFO - Processing file /home/airflow/.local/lib/python3.7/site-packages/airflow/example_dags/example_latest_only.py for tasks to queue
[2023-03-06T18:53:22.579+0000] {logging_mixin.py:137} INFO - [2023-03-06T18:53:22.579+0000] {dagbag.py:538} INFO - Filling up the DagBag from /home/airflow/.local/lib/python3.7/site-packages/airflow/example_dags/example_latest_only.py
[2023-03-06T18:53:22.618+0000] {processor.py:753} INFO - DAG(s) dict_keys(['latest_only']) retrieved from /home/airflow/.local/lib/python3.7/site-packages/airflow/example_dags/example_latest_only.py
[2023-03-06T18:53:22.674+0000] {logging_mixin.py:137} INFO - [2023-03-06T18:53:22.674+0000] {dag.py:2690} INFO - Sync 1 DAGs
[2023-03-06T18:53:22.734+0000] {logging_mixin.py:137} INFO - [2023-03-06T18:53:22.733+0000] {dag.py:3441} INFO - Setting next_dagrun for latest_only to 2023-03-06T14:53:22.733323+00:00, run_after=2023-03-06T18:53:22.733323+00:00
[2023-03-06T18:53:22.776+0000] {processor.py:175} INFO - Processing /home/airflow/.local/lib/python3.7/site-packages/airflow/example_dags/example_latest_only.py took 0.219 seconds
[2023-03-06T18:53:53.323+0000] {processor.py:153} INFO - Started process (PID=535) to work on /home/airflow/.local/lib/python3.7/site-packages/airflow/example_dags/example_latest_only.py
[2023-03-06T18:53:53.327+0000] {processor.py:743} INFO - Processing file /home/airflow/.local/lib/python3.7/site-packages/airflow/example_dags/example_latest_only.py for tasks to queue
[2023-03-06T18:53:53.331+0000] {logging_mixin.py:137} INFO - [2023-03-06T18:53:53.330+0000] {dagbag.py:538} INFO - Filling up the DagBag from /home/airflow/.local/lib/python3.7/site-packages/airflow/example_dags/example_latest_only.py
[2023-03-06T18:53:53.379+0000] {processor.py:753} INFO - DAG(s) dict_keys(['latest_only']) retrieved from /home/airflow/.local/lib/python3.7/site-packages/airflow/example_dags/example_latest_only.py
[2023-03-06T18:53:53.442+0000] {logging_mixin.py:137} INFO - [2023-03-06T18:53:53.442+0000] {dag.py:2690} INFO - Sync 1 DAGs
[2023-03-06T18:53:53.496+0000] {logging_mixin.py:137} INFO - [2023-03-06T18:53:53.496+0000] {dag.py:3441} INFO - Setting next_dagrun for latest_only to 2023-03-06T14:53:53.495677+00:00, run_after=2023-03-06T18:53:53.495677+00:00
[2023-03-06T18:53:53.532+0000] {processor.py:175} INFO - Processing /home/airflow/.local/lib/python3.7/site-packages/airflow/example_dags/example_latest_only.py took 0.224 seconds
[2023-03-06T18:54:23.680+0000] {processor.py:153} INFO - Started process (PID=601) to work on /home/airflow/.local/lib/python3.7/site-packages/airflow/example_dags/example_latest_only.py
[2023-03-06T18:54:23.685+0000] {processor.py:743} INFO - Processing file /home/airflow/.local/lib/python3.7/site-packages/airflow/example_dags/example_latest_only.py for tasks to queue
[2023-03-06T18:54:23.688+0000] {logging_mixin.py:137} INFO - [2023-03-06T18:54:23.687+0000] {dagbag.py:538} INFO - Filling up the DagBag from /home/airflow/.local/lib/python3.7/site-packages/airflow/example_dags/example_latest_only.py
[2023-03-06T18:54:23.710+0000] {processor.py:753} INFO - DAG(s) dict_keys(['latest_only']) retrieved from /home/airflow/.local/lib/python3.7/site-packages/airflow/example_dags/example_latest_only.py
[2023-03-06T18:54:23.753+0000] {logging_mixin.py:137} INFO - [2023-03-06T18:54:23.753+0000] {dag.py:2690} INFO - Sync 1 DAGs
[2023-03-06T18:54:23.804+0000] {logging_mixin.py:137} INFO - [2023-03-06T18:54:23.804+0000] {dag.py:3441} INFO - Setting next_dagrun for latest_only to 2023-03-06T14:54:23.804338+00:00, run_after=2023-03-06T18:54:23.804338+00:00
[2023-03-06T18:54:23.849+0000] {processor.py:175} INFO - Processing /home/airflow/.local/lib/python3.7/site-packages/airflow/example_dags/example_latest_only.py took 0.176 seconds
[2023-03-06T18:54:54.449+0000] {processor.py:153} INFO - Started process (PID=668) to work on /home/airflow/.local/lib/python3.7/site-packages/airflow/example_dags/example_latest_only.py
[2023-03-06T18:54:54.453+0000] {processor.py:743} INFO - Processing file /home/airflow/.local/lib/python3.7/site-packages/airflow/example_dags/example_latest_only.py for tasks to queue
[2023-03-06T18:54:54.456+0000] {logging_mixin.py:137} INFO - [2023-03-06T18:54:54.455+0000] {dagbag.py:538} INFO - Filling up the DagBag from /home/airflow/.local/lib/python3.7/site-packages/airflow/example_dags/example_latest_only.py
[2023-03-06T18:54:54.487+0000] {processor.py:753} INFO - DAG(s) dict_keys(['latest_only']) retrieved from /home/airflow/.local/lib/python3.7/site-packages/airflow/example_dags/example_latest_only.py
[2023-03-06T18:54:54.537+0000] {logging_mixin.py:137} INFO - [2023-03-06T18:54:54.536+0000] {dag.py:2690} INFO - Sync 1 DAGs
[2023-03-06T18:54:54.594+0000] {logging_mixin.py:137} INFO - [2023-03-06T18:54:54.594+0000] {dag.py:3441} INFO - Setting next_dagrun for latest_only to 2023-03-06T14:54:54.594003+00:00, run_after=2023-03-06T18:54:54.594003+00:00
[2023-03-06T18:54:54.645+0000] {processor.py:175} INFO - Processing /home/airflow/.local/lib/python3.7/site-packages/airflow/example_dags/example_latest_only.py took 0.207 seconds
[2023-03-06T18:55:24.900+0000] {processor.py:153} INFO - Started process (PID=738) to work on /home/airflow/.local/lib/python3.7/site-packages/airflow/example_dags/example_latest_only.py
[2023-03-06T18:55:24.903+0000] {processor.py:743} INFO - Processing file /home/airflow/.local/lib/python3.7/site-packages/airflow/example_dags/example_latest_only.py for tasks to queue
[2023-03-06T18:55:24.906+0000] {logging_mixin.py:137} INFO - [2023-03-06T18:55:24.906+0000] {dagbag.py:538} INFO - Filling up the DagBag from /home/airflow/.local/lib/python3.7/site-packages/airflow/example_dags/example_latest_only.py
[2023-03-06T18:55:24.936+0000] {processor.py:753} INFO - DAG(s) dict_keys(['latest_only']) retrieved from /home/airflow/.local/lib/python3.7/site-packages/airflow/example_dags/example_latest_only.py
[2023-03-06T18:55:24.990+0000] {logging_mixin.py:137} INFO - [2023-03-06T18:55:24.990+0000] {dag.py:2690} INFO - Sync 1 DAGs
[2023-03-06T18:55:25.038+0000] {logging_mixin.py:137} INFO - [2023-03-06T18:55:25.038+0000] {dag.py:3441} INFO - Setting next_dagrun for latest_only to 2023-03-06T14:55:25.038159+00:00, run_after=2023-03-06T18:55:25.038159+00:00
[2023-03-06T18:55:25.092+0000] {processor.py:175} INFO - Processing /home/airflow/.local/lib/python3.7/site-packages/airflow/example_dags/example_latest_only.py took 0.203 seconds
[2023-03-06T18:55:55.306+0000] {processor.py:153} INFO - Started process (PID=813) to work on /home/airflow/.local/lib/python3.7/site-packages/airflow/example_dags/example_latest_only.py
[2023-03-06T18:55:55.309+0000] {processor.py:743} INFO - Processing file /home/airflow/.local/lib/python3.7/site-packages/airflow/example_dags/example_latest_only.py for tasks to queue
[2023-03-06T18:55:55.311+0000] {logging_mixin.py:137} INFO - [2023-03-06T18:55:55.311+0000] {dagbag.py:538} INFO - Filling up the DagBag from /home/airflow/.local/lib/python3.7/site-packages/airflow/example_dags/example_latest_only.py
[2023-03-06T18:55:55.339+0000] {processor.py:753} INFO - DAG(s) dict_keys(['latest_only']) retrieved from /home/airflow/.local/lib/python3.7/site-packages/airflow/example_dags/example_latest_only.py
[2023-03-06T18:55:55.389+0000] {logging_mixin.py:137} INFO - [2023-03-06T18:55:55.388+0000] {dag.py:2690} INFO - Sync 1 DAGs
[2023-03-06T18:55:55.435+0000] {logging_mixin.py:137} INFO - [2023-03-06T18:55:55.434+0000] {dag.py:3441} INFO - Setting next_dagrun for latest_only to 2023-03-06T14:55:55.434345+00:00, run_after=2023-03-06T18:55:55.434345+00:00
[2023-03-06T18:55:55.480+0000] {processor.py:175} INFO - Processing /home/airflow/.local/lib/python3.7/site-packages/airflow/example_dags/example_latest_only.py took 0.180 seconds
[2023-03-06T18:56:25.629+0000] {processor.py:153} INFO - Started process (PID=883) to work on /home/airflow/.local/lib/python3.7/site-packages/airflow/example_dags/example_latest_only.py
[2023-03-06T18:56:25.632+0000] {processor.py:743} INFO - Processing file /home/airflow/.local/lib/python3.7/site-packages/airflow/example_dags/example_latest_only.py for tasks to queue
[2023-03-06T18:56:25.635+0000] {logging_mixin.py:137} INFO - [2023-03-06T18:56:25.635+0000] {dagbag.py:538} INFO - Filling up the DagBag from /home/airflow/.local/lib/python3.7/site-packages/airflow/example_dags/example_latest_only.py
[2023-03-06T18:56:25.664+0000] {processor.py:753} INFO - DAG(s) dict_keys(['latest_only']) retrieved from /home/airflow/.local/lib/python3.7/site-packages/airflow/example_dags/example_latest_only.py
[2023-03-06T18:56:25.715+0000] {logging_mixin.py:137} INFO - [2023-03-06T18:56:25.715+0000] {dag.py:2690} INFO - Sync 1 DAGs
[2023-03-06T18:56:25.766+0000] {logging_mixin.py:137} INFO - [2023-03-06T18:56:25.766+0000] {dag.py:3441} INFO - Setting next_dagrun for latest_only to 2023-03-06T14:56:25.765774+00:00, run_after=2023-03-06T18:56:25.765774+00:00
[2023-03-06T18:56:25.803+0000] {processor.py:175} INFO - Processing /home/airflow/.local/lib/python3.7/site-packages/airflow/example_dags/example_latest_only.py took 0.185 seconds
[2023-03-06T18:56:55.976+0000] {processor.py:153} INFO - Started process (PID=950) to work on /home/airflow/.local/lib/python3.7/site-packages/airflow/example_dags/example_latest_only.py
[2023-03-06T18:56:55.979+0000] {processor.py:743} INFO - Processing file /home/airflow/.local/lib/python3.7/site-packages/airflow/example_dags/example_latest_only.py for tasks to queue
[2023-03-06T18:56:55.981+0000] {logging_mixin.py:137} INFO - [2023-03-06T18:56:55.981+0000] {dagbag.py:538} INFO - Filling up the DagBag from /home/airflow/.local/lib/python3.7/site-packages/airflow/example_dags/example_latest_only.py
[2023-03-06T18:56:56.008+0000] {processor.py:753} INFO - DAG(s) dict_keys(['latest_only']) retrieved from /home/airflow/.local/lib/python3.7/site-packages/airflow/example_dags/example_latest_only.py
[2023-03-06T18:56:56.054+0000] {logging_mixin.py:137} INFO - [2023-03-06T18:56:56.053+0000] {dag.py:2690} INFO - Sync 1 DAGs
[2023-03-06T18:56:56.096+0000] {logging_mixin.py:137} INFO - [2023-03-06T18:56:56.096+0000] {dag.py:3441} INFO - Setting next_dagrun for latest_only to 2023-03-06T14:56:56.096311+00:00, run_after=2023-03-06T18:56:56.096311+00:00
[2023-03-06T18:56:56.132+0000] {processor.py:175} INFO - Processing /home/airflow/.local/lib/python3.7/site-packages/airflow/example_dags/example_latest_only.py took 0.164 seconds
[2023-03-06T18:57:27.158+0000] {processor.py:153} INFO - Started process (PID=1017) to work on /home/airflow/.local/lib/python3.7/site-packages/airflow/example_dags/example_latest_only.py
[2023-03-06T18:57:27.161+0000] {processor.py:743} INFO - Processing file /home/airflow/.local/lib/python3.7/site-packages/airflow/example_dags/example_latest_only.py for tasks to queue
[2023-03-06T18:57:27.165+0000] {logging_mixin.py:137} INFO - [2023-03-06T18:57:27.164+0000] {dagbag.py:538} INFO - Filling up the DagBag from /home/airflow/.local/lib/python3.7/site-packages/airflow/example_dags/example_latest_only.py
[2023-03-06T18:57:27.190+0000] {processor.py:753} INFO - DAG(s) dict_keys(['latest_only']) retrieved from /home/airflow/.local/lib/python3.7/site-packages/airflow/example_dags/example_latest_only.py
[2023-03-06T18:57:27.240+0000] {logging_mixin.py:137} INFO - [2023-03-06T18:57:27.239+0000] {dag.py:2690} INFO - Sync 1 DAGs
[2023-03-06T18:57:27.286+0000] {logging_mixin.py:137} INFO - [2023-03-06T18:57:27.286+0000] {dag.py:3441} INFO - Setting next_dagrun for latest_only to 2023-03-06T14:57:27.285639+00:00, run_after=2023-03-06T18:57:27.285639+00:00
[2023-03-06T18:57:27.324+0000] {processor.py:175} INFO - Processing /home/airflow/.local/lib/python3.7/site-packages/airflow/example_dags/example_latest_only.py took 0.174 seconds
[2023-03-06T18:57:57.930+0000] {processor.py:153} INFO - Started process (PID=1084) to work on /home/airflow/.local/lib/python3.7/site-packages/airflow/example_dags/example_latest_only.py
[2023-03-06T18:57:57.933+0000] {processor.py:743} INFO - Processing file /home/airflow/.local/lib/python3.7/site-packages/airflow/example_dags/example_latest_only.py for tasks to queue
[2023-03-06T18:57:57.936+0000] {logging_mixin.py:137} INFO - [2023-03-06T18:57:57.936+0000] {dagbag.py:538} INFO - Filling up the DagBag from /home/airflow/.local/lib/python3.7/site-packages/airflow/example_dags/example_latest_only.py
[2023-03-06T18:57:57.966+0000] {processor.py:753} INFO - DAG(s) dict_keys(['latest_only']) retrieved from /home/airflow/.local/lib/python3.7/site-packages/airflow/example_dags/example_latest_only.py
[2023-03-06T18:57:58.020+0000] {logging_mixin.py:137} INFO - [2023-03-06T18:57:58.020+0000] {dag.py:2690} INFO - Sync 1 DAGs
[2023-03-06T18:57:58.068+0000] {logging_mixin.py:137} INFO - [2023-03-06T18:57:58.068+0000] {dag.py:3441} INFO - Setting next_dagrun for latest_only to 2023-03-06T14:57:58.066708+00:00, run_after=2023-03-06T18:57:58.066708+00:00
[2023-03-06T18:57:58.107+0000] {processor.py:175} INFO - Processing /home/airflow/.local/lib/python3.7/site-packages/airflow/example_dags/example_latest_only.py took 0.184 seconds
[2023-03-06T18:58:28.921+0000] {processor.py:153} INFO - Started process (PID=1151) to work on /home/airflow/.local/lib/python3.7/site-packages/airflow/example_dags/example_latest_only.py
[2023-03-06T18:58:28.924+0000] {processor.py:743} INFO - Processing file /home/airflow/.local/lib/python3.7/site-packages/airflow/example_dags/example_latest_only.py for tasks to queue
[2023-03-06T18:58:28.928+0000] {logging_mixin.py:137} INFO - [2023-03-06T18:58:28.927+0000] {dagbag.py:538} INFO - Filling up the DagBag from /home/airflow/.local/lib/python3.7/site-packages/airflow/example_dags/example_latest_only.py
[2023-03-06T18:58:28.956+0000] {processor.py:753} INFO - DAG(s) dict_keys(['latest_only']) retrieved from /home/airflow/.local/lib/python3.7/site-packages/airflow/example_dags/example_latest_only.py
[2023-03-06T18:58:29.017+0000] {logging_mixin.py:137} INFO - [2023-03-06T18:58:29.016+0000] {dag.py:2690} INFO - Sync 1 DAGs
[2023-03-06T18:58:29.065+0000] {logging_mixin.py:137} INFO - [2023-03-06T18:58:29.065+0000] {dag.py:3441} INFO - Setting next_dagrun for latest_only to 2023-03-06T14:58:29.064723+00:00, run_after=2023-03-06T18:58:29.064723+00:00
[2023-03-06T18:58:29.096+0000] {processor.py:175} INFO - Processing /home/airflow/.local/lib/python3.7/site-packages/airflow/example_dags/example_latest_only.py took 0.181 seconds
[2023-03-06T18:58:59.413+0000] {processor.py:153} INFO - Started process (PID=1232) to work on /home/airflow/.local/lib/python3.7/site-packages/airflow/example_dags/example_latest_only.py
[2023-03-06T18:58:59.421+0000] {processor.py:743} INFO - Processing file /home/airflow/.local/lib/python3.7/site-packages/airflow/example_dags/example_latest_only.py for tasks to queue
[2023-03-06T18:58:59.428+0000] {logging_mixin.py:137} INFO - [2023-03-06T18:58:59.427+0000] {dagbag.py:538} INFO - Filling up the DagBag from /home/airflow/.local/lib/python3.7/site-packages/airflow/example_dags/example_latest_only.py
[2023-03-06T18:58:59.509+0000] {processor.py:753} INFO - DAG(s) dict_keys(['latest_only']) retrieved from /home/airflow/.local/lib/python3.7/site-packages/airflow/example_dags/example_latest_only.py
[2023-03-06T18:58:59.651+0000] {logging_mixin.py:137} INFO - [2023-03-06T18:58:59.650+0000] {dag.py:2690} INFO - Sync 1 DAGs
[2023-03-06T18:58:59.759+0000] {logging_mixin.py:137} INFO - [2023-03-06T18:58:59.759+0000] {dag.py:3441} INFO - Setting next_dagrun for latest_only to 2023-03-06T14:58:59.758616+00:00, run_after=2023-03-06T18:58:59.758616+00:00
[2023-03-06T18:58:59.819+0000] {processor.py:175} INFO - Processing /home/airflow/.local/lib/python3.7/site-packages/airflow/example_dags/example_latest_only.py took 0.423 seconds
[2023-03-06T18:59:30.169+0000] {processor.py:153} INFO - Started process (PID=1301) to work on /home/airflow/.local/lib/python3.7/site-packages/airflow/example_dags/example_latest_only.py
[2023-03-06T18:59:30.174+0000] {processor.py:743} INFO - Processing file /home/airflow/.local/lib/python3.7/site-packages/airflow/example_dags/example_latest_only.py for tasks to queue
[2023-03-06T18:59:30.176+0000] {logging_mixin.py:137} INFO - [2023-03-06T18:59:30.175+0000] {dagbag.py:538} INFO - Filling up the DagBag from /home/airflow/.local/lib/python3.7/site-packages/airflow/example_dags/example_latest_only.py
[2023-03-06T18:59:30.207+0000] {processor.py:753} INFO - DAG(s) dict_keys(['latest_only']) retrieved from /home/airflow/.local/lib/python3.7/site-packages/airflow/example_dags/example_latest_only.py
[2023-03-06T18:59:30.252+0000] {logging_mixin.py:137} INFO - [2023-03-06T18:59:30.252+0000] {dag.py:2690} INFO - Sync 1 DAGs
[2023-03-06T18:59:30.297+0000] {logging_mixin.py:137} INFO - [2023-03-06T18:59:30.296+0000] {dag.py:3441} INFO - Setting next_dagrun for latest_only to 2023-03-06T14:59:30.296584+00:00, run_after=2023-03-06T18:59:30.296584+00:00
[2023-03-06T18:59:30.330+0000] {processor.py:175} INFO - Processing /home/airflow/.local/lib/python3.7/site-packages/airflow/example_dags/example_latest_only.py took 0.168 seconds
[2023-03-06T19:00:00.850+0000] {processor.py:153} INFO - Started process (PID=1367) to work on /home/airflow/.local/lib/python3.7/site-packages/airflow/example_dags/example_latest_only.py
[2023-03-06T19:00:00.863+0000] {processor.py:743} INFO - Processing file /home/airflow/.local/lib/python3.7/site-packages/airflow/example_dags/example_latest_only.py for tasks to queue
[2023-03-06T19:00:00.869+0000] {logging_mixin.py:137} INFO - [2023-03-06T19:00:00.868+0000] {dagbag.py:538} INFO - Filling up the DagBag from /home/airflow/.local/lib/python3.7/site-packages/airflow/example_dags/example_latest_only.py
[2023-03-06T19:00:00.999+0000] {processor.py:753} INFO - DAG(s) dict_keys(['latest_only']) retrieved from /home/airflow/.local/lib/python3.7/site-packages/airflow/example_dags/example_latest_only.py
[2023-03-06T19:00:01.144+0000] {logging_mixin.py:137} INFO - [2023-03-06T19:00:01.144+0000] {dag.py:2690} INFO - Sync 1 DAGs
[2023-03-06T19:00:01.379+0000] {logging_mixin.py:137} INFO - [2023-03-06T19:00:01.379+0000] {dag.py:3441} INFO - Setting next_dagrun for latest_only to 2023-03-06T15:00:01.378292+00:00, run_after=2023-03-06T19:00:01.378292+00:00
[2023-03-06T19:00:01.478+0000] {processor.py:175} INFO - Processing /home/airflow/.local/lib/python3.7/site-packages/airflow/example_dags/example_latest_only.py took 0.642 seconds
[2023-03-06T19:00:31.786+0000] {processor.py:153} INFO - Started process (PID=1434) to work on /home/airflow/.local/lib/python3.7/site-packages/airflow/example_dags/example_latest_only.py
[2023-03-06T19:00:31.789+0000] {processor.py:743} INFO - Processing file /home/airflow/.local/lib/python3.7/site-packages/airflow/example_dags/example_latest_only.py for tasks to queue
[2023-03-06T19:00:31.792+0000] {logging_mixin.py:137} INFO - [2023-03-06T19:00:31.791+0000] {dagbag.py:538} INFO - Filling up the DagBag from /home/airflow/.local/lib/python3.7/site-packages/airflow/example_dags/example_latest_only.py
[2023-03-06T19:00:31.815+0000] {processor.py:753} INFO - DAG(s) dict_keys(['latest_only']) retrieved from /home/airflow/.local/lib/python3.7/site-packages/airflow/example_dags/example_latest_only.py
[2023-03-06T19:00:31.855+0000] {logging_mixin.py:137} INFO - [2023-03-06T19:00:31.855+0000] {dag.py:2690} INFO - Sync 1 DAGs
[2023-03-06T19:00:31.894+0000] {logging_mixin.py:137} INFO - [2023-03-06T19:00:31.894+0000] {dag.py:3441} INFO - Setting next_dagrun for latest_only to 2023-03-06T15:00:31.893958+00:00, run_after=2023-03-06T19:00:31.893958+00:00
[2023-03-06T19:00:31.926+0000] {processor.py:175} INFO - Processing /home/airflow/.local/lib/python3.7/site-packages/airflow/example_dags/example_latest_only.py took 0.147 seconds
[2023-03-06T19:01:02.358+0000] {processor.py:153} INFO - Started process (PID=1500) to work on /home/airflow/.local/lib/python3.7/site-packages/airflow/example_dags/example_latest_only.py
[2023-03-06T19:01:02.362+0000] {processor.py:743} INFO - Processing file /home/airflow/.local/lib/python3.7/site-packages/airflow/example_dags/example_latest_only.py for tasks to queue
[2023-03-06T19:01:02.364+0000] {logging_mixin.py:137} INFO - [2023-03-06T19:01:02.364+0000] {dagbag.py:538} INFO - Filling up the DagBag from /home/airflow/.local/lib/python3.7/site-packages/airflow/example_dags/example_latest_only.py
[2023-03-06T19:01:02.391+0000] {processor.py:753} INFO - DAG(s) dict_keys(['latest_only']) retrieved from /home/airflow/.local/lib/python3.7/site-packages/airflow/example_dags/example_latest_only.py
[2023-03-06T19:01:02.442+0000] {logging_mixin.py:137} INFO - [2023-03-06T19:01:02.442+0000] {dag.py:2690} INFO - Sync 1 DAGs
[2023-03-06T19:01:02.487+0000] {logging_mixin.py:137} INFO - [2023-03-06T19:01:02.487+0000] {dag.py:3441} INFO - Setting next_dagrun for latest_only to 2023-03-06T15:01:02.487072+00:00, run_after=2023-03-06T19:01:02.487072+00:00
[2023-03-06T19:01:02.522+0000] {processor.py:175} INFO - Processing /home/airflow/.local/lib/python3.7/site-packages/airflow/example_dags/example_latest_only.py took 0.172 seconds
[2023-03-06T19:01:32.793+0000] {processor.py:153} INFO - Started process (PID=1567) to work on /home/airflow/.local/lib/python3.7/site-packages/airflow/example_dags/example_latest_only.py
[2023-03-06T19:01:32.806+0000] {processor.py:743} INFO - Processing file /home/airflow/.local/lib/python3.7/site-packages/airflow/example_dags/example_latest_only.py for tasks to queue
[2023-03-06T19:01:32.823+0000] {logging_mixin.py:137} INFO - [2023-03-06T19:01:32.823+0000] {dagbag.py:538} INFO - Filling up the DagBag from /home/airflow/.local/lib/python3.7/site-packages/airflow/example_dags/example_latest_only.py
[2023-03-06T19:01:32.872+0000] {processor.py:753} INFO - DAG(s) dict_keys(['latest_only']) retrieved from /home/airflow/.local/lib/python3.7/site-packages/airflow/example_dags/example_latest_only.py
[2023-03-06T19:01:32.921+0000] {logging_mixin.py:137} INFO - [2023-03-06T19:01:32.920+0000] {dag.py:2690} INFO - Sync 1 DAGs
[2023-03-06T19:01:32.977+0000] {logging_mixin.py:137} INFO - [2023-03-06T19:01:32.977+0000] {dag.py:3441} INFO - Setting next_dagrun for latest_only to 2023-03-06T15:01:32.976943+00:00, run_after=2023-03-06T19:01:32.976943+00:00
[2023-03-06T19:01:33.018+0000] {processor.py:175} INFO - Processing /home/airflow/.local/lib/python3.7/site-packages/airflow/example_dags/example_latest_only.py took 0.234 seconds
[2023-03-06T19:02:03.591+0000] {processor.py:153} INFO - Started process (PID=1646) to work on /home/airflow/.local/lib/python3.7/site-packages/airflow/example_dags/example_latest_only.py
[2023-03-06T19:02:03.594+0000] {processor.py:743} INFO - Processing file /home/airflow/.local/lib/python3.7/site-packages/airflow/example_dags/example_latest_only.py for tasks to queue
[2023-03-06T19:02:03.597+0000] {logging_mixin.py:137} INFO - [2023-03-06T19:02:03.597+0000] {dagbag.py:538} INFO - Filling up the DagBag from /home/airflow/.local/lib/python3.7/site-packages/airflow/example_dags/example_latest_only.py
[2023-03-06T19:02:03.623+0000] {processor.py:753} INFO - DAG(s) dict_keys(['latest_only']) retrieved from /home/airflow/.local/lib/python3.7/site-packages/airflow/example_dags/example_latest_only.py
[2023-03-06T19:02:03.666+0000] {logging_mixin.py:137} INFO - [2023-03-06T19:02:03.666+0000] {dag.py:2690} INFO - Sync 1 DAGs
[2023-03-06T19:02:03.707+0000] {logging_mixin.py:137} INFO - [2023-03-06T19:02:03.707+0000] {dag.py:3441} INFO - Setting next_dagrun for latest_only to 2023-03-06T15:02:03.706873+00:00, run_after=2023-03-06T19:02:03.706873+00:00
[2023-03-06T19:02:03.743+0000] {processor.py:175} INFO - Processing /home/airflow/.local/lib/python3.7/site-packages/airflow/example_dags/example_latest_only.py took 0.161 seconds
[2023-03-06T19:02:33.877+0000] {processor.py:153} INFO - Started process (PID=1713) to work on /home/airflow/.local/lib/python3.7/site-packages/airflow/example_dags/example_latest_only.py
[2023-03-06T19:02:33.879+0000] {processor.py:743} INFO - Processing file /home/airflow/.local/lib/python3.7/site-packages/airflow/example_dags/example_latest_only.py for tasks to queue
[2023-03-06T19:02:33.883+0000] {logging_mixin.py:137} INFO - [2023-03-06T19:02:33.882+0000] {dagbag.py:538} INFO - Filling up the DagBag from /home/airflow/.local/lib/python3.7/site-packages/airflow/example_dags/example_latest_only.py
[2023-03-06T19:02:33.908+0000] {processor.py:753} INFO - DAG(s) dict_keys(['latest_only']) retrieved from /home/airflow/.local/lib/python3.7/site-packages/airflow/example_dags/example_latest_only.py
[2023-03-06T19:02:33.954+0000] {logging_mixin.py:137} INFO - [2023-03-06T19:02:33.954+0000] {dag.py:2690} INFO - Sync 1 DAGs
[2023-03-06T19:02:34.015+0000] {logging_mixin.py:137} INFO - [2023-03-06T19:02:34.015+0000] {dag.py:3441} INFO - Setting next_dagrun for latest_only to 2023-03-06T15:02:34.014773+00:00, run_after=2023-03-06T19:02:34.014773+00:00
[2023-03-06T19:02:34.077+0000] {processor.py:175} INFO - Processing /home/airflow/.local/lib/python3.7/site-packages/airflow/example_dags/example_latest_only.py took 0.206 seconds
[2023-03-06T19:03:04.615+0000] {processor.py:153} INFO - Started process (PID=1779) to work on /home/airflow/.local/lib/python3.7/site-packages/airflow/example_dags/example_latest_only.py
[2023-03-06T19:03:04.620+0000] {processor.py:743} INFO - Processing file /home/airflow/.local/lib/python3.7/site-packages/airflow/example_dags/example_latest_only.py for tasks to queue
[2023-03-06T19:03:04.624+0000] {logging_mixin.py:137} INFO - [2023-03-06T19:03:04.624+0000] {dagbag.py:538} INFO - Filling up the DagBag from /home/airflow/.local/lib/python3.7/site-packages/airflow/example_dags/example_latest_only.py
[2023-03-06T19:03:04.660+0000] {processor.py:753} INFO - DAG(s) dict_keys(['latest_only']) retrieved from /home/airflow/.local/lib/python3.7/site-packages/airflow/example_dags/example_latest_only.py
[2023-03-06T19:03:04.725+0000] {logging_mixin.py:137} INFO - [2023-03-06T19:03:04.724+0000] {dag.py:2690} INFO - Sync 1 DAGs
[2023-03-06T19:03:04.787+0000] {logging_mixin.py:137} INFO - [2023-03-06T19:03:04.787+0000] {dag.py:3441} INFO - Setting next_dagrun for latest_only to 2023-03-06T15:03:04.786111+00:00, run_after=2023-03-06T19:03:04.786111+00:00
[2023-03-06T19:03:04.837+0000] {processor.py:175} INFO - Processing /home/airflow/.local/lib/python3.7/site-packages/airflow/example_dags/example_latest_only.py took 0.230 seconds
[2023-03-06T19:03:35.053+0000] {processor.py:153} INFO - Started process (PID=1846) to work on /home/airflow/.local/lib/python3.7/site-packages/airflow/example_dags/example_latest_only.py
[2023-03-06T19:03:35.056+0000] {processor.py:743} INFO - Processing file /home/airflow/.local/lib/python3.7/site-packages/airflow/example_dags/example_latest_only.py for tasks to queue
[2023-03-06T19:03:35.059+0000] {logging_mixin.py:137} INFO - [2023-03-06T19:03:35.059+0000] {dagbag.py:538} INFO - Filling up the DagBag from /home/airflow/.local/lib/python3.7/site-packages/airflow/example_dags/example_latest_only.py
[2023-03-06T19:03:35.084+0000] {processor.py:753} INFO - DAG(s) dict_keys(['latest_only']) retrieved from /home/airflow/.local/lib/python3.7/site-packages/airflow/example_dags/example_latest_only.py
[2023-03-06T19:03:35.132+0000] {logging_mixin.py:137} INFO - [2023-03-06T19:03:35.132+0000] {dag.py:2690} INFO - Sync 1 DAGs
[2023-03-06T19:03:35.183+0000] {logging_mixin.py:137} INFO - [2023-03-06T19:03:35.182+0000] {dag.py:3441} INFO - Setting next_dagrun for latest_only to 2023-03-06T15:03:35.182284+00:00, run_after=2023-03-06T19:03:35.182284+00:00
[2023-03-06T19:03:35.221+0000] {processor.py:175} INFO - Processing /home/airflow/.local/lib/python3.7/site-packages/airflow/example_dags/example_latest_only.py took 0.179 seconds
[2023-03-06T19:04:05.620+0000] {processor.py:153} INFO - Started process (PID=1920) to work on /home/airflow/.local/lib/python3.7/site-packages/airflow/example_dags/example_latest_only.py
[2023-03-06T19:04:05.626+0000] {processor.py:743} INFO - Processing file /home/airflow/.local/lib/python3.7/site-packages/airflow/example_dags/example_latest_only.py for tasks to queue
[2023-03-06T19:04:05.629+0000] {logging_mixin.py:137} INFO - [2023-03-06T19:04:05.628+0000] {dagbag.py:538} INFO - Filling up the DagBag from /home/airflow/.local/lib/python3.7/site-packages/airflow/example_dags/example_latest_only.py
[2023-03-06T19:04:05.651+0000] {processor.py:753} INFO - DAG(s) dict_keys(['latest_only']) retrieved from /home/airflow/.local/lib/python3.7/site-packages/airflow/example_dags/example_latest_only.py
[2023-03-06T19:04:05.707+0000] {logging_mixin.py:137} INFO - [2023-03-06T19:04:05.707+0000] {dag.py:2690} INFO - Sync 1 DAGs
[2023-03-06T19:04:05.763+0000] {logging_mixin.py:137} INFO - [2023-03-06T19:04:05.762+0000] {dag.py:3441} INFO - Setting next_dagrun for latest_only to 2023-03-06T15:04:05.761620+00:00, run_after=2023-03-06T19:04:05.761620+00:00
[2023-03-06T19:04:05.824+0000] {processor.py:175} INFO - Processing /home/airflow/.local/lib/python3.7/site-packages/airflow/example_dags/example_latest_only.py took 0.210 seconds
[2023-03-06T19:04:39.207+0000] {processor.py:153} INFO - Started process (PID=1993) to work on /home/airflow/.local/lib/python3.7/site-packages/airflow/example_dags/example_latest_only.py
[2023-03-06T19:04:39.219+0000] {processor.py:743} INFO - Processing file /home/airflow/.local/lib/python3.7/site-packages/airflow/example_dags/example_latest_only.py for tasks to queue
[2023-03-06T19:04:39.223+0000] {logging_mixin.py:137} INFO - [2023-03-06T19:04:39.223+0000] {dagbag.py:538} INFO - Filling up the DagBag from /home/airflow/.local/lib/python3.7/site-packages/airflow/example_dags/example_latest_only.py
[2023-03-06T19:04:39.385+0000] {processor.py:753} INFO - DAG(s) dict_keys(['latest_only']) retrieved from /home/airflow/.local/lib/python3.7/site-packages/airflow/example_dags/example_latest_only.py
[2023-03-06T19:04:39.582+0000] {logging_mixin.py:137} INFO - [2023-03-06T19:04:39.581+0000] {dag.py:2690} INFO - Sync 1 DAGs
[2023-03-06T19:04:39.928+0000] {logging_mixin.py:137} INFO - [2023-03-06T19:04:39.928+0000] {dag.py:3441} INFO - Setting next_dagrun for latest_only to 2023-03-06T15:04:39.927286+00:00, run_after=2023-03-06T19:04:39.927286+00:00
[2023-03-06T19:04:40.567+0000] {processor.py:175} INFO - Processing /home/airflow/.local/lib/python3.7/site-packages/airflow/example_dags/example_latest_only.py took 1.374 seconds
[2023-03-06T19:05:11.577+0000] {processor.py:153} INFO - Started process (PID=2062) to work on /home/airflow/.local/lib/python3.7/site-packages/airflow/example_dags/example_latest_only.py
[2023-03-06T19:05:11.584+0000] {processor.py:743} INFO - Processing file /home/airflow/.local/lib/python3.7/site-packages/airflow/example_dags/example_latest_only.py for tasks to queue
[2023-03-06T19:05:11.589+0000] {logging_mixin.py:137} INFO - [2023-03-06T19:05:11.588+0000] {dagbag.py:538} INFO - Filling up the DagBag from /home/airflow/.local/lib/python3.7/site-packages/airflow/example_dags/example_latest_only.py
[2023-03-06T19:05:11.629+0000] {processor.py:753} INFO - DAG(s) dict_keys(['latest_only']) retrieved from /home/airflow/.local/lib/python3.7/site-packages/airflow/example_dags/example_latest_only.py
[2023-03-06T19:05:11.688+0000] {logging_mixin.py:137} INFO - [2023-03-06T19:05:11.687+0000] {dag.py:2690} INFO - Sync 1 DAGs
[2023-03-06T19:05:11.746+0000] {logging_mixin.py:137} INFO - [2023-03-06T19:05:11.746+0000] {dag.py:3441} INFO - Setting next_dagrun for latest_only to 2023-03-06T15:05:11.745566+00:00, run_after=2023-03-06T19:05:11.745566+00:00
[2023-03-06T19:05:11.803+0000] {processor.py:175} INFO - Processing /home/airflow/.local/lib/python3.7/site-packages/airflow/example_dags/example_latest_only.py took 0.241 seconds
[2023-03-06T19:05:42.120+0000] {processor.py:153} INFO - Started process (PID=2130) to work on /home/airflow/.local/lib/python3.7/site-packages/airflow/example_dags/example_latest_only.py
[2023-03-06T19:05:42.126+0000] {processor.py:743} INFO - Processing file /home/airflow/.local/lib/python3.7/site-packages/airflow/example_dags/example_latest_only.py for tasks to queue
[2023-03-06T19:05:42.131+0000] {logging_mixin.py:137} INFO - [2023-03-06T19:05:42.130+0000] {dagbag.py:538} INFO - Filling up the DagBag from /home/airflow/.local/lib/python3.7/site-packages/airflow/example_dags/example_latest_only.py
[2023-03-06T19:05:42.185+0000] {processor.py:753} INFO - DAG(s) dict_keys(['latest_only']) retrieved from /home/airflow/.local/lib/python3.7/site-packages/airflow/example_dags/example_latest_only.py
[2023-03-06T19:05:42.269+0000] {logging_mixin.py:137} INFO - [2023-03-06T19:05:42.268+0000] {dag.py:2690} INFO - Sync 1 DAGs
[2023-03-06T19:05:42.370+0000] {logging_mixin.py:137} INFO - [2023-03-06T19:05:42.370+0000] {dag.py:3441} INFO - Setting next_dagrun for latest_only to 2023-03-06T15:05:42.369441+00:00, run_after=2023-03-06T19:05:42.369441+00:00
[2023-03-06T19:05:42.477+0000] {processor.py:175} INFO - Processing /home/airflow/.local/lib/python3.7/site-packages/airflow/example_dags/example_latest_only.py took 0.366 seconds
[2023-03-06T19:06:12.897+0000] {processor.py:153} INFO - Started process (PID=2197) to work on /home/airflow/.local/lib/python3.7/site-packages/airflow/example_dags/example_latest_only.py
[2023-03-06T19:06:12.901+0000] {processor.py:743} INFO - Processing file /home/airflow/.local/lib/python3.7/site-packages/airflow/example_dags/example_latest_only.py for tasks to queue
[2023-03-06T19:06:12.907+0000] {logging_mixin.py:137} INFO - [2023-03-06T19:06:12.905+0000] {dagbag.py:538} INFO - Filling up the DagBag from /home/airflow/.local/lib/python3.7/site-packages/airflow/example_dags/example_latest_only.py
[2023-03-06T19:06:12.935+0000] {processor.py:753} INFO - DAG(s) dict_keys(['latest_only']) retrieved from /home/airflow/.local/lib/python3.7/site-packages/airflow/example_dags/example_latest_only.py
[2023-03-06T19:06:12.995+0000] {logging_mixin.py:137} INFO - [2023-03-06T19:06:12.995+0000] {dag.py:2690} INFO - Sync 1 DAGs
[2023-03-06T19:06:13.043+0000] {logging_mixin.py:137} INFO - [2023-03-06T19:06:13.042+0000] {dag.py:3441} INFO - Setting next_dagrun for latest_only to 2023-03-06T15:06:13.042628+00:00, run_after=2023-03-06T19:06:13.042628+00:00
[2023-03-06T19:06:13.083+0000] {processor.py:175} INFO - Processing /home/airflow/.local/lib/python3.7/site-packages/airflow/example_dags/example_latest_only.py took 0.193 seconds
[2023-03-06T19:07:40.502+0000] {processor.py:153} INFO - Started process (PID=2285) to work on /home/airflow/.local/lib/python3.7/site-packages/airflow/example_dags/example_latest_only.py
[2023-03-06T19:07:40.545+0000] {processor.py:743} INFO - Processing file /home/airflow/.local/lib/python3.7/site-packages/airflow/example_dags/example_latest_only.py for tasks to queue
[2023-03-06T19:07:40.586+0000] {logging_mixin.py:137} INFO - [2023-03-06T19:07:40.586+0000] {dagbag.py:538} INFO - Filling up the DagBag from /home/airflow/.local/lib/python3.7/site-packages/airflow/example_dags/example_latest_only.py
[2023-03-06T19:07:40.895+0000] {processor.py:753} INFO - DAG(s) dict_keys(['latest_only']) retrieved from /home/airflow/.local/lib/python3.7/site-packages/airflow/example_dags/example_latest_only.py
[2023-03-06T19:07:41.636+0000] {logging_mixin.py:137} INFO - [2023-03-06T19:07:41.635+0000] {dag.py:2690} INFO - Sync 1 DAGs
[2023-03-06T19:07:43.585+0000] {logging_mixin.py:137} INFO - [2023-03-06T19:07:43.585+0000] {dag.py:3441} INFO - Setting next_dagrun for latest_only to 2023-03-06T15:07:43.583882+00:00, run_after=2023-03-06T19:07:43.583882+00:00
[2023-03-06T19:07:44.435+0000] {processor.py:175} INFO - Processing /home/airflow/.local/lib/python3.7/site-packages/airflow/example_dags/example_latest_only.py took 4.033 seconds
[2023-03-06T19:08:15.680+0000] {processor.py:153} INFO - Started process (PID=2343) to work on /home/airflow/.local/lib/python3.7/site-packages/airflow/example_dags/example_latest_only.py
[2023-03-06T19:08:15.683+0000] {processor.py:743} INFO - Processing file /home/airflow/.local/lib/python3.7/site-packages/airflow/example_dags/example_latest_only.py for tasks to queue
[2023-03-06T19:08:15.686+0000] {logging_mixin.py:137} INFO - [2023-03-06T19:08:15.685+0000] {dagbag.py:538} INFO - Filling up the DagBag from /home/airflow/.local/lib/python3.7/site-packages/airflow/example_dags/example_latest_only.py
[2023-03-06T19:08:15.716+0000] {processor.py:753} INFO - DAG(s) dict_keys(['latest_only']) retrieved from /home/airflow/.local/lib/python3.7/site-packages/airflow/example_dags/example_latest_only.py
[2023-03-06T19:08:15.770+0000] {logging_mixin.py:137} INFO - [2023-03-06T19:08:15.770+0000] {dag.py:2690} INFO - Sync 1 DAGs
[2023-03-06T19:08:15.826+0000] {logging_mixin.py:137} INFO - [2023-03-06T19:08:15.826+0000] {dag.py:3441} INFO - Setting next_dagrun for latest_only to 2023-03-06T15:08:15.826165+00:00, run_after=2023-03-06T19:08:15.826165+00:00
[2023-03-06T19:08:15.870+0000] {processor.py:175} INFO - Processing /home/airflow/.local/lib/python3.7/site-packages/airflow/example_dags/example_latest_only.py took 0.198 seconds
[2023-03-06T19:08:46.327+0000] {processor.py:153} INFO - Started process (PID=2409) to work on /home/airflow/.local/lib/python3.7/site-packages/airflow/example_dags/example_latest_only.py
[2023-03-06T19:08:46.331+0000] {processor.py:743} INFO - Processing file /home/airflow/.local/lib/python3.7/site-packages/airflow/example_dags/example_latest_only.py for tasks to queue
[2023-03-06T19:08:46.335+0000] {logging_mixin.py:137} INFO - [2023-03-06T19:08:46.335+0000] {dagbag.py:538} INFO - Filling up the DagBag from /home/airflow/.local/lib/python3.7/site-packages/airflow/example_dags/example_latest_only.py
[2023-03-06T19:08:46.371+0000] {processor.py:753} INFO - DAG(s) dict_keys(['latest_only']) retrieved from /home/airflow/.local/lib/python3.7/site-packages/airflow/example_dags/example_latest_only.py
[2023-03-06T19:08:46.432+0000] {logging_mixin.py:137} INFO - [2023-03-06T19:08:46.432+0000] {dag.py:2690} INFO - Sync 1 DAGs
[2023-03-06T19:08:46.502+0000] {logging_mixin.py:137} INFO - [2023-03-06T19:08:46.502+0000] {dag.py:3441} INFO - Setting next_dagrun for latest_only to 2023-03-06T15:08:46.501750+00:00, run_after=2023-03-06T19:08:46.501750+00:00
[2023-03-06T19:08:46.548+0000] {processor.py:175} INFO - Processing /home/airflow/.local/lib/python3.7/site-packages/airflow/example_dags/example_latest_only.py took 0.231 seconds
[2023-03-06T19:09:21.168+0000] {processor.py:153} INFO - Started process (PID=2475) to work on /home/airflow/.local/lib/python3.7/site-packages/airflow/example_dags/example_latest_only.py
[2023-03-06T19:09:21.186+0000] {processor.py:743} INFO - Processing file /home/airflow/.local/lib/python3.7/site-packages/airflow/example_dags/example_latest_only.py for tasks to queue
[2023-03-06T19:09:21.191+0000] {logging_mixin.py:137} INFO - [2023-03-06T19:09:21.190+0000] {dagbag.py:538} INFO - Filling up the DagBag from /home/airflow/.local/lib/python3.7/site-packages/airflow/example_dags/example_latest_only.py
[2023-03-06T19:09:21.242+0000] {processor.py:753} INFO - DAG(s) dict_keys(['latest_only']) retrieved from /home/airflow/.local/lib/python3.7/site-packages/airflow/example_dags/example_latest_only.py
[2023-03-06T19:09:21.348+0000] {logging_mixin.py:137} INFO - [2023-03-06T19:09:21.348+0000] {dag.py:2690} INFO - Sync 1 DAGs
[2023-03-06T19:09:21.477+0000] {logging_mixin.py:137} INFO - [2023-03-06T19:09:21.477+0000] {dag.py:3441} INFO - Setting next_dagrun for latest_only to 2023-03-06T15:09:21.476394+00:00, run_after=2023-03-06T19:09:21.476394+00:00
[2023-03-06T19:09:21.562+0000] {processor.py:175} INFO - Processing /home/airflow/.local/lib/python3.7/site-packages/airflow/example_dags/example_latest_only.py took 0.408 seconds
[2023-03-06T19:09:52.629+0000] {processor.py:153} INFO - Started process (PID=2533) to work on /home/airflow/.local/lib/python3.7/site-packages/airflow/example_dags/example_latest_only.py
[2023-03-06T19:09:52.634+0000] {processor.py:743} INFO - Processing file /home/airflow/.local/lib/python3.7/site-packages/airflow/example_dags/example_latest_only.py for tasks to queue
[2023-03-06T19:09:52.637+0000] {logging_mixin.py:137} INFO - [2023-03-06T19:09:52.636+0000] {dagbag.py:538} INFO - Filling up the DagBag from /home/airflow/.local/lib/python3.7/site-packages/airflow/example_dags/example_latest_only.py
[2023-03-06T19:09:52.710+0000] {processor.py:753} INFO - DAG(s) dict_keys(['latest_only']) retrieved from /home/airflow/.local/lib/python3.7/site-packages/airflow/example_dags/example_latest_only.py
[2023-03-06T19:09:52.838+0000] {logging_mixin.py:137} INFO - [2023-03-06T19:09:52.837+0000] {dag.py:2690} INFO - Sync 1 DAGs
[2023-03-06T19:09:52.934+0000] {logging_mixin.py:137} INFO - [2023-03-06T19:09:52.934+0000] {dag.py:3441} INFO - Setting next_dagrun for latest_only to 2023-03-06T15:09:52.933801+00:00, run_after=2023-03-06T19:09:52.933801+00:00
[2023-03-06T19:09:52.999+0000] {processor.py:175} INFO - Processing /home/airflow/.local/lib/python3.7/site-packages/airflow/example_dags/example_latest_only.py took 0.402 seconds
[2023-03-06T19:10:23.164+0000] {processor.py:153} INFO - Started process (PID=2601) to work on /home/airflow/.local/lib/python3.7/site-packages/airflow/example_dags/example_latest_only.py
[2023-03-06T19:10:23.170+0000] {processor.py:743} INFO - Processing file /home/airflow/.local/lib/python3.7/site-packages/airflow/example_dags/example_latest_only.py for tasks to queue
[2023-03-06T19:10:23.177+0000] {logging_mixin.py:137} INFO - [2023-03-06T19:10:23.177+0000] {dagbag.py:538} INFO - Filling up the DagBag from /home/airflow/.local/lib/python3.7/site-packages/airflow/example_dags/example_latest_only.py
[2023-03-06T19:10:23.229+0000] {processor.py:753} INFO - DAG(s) dict_keys(['latest_only']) retrieved from /home/airflow/.local/lib/python3.7/site-packages/airflow/example_dags/example_latest_only.py
[2023-03-06T19:10:23.308+0000] {logging_mixin.py:137} INFO - [2023-03-06T19:10:23.308+0000] {dag.py:2690} INFO - Sync 1 DAGs
[2023-03-06T19:10:23.387+0000] {logging_mixin.py:137} INFO - [2023-03-06T19:10:23.386+0000] {dag.py:3441} INFO - Setting next_dagrun for latest_only to 2023-03-06T15:10:23.385864+00:00, run_after=2023-03-06T19:10:23.385864+00:00
[2023-03-06T19:10:23.552+0000] {processor.py:175} INFO - Processing /home/airflow/.local/lib/python3.7/site-packages/airflow/example_dags/example_latest_only.py took 0.398 seconds
[2023-03-06T19:10:54.194+0000] {processor.py:153} INFO - Started process (PID=2667) to work on /home/airflow/.local/lib/python3.7/site-packages/airflow/example_dags/example_latest_only.py
[2023-03-06T19:10:54.201+0000] {processor.py:743} INFO - Processing file /home/airflow/.local/lib/python3.7/site-packages/airflow/example_dags/example_latest_only.py for tasks to queue
[2023-03-06T19:10:54.207+0000] {logging_mixin.py:137} INFO - [2023-03-06T19:10:54.207+0000] {dagbag.py:538} INFO - Filling up the DagBag from /home/airflow/.local/lib/python3.7/site-packages/airflow/example_dags/example_latest_only.py
[2023-03-06T19:10:54.261+0000] {processor.py:753} INFO - DAG(s) dict_keys(['latest_only']) retrieved from /home/airflow/.local/lib/python3.7/site-packages/airflow/example_dags/example_latest_only.py
[2023-03-06T19:10:54.427+0000] {logging_mixin.py:137} INFO - [2023-03-06T19:10:54.424+0000] {dag.py:2690} INFO - Sync 1 DAGs
[2023-03-06T19:10:54.548+0000] {logging_mixin.py:137} INFO - [2023-03-06T19:10:54.548+0000] {dag.py:3441} INFO - Setting next_dagrun for latest_only to 2023-03-06T15:10:54.547294+00:00, run_after=2023-03-06T19:10:54.547294+00:00
[2023-03-06T19:10:54.615+0000] {processor.py:175} INFO - Processing /home/airflow/.local/lib/python3.7/site-packages/airflow/example_dags/example_latest_only.py took 0.445 seconds
[2023-03-06T19:11:25.127+0000] {processor.py:153} INFO - Started process (PID=2731) to work on /home/airflow/.local/lib/python3.7/site-packages/airflow/example_dags/example_latest_only.py
[2023-03-06T19:11:25.131+0000] {processor.py:743} INFO - Processing file /home/airflow/.local/lib/python3.7/site-packages/airflow/example_dags/example_latest_only.py for tasks to queue
[2023-03-06T19:11:25.135+0000] {logging_mixin.py:137} INFO - [2023-03-06T19:11:25.134+0000] {dagbag.py:538} INFO - Filling up the DagBag from /home/airflow/.local/lib/python3.7/site-packages/airflow/example_dags/example_latest_only.py
[2023-03-06T19:11:25.173+0000] {processor.py:753} INFO - DAG(s) dict_keys(['latest_only']) retrieved from /home/airflow/.local/lib/python3.7/site-packages/airflow/example_dags/example_latest_only.py
[2023-03-06T19:11:25.245+0000] {logging_mixin.py:137} INFO - [2023-03-06T19:11:25.245+0000] {dag.py:2690} INFO - Sync 1 DAGs
[2023-03-06T19:11:25.317+0000] {logging_mixin.py:137} INFO - [2023-03-06T19:11:25.317+0000] {dag.py:3441} INFO - Setting next_dagrun for latest_only to 2023-03-06T15:11:25.317122+00:00, run_after=2023-03-06T19:11:25.317122+00:00
[2023-03-06T19:11:25.368+0000] {processor.py:175} INFO - Processing /home/airflow/.local/lib/python3.7/site-packages/airflow/example_dags/example_latest_only.py took 0.251 seconds
[2023-03-06T19:11:59.615+0000] {processor.py:153} INFO - Started process (PID=2800) to work on /home/airflow/.local/lib/python3.7/site-packages/airflow/example_dags/example_latest_only.py
[2023-03-06T19:11:59.620+0000] {processor.py:743} INFO - Processing file /home/airflow/.local/lib/python3.7/site-packages/airflow/example_dags/example_latest_only.py for tasks to queue
[2023-03-06T19:11:59.627+0000] {logging_mixin.py:137} INFO - [2023-03-06T19:11:59.626+0000] {dagbag.py:538} INFO - Filling up the DagBag from /home/airflow/.local/lib/python3.7/site-packages/airflow/example_dags/example_latest_only.py
[2023-03-06T19:11:59.721+0000] {processor.py:753} INFO - DAG(s) dict_keys(['latest_only']) retrieved from /home/airflow/.local/lib/python3.7/site-packages/airflow/example_dags/example_latest_only.py
[2023-03-06T19:11:59.805+0000] {logging_mixin.py:137} INFO - [2023-03-06T19:11:59.805+0000] {dag.py:2690} INFO - Sync 1 DAGs
[2023-03-06T19:11:59.984+0000] {logging_mixin.py:137} INFO - [2023-03-06T19:11:59.983+0000] {dag.py:3441} INFO - Setting next_dagrun for latest_only to 2023-03-06T15:11:59.983035+00:00, run_after=2023-03-06T19:11:59.983035+00:00
[2023-03-06T19:12:00.140+0000] {processor.py:175} INFO - Processing /home/airflow/.local/lib/python3.7/site-packages/airflow/example_dags/example_latest_only.py took 0.538 seconds
