[2023-03-06T17:08:26.543+0000] {processor.py:153} INFO - Started process (PID=69) to work on /home/airflow/.local/lib/python3.7/site-packages/airflow/example_dags/example_branch_labels.py
[2023-03-06T17:08:26.555+0000] {processor.py:743} INFO - Processing file /home/airflow/.local/lib/python3.7/site-packages/airflow/example_dags/example_branch_labels.py for tasks to queue
[2023-03-06T17:08:26.561+0000] {logging_mixin.py:137} INFO - [2023-03-06T17:08:26.561+0000] {dagbag.py:538} INFO - Filling up the DagBag from /home/airflow/.local/lib/python3.7/site-packages/airflow/example_dags/example_branch_labels.py
[2023-03-06T17:08:26.651+0000] {processor.py:753} INFO - DAG(s) dict_keys(['example_branch_labels']) retrieved from /home/airflow/.local/lib/python3.7/site-packages/airflow/example_dags/example_branch_labels.py
[2023-03-06T17:08:26.859+0000] {logging_mixin.py:137} INFO - [2023-03-06T17:08:26.859+0000] {dag.py:2690} INFO - Sync 1 DAGs
[2023-03-06T17:08:26.989+0000] {logging_mixin.py:137} INFO - [2023-03-06T17:08:26.989+0000] {dag.py:3441} INFO - Setting next_dagrun for example_branch_labels to 2023-03-05T00:00:00+00:00, run_after=2023-03-06T00:00:00+00:00
[2023-03-06T17:08:27.094+0000] {processor.py:175} INFO - Processing /home/airflow/.local/lib/python3.7/site-packages/airflow/example_dags/example_branch_labels.py took 0.573 seconds
[2023-03-06T17:08:59.589+0000] {processor.py:153} INFO - Started process (PID=135) to work on /home/airflow/.local/lib/python3.7/site-packages/airflow/example_dags/example_branch_labels.py
[2023-03-06T17:08:59.592+0000] {processor.py:743} INFO - Processing file /home/airflow/.local/lib/python3.7/site-packages/airflow/example_dags/example_branch_labels.py for tasks to queue
[2023-03-06T17:08:59.596+0000] {logging_mixin.py:137} INFO - [2023-03-06T17:08:59.595+0000] {dagbag.py:538} INFO - Filling up the DagBag from /home/airflow/.local/lib/python3.7/site-packages/airflow/example_dags/example_branch_labels.py
[2023-03-06T17:08:59.641+0000] {processor.py:753} INFO - DAG(s) dict_keys(['example_branch_labels']) retrieved from /home/airflow/.local/lib/python3.7/site-packages/airflow/example_dags/example_branch_labels.py
[2023-03-06T17:08:59.704+0000] {logging_mixin.py:137} INFO - [2023-03-06T17:08:59.704+0000] {dag.py:2690} INFO - Sync 1 DAGs
[2023-03-06T17:08:59.762+0000] {logging_mixin.py:137} INFO - [2023-03-06T17:08:59.762+0000] {dag.py:3441} INFO - Setting next_dagrun for example_branch_labels to 2023-03-05T00:00:00+00:00, run_after=2023-03-06T00:00:00+00:00
[2023-03-06T17:08:59.798+0000] {processor.py:175} INFO - Processing /home/airflow/.local/lib/python3.7/site-packages/airflow/example_dags/example_branch_labels.py took 0.220 seconds
[2023-03-06T17:09:31.018+0000] {processor.py:153} INFO - Started process (PID=201) to work on /home/airflow/.local/lib/python3.7/site-packages/airflow/example_dags/example_branch_labels.py
[2023-03-06T17:09:31.021+0000] {processor.py:743} INFO - Processing file /home/airflow/.local/lib/python3.7/site-packages/airflow/example_dags/example_branch_labels.py for tasks to queue
[2023-03-06T17:09:31.023+0000] {logging_mixin.py:137} INFO - [2023-03-06T17:09:31.023+0000] {dagbag.py:538} INFO - Filling up the DagBag from /home/airflow/.local/lib/python3.7/site-packages/airflow/example_dags/example_branch_labels.py
[2023-03-06T17:09:31.047+0000] {processor.py:753} INFO - DAG(s) dict_keys(['example_branch_labels']) retrieved from /home/airflow/.local/lib/python3.7/site-packages/airflow/example_dags/example_branch_labels.py
[2023-03-06T17:09:31.090+0000] {logging_mixin.py:137} INFO - [2023-03-06T17:09:31.089+0000] {dag.py:2690} INFO - Sync 1 DAGs
[2023-03-06T17:09:31.129+0000] {logging_mixin.py:137} INFO - [2023-03-06T17:09:31.128+0000] {dag.py:3441} INFO - Setting next_dagrun for example_branch_labels to 2023-03-05T00:00:00+00:00, run_after=2023-03-06T00:00:00+00:00
[2023-03-06T17:09:31.158+0000] {processor.py:175} INFO - Processing /home/airflow/.local/lib/python3.7/site-packages/airflow/example_dags/example_branch_labels.py took 0.146 seconds
[2023-03-06T17:10:07.075+0000] {processor.py:153} INFO - Started process (PID=267) to work on /home/airflow/.local/lib/python3.7/site-packages/airflow/example_dags/example_branch_labels.py
[2023-03-06T17:10:07.084+0000] {processor.py:743} INFO - Processing file /home/airflow/.local/lib/python3.7/site-packages/airflow/example_dags/example_branch_labels.py for tasks to queue
[2023-03-06T17:10:07.091+0000] {logging_mixin.py:137} INFO - [2023-03-06T17:10:07.091+0000] {dagbag.py:538} INFO - Filling up the DagBag from /home/airflow/.local/lib/python3.7/site-packages/airflow/example_dags/example_branch_labels.py
[2023-03-06T17:10:07.147+0000] {processor.py:753} INFO - DAG(s) dict_keys(['example_branch_labels']) retrieved from /home/airflow/.local/lib/python3.7/site-packages/airflow/example_dags/example_branch_labels.py
[2023-03-06T17:10:07.259+0000] {logging_mixin.py:137} INFO - [2023-03-06T17:10:07.258+0000] {dag.py:2690} INFO - Sync 1 DAGs
[2023-03-06T17:10:07.334+0000] {logging_mixin.py:137} INFO - [2023-03-06T17:10:07.333+0000] {dag.py:3441} INFO - Setting next_dagrun for example_branch_labels to 2023-03-05T00:00:00+00:00, run_after=2023-03-06T00:00:00+00:00
[2023-03-06T17:10:07.393+0000] {processor.py:175} INFO - Processing /home/airflow/.local/lib/python3.7/site-packages/airflow/example_dags/example_branch_labels.py took 0.326 seconds
[2023-03-06T17:10:38.022+0000] {processor.py:153} INFO - Started process (PID=330) to work on /home/airflow/.local/lib/python3.7/site-packages/airflow/example_dags/example_branch_labels.py
[2023-03-06T17:10:38.026+0000] {processor.py:743} INFO - Processing file /home/airflow/.local/lib/python3.7/site-packages/airflow/example_dags/example_branch_labels.py for tasks to queue
[2023-03-06T17:10:38.031+0000] {logging_mixin.py:137} INFO - [2023-03-06T17:10:38.030+0000] {dagbag.py:538} INFO - Filling up the DagBag from /home/airflow/.local/lib/python3.7/site-packages/airflow/example_dags/example_branch_labels.py
[2023-03-06T17:10:38.079+0000] {processor.py:753} INFO - DAG(s) dict_keys(['example_branch_labels']) retrieved from /home/airflow/.local/lib/python3.7/site-packages/airflow/example_dags/example_branch_labels.py
[2023-03-06T17:10:38.417+0000] {logging_mixin.py:137} INFO - [2023-03-06T17:10:38.416+0000] {dag.py:2690} INFO - Sync 1 DAGs
[2023-03-06T17:10:38.684+0000] {logging_mixin.py:137} INFO - [2023-03-06T17:10:38.683+0000] {dag.py:3441} INFO - Setting next_dagrun for example_branch_labels to 2023-03-05T00:00:00+00:00, run_after=2023-03-06T00:00:00+00:00
[2023-03-06T17:10:38.742+0000] {processor.py:175} INFO - Processing /home/airflow/.local/lib/python3.7/site-packages/airflow/example_dags/example_branch_labels.py took 0.731 seconds
[2023-03-06T17:11:08.878+0000] {processor.py:153} INFO - Started process (PID=395) to work on /home/airflow/.local/lib/python3.7/site-packages/airflow/example_dags/example_branch_labels.py
[2023-03-06T17:11:08.885+0000] {processor.py:743} INFO - Processing file /home/airflow/.local/lib/python3.7/site-packages/airflow/example_dags/example_branch_labels.py for tasks to queue
[2023-03-06T17:11:08.893+0000] {logging_mixin.py:137} INFO - [2023-03-06T17:11:08.893+0000] {dagbag.py:538} INFO - Filling up the DagBag from /home/airflow/.local/lib/python3.7/site-packages/airflow/example_dags/example_branch_labels.py
[2023-03-06T17:11:08.949+0000] {processor.py:753} INFO - DAG(s) dict_keys(['example_branch_labels']) retrieved from /home/airflow/.local/lib/python3.7/site-packages/airflow/example_dags/example_branch_labels.py
[2023-03-06T17:11:09.069+0000] {logging_mixin.py:137} INFO - [2023-03-06T17:11:09.068+0000] {dag.py:2690} INFO - Sync 1 DAGs
[2023-03-06T17:11:09.202+0000] {logging_mixin.py:137} INFO - [2023-03-06T17:11:09.201+0000] {dag.py:3441} INFO - Setting next_dagrun for example_branch_labels to 2023-03-05T00:00:00+00:00, run_after=2023-03-06T00:00:00+00:00
[2023-03-06T17:11:09.401+0000] {processor.py:175} INFO - Processing /home/airflow/.local/lib/python3.7/site-packages/airflow/example_dags/example_branch_labels.py took 0.547 seconds
[2023-03-06T17:11:40.274+0000] {processor.py:153} INFO - Started process (PID=462) to work on /home/airflow/.local/lib/python3.7/site-packages/airflow/example_dags/example_branch_labels.py
[2023-03-06T17:11:40.278+0000] {processor.py:743} INFO - Processing file /home/airflow/.local/lib/python3.7/site-packages/airflow/example_dags/example_branch_labels.py for tasks to queue
[2023-03-06T17:11:40.281+0000] {logging_mixin.py:137} INFO - [2023-03-06T17:11:40.280+0000] {dagbag.py:538} INFO - Filling up the DagBag from /home/airflow/.local/lib/python3.7/site-packages/airflow/example_dags/example_branch_labels.py
[2023-03-06T17:11:40.309+0000] {processor.py:753} INFO - DAG(s) dict_keys(['example_branch_labels']) retrieved from /home/airflow/.local/lib/python3.7/site-packages/airflow/example_dags/example_branch_labels.py
[2023-03-06T17:11:40.358+0000] {logging_mixin.py:137} INFO - [2023-03-06T17:11:40.358+0000] {dag.py:2690} INFO - Sync 1 DAGs
[2023-03-06T17:11:40.414+0000] {logging_mixin.py:137} INFO - [2023-03-06T17:11:40.414+0000] {dag.py:3441} INFO - Setting next_dagrun for example_branch_labels to 2023-03-05T00:00:00+00:00, run_after=2023-03-06T00:00:00+00:00
[2023-03-06T17:11:40.456+0000] {processor.py:175} INFO - Processing /home/airflow/.local/lib/python3.7/site-packages/airflow/example_dags/example_branch_labels.py took 0.191 seconds
[2023-03-06T17:12:11.189+0000] {processor.py:153} INFO - Started process (PID=529) to work on /home/airflow/.local/lib/python3.7/site-packages/airflow/example_dags/example_branch_labels.py
[2023-03-06T17:12:11.199+0000] {processor.py:743} INFO - Processing file /home/airflow/.local/lib/python3.7/site-packages/airflow/example_dags/example_branch_labels.py for tasks to queue
[2023-03-06T17:12:11.205+0000] {logging_mixin.py:137} INFO - [2023-03-06T17:12:11.205+0000] {dagbag.py:538} INFO - Filling up the DagBag from /home/airflow/.local/lib/python3.7/site-packages/airflow/example_dags/example_branch_labels.py
[2023-03-06T17:12:11.276+0000] {processor.py:753} INFO - DAG(s) dict_keys(['example_branch_labels']) retrieved from /home/airflow/.local/lib/python3.7/site-packages/airflow/example_dags/example_branch_labels.py
[2023-03-06T17:12:11.393+0000] {logging_mixin.py:137} INFO - [2023-03-06T17:12:11.393+0000] {dag.py:2690} INFO - Sync 1 DAGs
[2023-03-06T17:12:11.481+0000] {logging_mixin.py:137} INFO - [2023-03-06T17:12:11.481+0000] {dag.py:3441} INFO - Setting next_dagrun for example_branch_labels to 2023-03-05T00:00:00+00:00, run_after=2023-03-06T00:00:00+00:00
[2023-03-06T17:12:11.535+0000] {processor.py:175} INFO - Processing /home/airflow/.local/lib/python3.7/site-packages/airflow/example_dags/example_branch_labels.py took 0.363 seconds
[2023-03-06T17:12:41.910+0000] {processor.py:153} INFO - Started process (PID=596) to work on /home/airflow/.local/lib/python3.7/site-packages/airflow/example_dags/example_branch_labels.py
[2023-03-06T17:12:41.915+0000] {processor.py:743} INFO - Processing file /home/airflow/.local/lib/python3.7/site-packages/airflow/example_dags/example_branch_labels.py for tasks to queue
[2023-03-06T17:12:41.919+0000] {logging_mixin.py:137} INFO - [2023-03-06T17:12:41.918+0000] {dagbag.py:538} INFO - Filling up the DagBag from /home/airflow/.local/lib/python3.7/site-packages/airflow/example_dags/example_branch_labels.py
[2023-03-06T17:12:41.952+0000] {processor.py:753} INFO - DAG(s) dict_keys(['example_branch_labels']) retrieved from /home/airflow/.local/lib/python3.7/site-packages/airflow/example_dags/example_branch_labels.py
[2023-03-06T17:12:42.011+0000] {logging_mixin.py:137} INFO - [2023-03-06T17:12:42.010+0000] {dag.py:2690} INFO - Sync 1 DAGs
[2023-03-06T17:12:42.065+0000] {logging_mixin.py:137} INFO - [2023-03-06T17:12:42.064+0000] {dag.py:3441} INFO - Setting next_dagrun for example_branch_labels to 2023-03-05T00:00:00+00:00, run_after=2023-03-06T00:00:00+00:00
[2023-03-06T17:12:42.103+0000] {processor.py:175} INFO - Processing /home/airflow/.local/lib/python3.7/site-packages/airflow/example_dags/example_branch_labels.py took 0.202 seconds
[2023-03-06T17:13:12.787+0000] {processor.py:153} INFO - Started process (PID=663) to work on /home/airflow/.local/lib/python3.7/site-packages/airflow/example_dags/example_branch_labels.py
[2023-03-06T17:13:12.792+0000] {processor.py:743} INFO - Processing file /home/airflow/.local/lib/python3.7/site-packages/airflow/example_dags/example_branch_labels.py for tasks to queue
[2023-03-06T17:13:12.794+0000] {logging_mixin.py:137} INFO - [2023-03-06T17:13:12.794+0000] {dagbag.py:538} INFO - Filling up the DagBag from /home/airflow/.local/lib/python3.7/site-packages/airflow/example_dags/example_branch_labels.py
[2023-03-06T17:13:12.824+0000] {processor.py:753} INFO - DAG(s) dict_keys(['example_branch_labels']) retrieved from /home/airflow/.local/lib/python3.7/site-packages/airflow/example_dags/example_branch_labels.py
[2023-03-06T17:13:12.871+0000] {logging_mixin.py:137} INFO - [2023-03-06T17:13:12.871+0000] {dag.py:2690} INFO - Sync 1 DAGs
[2023-03-06T17:13:12.915+0000] {logging_mixin.py:137} INFO - [2023-03-06T17:13:12.915+0000] {dag.py:3441} INFO - Setting next_dagrun for example_branch_labels to 2023-03-05T00:00:00+00:00, run_after=2023-03-06T00:00:00+00:00
[2023-03-06T17:13:12.946+0000] {processor.py:175} INFO - Processing /home/airflow/.local/lib/python3.7/site-packages/airflow/example_dags/example_branch_labels.py took 0.165 seconds
[2023-03-06T18:50:15.681+0000] {processor.py:153} INFO - Started process (PID=57) to work on /home/airflow/.local/lib/python3.7/site-packages/airflow/example_dags/example_branch_labels.py
[2023-03-06T18:50:15.688+0000] {processor.py:743} INFO - Processing file /home/airflow/.local/lib/python3.7/site-packages/airflow/example_dags/example_branch_labels.py for tasks to queue
[2023-03-06T18:50:15.690+0000] {logging_mixin.py:137} INFO - [2023-03-06T18:50:15.690+0000] {dagbag.py:538} INFO - Filling up the DagBag from /home/airflow/.local/lib/python3.7/site-packages/airflow/example_dags/example_branch_labels.py
[2023-03-06T18:50:15.741+0000] {processor.py:753} INFO - DAG(s) dict_keys(['example_branch_labels']) retrieved from /home/airflow/.local/lib/python3.7/site-packages/airflow/example_dags/example_branch_labels.py
[2023-03-06T18:50:15.818+0000] {logging_mixin.py:137} INFO - [2023-03-06T18:50:15.817+0000] {dag.py:2690} INFO - Sync 1 DAGs
[2023-03-06T18:50:15.931+0000] {logging_mixin.py:137} INFO - [2023-03-06T18:50:15.931+0000] {dag.py:3441} INFO - Setting next_dagrun for example_branch_labels to 2023-03-05T00:00:00+00:00, run_after=2023-03-06T00:00:00+00:00
[2023-03-06T18:50:16.019+0000] {processor.py:175} INFO - Processing /home/airflow/.local/lib/python3.7/site-packages/airflow/example_dags/example_branch_labels.py took 0.345 seconds
[2023-03-06T18:50:46.149+0000] {processor.py:153} INFO - Started process (PID=123) to work on /home/airflow/.local/lib/python3.7/site-packages/airflow/example_dags/example_branch_labels.py
[2023-03-06T18:50:46.152+0000] {processor.py:743} INFO - Processing file /home/airflow/.local/lib/python3.7/site-packages/airflow/example_dags/example_branch_labels.py for tasks to queue
[2023-03-06T18:50:46.154+0000] {logging_mixin.py:137} INFO - [2023-03-06T18:50:46.154+0000] {dagbag.py:538} INFO - Filling up the DagBag from /home/airflow/.local/lib/python3.7/site-packages/airflow/example_dags/example_branch_labels.py
[2023-03-06T18:50:46.182+0000] {processor.py:753} INFO - DAG(s) dict_keys(['example_branch_labels']) retrieved from /home/airflow/.local/lib/python3.7/site-packages/airflow/example_dags/example_branch_labels.py
[2023-03-06T18:50:46.227+0000] {logging_mixin.py:137} INFO - [2023-03-06T18:50:46.227+0000] {dag.py:2690} INFO - Sync 1 DAGs
[2023-03-06T18:50:46.268+0000] {logging_mixin.py:137} INFO - [2023-03-06T18:50:46.267+0000] {dag.py:3441} INFO - Setting next_dagrun for example_branch_labels to 2023-03-05T00:00:00+00:00, run_after=2023-03-06T00:00:00+00:00
[2023-03-06T18:50:46.304+0000] {processor.py:175} INFO - Processing /home/airflow/.local/lib/python3.7/site-packages/airflow/example_dags/example_branch_labels.py took 0.159 seconds
[2023-03-06T18:51:17.418+0000] {processor.py:153} INFO - Started process (PID=195) to work on /home/airflow/.local/lib/python3.7/site-packages/airflow/example_dags/example_branch_labels.py
[2023-03-06T18:51:17.435+0000] {processor.py:743} INFO - Processing file /home/airflow/.local/lib/python3.7/site-packages/airflow/example_dags/example_branch_labels.py for tasks to queue
[2023-03-06T18:51:17.441+0000] {logging_mixin.py:137} INFO - [2023-03-06T18:51:17.440+0000] {dagbag.py:538} INFO - Filling up the DagBag from /home/airflow/.local/lib/python3.7/site-packages/airflow/example_dags/example_branch_labels.py
[2023-03-06T18:51:17.482+0000] {processor.py:753} INFO - DAG(s) dict_keys(['example_branch_labels']) retrieved from /home/airflow/.local/lib/python3.7/site-packages/airflow/example_dags/example_branch_labels.py
[2023-03-06T18:51:17.537+0000] {logging_mixin.py:137} INFO - [2023-03-06T18:51:17.537+0000] {dag.py:2690} INFO - Sync 1 DAGs
[2023-03-06T18:51:17.595+0000] {logging_mixin.py:137} INFO - [2023-03-06T18:51:17.595+0000] {dag.py:3441} INFO - Setting next_dagrun for example_branch_labels to 2023-03-05T00:00:00+00:00, run_after=2023-03-06T00:00:00+00:00
[2023-03-06T18:51:17.633+0000] {processor.py:175} INFO - Processing /home/airflow/.local/lib/python3.7/site-packages/airflow/example_dags/example_branch_labels.py took 0.224 seconds
[2023-03-06T18:51:47.773+0000] {processor.py:153} INFO - Started process (PID=263) to work on /home/airflow/.local/lib/python3.7/site-packages/airflow/example_dags/example_branch_labels.py
[2023-03-06T18:51:47.780+0000] {processor.py:743} INFO - Processing file /home/airflow/.local/lib/python3.7/site-packages/airflow/example_dags/example_branch_labels.py for tasks to queue
[2023-03-06T18:51:47.785+0000] {logging_mixin.py:137} INFO - [2023-03-06T18:51:47.785+0000] {dagbag.py:538} INFO - Filling up the DagBag from /home/airflow/.local/lib/python3.7/site-packages/airflow/example_dags/example_branch_labels.py
[2023-03-06T18:51:47.834+0000] {processor.py:753} INFO - DAG(s) dict_keys(['example_branch_labels']) retrieved from /home/airflow/.local/lib/python3.7/site-packages/airflow/example_dags/example_branch_labels.py
[2023-03-06T18:51:47.903+0000] {logging_mixin.py:137} INFO - [2023-03-06T18:51:47.903+0000] {dag.py:2690} INFO - Sync 1 DAGs
[2023-03-06T18:51:48.108+0000] {logging_mixin.py:137} INFO - [2023-03-06T18:51:48.108+0000] {dag.py:3441} INFO - Setting next_dagrun for example_branch_labels to 2023-03-05T00:00:00+00:00, run_after=2023-03-06T00:00:00+00:00
[2023-03-06T18:51:48.221+0000] {processor.py:175} INFO - Processing /home/airflow/.local/lib/python3.7/site-packages/airflow/example_dags/example_branch_labels.py took 0.455 seconds
[2023-03-06T18:52:18.998+0000] {processor.py:153} INFO - Started process (PID=331) to work on /home/airflow/.local/lib/python3.7/site-packages/airflow/example_dags/example_branch_labels.py
[2023-03-06T18:52:19.001+0000] {processor.py:743} INFO - Processing file /home/airflow/.local/lib/python3.7/site-packages/airflow/example_dags/example_branch_labels.py for tasks to queue
[2023-03-06T18:52:19.007+0000] {logging_mixin.py:137} INFO - [2023-03-06T18:52:19.006+0000] {dagbag.py:538} INFO - Filling up the DagBag from /home/airflow/.local/lib/python3.7/site-packages/airflow/example_dags/example_branch_labels.py
[2023-03-06T18:52:19.034+0000] {processor.py:753} INFO - DAG(s) dict_keys(['example_branch_labels']) retrieved from /home/airflow/.local/lib/python3.7/site-packages/airflow/example_dags/example_branch_labels.py
[2023-03-06T18:52:19.109+0000] {logging_mixin.py:137} INFO - [2023-03-06T18:52:19.109+0000] {dag.py:2690} INFO - Sync 1 DAGs
[2023-03-06T18:52:19.173+0000] {logging_mixin.py:137} INFO - [2023-03-06T18:52:19.172+0000] {dag.py:3441} INFO - Setting next_dagrun for example_branch_labels to 2023-03-05T00:00:00+00:00, run_after=2023-03-06T00:00:00+00:00
[2023-03-06T18:52:19.217+0000] {processor.py:175} INFO - Processing /home/airflow/.local/lib/python3.7/site-packages/airflow/example_dags/example_branch_labels.py took 0.228 seconds
[2023-03-06T18:52:49.535+0000] {processor.py:153} INFO - Started process (PID=400) to work on /home/airflow/.local/lib/python3.7/site-packages/airflow/example_dags/example_branch_labels.py
[2023-03-06T18:52:49.540+0000] {processor.py:743} INFO - Processing file /home/airflow/.local/lib/python3.7/site-packages/airflow/example_dags/example_branch_labels.py for tasks to queue
[2023-03-06T18:52:49.544+0000] {logging_mixin.py:137} INFO - [2023-03-06T18:52:49.544+0000] {dagbag.py:538} INFO - Filling up the DagBag from /home/airflow/.local/lib/python3.7/site-packages/airflow/example_dags/example_branch_labels.py
[2023-03-06T18:52:49.577+0000] {processor.py:753} INFO - DAG(s) dict_keys(['example_branch_labels']) retrieved from /home/airflow/.local/lib/python3.7/site-packages/airflow/example_dags/example_branch_labels.py
[2023-03-06T18:52:49.648+0000] {logging_mixin.py:137} INFO - [2023-03-06T18:52:49.647+0000] {dag.py:2690} INFO - Sync 1 DAGs
[2023-03-06T18:52:49.709+0000] {logging_mixin.py:137} INFO - [2023-03-06T18:52:49.708+0000] {dag.py:3441} INFO - Setting next_dagrun for example_branch_labels to 2023-03-05T00:00:00+00:00, run_after=2023-03-06T00:00:00+00:00
[2023-03-06T18:52:49.746+0000] {processor.py:175} INFO - Processing /home/airflow/.local/lib/python3.7/site-packages/airflow/example_dags/example_branch_labels.py took 0.218 seconds
[2023-03-06T18:53:20.048+0000] {processor.py:153} INFO - Started process (PID=467) to work on /home/airflow/.local/lib/python3.7/site-packages/airflow/example_dags/example_branch_labels.py
[2023-03-06T18:53:20.051+0000] {processor.py:743} INFO - Processing file /home/airflow/.local/lib/python3.7/site-packages/airflow/example_dags/example_branch_labels.py for tasks to queue
[2023-03-06T18:53:20.054+0000] {logging_mixin.py:137} INFO - [2023-03-06T18:53:20.053+0000] {dagbag.py:538} INFO - Filling up the DagBag from /home/airflow/.local/lib/python3.7/site-packages/airflow/example_dags/example_branch_labels.py
[2023-03-06T18:53:20.087+0000] {processor.py:753} INFO - DAG(s) dict_keys(['example_branch_labels']) retrieved from /home/airflow/.local/lib/python3.7/site-packages/airflow/example_dags/example_branch_labels.py
[2023-03-06T18:53:20.196+0000] {logging_mixin.py:137} INFO - [2023-03-06T18:53:20.196+0000] {dag.py:2690} INFO - Sync 1 DAGs
[2023-03-06T18:53:20.420+0000] {logging_mixin.py:137} INFO - [2023-03-06T18:53:20.420+0000] {dag.py:3441} INFO - Setting next_dagrun for example_branch_labels to 2023-03-05T00:00:00+00:00, run_after=2023-03-06T00:00:00+00:00
[2023-03-06T18:53:20.462+0000] {processor.py:175} INFO - Processing /home/airflow/.local/lib/python3.7/site-packages/airflow/example_dags/example_branch_labels.py took 0.421 seconds
[2023-03-06T18:53:50.925+0000] {processor.py:153} INFO - Started process (PID=533) to work on /home/airflow/.local/lib/python3.7/site-packages/airflow/example_dags/example_branch_labels.py
[2023-03-06T18:53:50.929+0000] {processor.py:743} INFO - Processing file /home/airflow/.local/lib/python3.7/site-packages/airflow/example_dags/example_branch_labels.py for tasks to queue
[2023-03-06T18:53:50.934+0000] {logging_mixin.py:137} INFO - [2023-03-06T18:53:50.934+0000] {dagbag.py:538} INFO - Filling up the DagBag from /home/airflow/.local/lib/python3.7/site-packages/airflow/example_dags/example_branch_labels.py
[2023-03-06T18:53:50.971+0000] {processor.py:753} INFO - DAG(s) dict_keys(['example_branch_labels']) retrieved from /home/airflow/.local/lib/python3.7/site-packages/airflow/example_dags/example_branch_labels.py
[2023-03-06T18:53:51.077+0000] {logging_mixin.py:137} INFO - [2023-03-06T18:53:51.077+0000] {dag.py:2690} INFO - Sync 1 DAGs
[2023-03-06T18:53:51.198+0000] {logging_mixin.py:137} INFO - [2023-03-06T18:53:51.198+0000] {dag.py:3441} INFO - Setting next_dagrun for example_branch_labels to 2023-03-05T00:00:00+00:00, run_after=2023-03-06T00:00:00+00:00
[2023-03-06T18:53:51.238+0000] {processor.py:175} INFO - Processing /home/airflow/.local/lib/python3.7/site-packages/airflow/example_dags/example_branch_labels.py took 0.321 seconds
[2023-03-06T18:54:21.447+0000] {processor.py:153} INFO - Started process (PID=599) to work on /home/airflow/.local/lib/python3.7/site-packages/airflow/example_dags/example_branch_labels.py
[2023-03-06T18:54:21.451+0000] {processor.py:743} INFO - Processing file /home/airflow/.local/lib/python3.7/site-packages/airflow/example_dags/example_branch_labels.py for tasks to queue
[2023-03-06T18:54:21.454+0000] {logging_mixin.py:137} INFO - [2023-03-06T18:54:21.453+0000] {dagbag.py:538} INFO - Filling up the DagBag from /home/airflow/.local/lib/python3.7/site-packages/airflow/example_dags/example_branch_labels.py
[2023-03-06T18:54:21.480+0000] {processor.py:753} INFO - DAG(s) dict_keys(['example_branch_labels']) retrieved from /home/airflow/.local/lib/python3.7/site-packages/airflow/example_dags/example_branch_labels.py
[2023-03-06T18:54:21.537+0000] {logging_mixin.py:137} INFO - [2023-03-06T18:54:21.537+0000] {dag.py:2690} INFO - Sync 1 DAGs
[2023-03-06T18:54:21.583+0000] {logging_mixin.py:137} INFO - [2023-03-06T18:54:21.582+0000] {dag.py:3441} INFO - Setting next_dagrun for example_branch_labels to 2023-03-05T00:00:00+00:00, run_after=2023-03-06T00:00:00+00:00
[2023-03-06T18:54:21.612+0000] {processor.py:175} INFO - Processing /home/airflow/.local/lib/python3.7/site-packages/airflow/example_dags/example_branch_labels.py took 0.170 seconds
[2023-03-06T18:54:52.152+0000] {processor.py:153} INFO - Started process (PID=666) to work on /home/airflow/.local/lib/python3.7/site-packages/airflow/example_dags/example_branch_labels.py
[2023-03-06T18:54:52.155+0000] {processor.py:743} INFO - Processing file /home/airflow/.local/lib/python3.7/site-packages/airflow/example_dags/example_branch_labels.py for tasks to queue
[2023-03-06T18:54:52.159+0000] {logging_mixin.py:137} INFO - [2023-03-06T18:54:52.158+0000] {dagbag.py:538} INFO - Filling up the DagBag from /home/airflow/.local/lib/python3.7/site-packages/airflow/example_dags/example_branch_labels.py
[2023-03-06T18:54:52.205+0000] {processor.py:753} INFO - DAG(s) dict_keys(['example_branch_labels']) retrieved from /home/airflow/.local/lib/python3.7/site-packages/airflow/example_dags/example_branch_labels.py
[2023-03-06T18:54:52.270+0000] {logging_mixin.py:137} INFO - [2023-03-06T18:54:52.269+0000] {dag.py:2690} INFO - Sync 1 DAGs
[2023-03-06T18:54:52.343+0000] {logging_mixin.py:137} INFO - [2023-03-06T18:54:52.343+0000] {dag.py:3441} INFO - Setting next_dagrun for example_branch_labels to 2023-03-05T00:00:00+00:00, run_after=2023-03-06T00:00:00+00:00
[2023-03-06T18:54:52.380+0000] {processor.py:175} INFO - Processing /home/airflow/.local/lib/python3.7/site-packages/airflow/example_dags/example_branch_labels.py took 0.237 seconds
[2023-03-06T18:55:22.613+0000] {processor.py:153} INFO - Started process (PID=736) to work on /home/airflow/.local/lib/python3.7/site-packages/airflow/example_dags/example_branch_labels.py
[2023-03-06T18:55:22.617+0000] {processor.py:743} INFO - Processing file /home/airflow/.local/lib/python3.7/site-packages/airflow/example_dags/example_branch_labels.py for tasks to queue
[2023-03-06T18:55:22.620+0000] {logging_mixin.py:137} INFO - [2023-03-06T18:55:22.619+0000] {dagbag.py:538} INFO - Filling up the DagBag from /home/airflow/.local/lib/python3.7/site-packages/airflow/example_dags/example_branch_labels.py
[2023-03-06T18:55:22.656+0000] {processor.py:753} INFO - DAG(s) dict_keys(['example_branch_labels']) retrieved from /home/airflow/.local/lib/python3.7/site-packages/airflow/example_dags/example_branch_labels.py
[2023-03-06T18:55:22.722+0000] {logging_mixin.py:137} INFO - [2023-03-06T18:55:22.722+0000] {dag.py:2690} INFO - Sync 1 DAGs
[2023-03-06T18:55:22.787+0000] {logging_mixin.py:137} INFO - [2023-03-06T18:55:22.787+0000] {dag.py:3441} INFO - Setting next_dagrun for example_branch_labels to 2023-03-05T00:00:00+00:00, run_after=2023-03-06T00:00:00+00:00
[2023-03-06T18:55:22.824+0000] {processor.py:175} INFO - Processing /home/airflow/.local/lib/python3.7/site-packages/airflow/example_dags/example_branch_labels.py took 0.220 seconds
[2023-03-06T18:55:53.029+0000] {processor.py:153} INFO - Started process (PID=802) to work on /home/airflow/.local/lib/python3.7/site-packages/airflow/example_dags/example_branch_labels.py
[2023-03-06T18:55:53.032+0000] {processor.py:743} INFO - Processing file /home/airflow/.local/lib/python3.7/site-packages/airflow/example_dags/example_branch_labels.py for tasks to queue
[2023-03-06T18:55:53.036+0000] {logging_mixin.py:137} INFO - [2023-03-06T18:55:53.036+0000] {dagbag.py:538} INFO - Filling up the DagBag from /home/airflow/.local/lib/python3.7/site-packages/airflow/example_dags/example_branch_labels.py
[2023-03-06T18:55:53.067+0000] {processor.py:753} INFO - DAG(s) dict_keys(['example_branch_labels']) retrieved from /home/airflow/.local/lib/python3.7/site-packages/airflow/example_dags/example_branch_labels.py
[2023-03-06T18:55:53.130+0000] {logging_mixin.py:137} INFO - [2023-03-06T18:55:53.129+0000] {dag.py:2690} INFO - Sync 1 DAGs
[2023-03-06T18:55:53.181+0000] {logging_mixin.py:137} INFO - [2023-03-06T18:55:53.181+0000] {dag.py:3441} INFO - Setting next_dagrun for example_branch_labels to 2023-03-05T00:00:00+00:00, run_after=2023-03-06T00:00:00+00:00
[2023-03-06T18:55:53.239+0000] {processor.py:175} INFO - Processing /home/airflow/.local/lib/python3.7/site-packages/airflow/example_dags/example_branch_labels.py took 0.218 seconds
[2023-03-06T18:56:23.382+0000] {processor.py:153} INFO - Started process (PID=878) to work on /home/airflow/.local/lib/python3.7/site-packages/airflow/example_dags/example_branch_labels.py
[2023-03-06T18:56:23.385+0000] {processor.py:743} INFO - Processing file /home/airflow/.local/lib/python3.7/site-packages/airflow/example_dags/example_branch_labels.py for tasks to queue
[2023-03-06T18:56:23.388+0000] {logging_mixin.py:137} INFO - [2023-03-06T18:56:23.388+0000] {dagbag.py:538} INFO - Filling up the DagBag from /home/airflow/.local/lib/python3.7/site-packages/airflow/example_dags/example_branch_labels.py
[2023-03-06T18:56:23.416+0000] {processor.py:753} INFO - DAG(s) dict_keys(['example_branch_labels']) retrieved from /home/airflow/.local/lib/python3.7/site-packages/airflow/example_dags/example_branch_labels.py
[2023-03-06T18:56:23.474+0000] {logging_mixin.py:137} INFO - [2023-03-06T18:56:23.473+0000] {dag.py:2690} INFO - Sync 1 DAGs
[2023-03-06T18:56:23.522+0000] {logging_mixin.py:137} INFO - [2023-03-06T18:56:23.522+0000] {dag.py:3441} INFO - Setting next_dagrun for example_branch_labels to 2023-03-05T00:00:00+00:00, run_after=2023-03-06T00:00:00+00:00
[2023-03-06T18:56:23.557+0000] {processor.py:175} INFO - Processing /home/airflow/.local/lib/python3.7/site-packages/airflow/example_dags/example_branch_labels.py took 0.181 seconds
[2023-03-06T18:56:53.759+0000] {processor.py:153} INFO - Started process (PID=948) to work on /home/airflow/.local/lib/python3.7/site-packages/airflow/example_dags/example_branch_labels.py
[2023-03-06T18:56:53.762+0000] {processor.py:743} INFO - Processing file /home/airflow/.local/lib/python3.7/site-packages/airflow/example_dags/example_branch_labels.py for tasks to queue
[2023-03-06T18:56:53.765+0000] {logging_mixin.py:137} INFO - [2023-03-06T18:56:53.764+0000] {dagbag.py:538} INFO - Filling up the DagBag from /home/airflow/.local/lib/python3.7/site-packages/airflow/example_dags/example_branch_labels.py
[2023-03-06T18:56:53.791+0000] {processor.py:753} INFO - DAG(s) dict_keys(['example_branch_labels']) retrieved from /home/airflow/.local/lib/python3.7/site-packages/airflow/example_dags/example_branch_labels.py
[2023-03-06T18:56:53.839+0000] {logging_mixin.py:137} INFO - [2023-03-06T18:56:53.839+0000] {dag.py:2690} INFO - Sync 1 DAGs
[2023-03-06T18:56:53.883+0000] {logging_mixin.py:137} INFO - [2023-03-06T18:56:53.883+0000] {dag.py:3441} INFO - Setting next_dagrun for example_branch_labels to 2023-03-05T00:00:00+00:00, run_after=2023-03-06T00:00:00+00:00
[2023-03-06T18:56:53.915+0000] {processor.py:175} INFO - Processing /home/airflow/.local/lib/python3.7/site-packages/airflow/example_dags/example_branch_labels.py took 0.162 seconds
[2023-03-06T18:57:24.882+0000] {processor.py:153} INFO - Started process (PID=1015) to work on /home/airflow/.local/lib/python3.7/site-packages/airflow/example_dags/example_branch_labels.py
[2023-03-06T18:57:24.889+0000] {processor.py:743} INFO - Processing file /home/airflow/.local/lib/python3.7/site-packages/airflow/example_dags/example_branch_labels.py for tasks to queue
[2023-03-06T18:57:24.895+0000] {logging_mixin.py:137} INFO - [2023-03-06T18:57:24.895+0000] {dagbag.py:538} INFO - Filling up the DagBag from /home/airflow/.local/lib/python3.7/site-packages/airflow/example_dags/example_branch_labels.py
[2023-03-06T18:57:24.936+0000] {processor.py:753} INFO - DAG(s) dict_keys(['example_branch_labels']) retrieved from /home/airflow/.local/lib/python3.7/site-packages/airflow/example_dags/example_branch_labels.py
[2023-03-06T18:57:24.989+0000] {logging_mixin.py:137} INFO - [2023-03-06T18:57:24.988+0000] {dag.py:2690} INFO - Sync 1 DAGs
[2023-03-06T18:57:25.043+0000] {logging_mixin.py:137} INFO - [2023-03-06T18:57:25.042+0000] {dag.py:3441} INFO - Setting next_dagrun for example_branch_labels to 2023-03-05T00:00:00+00:00, run_after=2023-03-06T00:00:00+00:00
[2023-03-06T18:57:25.075+0000] {processor.py:175} INFO - Processing /home/airflow/.local/lib/python3.7/site-packages/airflow/example_dags/example_branch_labels.py took 0.201 seconds
[2023-03-06T18:57:55.574+0000] {processor.py:153} INFO - Started process (PID=1082) to work on /home/airflow/.local/lib/python3.7/site-packages/airflow/example_dags/example_branch_labels.py
[2023-03-06T18:57:55.589+0000] {processor.py:743} INFO - Processing file /home/airflow/.local/lib/python3.7/site-packages/airflow/example_dags/example_branch_labels.py for tasks to queue
[2023-03-06T18:57:55.601+0000] {logging_mixin.py:137} INFO - [2023-03-06T18:57:55.600+0000] {dagbag.py:538} INFO - Filling up the DagBag from /home/airflow/.local/lib/python3.7/site-packages/airflow/example_dags/example_branch_labels.py
[2023-03-06T18:57:55.643+0000] {processor.py:753} INFO - DAG(s) dict_keys(['example_branch_labels']) retrieved from /home/airflow/.local/lib/python3.7/site-packages/airflow/example_dags/example_branch_labels.py
[2023-03-06T18:57:55.716+0000] {logging_mixin.py:137} INFO - [2023-03-06T18:57:55.715+0000] {dag.py:2690} INFO - Sync 1 DAGs
[2023-03-06T18:57:55.806+0000] {logging_mixin.py:137} INFO - [2023-03-06T18:57:55.805+0000] {dag.py:3441} INFO - Setting next_dagrun for example_branch_labels to 2023-03-05T00:00:00+00:00, run_after=2023-03-06T00:00:00+00:00
[2023-03-06T18:57:55.855+0000] {processor.py:175} INFO - Processing /home/airflow/.local/lib/python3.7/site-packages/airflow/example_dags/example_branch_labels.py took 0.306 seconds
[2023-03-06T18:58:26.700+0000] {processor.py:153} INFO - Started process (PID=1149) to work on /home/airflow/.local/lib/python3.7/site-packages/airflow/example_dags/example_branch_labels.py
[2023-03-06T18:58:26.704+0000] {processor.py:743} INFO - Processing file /home/airflow/.local/lib/python3.7/site-packages/airflow/example_dags/example_branch_labels.py for tasks to queue
[2023-03-06T18:58:26.707+0000] {logging_mixin.py:137} INFO - [2023-03-06T18:58:26.707+0000] {dagbag.py:538} INFO - Filling up the DagBag from /home/airflow/.local/lib/python3.7/site-packages/airflow/example_dags/example_branch_labels.py
[2023-03-06T18:58:26.736+0000] {processor.py:753} INFO - DAG(s) dict_keys(['example_branch_labels']) retrieved from /home/airflow/.local/lib/python3.7/site-packages/airflow/example_dags/example_branch_labels.py
[2023-03-06T18:58:26.788+0000] {logging_mixin.py:137} INFO - [2023-03-06T18:58:26.788+0000] {dag.py:2690} INFO - Sync 1 DAGs
[2023-03-06T18:58:26.834+0000] {logging_mixin.py:137} INFO - [2023-03-06T18:58:26.834+0000] {dag.py:3441} INFO - Setting next_dagrun for example_branch_labels to 2023-03-05T00:00:00+00:00, run_after=2023-03-06T00:00:00+00:00
[2023-03-06T18:58:26.864+0000] {processor.py:175} INFO - Processing /home/airflow/.local/lib/python3.7/site-packages/airflow/example_dags/example_branch_labels.py took 0.169 seconds
[2023-03-06T18:58:57.282+0000] {processor.py:153} INFO - Started process (PID=1225) to work on /home/airflow/.local/lib/python3.7/site-packages/airflow/example_dags/example_branch_labels.py
[2023-03-06T18:58:57.285+0000] {processor.py:743} INFO - Processing file /home/airflow/.local/lib/python3.7/site-packages/airflow/example_dags/example_branch_labels.py for tasks to queue
[2023-03-06T18:58:57.289+0000] {logging_mixin.py:137} INFO - [2023-03-06T18:58:57.289+0000] {dagbag.py:538} INFO - Filling up the DagBag from /home/airflow/.local/lib/python3.7/site-packages/airflow/example_dags/example_branch_labels.py
[2023-03-06T18:58:57.318+0000] {processor.py:753} INFO - DAG(s) dict_keys(['example_branch_labels']) retrieved from /home/airflow/.local/lib/python3.7/site-packages/airflow/example_dags/example_branch_labels.py
[2023-03-06T18:58:57.377+0000] {logging_mixin.py:137} INFO - [2023-03-06T18:58:57.377+0000] {dag.py:2690} INFO - Sync 1 DAGs
[2023-03-06T18:58:57.443+0000] {logging_mixin.py:137} INFO - [2023-03-06T18:58:57.443+0000] {dag.py:3441} INFO - Setting next_dagrun for example_branch_labels to 2023-03-05T00:00:00+00:00, run_after=2023-03-06T00:00:00+00:00
[2023-03-06T18:58:57.480+0000] {processor.py:175} INFO - Processing /home/airflow/.local/lib/python3.7/site-packages/airflow/example_dags/example_branch_labels.py took 0.206 seconds
[2023-03-06T18:59:27.941+0000] {processor.py:153} INFO - Started process (PID=1299) to work on /home/airflow/.local/lib/python3.7/site-packages/airflow/example_dags/example_branch_labels.py
[2023-03-06T18:59:27.944+0000] {processor.py:743} INFO - Processing file /home/airflow/.local/lib/python3.7/site-packages/airflow/example_dags/example_branch_labels.py for tasks to queue
[2023-03-06T18:59:27.947+0000] {logging_mixin.py:137} INFO - [2023-03-06T18:59:27.947+0000] {dagbag.py:538} INFO - Filling up the DagBag from /home/airflow/.local/lib/python3.7/site-packages/airflow/example_dags/example_branch_labels.py
[2023-03-06T18:59:27.974+0000] {processor.py:753} INFO - DAG(s) dict_keys(['example_branch_labels']) retrieved from /home/airflow/.local/lib/python3.7/site-packages/airflow/example_dags/example_branch_labels.py
[2023-03-06T18:59:28.021+0000] {logging_mixin.py:137} INFO - [2023-03-06T18:59:28.021+0000] {dag.py:2690} INFO - Sync 1 DAGs
[2023-03-06T18:59:28.073+0000] {logging_mixin.py:137} INFO - [2023-03-06T18:59:28.073+0000] {dag.py:3441} INFO - Setting next_dagrun for example_branch_labels to 2023-03-05T00:00:00+00:00, run_after=2023-03-06T00:00:00+00:00
[2023-03-06T18:59:28.105+0000] {processor.py:175} INFO - Processing /home/airflow/.local/lib/python3.7/site-packages/airflow/example_dags/example_branch_labels.py took 0.169 seconds
[2023-03-06T19:00:00.324+0000] {processor.py:153} INFO - Started process (PID=1365) to work on /home/airflow/.local/lib/python3.7/site-packages/airflow/example_dags/example_branch_labels.py
[2023-03-06T19:00:00.343+0000] {processor.py:743} INFO - Processing file /home/airflow/.local/lib/python3.7/site-packages/airflow/example_dags/example_branch_labels.py for tasks to queue
[2023-03-06T19:00:00.353+0000] {logging_mixin.py:137} INFO - [2023-03-06T19:00:00.352+0000] {dagbag.py:538} INFO - Filling up the DagBag from /home/airflow/.local/lib/python3.7/site-packages/airflow/example_dags/example_branch_labels.py
[2023-03-06T19:00:00.421+0000] {processor.py:753} INFO - DAG(s) dict_keys(['example_branch_labels']) retrieved from /home/airflow/.local/lib/python3.7/site-packages/airflow/example_dags/example_branch_labels.py
[2023-03-06T19:00:00.530+0000] {logging_mixin.py:137} INFO - [2023-03-06T19:00:00.529+0000] {dag.py:2690} INFO - Sync 1 DAGs
[2023-03-06T19:00:00.628+0000] {logging_mixin.py:137} INFO - [2023-03-06T19:00:00.628+0000] {dag.py:3441} INFO - Setting next_dagrun for example_branch_labels to 2023-03-05T00:00:00+00:00, run_after=2023-03-06T00:00:00+00:00
[2023-03-06T19:00:00.698+0000] {processor.py:175} INFO - Processing /home/airflow/.local/lib/python3.7/site-packages/airflow/example_dags/example_branch_labels.py took 0.391 seconds
[2023-03-06T19:00:30.765+0000] {processor.py:153} INFO - Started process (PID=1432) to work on /home/airflow/.local/lib/python3.7/site-packages/airflow/example_dags/example_branch_labels.py
[2023-03-06T19:00:30.768+0000] {processor.py:743} INFO - Processing file /home/airflow/.local/lib/python3.7/site-packages/airflow/example_dags/example_branch_labels.py for tasks to queue
[2023-03-06T19:00:30.774+0000] {logging_mixin.py:137} INFO - [2023-03-06T19:00:30.774+0000] {dagbag.py:538} INFO - Filling up the DagBag from /home/airflow/.local/lib/python3.7/site-packages/airflow/example_dags/example_branch_labels.py
[2023-03-06T19:00:30.799+0000] {processor.py:753} INFO - DAG(s) dict_keys(['example_branch_labels']) retrieved from /home/airflow/.local/lib/python3.7/site-packages/airflow/example_dags/example_branch_labels.py
[2023-03-06T19:00:30.843+0000] {logging_mixin.py:137} INFO - [2023-03-06T19:00:30.843+0000] {dag.py:2690} INFO - Sync 1 DAGs
[2023-03-06T19:00:30.886+0000] {logging_mixin.py:137} INFO - [2023-03-06T19:00:30.886+0000] {dag.py:3441} INFO - Setting next_dagrun for example_branch_labels to 2023-03-05T00:00:00+00:00, run_after=2023-03-06T00:00:00+00:00
[2023-03-06T19:00:30.920+0000] {processor.py:175} INFO - Processing /home/airflow/.local/lib/python3.7/site-packages/airflow/example_dags/example_branch_labels.py took 0.161 seconds
[2023-03-06T19:01:01.235+0000] {processor.py:153} INFO - Started process (PID=1498) to work on /home/airflow/.local/lib/python3.7/site-packages/airflow/example_dags/example_branch_labels.py
[2023-03-06T19:01:01.237+0000] {processor.py:743} INFO - Processing file /home/airflow/.local/lib/python3.7/site-packages/airflow/example_dags/example_branch_labels.py for tasks to queue
[2023-03-06T19:01:01.239+0000] {logging_mixin.py:137} INFO - [2023-03-06T19:01:01.239+0000] {dagbag.py:538} INFO - Filling up the DagBag from /home/airflow/.local/lib/python3.7/site-packages/airflow/example_dags/example_branch_labels.py
[2023-03-06T19:01:01.264+0000] {processor.py:753} INFO - DAG(s) dict_keys(['example_branch_labels']) retrieved from /home/airflow/.local/lib/python3.7/site-packages/airflow/example_dags/example_branch_labels.py
[2023-03-06T19:01:01.315+0000] {logging_mixin.py:137} INFO - [2023-03-06T19:01:01.315+0000] {dag.py:2690} INFO - Sync 1 DAGs
[2023-03-06T19:01:01.362+0000] {logging_mixin.py:137} INFO - [2023-03-06T19:01:01.361+0000] {dag.py:3441} INFO - Setting next_dagrun for example_branch_labels to 2023-03-05T00:00:00+00:00, run_after=2023-03-06T00:00:00+00:00
[2023-03-06T19:01:01.402+0000] {processor.py:175} INFO - Processing /home/airflow/.local/lib/python3.7/site-packages/airflow/example_dags/example_branch_labels.py took 0.176 seconds
[2023-03-06T19:01:31.666+0000] {processor.py:153} INFO - Started process (PID=1565) to work on /home/airflow/.local/lib/python3.7/site-packages/airflow/example_dags/example_branch_labels.py
[2023-03-06T19:01:31.669+0000] {processor.py:743} INFO - Processing file /home/airflow/.local/lib/python3.7/site-packages/airflow/example_dags/example_branch_labels.py for tasks to queue
[2023-03-06T19:01:31.672+0000] {logging_mixin.py:137} INFO - [2023-03-06T19:01:31.672+0000] {dagbag.py:538} INFO - Filling up the DagBag from /home/airflow/.local/lib/python3.7/site-packages/airflow/example_dags/example_branch_labels.py
[2023-03-06T19:01:31.699+0000] {processor.py:753} INFO - DAG(s) dict_keys(['example_branch_labels']) retrieved from /home/airflow/.local/lib/python3.7/site-packages/airflow/example_dags/example_branch_labels.py
[2023-03-06T19:01:31.748+0000] {logging_mixin.py:137} INFO - [2023-03-06T19:01:31.747+0000] {dag.py:2690} INFO - Sync 1 DAGs
[2023-03-06T19:01:31.795+0000] {logging_mixin.py:137} INFO - [2023-03-06T19:01:31.795+0000] {dag.py:3441} INFO - Setting next_dagrun for example_branch_labels to 2023-03-05T00:00:00+00:00, run_after=2023-03-06T00:00:00+00:00
[2023-03-06T19:01:31.825+0000] {processor.py:175} INFO - Processing /home/airflow/.local/lib/python3.7/site-packages/airflow/example_dags/example_branch_labels.py took 0.166 seconds
[2023-03-06T19:02:02.391+0000] {processor.py:153} INFO - Started process (PID=1641) to work on /home/airflow/.local/lib/python3.7/site-packages/airflow/example_dags/example_branch_labels.py
[2023-03-06T19:02:02.404+0000] {processor.py:743} INFO - Processing file /home/airflow/.local/lib/python3.7/site-packages/airflow/example_dags/example_branch_labels.py for tasks to queue
[2023-03-06T19:02:02.408+0000] {logging_mixin.py:137} INFO - [2023-03-06T19:02:02.408+0000] {dagbag.py:538} INFO - Filling up the DagBag from /home/airflow/.local/lib/python3.7/site-packages/airflow/example_dags/example_branch_labels.py
[2023-03-06T19:02:02.442+0000] {processor.py:753} INFO - DAG(s) dict_keys(['example_branch_labels']) retrieved from /home/airflow/.local/lib/python3.7/site-packages/airflow/example_dags/example_branch_labels.py
[2023-03-06T19:02:02.494+0000] {logging_mixin.py:137} INFO - [2023-03-06T19:02:02.494+0000] {dag.py:2690} INFO - Sync 1 DAGs
[2023-03-06T19:02:02.546+0000] {logging_mixin.py:137} INFO - [2023-03-06T19:02:02.545+0000] {dag.py:3441} INFO - Setting next_dagrun for example_branch_labels to 2023-03-05T00:00:00+00:00, run_after=2023-03-06T00:00:00+00:00
[2023-03-06T19:02:02.578+0000] {processor.py:175} INFO - Processing /home/airflow/.local/lib/python3.7/site-packages/airflow/example_dags/example_branch_labels.py took 0.192 seconds
[2023-03-06T19:02:32.825+0000] {processor.py:153} INFO - Started process (PID=1711) to work on /home/airflow/.local/lib/python3.7/site-packages/airflow/example_dags/example_branch_labels.py
[2023-03-06T19:02:32.827+0000] {processor.py:743} INFO - Processing file /home/airflow/.local/lib/python3.7/site-packages/airflow/example_dags/example_branch_labels.py for tasks to queue
[2023-03-06T19:02:32.830+0000] {logging_mixin.py:137} INFO - [2023-03-06T19:02:32.830+0000] {dagbag.py:538} INFO - Filling up the DagBag from /home/airflow/.local/lib/python3.7/site-packages/airflow/example_dags/example_branch_labels.py
[2023-03-06T19:02:32.850+0000] {processor.py:753} INFO - DAG(s) dict_keys(['example_branch_labels']) retrieved from /home/airflow/.local/lib/python3.7/site-packages/airflow/example_dags/example_branch_labels.py
[2023-03-06T19:02:32.890+0000] {logging_mixin.py:137} INFO - [2023-03-06T19:02:32.890+0000] {dag.py:2690} INFO - Sync 1 DAGs
[2023-03-06T19:02:32.929+0000] {logging_mixin.py:137} INFO - [2023-03-06T19:02:32.929+0000] {dag.py:3441} INFO - Setting next_dagrun for example_branch_labels to 2023-03-05T00:00:00+00:00, run_after=2023-03-06T00:00:00+00:00
[2023-03-06T19:02:32.956+0000] {processor.py:175} INFO - Processing /home/airflow/.local/lib/python3.7/site-packages/airflow/example_dags/example_branch_labels.py took 0.138 seconds
[2023-03-06T19:03:03.449+0000] {processor.py:153} INFO - Started process (PID=1777) to work on /home/airflow/.local/lib/python3.7/site-packages/airflow/example_dags/example_branch_labels.py
[2023-03-06T19:03:03.455+0000] {processor.py:743} INFO - Processing file /home/airflow/.local/lib/python3.7/site-packages/airflow/example_dags/example_branch_labels.py for tasks to queue
[2023-03-06T19:03:03.458+0000] {logging_mixin.py:137} INFO - [2023-03-06T19:03:03.458+0000] {dagbag.py:538} INFO - Filling up the DagBag from /home/airflow/.local/lib/python3.7/site-packages/airflow/example_dags/example_branch_labels.py
[2023-03-06T19:03:03.497+0000] {processor.py:753} INFO - DAG(s) dict_keys(['example_branch_labels']) retrieved from /home/airflow/.local/lib/python3.7/site-packages/airflow/example_dags/example_branch_labels.py
[2023-03-06T19:03:03.562+0000] {logging_mixin.py:137} INFO - [2023-03-06T19:03:03.562+0000] {dag.py:2690} INFO - Sync 1 DAGs
[2023-03-06T19:03:03.619+0000] {logging_mixin.py:137} INFO - [2023-03-06T19:03:03.619+0000] {dag.py:3441} INFO - Setting next_dagrun for example_branch_labels to 2023-03-05T00:00:00+00:00, run_after=2023-03-06T00:00:00+00:00
[2023-03-06T19:03:03.659+0000] {processor.py:175} INFO - Processing /home/airflow/.local/lib/python3.7/site-packages/airflow/example_dags/example_branch_labels.py took 0.219 seconds
[2023-03-06T19:03:33.919+0000] {processor.py:153} INFO - Started process (PID=1844) to work on /home/airflow/.local/lib/python3.7/site-packages/airflow/example_dags/example_branch_labels.py
[2023-03-06T19:03:33.921+0000] {processor.py:743} INFO - Processing file /home/airflow/.local/lib/python3.7/site-packages/airflow/example_dags/example_branch_labels.py for tasks to queue
[2023-03-06T19:03:33.925+0000] {logging_mixin.py:137} INFO - [2023-03-06T19:03:33.925+0000] {dagbag.py:538} INFO - Filling up the DagBag from /home/airflow/.local/lib/python3.7/site-packages/airflow/example_dags/example_branch_labels.py
[2023-03-06T19:03:33.959+0000] {processor.py:753} INFO - DAG(s) dict_keys(['example_branch_labels']) retrieved from /home/airflow/.local/lib/python3.7/site-packages/airflow/example_dags/example_branch_labels.py
[2023-03-06T19:03:34.015+0000] {logging_mixin.py:137} INFO - [2023-03-06T19:03:34.015+0000] {dag.py:2690} INFO - Sync 1 DAGs
[2023-03-06T19:03:34.061+0000] {logging_mixin.py:137} INFO - [2023-03-06T19:03:34.061+0000] {dag.py:3441} INFO - Setting next_dagrun for example_branch_labels to 2023-03-05T00:00:00+00:00, run_after=2023-03-06T00:00:00+00:00
[2023-03-06T19:03:34.091+0000] {processor.py:175} INFO - Processing /home/airflow/.local/lib/python3.7/site-packages/airflow/example_dags/example_branch_labels.py took 0.178 seconds
[2023-03-06T19:04:04.526+0000] {processor.py:153} INFO - Started process (PID=1911) to work on /home/airflow/.local/lib/python3.7/site-packages/airflow/example_dags/example_branch_labels.py
[2023-03-06T19:04:04.528+0000] {processor.py:743} INFO - Processing file /home/airflow/.local/lib/python3.7/site-packages/airflow/example_dags/example_branch_labels.py for tasks to queue
[2023-03-06T19:04:04.531+0000] {logging_mixin.py:137} INFO - [2023-03-06T19:04:04.531+0000] {dagbag.py:538} INFO - Filling up the DagBag from /home/airflow/.local/lib/python3.7/site-packages/airflow/example_dags/example_branch_labels.py
[2023-03-06T19:04:04.555+0000] {processor.py:753} INFO - DAG(s) dict_keys(['example_branch_labels']) retrieved from /home/airflow/.local/lib/python3.7/site-packages/airflow/example_dags/example_branch_labels.py
[2023-03-06T19:04:04.604+0000] {logging_mixin.py:137} INFO - [2023-03-06T19:04:04.603+0000] {dag.py:2690} INFO - Sync 1 DAGs
[2023-03-06T19:04:04.650+0000] {logging_mixin.py:137} INFO - [2023-03-06T19:04:04.650+0000] {dag.py:3441} INFO - Setting next_dagrun for example_branch_labels to 2023-03-05T00:00:00+00:00, run_after=2023-03-06T00:00:00+00:00
[2023-03-06T19:04:04.679+0000] {processor.py:175} INFO - Processing /home/airflow/.local/lib/python3.7/site-packages/airflow/example_dags/example_branch_labels.py took 0.161 seconds
[2023-03-06T19:04:38.590+0000] {processor.py:153} INFO - Started process (PID=1991) to work on /home/airflow/.local/lib/python3.7/site-packages/airflow/example_dags/example_branch_labels.py
[2023-03-06T19:04:38.599+0000] {processor.py:743} INFO - Processing file /home/airflow/.local/lib/python3.7/site-packages/airflow/example_dags/example_branch_labels.py for tasks to queue
[2023-03-06T19:04:38.606+0000] {logging_mixin.py:137} INFO - [2023-03-06T19:04:38.605+0000] {dagbag.py:538} INFO - Filling up the DagBag from /home/airflow/.local/lib/python3.7/site-packages/airflow/example_dags/example_branch_labels.py
[2023-03-06T19:04:38.674+0000] {processor.py:753} INFO - DAG(s) dict_keys(['example_branch_labels']) retrieved from /home/airflow/.local/lib/python3.7/site-packages/airflow/example_dags/example_branch_labels.py
[2023-03-06T19:04:38.796+0000] {logging_mixin.py:137} INFO - [2023-03-06T19:04:38.796+0000] {dag.py:2690} INFO - Sync 1 DAGs
[2023-03-06T19:04:38.949+0000] {logging_mixin.py:137} INFO - [2023-03-06T19:04:38.949+0000] {dag.py:3441} INFO - Setting next_dagrun for example_branch_labels to 2023-03-05T00:00:00+00:00, run_after=2023-03-06T00:00:00+00:00
[2023-03-06T19:04:39.017+0000] {processor.py:175} INFO - Processing /home/airflow/.local/lib/python3.7/site-packages/airflow/example_dags/example_branch_labels.py took 0.446 seconds
[2023-03-06T19:05:09.780+0000] {processor.py:153} INFO - Started process (PID=2057) to work on /home/airflow/.local/lib/python3.7/site-packages/airflow/example_dags/example_branch_labels.py
[2023-03-06T19:05:09.784+0000] {processor.py:743} INFO - Processing file /home/airflow/.local/lib/python3.7/site-packages/airflow/example_dags/example_branch_labels.py for tasks to queue
[2023-03-06T19:05:09.793+0000] {logging_mixin.py:137} INFO - [2023-03-06T19:05:09.792+0000] {dagbag.py:538} INFO - Filling up the DagBag from /home/airflow/.local/lib/python3.7/site-packages/airflow/example_dags/example_branch_labels.py
[2023-03-06T19:05:09.835+0000] {processor.py:753} INFO - DAG(s) dict_keys(['example_branch_labels']) retrieved from /home/airflow/.local/lib/python3.7/site-packages/airflow/example_dags/example_branch_labels.py
[2023-03-06T19:05:09.914+0000] {logging_mixin.py:137} INFO - [2023-03-06T19:05:09.914+0000] {dag.py:2690} INFO - Sync 1 DAGs
[2023-03-06T19:05:10.008+0000] {logging_mixin.py:137} INFO - [2023-03-06T19:05:10.008+0000] {dag.py:3441} INFO - Setting next_dagrun for example_branch_labels to 2023-03-05T00:00:00+00:00, run_after=2023-03-06T00:00:00+00:00
[2023-03-06T19:05:10.051+0000] {processor.py:175} INFO - Processing /home/airflow/.local/lib/python3.7/site-packages/airflow/example_dags/example_branch_labels.py took 0.282 seconds
[2023-03-06T19:05:40.511+0000] {processor.py:153} INFO - Started process (PID=2126) to work on /home/airflow/.local/lib/python3.7/site-packages/airflow/example_dags/example_branch_labels.py
[2023-03-06T19:05:40.515+0000] {processor.py:743} INFO - Processing file /home/airflow/.local/lib/python3.7/site-packages/airflow/example_dags/example_branch_labels.py for tasks to queue
[2023-03-06T19:05:40.532+0000] {logging_mixin.py:137} INFO - [2023-03-06T19:05:40.532+0000] {dagbag.py:538} INFO - Filling up the DagBag from /home/airflow/.local/lib/python3.7/site-packages/airflow/example_dags/example_branch_labels.py
[2023-03-06T19:05:40.570+0000] {processor.py:753} INFO - DAG(s) dict_keys(['example_branch_labels']) retrieved from /home/airflow/.local/lib/python3.7/site-packages/airflow/example_dags/example_branch_labels.py
[2023-03-06T19:05:40.648+0000] {logging_mixin.py:137} INFO - [2023-03-06T19:05:40.648+0000] {dag.py:2690} INFO - Sync 1 DAGs
[2023-03-06T19:05:40.715+0000] {logging_mixin.py:137} INFO - [2023-03-06T19:05:40.714+0000] {dag.py:3441} INFO - Setting next_dagrun for example_branch_labels to 2023-03-05T00:00:00+00:00, run_after=2023-03-06T00:00:00+00:00
[2023-03-06T19:05:40.756+0000] {processor.py:175} INFO - Processing /home/airflow/.local/lib/python3.7/site-packages/airflow/example_dags/example_branch_labels.py took 0.268 seconds
[2023-03-06T19:06:10.868+0000] {processor.py:153} INFO - Started process (PID=2193) to work on /home/airflow/.local/lib/python3.7/site-packages/airflow/example_dags/example_branch_labels.py
[2023-03-06T19:06:10.870+0000] {processor.py:743} INFO - Processing file /home/airflow/.local/lib/python3.7/site-packages/airflow/example_dags/example_branch_labels.py for tasks to queue
[2023-03-06T19:06:10.873+0000] {logging_mixin.py:137} INFO - [2023-03-06T19:06:10.872+0000] {dagbag.py:538} INFO - Filling up the DagBag from /home/airflow/.local/lib/python3.7/site-packages/airflow/example_dags/example_branch_labels.py
[2023-03-06T19:06:10.904+0000] {processor.py:753} INFO - DAG(s) dict_keys(['example_branch_labels']) retrieved from /home/airflow/.local/lib/python3.7/site-packages/airflow/example_dags/example_branch_labels.py
[2023-03-06T19:06:10.961+0000] {logging_mixin.py:137} INFO - [2023-03-06T19:06:10.960+0000] {dag.py:2690} INFO - Sync 1 DAGs
[2023-03-06T19:06:11.033+0000] {logging_mixin.py:137} INFO - [2023-03-06T19:06:11.033+0000] {dag.py:3441} INFO - Setting next_dagrun for example_branch_labels to 2023-03-05T00:00:00+00:00, run_after=2023-03-06T00:00:00+00:00
[2023-03-06T19:06:11.076+0000] {processor.py:175} INFO - Processing /home/airflow/.local/lib/python3.7/site-packages/airflow/example_dags/example_branch_labels.py took 0.223 seconds
[2023-03-06T19:07:36.413+0000] {processor.py:153} INFO - Started process (PID=2276) to work on /home/airflow/.local/lib/python3.7/site-packages/airflow/example_dags/example_branch_labels.py
[2023-03-06T19:07:36.486+0000] {processor.py:743} INFO - Processing file /home/airflow/.local/lib/python3.7/site-packages/airflow/example_dags/example_branch_labels.py for tasks to queue
[2023-03-06T19:07:36.699+0000] {logging_mixin.py:137} INFO - [2023-03-06T19:07:36.698+0000] {dagbag.py:538} INFO - Filling up the DagBag from /home/airflow/.local/lib/python3.7/site-packages/airflow/example_dags/example_branch_labels.py
[2023-03-06T19:07:38.059+0000] {processor.py:753} INFO - DAG(s) dict_keys(['example_branch_labels']) retrieved from /home/airflow/.local/lib/python3.7/site-packages/airflow/example_dags/example_branch_labels.py
[2023-03-06T19:07:38.999+0000] {logging_mixin.py:137} INFO - [2023-03-06T19:07:38.999+0000] {dag.py:2690} INFO - Sync 1 DAGs
[2023-03-06T19:07:39.814+0000] {logging_mixin.py:137} INFO - [2023-03-06T19:07:39.811+0000] {dag.py:3441} INFO - Setting next_dagrun for example_branch_labels to 2023-03-05T00:00:00+00:00, run_after=2023-03-06T00:00:00+00:00
[2023-03-06T19:07:39.995+0000] {processor.py:175} INFO - Processing /home/airflow/.local/lib/python3.7/site-packages/airflow/example_dags/example_branch_labels.py took 3.810 seconds
[2023-03-06T19:08:12.272+0000] {processor.py:153} INFO - Started process (PID=2341) to work on /home/airflow/.local/lib/python3.7/site-packages/airflow/example_dags/example_branch_labels.py
[2023-03-06T19:08:12.279+0000] {processor.py:743} INFO - Processing file /home/airflow/.local/lib/python3.7/site-packages/airflow/example_dags/example_branch_labels.py for tasks to queue
[2023-03-06T19:08:12.285+0000] {logging_mixin.py:137} INFO - [2023-03-06T19:08:12.285+0000] {dagbag.py:538} INFO - Filling up the DagBag from /home/airflow/.local/lib/python3.7/site-packages/airflow/example_dags/example_branch_labels.py
[2023-03-06T19:08:12.366+0000] {processor.py:753} INFO - DAG(s) dict_keys(['example_branch_labels']) retrieved from /home/airflow/.local/lib/python3.7/site-packages/airflow/example_dags/example_branch_labels.py
[2023-03-06T19:08:12.457+0000] {logging_mixin.py:137} INFO - [2023-03-06T19:08:12.456+0000] {dag.py:2690} INFO - Sync 1 DAGs
[2023-03-06T19:08:12.537+0000] {logging_mixin.py:137} INFO - [2023-03-06T19:08:12.537+0000] {dag.py:3441} INFO - Setting next_dagrun for example_branch_labels to 2023-03-05T00:00:00+00:00, run_after=2023-03-06T00:00:00+00:00
[2023-03-06T19:08:12.586+0000] {processor.py:175} INFO - Processing /home/airflow/.local/lib/python3.7/site-packages/airflow/example_dags/example_branch_labels.py took 0.444 seconds
[2023-03-06T19:08:42.955+0000] {processor.py:153} INFO - Started process (PID=2407) to work on /home/airflow/.local/lib/python3.7/site-packages/airflow/example_dags/example_branch_labels.py
[2023-03-06T19:08:42.960+0000] {processor.py:743} INFO - Processing file /home/airflow/.local/lib/python3.7/site-packages/airflow/example_dags/example_branch_labels.py for tasks to queue
[2023-03-06T19:08:42.964+0000] {logging_mixin.py:137} INFO - [2023-03-06T19:08:42.963+0000] {dagbag.py:538} INFO - Filling up the DagBag from /home/airflow/.local/lib/python3.7/site-packages/airflow/example_dags/example_branch_labels.py
[2023-03-06T19:08:43.010+0000] {processor.py:753} INFO - DAG(s) dict_keys(['example_branch_labels']) retrieved from /home/airflow/.local/lib/python3.7/site-packages/airflow/example_dags/example_branch_labels.py
[2023-03-06T19:08:43.088+0000] {logging_mixin.py:137} INFO - [2023-03-06T19:08:43.088+0000] {dag.py:2690} INFO - Sync 1 DAGs
[2023-03-06T19:08:43.161+0000] {logging_mixin.py:137} INFO - [2023-03-06T19:08:43.161+0000] {dag.py:3441} INFO - Setting next_dagrun for example_branch_labels to 2023-03-05T00:00:00+00:00, run_after=2023-03-06T00:00:00+00:00
[2023-03-06T19:08:43.212+0000] {processor.py:175} INFO - Processing /home/airflow/.local/lib/python3.7/site-packages/airflow/example_dags/example_branch_labels.py took 0.269 seconds
[2023-03-06T19:09:14.674+0000] {processor.py:153} INFO - Started process (PID=2457) to work on /home/airflow/.local/lib/python3.7/site-packages/airflow/example_dags/example_branch_labels.py
[2023-03-06T19:09:14.683+0000] {processor.py:743} INFO - Processing file /home/airflow/.local/lib/python3.7/site-packages/airflow/example_dags/example_branch_labels.py for tasks to queue
[2023-03-06T19:09:14.690+0000] {logging_mixin.py:137} INFO - [2023-03-06T19:09:14.689+0000] {dagbag.py:538} INFO - Filling up the DagBag from /home/airflow/.local/lib/python3.7/site-packages/airflow/example_dags/example_branch_labels.py
[2023-03-06T19:09:14.781+0000] {processor.py:753} INFO - DAG(s) dict_keys(['example_branch_labels']) retrieved from /home/airflow/.local/lib/python3.7/site-packages/airflow/example_dags/example_branch_labels.py
[2023-03-06T19:09:14.885+0000] {logging_mixin.py:137} INFO - [2023-03-06T19:09:14.885+0000] {dag.py:2690} INFO - Sync 1 DAGs
[2023-03-06T19:09:15.233+0000] {logging_mixin.py:137} INFO - [2023-03-06T19:09:15.232+0000] {dag.py:3441} INFO - Setting next_dagrun for example_branch_labels to 2023-03-05T00:00:00+00:00, run_after=2023-03-06T00:00:00+00:00
[2023-03-06T19:09:15.326+0000] {processor.py:175} INFO - Processing /home/airflow/.local/lib/python3.7/site-packages/airflow/example_dags/example_branch_labels.py took 0.666 seconds
[2023-03-06T19:09:46.092+0000] {processor.py:153} INFO - Started process (PID=2524) to work on /home/airflow/.local/lib/python3.7/site-packages/airflow/example_dags/example_branch_labels.py
[2023-03-06T19:09:46.097+0000] {processor.py:743} INFO - Processing file /home/airflow/.local/lib/python3.7/site-packages/airflow/example_dags/example_branch_labels.py for tasks to queue
[2023-03-06T19:09:46.102+0000] {logging_mixin.py:137} INFO - [2023-03-06T19:09:46.101+0000] {dagbag.py:538} INFO - Filling up the DagBag from /home/airflow/.local/lib/python3.7/site-packages/airflow/example_dags/example_branch_labels.py
[2023-03-06T19:09:46.149+0000] {processor.py:753} INFO - DAG(s) dict_keys(['example_branch_labels']) retrieved from /home/airflow/.local/lib/python3.7/site-packages/airflow/example_dags/example_branch_labels.py
[2023-03-06T19:09:46.236+0000] {logging_mixin.py:137} INFO - [2023-03-06T19:09:46.236+0000] {dag.py:2690} INFO - Sync 1 DAGs
[2023-03-06T19:09:46.347+0000] {logging_mixin.py:137} INFO - [2023-03-06T19:09:46.346+0000] {dag.py:3441} INFO - Setting next_dagrun for example_branch_labels to 2023-03-05T00:00:00+00:00, run_after=2023-03-06T00:00:00+00:00
[2023-03-06T19:09:46.766+0000] {processor.py:175} INFO - Processing /home/airflow/.local/lib/python3.7/site-packages/airflow/example_dags/example_branch_labels.py took 0.689 seconds
[2023-03-06T19:10:18.040+0000] {processor.py:153} INFO - Started process (PID=2588) to work on /home/airflow/.local/lib/python3.7/site-packages/airflow/example_dags/example_branch_labels.py
[2023-03-06T19:10:18.051+0000] {processor.py:743} INFO - Processing file /home/airflow/.local/lib/python3.7/site-packages/airflow/example_dags/example_branch_labels.py for tasks to queue
[2023-03-06T19:10:18.061+0000] {logging_mixin.py:137} INFO - [2023-03-06T19:10:18.061+0000] {dagbag.py:538} INFO - Filling up the DagBag from /home/airflow/.local/lib/python3.7/site-packages/airflow/example_dags/example_branch_labels.py
[2023-03-06T19:10:18.105+0000] {processor.py:753} INFO - DAG(s) dict_keys(['example_branch_labels']) retrieved from /home/airflow/.local/lib/python3.7/site-packages/airflow/example_dags/example_branch_labels.py
[2023-03-06T19:10:18.222+0000] {logging_mixin.py:137} INFO - [2023-03-06T19:10:18.221+0000] {dag.py:2690} INFO - Sync 1 DAGs
[2023-03-06T19:10:18.347+0000] {logging_mixin.py:137} INFO - [2023-03-06T19:10:18.346+0000] {dag.py:3441} INFO - Setting next_dagrun for example_branch_labels to 2023-03-05T00:00:00+00:00, run_after=2023-03-06T00:00:00+00:00
[2023-03-06T19:10:18.415+0000] {processor.py:175} INFO - Processing /home/airflow/.local/lib/python3.7/site-packages/airflow/example_dags/example_branch_labels.py took 0.389 seconds
[2023-03-06T19:10:48.802+0000] {processor.py:153} INFO - Started process (PID=2645) to work on /home/airflow/.local/lib/python3.7/site-packages/airflow/example_dags/example_branch_labels.py
[2023-03-06T19:10:48.807+0000] {processor.py:743} INFO - Processing file /home/airflow/.local/lib/python3.7/site-packages/airflow/example_dags/example_branch_labels.py for tasks to queue
[2023-03-06T19:10:48.812+0000] {logging_mixin.py:137} INFO - [2023-03-06T19:10:48.812+0000] {dagbag.py:538} INFO - Filling up the DagBag from /home/airflow/.local/lib/python3.7/site-packages/airflow/example_dags/example_branch_labels.py
[2023-03-06T19:10:48.854+0000] {processor.py:753} INFO - DAG(s) dict_keys(['example_branch_labels']) retrieved from /home/airflow/.local/lib/python3.7/site-packages/airflow/example_dags/example_branch_labels.py
[2023-03-06T19:10:48.930+0000] {logging_mixin.py:137} INFO - [2023-03-06T19:10:48.930+0000] {dag.py:2690} INFO - Sync 1 DAGs
[2023-03-06T19:10:49.024+0000] {logging_mixin.py:137} INFO - [2023-03-06T19:10:49.024+0000] {dag.py:3441} INFO - Setting next_dagrun for example_branch_labels to 2023-03-05T00:00:00+00:00, run_after=2023-03-06T00:00:00+00:00
[2023-03-06T19:10:49.070+0000] {processor.py:175} INFO - Processing /home/airflow/.local/lib/python3.7/site-packages/airflow/example_dags/example_branch_labels.py took 0.276 seconds
[2023-03-06T19:11:19.979+0000] {processor.py:153} INFO - Started process (PID=2710) to work on /home/airflow/.local/lib/python3.7/site-packages/airflow/example_dags/example_branch_labels.py
[2023-03-06T19:11:19.985+0000] {processor.py:743} INFO - Processing file /home/airflow/.local/lib/python3.7/site-packages/airflow/example_dags/example_branch_labels.py for tasks to queue
[2023-03-06T19:11:19.996+0000] {logging_mixin.py:137} INFO - [2023-03-06T19:11:19.996+0000] {dagbag.py:538} INFO - Filling up the DagBag from /home/airflow/.local/lib/python3.7/site-packages/airflow/example_dags/example_branch_labels.py
[2023-03-06T19:11:20.048+0000] {processor.py:753} INFO - DAG(s) dict_keys(['example_branch_labels']) retrieved from /home/airflow/.local/lib/python3.7/site-packages/airflow/example_dags/example_branch_labels.py
[2023-03-06T19:11:20.132+0000] {logging_mixin.py:137} INFO - [2023-03-06T19:11:20.132+0000] {dag.py:2690} INFO - Sync 1 DAGs
[2023-03-06T19:11:20.202+0000] {logging_mixin.py:137} INFO - [2023-03-06T19:11:20.202+0000] {dag.py:3441} INFO - Setting next_dagrun for example_branch_labels to 2023-03-05T00:00:00+00:00, run_after=2023-03-06T00:00:00+00:00
[2023-03-06T19:11:20.257+0000] {processor.py:175} INFO - Processing /home/airflow/.local/lib/python3.7/site-packages/airflow/example_dags/example_branch_labels.py took 0.288 seconds
[2023-03-06T19:11:52.699+0000] {processor.py:153} INFO - Started process (PID=2777) to work on /home/airflow/.local/lib/python3.7/site-packages/airflow/example_dags/example_branch_labels.py
[2023-03-06T19:11:52.710+0000] {processor.py:743} INFO - Processing file /home/airflow/.local/lib/python3.7/site-packages/airflow/example_dags/example_branch_labels.py for tasks to queue
[2023-03-06T19:11:52.719+0000] {logging_mixin.py:137} INFO - [2023-03-06T19:11:52.718+0000] {dagbag.py:538} INFO - Filling up the DagBag from /home/airflow/.local/lib/python3.7/site-packages/airflow/example_dags/example_branch_labels.py
[2023-03-06T19:11:53.062+0000] {processor.py:753} INFO - DAG(s) dict_keys(['example_branch_labels']) retrieved from /home/airflow/.local/lib/python3.7/site-packages/airflow/example_dags/example_branch_labels.py
[2023-03-06T19:11:53.522+0000] {logging_mixin.py:137} INFO - [2023-03-06T19:11:53.522+0000] {dag.py:2690} INFO - Sync 1 DAGs
[2023-03-06T19:11:53.852+0000] {logging_mixin.py:137} INFO - [2023-03-06T19:11:53.851+0000] {dag.py:3441} INFO - Setting next_dagrun for example_branch_labels to 2023-03-05T00:00:00+00:00, run_after=2023-03-06T00:00:00+00:00
[2023-03-06T19:11:53.918+0000] {processor.py:175} INFO - Processing /home/airflow/.local/lib/python3.7/site-packages/airflow/example_dags/example_branch_labels.py took 1.252 seconds
