[2023-03-06T17:08:29.327+0000] {processor.py:153} INFO - Started process (PID=78) to work on /home/airflow/.local/lib/python3.7/site-packages/airflow/example_dags/example_sensor_decorator.py
[2023-03-06T17:08:29.331+0000] {processor.py:743} INFO - Processing file /home/airflow/.local/lib/python3.7/site-packages/airflow/example_dags/example_sensor_decorator.py for tasks to queue
[2023-03-06T17:08:29.335+0000] {logging_mixin.py:137} INFO - [2023-03-06T17:08:29.335+0000] {dagbag.py:538} INFO - Filling up the DagBag from /home/airflow/.local/lib/python3.7/site-packages/airflow/example_dags/example_sensor_decorator.py
[2023-03-06T17:08:29.391+0000] {processor.py:753} INFO - DAG(s) dict_keys(['example_sensor_decorator']) retrieved from /home/airflow/.local/lib/python3.7/site-packages/airflow/example_dags/example_sensor_decorator.py
[2023-03-06T17:08:29.548+0000] {logging_mixin.py:137} INFO - [2023-03-06T17:08:29.547+0000] {dag.py:2690} INFO - Sync 1 DAGs
[2023-03-06T17:08:29.623+0000] {logging_mixin.py:137} INFO - [2023-03-06T17:08:29.623+0000] {dag.py:3441} INFO - Setting next_dagrun for example_sensor_decorator to None, run_after=None
[2023-03-06T17:08:29.717+0000] {processor.py:175} INFO - Processing /home/airflow/.local/lib/python3.7/site-packages/airflow/example_dags/example_sensor_decorator.py took 0.398 seconds
[2023-03-06T17:09:00.898+0000] {processor.py:153} INFO - Started process (PID=144) to work on /home/airflow/.local/lib/python3.7/site-packages/airflow/example_dags/example_sensor_decorator.py
[2023-03-06T17:09:00.903+0000] {processor.py:743} INFO - Processing file /home/airflow/.local/lib/python3.7/site-packages/airflow/example_dags/example_sensor_decorator.py for tasks to queue
[2023-03-06T17:09:00.908+0000] {logging_mixin.py:137} INFO - [2023-03-06T17:09:00.908+0000] {dagbag.py:538} INFO - Filling up the DagBag from /home/airflow/.local/lib/python3.7/site-packages/airflow/example_dags/example_sensor_decorator.py
[2023-03-06T17:09:00.954+0000] {processor.py:753} INFO - DAG(s) dict_keys(['example_sensor_decorator']) retrieved from /home/airflow/.local/lib/python3.7/site-packages/airflow/example_dags/example_sensor_decorator.py
[2023-03-06T17:09:01.007+0000] {logging_mixin.py:137} INFO - [2023-03-06T17:09:01.007+0000] {dag.py:2690} INFO - Sync 1 DAGs
[2023-03-06T17:09:01.057+0000] {logging_mixin.py:137} INFO - [2023-03-06T17:09:01.057+0000] {dag.py:3441} INFO - Setting next_dagrun for example_sensor_decorator to None, run_after=None
[2023-03-06T17:09:01.093+0000] {processor.py:175} INFO - Processing /home/airflow/.local/lib/python3.7/site-packages/airflow/example_dags/example_sensor_decorator.py took 0.205 seconds
[2023-03-06T17:09:33.704+0000] {processor.py:153} INFO - Started process (PID=210) to work on /home/airflow/.local/lib/python3.7/site-packages/airflow/example_dags/example_sensor_decorator.py
[2023-03-06T17:09:33.710+0000] {processor.py:743} INFO - Processing file /home/airflow/.local/lib/python3.7/site-packages/airflow/example_dags/example_sensor_decorator.py for tasks to queue
[2023-03-06T17:09:33.714+0000] {logging_mixin.py:137} INFO - [2023-03-06T17:09:33.714+0000] {dagbag.py:538} INFO - Filling up the DagBag from /home/airflow/.local/lib/python3.7/site-packages/airflow/example_dags/example_sensor_decorator.py
[2023-03-06T17:09:33.813+0000] {processor.py:753} INFO - DAG(s) dict_keys(['example_sensor_decorator']) retrieved from /home/airflow/.local/lib/python3.7/site-packages/airflow/example_dags/example_sensor_decorator.py
[2023-03-06T17:09:33.893+0000] {logging_mixin.py:137} INFO - [2023-03-06T17:09:33.893+0000] {dag.py:2690} INFO - Sync 1 DAGs
[2023-03-06T17:09:33.990+0000] {logging_mixin.py:137} INFO - [2023-03-06T17:09:33.989+0000] {dag.py:3441} INFO - Setting next_dagrun for example_sensor_decorator to None, run_after=None
[2023-03-06T17:09:34.043+0000] {processor.py:175} INFO - Processing /home/airflow/.local/lib/python3.7/site-packages/airflow/example_dags/example_sensor_decorator.py took 0.350 seconds
[2023-03-06T17:10:09.494+0000] {processor.py:153} INFO - Started process (PID=276) to work on /home/airflow/.local/lib/python3.7/site-packages/airflow/example_dags/example_sensor_decorator.py
[2023-03-06T17:10:09.528+0000] {processor.py:743} INFO - Processing file /home/airflow/.local/lib/python3.7/site-packages/airflow/example_dags/example_sensor_decorator.py for tasks to queue
[2023-03-06T17:10:09.548+0000] {logging_mixin.py:137} INFO - [2023-03-06T17:10:09.535+0000] {dagbag.py:538} INFO - Filling up the DagBag from /home/airflow/.local/lib/python3.7/site-packages/airflow/example_dags/example_sensor_decorator.py
[2023-03-06T17:10:09.682+0000] {processor.py:753} INFO - DAG(s) dict_keys(['example_sensor_decorator']) retrieved from /home/airflow/.local/lib/python3.7/site-packages/airflow/example_dags/example_sensor_decorator.py
[2023-03-06T17:10:09.823+0000] {logging_mixin.py:137} INFO - [2023-03-06T17:10:09.823+0000] {dag.py:2690} INFO - Sync 1 DAGs
[2023-03-06T17:10:09.998+0000] {logging_mixin.py:137} INFO - [2023-03-06T17:10:09.998+0000] {dag.py:3441} INFO - Setting next_dagrun for example_sensor_decorator to None, run_after=None
[2023-03-06T17:10:10.065+0000] {processor.py:175} INFO - Processing /home/airflow/.local/lib/python3.7/site-packages/airflow/example_dags/example_sensor_decorator.py took 0.596 seconds
[2023-03-06T17:10:44.993+0000] {processor.py:153} INFO - Started process (PID=342) to work on /home/airflow/.local/lib/python3.7/site-packages/airflow/example_dags/example_sensor_decorator.py
[2023-03-06T17:10:44.998+0000] {processor.py:743} INFO - Processing file /home/airflow/.local/lib/python3.7/site-packages/airflow/example_dags/example_sensor_decorator.py for tasks to queue
[2023-03-06T17:10:45.003+0000] {logging_mixin.py:137} INFO - [2023-03-06T17:10:45.003+0000] {dagbag.py:538} INFO - Filling up the DagBag from /home/airflow/.local/lib/python3.7/site-packages/airflow/example_dags/example_sensor_decorator.py
[2023-03-06T17:10:45.054+0000] {processor.py:753} INFO - DAG(s) dict_keys(['example_sensor_decorator']) retrieved from /home/airflow/.local/lib/python3.7/site-packages/airflow/example_dags/example_sensor_decorator.py
[2023-03-06T17:10:45.190+0000] {logging_mixin.py:137} INFO - [2023-03-06T17:10:45.190+0000] {dag.py:2690} INFO - Sync 1 DAGs
[2023-03-06T17:10:45.258+0000] {logging_mixin.py:137} INFO - [2023-03-06T17:10:45.258+0000] {dag.py:3441} INFO - Setting next_dagrun for example_sensor_decorator to None, run_after=None
[2023-03-06T17:10:45.310+0000] {processor.py:175} INFO - Processing /home/airflow/.local/lib/python3.7/site-packages/airflow/example_dags/example_sensor_decorator.py took 0.331 seconds
[2023-03-06T17:11:20.836+0000] {processor.py:153} INFO - Started process (PID=408) to work on /home/airflow/.local/lib/python3.7/site-packages/airflow/example_dags/example_sensor_decorator.py
[2023-03-06T17:11:20.842+0000] {processor.py:743} INFO - Processing file /home/airflow/.local/lib/python3.7/site-packages/airflow/example_dags/example_sensor_decorator.py for tasks to queue
[2023-03-06T17:11:20.852+0000] {logging_mixin.py:137} INFO - [2023-03-06T17:11:20.850+0000] {dagbag.py:538} INFO - Filling up the DagBag from /home/airflow/.local/lib/python3.7/site-packages/airflow/example_dags/example_sensor_decorator.py
[2023-03-06T17:11:20.970+0000] {processor.py:753} INFO - DAG(s) dict_keys(['example_sensor_decorator']) retrieved from /home/airflow/.local/lib/python3.7/site-packages/airflow/example_dags/example_sensor_decorator.py
[2023-03-06T17:11:21.084+0000] {logging_mixin.py:137} INFO - [2023-03-06T17:11:21.083+0000] {dag.py:2690} INFO - Sync 1 DAGs
[2023-03-06T17:11:21.241+0000] {logging_mixin.py:137} INFO - [2023-03-06T17:11:21.240+0000] {dag.py:3441} INFO - Setting next_dagrun for example_sensor_decorator to None, run_after=None
[2023-03-06T17:11:21.335+0000] {processor.py:175} INFO - Processing /home/airflow/.local/lib/python3.7/site-packages/airflow/example_dags/example_sensor_decorator.py took 0.515 seconds
[2023-03-06T17:11:55.580+0000] {processor.py:153} INFO - Started process (PID=487) to work on /home/airflow/.local/lib/python3.7/site-packages/airflow/example_dags/example_sensor_decorator.py
[2023-03-06T17:11:55.584+0000] {processor.py:743} INFO - Processing file /home/airflow/.local/lib/python3.7/site-packages/airflow/example_dags/example_sensor_decorator.py for tasks to queue
[2023-03-06T17:11:55.586+0000] {logging_mixin.py:137} INFO - [2023-03-06T17:11:55.586+0000] {dagbag.py:538} INFO - Filling up the DagBag from /home/airflow/.local/lib/python3.7/site-packages/airflow/example_dags/example_sensor_decorator.py
[2023-03-06T17:11:55.629+0000] {processor.py:753} INFO - DAG(s) dict_keys(['example_sensor_decorator']) retrieved from /home/airflow/.local/lib/python3.7/site-packages/airflow/example_dags/example_sensor_decorator.py
[2023-03-06T17:11:55.674+0000] {logging_mixin.py:137} INFO - [2023-03-06T17:11:55.673+0000] {dag.py:2690} INFO - Sync 1 DAGs
[2023-03-06T17:11:55.721+0000] {logging_mixin.py:137} INFO - [2023-03-06T17:11:55.721+0000] {dag.py:3441} INFO - Setting next_dagrun for example_sensor_decorator to None, run_after=None
[2023-03-06T17:11:55.754+0000] {processor.py:175} INFO - Processing /home/airflow/.local/lib/python3.7/site-packages/airflow/example_dags/example_sensor_decorator.py took 0.181 seconds
[2023-03-06T17:12:26.194+0000] {processor.py:153} INFO - Started process (PID=552) to work on /home/airflow/.local/lib/python3.7/site-packages/airflow/example_dags/example_sensor_decorator.py
[2023-03-06T17:12:26.196+0000] {processor.py:743} INFO - Processing file /home/airflow/.local/lib/python3.7/site-packages/airflow/example_dags/example_sensor_decorator.py for tasks to queue
[2023-03-06T17:12:26.198+0000] {logging_mixin.py:137} INFO - [2023-03-06T17:12:26.198+0000] {dagbag.py:538} INFO - Filling up the DagBag from /home/airflow/.local/lib/python3.7/site-packages/airflow/example_dags/example_sensor_decorator.py
[2023-03-06T17:12:26.234+0000] {processor.py:753} INFO - DAG(s) dict_keys(['example_sensor_decorator']) retrieved from /home/airflow/.local/lib/python3.7/site-packages/airflow/example_dags/example_sensor_decorator.py
[2023-03-06T17:12:26.276+0000] {logging_mixin.py:137} INFO - [2023-03-06T17:12:26.276+0000] {dag.py:2690} INFO - Sync 1 DAGs
[2023-03-06T17:12:26.317+0000] {logging_mixin.py:137} INFO - [2023-03-06T17:12:26.317+0000] {dag.py:3441} INFO - Setting next_dagrun for example_sensor_decorator to None, run_after=None
[2023-03-06T17:12:26.346+0000] {processor.py:175} INFO - Processing /home/airflow/.local/lib/python3.7/site-packages/airflow/example_dags/example_sensor_decorator.py took 0.160 seconds
[2023-03-06T17:12:56.847+0000] {processor.py:153} INFO - Started process (PID=617) to work on /home/airflow/.local/lib/python3.7/site-packages/airflow/example_dags/example_sensor_decorator.py
[2023-03-06T17:12:56.851+0000] {processor.py:743} INFO - Processing file /home/airflow/.local/lib/python3.7/site-packages/airflow/example_dags/example_sensor_decorator.py for tasks to queue
[2023-03-06T17:12:56.854+0000] {logging_mixin.py:137} INFO - [2023-03-06T17:12:56.854+0000] {dagbag.py:538} INFO - Filling up the DagBag from /home/airflow/.local/lib/python3.7/site-packages/airflow/example_dags/example_sensor_decorator.py
[2023-03-06T17:12:56.900+0000] {processor.py:753} INFO - DAG(s) dict_keys(['example_sensor_decorator']) retrieved from /home/airflow/.local/lib/python3.7/site-packages/airflow/example_dags/example_sensor_decorator.py
[2023-03-06T17:12:56.969+0000] {logging_mixin.py:137} INFO - [2023-03-06T17:12:56.969+0000] {dag.py:2690} INFO - Sync 1 DAGs
[2023-03-06T17:12:57.023+0000] {logging_mixin.py:137} INFO - [2023-03-06T17:12:57.022+0000] {dag.py:3441} INFO - Setting next_dagrun for example_sensor_decorator to None, run_after=None
[2023-03-06T17:12:57.057+0000] {processor.py:175} INFO - Processing /home/airflow/.local/lib/python3.7/site-packages/airflow/example_dags/example_sensor_decorator.py took 0.220 seconds
[2023-03-06T17:13:27.622+0000] {processor.py:153} INFO - Started process (PID=691) to work on /home/airflow/.local/lib/python3.7/site-packages/airflow/example_dags/example_sensor_decorator.py
[2023-03-06T17:13:27.628+0000] {processor.py:743} INFO - Processing file /home/airflow/.local/lib/python3.7/site-packages/airflow/example_dags/example_sensor_decorator.py for tasks to queue
[2023-03-06T17:13:27.651+0000] {logging_mixin.py:137} INFO - [2023-03-06T17:13:27.642+0000] {dagbag.py:538} INFO - Filling up the DagBag from /home/airflow/.local/lib/python3.7/site-packages/airflow/example_dags/example_sensor_decorator.py
[2023-03-06T17:13:27.953+0000] {processor.py:753} INFO - DAG(s) dict_keys(['example_sensor_decorator']) retrieved from /home/airflow/.local/lib/python3.7/site-packages/airflow/example_dags/example_sensor_decorator.py
[2023-03-06T17:13:28.062+0000] {logging_mixin.py:137} INFO - [2023-03-06T17:13:28.061+0000] {dag.py:2690} INFO - Sync 1 DAGs
[2023-03-06T17:13:28.166+0000] {logging_mixin.py:137} INFO - [2023-03-06T17:13:28.166+0000] {dag.py:3441} INFO - Setting next_dagrun for example_sensor_decorator to None, run_after=None
[2023-03-06T17:13:28.244+0000] {processor.py:175} INFO - Processing /home/airflow/.local/lib/python3.7/site-packages/airflow/example_dags/example_sensor_decorator.py took 0.645 seconds
[2023-03-06T18:50:18.121+0000] {processor.py:153} INFO - Started process (PID=71) to work on /home/airflow/.local/lib/python3.7/site-packages/airflow/example_dags/example_sensor_decorator.py
[2023-03-06T18:50:18.130+0000] {processor.py:743} INFO - Processing file /home/airflow/.local/lib/python3.7/site-packages/airflow/example_dags/example_sensor_decorator.py for tasks to queue
[2023-03-06T18:50:18.133+0000] {logging_mixin.py:137} INFO - [2023-03-06T18:50:18.133+0000] {dagbag.py:538} INFO - Filling up the DagBag from /home/airflow/.local/lib/python3.7/site-packages/airflow/example_dags/example_sensor_decorator.py
[2023-03-06T18:50:18.378+0000] {processor.py:753} INFO - DAG(s) dict_keys(['example_sensor_decorator']) retrieved from /home/airflow/.local/lib/python3.7/site-packages/airflow/example_dags/example_sensor_decorator.py
[2023-03-06T18:50:18.488+0000] {logging_mixin.py:137} INFO - [2023-03-06T18:50:18.488+0000] {dag.py:2690} INFO - Sync 1 DAGs
[2023-03-06T18:50:18.690+0000] {logging_mixin.py:137} INFO - [2023-03-06T18:50:18.690+0000] {dag.py:3441} INFO - Setting next_dagrun for example_sensor_decorator to None, run_after=None
[2023-03-06T18:50:18.820+0000] {processor.py:175} INFO - Processing /home/airflow/.local/lib/python3.7/site-packages/airflow/example_dags/example_sensor_decorator.py took 0.791 seconds
[2023-03-06T18:50:49.377+0000] {processor.py:153} INFO - Started process (PID=141) to work on /home/airflow/.local/lib/python3.7/site-packages/airflow/example_dags/example_sensor_decorator.py
[2023-03-06T18:50:49.381+0000] {processor.py:743} INFO - Processing file /home/airflow/.local/lib/python3.7/site-packages/airflow/example_dags/example_sensor_decorator.py for tasks to queue
[2023-03-06T18:50:49.384+0000] {logging_mixin.py:137} INFO - [2023-03-06T18:50:49.384+0000] {dagbag.py:538} INFO - Filling up the DagBag from /home/airflow/.local/lib/python3.7/site-packages/airflow/example_dags/example_sensor_decorator.py
[2023-03-06T18:50:49.425+0000] {processor.py:753} INFO - DAG(s) dict_keys(['example_sensor_decorator']) retrieved from /home/airflow/.local/lib/python3.7/site-packages/airflow/example_dags/example_sensor_decorator.py
[2023-03-06T18:50:49.469+0000] {logging_mixin.py:137} INFO - [2023-03-06T18:50:49.469+0000] {dag.py:2690} INFO - Sync 1 DAGs
[2023-03-06T18:50:49.510+0000] {logging_mixin.py:137} INFO - [2023-03-06T18:50:49.510+0000] {dag.py:3441} INFO - Setting next_dagrun for example_sensor_decorator to None, run_after=None
[2023-03-06T18:50:49.539+0000] {processor.py:175} INFO - Processing /home/airflow/.local/lib/python3.7/site-packages/airflow/example_dags/example_sensor_decorator.py took 0.167 seconds
[2023-03-06T18:51:20.040+0000] {processor.py:153} INFO - Started process (PID=209) to work on /home/airflow/.local/lib/python3.7/site-packages/airflow/example_dags/example_sensor_decorator.py
[2023-03-06T18:51:20.045+0000] {processor.py:743} INFO - Processing file /home/airflow/.local/lib/python3.7/site-packages/airflow/example_dags/example_sensor_decorator.py for tasks to queue
[2023-03-06T18:51:20.050+0000] {logging_mixin.py:137} INFO - [2023-03-06T18:51:20.049+0000] {dagbag.py:538} INFO - Filling up the DagBag from /home/airflow/.local/lib/python3.7/site-packages/airflow/example_dags/example_sensor_decorator.py
[2023-03-06T18:51:20.096+0000] {processor.py:753} INFO - DAG(s) dict_keys(['example_sensor_decorator']) retrieved from /home/airflow/.local/lib/python3.7/site-packages/airflow/example_dags/example_sensor_decorator.py
[2023-03-06T18:51:20.148+0000] {logging_mixin.py:137} INFO - [2023-03-06T18:51:20.147+0000] {dag.py:2690} INFO - Sync 1 DAGs
[2023-03-06T18:51:20.212+0000] {logging_mixin.py:137} INFO - [2023-03-06T18:51:20.212+0000] {dag.py:3441} INFO - Setting next_dagrun for example_sensor_decorator to None, run_after=None
[2023-03-06T18:51:20.255+0000] {processor.py:175} INFO - Processing /home/airflow/.local/lib/python3.7/site-packages/airflow/example_dags/example_sensor_decorator.py took 0.225 seconds
[2023-03-06T18:51:51.685+0000] {processor.py:153} INFO - Started process (PID=275) to work on /home/airflow/.local/lib/python3.7/site-packages/airflow/example_dags/example_sensor_decorator.py
[2023-03-06T18:51:51.689+0000] {processor.py:743} INFO - Processing file /home/airflow/.local/lib/python3.7/site-packages/airflow/example_dags/example_sensor_decorator.py for tasks to queue
[2023-03-06T18:51:51.694+0000] {logging_mixin.py:137} INFO - [2023-03-06T18:51:51.693+0000] {dagbag.py:538} INFO - Filling up the DagBag from /home/airflow/.local/lib/python3.7/site-packages/airflow/example_dags/example_sensor_decorator.py
[2023-03-06T18:51:51.840+0000] {processor.py:753} INFO - DAG(s) dict_keys(['example_sensor_decorator']) retrieved from /home/airflow/.local/lib/python3.7/site-packages/airflow/example_dags/example_sensor_decorator.py
[2023-03-06T18:51:51.940+0000] {logging_mixin.py:137} INFO - [2023-03-06T18:51:51.939+0000] {dag.py:2690} INFO - Sync 1 DAGs
[2023-03-06T18:51:52.039+0000] {logging_mixin.py:137} INFO - [2023-03-06T18:51:52.039+0000] {dag.py:3441} INFO - Setting next_dagrun for example_sensor_decorator to None, run_after=None
[2023-03-06T18:51:52.089+0000] {processor.py:175} INFO - Processing /home/airflow/.local/lib/python3.7/site-packages/airflow/example_dags/example_sensor_decorator.py took 0.418 seconds
[2023-03-06T18:52:22.228+0000] {processor.py:153} INFO - Started process (PID=343) to work on /home/airflow/.local/lib/python3.7/site-packages/airflow/example_dags/example_sensor_decorator.py
[2023-03-06T18:52:22.231+0000] {processor.py:743} INFO - Processing file /home/airflow/.local/lib/python3.7/site-packages/airflow/example_dags/example_sensor_decorator.py for tasks to queue
[2023-03-06T18:52:22.235+0000] {logging_mixin.py:137} INFO - [2023-03-06T18:52:22.235+0000] {dagbag.py:538} INFO - Filling up the DagBag from /home/airflow/.local/lib/python3.7/site-packages/airflow/example_dags/example_sensor_decorator.py
[2023-03-06T18:52:22.288+0000] {processor.py:753} INFO - DAG(s) dict_keys(['example_sensor_decorator']) retrieved from /home/airflow/.local/lib/python3.7/site-packages/airflow/example_dags/example_sensor_decorator.py
[2023-03-06T18:52:22.358+0000] {logging_mixin.py:137} INFO - [2023-03-06T18:52:22.358+0000] {dag.py:2690} INFO - Sync 1 DAGs
[2023-03-06T18:52:22.437+0000] {logging_mixin.py:137} INFO - [2023-03-06T18:52:22.436+0000] {dag.py:3441} INFO - Setting next_dagrun for example_sensor_decorator to None, run_after=None
[2023-03-06T18:52:22.473+0000] {processor.py:175} INFO - Processing /home/airflow/.local/lib/python3.7/site-packages/airflow/example_dags/example_sensor_decorator.py took 0.254 seconds
[2023-03-06T18:52:54.072+0000] {processor.py:153} INFO - Started process (PID=410) to work on /home/airflow/.local/lib/python3.7/site-packages/airflow/example_dags/example_sensor_decorator.py
[2023-03-06T18:52:54.081+0000] {processor.py:743} INFO - Processing file /home/airflow/.local/lib/python3.7/site-packages/airflow/example_dags/example_sensor_decorator.py for tasks to queue
[2023-03-06T18:52:54.091+0000] {logging_mixin.py:137} INFO - [2023-03-06T18:52:54.088+0000] {dagbag.py:538} INFO - Filling up the DagBag from /home/airflow/.local/lib/python3.7/site-packages/airflow/example_dags/example_sensor_decorator.py
[2023-03-06T18:52:54.163+0000] {processor.py:753} INFO - DAG(s) dict_keys(['example_sensor_decorator']) retrieved from /home/airflow/.local/lib/python3.7/site-packages/airflow/example_dags/example_sensor_decorator.py
[2023-03-06T18:52:54.224+0000] {logging_mixin.py:137} INFO - [2023-03-06T18:52:54.224+0000] {dag.py:2690} INFO - Sync 1 DAGs
[2023-03-06T18:52:54.285+0000] {logging_mixin.py:137} INFO - [2023-03-06T18:52:54.284+0000] {dag.py:3441} INFO - Setting next_dagrun for example_sensor_decorator to None, run_after=None
[2023-03-06T18:52:54.363+0000] {processor.py:175} INFO - Processing /home/airflow/.local/lib/python3.7/site-packages/airflow/example_dags/example_sensor_decorator.py took 0.302 seconds
[2023-03-06T18:53:26.485+0000] {processor.py:153} INFO - Started process (PID=480) to work on /home/airflow/.local/lib/python3.7/site-packages/airflow/example_dags/example_sensor_decorator.py
[2023-03-06T18:53:26.488+0000] {processor.py:743} INFO - Processing file /home/airflow/.local/lib/python3.7/site-packages/airflow/example_dags/example_sensor_decorator.py for tasks to queue
[2023-03-06T18:53:26.492+0000] {logging_mixin.py:137} INFO - [2023-03-06T18:53:26.492+0000] {dagbag.py:538} INFO - Filling up the DagBag from /home/airflow/.local/lib/python3.7/site-packages/airflow/example_dags/example_sensor_decorator.py
[2023-03-06T18:53:26.545+0000] {processor.py:753} INFO - DAG(s) dict_keys(['example_sensor_decorator']) retrieved from /home/airflow/.local/lib/python3.7/site-packages/airflow/example_dags/example_sensor_decorator.py
[2023-03-06T18:53:26.610+0000] {logging_mixin.py:137} INFO - [2023-03-06T18:53:26.608+0000] {dag.py:2690} INFO - Sync 1 DAGs
[2023-03-06T18:53:26.669+0000] {logging_mixin.py:137} INFO - [2023-03-06T18:53:26.668+0000] {dag.py:3441} INFO - Setting next_dagrun for example_sensor_decorator to None, run_after=None
[2023-03-06T18:53:26.714+0000] {processor.py:175} INFO - Processing /home/airflow/.local/lib/python3.7/site-packages/airflow/example_dags/example_sensor_decorator.py took 0.237 seconds
[2023-03-06T18:53:56.958+0000] {processor.py:153} INFO - Started process (PID=544) to work on /home/airflow/.local/lib/python3.7/site-packages/airflow/example_dags/example_sensor_decorator.py
[2023-03-06T18:53:56.963+0000] {processor.py:743} INFO - Processing file /home/airflow/.local/lib/python3.7/site-packages/airflow/example_dags/example_sensor_decorator.py for tasks to queue
[2023-03-06T18:53:56.966+0000] {logging_mixin.py:137} INFO - [2023-03-06T18:53:56.966+0000] {dagbag.py:538} INFO - Filling up the DagBag from /home/airflow/.local/lib/python3.7/site-packages/airflow/example_dags/example_sensor_decorator.py
[2023-03-06T18:53:57.006+0000] {processor.py:753} INFO - DAG(s) dict_keys(['example_sensor_decorator']) retrieved from /home/airflow/.local/lib/python3.7/site-packages/airflow/example_dags/example_sensor_decorator.py
[2023-03-06T18:53:57.054+0000] {logging_mixin.py:137} INFO - [2023-03-06T18:53:57.053+0000] {dag.py:2690} INFO - Sync 1 DAGs
[2023-03-06T18:53:57.096+0000] {logging_mixin.py:137} INFO - [2023-03-06T18:53:57.096+0000] {dag.py:3441} INFO - Setting next_dagrun for example_sensor_decorator to None, run_after=None
[2023-03-06T18:53:57.130+0000] {processor.py:175} INFO - Processing /home/airflow/.local/lib/python3.7/site-packages/airflow/example_dags/example_sensor_decorator.py took 0.184 seconds
[2023-03-06T18:54:27.550+0000] {processor.py:153} INFO - Started process (PID=610) to work on /home/airflow/.local/lib/python3.7/site-packages/airflow/example_dags/example_sensor_decorator.py
[2023-03-06T18:54:27.553+0000] {processor.py:743} INFO - Processing file /home/airflow/.local/lib/python3.7/site-packages/airflow/example_dags/example_sensor_decorator.py for tasks to queue
[2023-03-06T18:54:27.555+0000] {logging_mixin.py:137} INFO - [2023-03-06T18:54:27.555+0000] {dagbag.py:538} INFO - Filling up the DagBag from /home/airflow/.local/lib/python3.7/site-packages/airflow/example_dags/example_sensor_decorator.py
[2023-03-06T18:54:27.596+0000] {processor.py:753} INFO - DAG(s) dict_keys(['example_sensor_decorator']) retrieved from /home/airflow/.local/lib/python3.7/site-packages/airflow/example_dags/example_sensor_decorator.py
[2023-03-06T18:54:27.642+0000] {logging_mixin.py:137} INFO - [2023-03-06T18:54:27.642+0000] {dag.py:2690} INFO - Sync 1 DAGs
[2023-03-06T18:54:27.694+0000] {logging_mixin.py:137} INFO - [2023-03-06T18:54:27.693+0000] {dag.py:3441} INFO - Setting next_dagrun for example_sensor_decorator to None, run_after=None
[2023-03-06T18:54:27.724+0000] {processor.py:175} INFO - Processing /home/airflow/.local/lib/python3.7/site-packages/airflow/example_dags/example_sensor_decorator.py took 0.179 seconds
[2023-03-06T18:54:58.410+0000] {processor.py:153} INFO - Started process (PID=684) to work on /home/airflow/.local/lib/python3.7/site-packages/airflow/example_dags/example_sensor_decorator.py
[2023-03-06T18:54:58.420+0000] {processor.py:743} INFO - Processing file /home/airflow/.local/lib/python3.7/site-packages/airflow/example_dags/example_sensor_decorator.py for tasks to queue
[2023-03-06T18:54:58.423+0000] {logging_mixin.py:137} INFO - [2023-03-06T18:54:58.422+0000] {dagbag.py:538} INFO - Filling up the DagBag from /home/airflow/.local/lib/python3.7/site-packages/airflow/example_dags/example_sensor_decorator.py
[2023-03-06T18:54:58.481+0000] {processor.py:753} INFO - DAG(s) dict_keys(['example_sensor_decorator']) retrieved from /home/airflow/.local/lib/python3.7/site-packages/airflow/example_dags/example_sensor_decorator.py
[2023-03-06T18:54:58.602+0000] {logging_mixin.py:137} INFO - [2023-03-06T18:54:58.602+0000] {dag.py:2690} INFO - Sync 1 DAGs
[2023-03-06T18:54:58.784+0000] {logging_mixin.py:137} INFO - [2023-03-06T18:54:58.784+0000] {dag.py:3441} INFO - Setting next_dagrun for example_sensor_decorator to None, run_after=None
[2023-03-06T18:54:58.836+0000] {processor.py:175} INFO - Processing /home/airflow/.local/lib/python3.7/site-packages/airflow/example_dags/example_sensor_decorator.py took 0.432 seconds
[2023-03-06T18:55:29.687+0000] {processor.py:153} INFO - Started process (PID=757) to work on /home/airflow/.local/lib/python3.7/site-packages/airflow/example_dags/example_sensor_decorator.py
[2023-03-06T18:55:29.690+0000] {processor.py:743} INFO - Processing file /home/airflow/.local/lib/python3.7/site-packages/airflow/example_dags/example_sensor_decorator.py for tasks to queue
[2023-03-06T18:55:29.693+0000] {logging_mixin.py:137} INFO - [2023-03-06T18:55:29.693+0000] {dagbag.py:538} INFO - Filling up the DagBag from /home/airflow/.local/lib/python3.7/site-packages/airflow/example_dags/example_sensor_decorator.py
[2023-03-06T18:55:29.756+0000] {processor.py:753} INFO - DAG(s) dict_keys(['example_sensor_decorator']) retrieved from /home/airflow/.local/lib/python3.7/site-packages/airflow/example_dags/example_sensor_decorator.py
[2023-03-06T18:55:29.826+0000] {logging_mixin.py:137} INFO - [2023-03-06T18:55:29.825+0000] {dag.py:2690} INFO - Sync 1 DAGs
[2023-03-06T18:55:29.909+0000] {logging_mixin.py:137} INFO - [2023-03-06T18:55:29.909+0000] {dag.py:3441} INFO - Setting next_dagrun for example_sensor_decorator to None, run_after=None
[2023-03-06T18:55:29.956+0000] {processor.py:175} INFO - Processing /home/airflow/.local/lib/python3.7/site-packages/airflow/example_dags/example_sensor_decorator.py took 0.277 seconds
[2023-03-06T18:56:00.026+0000] {processor.py:153} INFO - Started process (PID=823) to work on /home/airflow/.local/lib/python3.7/site-packages/airflow/example_dags/example_sensor_decorator.py
[2023-03-06T18:56:00.029+0000] {processor.py:743} INFO - Processing file /home/airflow/.local/lib/python3.7/site-packages/airflow/example_dags/example_sensor_decorator.py for tasks to queue
[2023-03-06T18:56:00.031+0000] {logging_mixin.py:137} INFO - [2023-03-06T18:56:00.031+0000] {dagbag.py:538} INFO - Filling up the DagBag from /home/airflow/.local/lib/python3.7/site-packages/airflow/example_dags/example_sensor_decorator.py
[2023-03-06T18:56:00.068+0000] {processor.py:753} INFO - DAG(s) dict_keys(['example_sensor_decorator']) retrieved from /home/airflow/.local/lib/python3.7/site-packages/airflow/example_dags/example_sensor_decorator.py
[2023-03-06T18:56:00.109+0000] {logging_mixin.py:137} INFO - [2023-03-06T18:56:00.108+0000] {dag.py:2690} INFO - Sync 1 DAGs
[2023-03-06T18:56:00.220+0000] {logging_mixin.py:137} INFO - [2023-03-06T18:56:00.219+0000] {dag.py:3441} INFO - Setting next_dagrun for example_sensor_decorator to None, run_after=None
[2023-03-06T18:56:00.278+0000] {processor.py:175} INFO - Processing /home/airflow/.local/lib/python3.7/site-packages/airflow/example_dags/example_sensor_decorator.py took 0.258 seconds
[2023-03-06T18:56:30.328+0000] {processor.py:153} INFO - Started process (PID=890) to work on /home/airflow/.local/lib/python3.7/site-packages/airflow/example_dags/example_sensor_decorator.py
[2023-03-06T18:56:30.331+0000] {processor.py:743} INFO - Processing file /home/airflow/.local/lib/python3.7/site-packages/airflow/example_dags/example_sensor_decorator.py for tasks to queue
[2023-03-06T18:56:30.334+0000] {logging_mixin.py:137} INFO - [2023-03-06T18:56:30.333+0000] {dagbag.py:538} INFO - Filling up the DagBag from /home/airflow/.local/lib/python3.7/site-packages/airflow/example_dags/example_sensor_decorator.py
[2023-03-06T18:56:30.366+0000] {processor.py:753} INFO - DAG(s) dict_keys(['example_sensor_decorator']) retrieved from /home/airflow/.local/lib/python3.7/site-packages/airflow/example_dags/example_sensor_decorator.py
[2023-03-06T18:56:30.402+0000] {logging_mixin.py:137} INFO - [2023-03-06T18:56:30.402+0000] {dag.py:2690} INFO - Sync 1 DAGs
[2023-03-06T18:56:30.437+0000] {logging_mixin.py:137} INFO - [2023-03-06T18:56:30.437+0000] {dag.py:3441} INFO - Setting next_dagrun for example_sensor_decorator to None, run_after=None
[2023-03-06T18:56:30.465+0000] {processor.py:175} INFO - Processing /home/airflow/.local/lib/python3.7/site-packages/airflow/example_dags/example_sensor_decorator.py took 0.142 seconds
[2023-03-06T18:57:00.642+0000] {processor.py:153} INFO - Started process (PID=957) to work on /home/airflow/.local/lib/python3.7/site-packages/airflow/example_dags/example_sensor_decorator.py
[2023-03-06T18:57:00.646+0000] {processor.py:743} INFO - Processing file /home/airflow/.local/lib/python3.7/site-packages/airflow/example_dags/example_sensor_decorator.py for tasks to queue
[2023-03-06T18:57:00.649+0000] {logging_mixin.py:137} INFO - [2023-03-06T18:57:00.648+0000] {dagbag.py:538} INFO - Filling up the DagBag from /home/airflow/.local/lib/python3.7/site-packages/airflow/example_dags/example_sensor_decorator.py
[2023-03-06T18:57:00.685+0000] {processor.py:753} INFO - DAG(s) dict_keys(['example_sensor_decorator']) retrieved from /home/airflow/.local/lib/python3.7/site-packages/airflow/example_dags/example_sensor_decorator.py
[2023-03-06T18:57:00.731+0000] {logging_mixin.py:137} INFO - [2023-03-06T18:57:00.731+0000] {dag.py:2690} INFO - Sync 1 DAGs
[2023-03-06T18:57:00.793+0000] {logging_mixin.py:137} INFO - [2023-03-06T18:57:00.793+0000] {dag.py:3441} INFO - Setting next_dagrun for example_sensor_decorator to None, run_after=None
[2023-03-06T18:57:00.829+0000] {processor.py:175} INFO - Processing /home/airflow/.local/lib/python3.7/site-packages/airflow/example_dags/example_sensor_decorator.py took 0.198 seconds
[2023-03-06T18:57:31.071+0000] {processor.py:153} INFO - Started process (PID=1033) to work on /home/airflow/.local/lib/python3.7/site-packages/airflow/example_dags/example_sensor_decorator.py
[2023-03-06T18:57:31.075+0000] {processor.py:743} INFO - Processing file /home/airflow/.local/lib/python3.7/site-packages/airflow/example_dags/example_sensor_decorator.py for tasks to queue
[2023-03-06T18:57:31.080+0000] {logging_mixin.py:137} INFO - [2023-03-06T18:57:31.079+0000] {dagbag.py:538} INFO - Filling up the DagBag from /home/airflow/.local/lib/python3.7/site-packages/airflow/example_dags/example_sensor_decorator.py
[2023-03-06T18:57:31.123+0000] {processor.py:753} INFO - DAG(s) dict_keys(['example_sensor_decorator']) retrieved from /home/airflow/.local/lib/python3.7/site-packages/airflow/example_dags/example_sensor_decorator.py
[2023-03-06T18:57:31.184+0000] {logging_mixin.py:137} INFO - [2023-03-06T18:57:31.184+0000] {dag.py:2690} INFO - Sync 1 DAGs
[2023-03-06T18:57:31.238+0000] {logging_mixin.py:137} INFO - [2023-03-06T18:57:31.237+0000] {dag.py:3441} INFO - Setting next_dagrun for example_sensor_decorator to None, run_after=None
[2023-03-06T18:57:31.277+0000] {processor.py:175} INFO - Processing /home/airflow/.local/lib/python3.7/site-packages/airflow/example_dags/example_sensor_decorator.py took 0.216 seconds
[2023-03-06T18:58:01.631+0000] {processor.py:153} INFO - Started process (PID=1091) to work on /home/airflow/.local/lib/python3.7/site-packages/airflow/example_dags/example_sensor_decorator.py
[2023-03-06T18:58:01.637+0000] {processor.py:743} INFO - Processing file /home/airflow/.local/lib/python3.7/site-packages/airflow/example_dags/example_sensor_decorator.py for tasks to queue
[2023-03-06T18:58:01.642+0000] {logging_mixin.py:137} INFO - [2023-03-06T18:58:01.642+0000] {dagbag.py:538} INFO - Filling up the DagBag from /home/airflow/.local/lib/python3.7/site-packages/airflow/example_dags/example_sensor_decorator.py
[2023-03-06T18:58:01.677+0000] {processor.py:753} INFO - DAG(s) dict_keys(['example_sensor_decorator']) retrieved from /home/airflow/.local/lib/python3.7/site-packages/airflow/example_dags/example_sensor_decorator.py
[2023-03-06T18:58:01.717+0000] {logging_mixin.py:137} INFO - [2023-03-06T18:58:01.717+0000] {dag.py:2690} INFO - Sync 1 DAGs
[2023-03-06T18:58:01.766+0000] {logging_mixin.py:137} INFO - [2023-03-06T18:58:01.766+0000] {dag.py:3441} INFO - Setting next_dagrun for example_sensor_decorator to None, run_after=None
[2023-03-06T18:58:01.799+0000] {processor.py:175} INFO - Processing /home/airflow/.local/lib/python3.7/site-packages/airflow/example_dags/example_sensor_decorator.py took 0.174 seconds
[2023-03-06T18:58:32.643+0000] {processor.py:153} INFO - Started process (PID=1170) to work on /home/airflow/.local/lib/python3.7/site-packages/airflow/example_dags/example_sensor_decorator.py
[2023-03-06T18:58:32.647+0000] {processor.py:743} INFO - Processing file /home/airflow/.local/lib/python3.7/site-packages/airflow/example_dags/example_sensor_decorator.py for tasks to queue
[2023-03-06T18:58:32.651+0000] {logging_mixin.py:137} INFO - [2023-03-06T18:58:32.650+0000] {dagbag.py:538} INFO - Filling up the DagBag from /home/airflow/.local/lib/python3.7/site-packages/airflow/example_dags/example_sensor_decorator.py
[2023-03-06T18:58:32.717+0000] {processor.py:753} INFO - DAG(s) dict_keys(['example_sensor_decorator']) retrieved from /home/airflow/.local/lib/python3.7/site-packages/airflow/example_dags/example_sensor_decorator.py
[2023-03-06T18:58:32.775+0000] {logging_mixin.py:137} INFO - [2023-03-06T18:58:32.775+0000] {dag.py:2690} INFO - Sync 1 DAGs
[2023-03-06T18:58:32.828+0000] {logging_mixin.py:137} INFO - [2023-03-06T18:58:32.828+0000] {dag.py:3441} INFO - Setting next_dagrun for example_sensor_decorator to None, run_after=None
[2023-03-06T18:58:32.866+0000] {processor.py:175} INFO - Processing /home/airflow/.local/lib/python3.7/site-packages/airflow/example_dags/example_sensor_decorator.py took 0.230 seconds
[2023-03-06T18:59:03.192+0000] {processor.py:153} INFO - Started process (PID=1241) to work on /home/airflow/.local/lib/python3.7/site-packages/airflow/example_dags/example_sensor_decorator.py
[2023-03-06T18:59:03.198+0000] {processor.py:743} INFO - Processing file /home/airflow/.local/lib/python3.7/site-packages/airflow/example_dags/example_sensor_decorator.py for tasks to queue
[2023-03-06T18:59:03.203+0000] {logging_mixin.py:137} INFO - [2023-03-06T18:59:03.203+0000] {dagbag.py:538} INFO - Filling up the DagBag from /home/airflow/.local/lib/python3.7/site-packages/airflow/example_dags/example_sensor_decorator.py
[2023-03-06T18:59:03.308+0000] {processor.py:753} INFO - DAG(s) dict_keys(['example_sensor_decorator']) retrieved from /home/airflow/.local/lib/python3.7/site-packages/airflow/example_dags/example_sensor_decorator.py
[2023-03-06T18:59:03.402+0000] {logging_mixin.py:137} INFO - [2023-03-06T18:59:03.401+0000] {dag.py:2690} INFO - Sync 1 DAGs
[2023-03-06T18:59:03.480+0000] {logging_mixin.py:137} INFO - [2023-03-06T18:59:03.480+0000] {dag.py:3441} INFO - Setting next_dagrun for example_sensor_decorator to None, run_after=None
[2023-03-06T18:59:03.546+0000] {processor.py:175} INFO - Processing /home/airflow/.local/lib/python3.7/site-packages/airflow/example_dags/example_sensor_decorator.py took 0.373 seconds
[2023-03-06T18:59:33.670+0000] {processor.py:153} INFO - Started process (PID=1308) to work on /home/airflow/.local/lib/python3.7/site-packages/airflow/example_dags/example_sensor_decorator.py
[2023-03-06T18:59:33.673+0000] {processor.py:743} INFO - Processing file /home/airflow/.local/lib/python3.7/site-packages/airflow/example_dags/example_sensor_decorator.py for tasks to queue
[2023-03-06T18:59:33.675+0000] {logging_mixin.py:137} INFO - [2023-03-06T18:59:33.675+0000] {dagbag.py:538} INFO - Filling up the DagBag from /home/airflow/.local/lib/python3.7/site-packages/airflow/example_dags/example_sensor_decorator.py
[2023-03-06T18:59:33.708+0000] {processor.py:753} INFO - DAG(s) dict_keys(['example_sensor_decorator']) retrieved from /home/airflow/.local/lib/python3.7/site-packages/airflow/example_dags/example_sensor_decorator.py
[2023-03-06T18:59:33.747+0000] {logging_mixin.py:137} INFO - [2023-03-06T18:59:33.747+0000] {dag.py:2690} INFO - Sync 1 DAGs
[2023-03-06T18:59:33.785+0000] {logging_mixin.py:137} INFO - [2023-03-06T18:59:33.785+0000] {dag.py:3441} INFO - Setting next_dagrun for example_sensor_decorator to None, run_after=None
[2023-03-06T18:59:33.815+0000] {processor.py:175} INFO - Processing /home/airflow/.local/lib/python3.7/site-packages/airflow/example_dags/example_sensor_decorator.py took 0.150 seconds
[2023-03-06T19:00:04.557+0000] {processor.py:153} INFO - Started process (PID=1374) to work on /home/airflow/.local/lib/python3.7/site-packages/airflow/example_dags/example_sensor_decorator.py
[2023-03-06T19:00:04.562+0000] {processor.py:743} INFO - Processing file /home/airflow/.local/lib/python3.7/site-packages/airflow/example_dags/example_sensor_decorator.py for tasks to queue
[2023-03-06T19:00:04.569+0000] {logging_mixin.py:137} INFO - [2023-03-06T19:00:04.569+0000] {dagbag.py:538} INFO - Filling up the DagBag from /home/airflow/.local/lib/python3.7/site-packages/airflow/example_dags/example_sensor_decorator.py
[2023-03-06T19:00:04.632+0000] {processor.py:753} INFO - DAG(s) dict_keys(['example_sensor_decorator']) retrieved from /home/airflow/.local/lib/python3.7/site-packages/airflow/example_dags/example_sensor_decorator.py
[2023-03-06T19:00:04.689+0000] {logging_mixin.py:137} INFO - [2023-03-06T19:00:04.688+0000] {dag.py:2690} INFO - Sync 1 DAGs
[2023-03-06T19:00:04.737+0000] {logging_mixin.py:137} INFO - [2023-03-06T19:00:04.737+0000] {dag.py:3441} INFO - Setting next_dagrun for example_sensor_decorator to None, run_after=None
[2023-03-06T19:00:04.781+0000] {processor.py:175} INFO - Processing /home/airflow/.local/lib/python3.7/site-packages/airflow/example_dags/example_sensor_decorator.py took 0.235 seconds
[2023-03-06T19:00:35.779+0000] {processor.py:153} INFO - Started process (PID=1447) to work on /home/airflow/.local/lib/python3.7/site-packages/airflow/example_dags/example_sensor_decorator.py
[2023-03-06T19:00:35.783+0000] {processor.py:743} INFO - Processing file /home/airflow/.local/lib/python3.7/site-packages/airflow/example_dags/example_sensor_decorator.py for tasks to queue
[2023-03-06T19:00:35.786+0000] {logging_mixin.py:137} INFO - [2023-03-06T19:00:35.785+0000] {dagbag.py:538} INFO - Filling up the DagBag from /home/airflow/.local/lib/python3.7/site-packages/airflow/example_dags/example_sensor_decorator.py
[2023-03-06T19:00:35.825+0000] {processor.py:753} INFO - DAG(s) dict_keys(['example_sensor_decorator']) retrieved from /home/airflow/.local/lib/python3.7/site-packages/airflow/example_dags/example_sensor_decorator.py
[2023-03-06T19:00:35.869+0000] {logging_mixin.py:137} INFO - [2023-03-06T19:00:35.869+0000] {dag.py:2690} INFO - Sync 1 DAGs
[2023-03-06T19:00:35.913+0000] {logging_mixin.py:137} INFO - [2023-03-06T19:00:35.913+0000] {dag.py:3441} INFO - Setting next_dagrun for example_sensor_decorator to None, run_after=None
[2023-03-06T19:00:35.944+0000] {processor.py:175} INFO - Processing /home/airflow/.local/lib/python3.7/site-packages/airflow/example_dags/example_sensor_decorator.py took 0.175 seconds
[2023-03-06T19:01:06.276+0000] {processor.py:153} INFO - Started process (PID=1516) to work on /home/airflow/.local/lib/python3.7/site-packages/airflow/example_dags/example_sensor_decorator.py
[2023-03-06T19:01:06.281+0000] {processor.py:743} INFO - Processing file /home/airflow/.local/lib/python3.7/site-packages/airflow/example_dags/example_sensor_decorator.py for tasks to queue
[2023-03-06T19:01:06.285+0000] {logging_mixin.py:137} INFO - [2023-03-06T19:01:06.284+0000] {dagbag.py:538} INFO - Filling up the DagBag from /home/airflow/.local/lib/python3.7/site-packages/airflow/example_dags/example_sensor_decorator.py
[2023-03-06T19:01:06.351+0000] {processor.py:753} INFO - DAG(s) dict_keys(['example_sensor_decorator']) retrieved from /home/airflow/.local/lib/python3.7/site-packages/airflow/example_dags/example_sensor_decorator.py
[2023-03-06T19:01:06.414+0000] {logging_mixin.py:137} INFO - [2023-03-06T19:01:06.413+0000] {dag.py:2690} INFO - Sync 1 DAGs
[2023-03-06T19:01:06.467+0000] {logging_mixin.py:137} INFO - [2023-03-06T19:01:06.467+0000] {dag.py:3441} INFO - Setting next_dagrun for example_sensor_decorator to None, run_after=None
[2023-03-06T19:01:06.500+0000] {processor.py:175} INFO - Processing /home/airflow/.local/lib/python3.7/site-packages/airflow/example_dags/example_sensor_decorator.py took 0.233 seconds
[2023-03-06T19:01:36.605+0000] {processor.py:153} INFO - Started process (PID=1586) to work on /home/airflow/.local/lib/python3.7/site-packages/airflow/example_dags/example_sensor_decorator.py
[2023-03-06T19:01:36.609+0000] {processor.py:743} INFO - Processing file /home/airflow/.local/lib/python3.7/site-packages/airflow/example_dags/example_sensor_decorator.py for tasks to queue
[2023-03-06T19:01:36.613+0000] {logging_mixin.py:137} INFO - [2023-03-06T19:01:36.612+0000] {dagbag.py:538} INFO - Filling up the DagBag from /home/airflow/.local/lib/python3.7/site-packages/airflow/example_dags/example_sensor_decorator.py
[2023-03-06T19:01:36.670+0000] {processor.py:753} INFO - DAG(s) dict_keys(['example_sensor_decorator']) retrieved from /home/airflow/.local/lib/python3.7/site-packages/airflow/example_dags/example_sensor_decorator.py
[2023-03-06T19:01:36.727+0000] {logging_mixin.py:137} INFO - [2023-03-06T19:01:36.727+0000] {dag.py:2690} INFO - Sync 1 DAGs
[2023-03-06T19:01:36.803+0000] {logging_mixin.py:137} INFO - [2023-03-06T19:01:36.803+0000] {dag.py:3441} INFO - Setting next_dagrun for example_sensor_decorator to None, run_after=None
[2023-03-06T19:01:36.846+0000] {processor.py:175} INFO - Processing /home/airflow/.local/lib/python3.7/site-packages/airflow/example_dags/example_sensor_decorator.py took 0.249 seconds
[2023-03-06T19:02:07.074+0000] {processor.py:153} INFO - Started process (PID=1653) to work on /home/airflow/.local/lib/python3.7/site-packages/airflow/example_dags/example_sensor_decorator.py
[2023-03-06T19:02:07.076+0000] {processor.py:743} INFO - Processing file /home/airflow/.local/lib/python3.7/site-packages/airflow/example_dags/example_sensor_decorator.py for tasks to queue
[2023-03-06T19:02:07.079+0000] {logging_mixin.py:137} INFO - [2023-03-06T19:02:07.079+0000] {dagbag.py:538} INFO - Filling up the DagBag from /home/airflow/.local/lib/python3.7/site-packages/airflow/example_dags/example_sensor_decorator.py
[2023-03-06T19:02:07.113+0000] {processor.py:753} INFO - DAG(s) dict_keys(['example_sensor_decorator']) retrieved from /home/airflow/.local/lib/python3.7/site-packages/airflow/example_dags/example_sensor_decorator.py
[2023-03-06T19:02:07.153+0000] {logging_mixin.py:137} INFO - [2023-03-06T19:02:07.153+0000] {dag.py:2690} INFO - Sync 1 DAGs
[2023-03-06T19:02:07.191+0000] {logging_mixin.py:137} INFO - [2023-03-06T19:02:07.191+0000] {dag.py:3441} INFO - Setting next_dagrun for example_sensor_decorator to None, run_after=None
[2023-03-06T19:02:07.225+0000] {processor.py:175} INFO - Processing /home/airflow/.local/lib/python3.7/site-packages/airflow/example_dags/example_sensor_decorator.py took 0.158 seconds
[2023-03-06T19:02:37.769+0000] {processor.py:153} INFO - Started process (PID=1720) to work on /home/airflow/.local/lib/python3.7/site-packages/airflow/example_dags/example_sensor_decorator.py
[2023-03-06T19:02:37.772+0000] {processor.py:743} INFO - Processing file /home/airflow/.local/lib/python3.7/site-packages/airflow/example_dags/example_sensor_decorator.py for tasks to queue
[2023-03-06T19:02:37.775+0000] {logging_mixin.py:137} INFO - [2023-03-06T19:02:37.775+0000] {dagbag.py:538} INFO - Filling up the DagBag from /home/airflow/.local/lib/python3.7/site-packages/airflow/example_dags/example_sensor_decorator.py
[2023-03-06T19:02:37.824+0000] {processor.py:753} INFO - DAG(s) dict_keys(['example_sensor_decorator']) retrieved from /home/airflow/.local/lib/python3.7/site-packages/airflow/example_dags/example_sensor_decorator.py
[2023-03-06T19:02:37.871+0000] {logging_mixin.py:137} INFO - [2023-03-06T19:02:37.871+0000] {dag.py:2690} INFO - Sync 1 DAGs
[2023-03-06T19:02:37.914+0000] {logging_mixin.py:137} INFO - [2023-03-06T19:02:37.914+0000] {dag.py:3441} INFO - Setting next_dagrun for example_sensor_decorator to None, run_after=None
[2023-03-06T19:02:37.956+0000] {processor.py:175} INFO - Processing /home/airflow/.local/lib/python3.7/site-packages/airflow/example_dags/example_sensor_decorator.py took 0.198 seconds
[2023-03-06T19:03:08.742+0000] {processor.py:153} INFO - Started process (PID=1786) to work on /home/airflow/.local/lib/python3.7/site-packages/airflow/example_dags/example_sensor_decorator.py
[2023-03-06T19:03:08.748+0000] {processor.py:743} INFO - Processing file /home/airflow/.local/lib/python3.7/site-packages/airflow/example_dags/example_sensor_decorator.py for tasks to queue
[2023-03-06T19:03:08.750+0000] {logging_mixin.py:137} INFO - [2023-03-06T19:03:08.750+0000] {dagbag.py:538} INFO - Filling up the DagBag from /home/airflow/.local/lib/python3.7/site-packages/airflow/example_dags/example_sensor_decorator.py
[2023-03-06T19:03:08.803+0000] {processor.py:753} INFO - DAG(s) dict_keys(['example_sensor_decorator']) retrieved from /home/airflow/.local/lib/python3.7/site-packages/airflow/example_dags/example_sensor_decorator.py
[2023-03-06T19:03:08.866+0000] {logging_mixin.py:137} INFO - [2023-03-06T19:03:08.866+0000] {dag.py:2690} INFO - Sync 1 DAGs
[2023-03-06T19:03:08.928+0000] {logging_mixin.py:137} INFO - [2023-03-06T19:03:08.928+0000] {dag.py:3441} INFO - Setting next_dagrun for example_sensor_decorator to None, run_after=None
[2023-03-06T19:03:08.968+0000] {processor.py:175} INFO - Processing /home/airflow/.local/lib/python3.7/site-packages/airflow/example_dags/example_sensor_decorator.py took 0.233 seconds
[2023-03-06T19:03:39.968+0000] {processor.py:153} INFO - Started process (PID=1862) to work on /home/airflow/.local/lib/python3.7/site-packages/airflow/example_dags/example_sensor_decorator.py
[2023-03-06T19:03:39.971+0000] {processor.py:743} INFO - Processing file /home/airflow/.local/lib/python3.7/site-packages/airflow/example_dags/example_sensor_decorator.py for tasks to queue
[2023-03-06T19:03:39.974+0000] {logging_mixin.py:137} INFO - [2023-03-06T19:03:39.974+0000] {dagbag.py:538} INFO - Filling up the DagBag from /home/airflow/.local/lib/python3.7/site-packages/airflow/example_dags/example_sensor_decorator.py
[2023-03-06T19:03:40.012+0000] {processor.py:753} INFO - DAG(s) dict_keys(['example_sensor_decorator']) retrieved from /home/airflow/.local/lib/python3.7/site-packages/airflow/example_dags/example_sensor_decorator.py
[2023-03-06T19:03:40.056+0000] {logging_mixin.py:137} INFO - [2023-03-06T19:03:40.055+0000] {dag.py:2690} INFO - Sync 1 DAGs
[2023-03-06T19:03:40.099+0000] {logging_mixin.py:137} INFO - [2023-03-06T19:03:40.098+0000] {dag.py:3441} INFO - Setting next_dagrun for example_sensor_decorator to None, run_after=None
[2023-03-06T19:03:40.135+0000] {processor.py:175} INFO - Processing /home/airflow/.local/lib/python3.7/site-packages/airflow/example_dags/example_sensor_decorator.py took 0.174 seconds
[2023-03-06T19:04:10.403+0000] {processor.py:153} INFO - Started process (PID=1932) to work on /home/airflow/.local/lib/python3.7/site-packages/airflow/example_dags/example_sensor_decorator.py
[2023-03-06T19:04:10.406+0000] {processor.py:743} INFO - Processing file /home/airflow/.local/lib/python3.7/site-packages/airflow/example_dags/example_sensor_decorator.py for tasks to queue
[2023-03-06T19:04:10.409+0000] {logging_mixin.py:137} INFO - [2023-03-06T19:04:10.408+0000] {dagbag.py:538} INFO - Filling up the DagBag from /home/airflow/.local/lib/python3.7/site-packages/airflow/example_dags/example_sensor_decorator.py
[2023-03-06T19:04:10.455+0000] {processor.py:753} INFO - DAG(s) dict_keys(['example_sensor_decorator']) retrieved from /home/airflow/.local/lib/python3.7/site-packages/airflow/example_dags/example_sensor_decorator.py
[2023-03-06T19:04:10.506+0000] {logging_mixin.py:137} INFO - [2023-03-06T19:04:10.505+0000] {dag.py:2690} INFO - Sync 1 DAGs
[2023-03-06T19:04:10.556+0000] {logging_mixin.py:137} INFO - [2023-03-06T19:04:10.556+0000] {dag.py:3441} INFO - Setting next_dagrun for example_sensor_decorator to None, run_after=None
[2023-03-06T19:04:10.593+0000] {processor.py:175} INFO - Processing /home/airflow/.local/lib/python3.7/site-packages/airflow/example_dags/example_sensor_decorator.py took 0.200 seconds
[2023-03-06T19:04:42.207+0000] {processor.py:153} INFO - Started process (PID=2000) to work on /home/airflow/.local/lib/python3.7/site-packages/airflow/example_dags/example_sensor_decorator.py
[2023-03-06T19:04:42.213+0000] {processor.py:743} INFO - Processing file /home/airflow/.local/lib/python3.7/site-packages/airflow/example_dags/example_sensor_decorator.py for tasks to queue
[2023-03-06T19:04:42.217+0000] {logging_mixin.py:137} INFO - [2023-03-06T19:04:42.217+0000] {dagbag.py:538} INFO - Filling up the DagBag from /home/airflow/.local/lib/python3.7/site-packages/airflow/example_dags/example_sensor_decorator.py
[2023-03-06T19:04:42.308+0000] {processor.py:753} INFO - DAG(s) dict_keys(['example_sensor_decorator']) retrieved from /home/airflow/.local/lib/python3.7/site-packages/airflow/example_dags/example_sensor_decorator.py
[2023-03-06T19:04:42.402+0000] {logging_mixin.py:137} INFO - [2023-03-06T19:04:42.401+0000] {dag.py:2690} INFO - Sync 1 DAGs
[2023-03-06T19:04:42.484+0000] {logging_mixin.py:137} INFO - [2023-03-06T19:04:42.483+0000] {dag.py:3441} INFO - Setting next_dagrun for example_sensor_decorator to None, run_after=None
[2023-03-06T19:04:42.553+0000] {processor.py:175} INFO - Processing /home/airflow/.local/lib/python3.7/site-packages/airflow/example_dags/example_sensor_decorator.py took 0.365 seconds
[2023-03-06T19:05:12.853+0000] {processor.py:153} INFO - Started process (PID=2069) to work on /home/airflow/.local/lib/python3.7/site-packages/airflow/example_dags/example_sensor_decorator.py
[2023-03-06T19:05:12.857+0000] {processor.py:743} INFO - Processing file /home/airflow/.local/lib/python3.7/site-packages/airflow/example_dags/example_sensor_decorator.py for tasks to queue
[2023-03-06T19:05:12.861+0000] {logging_mixin.py:137} INFO - [2023-03-06T19:05:12.861+0000] {dagbag.py:538} INFO - Filling up the DagBag from /home/airflow/.local/lib/python3.7/site-packages/airflow/example_dags/example_sensor_decorator.py
[2023-03-06T19:05:12.911+0000] {processor.py:753} INFO - DAG(s) dict_keys(['example_sensor_decorator']) retrieved from /home/airflow/.local/lib/python3.7/site-packages/airflow/example_dags/example_sensor_decorator.py
[2023-03-06T19:05:12.974+0000] {logging_mixin.py:137} INFO - [2023-03-06T19:05:12.974+0000] {dag.py:2690} INFO - Sync 1 DAGs
[2023-03-06T19:05:13.053+0000] {logging_mixin.py:137} INFO - [2023-03-06T19:05:13.053+0000] {dag.py:3441} INFO - Setting next_dagrun for example_sensor_decorator to None, run_after=None
[2023-03-06T19:05:13.098+0000] {processor.py:175} INFO - Processing /home/airflow/.local/lib/python3.7/site-packages/airflow/example_dags/example_sensor_decorator.py took 0.254 seconds
[2023-03-06T19:05:43.328+0000] {processor.py:153} INFO - Started process (PID=2137) to work on /home/airflow/.local/lib/python3.7/site-packages/airflow/example_dags/example_sensor_decorator.py
[2023-03-06T19:05:43.341+0000] {processor.py:743} INFO - Processing file /home/airflow/.local/lib/python3.7/site-packages/airflow/example_dags/example_sensor_decorator.py for tasks to queue
[2023-03-06T19:05:43.354+0000] {logging_mixin.py:137} INFO - [2023-03-06T19:05:43.354+0000] {dagbag.py:538} INFO - Filling up the DagBag from /home/airflow/.local/lib/python3.7/site-packages/airflow/example_dags/example_sensor_decorator.py
[2023-03-06T19:05:43.434+0000] {processor.py:753} INFO - DAG(s) dict_keys(['example_sensor_decorator']) retrieved from /home/airflow/.local/lib/python3.7/site-packages/airflow/example_dags/example_sensor_decorator.py
[2023-03-06T19:05:43.504+0000] {logging_mixin.py:137} INFO - [2023-03-06T19:05:43.503+0000] {dag.py:2690} INFO - Sync 1 DAGs
[2023-03-06T19:05:43.590+0000] {logging_mixin.py:137} INFO - [2023-03-06T19:05:43.590+0000] {dag.py:3441} INFO - Setting next_dagrun for example_sensor_decorator to None, run_after=None
[2023-03-06T19:05:43.634+0000] {processor.py:175} INFO - Processing /home/airflow/.local/lib/python3.7/site-packages/airflow/example_dags/example_sensor_decorator.py took 0.314 seconds
[2023-03-06T19:06:14.771+0000] {processor.py:153} INFO - Started process (PID=2204) to work on /home/airflow/.local/lib/python3.7/site-packages/airflow/example_dags/example_sensor_decorator.py
[2023-03-06T19:06:14.775+0000] {processor.py:743} INFO - Processing file /home/airflow/.local/lib/python3.7/site-packages/airflow/example_dags/example_sensor_decorator.py for tasks to queue
[2023-03-06T19:06:14.779+0000] {logging_mixin.py:137} INFO - [2023-03-06T19:06:14.779+0000] {dagbag.py:538} INFO - Filling up the DagBag from /home/airflow/.local/lib/python3.7/site-packages/airflow/example_dags/example_sensor_decorator.py
[2023-03-06T19:06:14.834+0000] {processor.py:753} INFO - DAG(s) dict_keys(['example_sensor_decorator']) retrieved from /home/airflow/.local/lib/python3.7/site-packages/airflow/example_dags/example_sensor_decorator.py
[2023-03-06T19:06:14.916+0000] {logging_mixin.py:137} INFO - [2023-03-06T19:06:14.915+0000] {dag.py:2690} INFO - Sync 1 DAGs
[2023-03-06T19:06:14.992+0000] {logging_mixin.py:137} INFO - [2023-03-06T19:06:14.992+0000] {dag.py:3441} INFO - Setting next_dagrun for example_sensor_decorator to None, run_after=None
[2023-03-06T19:06:15.054+0000] {processor.py:175} INFO - Processing /home/airflow/.local/lib/python3.7/site-packages/airflow/example_dags/example_sensor_decorator.py took 0.293 seconds
[2023-03-06T19:07:56.318+0000] {processor.py:153} INFO - Started process (PID=2295) to work on /home/airflow/.local/lib/python3.7/site-packages/airflow/example_dags/example_sensor_decorator.py
[2023-03-06T19:07:56.324+0000] {processor.py:743} INFO - Processing file /home/airflow/.local/lib/python3.7/site-packages/airflow/example_dags/example_sensor_decorator.py for tasks to queue
[2023-03-06T19:07:56.343+0000] {logging_mixin.py:137} INFO - [2023-03-06T19:07:56.342+0000] {dagbag.py:538} INFO - Filling up the DagBag from /home/airflow/.local/lib/python3.7/site-packages/airflow/example_dags/example_sensor_decorator.py
[2023-03-06T19:07:56.783+0000] {processor.py:753} INFO - DAG(s) dict_keys(['example_sensor_decorator']) retrieved from /home/airflow/.local/lib/python3.7/site-packages/airflow/example_dags/example_sensor_decorator.py
[2023-03-06T19:07:57.353+0000] {logging_mixin.py:137} INFO - [2023-03-06T19:07:57.353+0000] {dag.py:2690} INFO - Sync 1 DAGs
[2023-03-06T19:07:57.706+0000] {logging_mixin.py:137} INFO - [2023-03-06T19:07:57.706+0000] {dag.py:3441} INFO - Setting next_dagrun for example_sensor_decorator to None, run_after=None
[2023-03-06T19:07:57.924+0000] {processor.py:175} INFO - Processing /home/airflow/.local/lib/python3.7/site-packages/airflow/example_dags/example_sensor_decorator.py took 1.624 seconds
[2023-03-06T19:08:28.133+0000] {processor.py:153} INFO - Started process (PID=2361) to work on /home/airflow/.local/lib/python3.7/site-packages/airflow/example_dags/example_sensor_decorator.py
[2023-03-06T19:08:28.137+0000] {processor.py:743} INFO - Processing file /home/airflow/.local/lib/python3.7/site-packages/airflow/example_dags/example_sensor_decorator.py for tasks to queue
[2023-03-06T19:08:28.141+0000] {logging_mixin.py:137} INFO - [2023-03-06T19:08:28.141+0000] {dagbag.py:538} INFO - Filling up the DagBag from /home/airflow/.local/lib/python3.7/site-packages/airflow/example_dags/example_sensor_decorator.py
[2023-03-06T19:08:28.206+0000] {processor.py:753} INFO - DAG(s) dict_keys(['example_sensor_decorator']) retrieved from /home/airflow/.local/lib/python3.7/site-packages/airflow/example_dags/example_sensor_decorator.py
[2023-03-06T19:08:28.304+0000] {logging_mixin.py:137} INFO - [2023-03-06T19:08:28.304+0000] {dag.py:2690} INFO - Sync 1 DAGs
[2023-03-06T19:08:28.511+0000] {logging_mixin.py:137} INFO - [2023-03-06T19:08:28.511+0000] {dag.py:3441} INFO - Setting next_dagrun for example_sensor_decorator to None, run_after=None
[2023-03-06T19:08:28.649+0000] {processor.py:175} INFO - Processing /home/airflow/.local/lib/python3.7/site-packages/airflow/example_dags/example_sensor_decorator.py took 0.527 seconds
[2023-03-06T19:08:58.963+0000] {processor.py:153} INFO - Started process (PID=2428) to work on /home/airflow/.local/lib/python3.7/site-packages/airflow/example_dags/example_sensor_decorator.py
[2023-03-06T19:08:58.967+0000] {processor.py:743} INFO - Processing file /home/airflow/.local/lib/python3.7/site-packages/airflow/example_dags/example_sensor_decorator.py for tasks to queue
[2023-03-06T19:08:58.970+0000] {logging_mixin.py:137} INFO - [2023-03-06T19:08:58.970+0000] {dagbag.py:538} INFO - Filling up the DagBag from /home/airflow/.local/lib/python3.7/site-packages/airflow/example_dags/example_sensor_decorator.py
[2023-03-06T19:08:59.053+0000] {processor.py:753} INFO - DAG(s) dict_keys(['example_sensor_decorator']) retrieved from /home/airflow/.local/lib/python3.7/site-packages/airflow/example_dags/example_sensor_decorator.py
[2023-03-06T19:08:59.156+0000] {logging_mixin.py:137} INFO - [2023-03-06T19:08:59.156+0000] {dag.py:2690} INFO - Sync 1 DAGs
[2023-03-06T19:08:59.287+0000] {logging_mixin.py:137} INFO - [2023-03-06T19:08:59.286+0000] {dag.py:3441} INFO - Setting next_dagrun for example_sensor_decorator to None, run_after=None
[2023-03-06T19:08:59.350+0000] {processor.py:175} INFO - Processing /home/airflow/.local/lib/python3.7/site-packages/airflow/example_dags/example_sensor_decorator.py took 0.397 seconds
[2023-03-06T19:09:29.757+0000] {processor.py:153} INFO - Started process (PID=2494) to work on /home/airflow/.local/lib/python3.7/site-packages/airflow/example_dags/example_sensor_decorator.py
[2023-03-06T19:09:29.764+0000] {processor.py:743} INFO - Processing file /home/airflow/.local/lib/python3.7/site-packages/airflow/example_dags/example_sensor_decorator.py for tasks to queue
[2023-03-06T19:09:29.769+0000] {logging_mixin.py:137} INFO - [2023-03-06T19:09:29.768+0000] {dagbag.py:538} INFO - Filling up the DagBag from /home/airflow/.local/lib/python3.7/site-packages/airflow/example_dags/example_sensor_decorator.py
[2023-03-06T19:09:29.851+0000] {processor.py:753} INFO - DAG(s) dict_keys(['example_sensor_decorator']) retrieved from /home/airflow/.local/lib/python3.7/site-packages/airflow/example_dags/example_sensor_decorator.py
[2023-03-06T19:09:29.961+0000] {logging_mixin.py:137} INFO - [2023-03-06T19:09:29.961+0000] {dag.py:2690} INFO - Sync 1 DAGs
[2023-03-06T19:09:30.038+0000] {logging_mixin.py:137} INFO - [2023-03-06T19:09:30.037+0000] {dag.py:3441} INFO - Setting next_dagrun for example_sensor_decorator to None, run_after=None
[2023-03-06T19:09:30.092+0000] {processor.py:175} INFO - Processing /home/airflow/.local/lib/python3.7/site-packages/airflow/example_dags/example_sensor_decorator.py took 0.348 seconds
[2023-03-06T19:10:00.247+0000] {processor.py:153} INFO - Started process (PID=2561) to work on /home/airflow/.local/lib/python3.7/site-packages/airflow/example_dags/example_sensor_decorator.py
[2023-03-06T19:10:00.252+0000] {processor.py:743} INFO - Processing file /home/airflow/.local/lib/python3.7/site-packages/airflow/example_dags/example_sensor_decorator.py for tasks to queue
[2023-03-06T19:10:00.255+0000] {logging_mixin.py:137} INFO - [2023-03-06T19:10:00.254+0000] {dagbag.py:538} INFO - Filling up the DagBag from /home/airflow/.local/lib/python3.7/site-packages/airflow/example_dags/example_sensor_decorator.py
[2023-03-06T19:10:00.334+0000] {processor.py:753} INFO - DAG(s) dict_keys(['example_sensor_decorator']) retrieved from /home/airflow/.local/lib/python3.7/site-packages/airflow/example_dags/example_sensor_decorator.py
[2023-03-06T19:10:00.438+0000] {logging_mixin.py:137} INFO - [2023-03-06T19:10:00.438+0000] {dag.py:2690} INFO - Sync 1 DAGs
[2023-03-06T19:10:00.579+0000] {logging_mixin.py:137} INFO - [2023-03-06T19:10:00.579+0000] {dag.py:3441} INFO - Setting next_dagrun for example_sensor_decorator to None, run_after=None
[2023-03-06T19:10:00.689+0000] {processor.py:175} INFO - Processing /home/airflow/.local/lib/python3.7/site-packages/airflow/example_dags/example_sensor_decorator.py took 0.455 seconds
[2023-03-06T19:10:31.486+0000] {processor.py:153} INFO - Started process (PID=2617) to work on /home/airflow/.local/lib/python3.7/site-packages/airflow/example_dags/example_sensor_decorator.py
[2023-03-06T19:10:31.494+0000] {processor.py:743} INFO - Processing file /home/airflow/.local/lib/python3.7/site-packages/airflow/example_dags/example_sensor_decorator.py for tasks to queue
[2023-03-06T19:10:31.498+0000] {logging_mixin.py:137} INFO - [2023-03-06T19:10:31.498+0000] {dagbag.py:538} INFO - Filling up the DagBag from /home/airflow/.local/lib/python3.7/site-packages/airflow/example_dags/example_sensor_decorator.py
[2023-03-06T19:10:31.602+0000] {processor.py:753} INFO - DAG(s) dict_keys(['example_sensor_decorator']) retrieved from /home/airflow/.local/lib/python3.7/site-packages/airflow/example_dags/example_sensor_decorator.py
[2023-03-06T19:10:31.720+0000] {logging_mixin.py:137} INFO - [2023-03-06T19:10:31.719+0000] {dag.py:2690} INFO - Sync 1 DAGs
[2023-03-06T19:10:31.886+0000] {logging_mixin.py:137} INFO - [2023-03-06T19:10:31.886+0000] {dag.py:3441} INFO - Setting next_dagrun for example_sensor_decorator to None, run_after=None
[2023-03-06T19:10:31.983+0000] {processor.py:175} INFO - Processing /home/airflow/.local/lib/python3.7/site-packages/airflow/example_dags/example_sensor_decorator.py took 0.512 seconds
[2023-03-06T19:11:02.352+0000] {processor.py:153} INFO - Started process (PID=2683) to work on /home/airflow/.local/lib/python3.7/site-packages/airflow/example_dags/example_sensor_decorator.py
[2023-03-06T19:11:02.357+0000] {processor.py:743} INFO - Processing file /home/airflow/.local/lib/python3.7/site-packages/airflow/example_dags/example_sensor_decorator.py for tasks to queue
[2023-03-06T19:11:02.360+0000] {logging_mixin.py:137} INFO - [2023-03-06T19:11:02.360+0000] {dagbag.py:538} INFO - Filling up the DagBag from /home/airflow/.local/lib/python3.7/site-packages/airflow/example_dags/example_sensor_decorator.py
[2023-03-06T19:11:02.422+0000] {processor.py:753} INFO - DAG(s) dict_keys(['example_sensor_decorator']) retrieved from /home/airflow/.local/lib/python3.7/site-packages/airflow/example_dags/example_sensor_decorator.py
[2023-03-06T19:11:02.505+0000] {logging_mixin.py:137} INFO - [2023-03-06T19:11:02.505+0000] {dag.py:2690} INFO - Sync 1 DAGs
[2023-03-06T19:11:02.583+0000] {logging_mixin.py:137} INFO - [2023-03-06T19:11:02.582+0000] {dag.py:3441} INFO - Setting next_dagrun for example_sensor_decorator to None, run_after=None
[2023-03-06T19:11:02.642+0000] {processor.py:175} INFO - Processing /home/airflow/.local/lib/python3.7/site-packages/airflow/example_dags/example_sensor_decorator.py took 0.302 seconds
[2023-03-06T19:11:32.726+0000] {processor.py:153} INFO - Started process (PID=2749) to work on /home/airflow/.local/lib/python3.7/site-packages/airflow/example_dags/example_sensor_decorator.py
[2023-03-06T19:11:32.735+0000] {processor.py:743} INFO - Processing file /home/airflow/.local/lib/python3.7/site-packages/airflow/example_dags/example_sensor_decorator.py for tasks to queue
[2023-03-06T19:11:32.741+0000] {logging_mixin.py:137} INFO - [2023-03-06T19:11:32.740+0000] {dagbag.py:538} INFO - Filling up the DagBag from /home/airflow/.local/lib/python3.7/site-packages/airflow/example_dags/example_sensor_decorator.py
[2023-03-06T19:11:32.811+0000] {processor.py:753} INFO - DAG(s) dict_keys(['example_sensor_decorator']) retrieved from /home/airflow/.local/lib/python3.7/site-packages/airflow/example_dags/example_sensor_decorator.py
[2023-03-06T19:11:33.087+0000] {logging_mixin.py:137} INFO - [2023-03-06T19:11:33.087+0000] {dag.py:2690} INFO - Sync 1 DAGs
[2023-03-06T19:11:33.161+0000] {logging_mixin.py:137} INFO - [2023-03-06T19:11:33.160+0000] {dag.py:3441} INFO - Setting next_dagrun for example_sensor_decorator to None, run_after=None
[2023-03-06T19:11:33.214+0000] {processor.py:175} INFO - Processing /home/airflow/.local/lib/python3.7/site-packages/airflow/example_dags/example_sensor_decorator.py took 0.498 seconds
[2023-03-06T19:12:04.735+0000] {processor.py:153} INFO - Started process (PID=2817) to work on /home/airflow/.local/lib/python3.7/site-packages/airflow/example_dags/example_sensor_decorator.py
[2023-03-06T19:12:04.749+0000] {processor.py:743} INFO - Processing file /home/airflow/.local/lib/python3.7/site-packages/airflow/example_dags/example_sensor_decorator.py for tasks to queue
[2023-03-06T19:12:04.755+0000] {logging_mixin.py:137} INFO - [2023-03-06T19:12:04.754+0000] {dagbag.py:538} INFO - Filling up the DagBag from /home/airflow/.local/lib/python3.7/site-packages/airflow/example_dags/example_sensor_decorator.py
[2023-03-06T19:12:04.828+0000] {processor.py:753} INFO - DAG(s) dict_keys(['example_sensor_decorator']) retrieved from /home/airflow/.local/lib/python3.7/site-packages/airflow/example_dags/example_sensor_decorator.py
[2023-03-06T19:12:04.920+0000] {logging_mixin.py:137} INFO - [2023-03-06T19:12:04.918+0000] {dag.py:2690} INFO - Sync 1 DAGs
[2023-03-06T19:12:05.087+0000] {logging_mixin.py:137} INFO - [2023-03-06T19:12:05.086+0000] {dag.py:3441} INFO - Setting next_dagrun for example_sensor_decorator to None, run_after=None
[2023-03-06T19:12:05.155+0000] {processor.py:175} INFO - Processing /home/airflow/.local/lib/python3.7/site-packages/airflow/example_dags/example_sensor_decorator.py took 0.432 seconds
