[2023-03-06T17:08:30.921+0000] {processor.py:153} INFO - Started process (PID=85) to work on /home/airflow/.local/lib/python3.7/site-packages/airflow/example_dags/example_branch_python_dop_operator_3.py
[2023-03-06T17:08:30.924+0000] {processor.py:743} INFO - Processing file /home/airflow/.local/lib/python3.7/site-packages/airflow/example_dags/example_branch_python_dop_operator_3.py for tasks to queue
[2023-03-06T17:08:30.927+0000] {logging_mixin.py:137} INFO - [2023-03-06T17:08:30.926+0000] {dagbag.py:538} INFO - Filling up the DagBag from /home/airflow/.local/lib/python3.7/site-packages/airflow/example_dags/example_branch_python_dop_operator_3.py
[2023-03-06T17:08:30.977+0000] {processor.py:753} INFO - DAG(s) dict_keys(['example_branch_dop_operator_v3']) retrieved from /home/airflow/.local/lib/python3.7/site-packages/airflow/example_dags/example_branch_python_dop_operator_3.py
[2023-03-06T17:08:31.028+0000] {logging_mixin.py:137} INFO - [2023-03-06T17:08:31.028+0000] {dag.py:2690} INFO - Sync 1 DAGs
[2023-03-06T17:08:31.080+0000] {logging_mixin.py:137} INFO - [2023-03-06T17:08:31.080+0000] {dag.py:3441} INFO - Setting next_dagrun for example_branch_dop_operator_v3 to 2023-03-06T17:07:00+00:00, run_after=2023-03-06T17:08:00+00:00
[2023-03-06T17:08:31.116+0000] {processor.py:175} INFO - Processing /home/airflow/.local/lib/python3.7/site-packages/airflow/example_dags/example_branch_python_dop_operator_3.py took 0.201 seconds
[2023-03-06T17:09:01.797+0000] {processor.py:153} INFO - Started process (PID=151) to work on /home/airflow/.local/lib/python3.7/site-packages/airflow/example_dags/example_branch_python_dop_operator_3.py
[2023-03-06T17:09:01.800+0000] {processor.py:743} INFO - Processing file /home/airflow/.local/lib/python3.7/site-packages/airflow/example_dags/example_branch_python_dop_operator_3.py for tasks to queue
[2023-03-06T17:09:01.803+0000] {logging_mixin.py:137} INFO - [2023-03-06T17:09:01.802+0000] {dagbag.py:538} INFO - Filling up the DagBag from /home/airflow/.local/lib/python3.7/site-packages/airflow/example_dags/example_branch_python_dop_operator_3.py
[2023-03-06T17:09:01.845+0000] {processor.py:753} INFO - DAG(s) dict_keys(['example_branch_dop_operator_v3']) retrieved from /home/airflow/.local/lib/python3.7/site-packages/airflow/example_dags/example_branch_python_dop_operator_3.py
[2023-03-06T17:09:01.888+0000] {logging_mixin.py:137} INFO - [2023-03-06T17:09:01.888+0000] {dag.py:2690} INFO - Sync 1 DAGs
[2023-03-06T17:09:01.950+0000] {logging_mixin.py:137} INFO - [2023-03-06T17:09:01.950+0000] {dag.py:3441} INFO - Setting next_dagrun for example_branch_dop_operator_v3 to 2023-03-06T17:08:00+00:00, run_after=2023-03-06T17:09:00+00:00
[2023-03-06T17:09:01.986+0000] {processor.py:175} INFO - Processing /home/airflow/.local/lib/python3.7/site-packages/airflow/example_dags/example_branch_python_dop_operator_3.py took 0.196 seconds
[2023-03-06T17:09:35.668+0000] {processor.py:153} INFO - Started process (PID=217) to work on /home/airflow/.local/lib/python3.7/site-packages/airflow/example_dags/example_branch_python_dop_operator_3.py
[2023-03-06T17:09:35.672+0000] {processor.py:743} INFO - Processing file /home/airflow/.local/lib/python3.7/site-packages/airflow/example_dags/example_branch_python_dop_operator_3.py for tasks to queue
[2023-03-06T17:09:35.678+0000] {logging_mixin.py:137} INFO - [2023-03-06T17:09:35.678+0000] {dagbag.py:538} INFO - Filling up the DagBag from /home/airflow/.local/lib/python3.7/site-packages/airflow/example_dags/example_branch_python_dop_operator_3.py
[2023-03-06T17:09:35.746+0000] {processor.py:753} INFO - DAG(s) dict_keys(['example_branch_dop_operator_v3']) retrieved from /home/airflow/.local/lib/python3.7/site-packages/airflow/example_dags/example_branch_python_dop_operator_3.py
[2023-03-06T17:09:35.813+0000] {logging_mixin.py:137} INFO - [2023-03-06T17:09:35.813+0000] {dag.py:2690} INFO - Sync 1 DAGs
[2023-03-06T17:09:35.910+0000] {logging_mixin.py:137} INFO - [2023-03-06T17:09:35.910+0000] {dag.py:3441} INFO - Setting next_dagrun for example_branch_dop_operator_v3 to 2023-03-06T17:08:00+00:00, run_after=2023-03-06T17:09:00+00:00
[2023-03-06T17:09:35.976+0000] {processor.py:175} INFO - Processing /home/airflow/.local/lib/python3.7/site-packages/airflow/example_dags/example_branch_python_dop_operator_3.py took 0.318 seconds
[2023-03-06T17:10:12.615+0000] {processor.py:153} INFO - Started process (PID=289) to work on /home/airflow/.local/lib/python3.7/site-packages/airflow/example_dags/example_branch_python_dop_operator_3.py
[2023-03-06T17:10:12.626+0000] {processor.py:743} INFO - Processing file /home/airflow/.local/lib/python3.7/site-packages/airflow/example_dags/example_branch_python_dop_operator_3.py for tasks to queue
[2023-03-06T17:10:12.634+0000] {logging_mixin.py:137} INFO - [2023-03-06T17:10:12.634+0000] {dagbag.py:538} INFO - Filling up the DagBag from /home/airflow/.local/lib/python3.7/site-packages/airflow/example_dags/example_branch_python_dop_operator_3.py
[2023-03-06T17:10:12.755+0000] {processor.py:753} INFO - DAG(s) dict_keys(['example_branch_dop_operator_v3']) retrieved from /home/airflow/.local/lib/python3.7/site-packages/airflow/example_dags/example_branch_python_dop_operator_3.py
[2023-03-06T17:10:12.891+0000] {logging_mixin.py:137} INFO - [2023-03-06T17:10:12.891+0000] {dag.py:2690} INFO - Sync 1 DAGs
[2023-03-06T17:10:13.053+0000] {logging_mixin.py:137} INFO - [2023-03-06T17:10:13.053+0000] {dag.py:3441} INFO - Setting next_dagrun for example_branch_dop_operator_v3 to 2023-03-06T17:09:00+00:00, run_after=2023-03-06T17:10:00+00:00
[2023-03-06T17:10:13.127+0000] {processor.py:175} INFO - Processing /home/airflow/.local/lib/python3.7/site-packages/airflow/example_dags/example_branch_python_dop_operator_3.py took 0.555 seconds
[2023-03-06T17:10:46.869+0000] {processor.py:153} INFO - Started process (PID=349) to work on /home/airflow/.local/lib/python3.7/site-packages/airflow/example_dags/example_branch_python_dop_operator_3.py
[2023-03-06T17:10:46.875+0000] {processor.py:743} INFO - Processing file /home/airflow/.local/lib/python3.7/site-packages/airflow/example_dags/example_branch_python_dop_operator_3.py for tasks to queue
[2023-03-06T17:10:46.878+0000] {logging_mixin.py:137} INFO - [2023-03-06T17:10:46.878+0000] {dagbag.py:538} INFO - Filling up the DagBag from /home/airflow/.local/lib/python3.7/site-packages/airflow/example_dags/example_branch_python_dop_operator_3.py
[2023-03-06T17:10:46.991+0000] {processor.py:753} INFO - DAG(s) dict_keys(['example_branch_dop_operator_v3']) retrieved from /home/airflow/.local/lib/python3.7/site-packages/airflow/example_dags/example_branch_python_dop_operator_3.py
[2023-03-06T17:10:47.076+0000] {logging_mixin.py:137} INFO - [2023-03-06T17:10:47.076+0000] {dag.py:2690} INFO - Sync 1 DAGs
[2023-03-06T17:10:47.172+0000] {logging_mixin.py:137} INFO - [2023-03-06T17:10:47.172+0000] {dag.py:3441} INFO - Setting next_dagrun for example_branch_dop_operator_v3 to 2023-03-06T17:09:00+00:00, run_after=2023-03-06T17:10:00+00:00
[2023-03-06T17:10:47.252+0000] {processor.py:175} INFO - Processing /home/airflow/.local/lib/python3.7/site-packages/airflow/example_dags/example_branch_python_dop_operator_3.py took 0.394 seconds
[2023-03-06T17:11:23.301+0000] {processor.py:153} INFO - Started process (PID=424) to work on /home/airflow/.local/lib/python3.7/site-packages/airflow/example_dags/example_branch_python_dop_operator_3.py
[2023-03-06T17:11:23.306+0000] {processor.py:743} INFO - Processing file /home/airflow/.local/lib/python3.7/site-packages/airflow/example_dags/example_branch_python_dop_operator_3.py for tasks to queue
[2023-03-06T17:11:23.311+0000] {logging_mixin.py:137} INFO - [2023-03-06T17:11:23.311+0000] {dagbag.py:538} INFO - Filling up the DagBag from /home/airflow/.local/lib/python3.7/site-packages/airflow/example_dags/example_branch_python_dop_operator_3.py
[2023-03-06T17:11:23.377+0000] {processor.py:753} INFO - DAG(s) dict_keys(['example_branch_dop_operator_v3']) retrieved from /home/airflow/.local/lib/python3.7/site-packages/airflow/example_dags/example_branch_python_dop_operator_3.py
[2023-03-06T17:11:23.455+0000] {logging_mixin.py:137} INFO - [2023-03-06T17:11:23.455+0000] {dag.py:2690} INFO - Sync 1 DAGs
[2023-03-06T17:11:23.541+0000] {logging_mixin.py:137} INFO - [2023-03-06T17:11:23.541+0000] {dag.py:3441} INFO - Setting next_dagrun for example_branch_dop_operator_v3 to 2023-03-06T17:10:00+00:00, run_after=2023-03-06T17:11:00+00:00
[2023-03-06T17:11:23.629+0000] {processor.py:175} INFO - Processing /home/airflow/.local/lib/python3.7/site-packages/airflow/example_dags/example_branch_python_dop_operator_3.py took 0.340 seconds
[2023-03-06T17:11:56.944+0000] {processor.py:153} INFO - Started process (PID=494) to work on /home/airflow/.local/lib/python3.7/site-packages/airflow/example_dags/example_branch_python_dop_operator_3.py
[2023-03-06T17:11:56.947+0000] {processor.py:743} INFO - Processing file /home/airflow/.local/lib/python3.7/site-packages/airflow/example_dags/example_branch_python_dop_operator_3.py for tasks to queue
[2023-03-06T17:11:56.949+0000] {logging_mixin.py:137} INFO - [2023-03-06T17:11:56.949+0000] {dagbag.py:538} INFO - Filling up the DagBag from /home/airflow/.local/lib/python3.7/site-packages/airflow/example_dags/example_branch_python_dop_operator_3.py
[2023-03-06T17:11:56.997+0000] {processor.py:753} INFO - DAG(s) dict_keys(['example_branch_dop_operator_v3']) retrieved from /home/airflow/.local/lib/python3.7/site-packages/airflow/example_dags/example_branch_python_dop_operator_3.py
[2023-03-06T17:11:57.044+0000] {logging_mixin.py:137} INFO - [2023-03-06T17:11:57.044+0000] {dag.py:2690} INFO - Sync 1 DAGs
[2023-03-06T17:11:57.122+0000] {logging_mixin.py:137} INFO - [2023-03-06T17:11:57.122+0000] {dag.py:3441} INFO - Setting next_dagrun for example_branch_dop_operator_v3 to 2023-03-06T17:10:00+00:00, run_after=2023-03-06T17:11:00+00:00
[2023-03-06T17:11:57.175+0000] {processor.py:175} INFO - Processing /home/airflow/.local/lib/python3.7/site-packages/airflow/example_dags/example_branch_python_dop_operator_3.py took 0.237 seconds
[2023-03-06T17:12:31.960+0000] {processor.py:153} INFO - Started process (PID=561) to work on /home/airflow/.local/lib/python3.7/site-packages/airflow/example_dags/example_branch_python_dop_operator_3.py
[2023-03-06T17:12:31.965+0000] {processor.py:743} INFO - Processing file /home/airflow/.local/lib/python3.7/site-packages/airflow/example_dags/example_branch_python_dop_operator_3.py for tasks to queue
[2023-03-06T17:12:31.969+0000] {logging_mixin.py:137} INFO - [2023-03-06T17:12:31.969+0000] {dagbag.py:538} INFO - Filling up the DagBag from /home/airflow/.local/lib/python3.7/site-packages/airflow/example_dags/example_branch_python_dop_operator_3.py
[2023-03-06T17:12:32.054+0000] {processor.py:753} INFO - DAG(s) dict_keys(['example_branch_dop_operator_v3']) retrieved from /home/airflow/.local/lib/python3.7/site-packages/airflow/example_dags/example_branch_python_dop_operator_3.py
[2023-03-06T17:12:32.204+0000] {logging_mixin.py:137} INFO - [2023-03-06T17:12:32.204+0000] {dag.py:2690} INFO - Sync 1 DAGs
[2023-03-06T17:12:32.329+0000] {logging_mixin.py:137} INFO - [2023-03-06T17:12:32.329+0000] {dag.py:3441} INFO - Setting next_dagrun for example_branch_dop_operator_v3 to 2023-03-06T17:11:00+00:00, run_after=2023-03-06T17:12:00+00:00
[2023-03-06T17:12:32.390+0000] {processor.py:175} INFO - Processing /home/airflow/.local/lib/python3.7/site-packages/airflow/example_dags/example_branch_python_dop_operator_3.py took 0.439 seconds
[2023-03-06T17:13:04.272+0000] {processor.py:153} INFO - Started process (PID=640) to work on /home/airflow/.local/lib/python3.7/site-packages/airflow/example_dags/example_branch_python_dop_operator_3.py
[2023-03-06T17:13:04.275+0000] {processor.py:743} INFO - Processing file /home/airflow/.local/lib/python3.7/site-packages/airflow/example_dags/example_branch_python_dop_operator_3.py for tasks to queue
[2023-03-06T17:13:04.278+0000] {logging_mixin.py:137} INFO - [2023-03-06T17:13:04.277+0000] {dagbag.py:538} INFO - Filling up the DagBag from /home/airflow/.local/lib/python3.7/site-packages/airflow/example_dags/example_branch_python_dop_operator_3.py
[2023-03-06T17:13:04.335+0000] {processor.py:753} INFO - DAG(s) dict_keys(['example_branch_dop_operator_v3']) retrieved from /home/airflow/.local/lib/python3.7/site-packages/airflow/example_dags/example_branch_python_dop_operator_3.py
[2023-03-06T17:13:04.384+0000] {logging_mixin.py:137} INFO - [2023-03-06T17:13:04.384+0000] {dag.py:2690} INFO - Sync 1 DAGs
[2023-03-06T17:13:04.438+0000] {logging_mixin.py:137} INFO - [2023-03-06T17:13:04.437+0000] {dag.py:3441} INFO - Setting next_dagrun for example_branch_dop_operator_v3 to 2023-03-06T17:12:00+00:00, run_after=2023-03-06T17:13:00+00:00
[2023-03-06T17:13:04.499+0000] {processor.py:175} INFO - Processing /home/airflow/.local/lib/python3.7/site-packages/airflow/example_dags/example_branch_python_dop_operator_3.py took 0.234 seconds
[2023-03-06T17:13:34.622+0000] {processor.py:153} INFO - Started process (PID=705) to work on /home/airflow/.local/lib/python3.7/site-packages/airflow/example_dags/example_branch_python_dop_operator_3.py
[2023-03-06T17:13:34.626+0000] {processor.py:743} INFO - Processing file /home/airflow/.local/lib/python3.7/site-packages/airflow/example_dags/example_branch_python_dop_operator_3.py for tasks to queue
[2023-03-06T17:13:34.628+0000] {logging_mixin.py:137} INFO - [2023-03-06T17:13:34.628+0000] {dagbag.py:538} INFO - Filling up the DagBag from /home/airflow/.local/lib/python3.7/site-packages/airflow/example_dags/example_branch_python_dop_operator_3.py
[2023-03-06T17:13:34.671+0000] {processor.py:753} INFO - DAG(s) dict_keys(['example_branch_dop_operator_v3']) retrieved from /home/airflow/.local/lib/python3.7/site-packages/airflow/example_dags/example_branch_python_dop_operator_3.py
[2023-03-06T17:13:34.719+0000] {logging_mixin.py:137} INFO - [2023-03-06T17:13:34.719+0000] {dag.py:2690} INFO - Sync 1 DAGs
[2023-03-06T17:13:34.772+0000] {logging_mixin.py:137} INFO - [2023-03-06T17:13:34.772+0000] {dag.py:3441} INFO - Setting next_dagrun for example_branch_dop_operator_v3 to 2023-03-06T17:12:00+00:00, run_after=2023-03-06T17:13:00+00:00
[2023-03-06T17:13:34.811+0000] {processor.py:175} INFO - Processing /home/airflow/.local/lib/python3.7/site-packages/airflow/example_dags/example_branch_python_dop_operator_3.py took 0.196 seconds
[2023-03-06T18:50:20.888+0000] {processor.py:153} INFO - Started process (PID=81) to work on /home/airflow/.local/lib/python3.7/site-packages/airflow/example_dags/example_branch_python_dop_operator_3.py
[2023-03-06T18:50:20.894+0000] {processor.py:743} INFO - Processing file /home/airflow/.local/lib/python3.7/site-packages/airflow/example_dags/example_branch_python_dop_operator_3.py for tasks to queue
[2023-03-06T18:50:20.900+0000] {logging_mixin.py:137} INFO - [2023-03-06T18:50:20.899+0000] {dagbag.py:538} INFO - Filling up the DagBag from /home/airflow/.local/lib/python3.7/site-packages/airflow/example_dags/example_branch_python_dop_operator_3.py
[2023-03-06T18:50:21.057+0000] {processor.py:753} INFO - DAG(s) dict_keys(['example_branch_dop_operator_v3']) retrieved from /home/airflow/.local/lib/python3.7/site-packages/airflow/example_dags/example_branch_python_dop_operator_3.py
[2023-03-06T18:50:21.150+0000] {logging_mixin.py:137} INFO - [2023-03-06T18:50:21.150+0000] {dag.py:2690} INFO - Sync 1 DAGs
[2023-03-06T18:50:21.239+0000] {logging_mixin.py:137} INFO - [2023-03-06T18:50:21.239+0000] {dag.py:3441} INFO - Setting next_dagrun for example_branch_dop_operator_v3 to 2023-03-06T18:49:00+00:00, run_after=2023-03-06T18:50:00+00:00
[2023-03-06T18:50:21.272+0000] {processor.py:175} INFO - Processing /home/airflow/.local/lib/python3.7/site-packages/airflow/example_dags/example_branch_python_dop_operator_3.py took 0.406 seconds
[2023-03-06T18:50:52.134+0000] {processor.py:153} INFO - Started process (PID=151) to work on /home/airflow/.local/lib/python3.7/site-packages/airflow/example_dags/example_branch_python_dop_operator_3.py
[2023-03-06T18:50:52.137+0000] {processor.py:743} INFO - Processing file /home/airflow/.local/lib/python3.7/site-packages/airflow/example_dags/example_branch_python_dop_operator_3.py for tasks to queue
[2023-03-06T18:50:52.140+0000] {logging_mixin.py:137} INFO - [2023-03-06T18:50:52.140+0000] {dagbag.py:538} INFO - Filling up the DagBag from /home/airflow/.local/lib/python3.7/site-packages/airflow/example_dags/example_branch_python_dop_operator_3.py
[2023-03-06T18:50:52.190+0000] {processor.py:753} INFO - DAG(s) dict_keys(['example_branch_dop_operator_v3']) retrieved from /home/airflow/.local/lib/python3.7/site-packages/airflow/example_dags/example_branch_python_dop_operator_3.py
[2023-03-06T18:50:52.235+0000] {logging_mixin.py:137} INFO - [2023-03-06T18:50:52.235+0000] {dag.py:2690} INFO - Sync 1 DAGs
[2023-03-06T18:50:52.297+0000] {logging_mixin.py:137} INFO - [2023-03-06T18:50:52.297+0000] {dag.py:3441} INFO - Setting next_dagrun for example_branch_dop_operator_v3 to 2023-03-06T18:49:00+00:00, run_after=2023-03-06T18:50:00+00:00
[2023-03-06T18:50:52.348+0000] {processor.py:175} INFO - Processing /home/airflow/.local/lib/python3.7/site-packages/airflow/example_dags/example_branch_python_dop_operator_3.py took 0.222 seconds
[2023-03-06T18:51:22.973+0000] {processor.py:153} INFO - Started process (PID=216) to work on /home/airflow/.local/lib/python3.7/site-packages/airflow/example_dags/example_branch_python_dop_operator_3.py
[2023-03-06T18:51:22.978+0000] {processor.py:743} INFO - Processing file /home/airflow/.local/lib/python3.7/site-packages/airflow/example_dags/example_branch_python_dop_operator_3.py for tasks to queue
[2023-03-06T18:51:22.981+0000] {logging_mixin.py:137} INFO - [2023-03-06T18:51:22.981+0000] {dagbag.py:538} INFO - Filling up the DagBag from /home/airflow/.local/lib/python3.7/site-packages/airflow/example_dags/example_branch_python_dop_operator_3.py
[2023-03-06T18:51:23.024+0000] {processor.py:753} INFO - DAG(s) dict_keys(['example_branch_dop_operator_v3']) retrieved from /home/airflow/.local/lib/python3.7/site-packages/airflow/example_dags/example_branch_python_dop_operator_3.py
[2023-03-06T18:51:23.070+0000] {logging_mixin.py:137} INFO - [2023-03-06T18:51:23.070+0000] {dag.py:2690} INFO - Sync 1 DAGs
[2023-03-06T18:51:23.125+0000] {logging_mixin.py:137} INFO - [2023-03-06T18:51:23.125+0000] {dag.py:3441} INFO - Setting next_dagrun for example_branch_dop_operator_v3 to 2023-03-06T18:50:00+00:00, run_after=2023-03-06T18:51:00+00:00
[2023-03-06T18:51:23.164+0000] {processor.py:175} INFO - Processing /home/airflow/.local/lib/python3.7/site-packages/airflow/example_dags/example_branch_python_dop_operator_3.py took 0.198 seconds
[2023-03-06T18:51:54.003+0000] {processor.py:153} INFO - Started process (PID=282) to work on /home/airflow/.local/lib/python3.7/site-packages/airflow/example_dags/example_branch_python_dop_operator_3.py
[2023-03-06T18:51:54.012+0000] {processor.py:743} INFO - Processing file /home/airflow/.local/lib/python3.7/site-packages/airflow/example_dags/example_branch_python_dop_operator_3.py for tasks to queue
[2023-03-06T18:51:54.015+0000] {logging_mixin.py:137} INFO - [2023-03-06T18:51:54.015+0000] {dagbag.py:538} INFO - Filling up the DagBag from /home/airflow/.local/lib/python3.7/site-packages/airflow/example_dags/example_branch_python_dop_operator_3.py
[2023-03-06T18:51:54.070+0000] {processor.py:753} INFO - DAG(s) dict_keys(['example_branch_dop_operator_v3']) retrieved from /home/airflow/.local/lib/python3.7/site-packages/airflow/example_dags/example_branch_python_dop_operator_3.py
[2023-03-06T18:51:54.129+0000] {logging_mixin.py:137} INFO - [2023-03-06T18:51:54.129+0000] {dag.py:2690} INFO - Sync 1 DAGs
[2023-03-06T18:51:54.210+0000] {logging_mixin.py:137} INFO - [2023-03-06T18:51:54.210+0000] {dag.py:3441} INFO - Setting next_dagrun for example_branch_dop_operator_v3 to 2023-03-06T18:50:00+00:00, run_after=2023-03-06T18:51:00+00:00
[2023-03-06T18:51:54.261+0000] {processor.py:175} INFO - Processing /home/airflow/.local/lib/python3.7/site-packages/airflow/example_dags/example_branch_python_dop_operator_3.py took 0.270 seconds
[2023-03-06T18:52:24.485+0000] {processor.py:153} INFO - Started process (PID=350) to work on /home/airflow/.local/lib/python3.7/site-packages/airflow/example_dags/example_branch_python_dop_operator_3.py
[2023-03-06T18:52:24.490+0000] {processor.py:743} INFO - Processing file /home/airflow/.local/lib/python3.7/site-packages/airflow/example_dags/example_branch_python_dop_operator_3.py for tasks to queue
[2023-03-06T18:52:24.493+0000] {logging_mixin.py:137} INFO - [2023-03-06T18:52:24.493+0000] {dagbag.py:538} INFO - Filling up the DagBag from /home/airflow/.local/lib/python3.7/site-packages/airflow/example_dags/example_branch_python_dop_operator_3.py
[2023-03-06T18:52:24.539+0000] {processor.py:753} INFO - DAG(s) dict_keys(['example_branch_dop_operator_v3']) retrieved from /home/airflow/.local/lib/python3.7/site-packages/airflow/example_dags/example_branch_python_dop_operator_3.py
[2023-03-06T18:52:24.595+0000] {logging_mixin.py:137} INFO - [2023-03-06T18:52:24.595+0000] {dag.py:2690} INFO - Sync 1 DAGs
[2023-03-06T18:52:24.654+0000] {logging_mixin.py:137} INFO - [2023-03-06T18:52:24.654+0000] {dag.py:3441} INFO - Setting next_dagrun for example_branch_dop_operator_v3 to 2023-03-06T18:51:00+00:00, run_after=2023-03-06T18:52:00+00:00
[2023-03-06T18:52:24.694+0000] {processor.py:175} INFO - Processing /home/airflow/.local/lib/python3.7/site-packages/airflow/example_dags/example_branch_python_dop_operator_3.py took 0.216 seconds
[2023-03-06T18:52:55.839+0000] {processor.py:153} INFO - Started process (PID=417) to work on /home/airflow/.local/lib/python3.7/site-packages/airflow/example_dags/example_branch_python_dop_operator_3.py
[2023-03-06T18:52:55.844+0000] {processor.py:743} INFO - Processing file /home/airflow/.local/lib/python3.7/site-packages/airflow/example_dags/example_branch_python_dop_operator_3.py for tasks to queue
[2023-03-06T18:52:55.848+0000] {logging_mixin.py:137} INFO - [2023-03-06T18:52:55.848+0000] {dagbag.py:538} INFO - Filling up the DagBag from /home/airflow/.local/lib/python3.7/site-packages/airflow/example_dags/example_branch_python_dop_operator_3.py
[2023-03-06T18:52:55.913+0000] {processor.py:753} INFO - DAG(s) dict_keys(['example_branch_dop_operator_v3']) retrieved from /home/airflow/.local/lib/python3.7/site-packages/airflow/example_dags/example_branch_python_dop_operator_3.py
[2023-03-06T18:52:55.989+0000] {logging_mixin.py:137} INFO - [2023-03-06T18:52:55.989+0000] {dag.py:2690} INFO - Sync 1 DAGs
[2023-03-06T18:52:56.058+0000] {logging_mixin.py:137} INFO - [2023-03-06T18:52:56.058+0000] {dag.py:3441} INFO - Setting next_dagrun for example_branch_dop_operator_v3 to 2023-03-06T18:51:00+00:00, run_after=2023-03-06T18:52:00+00:00
[2023-03-06T18:52:56.102+0000] {processor.py:175} INFO - Processing /home/airflow/.local/lib/python3.7/site-packages/airflow/example_dags/example_branch_python_dop_operator_3.py took 0.272 seconds
[2023-03-06T18:53:29.203+0000] {processor.py:153} INFO - Started process (PID=487) to work on /home/airflow/.local/lib/python3.7/site-packages/airflow/example_dags/example_branch_python_dop_operator_3.py
[2023-03-06T18:53:29.209+0000] {processor.py:743} INFO - Processing file /home/airflow/.local/lib/python3.7/site-packages/airflow/example_dags/example_branch_python_dop_operator_3.py for tasks to queue
[2023-03-06T18:53:29.218+0000] {logging_mixin.py:137} INFO - [2023-03-06T18:53:29.218+0000] {dagbag.py:538} INFO - Filling up the DagBag from /home/airflow/.local/lib/python3.7/site-packages/airflow/example_dags/example_branch_python_dop_operator_3.py
[2023-03-06T18:53:29.321+0000] {processor.py:753} INFO - DAG(s) dict_keys(['example_branch_dop_operator_v3']) retrieved from /home/airflow/.local/lib/python3.7/site-packages/airflow/example_dags/example_branch_python_dop_operator_3.py
[2023-03-06T18:53:29.486+0000] {logging_mixin.py:137} INFO - [2023-03-06T18:53:29.485+0000] {dag.py:2690} INFO - Sync 1 DAGs
[2023-03-06T18:53:29.621+0000] {logging_mixin.py:137} INFO - [2023-03-06T18:53:29.620+0000] {dag.py:3441} INFO - Setting next_dagrun for example_branch_dop_operator_v3 to 2023-03-06T18:52:00+00:00, run_after=2023-03-06T18:53:00+00:00
[2023-03-06T18:53:29.735+0000] {processor.py:175} INFO - Processing /home/airflow/.local/lib/python3.7/site-packages/airflow/example_dags/example_branch_python_dop_operator_3.py took 0.543 seconds
[2023-03-06T18:54:00.049+0000] {processor.py:153} INFO - Started process (PID=553) to work on /home/airflow/.local/lib/python3.7/site-packages/airflow/example_dags/example_branch_python_dop_operator_3.py
[2023-03-06T18:54:00.053+0000] {processor.py:743} INFO - Processing file /home/airflow/.local/lib/python3.7/site-packages/airflow/example_dags/example_branch_python_dop_operator_3.py for tasks to queue
[2023-03-06T18:54:00.056+0000] {logging_mixin.py:137} INFO - [2023-03-06T18:54:00.056+0000] {dagbag.py:538} INFO - Filling up the DagBag from /home/airflow/.local/lib/python3.7/site-packages/airflow/example_dags/example_branch_python_dop_operator_3.py
[2023-03-06T18:54:00.102+0000] {processor.py:753} INFO - DAG(s) dict_keys(['example_branch_dop_operator_v3']) retrieved from /home/airflow/.local/lib/python3.7/site-packages/airflow/example_dags/example_branch_python_dop_operator_3.py
[2023-03-06T18:54:00.162+0000] {logging_mixin.py:137} INFO - [2023-03-06T18:54:00.162+0000] {dag.py:2690} INFO - Sync 1 DAGs
[2023-03-06T18:54:00.212+0000] {logging_mixin.py:137} INFO - [2023-03-06T18:54:00.212+0000] {dag.py:3441} INFO - Setting next_dagrun for example_branch_dop_operator_v3 to 2023-03-06T18:53:00+00:00, run_after=2023-03-06T18:54:00+00:00
[2023-03-06T18:54:00.248+0000] {processor.py:175} INFO - Processing /home/airflow/.local/lib/python3.7/site-packages/airflow/example_dags/example_branch_python_dop_operator_3.py took 0.205 seconds
[2023-03-06T18:54:30.686+0000] {processor.py:153} INFO - Started process (PID=626) to work on /home/airflow/.local/lib/python3.7/site-packages/airflow/example_dags/example_branch_python_dop_operator_3.py
[2023-03-06T18:54:30.694+0000] {processor.py:743} INFO - Processing file /home/airflow/.local/lib/python3.7/site-packages/airflow/example_dags/example_branch_python_dop_operator_3.py for tasks to queue
[2023-03-06T18:54:30.702+0000] {logging_mixin.py:137} INFO - [2023-03-06T18:54:30.702+0000] {dagbag.py:538} INFO - Filling up the DagBag from /home/airflow/.local/lib/python3.7/site-packages/airflow/example_dags/example_branch_python_dop_operator_3.py
[2023-03-06T18:54:30.755+0000] {processor.py:753} INFO - DAG(s) dict_keys(['example_branch_dop_operator_v3']) retrieved from /home/airflow/.local/lib/python3.7/site-packages/airflow/example_dags/example_branch_python_dop_operator_3.py
[2023-03-06T18:54:30.819+0000] {logging_mixin.py:137} INFO - [2023-03-06T18:54:30.819+0000] {dag.py:2690} INFO - Sync 1 DAGs
[2023-03-06T18:54:30.878+0000] {logging_mixin.py:137} INFO - [2023-03-06T18:54:30.878+0000] {dag.py:3441} INFO - Setting next_dagrun for example_branch_dop_operator_v3 to 2023-03-06T18:53:00+00:00, run_after=2023-03-06T18:54:00+00:00
[2023-03-06T18:54:30.909+0000] {processor.py:175} INFO - Processing /home/airflow/.local/lib/python3.7/site-packages/airflow/example_dags/example_branch_python_dop_operator_3.py took 0.229 seconds
[2023-03-06T18:55:02.117+0000] {processor.py:153} INFO - Started process (PID=698) to work on /home/airflow/.local/lib/python3.7/site-packages/airflow/example_dags/example_branch_python_dop_operator_3.py
[2023-03-06T18:55:02.121+0000] {processor.py:743} INFO - Processing file /home/airflow/.local/lib/python3.7/site-packages/airflow/example_dags/example_branch_python_dop_operator_3.py for tasks to queue
[2023-03-06T18:55:02.124+0000] {logging_mixin.py:137} INFO - [2023-03-06T18:55:02.124+0000] {dagbag.py:538} INFO - Filling up the DagBag from /home/airflow/.local/lib/python3.7/site-packages/airflow/example_dags/example_branch_python_dop_operator_3.py
[2023-03-06T18:55:02.182+0000] {processor.py:753} INFO - DAG(s) dict_keys(['example_branch_dop_operator_v3']) retrieved from /home/airflow/.local/lib/python3.7/site-packages/airflow/example_dags/example_branch_python_dop_operator_3.py
[2023-03-06T18:55:02.243+0000] {logging_mixin.py:137} INFO - [2023-03-06T18:55:02.243+0000] {dag.py:2690} INFO - Sync 1 DAGs
[2023-03-06T18:55:02.309+0000] {logging_mixin.py:137} INFO - [2023-03-06T18:55:02.309+0000] {dag.py:3441} INFO - Setting next_dagrun for example_branch_dop_operator_v3 to 2023-03-06T18:54:00+00:00, run_after=2023-03-06T18:55:00+00:00
[2023-03-06T18:55:02.351+0000] {processor.py:175} INFO - Processing /home/airflow/.local/lib/python3.7/site-packages/airflow/example_dags/example_branch_python_dop_operator_3.py took 0.245 seconds
[2023-03-06T18:55:32.621+0000] {processor.py:153} INFO - Started process (PID=766) to work on /home/airflow/.local/lib/python3.7/site-packages/airflow/example_dags/example_branch_python_dop_operator_3.py
[2023-03-06T18:55:32.624+0000] {processor.py:743} INFO - Processing file /home/airflow/.local/lib/python3.7/site-packages/airflow/example_dags/example_branch_python_dop_operator_3.py for tasks to queue
[2023-03-06T18:55:32.627+0000] {logging_mixin.py:137} INFO - [2023-03-06T18:55:32.627+0000] {dagbag.py:538} INFO - Filling up the DagBag from /home/airflow/.local/lib/python3.7/site-packages/airflow/example_dags/example_branch_python_dop_operator_3.py
[2023-03-06T18:55:32.677+0000] {processor.py:753} INFO - DAG(s) dict_keys(['example_branch_dop_operator_v3']) retrieved from /home/airflow/.local/lib/python3.7/site-packages/airflow/example_dags/example_branch_python_dop_operator_3.py
[2023-03-06T18:55:32.731+0000] {logging_mixin.py:137} INFO - [2023-03-06T18:55:32.730+0000] {dag.py:2690} INFO - Sync 1 DAGs
[2023-03-06T18:55:32.792+0000] {logging_mixin.py:137} INFO - [2023-03-06T18:55:32.792+0000] {dag.py:3441} INFO - Setting next_dagrun for example_branch_dop_operator_v3 to 2023-03-06T18:54:00+00:00, run_after=2023-03-06T18:55:00+00:00
[2023-03-06T18:55:32.826+0000] {processor.py:175} INFO - Processing /home/airflow/.local/lib/python3.7/site-packages/airflow/example_dags/example_branch_python_dop_operator_3.py took 0.213 seconds
[2023-03-06T18:56:03.228+0000] {processor.py:153} INFO - Started process (PID=832) to work on /home/airflow/.local/lib/python3.7/site-packages/airflow/example_dags/example_branch_python_dop_operator_3.py
[2023-03-06T18:56:03.232+0000] {processor.py:743} INFO - Processing file /home/airflow/.local/lib/python3.7/site-packages/airflow/example_dags/example_branch_python_dop_operator_3.py for tasks to queue
[2023-03-06T18:56:03.235+0000] {logging_mixin.py:137} INFO - [2023-03-06T18:56:03.235+0000] {dagbag.py:538} INFO - Filling up the DagBag from /home/airflow/.local/lib/python3.7/site-packages/airflow/example_dags/example_branch_python_dop_operator_3.py
[2023-03-06T18:56:03.283+0000] {processor.py:753} INFO - DAG(s) dict_keys(['example_branch_dop_operator_v3']) retrieved from /home/airflow/.local/lib/python3.7/site-packages/airflow/example_dags/example_branch_python_dop_operator_3.py
[2023-03-06T18:56:03.336+0000] {logging_mixin.py:137} INFO - [2023-03-06T18:56:03.335+0000] {dag.py:2690} INFO - Sync 1 DAGs
[2023-03-06T18:56:03.395+0000] {logging_mixin.py:137} INFO - [2023-03-06T18:56:03.395+0000] {dag.py:3441} INFO - Setting next_dagrun for example_branch_dop_operator_v3 to 2023-03-06T18:55:00+00:00, run_after=2023-03-06T18:56:00+00:00
[2023-03-06T18:56:03.435+0000] {processor.py:175} INFO - Processing /home/airflow/.local/lib/python3.7/site-packages/airflow/example_dags/example_branch_python_dop_operator_3.py took 0.218 seconds
[2023-03-06T18:56:34.329+0000] {processor.py:153} INFO - Started process (PID=899) to work on /home/airflow/.local/lib/python3.7/site-packages/airflow/example_dags/example_branch_python_dop_operator_3.py
[2023-03-06T18:56:34.332+0000] {processor.py:743} INFO - Processing file /home/airflow/.local/lib/python3.7/site-packages/airflow/example_dags/example_branch_python_dop_operator_3.py for tasks to queue
[2023-03-06T18:56:34.335+0000] {logging_mixin.py:137} INFO - [2023-03-06T18:56:34.335+0000] {dagbag.py:538} INFO - Filling up the DagBag from /home/airflow/.local/lib/python3.7/site-packages/airflow/example_dags/example_branch_python_dop_operator_3.py
[2023-03-06T18:56:34.379+0000] {processor.py:753} INFO - DAG(s) dict_keys(['example_branch_dop_operator_v3']) retrieved from /home/airflow/.local/lib/python3.7/site-packages/airflow/example_dags/example_branch_python_dop_operator_3.py
[2023-03-06T18:56:34.428+0000] {logging_mixin.py:137} INFO - [2023-03-06T18:56:34.428+0000] {dag.py:2690} INFO - Sync 1 DAGs
[2023-03-06T18:56:34.481+0000] {logging_mixin.py:137} INFO - [2023-03-06T18:56:34.481+0000] {dag.py:3441} INFO - Setting next_dagrun for example_branch_dop_operator_v3 to 2023-03-06T18:55:00+00:00, run_after=2023-03-06T18:56:00+00:00
[2023-03-06T18:56:34.525+0000] {processor.py:175} INFO - Processing /home/airflow/.local/lib/python3.7/site-packages/airflow/example_dags/example_branch_python_dop_operator_3.py took 0.202 seconds
[2023-03-06T18:57:04.858+0000] {processor.py:153} INFO - Started process (PID=976) to work on /home/airflow/.local/lib/python3.7/site-packages/airflow/example_dags/example_branch_python_dop_operator_3.py
[2023-03-06T18:57:04.862+0000] {processor.py:743} INFO - Processing file /home/airflow/.local/lib/python3.7/site-packages/airflow/example_dags/example_branch_python_dop_operator_3.py for tasks to queue
[2023-03-06T18:57:04.865+0000] {logging_mixin.py:137} INFO - [2023-03-06T18:57:04.864+0000] {dagbag.py:538} INFO - Filling up the DagBag from /home/airflow/.local/lib/python3.7/site-packages/airflow/example_dags/example_branch_python_dop_operator_3.py
[2023-03-06T18:57:04.910+0000] {processor.py:753} INFO - DAG(s) dict_keys(['example_branch_dop_operator_v3']) retrieved from /home/airflow/.local/lib/python3.7/site-packages/airflow/example_dags/example_branch_python_dop_operator_3.py
[2023-03-06T18:57:04.960+0000] {logging_mixin.py:137} INFO - [2023-03-06T18:57:04.960+0000] {dag.py:2690} INFO - Sync 1 DAGs
[2023-03-06T18:57:05.032+0000] {logging_mixin.py:137} INFO - [2023-03-06T18:57:05.032+0000] {dag.py:3441} INFO - Setting next_dagrun for example_branch_dop_operator_v3 to 2023-03-06T18:56:00+00:00, run_after=2023-03-06T18:57:00+00:00
[2023-03-06T18:57:05.082+0000] {processor.py:175} INFO - Processing /home/airflow/.local/lib/python3.7/site-packages/airflow/example_dags/example_branch_python_dop_operator_3.py took 0.236 seconds
[2023-03-06T18:57:36.748+0000] {processor.py:153} INFO - Started process (PID=1043) to work on /home/airflow/.local/lib/python3.7/site-packages/airflow/example_dags/example_branch_python_dop_operator_3.py
[2023-03-06T18:57:36.770+0000] {processor.py:743} INFO - Processing file /home/airflow/.local/lib/python3.7/site-packages/airflow/example_dags/example_branch_python_dop_operator_3.py for tasks to queue
[2023-03-06T18:57:36.783+0000] {logging_mixin.py:137} INFO - [2023-03-06T18:57:36.782+0000] {dagbag.py:538} INFO - Filling up the DagBag from /home/airflow/.local/lib/python3.7/site-packages/airflow/example_dags/example_branch_python_dop_operator_3.py
[2023-03-06T18:57:37.031+0000] {processor.py:753} INFO - DAG(s) dict_keys(['example_branch_dop_operator_v3']) retrieved from /home/airflow/.local/lib/python3.7/site-packages/airflow/example_dags/example_branch_python_dop_operator_3.py
[2023-03-06T18:57:37.257+0000] {logging_mixin.py:137} INFO - [2023-03-06T18:57:37.256+0000] {dag.py:2690} INFO - Sync 1 DAGs
[2023-03-06T18:57:37.640+0000] {logging_mixin.py:137} INFO - [2023-03-06T18:57:37.640+0000] {dag.py:3441} INFO - Setting next_dagrun for example_branch_dop_operator_v3 to 2023-03-06T18:56:00+00:00, run_after=2023-03-06T18:57:00+00:00
[2023-03-06T18:57:37.866+0000] {processor.py:175} INFO - Processing /home/airflow/.local/lib/python3.7/site-packages/airflow/example_dags/example_branch_python_dop_operator_3.py took 1.171 seconds
[2023-03-06T18:58:08.344+0000] {processor.py:153} INFO - Started process (PID=1110) to work on /home/airflow/.local/lib/python3.7/site-packages/airflow/example_dags/example_branch_python_dop_operator_3.py
[2023-03-06T18:58:08.347+0000] {processor.py:743} INFO - Processing file /home/airflow/.local/lib/python3.7/site-packages/airflow/example_dags/example_branch_python_dop_operator_3.py for tasks to queue
[2023-03-06T18:58:08.351+0000] {logging_mixin.py:137} INFO - [2023-03-06T18:58:08.350+0000] {dagbag.py:538} INFO - Filling up the DagBag from /home/airflow/.local/lib/python3.7/site-packages/airflow/example_dags/example_branch_python_dop_operator_3.py
[2023-03-06T18:58:08.406+0000] {processor.py:753} INFO - DAG(s) dict_keys(['example_branch_dop_operator_v3']) retrieved from /home/airflow/.local/lib/python3.7/site-packages/airflow/example_dags/example_branch_python_dop_operator_3.py
[2023-03-06T18:58:08.457+0000] {logging_mixin.py:137} INFO - [2023-03-06T18:58:08.457+0000] {dag.py:2690} INFO - Sync 1 DAGs
[2023-03-06T18:58:08.517+0000] {logging_mixin.py:137} INFO - [2023-03-06T18:58:08.517+0000] {dag.py:3441} INFO - Setting next_dagrun for example_branch_dop_operator_v3 to 2023-03-06T18:57:00+00:00, run_after=2023-03-06T18:58:00+00:00
[2023-03-06T18:58:08.552+0000] {processor.py:175} INFO - Processing /home/airflow/.local/lib/python3.7/site-packages/airflow/example_dags/example_branch_python_dop_operator_3.py took 0.216 seconds
[2023-03-06T18:58:38.654+0000] {processor.py:153} INFO - Started process (PID=1177) to work on /home/airflow/.local/lib/python3.7/site-packages/airflow/example_dags/example_branch_python_dop_operator_3.py
[2023-03-06T18:58:38.656+0000] {processor.py:743} INFO - Processing file /home/airflow/.local/lib/python3.7/site-packages/airflow/example_dags/example_branch_python_dop_operator_3.py for tasks to queue
[2023-03-06T18:58:38.659+0000] {logging_mixin.py:137} INFO - [2023-03-06T18:58:38.659+0000] {dagbag.py:538} INFO - Filling up the DagBag from /home/airflow/.local/lib/python3.7/site-packages/airflow/example_dags/example_branch_python_dop_operator_3.py
[2023-03-06T18:58:38.707+0000] {processor.py:753} INFO - DAG(s) dict_keys(['example_branch_dop_operator_v3']) retrieved from /home/airflow/.local/lib/python3.7/site-packages/airflow/example_dags/example_branch_python_dop_operator_3.py
[2023-03-06T18:58:38.764+0000] {logging_mixin.py:137} INFO - [2023-03-06T18:58:38.764+0000] {dag.py:2690} INFO - Sync 1 DAGs
[2023-03-06T18:58:38.816+0000] {logging_mixin.py:137} INFO - [2023-03-06T18:58:38.816+0000] {dag.py:3441} INFO - Setting next_dagrun for example_branch_dop_operator_v3 to 2023-03-06T18:57:00+00:00, run_after=2023-03-06T18:58:00+00:00
[2023-03-06T18:58:38.851+0000] {processor.py:175} INFO - Processing /home/airflow/.local/lib/python3.7/site-packages/airflow/example_dags/example_branch_python_dop_operator_3.py took 0.203 seconds
[2023-03-06T18:59:09.438+0000] {processor.py:153} INFO - Started process (PID=1248) to work on /home/airflow/.local/lib/python3.7/site-packages/airflow/example_dags/example_branch_python_dop_operator_3.py
[2023-03-06T18:59:09.441+0000] {processor.py:743} INFO - Processing file /home/airflow/.local/lib/python3.7/site-packages/airflow/example_dags/example_branch_python_dop_operator_3.py for tasks to queue
[2023-03-06T18:59:09.444+0000] {logging_mixin.py:137} INFO - [2023-03-06T18:59:09.443+0000] {dagbag.py:538} INFO - Filling up the DagBag from /home/airflow/.local/lib/python3.7/site-packages/airflow/example_dags/example_branch_python_dop_operator_3.py
[2023-03-06T18:59:09.496+0000] {processor.py:753} INFO - DAG(s) dict_keys(['example_branch_dop_operator_v3']) retrieved from /home/airflow/.local/lib/python3.7/site-packages/airflow/example_dags/example_branch_python_dop_operator_3.py
[2023-03-06T18:59:09.540+0000] {logging_mixin.py:137} INFO - [2023-03-06T18:59:09.540+0000] {dag.py:2690} INFO - Sync 1 DAGs
[2023-03-06T18:59:09.586+0000] {logging_mixin.py:137} INFO - [2023-03-06T18:59:09.586+0000] {dag.py:3441} INFO - Setting next_dagrun for example_branch_dop_operator_v3 to 2023-03-06T18:58:00+00:00, run_after=2023-03-06T18:59:00+00:00
[2023-03-06T18:59:09.622+0000] {processor.py:175} INFO - Processing /home/airflow/.local/lib/python3.7/site-packages/airflow/example_dags/example_branch_python_dop_operator_3.py took 0.193 seconds
[2023-03-06T18:59:40.151+0000] {processor.py:153} INFO - Started process (PID=1327) to work on /home/airflow/.local/lib/python3.7/site-packages/airflow/example_dags/example_branch_python_dop_operator_3.py
[2023-03-06T18:59:40.154+0000] {processor.py:743} INFO - Processing file /home/airflow/.local/lib/python3.7/site-packages/airflow/example_dags/example_branch_python_dop_operator_3.py for tasks to queue
[2023-03-06T18:59:40.158+0000] {logging_mixin.py:137} INFO - [2023-03-06T18:59:40.158+0000] {dagbag.py:538} INFO - Filling up the DagBag from /home/airflow/.local/lib/python3.7/site-packages/airflow/example_dags/example_branch_python_dop_operator_3.py
[2023-03-06T18:59:40.202+0000] {processor.py:753} INFO - DAG(s) dict_keys(['example_branch_dop_operator_v3']) retrieved from /home/airflow/.local/lib/python3.7/site-packages/airflow/example_dags/example_branch_python_dop_operator_3.py
[2023-03-06T18:59:40.247+0000] {logging_mixin.py:137} INFO - [2023-03-06T18:59:40.246+0000] {dag.py:2690} INFO - Sync 1 DAGs
[2023-03-06T18:59:40.299+0000] {logging_mixin.py:137} INFO - [2023-03-06T18:59:40.299+0000] {dag.py:3441} INFO - Setting next_dagrun for example_branch_dop_operator_v3 to 2023-03-06T18:58:00+00:00, run_after=2023-03-06T18:59:00+00:00
[2023-03-06T18:59:40.334+0000] {processor.py:175} INFO - Processing /home/airflow/.local/lib/python3.7/site-packages/airflow/example_dags/example_branch_python_dop_operator_3.py took 0.189 seconds
[2023-03-06T19:00:10.432+0000] {processor.py:153} INFO - Started process (PID=1392) to work on /home/airflow/.local/lib/python3.7/site-packages/airflow/example_dags/example_branch_python_dop_operator_3.py
[2023-03-06T19:00:10.435+0000] {processor.py:743} INFO - Processing file /home/airflow/.local/lib/python3.7/site-packages/airflow/example_dags/example_branch_python_dop_operator_3.py for tasks to queue
[2023-03-06T19:00:10.438+0000] {logging_mixin.py:137} INFO - [2023-03-06T19:00:10.438+0000] {dagbag.py:538} INFO - Filling up the DagBag from /home/airflow/.local/lib/python3.7/site-packages/airflow/example_dags/example_branch_python_dop_operator_3.py
[2023-03-06T19:00:10.483+0000] {processor.py:753} INFO - DAG(s) dict_keys(['example_branch_dop_operator_v3']) retrieved from /home/airflow/.local/lib/python3.7/site-packages/airflow/example_dags/example_branch_python_dop_operator_3.py
[2023-03-06T19:00:10.584+0000] {logging_mixin.py:137} INFO - [2023-03-06T19:00:10.584+0000] {dag.py:2690} INFO - Sync 1 DAGs
[2023-03-06T19:00:10.669+0000] {logging_mixin.py:137} INFO - [2023-03-06T19:00:10.669+0000] {dag.py:3441} INFO - Setting next_dagrun for example_branch_dop_operator_v3 to 2023-03-06T18:59:00+00:00, run_after=2023-03-06T19:00:00+00:00
[2023-03-06T19:00:10.707+0000] {processor.py:175} INFO - Processing /home/airflow/.local/lib/python3.7/site-packages/airflow/example_dags/example_branch_python_dop_operator_3.py took 0.282 seconds
[2023-03-06T19:00:41.544+0000] {processor.py:153} INFO - Started process (PID=1459) to work on /home/airflow/.local/lib/python3.7/site-packages/airflow/example_dags/example_branch_python_dop_operator_3.py
[2023-03-06T19:00:41.547+0000] {processor.py:743} INFO - Processing file /home/airflow/.local/lib/python3.7/site-packages/airflow/example_dags/example_branch_python_dop_operator_3.py for tasks to queue
[2023-03-06T19:00:41.551+0000] {logging_mixin.py:137} INFO - [2023-03-06T19:00:41.551+0000] {dagbag.py:538} INFO - Filling up the DagBag from /home/airflow/.local/lib/python3.7/site-packages/airflow/example_dags/example_branch_python_dop_operator_3.py
[2023-03-06T19:00:41.606+0000] {processor.py:753} INFO - DAG(s) dict_keys(['example_branch_dop_operator_v3']) retrieved from /home/airflow/.local/lib/python3.7/site-packages/airflow/example_dags/example_branch_python_dop_operator_3.py
[2023-03-06T19:00:41.674+0000] {logging_mixin.py:137} INFO - [2023-03-06T19:00:41.673+0000] {dag.py:2690} INFO - Sync 1 DAGs
[2023-03-06T19:00:41.742+0000] {logging_mixin.py:137} INFO - [2023-03-06T19:00:41.741+0000] {dag.py:3441} INFO - Setting next_dagrun for example_branch_dop_operator_v3 to 2023-03-06T18:59:00+00:00, run_after=2023-03-06T19:00:00+00:00
[2023-03-06T19:00:41.789+0000] {processor.py:175} INFO - Processing /home/airflow/.local/lib/python3.7/site-packages/airflow/example_dags/example_branch_python_dop_operator_3.py took 0.252 seconds
[2023-03-06T19:01:11.943+0000] {processor.py:153} INFO - Started process (PID=1525) to work on /home/airflow/.local/lib/python3.7/site-packages/airflow/example_dags/example_branch_python_dop_operator_3.py
[2023-03-06T19:01:11.947+0000] {processor.py:743} INFO - Processing file /home/airflow/.local/lib/python3.7/site-packages/airflow/example_dags/example_branch_python_dop_operator_3.py for tasks to queue
[2023-03-06T19:01:11.949+0000] {logging_mixin.py:137} INFO - [2023-03-06T19:01:11.949+0000] {dagbag.py:538} INFO - Filling up the DagBag from /home/airflow/.local/lib/python3.7/site-packages/airflow/example_dags/example_branch_python_dop_operator_3.py
[2023-03-06T19:01:11.985+0000] {processor.py:753} INFO - DAG(s) dict_keys(['example_branch_dop_operator_v3']) retrieved from /home/airflow/.local/lib/python3.7/site-packages/airflow/example_dags/example_branch_python_dop_operator_3.py
[2023-03-06T19:01:12.026+0000] {logging_mixin.py:137} INFO - [2023-03-06T19:01:12.026+0000] {dag.py:2690} INFO - Sync 1 DAGs
[2023-03-06T19:01:12.074+0000] {logging_mixin.py:137} INFO - [2023-03-06T19:01:12.074+0000] {dag.py:3441} INFO - Setting next_dagrun for example_branch_dop_operator_v3 to 2023-03-06T19:00:00+00:00, run_after=2023-03-06T19:01:00+00:00
[2023-03-06T19:01:12.107+0000] {processor.py:175} INFO - Processing /home/airflow/.local/lib/python3.7/site-packages/airflow/example_dags/example_branch_python_dop_operator_3.py took 0.171 seconds
[2023-03-06T19:01:42.388+0000] {processor.py:153} INFO - Started process (PID=1592) to work on /home/airflow/.local/lib/python3.7/site-packages/airflow/example_dags/example_branch_python_dop_operator_3.py
[2023-03-06T19:01:42.392+0000] {processor.py:743} INFO - Processing file /home/airflow/.local/lib/python3.7/site-packages/airflow/example_dags/example_branch_python_dop_operator_3.py for tasks to queue
[2023-03-06T19:01:42.394+0000] {logging_mixin.py:137} INFO - [2023-03-06T19:01:42.393+0000] {dagbag.py:538} INFO - Filling up the DagBag from /home/airflow/.local/lib/python3.7/site-packages/airflow/example_dags/example_branch_python_dop_operator_3.py
[2023-03-06T19:01:42.431+0000] {processor.py:753} INFO - DAG(s) dict_keys(['example_branch_dop_operator_v3']) retrieved from /home/airflow/.local/lib/python3.7/site-packages/airflow/example_dags/example_branch_python_dop_operator_3.py
[2023-03-06T19:01:42.473+0000] {logging_mixin.py:137} INFO - [2023-03-06T19:01:42.472+0000] {dag.py:2690} INFO - Sync 1 DAGs
[2023-03-06T19:01:42.529+0000] {logging_mixin.py:137} INFO - [2023-03-06T19:01:42.528+0000] {dag.py:3441} INFO - Setting next_dagrun for example_branch_dop_operator_v3 to 2023-03-06T19:00:00+00:00, run_after=2023-03-06T19:01:00+00:00
[2023-03-06T19:01:42.575+0000] {processor.py:175} INFO - Processing /home/airflow/.local/lib/python3.7/site-packages/airflow/example_dags/example_branch_python_dop_operator_3.py took 0.193 seconds
[2023-03-06T19:02:12.804+0000] {processor.py:153} INFO - Started process (PID=1659) to work on /home/airflow/.local/lib/python3.7/site-packages/airflow/example_dags/example_branch_python_dop_operator_3.py
[2023-03-06T19:02:12.808+0000] {processor.py:743} INFO - Processing file /home/airflow/.local/lib/python3.7/site-packages/airflow/example_dags/example_branch_python_dop_operator_3.py for tasks to queue
[2023-03-06T19:02:12.811+0000] {logging_mixin.py:137} INFO - [2023-03-06T19:02:12.810+0000] {dagbag.py:538} INFO - Filling up the DagBag from /home/airflow/.local/lib/python3.7/site-packages/airflow/example_dags/example_branch_python_dop_operator_3.py
[2023-03-06T19:02:12.851+0000] {processor.py:753} INFO - DAG(s) dict_keys(['example_branch_dop_operator_v3']) retrieved from /home/airflow/.local/lib/python3.7/site-packages/airflow/example_dags/example_branch_python_dop_operator_3.py
[2023-03-06T19:02:12.896+0000] {logging_mixin.py:137} INFO - [2023-03-06T19:02:12.896+0000] {dag.py:2690} INFO - Sync 1 DAGs
[2023-03-06T19:02:12.949+0000] {logging_mixin.py:137} INFO - [2023-03-06T19:02:12.949+0000] {dag.py:3441} INFO - Setting next_dagrun for example_branch_dop_operator_v3 to 2023-03-06T19:01:00+00:00, run_after=2023-03-06T19:02:00+00:00
[2023-03-06T19:02:12.985+0000] {processor.py:175} INFO - Processing /home/airflow/.local/lib/python3.7/site-packages/airflow/example_dags/example_branch_python_dop_operator_3.py took 0.190 seconds
[2023-03-06T19:02:43.792+0000] {processor.py:153} INFO - Started process (PID=1739) to work on /home/airflow/.local/lib/python3.7/site-packages/airflow/example_dags/example_branch_python_dop_operator_3.py
[2023-03-06T19:02:43.795+0000] {processor.py:743} INFO - Processing file /home/airflow/.local/lib/python3.7/site-packages/airflow/example_dags/example_branch_python_dop_operator_3.py for tasks to queue
[2023-03-06T19:02:43.798+0000] {logging_mixin.py:137} INFO - [2023-03-06T19:02:43.797+0000] {dagbag.py:538} INFO - Filling up the DagBag from /home/airflow/.local/lib/python3.7/site-packages/airflow/example_dags/example_branch_python_dop_operator_3.py
[2023-03-06T19:02:43.851+0000] {processor.py:753} INFO - DAG(s) dict_keys(['example_branch_dop_operator_v3']) retrieved from /home/airflow/.local/lib/python3.7/site-packages/airflow/example_dags/example_branch_python_dop_operator_3.py
[2023-03-06T19:02:43.904+0000] {logging_mixin.py:137} INFO - [2023-03-06T19:02:43.904+0000] {dag.py:2690} INFO - Sync 1 DAGs
[2023-03-06T19:02:43.962+0000] {logging_mixin.py:137} INFO - [2023-03-06T19:02:43.961+0000] {dag.py:3441} INFO - Setting next_dagrun for example_branch_dop_operator_v3 to 2023-03-06T19:01:00+00:00, run_after=2023-03-06T19:02:00+00:00
[2023-03-06T19:02:44.000+0000] {processor.py:175} INFO - Processing /home/airflow/.local/lib/python3.7/site-packages/airflow/example_dags/example_branch_python_dop_operator_3.py took 0.217 seconds
[2023-03-06T19:03:14.725+0000] {processor.py:153} INFO - Started process (PID=1805) to work on /home/airflow/.local/lib/python3.7/site-packages/airflow/example_dags/example_branch_python_dop_operator_3.py
[2023-03-06T19:03:14.729+0000] {processor.py:743} INFO - Processing file /home/airflow/.local/lib/python3.7/site-packages/airflow/example_dags/example_branch_python_dop_operator_3.py for tasks to queue
[2023-03-06T19:03:14.731+0000] {logging_mixin.py:137} INFO - [2023-03-06T19:03:14.731+0000] {dagbag.py:538} INFO - Filling up the DagBag from /home/airflow/.local/lib/python3.7/site-packages/airflow/example_dags/example_branch_python_dop_operator_3.py
[2023-03-06T19:03:14.774+0000] {processor.py:753} INFO - DAG(s) dict_keys(['example_branch_dop_operator_v3']) retrieved from /home/airflow/.local/lib/python3.7/site-packages/airflow/example_dags/example_branch_python_dop_operator_3.py
[2023-03-06T19:03:14.825+0000] {logging_mixin.py:137} INFO - [2023-03-06T19:03:14.825+0000] {dag.py:2690} INFO - Sync 1 DAGs
[2023-03-06T19:03:14.877+0000] {logging_mixin.py:137} INFO - [2023-03-06T19:03:14.877+0000] {dag.py:3441} INFO - Setting next_dagrun for example_branch_dop_operator_v3 to 2023-03-06T19:02:00+00:00, run_after=2023-03-06T19:03:00+00:00
[2023-03-06T19:03:14.918+0000] {processor.py:175} INFO - Processing /home/airflow/.local/lib/python3.7/site-packages/airflow/example_dags/example_branch_python_dop_operator_3.py took 0.201 seconds
[2023-03-06T19:03:45.708+0000] {processor.py:153} INFO - Started process (PID=1872) to work on /home/airflow/.local/lib/python3.7/site-packages/airflow/example_dags/example_branch_python_dop_operator_3.py
[2023-03-06T19:03:45.711+0000] {processor.py:743} INFO - Processing file /home/airflow/.local/lib/python3.7/site-packages/airflow/example_dags/example_branch_python_dop_operator_3.py for tasks to queue
[2023-03-06T19:03:45.713+0000] {logging_mixin.py:137} INFO - [2023-03-06T19:03:45.713+0000] {dagbag.py:538} INFO - Filling up the DagBag from /home/airflow/.local/lib/python3.7/site-packages/airflow/example_dags/example_branch_python_dop_operator_3.py
[2023-03-06T19:03:45.747+0000] {processor.py:753} INFO - DAG(s) dict_keys(['example_branch_dop_operator_v3']) retrieved from /home/airflow/.local/lib/python3.7/site-packages/airflow/example_dags/example_branch_python_dop_operator_3.py
[2023-03-06T19:03:45.791+0000] {logging_mixin.py:137} INFO - [2023-03-06T19:03:45.791+0000] {dag.py:2690} INFO - Sync 1 DAGs
[2023-03-06T19:03:45.840+0000] {logging_mixin.py:137} INFO - [2023-03-06T19:03:45.840+0000] {dag.py:3441} INFO - Setting next_dagrun for example_branch_dop_operator_v3 to 2023-03-06T19:02:00+00:00, run_after=2023-03-06T19:03:00+00:00
[2023-03-06T19:03:45.873+0000] {processor.py:175} INFO - Processing /home/airflow/.local/lib/python3.7/site-packages/airflow/example_dags/example_branch_python_dop_operator_3.py took 0.170 seconds
[2023-03-06T19:04:16.466+0000] {processor.py:153} INFO - Started process (PID=1939) to work on /home/airflow/.local/lib/python3.7/site-packages/airflow/example_dags/example_branch_python_dop_operator_3.py
[2023-03-06T19:04:16.468+0000] {processor.py:743} INFO - Processing file /home/airflow/.local/lib/python3.7/site-packages/airflow/example_dags/example_branch_python_dop_operator_3.py for tasks to queue
[2023-03-06T19:04:16.471+0000] {logging_mixin.py:137} INFO - [2023-03-06T19:04:16.471+0000] {dagbag.py:538} INFO - Filling up the DagBag from /home/airflow/.local/lib/python3.7/site-packages/airflow/example_dags/example_branch_python_dop_operator_3.py
[2023-03-06T19:04:16.515+0000] {processor.py:753} INFO - DAG(s) dict_keys(['example_branch_dop_operator_v3']) retrieved from /home/airflow/.local/lib/python3.7/site-packages/airflow/example_dags/example_branch_python_dop_operator_3.py
[2023-03-06T19:04:16.564+0000] {logging_mixin.py:137} INFO - [2023-03-06T19:04:16.563+0000] {dag.py:2690} INFO - Sync 1 DAGs
[2023-03-06T19:04:16.619+0000] {logging_mixin.py:137} INFO - [2023-03-06T19:04:16.619+0000] {dag.py:3441} INFO - Setting next_dagrun for example_branch_dop_operator_v3 to 2023-03-06T19:03:00+00:00, run_after=2023-03-06T19:04:00+00:00
[2023-03-06T19:04:16.656+0000] {processor.py:175} INFO - Processing /home/airflow/.local/lib/python3.7/site-packages/airflow/example_dags/example_branch_python_dop_operator_3.py took 0.197 seconds
[2023-03-06T19:04:46.783+0000] {processor.py:153} INFO - Started process (PID=2006) to work on /home/airflow/.local/lib/python3.7/site-packages/airflow/example_dags/example_branch_python_dop_operator_3.py
[2023-03-06T19:04:46.790+0000] {processor.py:743} INFO - Processing file /home/airflow/.local/lib/python3.7/site-packages/airflow/example_dags/example_branch_python_dop_operator_3.py for tasks to queue
[2023-03-06T19:04:46.799+0000] {logging_mixin.py:137} INFO - [2023-03-06T19:04:46.799+0000] {dagbag.py:538} INFO - Filling up the DagBag from /home/airflow/.local/lib/python3.7/site-packages/airflow/example_dags/example_branch_python_dop_operator_3.py
[2023-03-06T19:04:46.869+0000] {processor.py:753} INFO - DAG(s) dict_keys(['example_branch_dop_operator_v3']) retrieved from /home/airflow/.local/lib/python3.7/site-packages/airflow/example_dags/example_branch_python_dop_operator_3.py
[2023-03-06T19:04:46.936+0000] {logging_mixin.py:137} INFO - [2023-03-06T19:04:46.936+0000] {dag.py:2690} INFO - Sync 1 DAGs
[2023-03-06T19:04:47.015+0000] {logging_mixin.py:137} INFO - [2023-03-06T19:04:47.015+0000] {dag.py:3441} INFO - Setting next_dagrun for example_branch_dop_operator_v3 to 2023-03-06T19:03:00+00:00, run_after=2023-03-06T19:04:00+00:00
[2023-03-06T19:04:47.064+0000] {processor.py:175} INFO - Processing /home/airflow/.local/lib/python3.7/site-packages/airflow/example_dags/example_branch_python_dop_operator_3.py took 0.294 seconds
[2023-03-06T19:05:17.278+0000] {processor.py:153} INFO - Started process (PID=2075) to work on /home/airflow/.local/lib/python3.7/site-packages/airflow/example_dags/example_branch_python_dop_operator_3.py
[2023-03-06T19:05:17.282+0000] {processor.py:743} INFO - Processing file /home/airflow/.local/lib/python3.7/site-packages/airflow/example_dags/example_branch_python_dop_operator_3.py for tasks to queue
[2023-03-06T19:05:17.286+0000] {logging_mixin.py:137} INFO - [2023-03-06T19:05:17.286+0000] {dagbag.py:538} INFO - Filling up the DagBag from /home/airflow/.local/lib/python3.7/site-packages/airflow/example_dags/example_branch_python_dop_operator_3.py
[2023-03-06T19:05:17.335+0000] {processor.py:753} INFO - DAG(s) dict_keys(['example_branch_dop_operator_v3']) retrieved from /home/airflow/.local/lib/python3.7/site-packages/airflow/example_dags/example_branch_python_dop_operator_3.py
[2023-03-06T19:05:17.393+0000] {logging_mixin.py:137} INFO - [2023-03-06T19:05:17.393+0000] {dag.py:2690} INFO - Sync 1 DAGs
[2023-03-06T19:05:17.470+0000] {logging_mixin.py:137} INFO - [2023-03-06T19:05:17.470+0000] {dag.py:3441} INFO - Setting next_dagrun for example_branch_dop_operator_v3 to 2023-03-06T19:04:00+00:00, run_after=2023-03-06T19:05:00+00:00
[2023-03-06T19:05:17.512+0000] {processor.py:175} INFO - Processing /home/airflow/.local/lib/python3.7/site-packages/airflow/example_dags/example_branch_python_dop_operator_3.py took 0.242 seconds
[2023-03-06T19:05:47.707+0000] {processor.py:153} INFO - Started process (PID=2143) to work on /home/airflow/.local/lib/python3.7/site-packages/airflow/example_dags/example_branch_python_dop_operator_3.py
[2023-03-06T19:05:47.710+0000] {processor.py:743} INFO - Processing file /home/airflow/.local/lib/python3.7/site-packages/airflow/example_dags/example_branch_python_dop_operator_3.py for tasks to queue
[2023-03-06T19:05:47.712+0000] {logging_mixin.py:137} INFO - [2023-03-06T19:05:47.712+0000] {dagbag.py:538} INFO - Filling up the DagBag from /home/airflow/.local/lib/python3.7/site-packages/airflow/example_dags/example_branch_python_dop_operator_3.py
[2023-03-06T19:05:47.755+0000] {processor.py:753} INFO - DAG(s) dict_keys(['example_branch_dop_operator_v3']) retrieved from /home/airflow/.local/lib/python3.7/site-packages/airflow/example_dags/example_branch_python_dop_operator_3.py
[2023-03-06T19:05:47.804+0000] {logging_mixin.py:137} INFO - [2023-03-06T19:05:47.803+0000] {dag.py:2690} INFO - Sync 1 DAGs
[2023-03-06T19:05:47.864+0000] {logging_mixin.py:137} INFO - [2023-03-06T19:05:47.864+0000] {dag.py:3441} INFO - Setting next_dagrun for example_branch_dop_operator_v3 to 2023-03-06T19:04:00+00:00, run_after=2023-03-06T19:05:00+00:00
[2023-03-06T19:05:47.900+0000] {processor.py:175} INFO - Processing /home/airflow/.local/lib/python3.7/site-packages/airflow/example_dags/example_branch_python_dop_operator_3.py took 0.201 seconds
[2023-03-06T19:06:18.820+0000] {processor.py:153} INFO - Started process (PID=2210) to work on /home/airflow/.local/lib/python3.7/site-packages/airflow/example_dags/example_branch_python_dop_operator_3.py
[2023-03-06T19:06:18.861+0000] {processor.py:743} INFO - Processing file /home/airflow/.local/lib/python3.7/site-packages/airflow/example_dags/example_branch_python_dop_operator_3.py for tasks to queue
[2023-03-06T19:06:18.872+0000] {logging_mixin.py:137} INFO - [2023-03-06T19:06:18.872+0000] {dagbag.py:538} INFO - Filling up the DagBag from /home/airflow/.local/lib/python3.7/site-packages/airflow/example_dags/example_branch_python_dop_operator_3.py
[2023-03-06T19:06:19.058+0000] {processor.py:753} INFO - DAG(s) dict_keys(['example_branch_dop_operator_v3']) retrieved from /home/airflow/.local/lib/python3.7/site-packages/airflow/example_dags/example_branch_python_dop_operator_3.py
[2023-03-06T19:06:19.168+0000] {logging_mixin.py:137} INFO - [2023-03-06T19:06:19.168+0000] {dag.py:2690} INFO - Sync 1 DAGs
[2023-03-06T19:06:19.486+0000] {logging_mixin.py:137} INFO - [2023-03-06T19:06:19.485+0000] {dag.py:3441} INFO - Setting next_dagrun for example_branch_dop_operator_v3 to 2023-03-06T19:05:00+00:00, run_after=2023-03-06T19:06:00+00:00
[2023-03-06T19:06:19.583+0000] {processor.py:175} INFO - Processing /home/airflow/.local/lib/python3.7/site-packages/airflow/example_dags/example_branch_python_dop_operator_3.py took 0.849 seconds
[2023-03-06T19:08:04.952+0000] {processor.py:153} INFO - Started process (PID=2323) to work on /home/airflow/.local/lib/python3.7/site-packages/airflow/example_dags/example_branch_python_dop_operator_3.py
[2023-03-06T19:08:04.960+0000] {processor.py:743} INFO - Processing file /home/airflow/.local/lib/python3.7/site-packages/airflow/example_dags/example_branch_python_dop_operator_3.py for tasks to queue
[2023-03-06T19:08:04.966+0000] {logging_mixin.py:137} INFO - [2023-03-06T19:08:04.965+0000] {dagbag.py:538} INFO - Filling up the DagBag from /home/airflow/.local/lib/python3.7/site-packages/airflow/example_dags/example_branch_python_dop_operator_3.py
[2023-03-06T19:08:05.131+0000] {processor.py:753} INFO - DAG(s) dict_keys(['example_branch_dop_operator_v3']) retrieved from /home/airflow/.local/lib/python3.7/site-packages/airflow/example_dags/example_branch_python_dop_operator_3.py
[2023-03-06T19:08:05.282+0000] {logging_mixin.py:137} INFO - [2023-03-06T19:08:05.282+0000] {dag.py:2690} INFO - Sync 1 DAGs
[2023-03-06T19:08:05.480+0000] {logging_mixin.py:137} INFO - [2023-03-06T19:08:05.478+0000] {dag.py:3441} INFO - Setting next_dagrun for example_branch_dop_operator_v3 to 2023-03-06T19:07:00+00:00, run_after=2023-03-06T19:08:00+00:00
[2023-03-06T19:08:05.606+0000] {processor.py:175} INFO - Processing /home/airflow/.local/lib/python3.7/site-packages/airflow/example_dags/example_branch_python_dop_operator_3.py took 0.672 seconds
[2023-03-06T19:08:36.721+0000] {processor.py:153} INFO - Started process (PID=2386) to work on /home/airflow/.local/lib/python3.7/site-packages/airflow/example_dags/example_branch_python_dop_operator_3.py
[2023-03-06T19:08:36.725+0000] {processor.py:743} INFO - Processing file /home/airflow/.local/lib/python3.7/site-packages/airflow/example_dags/example_branch_python_dop_operator_3.py for tasks to queue
[2023-03-06T19:08:36.728+0000] {logging_mixin.py:137} INFO - [2023-03-06T19:08:36.728+0000] {dagbag.py:538} INFO - Filling up the DagBag from /home/airflow/.local/lib/python3.7/site-packages/airflow/example_dags/example_branch_python_dop_operator_3.py
[2023-03-06T19:08:36.782+0000] {processor.py:753} INFO - DAG(s) dict_keys(['example_branch_dop_operator_v3']) retrieved from /home/airflow/.local/lib/python3.7/site-packages/airflow/example_dags/example_branch_python_dop_operator_3.py
[2023-03-06T19:08:36.838+0000] {logging_mixin.py:137} INFO - [2023-03-06T19:08:36.838+0000] {dag.py:2690} INFO - Sync 1 DAGs
[2023-03-06T19:08:36.902+0000] {logging_mixin.py:137} INFO - [2023-03-06T19:08:36.902+0000] {dag.py:3441} INFO - Setting next_dagrun for example_branch_dop_operator_v3 to 2023-03-06T19:07:00+00:00, run_after=2023-03-06T19:08:00+00:00
[2023-03-06T19:08:36.957+0000] {processor.py:175} INFO - Processing /home/airflow/.local/lib/python3.7/site-packages/airflow/example_dags/example_branch_python_dop_operator_3.py took 0.244 seconds
[2023-03-06T19:09:15.401+0000] {processor.py:153} INFO - Started process (PID=2458) to work on /home/airflow/.local/lib/python3.7/site-packages/airflow/example_dags/example_branch_python_dop_operator_3.py
[2023-03-06T19:09:15.417+0000] {processor.py:743} INFO - Processing file /home/airflow/.local/lib/python3.7/site-packages/airflow/example_dags/example_branch_python_dop_operator_3.py for tasks to queue
[2023-03-06T19:09:15.431+0000] {logging_mixin.py:137} INFO - [2023-03-06T19:09:15.430+0000] {dagbag.py:538} INFO - Filling up the DagBag from /home/airflow/.local/lib/python3.7/site-packages/airflow/example_dags/example_branch_python_dop_operator_3.py
[2023-03-06T19:09:15.669+0000] {processor.py:753} INFO - DAG(s) dict_keys(['example_branch_dop_operator_v3']) retrieved from /home/airflow/.local/lib/python3.7/site-packages/airflow/example_dags/example_branch_python_dop_operator_3.py
[2023-03-06T19:09:15.795+0000] {logging_mixin.py:137} INFO - [2023-03-06T19:09:15.794+0000] {dag.py:2690} INFO - Sync 1 DAGs
[2023-03-06T19:09:16.099+0000] {logging_mixin.py:137} INFO - [2023-03-06T19:09:16.098+0000] {dag.py:3441} INFO - Setting next_dagrun for example_branch_dop_operator_v3 to 2023-03-06T19:08:00+00:00, run_after=2023-03-06T19:09:00+00:00
[2023-03-06T19:09:16.273+0000] {processor.py:175} INFO - Processing /home/airflow/.local/lib/python3.7/site-packages/airflow/example_dags/example_branch_python_dop_operator_3.py took 0.922 seconds
[2023-03-06T19:09:47.073+0000] {processor.py:153} INFO - Started process (PID=2525) to work on /home/airflow/.local/lib/python3.7/site-packages/airflow/example_dags/example_branch_python_dop_operator_3.py
[2023-03-06T19:09:47.114+0000] {processor.py:743} INFO - Processing file /home/airflow/.local/lib/python3.7/site-packages/airflow/example_dags/example_branch_python_dop_operator_3.py for tasks to queue
[2023-03-06T19:09:47.161+0000] {logging_mixin.py:137} INFO - [2023-03-06T19:09:47.160+0000] {dagbag.py:538} INFO - Filling up the DagBag from /home/airflow/.local/lib/python3.7/site-packages/airflow/example_dags/example_branch_python_dop_operator_3.py
[2023-03-06T19:09:47.516+0000] {processor.py:753} INFO - DAG(s) dict_keys(['example_branch_dop_operator_v3']) retrieved from /home/airflow/.local/lib/python3.7/site-packages/airflow/example_dags/example_branch_python_dop_operator_3.py
[2023-03-06T19:09:47.981+0000] {logging_mixin.py:137} INFO - [2023-03-06T19:09:47.978+0000] {dag.py:2690} INFO - Sync 1 DAGs
[2023-03-06T19:09:48.387+0000] {logging_mixin.py:137} INFO - [2023-03-06T19:09:48.387+0000] {dag.py:3441} INFO - Setting next_dagrun for example_branch_dop_operator_v3 to 2023-03-06T19:08:00+00:00, run_after=2023-03-06T19:09:00+00:00
[2023-03-06T19:09:48.521+0000] {processor.py:175} INFO - Processing /home/airflow/.local/lib/python3.7/site-packages/airflow/example_dags/example_branch_python_dop_operator_3.py took 1.560 seconds
[2023-03-06T19:10:18.952+0000] {processor.py:153} INFO - Started process (PID=2593) to work on /home/airflow/.local/lib/python3.7/site-packages/airflow/example_dags/example_branch_python_dop_operator_3.py
[2023-03-06T19:10:18.956+0000] {processor.py:743} INFO - Processing file /home/airflow/.local/lib/python3.7/site-packages/airflow/example_dags/example_branch_python_dop_operator_3.py for tasks to queue
[2023-03-06T19:10:18.962+0000] {logging_mixin.py:137} INFO - [2023-03-06T19:10:18.961+0000] {dagbag.py:538} INFO - Filling up the DagBag from /home/airflow/.local/lib/python3.7/site-packages/airflow/example_dags/example_branch_python_dop_operator_3.py
[2023-03-06T19:10:19.036+0000] {processor.py:753} INFO - DAG(s) dict_keys(['example_branch_dop_operator_v3']) retrieved from /home/airflow/.local/lib/python3.7/site-packages/airflow/example_dags/example_branch_python_dop_operator_3.py
[2023-03-06T19:10:19.121+0000] {logging_mixin.py:137} INFO - [2023-03-06T19:10:19.121+0000] {dag.py:2690} INFO - Sync 1 DAGs
[2023-03-06T19:10:19.227+0000] {logging_mixin.py:137} INFO - [2023-03-06T19:10:19.227+0000] {dag.py:3441} INFO - Setting next_dagrun for example_branch_dop_operator_v3 to 2023-03-06T19:09:00+00:00, run_after=2023-03-06T19:10:00+00:00
[2023-03-06T19:10:19.302+0000] {processor.py:175} INFO - Processing /home/airflow/.local/lib/python3.7/site-packages/airflow/example_dags/example_branch_python_dop_operator_3.py took 0.363 seconds
[2023-03-06T19:10:49.664+0000] {processor.py:153} INFO - Started process (PID=2647) to work on /home/airflow/.local/lib/python3.7/site-packages/airflow/example_dags/example_branch_python_dop_operator_3.py
[2023-03-06T19:10:49.668+0000] {processor.py:743} INFO - Processing file /home/airflow/.local/lib/python3.7/site-packages/airflow/example_dags/example_branch_python_dop_operator_3.py for tasks to queue
[2023-03-06T19:10:49.672+0000] {logging_mixin.py:137} INFO - [2023-03-06T19:10:49.672+0000] {dagbag.py:538} INFO - Filling up the DagBag from /home/airflow/.local/lib/python3.7/site-packages/airflow/example_dags/example_branch_python_dop_operator_3.py
[2023-03-06T19:10:49.742+0000] {processor.py:753} INFO - DAG(s) dict_keys(['example_branch_dop_operator_v3']) retrieved from /home/airflow/.local/lib/python3.7/site-packages/airflow/example_dags/example_branch_python_dop_operator_3.py
[2023-03-06T19:10:49.823+0000] {logging_mixin.py:137} INFO - [2023-03-06T19:10:49.823+0000] {dag.py:2690} INFO - Sync 1 DAGs
[2023-03-06T19:10:49.907+0000] {logging_mixin.py:137} INFO - [2023-03-06T19:10:49.906+0000] {dag.py:3441} INFO - Setting next_dagrun for example_branch_dop_operator_v3 to 2023-03-06T19:09:00+00:00, run_after=2023-03-06T19:10:00+00:00
[2023-03-06T19:10:49.986+0000] {processor.py:175} INFO - Processing /home/airflow/.local/lib/python3.7/site-packages/airflow/example_dags/example_branch_python_dop_operator_3.py took 0.331 seconds
[2023-03-06T19:11:20.342+0000] {processor.py:153} INFO - Started process (PID=2712) to work on /home/airflow/.local/lib/python3.7/site-packages/airflow/example_dags/example_branch_python_dop_operator_3.py
[2023-03-06T19:11:20.350+0000] {processor.py:743} INFO - Processing file /home/airflow/.local/lib/python3.7/site-packages/airflow/example_dags/example_branch_python_dop_operator_3.py for tasks to queue
[2023-03-06T19:11:20.354+0000] {logging_mixin.py:137} INFO - [2023-03-06T19:11:20.354+0000] {dagbag.py:538} INFO - Filling up the DagBag from /home/airflow/.local/lib/python3.7/site-packages/airflow/example_dags/example_branch_python_dop_operator_3.py
[2023-03-06T19:11:20.422+0000] {processor.py:753} INFO - DAG(s) dict_keys(['example_branch_dop_operator_v3']) retrieved from /home/airflow/.local/lib/python3.7/site-packages/airflow/example_dags/example_branch_python_dop_operator_3.py
[2023-03-06T19:11:20.515+0000] {logging_mixin.py:137} INFO - [2023-03-06T19:11:20.515+0000] {dag.py:2690} INFO - Sync 1 DAGs
[2023-03-06T19:11:20.638+0000] {logging_mixin.py:137} INFO - [2023-03-06T19:11:20.638+0000] {dag.py:3441} INFO - Setting next_dagrun for example_branch_dop_operator_v3 to 2023-03-06T19:10:00+00:00, run_after=2023-03-06T19:11:00+00:00
[2023-03-06T19:11:20.757+0000] {processor.py:175} INFO - Processing /home/airflow/.local/lib/python3.7/site-packages/airflow/example_dags/example_branch_python_dop_operator_3.py took 0.426 seconds
[2023-03-06T19:11:56.077+0000] {processor.py:153} INFO - Started process (PID=2788) to work on /home/airflow/.local/lib/python3.7/site-packages/airflow/example_dags/example_branch_python_dop_operator_3.py
[2023-03-06T19:11:56.083+0000] {processor.py:743} INFO - Processing file /home/airflow/.local/lib/python3.7/site-packages/airflow/example_dags/example_branch_python_dop_operator_3.py for tasks to queue
[2023-03-06T19:11:56.090+0000] {logging_mixin.py:137} INFO - [2023-03-06T19:11:56.088+0000] {dagbag.py:538} INFO - Filling up the DagBag from /home/airflow/.local/lib/python3.7/site-packages/airflow/example_dags/example_branch_python_dop_operator_3.py
[2023-03-06T19:11:56.184+0000] {processor.py:753} INFO - DAG(s) dict_keys(['example_branch_dop_operator_v3']) retrieved from /home/airflow/.local/lib/python3.7/site-packages/airflow/example_dags/example_branch_python_dop_operator_3.py
[2023-03-06T19:11:56.321+0000] {logging_mixin.py:137} INFO - [2023-03-06T19:11:56.321+0000] {dag.py:2690} INFO - Sync 1 DAGs
[2023-03-06T19:11:56.511+0000] {logging_mixin.py:137} INFO - [2023-03-06T19:11:56.510+0000] {dag.py:3441} INFO - Setting next_dagrun for example_branch_dop_operator_v3 to 2023-03-06T19:10:00+00:00, run_after=2023-03-06T19:11:00+00:00
[2023-03-06T19:11:56.626+0000] {processor.py:175} INFO - Processing /home/airflow/.local/lib/python3.7/site-packages/airflow/example_dags/example_branch_python_dop_operator_3.py took 0.560 seconds
