[2023-03-06T17:08:32.678+0000] {processor.py:153} INFO - Started process (PID=98) to work on /home/airflow/.local/lib/python3.7/site-packages/airflow/example_dags/example_branch_operator.py
[2023-03-06T17:08:32.681+0000] {processor.py:743} INFO - Processing file /home/airflow/.local/lib/python3.7/site-packages/airflow/example_dags/example_branch_operator.py for tasks to queue
[2023-03-06T17:08:32.684+0000] {logging_mixin.py:137} INFO - [2023-03-06T17:08:32.683+0000] {dagbag.py:538} INFO - Filling up the DagBag from /home/airflow/.local/lib/python3.7/site-packages/airflow/example_dags/example_branch_operator.py
[2023-03-06T17:08:32.718+0000] {processor.py:753} INFO - DAG(s) dict_keys(['example_branch_operator']) retrieved from /home/airflow/.local/lib/python3.7/site-packages/airflow/example_dags/example_branch_operator.py
[2023-03-06T17:08:32.776+0000] {logging_mixin.py:137} INFO - [2023-03-06T17:08:32.776+0000] {dag.py:2690} INFO - Sync 1 DAGs
[2023-03-06T17:08:32.832+0000] {logging_mixin.py:137} INFO - [2023-03-06T17:08:32.832+0000] {dag.py:3441} INFO - Setting next_dagrun for example_branch_operator to 2023-03-05T00:00:00+00:00, run_after=2023-03-06T00:00:00+00:00
[2023-03-06T17:08:32.864+0000] {processor.py:175} INFO - Processing /home/airflow/.local/lib/python3.7/site-packages/airflow/example_dags/example_branch_operator.py took 0.192 seconds
[2023-03-06T17:09:03.856+0000] {processor.py:153} INFO - Started process (PID=164) to work on /home/airflow/.local/lib/python3.7/site-packages/airflow/example_dags/example_branch_operator.py
[2023-03-06T17:09:03.862+0000] {processor.py:743} INFO - Processing file /home/airflow/.local/lib/python3.7/site-packages/airflow/example_dags/example_branch_operator.py for tasks to queue
[2023-03-06T17:09:03.866+0000] {logging_mixin.py:137} INFO - [2023-03-06T17:09:03.866+0000] {dagbag.py:538} INFO - Filling up the DagBag from /home/airflow/.local/lib/python3.7/site-packages/airflow/example_dags/example_branch_operator.py
[2023-03-06T17:09:03.906+0000] {processor.py:753} INFO - DAG(s) dict_keys(['example_branch_operator']) retrieved from /home/airflow/.local/lib/python3.7/site-packages/airflow/example_dags/example_branch_operator.py
[2023-03-06T17:09:03.981+0000] {logging_mixin.py:137} INFO - [2023-03-06T17:09:03.980+0000] {dag.py:2690} INFO - Sync 1 DAGs
[2023-03-06T17:09:04.044+0000] {logging_mixin.py:137} INFO - [2023-03-06T17:09:04.044+0000] {dag.py:3441} INFO - Setting next_dagrun for example_branch_operator to 2023-03-05T00:00:00+00:00, run_after=2023-03-06T00:00:00+00:00
[2023-03-06T17:09:04.086+0000] {processor.py:175} INFO - Processing /home/airflow/.local/lib/python3.7/site-packages/airflow/example_dags/example_branch_operator.py took 0.240 seconds
[2023-03-06T17:09:40.605+0000] {processor.py:153} INFO - Started process (PID=238) to work on /home/airflow/.local/lib/python3.7/site-packages/airflow/example_dags/example_branch_operator.py
[2023-03-06T17:09:40.611+0000] {processor.py:743} INFO - Processing file /home/airflow/.local/lib/python3.7/site-packages/airflow/example_dags/example_branch_operator.py for tasks to queue
[2023-03-06T17:09:40.616+0000] {logging_mixin.py:137} INFO - [2023-03-06T17:09:40.615+0000] {dagbag.py:538} INFO - Filling up the DagBag from /home/airflow/.local/lib/python3.7/site-packages/airflow/example_dags/example_branch_operator.py
[2023-03-06T17:09:40.688+0000] {processor.py:753} INFO - DAG(s) dict_keys(['example_branch_operator']) retrieved from /home/airflow/.local/lib/python3.7/site-packages/airflow/example_dags/example_branch_operator.py
[2023-03-06T17:09:40.868+0000] {logging_mixin.py:137} INFO - [2023-03-06T17:09:40.868+0000] {dag.py:2690} INFO - Sync 1 DAGs
[2023-03-06T17:09:41.011+0000] {logging_mixin.py:137} INFO - [2023-03-06T17:09:41.011+0000] {dag.py:3441} INFO - Setting next_dagrun for example_branch_operator to 2023-03-05T00:00:00+00:00, run_after=2023-03-06T00:00:00+00:00
[2023-03-06T17:09:41.099+0000] {processor.py:175} INFO - Processing /home/airflow/.local/lib/python3.7/site-packages/airflow/example_dags/example_branch_operator.py took 0.518 seconds
[2023-03-06T17:10:17.046+0000] {processor.py:153} INFO - Started process (PID=307) to work on /home/airflow/.local/lib/python3.7/site-packages/airflow/example_dags/example_branch_operator.py
[2023-03-06T17:10:17.053+0000] {processor.py:743} INFO - Processing file /home/airflow/.local/lib/python3.7/site-packages/airflow/example_dags/example_branch_operator.py for tasks to queue
[2023-03-06T17:10:17.058+0000] {logging_mixin.py:137} INFO - [2023-03-06T17:10:17.057+0000] {dagbag.py:538} INFO - Filling up the DagBag from /home/airflow/.local/lib/python3.7/site-packages/airflow/example_dags/example_branch_operator.py
[2023-03-06T17:10:17.129+0000] {processor.py:753} INFO - DAG(s) dict_keys(['example_branch_operator']) retrieved from /home/airflow/.local/lib/python3.7/site-packages/airflow/example_dags/example_branch_operator.py
[2023-03-06T17:10:17.257+0000] {logging_mixin.py:137} INFO - [2023-03-06T17:10:17.257+0000] {dag.py:2690} INFO - Sync 1 DAGs
[2023-03-06T17:10:17.383+0000] {logging_mixin.py:137} INFO - [2023-03-06T17:10:17.382+0000] {dag.py:3441} INFO - Setting next_dagrun for example_branch_operator to 2023-03-05T00:00:00+00:00, run_after=2023-03-06T00:00:00+00:00
[2023-03-06T17:10:17.451+0000] {processor.py:175} INFO - Processing /home/airflow/.local/lib/python3.7/site-packages/airflow/example_dags/example_branch_operator.py took 0.416 seconds
[2023-03-06T17:10:49.490+0000] {processor.py:153} INFO - Started process (PID=370) to work on /home/airflow/.local/lib/python3.7/site-packages/airflow/example_dags/example_branch_operator.py
[2023-03-06T17:10:49.494+0000] {processor.py:743} INFO - Processing file /home/airflow/.local/lib/python3.7/site-packages/airflow/example_dags/example_branch_operator.py for tasks to queue
[2023-03-06T17:10:49.514+0000] {logging_mixin.py:137} INFO - [2023-03-06T17:10:49.498+0000] {dagbag.py:538} INFO - Filling up the DagBag from /home/airflow/.local/lib/python3.7/site-packages/airflow/example_dags/example_branch_operator.py
[2023-03-06T17:10:49.580+0000] {processor.py:753} INFO - DAG(s) dict_keys(['example_branch_operator']) retrieved from /home/airflow/.local/lib/python3.7/site-packages/airflow/example_dags/example_branch_operator.py
[2023-03-06T17:10:49.659+0000] {logging_mixin.py:137} INFO - [2023-03-06T17:10:49.658+0000] {dag.py:2690} INFO - Sync 1 DAGs
[2023-03-06T17:10:49.751+0000] {logging_mixin.py:137} INFO - [2023-03-06T17:10:49.750+0000] {dag.py:3441} INFO - Setting next_dagrun for example_branch_operator to 2023-03-05T00:00:00+00:00, run_after=2023-03-06T00:00:00+00:00
[2023-03-06T17:10:49.857+0000] {processor.py:175} INFO - Processing /home/airflow/.local/lib/python3.7/site-packages/airflow/example_dags/example_branch_operator.py took 0.380 seconds
[2023-03-06T17:11:26.140+0000] {processor.py:153} INFO - Started process (PID=440) to work on /home/airflow/.local/lib/python3.7/site-packages/airflow/example_dags/example_branch_operator.py
[2023-03-06T17:11:26.148+0000] {processor.py:743} INFO - Processing file /home/airflow/.local/lib/python3.7/site-packages/airflow/example_dags/example_branch_operator.py for tasks to queue
[2023-03-06T17:11:26.152+0000] {logging_mixin.py:137} INFO - [2023-03-06T17:11:26.151+0000] {dagbag.py:538} INFO - Filling up the DagBag from /home/airflow/.local/lib/python3.7/site-packages/airflow/example_dags/example_branch_operator.py
[2023-03-06T17:11:26.212+0000] {processor.py:753} INFO - DAG(s) dict_keys(['example_branch_operator']) retrieved from /home/airflow/.local/lib/python3.7/site-packages/airflow/example_dags/example_branch_operator.py
[2023-03-06T17:11:26.302+0000] {logging_mixin.py:137} INFO - [2023-03-06T17:11:26.301+0000] {dag.py:2690} INFO - Sync 1 DAGs
[2023-03-06T17:11:26.378+0000] {logging_mixin.py:137} INFO - [2023-03-06T17:11:26.378+0000] {dag.py:3441} INFO - Setting next_dagrun for example_branch_operator to 2023-03-05T00:00:00+00:00, run_after=2023-03-06T00:00:00+00:00
[2023-03-06T17:11:26.441+0000] {processor.py:175} INFO - Processing /home/airflow/.local/lib/python3.7/site-packages/airflow/example_dags/example_branch_operator.py took 0.312 seconds
[2023-03-06T17:11:58.936+0000] {processor.py:153} INFO - Started process (PID=507) to work on /home/airflow/.local/lib/python3.7/site-packages/airflow/example_dags/example_branch_operator.py
[2023-03-06T17:11:58.941+0000] {processor.py:743} INFO - Processing file /home/airflow/.local/lib/python3.7/site-packages/airflow/example_dags/example_branch_operator.py for tasks to queue
[2023-03-06T17:11:58.946+0000] {logging_mixin.py:137} INFO - [2023-03-06T17:11:58.945+0000] {dagbag.py:538} INFO - Filling up the DagBag from /home/airflow/.local/lib/python3.7/site-packages/airflow/example_dags/example_branch_operator.py
[2023-03-06T17:11:58.993+0000] {processor.py:753} INFO - DAG(s) dict_keys(['example_branch_operator']) retrieved from /home/airflow/.local/lib/python3.7/site-packages/airflow/example_dags/example_branch_operator.py
[2023-03-06T17:11:59.073+0000] {logging_mixin.py:137} INFO - [2023-03-06T17:11:59.073+0000] {dag.py:2690} INFO - Sync 1 DAGs
[2023-03-06T17:11:59.157+0000] {logging_mixin.py:137} INFO - [2023-03-06T17:11:59.157+0000] {dag.py:3441} INFO - Setting next_dagrun for example_branch_operator to 2023-03-05T00:00:00+00:00, run_after=2023-03-06T00:00:00+00:00
[2023-03-06T17:11:59.205+0000] {processor.py:175} INFO - Processing /home/airflow/.local/lib/python3.7/site-packages/airflow/example_dags/example_branch_operator.py took 0.278 seconds
[2023-03-06T17:12:34.163+0000] {processor.py:153} INFO - Started process (PID=583) to work on /home/airflow/.local/lib/python3.7/site-packages/airflow/example_dags/example_branch_operator.py
[2023-03-06T17:12:34.168+0000] {processor.py:743} INFO - Processing file /home/airflow/.local/lib/python3.7/site-packages/airflow/example_dags/example_branch_operator.py for tasks to queue
[2023-03-06T17:12:34.171+0000] {logging_mixin.py:137} INFO - [2023-03-06T17:12:34.171+0000] {dagbag.py:538} INFO - Filling up the DagBag from /home/airflow/.local/lib/python3.7/site-packages/airflow/example_dags/example_branch_operator.py
[2023-03-06T17:12:34.216+0000] {processor.py:753} INFO - DAG(s) dict_keys(['example_branch_operator']) retrieved from /home/airflow/.local/lib/python3.7/site-packages/airflow/example_dags/example_branch_operator.py
[2023-03-06T17:12:34.304+0000] {logging_mixin.py:137} INFO - [2023-03-06T17:12:34.304+0000] {dag.py:2690} INFO - Sync 1 DAGs
[2023-03-06T17:12:34.386+0000] {logging_mixin.py:137} INFO - [2023-03-06T17:12:34.385+0000] {dag.py:3441} INFO - Setting next_dagrun for example_branch_operator to 2023-03-05T00:00:00+00:00, run_after=2023-03-06T00:00:00+00:00
[2023-03-06T17:12:34.436+0000] {processor.py:175} INFO - Processing /home/airflow/.local/lib/python3.7/site-packages/airflow/example_dags/example_branch_operator.py took 0.280 seconds
[2023-03-06T17:13:06.302+0000] {processor.py:153} INFO - Started process (PID=653) to work on /home/airflow/.local/lib/python3.7/site-packages/airflow/example_dags/example_branch_operator.py
[2023-03-06T17:13:06.305+0000] {processor.py:743} INFO - Processing file /home/airflow/.local/lib/python3.7/site-packages/airflow/example_dags/example_branch_operator.py for tasks to queue
[2023-03-06T17:13:06.308+0000] {logging_mixin.py:137} INFO - [2023-03-06T17:13:06.307+0000] {dagbag.py:538} INFO - Filling up the DagBag from /home/airflow/.local/lib/python3.7/site-packages/airflow/example_dags/example_branch_operator.py
[2023-03-06T17:13:06.342+0000] {processor.py:753} INFO - DAG(s) dict_keys(['example_branch_operator']) retrieved from /home/airflow/.local/lib/python3.7/site-packages/airflow/example_dags/example_branch_operator.py
[2023-03-06T17:13:06.393+0000] {logging_mixin.py:137} INFO - [2023-03-06T17:13:06.392+0000] {dag.py:2690} INFO - Sync 1 DAGs
[2023-03-06T17:13:06.440+0000] {logging_mixin.py:137} INFO - [2023-03-06T17:13:06.439+0000] {dag.py:3441} INFO - Setting next_dagrun for example_branch_operator to 2023-03-05T00:00:00+00:00, run_after=2023-03-06T00:00:00+00:00
[2023-03-06T17:13:06.473+0000] {processor.py:175} INFO - Processing /home/airflow/.local/lib/python3.7/site-packages/airflow/example_dags/example_branch_operator.py took 0.178 seconds
[2023-03-06T17:13:40.829+0000] {processor.py:153} INFO - Started process (PID=727) to work on /home/airflow/.local/lib/python3.7/site-packages/airflow/example_dags/example_branch_operator.py
[2023-03-06T17:13:40.832+0000] {processor.py:743} INFO - Processing file /home/airflow/.local/lib/python3.7/site-packages/airflow/example_dags/example_branch_operator.py for tasks to queue
[2023-03-06T17:13:40.834+0000] {logging_mixin.py:137} INFO - [2023-03-06T17:13:40.834+0000] {dagbag.py:538} INFO - Filling up the DagBag from /home/airflow/.local/lib/python3.7/site-packages/airflow/example_dags/example_branch_operator.py
[2023-03-06T17:13:40.865+0000] {processor.py:753} INFO - DAG(s) dict_keys(['example_branch_operator']) retrieved from /home/airflow/.local/lib/python3.7/site-packages/airflow/example_dags/example_branch_operator.py
[2023-03-06T17:13:40.916+0000] {logging_mixin.py:137} INFO - [2023-03-06T17:13:40.916+0000] {dag.py:2690} INFO - Sync 1 DAGs
[2023-03-06T17:13:40.965+0000] {logging_mixin.py:137} INFO - [2023-03-06T17:13:40.965+0000] {dag.py:3441} INFO - Setting next_dagrun for example_branch_operator to 2023-03-05T00:00:00+00:00, run_after=2023-03-06T00:00:00+00:00
[2023-03-06T17:13:41.000+0000] {processor.py:175} INFO - Processing /home/airflow/.local/lib/python3.7/site-packages/airflow/example_dags/example_branch_operator.py took 0.176 seconds
[2023-03-06T18:50:24.263+0000] {processor.py:153} INFO - Started process (PID=97) to work on /home/airflow/.local/lib/python3.7/site-packages/airflow/example_dags/example_branch_operator.py
[2023-03-06T18:50:24.268+0000] {processor.py:743} INFO - Processing file /home/airflow/.local/lib/python3.7/site-packages/airflow/example_dags/example_branch_operator.py for tasks to queue
[2023-03-06T18:50:24.272+0000] {logging_mixin.py:137} INFO - [2023-03-06T18:50:24.272+0000] {dagbag.py:538} INFO - Filling up the DagBag from /home/airflow/.local/lib/python3.7/site-packages/airflow/example_dags/example_branch_operator.py
[2023-03-06T18:50:24.327+0000] {processor.py:753} INFO - DAG(s) dict_keys(['example_branch_operator']) retrieved from /home/airflow/.local/lib/python3.7/site-packages/airflow/example_dags/example_branch_operator.py
[2023-03-06T18:50:24.433+0000] {logging_mixin.py:137} INFO - [2023-03-06T18:50:24.433+0000] {dag.py:2690} INFO - Sync 1 DAGs
[2023-03-06T18:50:24.504+0000] {logging_mixin.py:137} INFO - [2023-03-06T18:50:24.504+0000] {dag.py:3441} INFO - Setting next_dagrun for example_branch_operator to 2023-03-05T00:00:00+00:00, run_after=2023-03-06T00:00:00+00:00
[2023-03-06T18:50:24.554+0000] {processor.py:175} INFO - Processing /home/airflow/.local/lib/python3.7/site-packages/airflow/example_dags/example_branch_operator.py took 0.311 seconds
[2023-03-06T18:50:55.235+0000] {processor.py:153} INFO - Started process (PID=164) to work on /home/airflow/.local/lib/python3.7/site-packages/airflow/example_dags/example_branch_operator.py
[2023-03-06T18:50:55.238+0000] {processor.py:743} INFO - Processing file /home/airflow/.local/lib/python3.7/site-packages/airflow/example_dags/example_branch_operator.py for tasks to queue
[2023-03-06T18:50:55.240+0000] {logging_mixin.py:137} INFO - [2023-03-06T18:50:55.240+0000] {dagbag.py:538} INFO - Filling up the DagBag from /home/airflow/.local/lib/python3.7/site-packages/airflow/example_dags/example_branch_operator.py
[2023-03-06T18:50:55.281+0000] {processor.py:753} INFO - DAG(s) dict_keys(['example_branch_operator']) retrieved from /home/airflow/.local/lib/python3.7/site-packages/airflow/example_dags/example_branch_operator.py
[2023-03-06T18:50:55.359+0000] {logging_mixin.py:137} INFO - [2023-03-06T18:50:55.359+0000] {dag.py:2690} INFO - Sync 1 DAGs
[2023-03-06T18:50:55.419+0000] {logging_mixin.py:137} INFO - [2023-03-06T18:50:55.419+0000] {dag.py:3441} INFO - Setting next_dagrun for example_branch_operator to 2023-03-05T00:00:00+00:00, run_after=2023-03-06T00:00:00+00:00
[2023-03-06T18:50:55.457+0000] {processor.py:175} INFO - Processing /home/airflow/.local/lib/python3.7/site-packages/airflow/example_dags/example_branch_operator.py took 0.228 seconds
[2023-03-06T18:51:25.864+0000] {processor.py:153} INFO - Started process (PID=229) to work on /home/airflow/.local/lib/python3.7/site-packages/airflow/example_dags/example_branch_operator.py
[2023-03-06T18:51:25.867+0000] {processor.py:743} INFO - Processing file /home/airflow/.local/lib/python3.7/site-packages/airflow/example_dags/example_branch_operator.py for tasks to queue
[2023-03-06T18:51:25.870+0000] {logging_mixin.py:137} INFO - [2023-03-06T18:51:25.869+0000] {dagbag.py:538} INFO - Filling up the DagBag from /home/airflow/.local/lib/python3.7/site-packages/airflow/example_dags/example_branch_operator.py
[2023-03-06T18:51:25.903+0000] {processor.py:753} INFO - DAG(s) dict_keys(['example_branch_operator']) retrieved from /home/airflow/.local/lib/python3.7/site-packages/airflow/example_dags/example_branch_operator.py
[2023-03-06T18:51:25.958+0000] {logging_mixin.py:137} INFO - [2023-03-06T18:51:25.958+0000] {dag.py:2690} INFO - Sync 1 DAGs
[2023-03-06T18:51:26.006+0000] {logging_mixin.py:137} INFO - [2023-03-06T18:51:26.005+0000] {dag.py:3441} INFO - Setting next_dagrun for example_branch_operator to 2023-03-05T00:00:00+00:00, run_after=2023-03-06T00:00:00+00:00
[2023-03-06T18:51:26.038+0000] {processor.py:175} INFO - Processing /home/airflow/.local/lib/python3.7/site-packages/airflow/example_dags/example_branch_operator.py took 0.181 seconds
[2023-03-06T18:51:56.698+0000] {processor.py:153} INFO - Started process (PID=295) to work on /home/airflow/.local/lib/python3.7/site-packages/airflow/example_dags/example_branch_operator.py
[2023-03-06T18:51:56.703+0000] {processor.py:743} INFO - Processing file /home/airflow/.local/lib/python3.7/site-packages/airflow/example_dags/example_branch_operator.py for tasks to queue
[2023-03-06T18:51:56.708+0000] {logging_mixin.py:137} INFO - [2023-03-06T18:51:56.708+0000] {dagbag.py:538} INFO - Filling up the DagBag from /home/airflow/.local/lib/python3.7/site-packages/airflow/example_dags/example_branch_operator.py
[2023-03-06T18:51:56.788+0000] {processor.py:753} INFO - DAG(s) dict_keys(['example_branch_operator']) retrieved from /home/airflow/.local/lib/python3.7/site-packages/airflow/example_dags/example_branch_operator.py
[2023-03-06T18:51:56.888+0000] {logging_mixin.py:137} INFO - [2023-03-06T18:51:56.888+0000] {dag.py:2690} INFO - Sync 1 DAGs
[2023-03-06T18:51:56.963+0000] {logging_mixin.py:137} INFO - [2023-03-06T18:51:56.963+0000] {dag.py:3441} INFO - Setting next_dagrun for example_branch_operator to 2023-03-05T00:00:00+00:00, run_after=2023-03-06T00:00:00+00:00
[2023-03-06T18:51:57.013+0000] {processor.py:175} INFO - Processing /home/airflow/.local/lib/python3.7/site-packages/airflow/example_dags/example_branch_operator.py took 0.325 seconds
[2023-03-06T18:52:27.172+0000] {processor.py:153} INFO - Started process (PID=363) to work on /home/airflow/.local/lib/python3.7/site-packages/airflow/example_dags/example_branch_operator.py
[2023-03-06T18:52:27.175+0000] {processor.py:743} INFO - Processing file /home/airflow/.local/lib/python3.7/site-packages/airflow/example_dags/example_branch_operator.py for tasks to queue
[2023-03-06T18:52:27.178+0000] {logging_mixin.py:137} INFO - [2023-03-06T18:52:27.178+0000] {dagbag.py:538} INFO - Filling up the DagBag from /home/airflow/.local/lib/python3.7/site-packages/airflow/example_dags/example_branch_operator.py
[2023-03-06T18:52:27.212+0000] {processor.py:753} INFO - DAG(s) dict_keys(['example_branch_operator']) retrieved from /home/airflow/.local/lib/python3.7/site-packages/airflow/example_dags/example_branch_operator.py
[2023-03-06T18:52:27.269+0000] {logging_mixin.py:137} INFO - [2023-03-06T18:52:27.269+0000] {dag.py:2690} INFO - Sync 1 DAGs
[2023-03-06T18:52:27.322+0000] {logging_mixin.py:137} INFO - [2023-03-06T18:52:27.321+0000] {dag.py:3441} INFO - Setting next_dagrun for example_branch_operator to 2023-03-05T00:00:00+00:00, run_after=2023-03-06T00:00:00+00:00
[2023-03-06T18:52:27.358+0000] {processor.py:175} INFO - Processing /home/airflow/.local/lib/python3.7/site-packages/airflow/example_dags/example_branch_operator.py took 0.195 seconds
[2023-03-06T18:52:58.557+0000] {processor.py:153} INFO - Started process (PID=430) to work on /home/airflow/.local/lib/python3.7/site-packages/airflow/example_dags/example_branch_operator.py
[2023-03-06T18:52:58.561+0000] {processor.py:743} INFO - Processing file /home/airflow/.local/lib/python3.7/site-packages/airflow/example_dags/example_branch_operator.py for tasks to queue
[2023-03-06T18:52:58.566+0000] {logging_mixin.py:137} INFO - [2023-03-06T18:52:58.566+0000] {dagbag.py:538} INFO - Filling up the DagBag from /home/airflow/.local/lib/python3.7/site-packages/airflow/example_dags/example_branch_operator.py
[2023-03-06T18:52:58.616+0000] {processor.py:753} INFO - DAG(s) dict_keys(['example_branch_operator']) retrieved from /home/airflow/.local/lib/python3.7/site-packages/airflow/example_dags/example_branch_operator.py
[2023-03-06T18:52:58.678+0000] {logging_mixin.py:137} INFO - [2023-03-06T18:52:58.678+0000] {dag.py:2690} INFO - Sync 1 DAGs
[2023-03-06T18:52:58.730+0000] {logging_mixin.py:137} INFO - [2023-03-06T18:52:58.730+0000] {dag.py:3441} INFO - Setting next_dagrun for example_branch_operator to 2023-03-05T00:00:00+00:00, run_after=2023-03-06T00:00:00+00:00
[2023-03-06T18:52:58.772+0000] {processor.py:175} INFO - Processing /home/airflow/.local/lib/python3.7/site-packages/airflow/example_dags/example_branch_operator.py took 0.222 seconds
[2023-03-06T18:53:34.289+0000] {processor.py:153} INFO - Started process (PID=508) to work on /home/airflow/.local/lib/python3.7/site-packages/airflow/example_dags/example_branch_operator.py
[2023-03-06T18:53:34.300+0000] {processor.py:743} INFO - Processing file /home/airflow/.local/lib/python3.7/site-packages/airflow/example_dags/example_branch_operator.py for tasks to queue
[2023-03-06T18:53:34.321+0000] {logging_mixin.py:137} INFO - [2023-03-06T18:53:34.321+0000] {dagbag.py:538} INFO - Filling up the DagBag from /home/airflow/.local/lib/python3.7/site-packages/airflow/example_dags/example_branch_operator.py
[2023-03-06T18:53:34.458+0000] {processor.py:753} INFO - DAG(s) dict_keys(['example_branch_operator']) retrieved from /home/airflow/.local/lib/python3.7/site-packages/airflow/example_dags/example_branch_operator.py
[2023-03-06T18:53:34.582+0000] {logging_mixin.py:137} INFO - [2023-03-06T18:53:34.582+0000] {dag.py:2690} INFO - Sync 1 DAGs
[2023-03-06T18:53:34.686+0000] {logging_mixin.py:137} INFO - [2023-03-06T18:53:34.686+0000] {dag.py:3441} INFO - Setting next_dagrun for example_branch_operator to 2023-03-05T00:00:00+00:00, run_after=2023-03-06T00:00:00+00:00
[2023-03-06T18:53:34.737+0000] {processor.py:175} INFO - Processing /home/airflow/.local/lib/python3.7/site-packages/airflow/example_dags/example_branch_operator.py took 0.471 seconds
[2023-03-06T18:54:04.973+0000] {processor.py:153} INFO - Started process (PID=579) to work on /home/airflow/.local/lib/python3.7/site-packages/airflow/example_dags/example_branch_operator.py
[2023-03-06T18:54:04.985+0000] {processor.py:743} INFO - Processing file /home/airflow/.local/lib/python3.7/site-packages/airflow/example_dags/example_branch_operator.py for tasks to queue
[2023-03-06T18:54:04.988+0000] {logging_mixin.py:137} INFO - [2023-03-06T18:54:04.988+0000] {dagbag.py:538} INFO - Filling up the DagBag from /home/airflow/.local/lib/python3.7/site-packages/airflow/example_dags/example_branch_operator.py
[2023-03-06T18:54:05.037+0000] {processor.py:753} INFO - DAG(s) dict_keys(['example_branch_operator']) retrieved from /home/airflow/.local/lib/python3.7/site-packages/airflow/example_dags/example_branch_operator.py
[2023-03-06T18:54:05.116+0000] {logging_mixin.py:137} INFO - [2023-03-06T18:54:05.115+0000] {dag.py:2690} INFO - Sync 1 DAGs
[2023-03-06T18:54:05.254+0000] {logging_mixin.py:137} INFO - [2023-03-06T18:54:05.254+0000] {dag.py:3441} INFO - Setting next_dagrun for example_branch_operator to 2023-03-05T00:00:00+00:00, run_after=2023-03-06T00:00:00+00:00
[2023-03-06T18:54:05.323+0000] {processor.py:175} INFO - Processing /home/airflow/.local/lib/python3.7/site-packages/airflow/example_dags/example_branch_operator.py took 0.362 seconds
[2023-03-06T18:54:35.719+0000] {processor.py:153} INFO - Started process (PID=645) to work on /home/airflow/.local/lib/python3.7/site-packages/airflow/example_dags/example_branch_operator.py
[2023-03-06T18:54:35.722+0000] {processor.py:743} INFO - Processing file /home/airflow/.local/lib/python3.7/site-packages/airflow/example_dags/example_branch_operator.py for tasks to queue
[2023-03-06T18:54:35.725+0000] {logging_mixin.py:137} INFO - [2023-03-06T18:54:35.724+0000] {dagbag.py:538} INFO - Filling up the DagBag from /home/airflow/.local/lib/python3.7/site-packages/airflow/example_dags/example_branch_operator.py
[2023-03-06T18:54:35.754+0000] {processor.py:753} INFO - DAG(s) dict_keys(['example_branch_operator']) retrieved from /home/airflow/.local/lib/python3.7/site-packages/airflow/example_dags/example_branch_operator.py
[2023-03-06T18:54:35.806+0000] {logging_mixin.py:137} INFO - [2023-03-06T18:54:35.806+0000] {dag.py:2690} INFO - Sync 1 DAGs
[2023-03-06T18:54:35.853+0000] {logging_mixin.py:137} INFO - [2023-03-06T18:54:35.853+0000] {dag.py:3441} INFO - Setting next_dagrun for example_branch_operator to 2023-03-05T00:00:00+00:00, run_after=2023-03-06T00:00:00+00:00
[2023-03-06T18:54:35.892+0000] {processor.py:175} INFO - Processing /home/airflow/.local/lib/python3.7/site-packages/airflow/example_dags/example_branch_operator.py took 0.180 seconds
[2023-03-06T18:55:06.147+0000] {processor.py:153} INFO - Started process (PID=712) to work on /home/airflow/.local/lib/python3.7/site-packages/airflow/example_dags/example_branch_operator.py
[2023-03-06T18:55:06.151+0000] {processor.py:743} INFO - Processing file /home/airflow/.local/lib/python3.7/site-packages/airflow/example_dags/example_branch_operator.py for tasks to queue
[2023-03-06T18:55:06.154+0000] {logging_mixin.py:137} INFO - [2023-03-06T18:55:06.154+0000] {dagbag.py:538} INFO - Filling up the DagBag from /home/airflow/.local/lib/python3.7/site-packages/airflow/example_dags/example_branch_operator.py
[2023-03-06T18:55:06.207+0000] {processor.py:753} INFO - DAG(s) dict_keys(['example_branch_operator']) retrieved from /home/airflow/.local/lib/python3.7/site-packages/airflow/example_dags/example_branch_operator.py
[2023-03-06T18:55:06.297+0000] {logging_mixin.py:137} INFO - [2023-03-06T18:55:06.296+0000] {dag.py:2690} INFO - Sync 1 DAGs
[2023-03-06T18:55:06.360+0000] {logging_mixin.py:137} INFO - [2023-03-06T18:55:06.359+0000] {dag.py:3441} INFO - Setting next_dagrun for example_branch_operator to 2023-03-05T00:00:00+00:00, run_after=2023-03-06T00:00:00+00:00
[2023-03-06T18:55:06.405+0000] {processor.py:175} INFO - Processing /home/airflow/.local/lib/python3.7/site-packages/airflow/example_dags/example_branch_operator.py took 0.269 seconds
[2023-03-06T18:55:37.070+0000] {processor.py:153} INFO - Started process (PID=780) to work on /home/airflow/.local/lib/python3.7/site-packages/airflow/example_dags/example_branch_operator.py
[2023-03-06T18:55:37.074+0000] {processor.py:743} INFO - Processing file /home/airflow/.local/lib/python3.7/site-packages/airflow/example_dags/example_branch_operator.py for tasks to queue
[2023-03-06T18:55:37.077+0000] {logging_mixin.py:137} INFO - [2023-03-06T18:55:37.077+0000] {dagbag.py:538} INFO - Filling up the DagBag from /home/airflow/.local/lib/python3.7/site-packages/airflow/example_dags/example_branch_operator.py
[2023-03-06T18:55:37.131+0000] {processor.py:753} INFO - DAG(s) dict_keys(['example_branch_operator']) retrieved from /home/airflow/.local/lib/python3.7/site-packages/airflow/example_dags/example_branch_operator.py
[2023-03-06T18:55:37.221+0000] {logging_mixin.py:137} INFO - [2023-03-06T18:55:37.220+0000] {dag.py:2690} INFO - Sync 1 DAGs
[2023-03-06T18:55:37.310+0000] {logging_mixin.py:137} INFO - [2023-03-06T18:55:37.310+0000] {dag.py:3441} INFO - Setting next_dagrun for example_branch_operator to 2023-03-05T00:00:00+00:00, run_after=2023-03-06T00:00:00+00:00
[2023-03-06T18:55:37.369+0000] {processor.py:175} INFO - Processing /home/airflow/.local/lib/python3.7/site-packages/airflow/example_dags/example_branch_operator.py took 0.310 seconds
[2023-03-06T18:56:07.469+0000] {processor.py:153} INFO - Started process (PID=846) to work on /home/airflow/.local/lib/python3.7/site-packages/airflow/example_dags/example_branch_operator.py
[2023-03-06T18:56:07.475+0000] {processor.py:743} INFO - Processing file /home/airflow/.local/lib/python3.7/site-packages/airflow/example_dags/example_branch_operator.py for tasks to queue
[2023-03-06T18:56:07.480+0000] {logging_mixin.py:137} INFO - [2023-03-06T18:56:07.480+0000] {dagbag.py:538} INFO - Filling up the DagBag from /home/airflow/.local/lib/python3.7/site-packages/airflow/example_dags/example_branch_operator.py
[2023-03-06T18:56:07.535+0000] {processor.py:753} INFO - DAG(s) dict_keys(['example_branch_operator']) retrieved from /home/airflow/.local/lib/python3.7/site-packages/airflow/example_dags/example_branch_operator.py
[2023-03-06T18:56:07.625+0000] {logging_mixin.py:137} INFO - [2023-03-06T18:56:07.624+0000] {dag.py:2690} INFO - Sync 1 DAGs
[2023-03-06T18:56:07.701+0000] {logging_mixin.py:137} INFO - [2023-03-06T18:56:07.700+0000] {dag.py:3441} INFO - Setting next_dagrun for example_branch_operator to 2023-03-05T00:00:00+00:00, run_after=2023-03-06T00:00:00+00:00
[2023-03-06T18:56:07.761+0000] {processor.py:175} INFO - Processing /home/airflow/.local/lib/python3.7/site-packages/airflow/example_dags/example_branch_operator.py took 0.304 seconds
[2023-03-06T18:56:38.196+0000] {processor.py:153} INFO - Started process (PID=925) to work on /home/airflow/.local/lib/python3.7/site-packages/airflow/example_dags/example_branch_operator.py
[2023-03-06T18:56:38.199+0000] {processor.py:743} INFO - Processing file /home/airflow/.local/lib/python3.7/site-packages/airflow/example_dags/example_branch_operator.py for tasks to queue
[2023-03-06T18:56:38.203+0000] {logging_mixin.py:137} INFO - [2023-03-06T18:56:38.203+0000] {dagbag.py:538} INFO - Filling up the DagBag from /home/airflow/.local/lib/python3.7/site-packages/airflow/example_dags/example_branch_operator.py
[2023-03-06T18:56:38.239+0000] {processor.py:753} INFO - DAG(s) dict_keys(['example_branch_operator']) retrieved from /home/airflow/.local/lib/python3.7/site-packages/airflow/example_dags/example_branch_operator.py
[2023-03-06T18:56:38.293+0000] {logging_mixin.py:137} INFO - [2023-03-06T18:56:38.292+0000] {dag.py:2690} INFO - Sync 1 DAGs
[2023-03-06T18:56:38.342+0000] {logging_mixin.py:137} INFO - [2023-03-06T18:56:38.342+0000] {dag.py:3441} INFO - Setting next_dagrun for example_branch_operator to 2023-03-05T00:00:00+00:00, run_after=2023-03-06T00:00:00+00:00
[2023-03-06T18:56:38.379+0000] {processor.py:175} INFO - Processing /home/airflow/.local/lib/python3.7/site-packages/airflow/example_dags/example_branch_operator.py took 0.192 seconds
[2023-03-06T18:57:08.516+0000] {processor.py:153} INFO - Started process (PID=992) to work on /home/airflow/.local/lib/python3.7/site-packages/airflow/example_dags/example_branch_operator.py
[2023-03-06T18:57:08.521+0000] {processor.py:743} INFO - Processing file /home/airflow/.local/lib/python3.7/site-packages/airflow/example_dags/example_branch_operator.py for tasks to queue
[2023-03-06T18:57:08.523+0000] {logging_mixin.py:137} INFO - [2023-03-06T18:57:08.523+0000] {dagbag.py:538} INFO - Filling up the DagBag from /home/airflow/.local/lib/python3.7/site-packages/airflow/example_dags/example_branch_operator.py
[2023-03-06T18:57:08.556+0000] {processor.py:753} INFO - DAG(s) dict_keys(['example_branch_operator']) retrieved from /home/airflow/.local/lib/python3.7/site-packages/airflow/example_dags/example_branch_operator.py
[2023-03-06T18:57:08.608+0000] {logging_mixin.py:137} INFO - [2023-03-06T18:57:08.608+0000] {dag.py:2690} INFO - Sync 1 DAGs
[2023-03-06T18:57:08.661+0000] {logging_mixin.py:137} INFO - [2023-03-06T18:57:08.660+0000] {dag.py:3441} INFO - Setting next_dagrun for example_branch_operator to 2023-03-05T00:00:00+00:00, run_after=2023-03-06T00:00:00+00:00
[2023-03-06T18:57:08.704+0000] {processor.py:175} INFO - Processing /home/airflow/.local/lib/python3.7/site-packages/airflow/example_dags/example_branch_operator.py took 0.197 seconds
[2023-03-06T18:57:43.177+0000] {processor.py:153} INFO - Started process (PID=1058) to work on /home/airflow/.local/lib/python3.7/site-packages/airflow/example_dags/example_branch_operator.py
[2023-03-06T18:57:43.183+0000] {processor.py:743} INFO - Processing file /home/airflow/.local/lib/python3.7/site-packages/airflow/example_dags/example_branch_operator.py for tasks to queue
[2023-03-06T18:57:43.187+0000] {logging_mixin.py:137} INFO - [2023-03-06T18:57:43.187+0000] {dagbag.py:538} INFO - Filling up the DagBag from /home/airflow/.local/lib/python3.7/site-packages/airflow/example_dags/example_branch_operator.py
[2023-03-06T18:57:43.245+0000] {processor.py:753} INFO - DAG(s) dict_keys(['example_branch_operator']) retrieved from /home/airflow/.local/lib/python3.7/site-packages/airflow/example_dags/example_branch_operator.py
[2023-03-06T18:57:43.334+0000] {logging_mixin.py:137} INFO - [2023-03-06T18:57:43.334+0000] {dag.py:2690} INFO - Sync 1 DAGs
[2023-03-06T18:57:43.450+0000] {logging_mixin.py:137} INFO - [2023-03-06T18:57:43.450+0000] {dag.py:3441} INFO - Setting next_dagrun for example_branch_operator to 2023-03-05T00:00:00+00:00, run_after=2023-03-06T00:00:00+00:00
[2023-03-06T18:57:43.547+0000] {processor.py:175} INFO - Processing /home/airflow/.local/lib/python3.7/site-packages/airflow/example_dags/example_branch_operator.py took 0.384 seconds
[2023-03-06T18:58:13.644+0000] {processor.py:153} INFO - Started process (PID=1126) to work on /home/airflow/.local/lib/python3.7/site-packages/airflow/example_dags/example_branch_operator.py
[2023-03-06T18:58:13.647+0000] {processor.py:743} INFO - Processing file /home/airflow/.local/lib/python3.7/site-packages/airflow/example_dags/example_branch_operator.py for tasks to queue
[2023-03-06T18:58:13.649+0000] {logging_mixin.py:137} INFO - [2023-03-06T18:58:13.649+0000] {dagbag.py:538} INFO - Filling up the DagBag from /home/airflow/.local/lib/python3.7/site-packages/airflow/example_dags/example_branch_operator.py
[2023-03-06T18:58:13.680+0000] {processor.py:753} INFO - DAG(s) dict_keys(['example_branch_operator']) retrieved from /home/airflow/.local/lib/python3.7/site-packages/airflow/example_dags/example_branch_operator.py
[2023-03-06T18:58:13.736+0000] {logging_mixin.py:137} INFO - [2023-03-06T18:58:13.736+0000] {dag.py:2690} INFO - Sync 1 DAGs
[2023-03-06T18:58:13.781+0000] {logging_mixin.py:137} INFO - [2023-03-06T18:58:13.781+0000] {dag.py:3441} INFO - Setting next_dagrun for example_branch_operator to 2023-03-05T00:00:00+00:00, run_after=2023-03-06T00:00:00+00:00
[2023-03-06T18:58:13.813+0000] {processor.py:175} INFO - Processing /home/airflow/.local/lib/python3.7/site-packages/airflow/example_dags/example_branch_operator.py took 0.175 seconds
[2023-03-06T18:58:44.563+0000] {processor.py:153} INFO - Started process (PID=1204) to work on /home/airflow/.local/lib/python3.7/site-packages/airflow/example_dags/example_branch_operator.py
[2023-03-06T18:58:44.567+0000] {processor.py:743} INFO - Processing file /home/airflow/.local/lib/python3.7/site-packages/airflow/example_dags/example_branch_operator.py for tasks to queue
[2023-03-06T18:58:44.570+0000] {logging_mixin.py:137} INFO - [2023-03-06T18:58:44.570+0000] {dagbag.py:538} INFO - Filling up the DagBag from /home/airflow/.local/lib/python3.7/site-packages/airflow/example_dags/example_branch_operator.py
[2023-03-06T18:58:44.603+0000] {processor.py:753} INFO - DAG(s) dict_keys(['example_branch_operator']) retrieved from /home/airflow/.local/lib/python3.7/site-packages/airflow/example_dags/example_branch_operator.py
[2023-03-06T18:58:44.656+0000] {logging_mixin.py:137} INFO - [2023-03-06T18:58:44.655+0000] {dag.py:2690} INFO - Sync 1 DAGs
[2023-03-06T18:58:44.701+0000] {logging_mixin.py:137} INFO - [2023-03-06T18:58:44.701+0000] {dag.py:3441} INFO - Setting next_dagrun for example_branch_operator to 2023-03-05T00:00:00+00:00, run_after=2023-03-06T00:00:00+00:00
[2023-03-06T18:58:44.747+0000] {processor.py:175} INFO - Processing /home/airflow/.local/lib/python3.7/site-packages/airflow/example_dags/example_branch_operator.py took 0.191 seconds
[2023-03-06T18:59:15.657+0000] {processor.py:153} INFO - Started process (PID=1275) to work on /home/airflow/.local/lib/python3.7/site-packages/airflow/example_dags/example_branch_operator.py
[2023-03-06T18:59:15.660+0000] {processor.py:743} INFO - Processing file /home/airflow/.local/lib/python3.7/site-packages/airflow/example_dags/example_branch_operator.py for tasks to queue
[2023-03-06T18:59:15.663+0000] {logging_mixin.py:137} INFO - [2023-03-06T18:59:15.663+0000] {dagbag.py:538} INFO - Filling up the DagBag from /home/airflow/.local/lib/python3.7/site-packages/airflow/example_dags/example_branch_operator.py
[2023-03-06T18:59:15.696+0000] {processor.py:753} INFO - DAG(s) dict_keys(['example_branch_operator']) retrieved from /home/airflow/.local/lib/python3.7/site-packages/airflow/example_dags/example_branch_operator.py
[2023-03-06T18:59:15.755+0000] {logging_mixin.py:137} INFO - [2023-03-06T18:59:15.755+0000] {dag.py:2690} INFO - Sync 1 DAGs
[2023-03-06T18:59:15.812+0000] {logging_mixin.py:137} INFO - [2023-03-06T18:59:15.812+0000] {dag.py:3441} INFO - Setting next_dagrun for example_branch_operator to 2023-03-05T00:00:00+00:00, run_after=2023-03-06T00:00:00+00:00
[2023-03-06T18:59:15.848+0000] {processor.py:175} INFO - Processing /home/airflow/.local/lib/python3.7/site-packages/airflow/example_dags/example_branch_operator.py took 0.197 seconds
[2023-03-06T18:59:46.229+0000] {processor.py:153} INFO - Started process (PID=1342) to work on /home/airflow/.local/lib/python3.7/site-packages/airflow/example_dags/example_branch_operator.py
[2023-03-06T18:59:46.232+0000] {processor.py:743} INFO - Processing file /home/airflow/.local/lib/python3.7/site-packages/airflow/example_dags/example_branch_operator.py for tasks to queue
[2023-03-06T18:59:46.234+0000] {logging_mixin.py:137} INFO - [2023-03-06T18:59:46.234+0000] {dagbag.py:538} INFO - Filling up the DagBag from /home/airflow/.local/lib/python3.7/site-packages/airflow/example_dags/example_branch_operator.py
[2023-03-06T18:59:46.269+0000] {processor.py:753} INFO - DAG(s) dict_keys(['example_branch_operator']) retrieved from /home/airflow/.local/lib/python3.7/site-packages/airflow/example_dags/example_branch_operator.py
[2023-03-06T18:59:46.321+0000] {logging_mixin.py:137} INFO - [2023-03-06T18:59:46.321+0000] {dag.py:2690} INFO - Sync 1 DAGs
[2023-03-06T18:59:46.369+0000] {logging_mixin.py:137} INFO - [2023-03-06T18:59:46.368+0000] {dag.py:3441} INFO - Setting next_dagrun for example_branch_operator to 2023-03-05T00:00:00+00:00, run_after=2023-03-06T00:00:00+00:00
[2023-03-06T18:59:46.410+0000] {processor.py:175} INFO - Processing /home/airflow/.local/lib/python3.7/site-packages/airflow/example_dags/example_branch_operator.py took 0.188 seconds
[2023-03-06T19:00:18.745+0000] {processor.py:153} INFO - Started process (PID=1408) to work on /home/airflow/.local/lib/python3.7/site-packages/airflow/example_dags/example_branch_operator.py
[2023-03-06T19:00:18.755+0000] {processor.py:743} INFO - Processing file /home/airflow/.local/lib/python3.7/site-packages/airflow/example_dags/example_branch_operator.py for tasks to queue
[2023-03-06T19:00:18.762+0000] {logging_mixin.py:137} INFO - [2023-03-06T19:00:18.762+0000] {dagbag.py:538} INFO - Filling up the DagBag from /home/airflow/.local/lib/python3.7/site-packages/airflow/example_dags/example_branch_operator.py
[2023-03-06T19:00:18.860+0000] {processor.py:753} INFO - DAG(s) dict_keys(['example_branch_operator']) retrieved from /home/airflow/.local/lib/python3.7/site-packages/airflow/example_dags/example_branch_operator.py
[2023-03-06T19:00:18.995+0000] {logging_mixin.py:137} INFO - [2023-03-06T19:00:18.995+0000] {dag.py:2690} INFO - Sync 1 DAGs
[2023-03-06T19:00:19.096+0000] {logging_mixin.py:137} INFO - [2023-03-06T19:00:19.096+0000] {dag.py:3441} INFO - Setting next_dagrun for example_branch_operator to 2023-03-05T00:00:00+00:00, run_after=2023-03-06T00:00:00+00:00
[2023-03-06T19:00:19.153+0000] {processor.py:175} INFO - Processing /home/airflow/.local/lib/python3.7/site-packages/airflow/example_dags/example_branch_operator.py took 0.423 seconds
[2023-03-06T19:00:49.432+0000] {processor.py:153} INFO - Started process (PID=1481) to work on /home/airflow/.local/lib/python3.7/site-packages/airflow/example_dags/example_branch_operator.py
[2023-03-06T19:00:49.436+0000] {processor.py:743} INFO - Processing file /home/airflow/.local/lib/python3.7/site-packages/airflow/example_dags/example_branch_operator.py for tasks to queue
[2023-03-06T19:00:49.438+0000] {logging_mixin.py:137} INFO - [2023-03-06T19:00:49.438+0000] {dagbag.py:538} INFO - Filling up the DagBag from /home/airflow/.local/lib/python3.7/site-packages/airflow/example_dags/example_branch_operator.py
[2023-03-06T19:00:49.473+0000] {processor.py:753} INFO - DAG(s) dict_keys(['example_branch_operator']) retrieved from /home/airflow/.local/lib/python3.7/site-packages/airflow/example_dags/example_branch_operator.py
[2023-03-06T19:00:49.525+0000] {logging_mixin.py:137} INFO - [2023-03-06T19:00:49.525+0000] {dag.py:2690} INFO - Sync 1 DAGs
[2023-03-06T19:00:49.580+0000] {logging_mixin.py:137} INFO - [2023-03-06T19:00:49.580+0000] {dag.py:3441} INFO - Setting next_dagrun for example_branch_operator to 2023-03-05T00:00:00+00:00, run_after=2023-03-06T00:00:00+00:00
[2023-03-06T19:00:49.620+0000] {processor.py:175} INFO - Processing /home/airflow/.local/lib/python3.7/site-packages/airflow/example_dags/example_branch_operator.py took 0.199 seconds
[2023-03-06T19:01:20.250+0000] {processor.py:153} INFO - Started process (PID=1550) to work on /home/airflow/.local/lib/python3.7/site-packages/airflow/example_dags/example_branch_operator.py
[2023-03-06T19:01:20.255+0000] {processor.py:743} INFO - Processing file /home/airflow/.local/lib/python3.7/site-packages/airflow/example_dags/example_branch_operator.py for tasks to queue
[2023-03-06T19:01:20.258+0000] {logging_mixin.py:137} INFO - [2023-03-06T19:01:20.258+0000] {dagbag.py:538} INFO - Filling up the DagBag from /home/airflow/.local/lib/python3.7/site-packages/airflow/example_dags/example_branch_operator.py
[2023-03-06T19:01:20.304+0000] {processor.py:753} INFO - DAG(s) dict_keys(['example_branch_operator']) retrieved from /home/airflow/.local/lib/python3.7/site-packages/airflow/example_dags/example_branch_operator.py
[2023-03-06T19:01:20.366+0000] {logging_mixin.py:137} INFO - [2023-03-06T19:01:20.365+0000] {dag.py:2690} INFO - Sync 1 DAGs
[2023-03-06T19:01:20.463+0000] {logging_mixin.py:137} INFO - [2023-03-06T19:01:20.463+0000] {dag.py:3441} INFO - Setting next_dagrun for example_branch_operator to 2023-03-05T00:00:00+00:00, run_after=2023-03-06T00:00:00+00:00
[2023-03-06T19:01:20.562+0000] {processor.py:175} INFO - Processing /home/airflow/.local/lib/python3.7/site-packages/airflow/example_dags/example_branch_operator.py took 0.320 seconds
[2023-03-06T19:01:51.297+0000] {processor.py:153} INFO - Started process (PID=1620) to work on /home/airflow/.local/lib/python3.7/site-packages/airflow/example_dags/example_branch_operator.py
[2023-03-06T19:01:51.300+0000] {processor.py:743} INFO - Processing file /home/airflow/.local/lib/python3.7/site-packages/airflow/example_dags/example_branch_operator.py for tasks to queue
[2023-03-06T19:01:51.303+0000] {logging_mixin.py:137} INFO - [2023-03-06T19:01:51.303+0000] {dagbag.py:538} INFO - Filling up the DagBag from /home/airflow/.local/lib/python3.7/site-packages/airflow/example_dags/example_branch_operator.py
[2023-03-06T19:01:51.335+0000] {processor.py:753} INFO - DAG(s) dict_keys(['example_branch_operator']) retrieved from /home/airflow/.local/lib/python3.7/site-packages/airflow/example_dags/example_branch_operator.py
[2023-03-06T19:01:51.391+0000] {logging_mixin.py:137} INFO - [2023-03-06T19:01:51.390+0000] {dag.py:2690} INFO - Sync 1 DAGs
[2023-03-06T19:01:51.442+0000] {logging_mixin.py:137} INFO - [2023-03-06T19:01:51.441+0000] {dag.py:3441} INFO - Setting next_dagrun for example_branch_operator to 2023-03-05T00:00:00+00:00, run_after=2023-03-06T00:00:00+00:00
[2023-03-06T19:01:51.490+0000] {processor.py:175} INFO - Processing /home/airflow/.local/lib/python3.7/site-packages/airflow/example_dags/example_branch_operator.py took 0.202 seconds
[2023-03-06T19:02:22.565+0000] {processor.py:153} INFO - Started process (PID=1687) to work on /home/airflow/.local/lib/python3.7/site-packages/airflow/example_dags/example_branch_operator.py
[2023-03-06T19:02:22.568+0000] {processor.py:743} INFO - Processing file /home/airflow/.local/lib/python3.7/site-packages/airflow/example_dags/example_branch_operator.py for tasks to queue
[2023-03-06T19:02:22.571+0000] {logging_mixin.py:137} INFO - [2023-03-06T19:02:22.570+0000] {dagbag.py:538} INFO - Filling up the DagBag from /home/airflow/.local/lib/python3.7/site-packages/airflow/example_dags/example_branch_operator.py
[2023-03-06T19:02:22.602+0000] {processor.py:753} INFO - DAG(s) dict_keys(['example_branch_operator']) retrieved from /home/airflow/.local/lib/python3.7/site-packages/airflow/example_dags/example_branch_operator.py
[2023-03-06T19:02:22.655+0000] {logging_mixin.py:137} INFO - [2023-03-06T19:02:22.655+0000] {dag.py:2690} INFO - Sync 1 DAGs
[2023-03-06T19:02:22.707+0000] {logging_mixin.py:137} INFO - [2023-03-06T19:02:22.707+0000] {dag.py:3441} INFO - Setting next_dagrun for example_branch_operator to 2023-03-05T00:00:00+00:00, run_after=2023-03-06T00:00:00+00:00
[2023-03-06T19:02:22.746+0000] {processor.py:175} INFO - Processing /home/airflow/.local/lib/python3.7/site-packages/airflow/example_dags/example_branch_operator.py took 0.190 seconds
[2023-03-06T19:02:53.536+0000] {processor.py:153} INFO - Started process (PID=1754) to work on /home/airflow/.local/lib/python3.7/site-packages/airflow/example_dags/example_branch_operator.py
[2023-03-06T19:02:53.540+0000] {processor.py:743} INFO - Processing file /home/airflow/.local/lib/python3.7/site-packages/airflow/example_dags/example_branch_operator.py for tasks to queue
[2023-03-06T19:02:53.544+0000] {logging_mixin.py:137} INFO - [2023-03-06T19:02:53.544+0000] {dagbag.py:538} INFO - Filling up the DagBag from /home/airflow/.local/lib/python3.7/site-packages/airflow/example_dags/example_branch_operator.py
[2023-03-06T19:02:53.581+0000] {processor.py:753} INFO - DAG(s) dict_keys(['example_branch_operator']) retrieved from /home/airflow/.local/lib/python3.7/site-packages/airflow/example_dags/example_branch_operator.py
[2023-03-06T19:02:53.637+0000] {logging_mixin.py:137} INFO - [2023-03-06T19:02:53.637+0000] {dag.py:2690} INFO - Sync 1 DAGs
[2023-03-06T19:02:53.692+0000] {logging_mixin.py:137} INFO - [2023-03-06T19:02:53.691+0000] {dag.py:3441} INFO - Setting next_dagrun for example_branch_operator to 2023-03-05T00:00:00+00:00, run_after=2023-03-06T00:00:00+00:00
[2023-03-06T19:02:53.732+0000] {processor.py:175} INFO - Processing /home/airflow/.local/lib/python3.7/site-packages/airflow/example_dags/example_branch_operator.py took 0.205 seconds
[2023-03-06T19:03:23.921+0000] {processor.py:153} INFO - Started process (PID=1818) to work on /home/airflow/.local/lib/python3.7/site-packages/airflow/example_dags/example_branch_operator.py
[2023-03-06T19:03:23.924+0000] {processor.py:743} INFO - Processing file /home/airflow/.local/lib/python3.7/site-packages/airflow/example_dags/example_branch_operator.py for tasks to queue
[2023-03-06T19:03:23.927+0000] {logging_mixin.py:137} INFO - [2023-03-06T19:03:23.927+0000] {dagbag.py:538} INFO - Filling up the DagBag from /home/airflow/.local/lib/python3.7/site-packages/airflow/example_dags/example_branch_operator.py
[2023-03-06T19:03:23.960+0000] {processor.py:753} INFO - DAG(s) dict_keys(['example_branch_operator']) retrieved from /home/airflow/.local/lib/python3.7/site-packages/airflow/example_dags/example_branch_operator.py
[2023-03-06T19:03:24.016+0000] {logging_mixin.py:137} INFO - [2023-03-06T19:03:24.016+0000] {dag.py:2690} INFO - Sync 1 DAGs
[2023-03-06T19:03:24.075+0000] {logging_mixin.py:137} INFO - [2023-03-06T19:03:24.075+0000] {dag.py:3441} INFO - Setting next_dagrun for example_branch_operator to 2023-03-05T00:00:00+00:00, run_after=2023-03-06T00:00:00+00:00
[2023-03-06T19:03:24.125+0000] {processor.py:175} INFO - Processing /home/airflow/.local/lib/python3.7/site-packages/airflow/example_dags/example_branch_operator.py took 0.212 seconds
[2023-03-06T19:03:54.328+0000] {processor.py:153} INFO - Started process (PID=1898) to work on /home/airflow/.local/lib/python3.7/site-packages/airflow/example_dags/example_branch_operator.py
[2023-03-06T19:03:54.331+0000] {processor.py:743} INFO - Processing file /home/airflow/.local/lib/python3.7/site-packages/airflow/example_dags/example_branch_operator.py for tasks to queue
[2023-03-06T19:03:54.334+0000] {logging_mixin.py:137} INFO - [2023-03-06T19:03:54.334+0000] {dagbag.py:538} INFO - Filling up the DagBag from /home/airflow/.local/lib/python3.7/site-packages/airflow/example_dags/example_branch_operator.py
[2023-03-06T19:03:54.363+0000] {processor.py:753} INFO - DAG(s) dict_keys(['example_branch_operator']) retrieved from /home/airflow/.local/lib/python3.7/site-packages/airflow/example_dags/example_branch_operator.py
[2023-03-06T19:03:54.410+0000] {logging_mixin.py:137} INFO - [2023-03-06T19:03:54.409+0000] {dag.py:2690} INFO - Sync 1 DAGs
[2023-03-06T19:03:54.454+0000] {logging_mixin.py:137} INFO - [2023-03-06T19:03:54.454+0000] {dag.py:3441} INFO - Setting next_dagrun for example_branch_operator to 2023-03-05T00:00:00+00:00, run_after=2023-03-06T00:00:00+00:00
[2023-03-06T19:03:54.482+0000] {processor.py:175} INFO - Processing /home/airflow/.local/lib/python3.7/site-packages/airflow/example_dags/example_branch_operator.py took 0.159 seconds
[2023-03-06T19:04:25.034+0000] {processor.py:153} INFO - Started process (PID=1964) to work on /home/airflow/.local/lib/python3.7/site-packages/airflow/example_dags/example_branch_operator.py
[2023-03-06T19:04:25.036+0000] {processor.py:743} INFO - Processing file /home/airflow/.local/lib/python3.7/site-packages/airflow/example_dags/example_branch_operator.py for tasks to queue
[2023-03-06T19:04:25.039+0000] {logging_mixin.py:137} INFO - [2023-03-06T19:04:25.039+0000] {dagbag.py:538} INFO - Filling up the DagBag from /home/airflow/.local/lib/python3.7/site-packages/airflow/example_dags/example_branch_operator.py
[2023-03-06T19:04:25.071+0000] {processor.py:753} INFO - DAG(s) dict_keys(['example_branch_operator']) retrieved from /home/airflow/.local/lib/python3.7/site-packages/airflow/example_dags/example_branch_operator.py
[2023-03-06T19:04:25.125+0000] {logging_mixin.py:137} INFO - [2023-03-06T19:04:25.125+0000] {dag.py:2690} INFO - Sync 1 DAGs
[2023-03-06T19:04:25.178+0000] {logging_mixin.py:137} INFO - [2023-03-06T19:04:25.177+0000] {dag.py:3441} INFO - Setting next_dagrun for example_branch_operator to 2023-03-05T00:00:00+00:00, run_after=2023-03-06T00:00:00+00:00
[2023-03-06T19:04:25.206+0000] {processor.py:175} INFO - Processing /home/airflow/.local/lib/python3.7/site-packages/airflow/example_dags/example_branch_operator.py took 0.181 seconds
[2023-03-06T19:04:56.531+0000] {processor.py:153} INFO - Started process (PID=2035) to work on /home/airflow/.local/lib/python3.7/site-packages/airflow/example_dags/example_branch_operator.py
[2023-03-06T19:04:56.536+0000] {processor.py:743} INFO - Processing file /home/airflow/.local/lib/python3.7/site-packages/airflow/example_dags/example_branch_operator.py for tasks to queue
[2023-03-06T19:04:56.540+0000] {logging_mixin.py:137} INFO - [2023-03-06T19:04:56.540+0000] {dagbag.py:538} INFO - Filling up the DagBag from /home/airflow/.local/lib/python3.7/site-packages/airflow/example_dags/example_branch_operator.py
[2023-03-06T19:04:56.597+0000] {processor.py:753} INFO - DAG(s) dict_keys(['example_branch_operator']) retrieved from /home/airflow/.local/lib/python3.7/site-packages/airflow/example_dags/example_branch_operator.py
[2023-03-06T19:04:56.690+0000] {logging_mixin.py:137} INFO - [2023-03-06T19:04:56.689+0000] {dag.py:2690} INFO - Sync 1 DAGs
[2023-03-06T19:04:56.764+0000] {logging_mixin.py:137} INFO - [2023-03-06T19:04:56.764+0000] {dag.py:3441} INFO - Setting next_dagrun for example_branch_operator to 2023-03-05T00:00:00+00:00, run_after=2023-03-06T00:00:00+00:00
[2023-03-06T19:04:56.826+0000] {processor.py:175} INFO - Processing /home/airflow/.local/lib/python3.7/site-packages/airflow/example_dags/example_branch_operator.py took 0.309 seconds
[2023-03-06T19:05:27.011+0000] {processor.py:153} INFO - Started process (PID=2101) to work on /home/airflow/.local/lib/python3.7/site-packages/airflow/example_dags/example_branch_operator.py
[2023-03-06T19:05:27.014+0000] {processor.py:743} INFO - Processing file /home/airflow/.local/lib/python3.7/site-packages/airflow/example_dags/example_branch_operator.py for tasks to queue
[2023-03-06T19:05:27.016+0000] {logging_mixin.py:137} INFO - [2023-03-06T19:05:27.016+0000] {dagbag.py:538} INFO - Filling up the DagBag from /home/airflow/.local/lib/python3.7/site-packages/airflow/example_dags/example_branch_operator.py
[2023-03-06T19:05:27.048+0000] {processor.py:753} INFO - DAG(s) dict_keys(['example_branch_operator']) retrieved from /home/airflow/.local/lib/python3.7/site-packages/airflow/example_dags/example_branch_operator.py
[2023-03-06T19:05:27.114+0000] {logging_mixin.py:137} INFO - [2023-03-06T19:05:27.114+0000] {dag.py:2690} INFO - Sync 1 DAGs
[2023-03-06T19:05:27.190+0000] {logging_mixin.py:137} INFO - [2023-03-06T19:05:27.190+0000] {dag.py:3441} INFO - Setting next_dagrun for example_branch_operator to 2023-03-05T00:00:00+00:00, run_after=2023-03-06T00:00:00+00:00
[2023-03-06T19:05:27.226+0000] {processor.py:175} INFO - Processing /home/airflow/.local/lib/python3.7/site-packages/airflow/example_dags/example_branch_operator.py took 0.221 seconds
[2023-03-06T19:05:57.777+0000] {processor.py:153} INFO - Started process (PID=2169) to work on /home/airflow/.local/lib/python3.7/site-packages/airflow/example_dags/example_branch_operator.py
[2023-03-06T19:05:57.786+0000] {processor.py:743} INFO - Processing file /home/airflow/.local/lib/python3.7/site-packages/airflow/example_dags/example_branch_operator.py for tasks to queue
[2023-03-06T19:05:57.791+0000] {logging_mixin.py:137} INFO - [2023-03-06T19:05:57.789+0000] {dagbag.py:538} INFO - Filling up the DagBag from /home/airflow/.local/lib/python3.7/site-packages/airflow/example_dags/example_branch_operator.py
[2023-03-06T19:05:57.831+0000] {processor.py:753} INFO - DAG(s) dict_keys(['example_branch_operator']) retrieved from /home/airflow/.local/lib/python3.7/site-packages/airflow/example_dags/example_branch_operator.py
[2023-03-06T19:05:57.913+0000] {logging_mixin.py:137} INFO - [2023-03-06T19:05:57.912+0000] {dag.py:2690} INFO - Sync 1 DAGs
[2023-03-06T19:05:57.988+0000] {logging_mixin.py:137} INFO - [2023-03-06T19:05:57.988+0000] {dag.py:3441} INFO - Setting next_dagrun for example_branch_operator to 2023-03-05T00:00:00+00:00, run_after=2023-03-06T00:00:00+00:00
[2023-03-06T19:05:58.032+0000] {processor.py:175} INFO - Processing /home/airflow/.local/lib/python3.7/site-packages/airflow/example_dags/example_branch_operator.py took 0.261 seconds
[2023-03-06T19:06:41.531+0000] {processor.py:153} INFO - Started process (PID=2245) to work on /home/airflow/.local/lib/python3.7/site-packages/airflow/example_dags/example_branch_operator.py
[2023-03-06T19:06:41.611+0000] {processor.py:743} INFO - Processing file /home/airflow/.local/lib/python3.7/site-packages/airflow/example_dags/example_branch_operator.py for tasks to queue
[2023-03-06T19:06:41.623+0000] {logging_mixin.py:137} INFO - [2023-03-06T19:06:41.622+0000] {dagbag.py:538} INFO - Filling up the DagBag from /home/airflow/.local/lib/python3.7/site-packages/airflow/example_dags/example_branch_operator.py
[2023-03-06T19:06:42.277+0000] {processor.py:753} INFO - DAG(s) dict_keys(['example_branch_operator']) retrieved from /home/airflow/.local/lib/python3.7/site-packages/airflow/example_dags/example_branch_operator.py
[2023-03-06T19:06:43.310+0000] {logging_mixin.py:137} INFO - [2023-03-06T19:06:43.309+0000] {dag.py:2690} INFO - Sync 1 DAGs
[2023-03-06T19:06:44.615+0000] {logging_mixin.py:137} INFO - [2023-03-06T19:06:44.581+0000] {dag.py:3441} INFO - Setting next_dagrun for example_branch_operator to 2023-03-05T00:00:00+00:00, run_after=2023-03-06T00:00:00+00:00
[2023-03-06T19:06:45.012+0000] {processor.py:175} INFO - Processing /home/airflow/.local/lib/python3.7/site-packages/airflow/example_dags/example_branch_operator.py took 4.216 seconds
[2023-03-06T19:08:10.664+0000] {processor.py:153} INFO - Started process (PID=2336) to work on /home/airflow/.local/lib/python3.7/site-packages/airflow/example_dags/example_branch_operator.py
[2023-03-06T19:08:10.672+0000] {processor.py:743} INFO - Processing file /home/airflow/.local/lib/python3.7/site-packages/airflow/example_dags/example_branch_operator.py for tasks to queue
[2023-03-06T19:08:10.680+0000] {logging_mixin.py:137} INFO - [2023-03-06T19:08:10.678+0000] {dagbag.py:538} INFO - Filling up the DagBag from /home/airflow/.local/lib/python3.7/site-packages/airflow/example_dags/example_branch_operator.py
[2023-03-06T19:08:10.747+0000] {processor.py:753} INFO - DAG(s) dict_keys(['example_branch_operator']) retrieved from /home/airflow/.local/lib/python3.7/site-packages/airflow/example_dags/example_branch_operator.py
[2023-03-06T19:08:10.848+0000] {logging_mixin.py:137} INFO - [2023-03-06T19:08:10.848+0000] {dag.py:2690} INFO - Sync 1 DAGs
[2023-03-06T19:08:10.952+0000] {logging_mixin.py:137} INFO - [2023-03-06T19:08:10.952+0000] {dag.py:3441} INFO - Setting next_dagrun for example_branch_operator to 2023-03-05T00:00:00+00:00, run_after=2023-03-06T00:00:00+00:00
[2023-03-06T19:08:11.031+0000] {processor.py:175} INFO - Processing /home/airflow/.local/lib/python3.7/site-packages/airflow/example_dags/example_branch_operator.py took 0.381 seconds
[2023-03-06T19:08:41.514+0000] {processor.py:153} INFO - Started process (PID=2402) to work on /home/airflow/.local/lib/python3.7/site-packages/airflow/example_dags/example_branch_operator.py
[2023-03-06T19:08:41.520+0000] {processor.py:743} INFO - Processing file /home/airflow/.local/lib/python3.7/site-packages/airflow/example_dags/example_branch_operator.py for tasks to queue
[2023-03-06T19:08:41.527+0000] {logging_mixin.py:137} INFO - [2023-03-06T19:08:41.526+0000] {dagbag.py:538} INFO - Filling up the DagBag from /home/airflow/.local/lib/python3.7/site-packages/airflow/example_dags/example_branch_operator.py
[2023-03-06T19:08:41.601+0000] {processor.py:753} INFO - DAG(s) dict_keys(['example_branch_operator']) retrieved from /home/airflow/.local/lib/python3.7/site-packages/airflow/example_dags/example_branch_operator.py
[2023-03-06T19:08:41.757+0000] {logging_mixin.py:137} INFO - [2023-03-06T19:08:41.757+0000] {dag.py:2690} INFO - Sync 1 DAGs
[2023-03-06T19:08:41.868+0000] {logging_mixin.py:137} INFO - [2023-03-06T19:08:41.868+0000] {dag.py:3441} INFO - Setting next_dagrun for example_branch_operator to 2023-03-05T00:00:00+00:00, run_after=2023-03-06T00:00:00+00:00
[2023-03-06T19:08:41.955+0000] {processor.py:175} INFO - Processing /home/airflow/.local/lib/python3.7/site-packages/airflow/example_dags/example_branch_operator.py took 0.458 seconds
[2023-03-06T19:09:20.559+0000] {processor.py:153} INFO - Started process (PID=2471) to work on /home/airflow/.local/lib/python3.7/site-packages/airflow/example_dags/example_branch_operator.py
[2023-03-06T19:09:20.570+0000] {processor.py:743} INFO - Processing file /home/airflow/.local/lib/python3.7/site-packages/airflow/example_dags/example_branch_operator.py for tasks to queue
[2023-03-06T19:09:20.576+0000] {logging_mixin.py:137} INFO - [2023-03-06T19:09:20.575+0000] {dagbag.py:538} INFO - Filling up the DagBag from /home/airflow/.local/lib/python3.7/site-packages/airflow/example_dags/example_branch_operator.py
[2023-03-06T19:09:20.659+0000] {processor.py:753} INFO - DAG(s) dict_keys(['example_branch_operator']) retrieved from /home/airflow/.local/lib/python3.7/site-packages/airflow/example_dags/example_branch_operator.py
[2023-03-06T19:09:20.781+0000] {logging_mixin.py:137} INFO - [2023-03-06T19:09:20.781+0000] {dag.py:2690} INFO - Sync 1 DAGs
[2023-03-06T19:09:20.881+0000] {logging_mixin.py:137} INFO - [2023-03-06T19:09:20.881+0000] {dag.py:3441} INFO - Setting next_dagrun for example_branch_operator to 2023-03-05T00:00:00+00:00, run_after=2023-03-06T00:00:00+00:00
[2023-03-06T19:09:20.967+0000] {processor.py:175} INFO - Processing /home/airflow/.local/lib/python3.7/site-packages/airflow/example_dags/example_branch_operator.py took 0.445 seconds
[2023-03-06T19:09:54.919+0000] {processor.py:153} INFO - Started process (PID=2541) to work on /home/airflow/.local/lib/python3.7/site-packages/airflow/example_dags/example_branch_operator.py
[2023-03-06T19:09:54.926+0000] {processor.py:743} INFO - Processing file /home/airflow/.local/lib/python3.7/site-packages/airflow/example_dags/example_branch_operator.py for tasks to queue
[2023-03-06T19:09:54.931+0000] {logging_mixin.py:137} INFO - [2023-03-06T19:09:54.931+0000] {dagbag.py:538} INFO - Filling up the DagBag from /home/airflow/.local/lib/python3.7/site-packages/airflow/example_dags/example_branch_operator.py
[2023-03-06T19:09:55.009+0000] {processor.py:753} INFO - DAG(s) dict_keys(['example_branch_operator']) retrieved from /home/airflow/.local/lib/python3.7/site-packages/airflow/example_dags/example_branch_operator.py
[2023-03-06T19:09:55.120+0000] {logging_mixin.py:137} INFO - [2023-03-06T19:09:55.119+0000] {dag.py:2690} INFO - Sync 1 DAGs
[2023-03-06T19:09:55.234+0000] {logging_mixin.py:137} INFO - [2023-03-06T19:09:55.234+0000] {dag.py:3441} INFO - Setting next_dagrun for example_branch_operator to 2023-03-05T00:00:00+00:00, run_after=2023-03-06T00:00:00+00:00
[2023-03-06T19:09:55.320+0000] {processor.py:175} INFO - Processing /home/airflow/.local/lib/python3.7/site-packages/airflow/example_dags/example_branch_operator.py took 0.413 seconds
[2023-03-06T19:10:25.650+0000] {processor.py:153} INFO - Started process (PID=2609) to work on /home/airflow/.local/lib/python3.7/site-packages/airflow/example_dags/example_branch_operator.py
[2023-03-06T19:10:25.656+0000] {processor.py:743} INFO - Processing file /home/airflow/.local/lib/python3.7/site-packages/airflow/example_dags/example_branch_operator.py for tasks to queue
[2023-03-06T19:10:25.671+0000] {logging_mixin.py:137} INFO - [2023-03-06T19:10:25.671+0000] {dagbag.py:538} INFO - Filling up the DagBag from /home/airflow/.local/lib/python3.7/site-packages/airflow/example_dags/example_branch_operator.py
[2023-03-06T19:10:25.982+0000] {processor.py:753} INFO - DAG(s) dict_keys(['example_branch_operator']) retrieved from /home/airflow/.local/lib/python3.7/site-packages/airflow/example_dags/example_branch_operator.py
[2023-03-06T19:10:26.104+0000] {logging_mixin.py:137} INFO - [2023-03-06T19:10:26.104+0000] {dag.py:2690} INFO - Sync 1 DAGs
[2023-03-06T19:10:26.199+0000] {logging_mixin.py:137} INFO - [2023-03-06T19:10:26.199+0000] {dag.py:3441} INFO - Setting next_dagrun for example_branch_operator to 2023-03-05T00:00:00+00:00, run_after=2023-03-06T00:00:00+00:00
[2023-03-06T19:10:26.263+0000] {processor.py:175} INFO - Processing /home/airflow/.local/lib/python3.7/site-packages/airflow/example_dags/example_branch_operator.py took 0.643 seconds
[2023-03-06T19:10:56.428+0000] {processor.py:153} INFO - Started process (PID=2675) to work on /home/airflow/.local/lib/python3.7/site-packages/airflow/example_dags/example_branch_operator.py
[2023-03-06T19:10:56.449+0000] {processor.py:743} INFO - Processing file /home/airflow/.local/lib/python3.7/site-packages/airflow/example_dags/example_branch_operator.py for tasks to queue
[2023-03-06T19:10:56.460+0000] {logging_mixin.py:137} INFO - [2023-03-06T19:10:56.459+0000] {dagbag.py:538} INFO - Filling up the DagBag from /home/airflow/.local/lib/python3.7/site-packages/airflow/example_dags/example_branch_operator.py
[2023-03-06T19:10:56.541+0000] {processor.py:753} INFO - DAG(s) dict_keys(['example_branch_operator']) retrieved from /home/airflow/.local/lib/python3.7/site-packages/airflow/example_dags/example_branch_operator.py
[2023-03-06T19:10:56.634+0000] {logging_mixin.py:137} INFO - [2023-03-06T19:10:56.633+0000] {dag.py:2690} INFO - Sync 1 DAGs
[2023-03-06T19:10:56.800+0000] {logging_mixin.py:137} INFO - [2023-03-06T19:10:56.799+0000] {dag.py:3441} INFO - Setting next_dagrun for example_branch_operator to 2023-03-05T00:00:00+00:00, run_after=2023-03-06T00:00:00+00:00
[2023-03-06T19:10:57.035+0000] {processor.py:175} INFO - Processing /home/airflow/.local/lib/python3.7/site-packages/airflow/example_dags/example_branch_operator.py took 0.625 seconds
[2023-03-06T19:11:27.329+0000] {processor.py:153} INFO - Started process (PID=2742) to work on /home/airflow/.local/lib/python3.7/site-packages/airflow/example_dags/example_branch_operator.py
[2023-03-06T19:11:27.335+0000] {processor.py:743} INFO - Processing file /home/airflow/.local/lib/python3.7/site-packages/airflow/example_dags/example_branch_operator.py for tasks to queue
[2023-03-06T19:11:27.345+0000] {logging_mixin.py:137} INFO - [2023-03-06T19:11:27.342+0000] {dagbag.py:538} INFO - Filling up the DagBag from /home/airflow/.local/lib/python3.7/site-packages/airflow/example_dags/example_branch_operator.py
[2023-03-06T19:11:27.431+0000] {processor.py:753} INFO - DAG(s) dict_keys(['example_branch_operator']) retrieved from /home/airflow/.local/lib/python3.7/site-packages/airflow/example_dags/example_branch_operator.py
[2023-03-06T19:11:27.532+0000] {logging_mixin.py:137} INFO - [2023-03-06T19:11:27.531+0000] {dag.py:2690} INFO - Sync 1 DAGs
[2023-03-06T19:11:27.638+0000] {logging_mixin.py:137} INFO - [2023-03-06T19:11:27.638+0000] {dag.py:3441} INFO - Setting next_dagrun for example_branch_operator to 2023-03-05T00:00:00+00:00, run_after=2023-03-06T00:00:00+00:00
[2023-03-06T19:11:27.707+0000] {processor.py:175} INFO - Processing /home/airflow/.local/lib/python3.7/site-packages/airflow/example_dags/example_branch_operator.py took 0.418 seconds
[2023-03-06T19:12:02.845+0000] {processor.py:153} INFO - Started process (PID=2810) to work on /home/airflow/.local/lib/python3.7/site-packages/airflow/example_dags/example_branch_operator.py
[2023-03-06T19:12:02.859+0000] {processor.py:743} INFO - Processing file /home/airflow/.local/lib/python3.7/site-packages/airflow/example_dags/example_branch_operator.py for tasks to queue
[2023-03-06T19:12:02.865+0000] {logging_mixin.py:137} INFO - [2023-03-06T19:12:02.864+0000] {dagbag.py:538} INFO - Filling up the DagBag from /home/airflow/.local/lib/python3.7/site-packages/airflow/example_dags/example_branch_operator.py
[2023-03-06T19:12:02.930+0000] {processor.py:753} INFO - DAG(s) dict_keys(['example_branch_operator']) retrieved from /home/airflow/.local/lib/python3.7/site-packages/airflow/example_dags/example_branch_operator.py
[2023-03-06T19:12:03.032+0000] {logging_mixin.py:137} INFO - [2023-03-06T19:12:03.031+0000] {dag.py:2690} INFO - Sync 1 DAGs
[2023-03-06T19:12:03.162+0000] {logging_mixin.py:137} INFO - [2023-03-06T19:12:03.161+0000] {dag.py:3441} INFO - Setting next_dagrun for example_branch_operator to 2023-03-05T00:00:00+00:00, run_after=2023-03-06T00:00:00+00:00
[2023-03-06T19:12:03.263+0000] {processor.py:175} INFO - Processing /home/airflow/.local/lib/python3.7/site-packages/airflow/example_dags/example_branch_operator.py took 0.430 seconds
