[2023-03-06T17:08:27.194+0000] {processor.py:153} INFO - Started process (PID=70) to work on /home/airflow/.local/lib/python3.7/site-packages/airflow/example_dags/tutorial_dag.py
[2023-03-06T17:08:27.199+0000] {processor.py:743} INFO - Processing file /home/airflow/.local/lib/python3.7/site-packages/airflow/example_dags/tutorial_dag.py for tasks to queue
[2023-03-06T17:08:27.203+0000] {logging_mixin.py:137} INFO - [2023-03-06T17:08:27.203+0000] {dagbag.py:538} INFO - Filling up the DagBag from /home/airflow/.local/lib/python3.7/site-packages/airflow/example_dags/tutorial_dag.py
[2023-03-06T17:08:27.256+0000] {processor.py:753} INFO - DAG(s) dict_keys(['tutorial_dag']) retrieved from /home/airflow/.local/lib/python3.7/site-packages/airflow/example_dags/tutorial_dag.py
[2023-03-06T17:08:27.352+0000] {logging_mixin.py:137} INFO - [2023-03-06T17:08:27.352+0000] {dag.py:2690} INFO - Sync 1 DAGs
[2023-03-06T17:08:27.475+0000] {logging_mixin.py:137} INFO - [2023-03-06T17:08:27.474+0000] {dag.py:3441} INFO - Setting next_dagrun for tutorial_dag to None, run_after=None
[2023-03-06T17:08:27.518+0000] {processor.py:175} INFO - Processing /home/airflow/.local/lib/python3.7/site-packages/airflow/example_dags/tutorial_dag.py took 0.337 seconds
[2023-03-06T17:08:59.737+0000] {processor.py:153} INFO - Started process (PID=136) to work on /home/airflow/.local/lib/python3.7/site-packages/airflow/example_dags/tutorial_dag.py
[2023-03-06T17:08:59.742+0000] {processor.py:743} INFO - Processing file /home/airflow/.local/lib/python3.7/site-packages/airflow/example_dags/tutorial_dag.py for tasks to queue
[2023-03-06T17:08:59.745+0000] {logging_mixin.py:137} INFO - [2023-03-06T17:08:59.745+0000] {dagbag.py:538} INFO - Filling up the DagBag from /home/airflow/.local/lib/python3.7/site-packages/airflow/example_dags/tutorial_dag.py
[2023-03-06T17:08:59.780+0000] {processor.py:753} INFO - DAG(s) dict_keys(['tutorial_dag']) retrieved from /home/airflow/.local/lib/python3.7/site-packages/airflow/example_dags/tutorial_dag.py
[2023-03-06T17:08:59.844+0000] {logging_mixin.py:137} INFO - [2023-03-06T17:08:59.844+0000] {dag.py:2690} INFO - Sync 1 DAGs
[2023-03-06T17:08:59.906+0000] {logging_mixin.py:137} INFO - [2023-03-06T17:08:59.906+0000] {dag.py:3441} INFO - Setting next_dagrun for tutorial_dag to None, run_after=None
[2023-03-06T17:08:59.943+0000] {processor.py:175} INFO - Processing /home/airflow/.local/lib/python3.7/site-packages/airflow/example_dags/tutorial_dag.py took 0.216 seconds
[2023-03-06T17:09:31.200+0000] {processor.py:153} INFO - Started process (PID=202) to work on /home/airflow/.local/lib/python3.7/site-packages/airflow/example_dags/tutorial_dag.py
[2023-03-06T17:09:31.203+0000] {processor.py:743} INFO - Processing file /home/airflow/.local/lib/python3.7/site-packages/airflow/example_dags/tutorial_dag.py for tasks to queue
[2023-03-06T17:09:31.205+0000] {logging_mixin.py:137} INFO - [2023-03-06T17:09:31.205+0000] {dagbag.py:538} INFO - Filling up the DagBag from /home/airflow/.local/lib/python3.7/site-packages/airflow/example_dags/tutorial_dag.py
[2023-03-06T17:09:31.229+0000] {processor.py:753} INFO - DAG(s) dict_keys(['tutorial_dag']) retrieved from /home/airflow/.local/lib/python3.7/site-packages/airflow/example_dags/tutorial_dag.py
[2023-03-06T17:09:31.276+0000] {logging_mixin.py:137} INFO - [2023-03-06T17:09:31.275+0000] {dag.py:2690} INFO - Sync 1 DAGs
[2023-03-06T17:09:31.316+0000] {logging_mixin.py:137} INFO - [2023-03-06T17:09:31.316+0000] {dag.py:3441} INFO - Setting next_dagrun for tutorial_dag to None, run_after=None
[2023-03-06T17:09:31.345+0000] {processor.py:175} INFO - Processing /home/airflow/.local/lib/python3.7/site-packages/airflow/example_dags/tutorial_dag.py took 0.152 seconds
[2023-03-06T17:10:07.467+0000] {processor.py:153} INFO - Started process (PID=268) to work on /home/airflow/.local/lib/python3.7/site-packages/airflow/example_dags/tutorial_dag.py
[2023-03-06T17:10:07.471+0000] {processor.py:743} INFO - Processing file /home/airflow/.local/lib/python3.7/site-packages/airflow/example_dags/tutorial_dag.py for tasks to queue
[2023-03-06T17:10:07.477+0000] {logging_mixin.py:137} INFO - [2023-03-06T17:10:07.477+0000] {dagbag.py:538} INFO - Filling up the DagBag from /home/airflow/.local/lib/python3.7/site-packages/airflow/example_dags/tutorial_dag.py
[2023-03-06T17:10:07.521+0000] {processor.py:753} INFO - DAG(s) dict_keys(['tutorial_dag']) retrieved from /home/airflow/.local/lib/python3.7/site-packages/airflow/example_dags/tutorial_dag.py
[2023-03-06T17:10:07.616+0000] {logging_mixin.py:137} INFO - [2023-03-06T17:10:07.616+0000] {dag.py:2690} INFO - Sync 1 DAGs
[2023-03-06T17:10:07.716+0000] {logging_mixin.py:137} INFO - [2023-03-06T17:10:07.715+0000] {dag.py:3441} INFO - Setting next_dagrun for tutorial_dag to None, run_after=None
[2023-03-06T17:10:07.767+0000] {processor.py:175} INFO - Processing /home/airflow/.local/lib/python3.7/site-packages/airflow/example_dags/tutorial_dag.py took 0.310 seconds
[2023-03-06T17:10:38.822+0000] {processor.py:153} INFO - Started process (PID=332) to work on /home/airflow/.local/lib/python3.7/site-packages/airflow/example_dags/tutorial_dag.py
[2023-03-06T17:10:38.827+0000] {processor.py:743} INFO - Processing file /home/airflow/.local/lib/python3.7/site-packages/airflow/example_dags/tutorial_dag.py for tasks to queue
[2023-03-06T17:10:38.833+0000] {logging_mixin.py:137} INFO - [2023-03-06T17:10:38.832+0000] {dagbag.py:538} INFO - Filling up the DagBag from /home/airflow/.local/lib/python3.7/site-packages/airflow/example_dags/tutorial_dag.py
[2023-03-06T17:10:38.884+0000] {processor.py:753} INFO - DAG(s) dict_keys(['tutorial_dag']) retrieved from /home/airflow/.local/lib/python3.7/site-packages/airflow/example_dags/tutorial_dag.py
[2023-03-06T17:10:38.965+0000] {logging_mixin.py:137} INFO - [2023-03-06T17:10:38.964+0000] {dag.py:2690} INFO - Sync 1 DAGs
[2023-03-06T17:10:39.025+0000] {logging_mixin.py:137} INFO - [2023-03-06T17:10:39.024+0000] {dag.py:3441} INFO - Setting next_dagrun for tutorial_dag to None, run_after=None
[2023-03-06T17:10:39.065+0000] {processor.py:175} INFO - Processing /home/airflow/.local/lib/python3.7/site-packages/airflow/example_dags/tutorial_dag.py took 0.253 seconds
[2023-03-06T17:11:09.616+0000] {processor.py:153} INFO - Started process (PID=396) to work on /home/airflow/.local/lib/python3.7/site-packages/airflow/example_dags/tutorial_dag.py
[2023-03-06T17:11:09.624+0000] {processor.py:743} INFO - Processing file /home/airflow/.local/lib/python3.7/site-packages/airflow/example_dags/tutorial_dag.py for tasks to queue
[2023-03-06T17:11:09.630+0000] {logging_mixin.py:137} INFO - [2023-03-06T17:11:09.629+0000] {dagbag.py:538} INFO - Filling up the DagBag from /home/airflow/.local/lib/python3.7/site-packages/airflow/example_dags/tutorial_dag.py
[2023-03-06T17:11:09.677+0000] {processor.py:753} INFO - DAG(s) dict_keys(['tutorial_dag']) retrieved from /home/airflow/.local/lib/python3.7/site-packages/airflow/example_dags/tutorial_dag.py
[2023-03-06T17:11:09.780+0000] {logging_mixin.py:137} INFO - [2023-03-06T17:11:09.780+0000] {dag.py:2690} INFO - Sync 1 DAGs
[2023-03-06T17:11:09.878+0000] {logging_mixin.py:137} INFO - [2023-03-06T17:11:09.877+0000] {dag.py:3441} INFO - Setting next_dagrun for tutorial_dag to None, run_after=None
[2023-03-06T17:11:09.934+0000] {processor.py:175} INFO - Processing /home/airflow/.local/lib/python3.7/site-packages/airflow/example_dags/tutorial_dag.py took 0.333 seconds
[2023-03-06T17:11:40.280+0000] {processor.py:153} INFO - Started process (PID=463) to work on /home/airflow/.local/lib/python3.7/site-packages/airflow/example_dags/tutorial_dag.py
[2023-03-06T17:11:40.283+0000] {processor.py:743} INFO - Processing file /home/airflow/.local/lib/python3.7/site-packages/airflow/example_dags/tutorial_dag.py for tasks to queue
[2023-03-06T17:11:40.285+0000] {logging_mixin.py:137} INFO - [2023-03-06T17:11:40.285+0000] {dagbag.py:538} INFO - Filling up the DagBag from /home/airflow/.local/lib/python3.7/site-packages/airflow/example_dags/tutorial_dag.py
[2023-03-06T17:11:40.307+0000] {processor.py:753} INFO - DAG(s) dict_keys(['tutorial_dag']) retrieved from /home/airflow/.local/lib/python3.7/site-packages/airflow/example_dags/tutorial_dag.py
[2023-03-06T17:11:40.356+0000] {logging_mixin.py:137} INFO - [2023-03-06T17:11:40.356+0000] {dag.py:2690} INFO - Sync 1 DAGs
[2023-03-06T17:11:40.413+0000] {logging_mixin.py:137} INFO - [2023-03-06T17:11:40.413+0000] {dag.py:3441} INFO - Setting next_dagrun for tutorial_dag to None, run_after=None
[2023-03-06T17:11:40.454+0000] {processor.py:175} INFO - Processing /home/airflow/.local/lib/python3.7/site-packages/airflow/example_dags/tutorial_dag.py took 0.180 seconds
[2023-03-06T17:12:11.199+0000] {processor.py:153} INFO - Started process (PID=530) to work on /home/airflow/.local/lib/python3.7/site-packages/airflow/example_dags/tutorial_dag.py
[2023-03-06T17:12:11.207+0000] {processor.py:743} INFO - Processing file /home/airflow/.local/lib/python3.7/site-packages/airflow/example_dags/tutorial_dag.py for tasks to queue
[2023-03-06T17:12:11.213+0000] {logging_mixin.py:137} INFO - [2023-03-06T17:12:11.213+0000] {dagbag.py:538} INFO - Filling up the DagBag from /home/airflow/.local/lib/python3.7/site-packages/airflow/example_dags/tutorial_dag.py
[2023-03-06T17:12:11.315+0000] {processor.py:753} INFO - DAG(s) dict_keys(['tutorial_dag']) retrieved from /home/airflow/.local/lib/python3.7/site-packages/airflow/example_dags/tutorial_dag.py
[2023-03-06T17:12:11.433+0000] {logging_mixin.py:137} INFO - [2023-03-06T17:12:11.432+0000] {dag.py:2690} INFO - Sync 1 DAGs
[2023-03-06T17:12:11.518+0000] {logging_mixin.py:137} INFO - [2023-03-06T17:12:11.518+0000] {dag.py:3441} INFO - Setting next_dagrun for tutorial_dag to None, run_after=None
[2023-03-06T17:12:11.622+0000] {processor.py:175} INFO - Processing /home/airflow/.local/lib/python3.7/site-packages/airflow/example_dags/tutorial_dag.py took 0.440 seconds
[2023-03-06T17:12:41.927+0000] {processor.py:153} INFO - Started process (PID=597) to work on /home/airflow/.local/lib/python3.7/site-packages/airflow/example_dags/tutorial_dag.py
[2023-03-06T17:12:41.931+0000] {processor.py:743} INFO - Processing file /home/airflow/.local/lib/python3.7/site-packages/airflow/example_dags/tutorial_dag.py for tasks to queue
[2023-03-06T17:12:41.939+0000] {logging_mixin.py:137} INFO - [2023-03-06T17:12:41.938+0000] {dagbag.py:538} INFO - Filling up the DagBag from /home/airflow/.local/lib/python3.7/site-packages/airflow/example_dags/tutorial_dag.py
[2023-03-06T17:12:41.999+0000] {processor.py:753} INFO - DAG(s) dict_keys(['tutorial_dag']) retrieved from /home/airflow/.local/lib/python3.7/site-packages/airflow/example_dags/tutorial_dag.py
[2023-03-06T17:12:42.064+0000] {logging_mixin.py:137} INFO - [2023-03-06T17:12:42.064+0000] {dag.py:2690} INFO - Sync 1 DAGs
[2023-03-06T17:12:42.139+0000] {logging_mixin.py:137} INFO - [2023-03-06T17:12:42.138+0000] {dag.py:3441} INFO - Setting next_dagrun for tutorial_dag to None, run_after=None
[2023-03-06T17:12:42.176+0000] {processor.py:175} INFO - Processing /home/airflow/.local/lib/python3.7/site-packages/airflow/example_dags/tutorial_dag.py took 0.260 seconds
[2023-03-06T17:13:12.794+0000] {processor.py:153} INFO - Started process (PID=664) to work on /home/airflow/.local/lib/python3.7/site-packages/airflow/example_dags/tutorial_dag.py
[2023-03-06T17:13:12.798+0000] {processor.py:743} INFO - Processing file /home/airflow/.local/lib/python3.7/site-packages/airflow/example_dags/tutorial_dag.py for tasks to queue
[2023-03-06T17:13:12.803+0000] {logging_mixin.py:137} INFO - [2023-03-06T17:13:12.802+0000] {dagbag.py:538} INFO - Filling up the DagBag from /home/airflow/.local/lib/python3.7/site-packages/airflow/example_dags/tutorial_dag.py
[2023-03-06T17:13:12.828+0000] {processor.py:753} INFO - DAG(s) dict_keys(['tutorial_dag']) retrieved from /home/airflow/.local/lib/python3.7/site-packages/airflow/example_dags/tutorial_dag.py
[2023-03-06T17:13:12.872+0000] {logging_mixin.py:137} INFO - [2023-03-06T17:13:12.872+0000] {dag.py:2690} INFO - Sync 1 DAGs
[2023-03-06T17:13:12.912+0000] {logging_mixin.py:137} INFO - [2023-03-06T17:13:12.912+0000] {dag.py:3441} INFO - Setting next_dagrun for tutorial_dag to None, run_after=None
[2023-03-06T17:13:12.946+0000] {processor.py:175} INFO - Processing /home/airflow/.local/lib/python3.7/site-packages/airflow/example_dags/tutorial_dag.py took 0.159 seconds
[2023-03-06T18:50:15.783+0000] {processor.py:153} INFO - Started process (PID=58) to work on /home/airflow/.local/lib/python3.7/site-packages/airflow/example_dags/tutorial_dag.py
[2023-03-06T18:50:15.787+0000] {processor.py:743} INFO - Processing file /home/airflow/.local/lib/python3.7/site-packages/airflow/example_dags/tutorial_dag.py for tasks to queue
[2023-03-06T18:50:15.791+0000] {logging_mixin.py:137} INFO - [2023-03-06T18:50:15.791+0000] {dagbag.py:538} INFO - Filling up the DagBag from /home/airflow/.local/lib/python3.7/site-packages/airflow/example_dags/tutorial_dag.py
[2023-03-06T18:50:15.833+0000] {processor.py:753} INFO - DAG(s) dict_keys(['tutorial_dag']) retrieved from /home/airflow/.local/lib/python3.7/site-packages/airflow/example_dags/tutorial_dag.py
[2023-03-06T18:50:15.991+0000] {logging_mixin.py:137} INFO - [2023-03-06T18:50:15.991+0000] {dag.py:2690} INFO - Sync 1 DAGs
[2023-03-06T18:50:16.065+0000] {logging_mixin.py:137} INFO - [2023-03-06T18:50:16.065+0000] {dag.py:3441} INFO - Setting next_dagrun for tutorial_dag to None, run_after=None
[2023-03-06T18:50:16.131+0000] {processor.py:175} INFO - Processing /home/airflow/.local/lib/python3.7/site-packages/airflow/example_dags/tutorial_dag.py took 0.361 seconds
[2023-03-06T18:50:46.354+0000] {processor.py:153} INFO - Started process (PID=124) to work on /home/airflow/.local/lib/python3.7/site-packages/airflow/example_dags/tutorial_dag.py
[2023-03-06T18:50:46.358+0000] {processor.py:743} INFO - Processing file /home/airflow/.local/lib/python3.7/site-packages/airflow/example_dags/tutorial_dag.py for tasks to queue
[2023-03-06T18:50:46.361+0000] {logging_mixin.py:137} INFO - [2023-03-06T18:50:46.361+0000] {dagbag.py:538} INFO - Filling up the DagBag from /home/airflow/.local/lib/python3.7/site-packages/airflow/example_dags/tutorial_dag.py
[2023-03-06T18:50:46.383+0000] {processor.py:753} INFO - DAG(s) dict_keys(['tutorial_dag']) retrieved from /home/airflow/.local/lib/python3.7/site-packages/airflow/example_dags/tutorial_dag.py
[2023-03-06T18:50:46.425+0000] {logging_mixin.py:137} INFO - [2023-03-06T18:50:46.425+0000] {dag.py:2690} INFO - Sync 1 DAGs
[2023-03-06T18:50:46.463+0000] {logging_mixin.py:137} INFO - [2023-03-06T18:50:46.463+0000] {dag.py:3441} INFO - Setting next_dagrun for tutorial_dag to None, run_after=None
[2023-03-06T18:50:46.495+0000] {processor.py:175} INFO - Processing /home/airflow/.local/lib/python3.7/site-packages/airflow/example_dags/tutorial_dag.py took 0.148 seconds
[2023-03-06T18:51:17.692+0000] {processor.py:153} INFO - Started process (PID=196) to work on /home/airflow/.local/lib/python3.7/site-packages/airflow/example_dags/tutorial_dag.py
[2023-03-06T18:51:17.695+0000] {processor.py:743} INFO - Processing file /home/airflow/.local/lib/python3.7/site-packages/airflow/example_dags/tutorial_dag.py for tasks to queue
[2023-03-06T18:51:17.698+0000] {logging_mixin.py:137} INFO - [2023-03-06T18:51:17.697+0000] {dagbag.py:538} INFO - Filling up the DagBag from /home/airflow/.local/lib/python3.7/site-packages/airflow/example_dags/tutorial_dag.py
[2023-03-06T18:51:17.725+0000] {processor.py:753} INFO - DAG(s) dict_keys(['tutorial_dag']) retrieved from /home/airflow/.local/lib/python3.7/site-packages/airflow/example_dags/tutorial_dag.py
[2023-03-06T18:51:17.957+0000] {logging_mixin.py:137} INFO - [2023-03-06T18:51:17.956+0000] {dag.py:2690} INFO - Sync 1 DAGs
[2023-03-06T18:51:18.015+0000] {logging_mixin.py:137} INFO - [2023-03-06T18:51:18.015+0000] {dag.py:3441} INFO - Setting next_dagrun for tutorial_dag to None, run_after=None
[2023-03-06T18:51:18.055+0000] {processor.py:175} INFO - Processing /home/airflow/.local/lib/python3.7/site-packages/airflow/example_dags/tutorial_dag.py took 0.370 seconds
[2023-03-06T18:51:48.305+0000] {processor.py:153} INFO - Started process (PID=264) to work on /home/airflow/.local/lib/python3.7/site-packages/airflow/example_dags/tutorial_dag.py
[2023-03-06T18:51:48.337+0000] {processor.py:743} INFO - Processing file /home/airflow/.local/lib/python3.7/site-packages/airflow/example_dags/tutorial_dag.py for tasks to queue
[2023-03-06T18:51:48.341+0000] {logging_mixin.py:137} INFO - [2023-03-06T18:51:48.341+0000] {dagbag.py:538} INFO - Filling up the DagBag from /home/airflow/.local/lib/python3.7/site-packages/airflow/example_dags/tutorial_dag.py
[2023-03-06T18:51:48.387+0000] {processor.py:753} INFO - DAG(s) dict_keys(['tutorial_dag']) retrieved from /home/airflow/.local/lib/python3.7/site-packages/airflow/example_dags/tutorial_dag.py
[2023-03-06T18:51:48.449+0000] {logging_mixin.py:137} INFO - [2023-03-06T18:51:48.449+0000] {dag.py:2690} INFO - Sync 1 DAGs
[2023-03-06T18:51:48.526+0000] {logging_mixin.py:137} INFO - [2023-03-06T18:51:48.526+0000] {dag.py:3441} INFO - Setting next_dagrun for tutorial_dag to None, run_after=None
[2023-03-06T18:51:48.588+0000] {processor.py:175} INFO - Processing /home/airflow/.local/lib/python3.7/site-packages/airflow/example_dags/tutorial_dag.py took 0.332 seconds
[2023-03-06T18:52:19.148+0000] {processor.py:153} INFO - Started process (PID=332) to work on /home/airflow/.local/lib/python3.7/site-packages/airflow/example_dags/tutorial_dag.py
[2023-03-06T18:52:19.151+0000] {processor.py:743} INFO - Processing file /home/airflow/.local/lib/python3.7/site-packages/airflow/example_dags/tutorial_dag.py for tasks to queue
[2023-03-06T18:52:19.155+0000] {logging_mixin.py:137} INFO - [2023-03-06T18:52:19.154+0000] {dagbag.py:538} INFO - Filling up the DagBag from /home/airflow/.local/lib/python3.7/site-packages/airflow/example_dags/tutorial_dag.py
[2023-03-06T18:52:19.188+0000] {processor.py:753} INFO - DAG(s) dict_keys(['tutorial_dag']) retrieved from /home/airflow/.local/lib/python3.7/site-packages/airflow/example_dags/tutorial_dag.py
[2023-03-06T18:52:19.257+0000] {logging_mixin.py:137} INFO - [2023-03-06T18:52:19.257+0000] {dag.py:2690} INFO - Sync 1 DAGs
[2023-03-06T18:52:19.303+0000] {logging_mixin.py:137} INFO - [2023-03-06T18:52:19.302+0000] {dag.py:3441} INFO - Setting next_dagrun for tutorial_dag to None, run_after=None
[2023-03-06T18:52:19.343+0000] {processor.py:175} INFO - Processing /home/airflow/.local/lib/python3.7/site-packages/airflow/example_dags/tutorial_dag.py took 0.202 seconds
[2023-03-06T18:52:49.811+0000] {processor.py:153} INFO - Started process (PID=402) to work on /home/airflow/.local/lib/python3.7/site-packages/airflow/example_dags/tutorial_dag.py
[2023-03-06T18:52:49.815+0000] {processor.py:743} INFO - Processing file /home/airflow/.local/lib/python3.7/site-packages/airflow/example_dags/tutorial_dag.py for tasks to queue
[2023-03-06T18:52:49.819+0000] {logging_mixin.py:137} INFO - [2023-03-06T18:52:49.818+0000] {dagbag.py:538} INFO - Filling up the DagBag from /home/airflow/.local/lib/python3.7/site-packages/airflow/example_dags/tutorial_dag.py
[2023-03-06T18:52:49.859+0000] {processor.py:753} INFO - DAG(s) dict_keys(['tutorial_dag']) retrieved from /home/airflow/.local/lib/python3.7/site-packages/airflow/example_dags/tutorial_dag.py
[2023-03-06T18:52:49.932+0000] {logging_mixin.py:137} INFO - [2023-03-06T18:52:49.932+0000] {dag.py:2690} INFO - Sync 1 DAGs
[2023-03-06T18:52:49.992+0000] {logging_mixin.py:137} INFO - [2023-03-06T18:52:49.992+0000] {dag.py:3441} INFO - Setting next_dagrun for tutorial_dag to None, run_after=None
[2023-03-06T18:52:50.038+0000] {processor.py:175} INFO - Processing /home/airflow/.local/lib/python3.7/site-packages/airflow/example_dags/tutorial_dag.py took 0.239 seconds
[2023-03-06T18:53:20.264+0000] {processor.py:153} INFO - Started process (PID=468) to work on /home/airflow/.local/lib/python3.7/site-packages/airflow/example_dags/tutorial_dag.py
[2023-03-06T18:53:20.284+0000] {processor.py:743} INFO - Processing file /home/airflow/.local/lib/python3.7/site-packages/airflow/example_dags/tutorial_dag.py for tasks to queue
[2023-03-06T18:53:20.295+0000] {logging_mixin.py:137} INFO - [2023-03-06T18:53:20.295+0000] {dagbag.py:538} INFO - Filling up the DagBag from /home/airflow/.local/lib/python3.7/site-packages/airflow/example_dags/tutorial_dag.py
[2023-03-06T18:53:20.386+0000] {processor.py:753} INFO - DAG(s) dict_keys(['tutorial_dag']) retrieved from /home/airflow/.local/lib/python3.7/site-packages/airflow/example_dags/tutorial_dag.py
[2023-03-06T18:53:20.461+0000] {logging_mixin.py:137} INFO - [2023-03-06T18:53:20.461+0000] {dag.py:2690} INFO - Sync 1 DAGs
[2023-03-06T18:53:20.526+0000] {logging_mixin.py:137} INFO - [2023-03-06T18:53:20.526+0000] {dag.py:3441} INFO - Setting next_dagrun for tutorial_dag to None, run_after=None
[2023-03-06T18:53:20.571+0000] {processor.py:175} INFO - Processing /home/airflow/.local/lib/python3.7/site-packages/airflow/example_dags/tutorial_dag.py took 0.329 seconds
[2023-03-06T18:53:51.137+0000] {processor.py:153} INFO - Started process (PID=534) to work on /home/airflow/.local/lib/python3.7/site-packages/airflow/example_dags/tutorial_dag.py
[2023-03-06T18:53:51.165+0000] {processor.py:743} INFO - Processing file /home/airflow/.local/lib/python3.7/site-packages/airflow/example_dags/tutorial_dag.py for tasks to queue
[2023-03-06T18:53:51.180+0000] {logging_mixin.py:137} INFO - [2023-03-06T18:53:51.179+0000] {dagbag.py:538} INFO - Filling up the DagBag from /home/airflow/.local/lib/python3.7/site-packages/airflow/example_dags/tutorial_dag.py
[2023-03-06T18:53:51.216+0000] {processor.py:753} INFO - DAG(s) dict_keys(['tutorial_dag']) retrieved from /home/airflow/.local/lib/python3.7/site-packages/airflow/example_dags/tutorial_dag.py
[2023-03-06T18:53:51.300+0000] {logging_mixin.py:137} INFO - [2023-03-06T18:53:51.300+0000] {dag.py:2690} INFO - Sync 1 DAGs
[2023-03-06T18:53:51.408+0000] {logging_mixin.py:137} INFO - [2023-03-06T18:53:51.406+0000] {dag.py:3441} INFO - Setting next_dagrun for tutorial_dag to None, run_after=None
[2023-03-06T18:53:51.497+0000] {processor.py:175} INFO - Processing /home/airflow/.local/lib/python3.7/site-packages/airflow/example_dags/tutorial_dag.py took 0.383 seconds
[2023-03-06T18:54:21.658+0000] {processor.py:153} INFO - Started process (PID=600) to work on /home/airflow/.local/lib/python3.7/site-packages/airflow/example_dags/tutorial_dag.py
[2023-03-06T18:54:21.661+0000] {processor.py:743} INFO - Processing file /home/airflow/.local/lib/python3.7/site-packages/airflow/example_dags/tutorial_dag.py for tasks to queue
[2023-03-06T18:54:21.664+0000] {logging_mixin.py:137} INFO - [2023-03-06T18:54:21.663+0000] {dagbag.py:538} INFO - Filling up the DagBag from /home/airflow/.local/lib/python3.7/site-packages/airflow/example_dags/tutorial_dag.py
[2023-03-06T18:54:21.685+0000] {processor.py:753} INFO - DAG(s) dict_keys(['tutorial_dag']) retrieved from /home/airflow/.local/lib/python3.7/site-packages/airflow/example_dags/tutorial_dag.py
[2023-03-06T18:54:21.732+0000] {logging_mixin.py:137} INFO - [2023-03-06T18:54:21.731+0000] {dag.py:2690} INFO - Sync 1 DAGs
[2023-03-06T18:54:21.783+0000] {logging_mixin.py:137} INFO - [2023-03-06T18:54:21.783+0000] {dag.py:3441} INFO - Setting next_dagrun for tutorial_dag to None, run_after=None
[2023-03-06T18:54:21.833+0000] {processor.py:175} INFO - Processing /home/airflow/.local/lib/python3.7/site-packages/airflow/example_dags/tutorial_dag.py took 0.182 seconds
[2023-03-06T18:54:52.263+0000] {processor.py:153} INFO - Started process (PID=667) to work on /home/airflow/.local/lib/python3.7/site-packages/airflow/example_dags/tutorial_dag.py
[2023-03-06T18:54:52.267+0000] {processor.py:743} INFO - Processing file /home/airflow/.local/lib/python3.7/site-packages/airflow/example_dags/tutorial_dag.py for tasks to queue
[2023-03-06T18:54:52.271+0000] {logging_mixin.py:137} INFO - [2023-03-06T18:54:52.271+0000] {dagbag.py:538} INFO - Filling up the DagBag from /home/airflow/.local/lib/python3.7/site-packages/airflow/example_dags/tutorial_dag.py
[2023-03-06T18:54:52.311+0000] {processor.py:753} INFO - DAG(s) dict_keys(['tutorial_dag']) retrieved from /home/airflow/.local/lib/python3.7/site-packages/airflow/example_dags/tutorial_dag.py
[2023-03-06T18:54:52.373+0000] {logging_mixin.py:137} INFO - [2023-03-06T18:54:52.373+0000] {dag.py:2690} INFO - Sync 1 DAGs
[2023-03-06T18:54:52.420+0000] {logging_mixin.py:137} INFO - [2023-03-06T18:54:52.420+0000] {dag.py:3441} INFO - Setting next_dagrun for tutorial_dag to None, run_after=None
[2023-03-06T18:54:52.449+0000] {processor.py:175} INFO - Processing /home/airflow/.local/lib/python3.7/site-packages/airflow/example_dags/tutorial_dag.py took 0.194 seconds
[2023-03-06T18:55:22.729+0000] {processor.py:153} INFO - Started process (PID=737) to work on /home/airflow/.local/lib/python3.7/site-packages/airflow/example_dags/tutorial_dag.py
[2023-03-06T18:55:22.735+0000] {processor.py:743} INFO - Processing file /home/airflow/.local/lib/python3.7/site-packages/airflow/example_dags/tutorial_dag.py for tasks to queue
[2023-03-06T18:55:22.741+0000] {logging_mixin.py:137} INFO - [2023-03-06T18:55:22.740+0000] {dagbag.py:538} INFO - Filling up the DagBag from /home/airflow/.local/lib/python3.7/site-packages/airflow/example_dags/tutorial_dag.py
[2023-03-06T18:55:22.776+0000] {processor.py:753} INFO - DAG(s) dict_keys(['tutorial_dag']) retrieved from /home/airflow/.local/lib/python3.7/site-packages/airflow/example_dags/tutorial_dag.py
[2023-03-06T18:55:22.836+0000] {logging_mixin.py:137} INFO - [2023-03-06T18:55:22.835+0000] {dag.py:2690} INFO - Sync 1 DAGs
[2023-03-06T18:55:22.888+0000] {logging_mixin.py:137} INFO - [2023-03-06T18:55:22.888+0000] {dag.py:3441} INFO - Setting next_dagrun for tutorial_dag to None, run_after=None
[2023-03-06T18:55:22.926+0000] {processor.py:175} INFO - Processing /home/airflow/.local/lib/python3.7/site-packages/airflow/example_dags/tutorial_dag.py took 0.207 seconds
[2023-03-06T18:55:53.112+0000] {processor.py:153} INFO - Started process (PID=803) to work on /home/airflow/.local/lib/python3.7/site-packages/airflow/example_dags/tutorial_dag.py
[2023-03-06T18:55:53.114+0000] {processor.py:743} INFO - Processing file /home/airflow/.local/lib/python3.7/site-packages/airflow/example_dags/tutorial_dag.py for tasks to queue
[2023-03-06T18:55:53.117+0000] {logging_mixin.py:137} INFO - [2023-03-06T18:55:53.116+0000] {dagbag.py:538} INFO - Filling up the DagBag from /home/airflow/.local/lib/python3.7/site-packages/airflow/example_dags/tutorial_dag.py
[2023-03-06T18:55:53.142+0000] {processor.py:753} INFO - DAG(s) dict_keys(['tutorial_dag']) retrieved from /home/airflow/.local/lib/python3.7/site-packages/airflow/example_dags/tutorial_dag.py
[2023-03-06T18:55:53.216+0000] {logging_mixin.py:137} INFO - [2023-03-06T18:55:53.216+0000] {dag.py:2690} INFO - Sync 1 DAGs
[2023-03-06T18:55:53.278+0000] {logging_mixin.py:137} INFO - [2023-03-06T18:55:53.278+0000] {dag.py:3441} INFO - Setting next_dagrun for tutorial_dag to None, run_after=None
[2023-03-06T18:55:53.312+0000] {processor.py:175} INFO - Processing /home/airflow/.local/lib/python3.7/site-packages/airflow/example_dags/tutorial_dag.py took 0.206 seconds
[2023-03-06T18:56:23.465+0000] {processor.py:153} INFO - Started process (PID=879) to work on /home/airflow/.local/lib/python3.7/site-packages/airflow/example_dags/tutorial_dag.py
[2023-03-06T18:56:23.469+0000] {processor.py:743} INFO - Processing file /home/airflow/.local/lib/python3.7/site-packages/airflow/example_dags/tutorial_dag.py for tasks to queue
[2023-03-06T18:56:23.472+0000] {logging_mixin.py:137} INFO - [2023-03-06T18:56:23.471+0000] {dagbag.py:538} INFO - Filling up the DagBag from /home/airflow/.local/lib/python3.7/site-packages/airflow/example_dags/tutorial_dag.py
[2023-03-06T18:56:23.497+0000] {processor.py:753} INFO - DAG(s) dict_keys(['tutorial_dag']) retrieved from /home/airflow/.local/lib/python3.7/site-packages/airflow/example_dags/tutorial_dag.py
[2023-03-06T18:56:23.547+0000] {logging_mixin.py:137} INFO - [2023-03-06T18:56:23.547+0000] {dag.py:2690} INFO - Sync 1 DAGs
[2023-03-06T18:56:23.594+0000] {logging_mixin.py:137} INFO - [2023-03-06T18:56:23.594+0000] {dag.py:3441} INFO - Setting next_dagrun for tutorial_dag to None, run_after=None
[2023-03-06T18:56:23.626+0000] {processor.py:175} INFO - Processing /home/airflow/.local/lib/python3.7/site-packages/airflow/example_dags/tutorial_dag.py took 0.168 seconds
[2023-03-06T18:56:53.849+0000] {processor.py:153} INFO - Started process (PID=949) to work on /home/airflow/.local/lib/python3.7/site-packages/airflow/example_dags/tutorial_dag.py
[2023-03-06T18:56:53.852+0000] {processor.py:743} INFO - Processing file /home/airflow/.local/lib/python3.7/site-packages/airflow/example_dags/tutorial_dag.py for tasks to queue
[2023-03-06T18:56:53.855+0000] {logging_mixin.py:137} INFO - [2023-03-06T18:56:53.854+0000] {dagbag.py:538} INFO - Filling up the DagBag from /home/airflow/.local/lib/python3.7/site-packages/airflow/example_dags/tutorial_dag.py
[2023-03-06T18:56:53.876+0000] {processor.py:753} INFO - DAG(s) dict_keys(['tutorial_dag']) retrieved from /home/airflow/.local/lib/python3.7/site-packages/airflow/example_dags/tutorial_dag.py
[2023-03-06T18:56:53.921+0000] {logging_mixin.py:137} INFO - [2023-03-06T18:56:53.921+0000] {dag.py:2690} INFO - Sync 1 DAGs
[2023-03-06T18:56:53.961+0000] {logging_mixin.py:137} INFO - [2023-03-06T18:56:53.961+0000] {dag.py:3441} INFO - Setting next_dagrun for tutorial_dag to None, run_after=None
[2023-03-06T18:56:53.994+0000] {processor.py:175} INFO - Processing /home/airflow/.local/lib/python3.7/site-packages/airflow/example_dags/tutorial_dag.py took 0.151 seconds
[2023-03-06T18:57:24.951+0000] {processor.py:153} INFO - Started process (PID=1016) to work on /home/airflow/.local/lib/python3.7/site-packages/airflow/example_dags/tutorial_dag.py
[2023-03-06T18:57:24.955+0000] {processor.py:743} INFO - Processing file /home/airflow/.local/lib/python3.7/site-packages/airflow/example_dags/tutorial_dag.py for tasks to queue
[2023-03-06T18:57:24.959+0000] {logging_mixin.py:137} INFO - [2023-03-06T18:57:24.958+0000] {dagbag.py:538} INFO - Filling up the DagBag from /home/airflow/.local/lib/python3.7/site-packages/airflow/example_dags/tutorial_dag.py
[2023-03-06T18:57:24.988+0000] {processor.py:753} INFO - DAG(s) dict_keys(['tutorial_dag']) retrieved from /home/airflow/.local/lib/python3.7/site-packages/airflow/example_dags/tutorial_dag.py
[2023-03-06T18:57:25.038+0000] {logging_mixin.py:137} INFO - [2023-03-06T18:57:25.038+0000] {dag.py:2690} INFO - Sync 1 DAGs
[2023-03-06T18:57:25.081+0000] {logging_mixin.py:137} INFO - [2023-03-06T18:57:25.081+0000] {dag.py:3441} INFO - Setting next_dagrun for tutorial_dag to None, run_after=None
[2023-03-06T18:57:25.116+0000] {processor.py:175} INFO - Processing /home/airflow/.local/lib/python3.7/site-packages/airflow/example_dags/tutorial_dag.py took 0.173 seconds
[2023-03-06T18:57:55.742+0000] {processor.py:153} INFO - Started process (PID=1083) to work on /home/airflow/.local/lib/python3.7/site-packages/airflow/example_dags/tutorial_dag.py
[2023-03-06T18:57:55.754+0000] {processor.py:743} INFO - Processing file /home/airflow/.local/lib/python3.7/site-packages/airflow/example_dags/tutorial_dag.py for tasks to queue
[2023-03-06T18:57:55.759+0000] {logging_mixin.py:137} INFO - [2023-03-06T18:57:55.759+0000] {dagbag.py:538} INFO - Filling up the DagBag from /home/airflow/.local/lib/python3.7/site-packages/airflow/example_dags/tutorial_dag.py
[2023-03-06T18:57:55.788+0000] {processor.py:753} INFO - DAG(s) dict_keys(['tutorial_dag']) retrieved from /home/airflow/.local/lib/python3.7/site-packages/airflow/example_dags/tutorial_dag.py
[2023-03-06T18:57:55.896+0000] {logging_mixin.py:137} INFO - [2023-03-06T18:57:55.895+0000] {dag.py:2690} INFO - Sync 1 DAGs
[2023-03-06T18:57:55.941+0000] {logging_mixin.py:137} INFO - [2023-03-06T18:57:55.940+0000] {dag.py:3441} INFO - Setting next_dagrun for tutorial_dag to None, run_after=None
[2023-03-06T18:57:55.976+0000] {processor.py:175} INFO - Processing /home/airflow/.local/lib/python3.7/site-packages/airflow/example_dags/tutorial_dag.py took 0.240 seconds
[2023-03-06T18:58:26.787+0000] {processor.py:153} INFO - Started process (PID=1150) to work on /home/airflow/.local/lib/python3.7/site-packages/airflow/example_dags/tutorial_dag.py
[2023-03-06T18:58:26.790+0000] {processor.py:743} INFO - Processing file /home/airflow/.local/lib/python3.7/site-packages/airflow/example_dags/tutorial_dag.py for tasks to queue
[2023-03-06T18:58:26.793+0000] {logging_mixin.py:137} INFO - [2023-03-06T18:58:26.793+0000] {dagbag.py:538} INFO - Filling up the DagBag from /home/airflow/.local/lib/python3.7/site-packages/airflow/example_dags/tutorial_dag.py
[2023-03-06T18:58:26.816+0000] {processor.py:753} INFO - DAG(s) dict_keys(['tutorial_dag']) retrieved from /home/airflow/.local/lib/python3.7/site-packages/airflow/example_dags/tutorial_dag.py
[2023-03-06T18:58:26.861+0000] {logging_mixin.py:137} INFO - [2023-03-06T18:58:26.861+0000] {dag.py:2690} INFO - Sync 1 DAGs
[2023-03-06T18:58:26.904+0000] {logging_mixin.py:137} INFO - [2023-03-06T18:58:26.903+0000] {dag.py:3441} INFO - Setting next_dagrun for tutorial_dag to None, run_after=None
[2023-03-06T18:58:26.931+0000] {processor.py:175} INFO - Processing /home/airflow/.local/lib/python3.7/site-packages/airflow/example_dags/tutorial_dag.py took 0.150 seconds
[2023-03-06T18:58:57.357+0000] {processor.py:153} INFO - Started process (PID=1226) to work on /home/airflow/.local/lib/python3.7/site-packages/airflow/example_dags/tutorial_dag.py
[2023-03-06T18:58:57.361+0000] {processor.py:743} INFO - Processing file /home/airflow/.local/lib/python3.7/site-packages/airflow/example_dags/tutorial_dag.py for tasks to queue
[2023-03-06T18:58:57.366+0000] {logging_mixin.py:137} INFO - [2023-03-06T18:58:57.365+0000] {dagbag.py:538} INFO - Filling up the DagBag from /home/airflow/.local/lib/python3.7/site-packages/airflow/example_dags/tutorial_dag.py
[2023-03-06T18:58:57.404+0000] {processor.py:753} INFO - DAG(s) dict_keys(['tutorial_dag']) retrieved from /home/airflow/.local/lib/python3.7/site-packages/airflow/example_dags/tutorial_dag.py
[2023-03-06T18:58:57.466+0000] {logging_mixin.py:137} INFO - [2023-03-06T18:58:57.466+0000] {dag.py:2690} INFO - Sync 1 DAGs
[2023-03-06T18:58:57.515+0000] {logging_mixin.py:137} INFO - [2023-03-06T18:58:57.515+0000] {dag.py:3441} INFO - Setting next_dagrun for tutorial_dag to None, run_after=None
[2023-03-06T18:58:57.576+0000] {processor.py:175} INFO - Processing /home/airflow/.local/lib/python3.7/site-packages/airflow/example_dags/tutorial_dag.py took 0.226 seconds
[2023-03-06T18:59:28.089+0000] {processor.py:153} INFO - Started process (PID=1300) to work on /home/airflow/.local/lib/python3.7/site-packages/airflow/example_dags/tutorial_dag.py
[2023-03-06T18:59:28.093+0000] {processor.py:743} INFO - Processing file /home/airflow/.local/lib/python3.7/site-packages/airflow/example_dags/tutorial_dag.py for tasks to queue
[2023-03-06T18:59:28.095+0000] {logging_mixin.py:137} INFO - [2023-03-06T18:59:28.095+0000] {dagbag.py:538} INFO - Filling up the DagBag from /home/airflow/.local/lib/python3.7/site-packages/airflow/example_dags/tutorial_dag.py
[2023-03-06T18:59:28.119+0000] {processor.py:753} INFO - DAG(s) dict_keys(['tutorial_dag']) retrieved from /home/airflow/.local/lib/python3.7/site-packages/airflow/example_dags/tutorial_dag.py
[2023-03-06T18:59:28.164+0000] {logging_mixin.py:137} INFO - [2023-03-06T18:59:28.164+0000] {dag.py:2690} INFO - Sync 1 DAGs
[2023-03-06T18:59:28.209+0000] {logging_mixin.py:137} INFO - [2023-03-06T18:59:28.208+0000] {dag.py:3441} INFO - Setting next_dagrun for tutorial_dag to None, run_after=None
[2023-03-06T18:59:28.243+0000] {processor.py:175} INFO - Processing /home/airflow/.local/lib/python3.7/site-packages/airflow/example_dags/tutorial_dag.py took 0.160 seconds
[2023-03-06T19:00:00.477+0000] {processor.py:153} INFO - Started process (PID=1366) to work on /home/airflow/.local/lib/python3.7/site-packages/airflow/example_dags/tutorial_dag.py
[2023-03-06T19:00:00.491+0000] {processor.py:743} INFO - Processing file /home/airflow/.local/lib/python3.7/site-packages/airflow/example_dags/tutorial_dag.py for tasks to queue
[2023-03-06T19:00:00.496+0000] {logging_mixin.py:137} INFO - [2023-03-06T19:00:00.495+0000] {dagbag.py:538} INFO - Filling up the DagBag from /home/airflow/.local/lib/python3.7/site-packages/airflow/example_dags/tutorial_dag.py
[2023-03-06T19:00:00.550+0000] {processor.py:753} INFO - DAG(s) dict_keys(['tutorial_dag']) retrieved from /home/airflow/.local/lib/python3.7/site-packages/airflow/example_dags/tutorial_dag.py
[2023-03-06T19:00:00.650+0000] {logging_mixin.py:137} INFO - [2023-03-06T19:00:00.650+0000] {dag.py:2690} INFO - Sync 1 DAGs
[2023-03-06T19:00:00.735+0000] {logging_mixin.py:137} INFO - [2023-03-06T19:00:00.734+0000] {dag.py:3441} INFO - Setting next_dagrun for tutorial_dag to None, run_after=None
[2023-03-06T19:00:00.866+0000] {processor.py:175} INFO - Processing /home/airflow/.local/lib/python3.7/site-packages/airflow/example_dags/tutorial_dag.py took 0.401 seconds
[2023-03-06T19:00:31.780+0000] {processor.py:153} INFO - Started process (PID=1433) to work on /home/airflow/.local/lib/python3.7/site-packages/airflow/example_dags/tutorial_dag.py
[2023-03-06T19:00:31.784+0000] {processor.py:743} INFO - Processing file /home/airflow/.local/lib/python3.7/site-packages/airflow/example_dags/tutorial_dag.py for tasks to queue
[2023-03-06T19:00:31.786+0000] {logging_mixin.py:137} INFO - [2023-03-06T19:00:31.786+0000] {dagbag.py:538} INFO - Filling up the DagBag from /home/airflow/.local/lib/python3.7/site-packages/airflow/example_dags/tutorial_dag.py
[2023-03-06T19:00:31.806+0000] {processor.py:753} INFO - DAG(s) dict_keys(['tutorial_dag']) retrieved from /home/airflow/.local/lib/python3.7/site-packages/airflow/example_dags/tutorial_dag.py
[2023-03-06T19:00:31.848+0000] {logging_mixin.py:137} INFO - [2023-03-06T19:00:31.848+0000] {dag.py:2690} INFO - Sync 1 DAGs
[2023-03-06T19:00:31.886+0000] {logging_mixin.py:137} INFO - [2023-03-06T19:00:31.885+0000] {dag.py:3441} INFO - Setting next_dagrun for tutorial_dag to None, run_after=None
[2023-03-06T19:00:31.918+0000] {processor.py:175} INFO - Processing /home/airflow/.local/lib/python3.7/site-packages/airflow/example_dags/tutorial_dag.py took 0.149 seconds
[2023-03-06T19:01:02.351+0000] {processor.py:153} INFO - Started process (PID=1499) to work on /home/airflow/.local/lib/python3.7/site-packages/airflow/example_dags/tutorial_dag.py
[2023-03-06T19:01:02.354+0000] {processor.py:743} INFO - Processing file /home/airflow/.local/lib/python3.7/site-packages/airflow/example_dags/tutorial_dag.py for tasks to queue
[2023-03-06T19:01:02.356+0000] {logging_mixin.py:137} INFO - [2023-03-06T19:01:02.356+0000] {dagbag.py:538} INFO - Filling up the DagBag from /home/airflow/.local/lib/python3.7/site-packages/airflow/example_dags/tutorial_dag.py
[2023-03-06T19:01:02.383+0000] {processor.py:753} INFO - DAG(s) dict_keys(['tutorial_dag']) retrieved from /home/airflow/.local/lib/python3.7/site-packages/airflow/example_dags/tutorial_dag.py
[2023-03-06T19:01:02.432+0000] {logging_mixin.py:137} INFO - [2023-03-06T19:01:02.431+0000] {dag.py:2690} INFO - Sync 1 DAGs
[2023-03-06T19:01:02.478+0000] {logging_mixin.py:137} INFO - [2023-03-06T19:01:02.478+0000] {dag.py:3441} INFO - Setting next_dagrun for tutorial_dag to None, run_after=None
[2023-03-06T19:01:02.515+0000] {processor.py:175} INFO - Processing /home/airflow/.local/lib/python3.7/site-packages/airflow/example_dags/tutorial_dag.py took 0.172 seconds
[2023-03-06T19:01:32.782+0000] {processor.py:153} INFO - Started process (PID=1566) to work on /home/airflow/.local/lib/python3.7/site-packages/airflow/example_dags/tutorial_dag.py
[2023-03-06T19:01:32.789+0000] {processor.py:743} INFO - Processing file /home/airflow/.local/lib/python3.7/site-packages/airflow/example_dags/tutorial_dag.py for tasks to queue
[2023-03-06T19:01:32.807+0000] {logging_mixin.py:137} INFO - [2023-03-06T19:01:32.807+0000] {dagbag.py:538} INFO - Filling up the DagBag from /home/airflow/.local/lib/python3.7/site-packages/airflow/example_dags/tutorial_dag.py
[2023-03-06T19:01:32.855+0000] {processor.py:753} INFO - DAG(s) dict_keys(['tutorial_dag']) retrieved from /home/airflow/.local/lib/python3.7/site-packages/airflow/example_dags/tutorial_dag.py
[2023-03-06T19:01:32.920+0000] {logging_mixin.py:137} INFO - [2023-03-06T19:01:32.920+0000] {dag.py:2690} INFO - Sync 1 DAGs
[2023-03-06T19:01:32.963+0000] {logging_mixin.py:137} INFO - [2023-03-06T19:01:32.963+0000] {dag.py:3441} INFO - Setting next_dagrun for tutorial_dag to None, run_after=None
[2023-03-06T19:01:33.003+0000] {processor.py:175} INFO - Processing /home/airflow/.local/lib/python3.7/site-packages/airflow/example_dags/tutorial_dag.py took 0.234 seconds
[2023-03-06T19:02:03.578+0000] {processor.py:153} INFO - Started process (PID=1645) to work on /home/airflow/.local/lib/python3.7/site-packages/airflow/example_dags/tutorial_dag.py
[2023-03-06T19:02:03.583+0000] {processor.py:743} INFO - Processing file /home/airflow/.local/lib/python3.7/site-packages/airflow/example_dags/tutorial_dag.py for tasks to queue
[2023-03-06T19:02:03.586+0000] {logging_mixin.py:137} INFO - [2023-03-06T19:02:03.585+0000] {dagbag.py:538} INFO - Filling up the DagBag from /home/airflow/.local/lib/python3.7/site-packages/airflow/example_dags/tutorial_dag.py
[2023-03-06T19:02:03.613+0000] {processor.py:753} INFO - DAG(s) dict_keys(['tutorial_dag']) retrieved from /home/airflow/.local/lib/python3.7/site-packages/airflow/example_dags/tutorial_dag.py
[2023-03-06T19:02:03.663+0000] {logging_mixin.py:137} INFO - [2023-03-06T19:02:03.663+0000] {dag.py:2690} INFO - Sync 1 DAGs
[2023-03-06T19:02:03.707+0000] {logging_mixin.py:137} INFO - [2023-03-06T19:02:03.707+0000] {dag.py:3441} INFO - Setting next_dagrun for tutorial_dag to None, run_after=None
[2023-03-06T19:02:03.741+0000] {processor.py:175} INFO - Processing /home/airflow/.local/lib/python3.7/site-packages/airflow/example_dags/tutorial_dag.py took 0.172 seconds
[2023-03-06T19:02:33.869+0000] {processor.py:153} INFO - Started process (PID=1712) to work on /home/airflow/.local/lib/python3.7/site-packages/airflow/example_dags/tutorial_dag.py
[2023-03-06T19:02:33.872+0000] {processor.py:743} INFO - Processing file /home/airflow/.local/lib/python3.7/site-packages/airflow/example_dags/tutorial_dag.py for tasks to queue
[2023-03-06T19:02:33.874+0000] {logging_mixin.py:137} INFO - [2023-03-06T19:02:33.874+0000] {dagbag.py:538} INFO - Filling up the DagBag from /home/airflow/.local/lib/python3.7/site-packages/airflow/example_dags/tutorial_dag.py
[2023-03-06T19:02:33.896+0000] {processor.py:753} INFO - DAG(s) dict_keys(['tutorial_dag']) retrieved from /home/airflow/.local/lib/python3.7/site-packages/airflow/example_dags/tutorial_dag.py
[2023-03-06T19:02:33.957+0000] {logging_mixin.py:137} INFO - [2023-03-06T19:02:33.956+0000] {dag.py:2690} INFO - Sync 1 DAGs
[2023-03-06T19:02:34.019+0000] {logging_mixin.py:137} INFO - [2023-03-06T19:02:34.019+0000] {dag.py:3441} INFO - Setting next_dagrun for tutorial_dag to None, run_after=None
[2023-03-06T19:02:34.076+0000] {processor.py:175} INFO - Processing /home/airflow/.local/lib/python3.7/site-packages/airflow/example_dags/tutorial_dag.py took 0.217 seconds
[2023-03-06T19:03:04.601+0000] {processor.py:153} INFO - Started process (PID=1778) to work on /home/airflow/.local/lib/python3.7/site-packages/airflow/example_dags/tutorial_dag.py
[2023-03-06T19:03:04.608+0000] {processor.py:743} INFO - Processing file /home/airflow/.local/lib/python3.7/site-packages/airflow/example_dags/tutorial_dag.py for tasks to queue
[2023-03-06T19:03:04.610+0000] {logging_mixin.py:137} INFO - [2023-03-06T19:03:04.610+0000] {dagbag.py:538} INFO - Filling up the DagBag from /home/airflow/.local/lib/python3.7/site-packages/airflow/example_dags/tutorial_dag.py
[2023-03-06T19:03:04.643+0000] {processor.py:753} INFO - DAG(s) dict_keys(['tutorial_dag']) retrieved from /home/airflow/.local/lib/python3.7/site-packages/airflow/example_dags/tutorial_dag.py
[2023-03-06T19:03:04.716+0000] {logging_mixin.py:137} INFO - [2023-03-06T19:03:04.715+0000] {dag.py:2690} INFO - Sync 1 DAGs
[2023-03-06T19:03:04.776+0000] {logging_mixin.py:137} INFO - [2023-03-06T19:03:04.776+0000] {dag.py:3441} INFO - Setting next_dagrun for tutorial_dag to None, run_after=None
[2023-03-06T19:03:04.828+0000] {processor.py:175} INFO - Processing /home/airflow/.local/lib/python3.7/site-packages/airflow/example_dags/tutorial_dag.py took 0.237 seconds
[2023-03-06T19:03:35.043+0000] {processor.py:153} INFO - Started process (PID=1845) to work on /home/airflow/.local/lib/python3.7/site-packages/airflow/example_dags/tutorial_dag.py
[2023-03-06T19:03:35.049+0000] {processor.py:743} INFO - Processing file /home/airflow/.local/lib/python3.7/site-packages/airflow/example_dags/tutorial_dag.py for tasks to queue
[2023-03-06T19:03:35.053+0000] {logging_mixin.py:137} INFO - [2023-03-06T19:03:35.053+0000] {dagbag.py:538} INFO - Filling up the DagBag from /home/airflow/.local/lib/python3.7/site-packages/airflow/example_dags/tutorial_dag.py
[2023-03-06T19:03:35.081+0000] {processor.py:753} INFO - DAG(s) dict_keys(['tutorial_dag']) retrieved from /home/airflow/.local/lib/python3.7/site-packages/airflow/example_dags/tutorial_dag.py
[2023-03-06T19:03:35.137+0000] {logging_mixin.py:137} INFO - [2023-03-06T19:03:35.137+0000] {dag.py:2690} INFO - Sync 1 DAGs
[2023-03-06T19:03:35.185+0000] {logging_mixin.py:137} INFO - [2023-03-06T19:03:35.184+0000] {dag.py:3441} INFO - Setting next_dagrun for tutorial_dag to None, run_after=None
[2023-03-06T19:03:35.221+0000] {processor.py:175} INFO - Processing /home/airflow/.local/lib/python3.7/site-packages/airflow/example_dags/tutorial_dag.py took 0.190 seconds
[2023-03-06T19:04:05.615+0000] {processor.py:153} INFO - Started process (PID=1919) to work on /home/airflow/.local/lib/python3.7/site-packages/airflow/example_dags/tutorial_dag.py
[2023-03-06T19:04:05.618+0000] {processor.py:743} INFO - Processing file /home/airflow/.local/lib/python3.7/site-packages/airflow/example_dags/tutorial_dag.py for tasks to queue
[2023-03-06T19:04:05.619+0000] {logging_mixin.py:137} INFO - [2023-03-06T19:04:05.619+0000] {dagbag.py:538} INFO - Filling up the DagBag from /home/airflow/.local/lib/python3.7/site-packages/airflow/example_dags/tutorial_dag.py
[2023-03-06T19:04:05.644+0000] {processor.py:753} INFO - DAG(s) dict_keys(['tutorial_dag']) retrieved from /home/airflow/.local/lib/python3.7/site-packages/airflow/example_dags/tutorial_dag.py
[2023-03-06T19:04:05.704+0000] {logging_mixin.py:137} INFO - [2023-03-06T19:04:05.703+0000] {dag.py:2690} INFO - Sync 1 DAGs
[2023-03-06T19:04:05.760+0000] {logging_mixin.py:137} INFO - [2023-03-06T19:04:05.760+0000] {dag.py:3441} INFO - Setting next_dagrun for tutorial_dag to None, run_after=None
[2023-03-06T19:04:05.809+0000] {processor.py:175} INFO - Processing /home/airflow/.local/lib/python3.7/site-packages/airflow/example_dags/tutorial_dag.py took 0.203 seconds
[2023-03-06T19:04:38.856+0000] {processor.py:153} INFO - Started process (PID=1992) to work on /home/airflow/.local/lib/python3.7/site-packages/airflow/example_dags/tutorial_dag.py
[2023-03-06T19:04:38.863+0000] {processor.py:743} INFO - Processing file /home/airflow/.local/lib/python3.7/site-packages/airflow/example_dags/tutorial_dag.py for tasks to queue
[2023-03-06T19:04:38.870+0000] {logging_mixin.py:137} INFO - [2023-03-06T19:04:38.869+0000] {dagbag.py:538} INFO - Filling up the DagBag from /home/airflow/.local/lib/python3.7/site-packages/airflow/example_dags/tutorial_dag.py
[2023-03-06T19:04:38.939+0000] {processor.py:753} INFO - DAG(s) dict_keys(['tutorial_dag']) retrieved from /home/airflow/.local/lib/python3.7/site-packages/airflow/example_dags/tutorial_dag.py
[2023-03-06T19:04:39.205+0000] {logging_mixin.py:137} INFO - [2023-03-06T19:04:39.204+0000] {dag.py:2690} INFO - Sync 1 DAGs
[2023-03-06T19:04:39.380+0000] {logging_mixin.py:137} INFO - [2023-03-06T19:04:39.379+0000] {dag.py:3441} INFO - Setting next_dagrun for tutorial_dag to None, run_after=None
[2023-03-06T19:04:39.460+0000] {processor.py:175} INFO - Processing /home/airflow/.local/lib/python3.7/site-packages/airflow/example_dags/tutorial_dag.py took 0.623 seconds
[2023-03-06T19:05:10.127+0000] {processor.py:153} INFO - Started process (PID=2058) to work on /home/airflow/.local/lib/python3.7/site-packages/airflow/example_dags/tutorial_dag.py
[2023-03-06T19:05:10.132+0000] {processor.py:743} INFO - Processing file /home/airflow/.local/lib/python3.7/site-packages/airflow/example_dags/tutorial_dag.py for tasks to queue
[2023-03-06T19:05:10.138+0000] {logging_mixin.py:137} INFO - [2023-03-06T19:05:10.137+0000] {dagbag.py:538} INFO - Filling up the DagBag from /home/airflow/.local/lib/python3.7/site-packages/airflow/example_dags/tutorial_dag.py
[2023-03-06T19:05:10.179+0000] {processor.py:753} INFO - DAG(s) dict_keys(['tutorial_dag']) retrieved from /home/airflow/.local/lib/python3.7/site-packages/airflow/example_dags/tutorial_dag.py
[2023-03-06T19:05:10.250+0000] {logging_mixin.py:137} INFO - [2023-03-06T19:05:10.250+0000] {dag.py:2690} INFO - Sync 1 DAGs
[2023-03-06T19:05:10.324+0000] {logging_mixin.py:137} INFO - [2023-03-06T19:05:10.324+0000] {dag.py:3441} INFO - Setting next_dagrun for tutorial_dag to None, run_after=None
[2023-03-06T19:05:10.375+0000] {processor.py:175} INFO - Processing /home/airflow/.local/lib/python3.7/site-packages/airflow/example_dags/tutorial_dag.py took 0.259 seconds
[2023-03-06T19:05:40.533+0000] {processor.py:153} INFO - Started process (PID=2127) to work on /home/airflow/.local/lib/python3.7/site-packages/airflow/example_dags/tutorial_dag.py
[2023-03-06T19:05:40.537+0000] {processor.py:743} INFO - Processing file /home/airflow/.local/lib/python3.7/site-packages/airflow/example_dags/tutorial_dag.py for tasks to queue
[2023-03-06T19:05:40.540+0000] {logging_mixin.py:137} INFO - [2023-03-06T19:05:40.540+0000] {dagbag.py:538} INFO - Filling up the DagBag from /home/airflow/.local/lib/python3.7/site-packages/airflow/example_dags/tutorial_dag.py
[2023-03-06T19:05:40.568+0000] {processor.py:753} INFO - DAG(s) dict_keys(['tutorial_dag']) retrieved from /home/airflow/.local/lib/python3.7/site-packages/airflow/example_dags/tutorial_dag.py
[2023-03-06T19:05:40.648+0000] {logging_mixin.py:137} INFO - [2023-03-06T19:05:40.647+0000] {dag.py:2690} INFO - Sync 1 DAGs
[2023-03-06T19:05:40.729+0000] {logging_mixin.py:137} INFO - [2023-03-06T19:05:40.729+0000] {dag.py:3441} INFO - Setting next_dagrun for tutorial_dag to None, run_after=None
[2023-03-06T19:05:40.767+0000] {processor.py:175} INFO - Processing /home/airflow/.local/lib/python3.7/site-packages/airflow/example_dags/tutorial_dag.py took 0.265 seconds
[2023-03-06T19:06:10.876+0000] {processor.py:153} INFO - Started process (PID=2194) to work on /home/airflow/.local/lib/python3.7/site-packages/airflow/example_dags/tutorial_dag.py
[2023-03-06T19:06:10.878+0000] {processor.py:743} INFO - Processing file /home/airflow/.local/lib/python3.7/site-packages/airflow/example_dags/tutorial_dag.py for tasks to queue
[2023-03-06T19:06:10.881+0000] {logging_mixin.py:137} INFO - [2023-03-06T19:06:10.881+0000] {dagbag.py:538} INFO - Filling up the DagBag from /home/airflow/.local/lib/python3.7/site-packages/airflow/example_dags/tutorial_dag.py
[2023-03-06T19:06:10.915+0000] {processor.py:753} INFO - DAG(s) dict_keys(['tutorial_dag']) retrieved from /home/airflow/.local/lib/python3.7/site-packages/airflow/example_dags/tutorial_dag.py
[2023-03-06T19:06:10.968+0000] {logging_mixin.py:137} INFO - [2023-03-06T19:06:10.968+0000] {dag.py:2690} INFO - Sync 1 DAGs
[2023-03-06T19:06:11.019+0000] {logging_mixin.py:137} INFO - [2023-03-06T19:06:11.019+0000] {dag.py:3441} INFO - Setting next_dagrun for tutorial_dag to None, run_after=None
[2023-03-06T19:06:11.066+0000] {processor.py:175} INFO - Processing /home/airflow/.local/lib/python3.7/site-packages/airflow/example_dags/tutorial_dag.py took 0.199 seconds
[2023-03-06T19:07:39.299+0000] {processor.py:153} INFO - Started process (PID=2277) to work on /home/airflow/.local/lib/python3.7/site-packages/airflow/example_dags/tutorial_dag.py
[2023-03-06T19:07:39.327+0000] {processor.py:743} INFO - Processing file /home/airflow/.local/lib/python3.7/site-packages/airflow/example_dags/tutorial_dag.py for tasks to queue
[2023-03-06T19:07:39.509+0000] {logging_mixin.py:137} INFO - [2023-03-06T19:07:39.381+0000] {dagbag.py:538} INFO - Filling up the DagBag from /home/airflow/.local/lib/python3.7/site-packages/airflow/example_dags/tutorial_dag.py
[2023-03-06T19:07:40.061+0000] {processor.py:753} INFO - DAG(s) dict_keys(['tutorial_dag']) retrieved from /home/airflow/.local/lib/python3.7/site-packages/airflow/example_dags/tutorial_dag.py
[2023-03-06T19:07:40.728+0000] {logging_mixin.py:137} INFO - [2023-03-06T19:07:40.724+0000] {dag.py:2690} INFO - Sync 1 DAGs
[2023-03-06T19:07:41.796+0000] {logging_mixin.py:137} INFO - [2023-03-06T19:07:41.796+0000] {dag.py:3441} INFO - Setting next_dagrun for tutorial_dag to None, run_after=None
[2023-03-06T19:07:43.155+0000] {processor.py:175} INFO - Processing /home/airflow/.local/lib/python3.7/site-packages/airflow/example_dags/tutorial_dag.py took 4.020 seconds
[2023-03-06T19:08:14.426+0000] {processor.py:153} INFO - Started process (PID=2342) to work on /home/airflow/.local/lib/python3.7/site-packages/airflow/example_dags/tutorial_dag.py
[2023-03-06T19:08:14.431+0000] {processor.py:743} INFO - Processing file /home/airflow/.local/lib/python3.7/site-packages/airflow/example_dags/tutorial_dag.py for tasks to queue
[2023-03-06T19:08:14.437+0000] {logging_mixin.py:137} INFO - [2023-03-06T19:08:14.434+0000] {dagbag.py:538} INFO - Filling up the DagBag from /home/airflow/.local/lib/python3.7/site-packages/airflow/example_dags/tutorial_dag.py
[2023-03-06T19:08:14.469+0000] {processor.py:753} INFO - DAG(s) dict_keys(['tutorial_dag']) retrieved from /home/airflow/.local/lib/python3.7/site-packages/airflow/example_dags/tutorial_dag.py
[2023-03-06T19:08:14.539+0000] {logging_mixin.py:137} INFO - [2023-03-06T19:08:14.539+0000] {dag.py:2690} INFO - Sync 1 DAGs
[2023-03-06T19:08:14.596+0000] {logging_mixin.py:137} INFO - [2023-03-06T19:08:14.595+0000] {dag.py:3441} INFO - Setting next_dagrun for tutorial_dag to None, run_after=None
[2023-03-06T19:08:14.638+0000] {processor.py:175} INFO - Processing /home/airflow/.local/lib/python3.7/site-packages/airflow/example_dags/tutorial_dag.py took 0.221 seconds
[2023-03-06T19:08:44.991+0000] {processor.py:153} INFO - Started process (PID=2408) to work on /home/airflow/.local/lib/python3.7/site-packages/airflow/example_dags/tutorial_dag.py
[2023-03-06T19:08:44.996+0000] {processor.py:743} INFO - Processing file /home/airflow/.local/lib/python3.7/site-packages/airflow/example_dags/tutorial_dag.py for tasks to queue
[2023-03-06T19:08:45.004+0000] {logging_mixin.py:137} INFO - [2023-03-06T19:08:45.004+0000] {dagbag.py:538} INFO - Filling up the DagBag from /home/airflow/.local/lib/python3.7/site-packages/airflow/example_dags/tutorial_dag.py
[2023-03-06T19:08:45.045+0000] {processor.py:753} INFO - DAG(s) dict_keys(['tutorial_dag']) retrieved from /home/airflow/.local/lib/python3.7/site-packages/airflow/example_dags/tutorial_dag.py
[2023-03-06T19:08:45.146+0000] {logging_mixin.py:137} INFO - [2023-03-06T19:08:45.146+0000] {dag.py:2690} INFO - Sync 1 DAGs
[2023-03-06T19:08:45.239+0000] {logging_mixin.py:137} INFO - [2023-03-06T19:08:45.238+0000] {dag.py:3441} INFO - Setting next_dagrun for tutorial_dag to None, run_after=None
[2023-03-06T19:08:45.295+0000] {processor.py:175} INFO - Processing /home/airflow/.local/lib/python3.7/site-packages/airflow/example_dags/tutorial_dag.py took 0.319 seconds
[2023-03-06T19:09:21.088+0000] {processor.py:153} INFO - Started process (PID=2474) to work on /home/airflow/.local/lib/python3.7/site-packages/airflow/example_dags/tutorial_dag.py
[2023-03-06T19:09:21.098+0000] {processor.py:743} INFO - Processing file /home/airflow/.local/lib/python3.7/site-packages/airflow/example_dags/tutorial_dag.py for tasks to queue
[2023-03-06T19:09:21.103+0000] {logging_mixin.py:137} INFO - [2023-03-06T19:09:21.103+0000] {dagbag.py:538} INFO - Filling up the DagBag from /home/airflow/.local/lib/python3.7/site-packages/airflow/example_dags/tutorial_dag.py
[2023-03-06T19:09:21.154+0000] {processor.py:753} INFO - DAG(s) dict_keys(['tutorial_dag']) retrieved from /home/airflow/.local/lib/python3.7/site-packages/airflow/example_dags/tutorial_dag.py
[2023-03-06T19:09:21.269+0000] {logging_mixin.py:137} INFO - [2023-03-06T19:09:21.269+0000] {dag.py:2690} INFO - Sync 1 DAGs
[2023-03-06T19:09:21.441+0000] {logging_mixin.py:137} INFO - [2023-03-06T19:09:21.440+0000] {dag.py:3441} INFO - Setting next_dagrun for tutorial_dag to None, run_after=None
[2023-03-06T19:09:21.521+0000] {processor.py:175} INFO - Processing /home/airflow/.local/lib/python3.7/site-packages/airflow/example_dags/tutorial_dag.py took 0.446 seconds
[2023-03-06T19:09:52.089+0000] {processor.py:153} INFO - Started process (PID=2532) to work on /home/airflow/.local/lib/python3.7/site-packages/airflow/example_dags/tutorial_dag.py
[2023-03-06T19:09:52.112+0000] {processor.py:743} INFO - Processing file /home/airflow/.local/lib/python3.7/site-packages/airflow/example_dags/tutorial_dag.py for tasks to queue
[2023-03-06T19:09:52.136+0000] {logging_mixin.py:137} INFO - [2023-03-06T19:09:52.135+0000] {dagbag.py:538} INFO - Filling up the DagBag from /home/airflow/.local/lib/python3.7/site-packages/airflow/example_dags/tutorial_dag.py
[2023-03-06T19:09:52.260+0000] {processor.py:753} INFO - DAG(s) dict_keys(['tutorial_dag']) retrieved from /home/airflow/.local/lib/python3.7/site-packages/airflow/example_dags/tutorial_dag.py
[2023-03-06T19:09:52.433+0000] {logging_mixin.py:137} INFO - [2023-03-06T19:09:52.431+0000] {dag.py:2690} INFO - Sync 1 DAGs
[2023-03-06T19:09:52.544+0000] {logging_mixin.py:137} INFO - [2023-03-06T19:09:52.544+0000] {dag.py:3441} INFO - Setting next_dagrun for tutorial_dag to None, run_after=None
[2023-03-06T19:09:52.629+0000] {processor.py:175} INFO - Processing /home/airflow/.local/lib/python3.7/site-packages/airflow/example_dags/tutorial_dag.py took 0.564 seconds
[2023-03-06T19:10:23.155+0000] {processor.py:153} INFO - Started process (PID=2600) to work on /home/airflow/.local/lib/python3.7/site-packages/airflow/example_dags/tutorial_dag.py
[2023-03-06T19:10:23.159+0000] {processor.py:743} INFO - Processing file /home/airflow/.local/lib/python3.7/site-packages/airflow/example_dags/tutorial_dag.py for tasks to queue
[2023-03-06T19:10:23.163+0000] {logging_mixin.py:137} INFO - [2023-03-06T19:10:23.162+0000] {dagbag.py:538} INFO - Filling up the DagBag from /home/airflow/.local/lib/python3.7/site-packages/airflow/example_dags/tutorial_dag.py
[2023-03-06T19:10:23.212+0000] {processor.py:753} INFO - DAG(s) dict_keys(['tutorial_dag']) retrieved from /home/airflow/.local/lib/python3.7/site-packages/airflow/example_dags/tutorial_dag.py
[2023-03-06T19:10:23.315+0000] {logging_mixin.py:137} INFO - [2023-03-06T19:10:23.315+0000] {dag.py:2690} INFO - Sync 1 DAGs
[2023-03-06T19:10:23.390+0000] {logging_mixin.py:137} INFO - [2023-03-06T19:10:23.389+0000] {dag.py:3441} INFO - Setting next_dagrun for tutorial_dag to None, run_after=None
[2023-03-06T19:10:23.568+0000] {processor.py:175} INFO - Processing /home/airflow/.local/lib/python3.7/site-packages/airflow/example_dags/tutorial_dag.py took 0.425 seconds
[2023-03-06T19:10:53.781+0000] {processor.py:153} INFO - Started process (PID=2666) to work on /home/airflow/.local/lib/python3.7/site-packages/airflow/example_dags/tutorial_dag.py
[2023-03-06T19:10:53.788+0000] {processor.py:743} INFO - Processing file /home/airflow/.local/lib/python3.7/site-packages/airflow/example_dags/tutorial_dag.py for tasks to queue
[2023-03-06T19:10:53.803+0000] {logging_mixin.py:137} INFO - [2023-03-06T19:10:53.802+0000] {dagbag.py:538} INFO - Filling up the DagBag from /home/airflow/.local/lib/python3.7/site-packages/airflow/example_dags/tutorial_dag.py
[2023-03-06T19:10:53.867+0000] {processor.py:753} INFO - DAG(s) dict_keys(['tutorial_dag']) retrieved from /home/airflow/.local/lib/python3.7/site-packages/airflow/example_dags/tutorial_dag.py
[2023-03-06T19:10:53.969+0000] {logging_mixin.py:137} INFO - [2023-03-06T19:10:53.969+0000] {dag.py:2690} INFO - Sync 1 DAGs
[2023-03-06T19:10:54.055+0000] {logging_mixin.py:137} INFO - [2023-03-06T19:10:54.054+0000] {dag.py:3441} INFO - Setting next_dagrun for tutorial_dag to None, run_after=None
[2023-03-06T19:10:54.148+0000] {processor.py:175} INFO - Processing /home/airflow/.local/lib/python3.7/site-packages/airflow/example_dags/tutorial_dag.py took 0.384 seconds
[2023-03-06T19:11:24.569+0000] {processor.py:153} INFO - Started process (PID=2729) to work on /home/airflow/.local/lib/python3.7/site-packages/airflow/example_dags/tutorial_dag.py
[2023-03-06T19:11:24.579+0000] {processor.py:743} INFO - Processing file /home/airflow/.local/lib/python3.7/site-packages/airflow/example_dags/tutorial_dag.py for tasks to queue
[2023-03-06T19:11:24.586+0000] {logging_mixin.py:137} INFO - [2023-03-06T19:11:24.585+0000] {dagbag.py:538} INFO - Filling up the DagBag from /home/airflow/.local/lib/python3.7/site-packages/airflow/example_dags/tutorial_dag.py
[2023-03-06T19:11:24.709+0000] {processor.py:753} INFO - DAG(s) dict_keys(['tutorial_dag']) retrieved from /home/airflow/.local/lib/python3.7/site-packages/airflow/example_dags/tutorial_dag.py
[2023-03-06T19:11:24.837+0000] {logging_mixin.py:137} INFO - [2023-03-06T19:11:24.836+0000] {dag.py:2690} INFO - Sync 1 DAGs
[2023-03-06T19:11:24.938+0000] {logging_mixin.py:137} INFO - [2023-03-06T19:11:24.938+0000] {dag.py:3441} INFO - Setting next_dagrun for tutorial_dag to None, run_after=None
[2023-03-06T19:11:25.039+0000] {processor.py:175} INFO - Processing /home/airflow/.local/lib/python3.7/site-packages/airflow/example_dags/tutorial_dag.py took 0.501 seconds
[2023-03-06T19:11:59.004+0000] {processor.py:153} INFO - Started process (PID=2796) to work on /home/airflow/.local/lib/python3.7/site-packages/airflow/example_dags/tutorial_dag.py
[2023-03-06T19:11:59.011+0000] {processor.py:743} INFO - Processing file /home/airflow/.local/lib/python3.7/site-packages/airflow/example_dags/tutorial_dag.py for tasks to queue
[2023-03-06T19:11:59.016+0000] {logging_mixin.py:137} INFO - [2023-03-06T19:11:59.015+0000] {dagbag.py:538} INFO - Filling up the DagBag from /home/airflow/.local/lib/python3.7/site-packages/airflow/example_dags/tutorial_dag.py
[2023-03-06T19:11:59.112+0000] {processor.py:753} INFO - DAG(s) dict_keys(['tutorial_dag']) retrieved from /home/airflow/.local/lib/python3.7/site-packages/airflow/example_dags/tutorial_dag.py
[2023-03-06T19:11:59.211+0000] {logging_mixin.py:137} INFO - [2023-03-06T19:11:59.211+0000] {dag.py:2690} INFO - Sync 1 DAGs
[2023-03-06T19:11:59.349+0000] {logging_mixin.py:137} INFO - [2023-03-06T19:11:59.348+0000] {dag.py:3441} INFO - Setting next_dagrun for tutorial_dag to None, run_after=None
[2023-03-06T19:11:59.500+0000] {processor.py:175} INFO - Processing /home/airflow/.local/lib/python3.7/site-packages/airflow/example_dags/tutorial_dag.py took 0.513 seconds
