[2023-03-06T17:08:27.906+0000] {processor.py:153} INFO - Started process (PID=73) to work on /home/airflow/.local/lib/python3.7/site-packages/airflow/example_dags/tutorial.py
[2023-03-06T17:08:27.909+0000] {processor.py:743} INFO - Processing file /home/airflow/.local/lib/python3.7/site-packages/airflow/example_dags/tutorial.py for tasks to queue
[2023-03-06T17:08:27.912+0000] {logging_mixin.py:137} INFO - [2023-03-06T17:08:27.912+0000] {dagbag.py:538} INFO - Filling up the DagBag from /home/airflow/.local/lib/python3.7/site-packages/airflow/example_dags/tutorial.py
[2023-03-06T17:08:28.029+0000] {processor.py:753} INFO - DAG(s) dict_keys(['tutorial']) retrieved from /home/airflow/.local/lib/python3.7/site-packages/airflow/example_dags/tutorial.py
[2023-03-06T17:08:28.210+0000] {logging_mixin.py:137} INFO - [2023-03-06T17:08:28.210+0000] {dag.py:2690} INFO - Sync 1 DAGs
[2023-03-06T17:08:28.289+0000] {logging_mixin.py:137} INFO - [2023-03-06T17:08:28.288+0000] {dag.py:3441} INFO - Setting next_dagrun for tutorial to 2023-03-05T17:08:28.288182+00:00, run_after=2023-03-06T17:08:28.288182+00:00
[2023-03-06T17:08:28.354+0000] {processor.py:175} INFO - Processing /home/airflow/.local/lib/python3.7/site-packages/airflow/example_dags/tutorial.py took 0.484 seconds
[2023-03-06T17:09:00.158+0000] {processor.py:153} INFO - Started process (PID=139) to work on /home/airflow/.local/lib/python3.7/site-packages/airflow/example_dags/tutorial.py
[2023-03-06T17:09:00.162+0000] {processor.py:743} INFO - Processing file /home/airflow/.local/lib/python3.7/site-packages/airflow/example_dags/tutorial.py for tasks to queue
[2023-03-06T17:09:00.165+0000] {logging_mixin.py:137} INFO - [2023-03-06T17:09:00.165+0000] {dagbag.py:538} INFO - Filling up the DagBag from /home/airflow/.local/lib/python3.7/site-packages/airflow/example_dags/tutorial.py
[2023-03-06T17:09:00.198+0000] {processor.py:753} INFO - DAG(s) dict_keys(['tutorial']) retrieved from /home/airflow/.local/lib/python3.7/site-packages/airflow/example_dags/tutorial.py
[2023-03-06T17:09:00.260+0000] {logging_mixin.py:137} INFO - [2023-03-06T17:09:00.260+0000] {dag.py:2690} INFO - Sync 1 DAGs
[2023-03-06T17:09:00.316+0000] {logging_mixin.py:137} INFO - [2023-03-06T17:09:00.316+0000] {dag.py:3441} INFO - Setting next_dagrun for tutorial to 2023-03-05T17:09:00.315268+00:00, run_after=2023-03-06T17:09:00.315268+00:00
[2023-03-06T17:09:00.392+0000] {processor.py:175} INFO - Processing /home/airflow/.local/lib/python3.7/site-packages/airflow/example_dags/tutorial.py took 0.245 seconds
[2023-03-06T17:09:31.786+0000] {processor.py:153} INFO - Started process (PID=205) to work on /home/airflow/.local/lib/python3.7/site-packages/airflow/example_dags/tutorial.py
[2023-03-06T17:09:31.792+0000] {processor.py:743} INFO - Processing file /home/airflow/.local/lib/python3.7/site-packages/airflow/example_dags/tutorial.py for tasks to queue
[2023-03-06T17:09:31.796+0000] {logging_mixin.py:137} INFO - [2023-03-06T17:09:31.796+0000] {dagbag.py:538} INFO - Filling up the DagBag from /home/airflow/.local/lib/python3.7/site-packages/airflow/example_dags/tutorial.py
[2023-03-06T17:09:31.846+0000] {processor.py:753} INFO - DAG(s) dict_keys(['tutorial']) retrieved from /home/airflow/.local/lib/python3.7/site-packages/airflow/example_dags/tutorial.py
[2023-03-06T17:09:31.958+0000] {logging_mixin.py:137} INFO - [2023-03-06T17:09:31.957+0000] {dag.py:2690} INFO - Sync 1 DAGs
[2023-03-06T17:09:32.143+0000] {logging_mixin.py:137} INFO - [2023-03-06T17:09:32.142+0000] {dag.py:3441} INFO - Setting next_dagrun for tutorial to 2023-03-05T17:09:32.141780+00:00, run_after=2023-03-06T17:09:32.141780+00:00
[2023-03-06T17:09:32.315+0000] {processor.py:175} INFO - Processing /home/airflow/.local/lib/python3.7/site-packages/airflow/example_dags/tutorial.py took 0.542 seconds
[2023-03-06T17:10:08.468+0000] {processor.py:153} INFO - Started process (PID=271) to work on /home/airflow/.local/lib/python3.7/site-packages/airflow/example_dags/tutorial.py
[2023-03-06T17:10:08.472+0000] {processor.py:743} INFO - Processing file /home/airflow/.local/lib/python3.7/site-packages/airflow/example_dags/tutorial.py for tasks to queue
[2023-03-06T17:10:08.484+0000] {logging_mixin.py:137} INFO - [2023-03-06T17:10:08.483+0000] {dagbag.py:538} INFO - Filling up the DagBag from /home/airflow/.local/lib/python3.7/site-packages/airflow/example_dags/tutorial.py
[2023-03-06T17:10:08.537+0000] {processor.py:753} INFO - DAG(s) dict_keys(['tutorial']) retrieved from /home/airflow/.local/lib/python3.7/site-packages/airflow/example_dags/tutorial.py
[2023-03-06T17:10:08.604+0000] {logging_mixin.py:137} INFO - [2023-03-06T17:10:08.604+0000] {dag.py:2690} INFO - Sync 1 DAGs
[2023-03-06T17:10:08.674+0000] {logging_mixin.py:137} INFO - [2023-03-06T17:10:08.674+0000] {dag.py:3441} INFO - Setting next_dagrun for tutorial to 2023-03-05T17:10:08.673874+00:00, run_after=2023-03-06T17:10:08.673874+00:00
[2023-03-06T17:10:08.717+0000] {processor.py:175} INFO - Processing /home/airflow/.local/lib/python3.7/site-packages/airflow/example_dags/tutorial.py took 0.259 seconds
[2023-03-06T17:10:43.508+0000] {processor.py:153} INFO - Started process (PID=337) to work on /home/airflow/.local/lib/python3.7/site-packages/airflow/example_dags/tutorial.py
[2023-03-06T17:10:43.512+0000] {processor.py:743} INFO - Processing file /home/airflow/.local/lib/python3.7/site-packages/airflow/example_dags/tutorial.py for tasks to queue
[2023-03-06T17:10:43.516+0000] {logging_mixin.py:137} INFO - [2023-03-06T17:10:43.516+0000] {dagbag.py:538} INFO - Filling up the DagBag from /home/airflow/.local/lib/python3.7/site-packages/airflow/example_dags/tutorial.py
[2023-03-06T17:10:43.555+0000] {processor.py:753} INFO - DAG(s) dict_keys(['tutorial']) retrieved from /home/airflow/.local/lib/python3.7/site-packages/airflow/example_dags/tutorial.py
[2023-03-06T17:10:43.657+0000] {logging_mixin.py:137} INFO - [2023-03-06T17:10:43.657+0000] {dag.py:2690} INFO - Sync 1 DAGs
[2023-03-06T17:10:43.731+0000] {logging_mixin.py:137} INFO - [2023-03-06T17:10:43.731+0000] {dag.py:3441} INFO - Setting next_dagrun for tutorial to 2023-03-05T17:10:43.730581+00:00, run_after=2023-03-06T17:10:43.730581+00:00
[2023-03-06T17:10:43.782+0000] {processor.py:175} INFO - Processing /home/airflow/.local/lib/python3.7/site-packages/airflow/example_dags/tutorial.py took 0.284 seconds
[2023-03-06T17:11:19.142+0000] {processor.py:153} INFO - Started process (PID=403) to work on /home/airflow/.local/lib/python3.7/site-packages/airflow/example_dags/tutorial.py
[2023-03-06T17:11:19.148+0000] {processor.py:743} INFO - Processing file /home/airflow/.local/lib/python3.7/site-packages/airflow/example_dags/tutorial.py for tasks to queue
[2023-03-06T17:11:19.153+0000] {logging_mixin.py:137} INFO - [2023-03-06T17:11:19.152+0000] {dagbag.py:538} INFO - Filling up the DagBag from /home/airflow/.local/lib/python3.7/site-packages/airflow/example_dags/tutorial.py
[2023-03-06T17:11:19.240+0000] {processor.py:753} INFO - DAG(s) dict_keys(['tutorial']) retrieved from /home/airflow/.local/lib/python3.7/site-packages/airflow/example_dags/tutorial.py
[2023-03-06T17:11:19.623+0000] {logging_mixin.py:137} INFO - [2023-03-06T17:11:19.622+0000] {dag.py:2690} INFO - Sync 1 DAGs
[2023-03-06T17:11:19.874+0000] {logging_mixin.py:137} INFO - [2023-03-06T17:11:19.874+0000] {dag.py:3441} INFO - Setting next_dagrun for tutorial to 2023-03-05T17:11:19.873581+00:00, run_after=2023-03-06T17:11:19.873581+00:00
[2023-03-06T17:11:19.944+0000] {processor.py:175} INFO - Processing /home/airflow/.local/lib/python3.7/site-packages/airflow/example_dags/tutorial.py took 0.818 seconds
[2023-03-06T17:11:54.493+0000] {processor.py:153} INFO - Started process (PID=482) to work on /home/airflow/.local/lib/python3.7/site-packages/airflow/example_dags/tutorial.py
[2023-03-06T17:11:54.496+0000] {processor.py:743} INFO - Processing file /home/airflow/.local/lib/python3.7/site-packages/airflow/example_dags/tutorial.py for tasks to queue
[2023-03-06T17:11:54.498+0000] {logging_mixin.py:137} INFO - [2023-03-06T17:11:54.498+0000] {dagbag.py:538} INFO - Filling up the DagBag from /home/airflow/.local/lib/python3.7/site-packages/airflow/example_dags/tutorial.py
[2023-03-06T17:11:54.523+0000] {processor.py:753} INFO - DAG(s) dict_keys(['tutorial']) retrieved from /home/airflow/.local/lib/python3.7/site-packages/airflow/example_dags/tutorial.py
[2023-03-06T17:11:54.568+0000] {logging_mixin.py:137} INFO - [2023-03-06T17:11:54.568+0000] {dag.py:2690} INFO - Sync 1 DAGs
[2023-03-06T17:11:54.609+0000] {logging_mixin.py:137} INFO - [2023-03-06T17:11:54.609+0000] {dag.py:3441} INFO - Setting next_dagrun for tutorial to 2023-03-05T17:11:54.608894+00:00, run_after=2023-03-06T17:11:54.608894+00:00
[2023-03-06T17:11:54.640+0000] {processor.py:175} INFO - Processing /home/airflow/.local/lib/python3.7/site-packages/airflow/example_dags/tutorial.py took 0.153 seconds
[2023-03-06T17:12:25.149+0000] {processor.py:153} INFO - Started process (PID=547) to work on /home/airflow/.local/lib/python3.7/site-packages/airflow/example_dags/tutorial.py
[2023-03-06T17:12:25.151+0000] {processor.py:743} INFO - Processing file /home/airflow/.local/lib/python3.7/site-packages/airflow/example_dags/tutorial.py for tasks to queue
[2023-03-06T17:12:25.154+0000] {logging_mixin.py:137} INFO - [2023-03-06T17:12:25.154+0000] {dagbag.py:538} INFO - Filling up the DagBag from /home/airflow/.local/lib/python3.7/site-packages/airflow/example_dags/tutorial.py
[2023-03-06T17:12:25.180+0000] {processor.py:753} INFO - DAG(s) dict_keys(['tutorial']) retrieved from /home/airflow/.local/lib/python3.7/site-packages/airflow/example_dags/tutorial.py
[2023-03-06T17:12:25.231+0000] {logging_mixin.py:137} INFO - [2023-03-06T17:12:25.230+0000] {dag.py:2690} INFO - Sync 1 DAGs
[2023-03-06T17:12:25.271+0000] {logging_mixin.py:137} INFO - [2023-03-06T17:12:25.271+0000] {dag.py:3441} INFO - Setting next_dagrun for tutorial to 2023-03-05T17:12:25.270663+00:00, run_after=2023-03-06T17:12:25.270663+00:00
[2023-03-06T17:12:25.303+0000] {processor.py:175} INFO - Processing /home/airflow/.local/lib/python3.7/site-packages/airflow/example_dags/tutorial.py took 0.160 seconds
[2023-03-06T17:12:55.591+0000] {processor.py:153} INFO - Started process (PID=612) to work on /home/airflow/.local/lib/python3.7/site-packages/airflow/example_dags/tutorial.py
[2023-03-06T17:12:55.598+0000] {processor.py:743} INFO - Processing file /home/airflow/.local/lib/python3.7/site-packages/airflow/example_dags/tutorial.py for tasks to queue
[2023-03-06T17:12:55.600+0000] {logging_mixin.py:137} INFO - [2023-03-06T17:12:55.600+0000] {dagbag.py:538} INFO - Filling up the DagBag from /home/airflow/.local/lib/python3.7/site-packages/airflow/example_dags/tutorial.py
[2023-03-06T17:12:55.632+0000] {processor.py:753} INFO - DAG(s) dict_keys(['tutorial']) retrieved from /home/airflow/.local/lib/python3.7/site-packages/airflow/example_dags/tutorial.py
[2023-03-06T17:12:55.695+0000] {logging_mixin.py:137} INFO - [2023-03-06T17:12:55.694+0000] {dag.py:2690} INFO - Sync 1 DAGs
[2023-03-06T17:12:55.753+0000] {logging_mixin.py:137} INFO - [2023-03-06T17:12:55.753+0000] {dag.py:3441} INFO - Setting next_dagrun for tutorial to 2023-03-05T17:12:55.752942+00:00, run_after=2023-03-06T17:12:55.752942+00:00
[2023-03-06T17:12:55.819+0000] {processor.py:175} INFO - Processing /home/airflow/.local/lib/python3.7/site-packages/airflow/example_dags/tutorial.py took 0.238 seconds
[2023-03-06T17:13:26.325+0000] {processor.py:153} INFO - Started process (PID=679) to work on /home/airflow/.local/lib/python3.7/site-packages/airflow/example_dags/tutorial.py
[2023-03-06T17:13:26.330+0000] {processor.py:743} INFO - Processing file /home/airflow/.local/lib/python3.7/site-packages/airflow/example_dags/tutorial.py for tasks to queue
[2023-03-06T17:13:26.336+0000] {logging_mixin.py:137} INFO - [2023-03-06T17:13:26.335+0000] {dagbag.py:538} INFO - Filling up the DagBag from /home/airflow/.local/lib/python3.7/site-packages/airflow/example_dags/tutorial.py
[2023-03-06T17:13:26.377+0000] {processor.py:753} INFO - DAG(s) dict_keys(['tutorial']) retrieved from /home/airflow/.local/lib/python3.7/site-packages/airflow/example_dags/tutorial.py
[2023-03-06T17:13:26.427+0000] {logging_mixin.py:137} INFO - [2023-03-06T17:13:26.427+0000] {dag.py:2690} INFO - Sync 1 DAGs
[2023-03-06T17:13:26.492+0000] {logging_mixin.py:137} INFO - [2023-03-06T17:13:26.492+0000] {dag.py:3441} INFO - Setting next_dagrun for tutorial to 2023-03-05T17:13:26.491811+00:00, run_after=2023-03-06T17:13:26.491811+00:00
[2023-03-06T17:13:26.548+0000] {processor.py:175} INFO - Processing /home/airflow/.local/lib/python3.7/site-packages/airflow/example_dags/tutorial.py took 0.237 seconds
[2023-03-06T18:50:16.485+0000] {processor.py:153} INFO - Started process (PID=61) to work on /home/airflow/.local/lib/python3.7/site-packages/airflow/example_dags/tutorial.py
[2023-03-06T18:50:16.492+0000] {processor.py:743} INFO - Processing file /home/airflow/.local/lib/python3.7/site-packages/airflow/example_dags/tutorial.py for tasks to queue
[2023-03-06T18:50:16.496+0000] {logging_mixin.py:137} INFO - [2023-03-06T18:50:16.496+0000] {dagbag.py:538} INFO - Filling up the DagBag from /home/airflow/.local/lib/python3.7/site-packages/airflow/example_dags/tutorial.py
[2023-03-06T18:50:16.538+0000] {processor.py:753} INFO - DAG(s) dict_keys(['tutorial']) retrieved from /home/airflow/.local/lib/python3.7/site-packages/airflow/example_dags/tutorial.py
[2023-03-06T18:50:16.612+0000] {logging_mixin.py:137} INFO - [2023-03-06T18:50:16.612+0000] {dag.py:2690} INFO - Sync 1 DAGs
[2023-03-06T18:50:16.735+0000] {logging_mixin.py:137} INFO - [2023-03-06T18:50:16.735+0000] {dag.py:3441} INFO - Setting next_dagrun for tutorial to 2023-03-05T18:50:16.734406+00:00, run_after=2023-03-06T18:50:16.734406+00:00
[2023-03-06T18:50:16.820+0000] {processor.py:175} INFO - Processing /home/airflow/.local/lib/python3.7/site-packages/airflow/example_dags/tutorial.py took 0.351 seconds
[2023-03-06T18:50:46.940+0000] {processor.py:153} INFO - Started process (PID=127) to work on /home/airflow/.local/lib/python3.7/site-packages/airflow/example_dags/tutorial.py
[2023-03-06T18:50:46.943+0000] {processor.py:743} INFO - Processing file /home/airflow/.local/lib/python3.7/site-packages/airflow/example_dags/tutorial.py for tasks to queue
[2023-03-06T18:50:46.945+0000] {logging_mixin.py:137} INFO - [2023-03-06T18:50:46.945+0000] {dagbag.py:538} INFO - Filling up the DagBag from /home/airflow/.local/lib/python3.7/site-packages/airflow/example_dags/tutorial.py
[2023-03-06T18:50:46.974+0000] {processor.py:753} INFO - DAG(s) dict_keys(['tutorial']) retrieved from /home/airflow/.local/lib/python3.7/site-packages/airflow/example_dags/tutorial.py
[2023-03-06T18:50:47.014+0000] {logging_mixin.py:137} INFO - [2023-03-06T18:50:47.013+0000] {dag.py:2690} INFO - Sync 1 DAGs
[2023-03-06T18:50:47.056+0000] {logging_mixin.py:137} INFO - [2023-03-06T18:50:47.056+0000] {dag.py:3441} INFO - Setting next_dagrun for tutorial to 2023-03-05T18:50:47.055805+00:00, run_after=2023-03-06T18:50:47.055805+00:00
[2023-03-06T18:50:47.089+0000] {processor.py:175} INFO - Processing /home/airflow/.local/lib/python3.7/site-packages/airflow/example_dags/tutorial.py took 0.156 seconds
[2023-03-06T18:51:18.402+0000] {processor.py:153} INFO - Started process (PID=201) to work on /home/airflow/.local/lib/python3.7/site-packages/airflow/example_dags/tutorial.py
[2023-03-06T18:51:18.407+0000] {processor.py:743} INFO - Processing file /home/airflow/.local/lib/python3.7/site-packages/airflow/example_dags/tutorial.py for tasks to queue
[2023-03-06T18:51:18.412+0000] {logging_mixin.py:137} INFO - [2023-03-06T18:51:18.411+0000] {dagbag.py:538} INFO - Filling up the DagBag from /home/airflow/.local/lib/python3.7/site-packages/airflow/example_dags/tutorial.py
[2023-03-06T18:51:18.460+0000] {processor.py:753} INFO - DAG(s) dict_keys(['tutorial']) retrieved from /home/airflow/.local/lib/python3.7/site-packages/airflow/example_dags/tutorial.py
[2023-03-06T18:51:18.531+0000] {logging_mixin.py:137} INFO - [2023-03-06T18:51:18.530+0000] {dag.py:2690} INFO - Sync 1 DAGs
[2023-03-06T18:51:18.620+0000] {logging_mixin.py:137} INFO - [2023-03-06T18:51:18.620+0000] {dag.py:3441} INFO - Setting next_dagrun for tutorial to 2023-03-05T18:51:18.619584+00:00, run_after=2023-03-06T18:51:18.619584+00:00
[2023-03-06T18:51:18.662+0000] {processor.py:175} INFO - Processing /home/airflow/.local/lib/python3.7/site-packages/airflow/example_dags/tutorial.py took 0.269 seconds
[2023-03-06T18:51:49.535+0000] {processor.py:153} INFO - Started process (PID=267) to work on /home/airflow/.local/lib/python3.7/site-packages/airflow/example_dags/tutorial.py
[2023-03-06T18:51:49.540+0000] {processor.py:743} INFO - Processing file /home/airflow/.local/lib/python3.7/site-packages/airflow/example_dags/tutorial.py for tasks to queue
[2023-03-06T18:51:49.543+0000] {logging_mixin.py:137} INFO - [2023-03-06T18:51:49.543+0000] {dagbag.py:538} INFO - Filling up the DagBag from /home/airflow/.local/lib/python3.7/site-packages/airflow/example_dags/tutorial.py
[2023-03-06T18:51:49.581+0000] {processor.py:753} INFO - DAG(s) dict_keys(['tutorial']) retrieved from /home/airflow/.local/lib/python3.7/site-packages/airflow/example_dags/tutorial.py
[2023-03-06T18:51:49.642+0000] {logging_mixin.py:137} INFO - [2023-03-06T18:51:49.641+0000] {dag.py:2690} INFO - Sync 1 DAGs
[2023-03-06T18:51:49.708+0000] {logging_mixin.py:137} INFO - [2023-03-06T18:51:49.708+0000] {dag.py:3441} INFO - Setting next_dagrun for tutorial to 2023-03-05T18:51:49.707994+00:00, run_after=2023-03-06T18:51:49.707994+00:00
[2023-03-06T18:51:49.750+0000] {processor.py:175} INFO - Processing /home/airflow/.local/lib/python3.7/site-packages/airflow/example_dags/tutorial.py took 0.225 seconds
[2023-03-06T18:52:20.656+0000] {processor.py:153} INFO - Started process (PID=338) to work on /home/airflow/.local/lib/python3.7/site-packages/airflow/example_dags/tutorial.py
[2023-03-06T18:52:20.658+0000] {processor.py:743} INFO - Processing file /home/airflow/.local/lib/python3.7/site-packages/airflow/example_dags/tutorial.py for tasks to queue
[2023-03-06T18:52:20.662+0000] {logging_mixin.py:137} INFO - [2023-03-06T18:52:20.662+0000] {dagbag.py:538} INFO - Filling up the DagBag from /home/airflow/.local/lib/python3.7/site-packages/airflow/example_dags/tutorial.py
[2023-03-06T18:52:20.694+0000] {processor.py:753} INFO - DAG(s) dict_keys(['tutorial']) retrieved from /home/airflow/.local/lib/python3.7/site-packages/airflow/example_dags/tutorial.py
[2023-03-06T18:52:20.766+0000] {logging_mixin.py:137} INFO - [2023-03-06T18:52:20.765+0000] {dag.py:2690} INFO - Sync 1 DAGs
[2023-03-06T18:52:20.835+0000] {logging_mixin.py:137} INFO - [2023-03-06T18:52:20.835+0000] {dag.py:3441} INFO - Setting next_dagrun for tutorial to 2023-03-05T18:52:20.834518+00:00, run_after=2023-03-06T18:52:20.834518+00:00
[2023-03-06T18:52:20.871+0000] {processor.py:175} INFO - Processing /home/airflow/.local/lib/python3.7/site-packages/airflow/example_dags/tutorial.py took 0.224 seconds
[2023-03-06T18:52:52.530+0000] {processor.py:153} INFO - Started process (PID=405) to work on /home/airflow/.local/lib/python3.7/site-packages/airflow/example_dags/tutorial.py
[2023-03-06T18:52:52.538+0000] {processor.py:743} INFO - Processing file /home/airflow/.local/lib/python3.7/site-packages/airflow/example_dags/tutorial.py for tasks to queue
[2023-03-06T18:52:52.541+0000] {logging_mixin.py:137} INFO - [2023-03-06T18:52:52.541+0000] {dagbag.py:538} INFO - Filling up the DagBag from /home/airflow/.local/lib/python3.7/site-packages/airflow/example_dags/tutorial.py
[2023-03-06T18:52:52.582+0000] {processor.py:753} INFO - DAG(s) dict_keys(['tutorial']) retrieved from /home/airflow/.local/lib/python3.7/site-packages/airflow/example_dags/tutorial.py
[2023-03-06T18:52:52.658+0000] {logging_mixin.py:137} INFO - [2023-03-06T18:52:52.658+0000] {dag.py:2690} INFO - Sync 1 DAGs
[2023-03-06T18:52:52.760+0000] {logging_mixin.py:137} INFO - [2023-03-06T18:52:52.760+0000] {dag.py:3441} INFO - Setting next_dagrun for tutorial to 2023-03-05T18:52:52.759830+00:00, run_after=2023-03-06T18:52:52.759830+00:00
[2023-03-06T18:52:52.876+0000] {processor.py:175} INFO - Processing /home/airflow/.local/lib/python3.7/site-packages/airflow/example_dags/tutorial.py took 0.353 seconds
[2023-03-06T18:53:23.164+0000] {processor.py:153} INFO - Started process (PID=473) to work on /home/airflow/.local/lib/python3.7/site-packages/airflow/example_dags/tutorial.py
[2023-03-06T18:53:23.184+0000] {processor.py:743} INFO - Processing file /home/airflow/.local/lib/python3.7/site-packages/airflow/example_dags/tutorial.py for tasks to queue
[2023-03-06T18:53:23.195+0000] {logging_mixin.py:137} INFO - [2023-03-06T18:53:23.194+0000] {dagbag.py:538} INFO - Filling up the DagBag from /home/airflow/.local/lib/python3.7/site-packages/airflow/example_dags/tutorial.py
[2023-03-06T18:53:23.287+0000] {processor.py:753} INFO - DAG(s) dict_keys(['tutorial']) retrieved from /home/airflow/.local/lib/python3.7/site-packages/airflow/example_dags/tutorial.py
[2023-03-06T18:53:23.439+0000] {logging_mixin.py:137} INFO - [2023-03-06T18:53:23.438+0000] {dag.py:2690} INFO - Sync 1 DAGs
[2023-03-06T18:53:23.511+0000] {logging_mixin.py:137} INFO - [2023-03-06T18:53:23.511+0000] {dag.py:3441} INFO - Setting next_dagrun for tutorial to 2023-03-05T18:53:23.510739+00:00, run_after=2023-03-06T18:53:23.510739+00:00
[2023-03-06T18:53:23.572+0000] {processor.py:175} INFO - Processing /home/airflow/.local/lib/python3.7/site-packages/airflow/example_dags/tutorial.py took 0.434 seconds
[2023-03-06T18:53:54.407+0000] {processor.py:153} INFO - Started process (PID=537) to work on /home/airflow/.local/lib/python3.7/site-packages/airflow/example_dags/tutorial.py
[2023-03-06T18:53:54.413+0000] {processor.py:743} INFO - Processing file /home/airflow/.local/lib/python3.7/site-packages/airflow/example_dags/tutorial.py for tasks to queue
[2023-03-06T18:53:54.416+0000] {logging_mixin.py:137} INFO - [2023-03-06T18:53:54.416+0000] {dagbag.py:538} INFO - Filling up the DagBag from /home/airflow/.local/lib/python3.7/site-packages/airflow/example_dags/tutorial.py
[2023-03-06T18:53:54.445+0000] {processor.py:753} INFO - DAG(s) dict_keys(['tutorial']) retrieved from /home/airflow/.local/lib/python3.7/site-packages/airflow/example_dags/tutorial.py
[2023-03-06T18:53:54.497+0000] {logging_mixin.py:137} INFO - [2023-03-06T18:53:54.496+0000] {dag.py:2690} INFO - Sync 1 DAGs
[2023-03-06T18:53:54.544+0000] {logging_mixin.py:137} INFO - [2023-03-06T18:53:54.544+0000] {dag.py:3441} INFO - Setting next_dagrun for tutorial to 2023-03-05T18:53:54.543670+00:00, run_after=2023-03-06T18:53:54.543670+00:00
[2023-03-06T18:53:54.605+0000] {processor.py:175} INFO - Processing /home/airflow/.local/lib/python3.7/site-packages/airflow/example_dags/tutorial.py took 0.211 seconds
[2023-03-06T18:54:24.906+0000] {processor.py:153} INFO - Started process (PID=603) to work on /home/airflow/.local/lib/python3.7/site-packages/airflow/example_dags/tutorial.py
[2023-03-06T18:54:24.910+0000] {processor.py:743} INFO - Processing file /home/airflow/.local/lib/python3.7/site-packages/airflow/example_dags/tutorial.py for tasks to queue
[2023-03-06T18:54:24.913+0000] {logging_mixin.py:137} INFO - [2023-03-06T18:54:24.913+0000] {dagbag.py:538} INFO - Filling up the DagBag from /home/airflow/.local/lib/python3.7/site-packages/airflow/example_dags/tutorial.py
[2023-03-06T18:54:24.937+0000] {processor.py:753} INFO - DAG(s) dict_keys(['tutorial']) retrieved from /home/airflow/.local/lib/python3.7/site-packages/airflow/example_dags/tutorial.py
[2023-03-06T18:54:24.978+0000] {logging_mixin.py:137} INFO - [2023-03-06T18:54:24.978+0000] {dag.py:2690} INFO - Sync 1 DAGs
[2023-03-06T18:54:25.017+0000] {logging_mixin.py:137} INFO - [2023-03-06T18:54:25.016+0000] {dag.py:3441} INFO - Setting next_dagrun for tutorial to 2023-03-05T18:54:25.016609+00:00, run_after=2023-03-06T18:54:25.016609+00:00
[2023-03-06T18:54:25.046+0000] {processor.py:175} INFO - Processing /home/airflow/.local/lib/python3.7/site-packages/airflow/example_dags/tutorial.py took 0.147 seconds
[2023-03-06T18:54:55.725+0000] {processor.py:153} INFO - Started process (PID=670) to work on /home/airflow/.local/lib/python3.7/site-packages/airflow/example_dags/tutorial.py
[2023-03-06T18:54:55.729+0000] {processor.py:743} INFO - Processing file /home/airflow/.local/lib/python3.7/site-packages/airflow/example_dags/tutorial.py for tasks to queue
[2023-03-06T18:54:55.734+0000] {logging_mixin.py:137} INFO - [2023-03-06T18:54:55.734+0000] {dagbag.py:538} INFO - Filling up the DagBag from /home/airflow/.local/lib/python3.7/site-packages/airflow/example_dags/tutorial.py
[2023-03-06T18:54:55.773+0000] {processor.py:753} INFO - DAG(s) dict_keys(['tutorial']) retrieved from /home/airflow/.local/lib/python3.7/site-packages/airflow/example_dags/tutorial.py
[2023-03-06T18:54:55.846+0000] {logging_mixin.py:137} INFO - [2023-03-06T18:54:55.845+0000] {dag.py:2690} INFO - Sync 1 DAGs
[2023-03-06T18:54:55.917+0000] {logging_mixin.py:137} INFO - [2023-03-06T18:54:55.917+0000] {dag.py:3441} INFO - Setting next_dagrun for tutorial to 2023-03-05T18:54:55.916644+00:00, run_after=2023-03-06T18:54:55.916644+00:00
[2023-03-06T18:54:55.961+0000] {processor.py:175} INFO - Processing /home/airflow/.local/lib/python3.7/site-packages/airflow/example_dags/tutorial.py took 0.245 seconds
[2023-03-06T18:55:26.152+0000] {processor.py:153} INFO - Started process (PID=740) to work on /home/airflow/.local/lib/python3.7/site-packages/airflow/example_dags/tutorial.py
[2023-03-06T18:55:26.155+0000] {processor.py:743} INFO - Processing file /home/airflow/.local/lib/python3.7/site-packages/airflow/example_dags/tutorial.py for tasks to queue
[2023-03-06T18:55:26.158+0000] {logging_mixin.py:137} INFO - [2023-03-06T18:55:26.158+0000] {dagbag.py:538} INFO - Filling up the DagBag from /home/airflow/.local/lib/python3.7/site-packages/airflow/example_dags/tutorial.py
[2023-03-06T18:55:26.193+0000] {processor.py:753} INFO - DAG(s) dict_keys(['tutorial']) retrieved from /home/airflow/.local/lib/python3.7/site-packages/airflow/example_dags/tutorial.py
[2023-03-06T18:55:26.284+0000] {logging_mixin.py:137} INFO - [2023-03-06T18:55:26.284+0000] {dag.py:2690} INFO - Sync 1 DAGs
[2023-03-06T18:55:26.336+0000] {logging_mixin.py:137} INFO - [2023-03-06T18:55:26.336+0000] {dag.py:3441} INFO - Setting next_dagrun for tutorial to 2023-03-05T18:55:26.336170+00:00, run_after=2023-03-06T18:55:26.336170+00:00
[2023-03-06T18:55:26.372+0000] {processor.py:175} INFO - Processing /home/airflow/.local/lib/python3.7/site-packages/airflow/example_dags/tutorial.py took 0.230 seconds
[2023-03-06T18:55:56.542+0000] {processor.py:153} INFO - Started process (PID=818) to work on /home/airflow/.local/lib/python3.7/site-packages/airflow/example_dags/tutorial.py
[2023-03-06T18:55:56.547+0000] {processor.py:743} INFO - Processing file /home/airflow/.local/lib/python3.7/site-packages/airflow/example_dags/tutorial.py for tasks to queue
[2023-03-06T18:55:56.549+0000] {logging_mixin.py:137} INFO - [2023-03-06T18:55:56.549+0000] {dagbag.py:538} INFO - Filling up the DagBag from /home/airflow/.local/lib/python3.7/site-packages/airflow/example_dags/tutorial.py
[2023-03-06T18:55:56.578+0000] {processor.py:753} INFO - DAG(s) dict_keys(['tutorial']) retrieved from /home/airflow/.local/lib/python3.7/site-packages/airflow/example_dags/tutorial.py
[2023-03-06T18:55:56.626+0000] {logging_mixin.py:137} INFO - [2023-03-06T18:55:56.626+0000] {dag.py:2690} INFO - Sync 1 DAGs
[2023-03-06T18:55:56.678+0000] {logging_mixin.py:137} INFO - [2023-03-06T18:55:56.678+0000] {dag.py:3441} INFO - Setting next_dagrun for tutorial to 2023-03-05T18:55:56.677644+00:00, run_after=2023-03-06T18:55:56.677644+00:00
[2023-03-06T18:55:56.723+0000] {processor.py:175} INFO - Processing /home/airflow/.local/lib/python3.7/site-packages/airflow/example_dags/tutorial.py took 0.188 seconds
[2023-03-06T18:56:26.860+0000] {processor.py:153} INFO - Started process (PID=885) to work on /home/airflow/.local/lib/python3.7/site-packages/airflow/example_dags/tutorial.py
[2023-03-06T18:56:26.864+0000] {processor.py:743} INFO - Processing file /home/airflow/.local/lib/python3.7/site-packages/airflow/example_dags/tutorial.py for tasks to queue
[2023-03-06T18:56:26.867+0000] {logging_mixin.py:137} INFO - [2023-03-06T18:56:26.867+0000] {dagbag.py:538} INFO - Filling up the DagBag from /home/airflow/.local/lib/python3.7/site-packages/airflow/example_dags/tutorial.py
[2023-03-06T18:56:26.895+0000] {processor.py:753} INFO - DAG(s) dict_keys(['tutorial']) retrieved from /home/airflow/.local/lib/python3.7/site-packages/airflow/example_dags/tutorial.py
[2023-03-06T18:56:26.939+0000] {logging_mixin.py:137} INFO - [2023-03-06T18:56:26.939+0000] {dag.py:2690} INFO - Sync 1 DAGs
[2023-03-06T18:56:26.985+0000] {logging_mixin.py:137} INFO - [2023-03-06T18:56:26.984+0000] {dag.py:3441} INFO - Setting next_dagrun for tutorial to 2023-03-05T18:56:26.984259+00:00, run_after=2023-03-06T18:56:26.984259+00:00
[2023-03-06T18:56:27.024+0000] {processor.py:175} INFO - Processing /home/airflow/.local/lib/python3.7/site-packages/airflow/example_dags/tutorial.py took 0.170 seconds
[2023-03-06T18:56:57.187+0000] {processor.py:153} INFO - Started process (PID=952) to work on /home/airflow/.local/lib/python3.7/site-packages/airflow/example_dags/tutorial.py
[2023-03-06T18:56:57.190+0000] {processor.py:743} INFO - Processing file /home/airflow/.local/lib/python3.7/site-packages/airflow/example_dags/tutorial.py for tasks to queue
[2023-03-06T18:56:57.192+0000] {logging_mixin.py:137} INFO - [2023-03-06T18:56:57.192+0000] {dagbag.py:538} INFO - Filling up the DagBag from /home/airflow/.local/lib/python3.7/site-packages/airflow/example_dags/tutorial.py
[2023-03-06T18:56:57.221+0000] {processor.py:753} INFO - DAG(s) dict_keys(['tutorial']) retrieved from /home/airflow/.local/lib/python3.7/site-packages/airflow/example_dags/tutorial.py
[2023-03-06T18:56:57.264+0000] {logging_mixin.py:137} INFO - [2023-03-06T18:56:57.264+0000] {dag.py:2690} INFO - Sync 1 DAGs
[2023-03-06T18:56:57.314+0000] {logging_mixin.py:137} INFO - [2023-03-06T18:56:57.314+0000] {dag.py:3441} INFO - Setting next_dagrun for tutorial to 2023-03-05T18:56:57.314371+00:00, run_after=2023-03-06T18:56:57.314371+00:00
[2023-03-06T18:56:57.346+0000] {processor.py:175} INFO - Processing /home/airflow/.local/lib/python3.7/site-packages/airflow/example_dags/tutorial.py took 0.165 seconds
[2023-03-06T18:57:28.380+0000] {processor.py:153} INFO - Started process (PID=1019) to work on /home/airflow/.local/lib/python3.7/site-packages/airflow/example_dags/tutorial.py
[2023-03-06T18:57:28.386+0000] {processor.py:743} INFO - Processing file /home/airflow/.local/lib/python3.7/site-packages/airflow/example_dags/tutorial.py for tasks to queue
[2023-03-06T18:57:28.388+0000] {logging_mixin.py:137} INFO - [2023-03-06T18:57:28.388+0000] {dagbag.py:538} INFO - Filling up the DagBag from /home/airflow/.local/lib/python3.7/site-packages/airflow/example_dags/tutorial.py
[2023-03-06T18:57:28.426+0000] {processor.py:753} INFO - DAG(s) dict_keys(['tutorial']) retrieved from /home/airflow/.local/lib/python3.7/site-packages/airflow/example_dags/tutorial.py
[2023-03-06T18:57:28.486+0000] {logging_mixin.py:137} INFO - [2023-03-06T18:57:28.485+0000] {dag.py:2690} INFO - Sync 1 DAGs
[2023-03-06T18:57:28.536+0000] {logging_mixin.py:137} INFO - [2023-03-06T18:57:28.536+0000] {dag.py:3441} INFO - Setting next_dagrun for tutorial to 2023-03-05T18:57:28.535992+00:00, run_after=2023-03-06T18:57:28.535992+00:00
[2023-03-06T18:57:28.572+0000] {processor.py:175} INFO - Processing /home/airflow/.local/lib/python3.7/site-packages/airflow/example_dags/tutorial.py took 0.201 seconds
[2023-03-06T18:57:59.164+0000] {processor.py:153} INFO - Started process (PID=1086) to work on /home/airflow/.local/lib/python3.7/site-packages/airflow/example_dags/tutorial.py
[2023-03-06T18:57:59.168+0000] {processor.py:743} INFO - Processing file /home/airflow/.local/lib/python3.7/site-packages/airflow/example_dags/tutorial.py for tasks to queue
[2023-03-06T18:57:59.171+0000] {logging_mixin.py:137} INFO - [2023-03-06T18:57:59.170+0000] {dagbag.py:538} INFO - Filling up the DagBag from /home/airflow/.local/lib/python3.7/site-packages/airflow/example_dags/tutorial.py
[2023-03-06T18:57:59.202+0000] {processor.py:753} INFO - DAG(s) dict_keys(['tutorial']) retrieved from /home/airflow/.local/lib/python3.7/site-packages/airflow/example_dags/tutorial.py
[2023-03-06T18:57:59.254+0000] {logging_mixin.py:137} INFO - [2023-03-06T18:57:59.253+0000] {dag.py:2690} INFO - Sync 1 DAGs
[2023-03-06T18:57:59.306+0000] {logging_mixin.py:137} INFO - [2023-03-06T18:57:59.306+0000] {dag.py:3441} INFO - Setting next_dagrun for tutorial to 2023-03-05T18:57:59.305569+00:00, run_after=2023-03-06T18:57:59.305569+00:00
[2023-03-06T18:57:59.347+0000] {processor.py:175} INFO - Processing /home/airflow/.local/lib/python3.7/site-packages/airflow/example_dags/tutorial.py took 0.192 seconds
[2023-03-06T18:58:30.146+0000] {processor.py:153} INFO - Started process (PID=1162) to work on /home/airflow/.local/lib/python3.7/site-packages/airflow/example_dags/tutorial.py
[2023-03-06T18:58:30.150+0000] {processor.py:743} INFO - Processing file /home/airflow/.local/lib/python3.7/site-packages/airflow/example_dags/tutorial.py for tasks to queue
[2023-03-06T18:58:30.151+0000] {logging_mixin.py:137} INFO - [2023-03-06T18:58:30.151+0000] {dagbag.py:538} INFO - Filling up the DagBag from /home/airflow/.local/lib/python3.7/site-packages/airflow/example_dags/tutorial.py
[2023-03-06T18:58:30.178+0000] {processor.py:753} INFO - DAG(s) dict_keys(['tutorial']) retrieved from /home/airflow/.local/lib/python3.7/site-packages/airflow/example_dags/tutorial.py
[2023-03-06T18:58:30.230+0000] {logging_mixin.py:137} INFO - [2023-03-06T18:58:30.230+0000] {dag.py:2690} INFO - Sync 1 DAGs
[2023-03-06T18:58:30.276+0000] {logging_mixin.py:137} INFO - [2023-03-06T18:58:30.275+0000] {dag.py:3441} INFO - Setting next_dagrun for tutorial to 2023-03-05T18:58:30.275534+00:00, run_after=2023-03-06T18:58:30.275534+00:00
[2023-03-06T18:58:30.311+0000] {processor.py:175} INFO - Processing /home/airflow/.local/lib/python3.7/site-packages/airflow/example_dags/tutorial.py took 0.172 seconds
[2023-03-06T18:59:00.925+0000] {processor.py:153} INFO - Started process (PID=1234) to work on /home/airflow/.local/lib/python3.7/site-packages/airflow/example_dags/tutorial.py
[2023-03-06T18:59:00.970+0000] {processor.py:743} INFO - Processing file /home/airflow/.local/lib/python3.7/site-packages/airflow/example_dags/tutorial.py for tasks to queue
[2023-03-06T18:59:00.982+0000] {logging_mixin.py:137} INFO - [2023-03-06T18:59:00.981+0000] {dagbag.py:538} INFO - Filling up the DagBag from /home/airflow/.local/lib/python3.7/site-packages/airflow/example_dags/tutorial.py
[2023-03-06T18:59:01.024+0000] {processor.py:753} INFO - DAG(s) dict_keys(['tutorial']) retrieved from /home/airflow/.local/lib/python3.7/site-packages/airflow/example_dags/tutorial.py
[2023-03-06T18:59:01.105+0000] {logging_mixin.py:137} INFO - [2023-03-06T18:59:01.105+0000] {dag.py:2690} INFO - Sync 1 DAGs
[2023-03-06T18:59:01.160+0000] {logging_mixin.py:137} INFO - [2023-03-06T18:59:01.160+0000] {dag.py:3441} INFO - Setting next_dagrun for tutorial to 2023-03-05T18:59:01.159420+00:00, run_after=2023-03-06T18:59:01.159420+00:00
[2023-03-06T18:59:01.216+0000] {processor.py:175} INFO - Processing /home/airflow/.local/lib/python3.7/site-packages/airflow/example_dags/tutorial.py took 0.305 seconds
[2023-03-06T18:59:31.311+0000] {processor.py:153} INFO - Started process (PID=1303) to work on /home/airflow/.local/lib/python3.7/site-packages/airflow/example_dags/tutorial.py
[2023-03-06T18:59:31.314+0000] {processor.py:743} INFO - Processing file /home/airflow/.local/lib/python3.7/site-packages/airflow/example_dags/tutorial.py for tasks to queue
[2023-03-06T18:59:31.316+0000] {logging_mixin.py:137} INFO - [2023-03-06T18:59:31.315+0000] {dagbag.py:538} INFO - Filling up the DagBag from /home/airflow/.local/lib/python3.7/site-packages/airflow/example_dags/tutorial.py
[2023-03-06T18:59:31.342+0000] {processor.py:753} INFO - DAG(s) dict_keys(['tutorial']) retrieved from /home/airflow/.local/lib/python3.7/site-packages/airflow/example_dags/tutorial.py
[2023-03-06T18:59:31.391+0000] {logging_mixin.py:137} INFO - [2023-03-06T18:59:31.391+0000] {dag.py:2690} INFO - Sync 1 DAGs
[2023-03-06T18:59:31.435+0000] {logging_mixin.py:137} INFO - [2023-03-06T18:59:31.435+0000] {dag.py:3441} INFO - Setting next_dagrun for tutorial to 2023-03-05T18:59:31.434731+00:00, run_after=2023-03-06T18:59:31.434731+00:00
[2023-03-06T18:59:31.467+0000] {processor.py:175} INFO - Processing /home/airflow/.local/lib/python3.7/site-packages/airflow/example_dags/tutorial.py took 0.164 seconds
[2023-03-06T19:00:01.587+0000] {processor.py:153} INFO - Started process (PID=1369) to work on /home/airflow/.local/lib/python3.7/site-packages/airflow/example_dags/tutorial.py
[2023-03-06T19:00:01.593+0000] {processor.py:743} INFO - Processing file /home/airflow/.local/lib/python3.7/site-packages/airflow/example_dags/tutorial.py for tasks to queue
[2023-03-06T19:00:01.599+0000] {logging_mixin.py:137} INFO - [2023-03-06T19:00:01.598+0000] {dagbag.py:538} INFO - Filling up the DagBag from /home/airflow/.local/lib/python3.7/site-packages/airflow/example_dags/tutorial.py
[2023-03-06T19:00:01.646+0000] {processor.py:753} INFO - DAG(s) dict_keys(['tutorial']) retrieved from /home/airflow/.local/lib/python3.7/site-packages/airflow/example_dags/tutorial.py
[2023-03-06T19:00:01.749+0000] {logging_mixin.py:137} INFO - [2023-03-06T19:00:01.748+0000] {dag.py:2690} INFO - Sync 1 DAGs
[2023-03-06T19:00:01.851+0000] {logging_mixin.py:137} INFO - [2023-03-06T19:00:01.850+0000] {dag.py:3441} INFO - Setting next_dagrun for tutorial to 2023-03-05T19:00:01.849588+00:00, run_after=2023-03-06T19:00:01.849588+00:00
[2023-03-06T19:00:01.923+0000] {processor.py:175} INFO - Processing /home/airflow/.local/lib/python3.7/site-packages/airflow/example_dags/tutorial.py took 0.347 seconds
[2023-03-06T19:00:32.144+0000] {processor.py:153} INFO - Started process (PID=1436) to work on /home/airflow/.local/lib/python3.7/site-packages/airflow/example_dags/tutorial.py
[2023-03-06T19:00:32.146+0000] {processor.py:743} INFO - Processing file /home/airflow/.local/lib/python3.7/site-packages/airflow/example_dags/tutorial.py for tasks to queue
[2023-03-06T19:00:32.149+0000] {logging_mixin.py:137} INFO - [2023-03-06T19:00:32.149+0000] {dagbag.py:538} INFO - Filling up the DagBag from /home/airflow/.local/lib/python3.7/site-packages/airflow/example_dags/tutorial.py
[2023-03-06T19:00:32.176+0000] {processor.py:753} INFO - DAG(s) dict_keys(['tutorial']) retrieved from /home/airflow/.local/lib/python3.7/site-packages/airflow/example_dags/tutorial.py
[2023-03-06T19:00:32.217+0000] {logging_mixin.py:137} INFO - [2023-03-06T19:00:32.217+0000] {dag.py:2690} INFO - Sync 1 DAGs
[2023-03-06T19:00:32.258+0000] {logging_mixin.py:137} INFO - [2023-03-06T19:00:32.258+0000] {dag.py:3441} INFO - Setting next_dagrun for tutorial to 2023-03-05T19:00:32.257809+00:00, run_after=2023-03-06T19:00:32.257809+00:00
[2023-03-06T19:00:32.289+0000] {processor.py:175} INFO - Processing /home/airflow/.local/lib/python3.7/site-packages/airflow/example_dags/tutorial.py took 0.150 seconds
[2023-03-06T19:01:02.795+0000] {processor.py:153} INFO - Started process (PID=1502) to work on /home/airflow/.local/lib/python3.7/site-packages/airflow/example_dags/tutorial.py
[2023-03-06T19:01:02.798+0000] {processor.py:743} INFO - Processing file /home/airflow/.local/lib/python3.7/site-packages/airflow/example_dags/tutorial.py for tasks to queue
[2023-03-06T19:01:02.801+0000] {logging_mixin.py:137} INFO - [2023-03-06T19:01:02.800+0000] {dagbag.py:538} INFO - Filling up the DagBag from /home/airflow/.local/lib/python3.7/site-packages/airflow/example_dags/tutorial.py
[2023-03-06T19:01:02.828+0000] {processor.py:753} INFO - DAG(s) dict_keys(['tutorial']) retrieved from /home/airflow/.local/lib/python3.7/site-packages/airflow/example_dags/tutorial.py
[2023-03-06T19:01:02.875+0000] {logging_mixin.py:137} INFO - [2023-03-06T19:01:02.874+0000] {dag.py:2690} INFO - Sync 1 DAGs
[2023-03-06T19:01:02.917+0000] {logging_mixin.py:137} INFO - [2023-03-06T19:01:02.917+0000] {dag.py:3441} INFO - Setting next_dagrun for tutorial to 2023-03-05T19:01:02.917430+00:00, run_after=2023-03-06T19:01:02.917430+00:00
[2023-03-06T19:01:02.957+0000] {processor.py:175} INFO - Processing /home/airflow/.local/lib/python3.7/site-packages/airflow/example_dags/tutorial.py took 0.172 seconds
[2023-03-06T19:01:33.299+0000] {processor.py:153} INFO - Started process (PID=1576) to work on /home/airflow/.local/lib/python3.7/site-packages/airflow/example_dags/tutorial.py
[2023-03-06T19:01:33.381+0000] {processor.py:743} INFO - Processing file /home/airflow/.local/lib/python3.7/site-packages/airflow/example_dags/tutorial.py for tasks to queue
[2023-03-06T19:01:33.473+0000] {logging_mixin.py:137} INFO - [2023-03-06T19:01:33.472+0000] {dagbag.py:538} INFO - Filling up the DagBag from /home/airflow/.local/lib/python3.7/site-packages/airflow/example_dags/tutorial.py
[2023-03-06T19:01:33.589+0000] {processor.py:753} INFO - DAG(s) dict_keys(['tutorial']) retrieved from /home/airflow/.local/lib/python3.7/site-packages/airflow/example_dags/tutorial.py
[2023-03-06T19:01:33.778+0000] {logging_mixin.py:137} INFO - [2023-03-06T19:01:33.777+0000] {dag.py:2690} INFO - Sync 1 DAGs
[2023-03-06T19:01:33.858+0000] {logging_mixin.py:137} INFO - [2023-03-06T19:01:33.858+0000] {dag.py:3441} INFO - Setting next_dagrun for tutorial to 2023-03-05T19:01:33.857641+00:00, run_after=2023-03-06T19:01:33.857641+00:00
[2023-03-06T19:01:33.910+0000] {processor.py:175} INFO - Processing /home/airflow/.local/lib/python3.7/site-packages/airflow/example_dags/tutorial.py took 0.652 seconds
[2023-03-06T19:02:04.650+0000] {processor.py:153} INFO - Started process (PID=1648) to work on /home/airflow/.local/lib/python3.7/site-packages/airflow/example_dags/tutorial.py
[2023-03-06T19:02:04.652+0000] {processor.py:743} INFO - Processing file /home/airflow/.local/lib/python3.7/site-packages/airflow/example_dags/tutorial.py for tasks to queue
[2023-03-06T19:02:04.655+0000] {logging_mixin.py:137} INFO - [2023-03-06T19:02:04.655+0000] {dagbag.py:538} INFO - Filling up the DagBag from /home/airflow/.local/lib/python3.7/site-packages/airflow/example_dags/tutorial.py
[2023-03-06T19:02:04.680+0000] {processor.py:753} INFO - DAG(s) dict_keys(['tutorial']) retrieved from /home/airflow/.local/lib/python3.7/site-packages/airflow/example_dags/tutorial.py
[2023-03-06T19:02:04.722+0000] {logging_mixin.py:137} INFO - [2023-03-06T19:02:04.722+0000] {dag.py:2690} INFO - Sync 1 DAGs
[2023-03-06T19:02:04.765+0000] {logging_mixin.py:137} INFO - [2023-03-06T19:02:04.765+0000] {dag.py:3441} INFO - Setting next_dagrun for tutorial to 2023-03-05T19:02:04.764720+00:00, run_after=2023-03-06T19:02:04.764720+00:00
[2023-03-06T19:02:04.799+0000] {processor.py:175} INFO - Processing /home/airflow/.local/lib/python3.7/site-packages/airflow/example_dags/tutorial.py took 0.154 seconds
[2023-03-06T19:02:35.385+0000] {processor.py:153} INFO - Started process (PID=1715) to work on /home/airflow/.local/lib/python3.7/site-packages/airflow/example_dags/tutorial.py
[2023-03-06T19:02:35.398+0000] {processor.py:743} INFO - Processing file /home/airflow/.local/lib/python3.7/site-packages/airflow/example_dags/tutorial.py for tasks to queue
[2023-03-06T19:02:35.405+0000] {logging_mixin.py:137} INFO - [2023-03-06T19:02:35.404+0000] {dagbag.py:538} INFO - Filling up the DagBag from /home/airflow/.local/lib/python3.7/site-packages/airflow/example_dags/tutorial.py
[2023-03-06T19:02:35.543+0000] {processor.py:753} INFO - DAG(s) dict_keys(['tutorial']) retrieved from /home/airflow/.local/lib/python3.7/site-packages/airflow/example_dags/tutorial.py
[2023-03-06T19:02:35.651+0000] {logging_mixin.py:137} INFO - [2023-03-06T19:02:35.650+0000] {dag.py:2690} INFO - Sync 1 DAGs
[2023-03-06T19:02:35.724+0000] {logging_mixin.py:137} INFO - [2023-03-06T19:02:35.723+0000] {dag.py:3441} INFO - Setting next_dagrun for tutorial to 2023-03-05T19:02:35.723383+00:00, run_after=2023-03-06T19:02:35.723383+00:00
[2023-03-06T19:02:35.788+0000] {processor.py:175} INFO - Processing /home/airflow/.local/lib/python3.7/site-packages/airflow/example_dags/tutorial.py took 0.420 seconds
[2023-03-06T19:03:05.908+0000] {processor.py:153} INFO - Started process (PID=1781) to work on /home/airflow/.local/lib/python3.7/site-packages/airflow/example_dags/tutorial.py
[2023-03-06T19:03:05.912+0000] {processor.py:743} INFO - Processing file /home/airflow/.local/lib/python3.7/site-packages/airflow/example_dags/tutorial.py for tasks to queue
[2023-03-06T19:03:05.917+0000] {logging_mixin.py:137} INFO - [2023-03-06T19:03:05.916+0000] {dagbag.py:538} INFO - Filling up the DagBag from /home/airflow/.local/lib/python3.7/site-packages/airflow/example_dags/tutorial.py
[2023-03-06T19:03:05.950+0000] {processor.py:753} INFO - DAG(s) dict_keys(['tutorial']) retrieved from /home/airflow/.local/lib/python3.7/site-packages/airflow/example_dags/tutorial.py
[2023-03-06T19:03:06.000+0000] {logging_mixin.py:137} INFO - [2023-03-06T19:03:06.000+0000] {dag.py:2690} INFO - Sync 1 DAGs
[2023-03-06T19:03:06.057+0000] {logging_mixin.py:137} INFO - [2023-03-06T19:03:06.056+0000] {dag.py:3441} INFO - Setting next_dagrun for tutorial to 2023-03-05T19:03:06.056413+00:00, run_after=2023-03-06T19:03:06.056413+00:00
[2023-03-06T19:03:06.104+0000] {processor.py:175} INFO - Processing /home/airflow/.local/lib/python3.7/site-packages/airflow/example_dags/tutorial.py took 0.204 seconds
[2023-03-06T19:03:36.288+0000] {processor.py:153} INFO - Started process (PID=1848) to work on /home/airflow/.local/lib/python3.7/site-packages/airflow/example_dags/tutorial.py
[2023-03-06T19:03:36.291+0000] {processor.py:743} INFO - Processing file /home/airflow/.local/lib/python3.7/site-packages/airflow/example_dags/tutorial.py for tasks to queue
[2023-03-06T19:03:36.293+0000] {logging_mixin.py:137} INFO - [2023-03-06T19:03:36.293+0000] {dagbag.py:538} INFO - Filling up the DagBag from /home/airflow/.local/lib/python3.7/site-packages/airflow/example_dags/tutorial.py
[2023-03-06T19:03:36.321+0000] {processor.py:753} INFO - DAG(s) dict_keys(['tutorial']) retrieved from /home/airflow/.local/lib/python3.7/site-packages/airflow/example_dags/tutorial.py
[2023-03-06T19:03:36.372+0000] {logging_mixin.py:137} INFO - [2023-03-06T19:03:36.372+0000] {dag.py:2690} INFO - Sync 1 DAGs
[2023-03-06T19:03:36.415+0000] {logging_mixin.py:137} INFO - [2023-03-06T19:03:36.415+0000] {dag.py:3441} INFO - Setting next_dagrun for tutorial to 2023-03-05T19:03:36.415031+00:00, run_after=2023-03-06T19:03:36.415031+00:00
[2023-03-06T19:03:36.449+0000] {processor.py:175} INFO - Processing /home/airflow/.local/lib/python3.7/site-packages/airflow/example_dags/tutorial.py took 0.168 seconds
[2023-03-06T19:04:06.895+0000] {processor.py:153} INFO - Started process (PID=1924) to work on /home/airflow/.local/lib/python3.7/site-packages/airflow/example_dags/tutorial.py
[2023-03-06T19:04:06.899+0000] {processor.py:743} INFO - Processing file /home/airflow/.local/lib/python3.7/site-packages/airflow/example_dags/tutorial.py for tasks to queue
[2023-03-06T19:04:06.902+0000] {logging_mixin.py:137} INFO - [2023-03-06T19:04:06.901+0000] {dagbag.py:538} INFO - Filling up the DagBag from /home/airflow/.local/lib/python3.7/site-packages/airflow/example_dags/tutorial.py
[2023-03-06T19:04:06.940+0000] {processor.py:753} INFO - DAG(s) dict_keys(['tutorial']) retrieved from /home/airflow/.local/lib/python3.7/site-packages/airflow/example_dags/tutorial.py
[2023-03-06T19:04:07.013+0000] {logging_mixin.py:137} INFO - [2023-03-06T19:04:07.013+0000] {dag.py:2690} INFO - Sync 1 DAGs
[2023-03-06T19:04:07.068+0000] {logging_mixin.py:137} INFO - [2023-03-06T19:04:07.067+0000] {dag.py:3441} INFO - Setting next_dagrun for tutorial to 2023-03-05T19:04:07.067465+00:00, run_after=2023-03-06T19:04:07.067465+00:00
[2023-03-06T19:04:07.103+0000] {processor.py:175} INFO - Processing /home/airflow/.local/lib/python3.7/site-packages/airflow/example_dags/tutorial.py took 0.218 seconds
[2023-03-06T19:04:40.826+0000] {processor.py:153} INFO - Started process (PID=1995) to work on /home/airflow/.local/lib/python3.7/site-packages/airflow/example_dags/tutorial.py
[2023-03-06T19:04:40.831+0000] {processor.py:743} INFO - Processing file /home/airflow/.local/lib/python3.7/site-packages/airflow/example_dags/tutorial.py for tasks to queue
[2023-03-06T19:04:40.836+0000] {logging_mixin.py:137} INFO - [2023-03-06T19:04:40.836+0000] {dagbag.py:538} INFO - Filling up the DagBag from /home/airflow/.local/lib/python3.7/site-packages/airflow/example_dags/tutorial.py
[2023-03-06T19:04:40.923+0000] {processor.py:753} INFO - DAG(s) dict_keys(['tutorial']) retrieved from /home/airflow/.local/lib/python3.7/site-packages/airflow/example_dags/tutorial.py
[2023-03-06T19:04:41.133+0000] {logging_mixin.py:137} INFO - [2023-03-06T19:04:41.132+0000] {dag.py:2690} INFO - Sync 1 DAGs
[2023-03-06T19:04:41.274+0000] {logging_mixin.py:137} INFO - [2023-03-06T19:04:41.274+0000] {dag.py:3441} INFO - Setting next_dagrun for tutorial to 2023-03-05T19:04:41.273706+00:00, run_after=2023-03-06T19:04:41.273706+00:00
[2023-03-06T19:04:41.383+0000] {processor.py:175} INFO - Processing /home/airflow/.local/lib/python3.7/site-packages/airflow/example_dags/tutorial.py took 0.577 seconds
[2023-03-06T19:05:11.877+0000] {processor.py:153} INFO - Started process (PID=2064) to work on /home/airflow/.local/lib/python3.7/site-packages/airflow/example_dags/tutorial.py
[2023-03-06T19:05:11.881+0000] {processor.py:743} INFO - Processing file /home/airflow/.local/lib/python3.7/site-packages/airflow/example_dags/tutorial.py for tasks to queue
[2023-03-06T19:05:11.886+0000] {logging_mixin.py:137} INFO - [2023-03-06T19:05:11.886+0000] {dagbag.py:538} INFO - Filling up the DagBag from /home/airflow/.local/lib/python3.7/site-packages/airflow/example_dags/tutorial.py
[2023-03-06T19:05:11.943+0000] {processor.py:753} INFO - DAG(s) dict_keys(['tutorial']) retrieved from /home/airflow/.local/lib/python3.7/site-packages/airflow/example_dags/tutorial.py
[2023-03-06T19:05:11.997+0000] {logging_mixin.py:137} INFO - [2023-03-06T19:05:11.997+0000] {dag.py:2690} INFO - Sync 1 DAGs
[2023-03-06T19:05:12.062+0000] {logging_mixin.py:137} INFO - [2023-03-06T19:05:12.062+0000] {dag.py:3441} INFO - Setting next_dagrun for tutorial to 2023-03-05T19:05:12.061351+00:00, run_after=2023-03-06T19:05:12.061351+00:00
[2023-03-06T19:05:12.132+0000] {processor.py:175} INFO - Processing /home/airflow/.local/lib/python3.7/site-packages/airflow/example_dags/tutorial.py took 0.262 seconds
[2023-03-06T19:05:42.471+0000] {processor.py:153} INFO - Started process (PID=2132) to work on /home/airflow/.local/lib/python3.7/site-packages/airflow/example_dags/tutorial.py
[2023-03-06T19:05:42.479+0000] {processor.py:743} INFO - Processing file /home/airflow/.local/lib/python3.7/site-packages/airflow/example_dags/tutorial.py for tasks to queue
[2023-03-06T19:05:42.492+0000] {logging_mixin.py:137} INFO - [2023-03-06T19:05:42.492+0000] {dagbag.py:538} INFO - Filling up the DagBag from /home/airflow/.local/lib/python3.7/site-packages/airflow/example_dags/tutorial.py
[2023-03-06T19:05:42.592+0000] {processor.py:753} INFO - DAG(s) dict_keys(['tutorial']) retrieved from /home/airflow/.local/lib/python3.7/site-packages/airflow/example_dags/tutorial.py
[2023-03-06T19:05:42.670+0000] {logging_mixin.py:137} INFO - [2023-03-06T19:05:42.669+0000] {dag.py:2690} INFO - Sync 1 DAGs
[2023-03-06T19:05:42.733+0000] {logging_mixin.py:137} INFO - [2023-03-06T19:05:42.733+0000] {dag.py:3441} INFO - Setting next_dagrun for tutorial to 2023-03-05T19:05:42.732749+00:00, run_after=2023-03-06T19:05:42.732749+00:00
[2023-03-06T19:05:42.780+0000] {processor.py:175} INFO - Processing /home/airflow/.local/lib/python3.7/site-packages/airflow/example_dags/tutorial.py took 0.322 seconds
[2023-03-06T19:06:13.177+0000] {processor.py:153} INFO - Started process (PID=2199) to work on /home/airflow/.local/lib/python3.7/site-packages/airflow/example_dags/tutorial.py
[2023-03-06T19:06:13.183+0000] {processor.py:743} INFO - Processing file /home/airflow/.local/lib/python3.7/site-packages/airflow/example_dags/tutorial.py for tasks to queue
[2023-03-06T19:06:13.193+0000] {logging_mixin.py:137} INFO - [2023-03-06T19:06:13.192+0000] {dagbag.py:538} INFO - Filling up the DagBag from /home/airflow/.local/lib/python3.7/site-packages/airflow/example_dags/tutorial.py
[2023-03-06T19:06:13.239+0000] {processor.py:753} INFO - DAG(s) dict_keys(['tutorial']) retrieved from /home/airflow/.local/lib/python3.7/site-packages/airflow/example_dags/tutorial.py
[2023-03-06T19:06:13.295+0000] {logging_mixin.py:137} INFO - [2023-03-06T19:06:13.295+0000] {dag.py:2690} INFO - Sync 1 DAGs
[2023-03-06T19:06:13.347+0000] {logging_mixin.py:137} INFO - [2023-03-06T19:06:13.347+0000] {dag.py:3441} INFO - Setting next_dagrun for tutorial to 2023-03-05T19:06:13.347364+00:00, run_after=2023-03-06T19:06:13.347364+00:00
[2023-03-06T19:06:13.411+0000] {processor.py:175} INFO - Processing /home/airflow/.local/lib/python3.7/site-packages/airflow/example_dags/tutorial.py took 0.244 seconds
[2023-03-06T19:07:46.135+0000] {processor.py:153} INFO - Started process (PID=2288) to work on /home/airflow/.local/lib/python3.7/site-packages/airflow/example_dags/tutorial.py
[2023-03-06T19:07:46.220+0000] {processor.py:743} INFO - Processing file /home/airflow/.local/lib/python3.7/site-packages/airflow/example_dags/tutorial.py for tasks to queue
[2023-03-06T19:07:46.241+0000] {logging_mixin.py:137} INFO - [2023-03-06T19:07:46.240+0000] {dagbag.py:538} INFO - Filling up the DagBag from /home/airflow/.local/lib/python3.7/site-packages/airflow/example_dags/tutorial.py
[2023-03-06T19:07:46.509+0000] {processor.py:753} INFO - DAG(s) dict_keys(['tutorial']) retrieved from /home/airflow/.local/lib/python3.7/site-packages/airflow/example_dags/tutorial.py
[2023-03-06T19:07:47.534+0000] {logging_mixin.py:137} INFO - [2023-03-06T19:07:47.534+0000] {dag.py:2690} INFO - Sync 1 DAGs
[2023-03-06T19:07:48.874+0000] {logging_mixin.py:137} INFO - [2023-03-06T19:07:48.873+0000] {dag.py:3441} INFO - Setting next_dagrun for tutorial to 2023-03-05T19:07:48.871268+00:00, run_after=2023-03-06T19:07:48.871268+00:00
[2023-03-06T19:07:49.579+0000] {processor.py:175} INFO - Processing /home/airflow/.local/lib/python3.7/site-packages/airflow/example_dags/tutorial.py took 3.935 seconds
[2023-03-06T19:08:20.966+0000] {processor.py:153} INFO - Started process (PID=2353) to work on /home/airflow/.local/lib/python3.7/site-packages/airflow/example_dags/tutorial.py
[2023-03-06T19:08:20.976+0000] {processor.py:743} INFO - Processing file /home/airflow/.local/lib/python3.7/site-packages/airflow/example_dags/tutorial.py for tasks to queue
[2023-03-06T19:08:20.979+0000] {logging_mixin.py:137} INFO - [2023-03-06T19:08:20.978+0000] {dagbag.py:538} INFO - Filling up the DagBag from /home/airflow/.local/lib/python3.7/site-packages/airflow/example_dags/tutorial.py
[2023-03-06T19:08:21.009+0000] {processor.py:753} INFO - DAG(s) dict_keys(['tutorial']) retrieved from /home/airflow/.local/lib/python3.7/site-packages/airflow/example_dags/tutorial.py
[2023-03-06T19:08:21.062+0000] {logging_mixin.py:137} INFO - [2023-03-06T19:08:21.062+0000] {dag.py:2690} INFO - Sync 1 DAGs
[2023-03-06T19:08:21.119+0000] {logging_mixin.py:137} INFO - [2023-03-06T19:08:21.119+0000] {dag.py:3441} INFO - Setting next_dagrun for tutorial to 2023-03-05T19:08:21.118712+00:00, run_after=2023-03-06T19:08:21.118712+00:00
[2023-03-06T19:08:21.169+0000] {processor.py:175} INFO - Processing /home/airflow/.local/lib/python3.7/site-packages/airflow/example_dags/tutorial.py took 0.211 seconds
[2023-03-06T19:08:51.677+0000] {processor.py:153} INFO - Started process (PID=2420) to work on /home/airflow/.local/lib/python3.7/site-packages/airflow/example_dags/tutorial.py
[2023-03-06T19:08:51.682+0000] {processor.py:743} INFO - Processing file /home/airflow/.local/lib/python3.7/site-packages/airflow/example_dags/tutorial.py for tasks to queue
[2023-03-06T19:08:51.685+0000] {logging_mixin.py:137} INFO - [2023-03-06T19:08:51.685+0000] {dagbag.py:538} INFO - Filling up the DagBag from /home/airflow/.local/lib/python3.7/site-packages/airflow/example_dags/tutorial.py
[2023-03-06T19:08:51.721+0000] {processor.py:753} INFO - DAG(s) dict_keys(['tutorial']) retrieved from /home/airflow/.local/lib/python3.7/site-packages/airflow/example_dags/tutorial.py
[2023-03-06T19:08:51.791+0000] {logging_mixin.py:137} INFO - [2023-03-06T19:08:51.791+0000] {dag.py:2690} INFO - Sync 1 DAGs
[2023-03-06T19:08:51.850+0000] {logging_mixin.py:137} INFO - [2023-03-06T19:08:51.849+0000] {dag.py:3441} INFO - Setting next_dagrun for tutorial to 2023-03-05T19:08:51.849438+00:00, run_after=2023-03-06T19:08:51.849438+00:00
[2023-03-06T19:08:51.894+0000] {processor.py:175} INFO - Processing /home/airflow/.local/lib/python3.7/site-packages/airflow/example_dags/tutorial.py took 0.227 seconds
[2023-03-06T19:09:22.030+0000] {processor.py:153} INFO - Started process (PID=2477) to work on /home/airflow/.local/lib/python3.7/site-packages/airflow/example_dags/tutorial.py
[2023-03-06T19:09:22.036+0000] {processor.py:743} INFO - Processing file /home/airflow/.local/lib/python3.7/site-packages/airflow/example_dags/tutorial.py for tasks to queue
[2023-03-06T19:09:22.041+0000] {logging_mixin.py:137} INFO - [2023-03-06T19:09:22.040+0000] {dagbag.py:538} INFO - Filling up the DagBag from /home/airflow/.local/lib/python3.7/site-packages/airflow/example_dags/tutorial.py
[2023-03-06T19:09:22.085+0000] {processor.py:753} INFO - DAG(s) dict_keys(['tutorial']) retrieved from /home/airflow/.local/lib/python3.7/site-packages/airflow/example_dags/tutorial.py
[2023-03-06T19:09:22.160+0000] {logging_mixin.py:137} INFO - [2023-03-06T19:09:22.159+0000] {dag.py:2690} INFO - Sync 1 DAGs
[2023-03-06T19:09:22.249+0000] {logging_mixin.py:137} INFO - [2023-03-06T19:09:22.249+0000] {dag.py:3441} INFO - Setting next_dagrun for tutorial to 2023-03-05T19:09:22.248555+00:00, run_after=2023-03-06T19:09:22.248555+00:00
[2023-03-06T19:09:22.303+0000] {processor.py:175} INFO - Processing /home/airflow/.local/lib/python3.7/site-packages/airflow/example_dags/tutorial.py took 0.292 seconds
[2023-03-06T19:09:55.428+0000] {processor.py:153} INFO - Started process (PID=2544) to work on /home/airflow/.local/lib/python3.7/site-packages/airflow/example_dags/tutorial.py
[2023-03-06T19:09:55.434+0000] {processor.py:743} INFO - Processing file /home/airflow/.local/lib/python3.7/site-packages/airflow/example_dags/tutorial.py for tasks to queue
[2023-03-06T19:09:55.452+0000] {logging_mixin.py:137} INFO - [2023-03-06T19:09:55.451+0000] {dagbag.py:538} INFO - Filling up the DagBag from /home/airflow/.local/lib/python3.7/site-packages/airflow/example_dags/tutorial.py
[2023-03-06T19:09:55.507+0000] {processor.py:753} INFO - DAG(s) dict_keys(['tutorial']) retrieved from /home/airflow/.local/lib/python3.7/site-packages/airflow/example_dags/tutorial.py
[2023-03-06T19:09:55.580+0000] {logging_mixin.py:137} INFO - [2023-03-06T19:09:55.579+0000] {dag.py:2690} INFO - Sync 1 DAGs
[2023-03-06T19:09:55.715+0000] {logging_mixin.py:137} INFO - [2023-03-06T19:09:55.714+0000] {dag.py:3441} INFO - Setting next_dagrun for tutorial to 2023-03-05T19:09:55.714178+00:00, run_after=2023-03-06T19:09:55.714178+00:00
[2023-03-06T19:09:55.775+0000] {processor.py:175} INFO - Processing /home/airflow/.local/lib/python3.7/site-packages/airflow/example_dags/tutorial.py took 0.363 seconds
[2023-03-06T19:10:26.515+0000] {processor.py:153} INFO - Started process (PID=2611) to work on /home/airflow/.local/lib/python3.7/site-packages/airflow/example_dags/tutorial.py
[2023-03-06T19:10:26.521+0000] {processor.py:743} INFO - Processing file /home/airflow/.local/lib/python3.7/site-packages/airflow/example_dags/tutorial.py for tasks to queue
[2023-03-06T19:10:26.526+0000] {logging_mixin.py:137} INFO - [2023-03-06T19:10:26.525+0000] {dagbag.py:538} INFO - Filling up the DagBag from /home/airflow/.local/lib/python3.7/site-packages/airflow/example_dags/tutorial.py
[2023-03-06T19:10:26.636+0000] {processor.py:753} INFO - DAG(s) dict_keys(['tutorial']) retrieved from /home/airflow/.local/lib/python3.7/site-packages/airflow/example_dags/tutorial.py
[2023-03-06T19:10:26.781+0000] {logging_mixin.py:137} INFO - [2023-03-06T19:10:26.781+0000] {dag.py:2690} INFO - Sync 1 DAGs
[2023-03-06T19:10:26.870+0000] {logging_mixin.py:137} INFO - [2023-03-06T19:10:26.869+0000] {dag.py:3441} INFO - Setting next_dagrun for tutorial to 2023-03-05T19:10:26.869397+00:00, run_after=2023-03-06T19:10:26.869397+00:00
[2023-03-06T19:10:26.929+0000] {processor.py:175} INFO - Processing /home/airflow/.local/lib/python3.7/site-packages/airflow/example_dags/tutorial.py took 0.452 seconds
[2023-03-06T19:10:57.204+0000] {processor.py:153} INFO - Started process (PID=2676) to work on /home/airflow/.local/lib/python3.7/site-packages/airflow/example_dags/tutorial.py
[2023-03-06T19:10:57.212+0000] {processor.py:743} INFO - Processing file /home/airflow/.local/lib/python3.7/site-packages/airflow/example_dags/tutorial.py for tasks to queue
[2023-03-06T19:10:57.223+0000] {logging_mixin.py:137} INFO - [2023-03-06T19:10:57.223+0000] {dagbag.py:538} INFO - Filling up the DagBag from /home/airflow/.local/lib/python3.7/site-packages/airflow/example_dags/tutorial.py
[2023-03-06T19:10:57.324+0000] {processor.py:753} INFO - DAG(s) dict_keys(['tutorial']) retrieved from /home/airflow/.local/lib/python3.7/site-packages/airflow/example_dags/tutorial.py
[2023-03-06T19:10:57.406+0000] {logging_mixin.py:137} INFO - [2023-03-06T19:10:57.405+0000] {dag.py:2690} INFO - Sync 1 DAGs
[2023-03-06T19:10:57.558+0000] {logging_mixin.py:137} INFO - [2023-03-06T19:10:57.558+0000] {dag.py:3441} INFO - Setting next_dagrun for tutorial to 2023-03-05T19:10:57.557185+00:00, run_after=2023-03-06T19:10:57.557185+00:00
[2023-03-06T19:10:57.686+0000] {processor.py:175} INFO - Processing /home/airflow/.local/lib/python3.7/site-packages/airflow/example_dags/tutorial.py took 0.503 seconds
[2023-03-06T19:11:27.829+0000] {processor.py:153} INFO - Started process (PID=2743) to work on /home/airflow/.local/lib/python3.7/site-packages/airflow/example_dags/tutorial.py
[2023-03-06T19:11:27.835+0000] {processor.py:743} INFO - Processing file /home/airflow/.local/lib/python3.7/site-packages/airflow/example_dags/tutorial.py for tasks to queue
[2023-03-06T19:11:27.842+0000] {logging_mixin.py:137} INFO - [2023-03-06T19:11:27.841+0000] {dagbag.py:538} INFO - Filling up the DagBag from /home/airflow/.local/lib/python3.7/site-packages/airflow/example_dags/tutorial.py
[2023-03-06T19:11:27.910+0000] {processor.py:753} INFO - DAG(s) dict_keys(['tutorial']) retrieved from /home/airflow/.local/lib/python3.7/site-packages/airflow/example_dags/tutorial.py
[2023-03-06T19:11:28.026+0000] {logging_mixin.py:137} INFO - [2023-03-06T19:11:28.025+0000] {dag.py:2690} INFO - Sync 1 DAGs
[2023-03-06T19:11:28.111+0000] {logging_mixin.py:137} INFO - [2023-03-06T19:11:28.111+0000] {dag.py:3441} INFO - Setting next_dagrun for tutorial to 2023-03-05T19:11:28.110401+00:00, run_after=2023-03-06T19:11:28.110401+00:00
[2023-03-06T19:11:28.190+0000] {processor.py:175} INFO - Processing /home/airflow/.local/lib/python3.7/site-packages/airflow/example_dags/tutorial.py took 0.378 seconds
[2023-03-06T19:12:00.381+0000] {processor.py:153} INFO - Started process (PID=2802) to work on /home/airflow/.local/lib/python3.7/site-packages/airflow/example_dags/tutorial.py
[2023-03-06T19:12:00.388+0000] {processor.py:743} INFO - Processing file /home/airflow/.local/lib/python3.7/site-packages/airflow/example_dags/tutorial.py for tasks to queue
[2023-03-06T19:12:00.399+0000] {logging_mixin.py:137} INFO - [2023-03-06T19:12:00.393+0000] {dagbag.py:538} INFO - Filling up the DagBag from /home/airflow/.local/lib/python3.7/site-packages/airflow/example_dags/tutorial.py
[2023-03-06T19:12:00.470+0000] {processor.py:753} INFO - DAG(s) dict_keys(['tutorial']) retrieved from /home/airflow/.local/lib/python3.7/site-packages/airflow/example_dags/tutorial.py
[2023-03-06T19:12:00.581+0000] {logging_mixin.py:137} INFO - [2023-03-06T19:12:00.581+0000] {dag.py:2690} INFO - Sync 1 DAGs
[2023-03-06T19:12:00.683+0000] {logging_mixin.py:137} INFO - [2023-03-06T19:12:00.682+0000] {dag.py:3441} INFO - Setting next_dagrun for tutorial to 2023-03-05T19:12:00.682091+00:00, run_after=2023-03-06T19:12:00.682091+00:00
[2023-03-06T19:12:00.777+0000] {processor.py:175} INFO - Processing /home/airflow/.local/lib/python3.7/site-packages/airflow/example_dags/tutorial.py took 0.448 seconds
