[2023-03-06T23:54:24.113+0000] {taskinstance.py:1083} INFO - Dependencies all met for <TaskInstance: bitcoin_second_webscrape.create_dataset manual__2023-03-06T23:53:56.749182+00:00 [queued]>
[2023-03-06T23:54:24.134+0000] {taskinstance.py:1083} INFO - Dependencies all met for <TaskInstance: bitcoin_second_webscrape.create_dataset manual__2023-03-06T23:53:56.749182+00:00 [queued]>
[2023-03-06T23:54:24.137+0000] {taskinstance.py:1279} INFO - 
--------------------------------------------------------------------------------
[2023-03-06T23:54:24.139+0000] {taskinstance.py:1280} INFO - Starting attempt 1 of 1
[2023-03-06T23:54:24.142+0000] {taskinstance.py:1281} INFO - 
--------------------------------------------------------------------------------
[2023-03-06T23:54:24.173+0000] {taskinstance.py:1300} INFO - Executing <Task(PythonOperator): create_dataset> on 2023-03-06 23:53:56.749182+00:00
[2023-03-06T23:54:24.189+0000] {standard_task_runner.py:55} INFO - Started process 407 to run task
[2023-03-06T23:54:24.200+0000] {standard_task_runner.py:82} INFO - Running: ['***', 'tasks', 'run', 'bitcoin_second_webscrape', 'create_dataset', 'manual__2023-03-06T23:53:56.749182+00:00', '--job-id', '136', '--raw', '--subdir', 'DAGS_FOLDER/main.py', '--cfg-path', '/tmp/tmpk1zbtjq4']
[2023-03-06T23:54:24.204+0000] {standard_task_runner.py:83} INFO - Job 136: Subtask create_dataset
[2023-03-06T23:54:24.361+0000] {task_command.py:388} INFO - Running <TaskInstance: bitcoin_second_webscrape.create_dataset manual__2023-03-06T23:53:56.749182+00:00 [running]> on host 12a6d3b9daec
[2023-03-06T23:54:24.515+0000] {taskinstance.py:1509} INFO - Exporting the following env vars:
AIRFLOW_CTX_DAG_EMAIL=***@example.com
AIRFLOW_CTX_DAG_OWNER=***
AIRFLOW_CTX_DAG_ID=bitcoin_second_webscrape
AIRFLOW_CTX_TASK_ID=create_dataset
AIRFLOW_CTX_EXECUTION_DATE=2023-03-06T23:53:56.749182+00:00
AIRFLOW_CTX_TRY_NUMBER=1
AIRFLOW_CTX_DAG_RUN_ID=manual__2023-03-06T23:53:56.749182+00:00
[2023-03-06T23:54:25.110+0000] {python.py:177} INFO - Done. Returned value was: None
[2023-03-06T23:54:25.137+0000] {taskinstance.py:1323} INFO - Marking task as SUCCESS. dag_id=bitcoin_second_webscrape, task_id=create_dataset, execution_date=20230306T235356, start_date=20230306T235424, end_date=20230306T235425
[2023-03-06T23:54:25.221+0000] {local_task_job.py:208} INFO - Task exited with return code 0
[2023-03-06T23:54:25.280+0000] {taskinstance.py:2578} INFO - 1 downstream tasks scheduled from follow-on schedule check
