[2023-03-09T16:22:56.544+0000] {taskinstance.py:1083} INFO - Dependencies all met for <TaskInstance: bitcoin_first_webscrape.transform_open_webscrape_pricing scheduled__2023-03-08T06:30:00+00:00 [queued]>
[2023-03-09T16:22:56.600+0000] {taskinstance.py:1083} INFO - Dependencies all met for <TaskInstance: bitcoin_first_webscrape.transform_open_webscrape_pricing scheduled__2023-03-08T06:30:00+00:00 [queued]>
[2023-03-09T16:22:56.602+0000] {taskinstance.py:1279} INFO - 
--------------------------------------------------------------------------------
[2023-03-09T16:22:56.604+0000] {taskinstance.py:1280} INFO - Starting attempt 1 of 1
[2023-03-09T16:22:56.607+0000] {taskinstance.py:1281} INFO - 
--------------------------------------------------------------------------------
[2023-03-09T16:22:56.663+0000] {taskinstance.py:1300} INFO - Executing <Task(PythonOperator): transform_open_webscrape_pricing> on 2023-03-08 06:30:00+00:00
[2023-03-09T16:22:56.675+0000] {standard_task_runner.py:55} INFO - Started process 87 to run task
[2023-03-09T16:22:56.685+0000] {standard_task_runner.py:82} INFO - Running: ['***', 'tasks', 'run', 'bitcoin_first_webscrape', 'transform_open_webscrape_pricing', 'scheduled__2023-03-08T06:30:00+00:00', '--job-id', '267', '--raw', '--subdir', 'DAGS_FOLDER/main.py', '--cfg-path', '/tmp/tmpqjzp4bla']
[2023-03-09T16:22:56.687+0000] {standard_task_runner.py:83} INFO - Job 267: Subtask transform_open_webscrape_pricing
[2023-03-09T16:22:56.811+0000] {task_command.py:388} INFO - Running <TaskInstance: bitcoin_first_webscrape.transform_open_webscrape_pricing scheduled__2023-03-08T06:30:00+00:00 [running]> on host cd114ba8c1f8
[2023-03-09T16:22:56.935+0000] {taskinstance.py:1509} INFO - Exporting the following env vars:
AIRFLOW_CTX_DAG_EMAIL=***@example.com
AIRFLOW_CTX_DAG_OWNER=***
AIRFLOW_CTX_DAG_ID=bitcoin_first_webscrape
AIRFLOW_CTX_TASK_ID=transform_open_webscrape_pricing
AIRFLOW_CTX_EXECUTION_DATE=2023-03-08T06:30:00+00:00
AIRFLOW_CTX_TRY_NUMBER=1
AIRFLOW_CTX_DAG_RUN_ID=scheduled__2023-03-08T06:30:00+00:00
[2023-03-09T16:22:56.986+0000] {python.py:177} INFO - Done. Returned value was: None
[2023-03-09T16:22:57.003+0000] {taskinstance.py:1323} INFO - Marking task as SUCCESS. dag_id=bitcoin_first_webscrape, task_id=transform_open_webscrape_pricing, execution_date=20230308T063000, start_date=20230309T162256, end_date=20230309T162257
[2023-03-09T16:22:57.065+0000] {local_task_job.py:208} INFO - Task exited with return code 0
[2023-03-09T16:22:57.121+0000] {taskinstance.py:2578} INFO - 0 downstream tasks scheduled from follow-on schedule check
