[2023-03-06T23:10:10.039+0000] {taskinstance.py:1083} INFO - Dependencies all met for <TaskInstance: bitcoin_first_webscrape.get_transform_historical_data manual__2023-03-06T23:10:00.408212+00:00 [queued]>
[2023-03-06T23:10:10.068+0000] {taskinstance.py:1083} INFO - Dependencies all met for <TaskInstance: bitcoin_first_webscrape.get_transform_historical_data manual__2023-03-06T23:10:00.408212+00:00 [queued]>
[2023-03-06T23:10:10.071+0000] {taskinstance.py:1279} INFO - 
--------------------------------------------------------------------------------
[2023-03-06T23:10:10.077+0000] {taskinstance.py:1280} INFO - Starting attempt 1 of 1
[2023-03-06T23:10:10.084+0000] {taskinstance.py:1281} INFO - 
--------------------------------------------------------------------------------
[2023-03-06T23:10:10.155+0000] {taskinstance.py:1300} INFO - Executing <Task(PythonOperator): get_transform_historical_data> on 2023-03-06 23:10:00.408212+00:00
[2023-03-06T23:10:10.177+0000] {standard_task_runner.py:55} INFO - Started process 641 to run task
[2023-03-06T23:10:10.200+0000] {standard_task_runner.py:82} INFO - Running: ['***', 'tasks', 'run', 'bitcoin_first_webscrape', 'get_transform_historical_data', 'manual__2023-03-06T23:10:00.408212+00:00', '--job-id', '109', '--raw', '--subdir', 'DAGS_FOLDER/main.py', '--cfg-path', '/tmp/tmp0bfglyez']
[2023-03-06T23:10:10.208+0000] {standard_task_runner.py:83} INFO - Job 109: Subtask get_transform_historical_data
[2023-03-06T23:10:10.472+0000] {task_command.py:388} INFO - Running <TaskInstance: bitcoin_first_webscrape.get_transform_historical_data manual__2023-03-06T23:10:00.408212+00:00 [running]> on host 12a6d3b9daec
[2023-03-06T23:10:10.680+0000] {taskinstance.py:1509} INFO - Exporting the following env vars:
AIRFLOW_CTX_DAG_EMAIL=***@example.com
AIRFLOW_CTX_DAG_OWNER=***
AIRFLOW_CTX_DAG_ID=bitcoin_first_webscrape
AIRFLOW_CTX_TASK_ID=get_transform_historical_data
AIRFLOW_CTX_EXECUTION_DATE=2023-03-06T23:10:00.408212+00:00
AIRFLOW_CTX_TRY_NUMBER=1
AIRFLOW_CTX_DAG_RUN_ID=manual__2023-03-06T23:10:00.408212+00:00
[2023-03-06T23:10:11.037+0000] {python.py:177} INFO - Done. Returned value was: None
[2023-03-06T23:10:11.062+0000] {taskinstance.py:1323} INFO - Marking task as SUCCESS. dag_id=bitcoin_first_webscrape, task_id=get_transform_historical_data, execution_date=20230306T231000, start_date=20230306T231010, end_date=20230306T231011
[2023-03-06T23:10:11.140+0000] {local_task_job.py:208} INFO - Task exited with return code 0
[2023-03-06T23:10:11.223+0000] {taskinstance.py:2578} INFO - 1 downstream tasks scheduled from follow-on schedule check
