[2023-03-08T16:56:55.032+0000] {taskinstance.py:1083} INFO - Dependencies all met for <TaskInstance: bitcoin_second_webscrape.gcs_csv_file_upload scheduled__2023-03-07T13:00:00+00:00 [queued]>
[2023-03-08T16:56:55.045+0000] {taskinstance.py:1083} INFO - Dependencies all met for <TaskInstance: bitcoin_second_webscrape.gcs_csv_file_upload scheduled__2023-03-07T13:00:00+00:00 [queued]>
[2023-03-08T16:56:55.047+0000] {taskinstance.py:1279} INFO - 
--------------------------------------------------------------------------------
[2023-03-08T16:56:55.048+0000] {taskinstance.py:1280} INFO - Starting attempt 1 of 1
[2023-03-08T16:56:55.049+0000] {taskinstance.py:1281} INFO - 
--------------------------------------------------------------------------------
[2023-03-08T16:56:55.068+0000] {taskinstance.py:1300} INFO - Executing <Task(PythonOperator): gcs_csv_file_upload> on 2023-03-07 13:00:00+00:00
[2023-03-08T16:56:55.078+0000] {standard_task_runner.py:55} INFO - Started process 121 to run task
[2023-03-08T16:56:55.083+0000] {standard_task_runner.py:82} INFO - Running: ['***', 'tasks', 'run', 'bitcoin_second_webscrape', 'gcs_csv_file_upload', 'scheduled__2023-03-07T13:00:00+00:00', '--job-id', '202', '--raw', '--subdir', 'DAGS_FOLDER/main.py', '--cfg-path', '/tmp/tmp8sx6d_mq']
[2023-03-08T16:56:55.085+0000] {standard_task_runner.py:83} INFO - Job 202: Subtask gcs_csv_file_upload
[2023-03-08T16:56:55.199+0000] {task_command.py:388} INFO - Running <TaskInstance: bitcoin_second_webscrape.gcs_csv_file_upload scheduled__2023-03-07T13:00:00+00:00 [running]> on host cd114ba8c1f8
[2023-03-08T16:56:55.306+0000] {taskinstance.py:1509} INFO - Exporting the following env vars:
AIRFLOW_CTX_DAG_EMAIL=***@example.com
AIRFLOW_CTX_DAG_OWNER=***
AIRFLOW_CTX_DAG_ID=bitcoin_second_webscrape
AIRFLOW_CTX_TASK_ID=gcs_csv_file_upload
AIRFLOW_CTX_EXECUTION_DATE=2023-03-07T13:00:00+00:00
AIRFLOW_CTX_TRY_NUMBER=1
AIRFLOW_CTX_DAG_RUN_ID=scheduled__2023-03-07T13:00:00+00:00
[2023-03-08T16:56:56.439+0000] {python.py:177} INFO - Done. Returned value was: None
[2023-03-08T16:56:56.640+0000] {taskinstance.py:1323} INFO - Marking task as SUCCESS. dag_id=bitcoin_second_webscrape, task_id=gcs_csv_file_upload, execution_date=20230307T130000, start_date=20230308T165655, end_date=20230308T165656
[2023-03-08T16:56:56.727+0000] {local_task_job.py:208} INFO - Task exited with return code 0
[2023-03-08T16:56:56.845+0000] {taskinstance.py:2578} INFO - 1 downstream tasks scheduled from follow-on schedule check
