[2023-03-08T16:58:40.222+0000] {taskinstance.py:1083} INFO - Dependencies all met for <TaskInstance: bitcoin_first_webscrape.transform_open_webscrape_pricing manual__2023-03-08T16:58:27.519911+00:00 [queued]>
[2023-03-08T16:58:40.304+0000] {taskinstance.py:1083} INFO - Dependencies all met for <TaskInstance: bitcoin_first_webscrape.transform_open_webscrape_pricing manual__2023-03-08T16:58:27.519911+00:00 [queued]>
[2023-03-08T16:58:40.307+0000] {taskinstance.py:1279} INFO - 
--------------------------------------------------------------------------------
[2023-03-08T16:58:40.309+0000] {taskinstance.py:1280} INFO - Starting attempt 1 of 1
[2023-03-08T16:58:40.317+0000] {taskinstance.py:1281} INFO - 
--------------------------------------------------------------------------------
[2023-03-08T16:58:40.461+0000] {taskinstance.py:1300} INFO - Executing <Task(PythonOperator): transform_open_webscrape_pricing> on 2023-03-08 16:58:27.519911+00:00
[2023-03-08T16:58:40.504+0000] {standard_task_runner.py:55} INFO - Started process 232 to run task
[2023-03-08T16:58:40.549+0000] {standard_task_runner.py:82} INFO - Running: ['***', 'tasks', 'run', 'bitcoin_first_webscrape', 'transform_open_webscrape_pricing', 'manual__2023-03-08T16:58:27.519911+00:00', '--job-id', '206', '--raw', '--subdir', 'DAGS_FOLDER/main.py', '--cfg-path', '/tmp/tmp7x1lz5gc']
[2023-03-08T16:58:40.552+0000] {standard_task_runner.py:83} INFO - Job 206: Subtask transform_open_webscrape_pricing
[2023-03-08T16:58:40.851+0000] {task_command.py:388} INFO - Running <TaskInstance: bitcoin_first_webscrape.transform_open_webscrape_pricing manual__2023-03-08T16:58:27.519911+00:00 [running]> on host cd114ba8c1f8
[2023-03-08T16:58:41.042+0000] {taskinstance.py:1509} INFO - Exporting the following env vars:
AIRFLOW_CTX_DAG_EMAIL=***@example.com
AIRFLOW_CTX_DAG_OWNER=***
AIRFLOW_CTX_DAG_ID=bitcoin_first_webscrape
AIRFLOW_CTX_TASK_ID=transform_open_webscrape_pricing
AIRFLOW_CTX_EXECUTION_DATE=2023-03-08T16:58:27.519911+00:00
AIRFLOW_CTX_TRY_NUMBER=1
AIRFLOW_CTX_DAG_RUN_ID=manual__2023-03-08T16:58:27.519911+00:00
[2023-03-08T16:58:41.121+0000] {python.py:177} INFO - Done. Returned value was: None
[2023-03-08T16:58:41.139+0000] {taskinstance.py:1323} INFO - Marking task as SUCCESS. dag_id=bitcoin_first_webscrape, task_id=transform_open_webscrape_pricing, execution_date=20230308T165827, start_date=20230308T165840, end_date=20230308T165841
[2023-03-08T16:58:41.255+0000] {local_task_job.py:208} INFO - Task exited with return code 0
[2023-03-08T16:58:41.300+0000] {taskinstance.py:2578} INFO - 0 downstream tasks scheduled from follow-on schedule check
