[2023-03-08T00:00:29.640+0000] {processor.py:153} INFO - Started process (PID=2293) to work on /opt/airflow/dags/main.py
[2023-03-08T00:00:29.660+0000] {processor.py:743} INFO - Processing file /opt/airflow/dags/main.py for tasks to queue
[2023-03-08T00:00:29.678+0000] {logging_mixin.py:137} INFO - [2023-03-08T00:00:29.668+0000] {dagbag.py:538} INFO - Filling up the DagBag from /opt/airflow/dags/main.py
[2023-03-08T00:00:33.888+0000] {logging_mixin.py:137} INFO - /opt/airflow/dags/main.py
[2023-03-08T00:00:33.900+0000] {logging_mixin.py:137} INFO - /opt/airflow/dags/main.py
[2023-03-08T00:00:33.931+0000] {processor.py:753} INFO - DAG(s) dict_keys(['bitcoin_first_webscrape', 'bitcoin_second_webscrape']) retrieved from /opt/airflow/dags/main.py
[2023-03-08T00:00:33.987+0000] {logging_mixin.py:137} INFO - [2023-03-08T00:00:33.986+0000] {dag.py:2690} INFO - Sync 2 DAGs
[2023-03-08T00:00:34.084+0000] {logging_mixin.py:137} INFO - [2023-03-08T00:00:34.084+0000] {dag.py:3441} INFO - Setting next_dagrun for bitcoin_first_webscrape to 2023-03-07T06:30:00+00:00, run_after=2023-03-08T06:30:00+00:00
[2023-03-08T00:00:34.122+0000] {logging_mixin.py:137} INFO - [2023-03-08T00:00:34.121+0000] {dag.py:3441} INFO - Setting next_dagrun for bitcoin_second_webscrape to 2023-03-07T13:00:00+00:00, run_after=2023-03-08T13:00:00+00:00
[2023-03-08T00:00:34.238+0000] {processor.py:175} INFO - Processing /opt/airflow/dags/main.py took 4.662 seconds
[2023-03-08T00:01:04.990+0000] {processor.py:153} INFO - Started process (PID=2368) to work on /opt/airflow/dags/main.py
[2023-03-08T00:01:04.996+0000] {processor.py:743} INFO - Processing file /opt/airflow/dags/main.py for tasks to queue
[2023-03-08T00:01:05.009+0000] {logging_mixin.py:137} INFO - [2023-03-08T00:01:05.009+0000] {dagbag.py:538} INFO - Filling up the DagBag from /opt/airflow/dags/main.py
[2023-03-08T00:01:09.443+0000] {logging_mixin.py:137} INFO - /opt/airflow/dags/main.py
[2023-03-08T00:01:09.452+0000] {logging_mixin.py:137} INFO - /opt/airflow/dags/main.py
[2023-03-08T00:01:09.485+0000] {processor.py:753} INFO - DAG(s) dict_keys(['bitcoin_second_webscrape', 'bitcoin_first_webscrape']) retrieved from /opt/airflow/dags/main.py
[2023-03-08T00:01:09.560+0000] {logging_mixin.py:137} INFO - [2023-03-08T00:01:09.559+0000] {dag.py:2690} INFO - Sync 2 DAGs
[2023-03-08T00:01:09.740+0000] {logging_mixin.py:137} INFO - [2023-03-08T00:01:09.740+0000] {dag.py:3441} INFO - Setting next_dagrun for bitcoin_first_webscrape to 2023-03-07T06:30:00+00:00, run_after=2023-03-08T06:30:00+00:00
[2023-03-08T00:01:09.759+0000] {logging_mixin.py:137} INFO - [2023-03-08T00:01:09.758+0000] {dag.py:3441} INFO - Setting next_dagrun for bitcoin_second_webscrape to 2023-03-07T13:00:00+00:00, run_after=2023-03-08T13:00:00+00:00
[2023-03-08T00:01:09.816+0000] {processor.py:175} INFO - Processing /opt/airflow/dags/main.py took 4.854 seconds
[2023-03-08T00:01:40.507+0000] {processor.py:153} INFO - Started process (PID=2446) to work on /opt/airflow/dags/main.py
[2023-03-08T00:01:40.517+0000] {processor.py:743} INFO - Processing file /opt/airflow/dags/main.py for tasks to queue
[2023-03-08T00:01:40.522+0000] {logging_mixin.py:137} INFO - [2023-03-08T00:01:40.521+0000] {dagbag.py:538} INFO - Filling up the DagBag from /opt/airflow/dags/main.py
[2023-03-08T00:01:48.388+0000] {logging_mixin.py:137} INFO - /opt/airflow/dags/main.py
[2023-03-08T00:01:48.401+0000] {logging_mixin.py:137} INFO - /opt/airflow/dags/main.py
[2023-03-08T00:01:48.554+0000] {processor.py:753} INFO - DAG(s) dict_keys(['bitcoin_second_webscrape', 'bitcoin_first_webscrape']) retrieved from /opt/airflow/dags/main.py
[2023-03-08T00:01:48.702+0000] {logging_mixin.py:137} INFO - [2023-03-08T00:01:48.700+0000] {dag.py:2690} INFO - Sync 2 DAGs
[2023-03-08T00:01:48.889+0000] {logging_mixin.py:137} INFO - [2023-03-08T00:01:48.889+0000] {dag.py:3441} INFO - Setting next_dagrun for bitcoin_first_webscrape to 2023-03-07T06:30:00+00:00, run_after=2023-03-08T06:30:00+00:00
[2023-03-08T00:01:48.974+0000] {logging_mixin.py:137} INFO - [2023-03-08T00:01:48.973+0000] {dag.py:3441} INFO - Setting next_dagrun for bitcoin_second_webscrape to 2023-03-07T13:00:00+00:00, run_after=2023-03-08T13:00:00+00:00
[2023-03-08T00:01:49.167+0000] {processor.py:175} INFO - Processing /opt/airflow/dags/main.py took 8.716 seconds
[2023-03-08T00:02:26.817+0000] {processor.py:153} INFO - Started process (PID=2523) to work on /opt/airflow/dags/main.py
[2023-03-08T00:02:26.827+0000] {processor.py:743} INFO - Processing file /opt/airflow/dags/main.py for tasks to queue
[2023-03-08T00:02:26.835+0000] {logging_mixin.py:137} INFO - [2023-03-08T00:02:26.834+0000] {dagbag.py:538} INFO - Filling up the DagBag from /opt/airflow/dags/main.py
[2023-03-08T00:02:31.650+0000] {logging_mixin.py:137} INFO - /opt/airflow/dags/main.py
[2023-03-08T00:02:31.669+0000] {logging_mixin.py:137} INFO - /opt/airflow/dags/main.py
[2023-03-08T00:02:31.714+0000] {processor.py:753} INFO - DAG(s) dict_keys(['bitcoin_second_webscrape', 'bitcoin_first_webscrape']) retrieved from /opt/airflow/dags/main.py
[2023-03-08T00:02:31.782+0000] {logging_mixin.py:137} INFO - [2023-03-08T00:02:31.779+0000] {dag.py:2690} INFO - Sync 2 DAGs
[2023-03-08T00:02:31.933+0000] {logging_mixin.py:137} INFO - [2023-03-08T00:02:31.932+0000] {dag.py:3441} INFO - Setting next_dagrun for bitcoin_first_webscrape to 2023-03-07T06:30:00+00:00, run_after=2023-03-08T06:30:00+00:00
[2023-03-08T00:02:31.958+0000] {logging_mixin.py:137} INFO - [2023-03-08T00:02:31.957+0000] {dag.py:3441} INFO - Setting next_dagrun for bitcoin_second_webscrape to 2023-03-07T13:00:00+00:00, run_after=2023-03-08T13:00:00+00:00
[2023-03-08T00:02:32.013+0000] {processor.py:175} INFO - Processing /opt/airflow/dags/main.py took 5.231 seconds
[2023-03-08T00:03:02.534+0000] {processor.py:153} INFO - Started process (PID=2597) to work on /opt/airflow/dags/main.py
[2023-03-08T00:03:02.540+0000] {processor.py:743} INFO - Processing file /opt/airflow/dags/main.py for tasks to queue
[2023-03-08T00:03:02.547+0000] {logging_mixin.py:137} INFO - [2023-03-08T00:03:02.547+0000] {dagbag.py:538} INFO - Filling up the DagBag from /opt/airflow/dags/main.py
[2023-03-08T00:03:07.510+0000] {logging_mixin.py:137} INFO - /opt/airflow/dags/main.py
[2023-03-08T00:03:07.522+0000] {logging_mixin.py:137} INFO - /opt/airflow/dags/main.py
[2023-03-08T00:03:07.606+0000] {processor.py:753} INFO - DAG(s) dict_keys(['bitcoin_second_webscrape', 'bitcoin_first_webscrape']) retrieved from /opt/airflow/dags/main.py
[2023-03-08T00:03:07.745+0000] {logging_mixin.py:137} INFO - [2023-03-08T00:03:07.743+0000] {dag.py:2690} INFO - Sync 2 DAGs
[2023-03-08T00:03:07.868+0000] {logging_mixin.py:137} INFO - [2023-03-08T00:03:07.867+0000] {dag.py:3441} INFO - Setting next_dagrun for bitcoin_first_webscrape to 2023-03-07T06:30:00+00:00, run_after=2023-03-08T06:30:00+00:00
[2023-03-08T00:03:07.896+0000] {logging_mixin.py:137} INFO - [2023-03-08T00:03:07.895+0000] {dag.py:3441} INFO - Setting next_dagrun for bitcoin_second_webscrape to 2023-03-07T13:00:00+00:00, run_after=2023-03-08T13:00:00+00:00
[2023-03-08T00:03:07.961+0000] {processor.py:175} INFO - Processing /opt/airflow/dags/main.py took 5.492 seconds
[2023-03-08T00:03:38.175+0000] {processor.py:153} INFO - Started process (PID=2674) to work on /opt/airflow/dags/main.py
[2023-03-08T00:03:38.187+0000] {processor.py:743} INFO - Processing file /opt/airflow/dags/main.py for tasks to queue
[2023-03-08T00:03:38.193+0000] {logging_mixin.py:137} INFO - [2023-03-08T00:03:38.192+0000] {dagbag.py:538} INFO - Filling up the DagBag from /opt/airflow/dags/main.py
[2023-03-08T00:03:42.611+0000] {logging_mixin.py:137} INFO - /opt/airflow/dags/main.py
[2023-03-08T00:03:42.620+0000] {logging_mixin.py:137} INFO - /opt/airflow/dags/main.py
[2023-03-08T00:03:42.651+0000] {processor.py:753} INFO - DAG(s) dict_keys(['bitcoin_first_webscrape', 'bitcoin_second_webscrape']) retrieved from /opt/airflow/dags/main.py
[2023-03-08T00:03:42.708+0000] {logging_mixin.py:137} INFO - [2023-03-08T00:03:42.707+0000] {dag.py:2690} INFO - Sync 2 DAGs
[2023-03-08T00:03:42.883+0000] {logging_mixin.py:137} INFO - [2023-03-08T00:03:42.882+0000] {dag.py:3441} INFO - Setting next_dagrun for bitcoin_first_webscrape to 2023-03-07T06:30:00+00:00, run_after=2023-03-08T06:30:00+00:00
[2023-03-08T00:03:42.906+0000] {logging_mixin.py:137} INFO - [2023-03-08T00:03:42.906+0000] {dag.py:3441} INFO - Setting next_dagrun for bitcoin_second_webscrape to 2023-03-07T13:00:00+00:00, run_after=2023-03-08T13:00:00+00:00
[2023-03-08T00:03:42.953+0000] {processor.py:175} INFO - Processing /opt/airflow/dags/main.py took 4.814 seconds
[2023-03-08T00:04:13.218+0000] {processor.py:153} INFO - Started process (PID=2749) to work on /opt/airflow/dags/main.py
[2023-03-08T00:04:13.223+0000] {processor.py:743} INFO - Processing file /opt/airflow/dags/main.py for tasks to queue
[2023-03-08T00:04:13.227+0000] {logging_mixin.py:137} INFO - [2023-03-08T00:04:13.227+0000] {dagbag.py:538} INFO - Filling up the DagBag from /opt/airflow/dags/main.py
[2023-03-08T00:04:16.176+0000] {logging_mixin.py:137} INFO - /opt/airflow/dags/main.py
[2023-03-08T00:04:16.184+0000] {logging_mixin.py:137} INFO - /opt/airflow/dags/main.py
[2023-03-08T00:04:16.216+0000] {processor.py:753} INFO - DAG(s) dict_keys(['bitcoin_second_webscrape', 'bitcoin_first_webscrape']) retrieved from /opt/airflow/dags/main.py
[2023-03-08T00:04:16.263+0000] {logging_mixin.py:137} INFO - [2023-03-08T00:04:16.262+0000] {dag.py:2690} INFO - Sync 2 DAGs
[2023-03-08T00:04:16.354+0000] {logging_mixin.py:137} INFO - [2023-03-08T00:04:16.354+0000] {dag.py:3441} INFO - Setting next_dagrun for bitcoin_first_webscrape to 2023-03-07T06:30:00+00:00, run_after=2023-03-08T06:30:00+00:00
[2023-03-08T00:04:16.387+0000] {logging_mixin.py:137} INFO - [2023-03-08T00:04:16.386+0000] {dag.py:3441} INFO - Setting next_dagrun for bitcoin_second_webscrape to 2023-03-07T13:00:00+00:00, run_after=2023-03-08T13:00:00+00:00
[2023-03-08T00:04:16.473+0000] {processor.py:175} INFO - Processing /opt/airflow/dags/main.py took 3.266 seconds
[2023-03-08T00:04:46.672+0000] {processor.py:153} INFO - Started process (PID=2822) to work on /opt/airflow/dags/main.py
[2023-03-08T00:04:46.675+0000] {processor.py:743} INFO - Processing file /opt/airflow/dags/main.py for tasks to queue
[2023-03-08T00:04:46.679+0000] {logging_mixin.py:137} INFO - [2023-03-08T00:04:46.679+0000] {dagbag.py:538} INFO - Filling up the DagBag from /opt/airflow/dags/main.py
[2023-03-08T00:04:49.251+0000] {logging_mixin.py:137} INFO - /opt/airflow/dags/main.py
[2023-03-08T00:04:49.283+0000] {logging_mixin.py:137} INFO - /opt/airflow/dags/main.py
[2023-03-08T00:04:49.397+0000] {processor.py:753} INFO - DAG(s) dict_keys(['bitcoin_first_webscrape', 'bitcoin_second_webscrape']) retrieved from /opt/airflow/dags/main.py
[2023-03-08T00:04:49.618+0000] {logging_mixin.py:137} INFO - [2023-03-08T00:04:49.617+0000] {dag.py:2690} INFO - Sync 2 DAGs
[2023-03-08T00:04:49.811+0000] {logging_mixin.py:137} INFO - [2023-03-08T00:04:49.801+0000] {dag.py:3441} INFO - Setting next_dagrun for bitcoin_first_webscrape to 2023-03-07T06:30:00+00:00, run_after=2023-03-08T06:30:00+00:00
[2023-03-08T00:04:49.843+0000] {logging_mixin.py:137} INFO - [2023-03-08T00:04:49.843+0000] {dag.py:3441} INFO - Setting next_dagrun for bitcoin_second_webscrape to 2023-03-07T13:00:00+00:00, run_after=2023-03-08T13:00:00+00:00
[2023-03-08T00:04:49.949+0000] {processor.py:175} INFO - Processing /opt/airflow/dags/main.py took 3.289 seconds
[2023-03-08T00:05:20.357+0000] {processor.py:153} INFO - Started process (PID=2898) to work on /opt/airflow/dags/main.py
[2023-03-08T00:05:20.362+0000] {processor.py:743} INFO - Processing file /opt/airflow/dags/main.py for tasks to queue
[2023-03-08T00:05:20.366+0000] {logging_mixin.py:137} INFO - [2023-03-08T00:05:20.366+0000] {dagbag.py:538} INFO - Filling up the DagBag from /opt/airflow/dags/main.py
[2023-03-08T00:05:22.129+0000] {logging_mixin.py:137} INFO - /opt/airflow/dags/main.py
[2023-03-08T00:05:22.135+0000] {logging_mixin.py:137} INFO - /opt/airflow/dags/main.py
[2023-03-08T00:05:22.158+0000] {processor.py:753} INFO - DAG(s) dict_keys(['bitcoin_first_webscrape', 'bitcoin_second_webscrape']) retrieved from /opt/airflow/dags/main.py
[2023-03-08T00:05:22.206+0000] {logging_mixin.py:137} INFO - [2023-03-08T00:05:22.205+0000] {dag.py:2690} INFO - Sync 2 DAGs
[2023-03-08T00:05:22.280+0000] {logging_mixin.py:137} INFO - [2023-03-08T00:05:22.280+0000] {dag.py:3441} INFO - Setting next_dagrun for bitcoin_first_webscrape to 2023-03-07T06:30:00+00:00, run_after=2023-03-08T06:30:00+00:00
[2023-03-08T00:05:22.294+0000] {logging_mixin.py:137} INFO - [2023-03-08T00:05:22.294+0000] {dag.py:3441} INFO - Setting next_dagrun for bitcoin_second_webscrape to 2023-03-07T13:00:00+00:00, run_after=2023-03-08T13:00:00+00:00
[2023-03-08T00:05:22.330+0000] {processor.py:175} INFO - Processing /opt/airflow/dags/main.py took 1.985 seconds
[2023-03-08T00:05:52.428+0000] {processor.py:153} INFO - Started process (PID=2971) to work on /opt/airflow/dags/main.py
[2023-03-08T00:05:52.433+0000] {processor.py:743} INFO - Processing file /opt/airflow/dags/main.py for tasks to queue
[2023-03-08T00:05:52.436+0000] {logging_mixin.py:137} INFO - [2023-03-08T00:05:52.436+0000] {dagbag.py:538} INFO - Filling up the DagBag from /opt/airflow/dags/main.py
[2023-03-08T00:05:53.971+0000] {logging_mixin.py:137} INFO - /opt/airflow/dags/main.py
[2023-03-08T00:05:53.976+0000] {logging_mixin.py:137} INFO - /opt/airflow/dags/main.py
[2023-03-08T00:05:53.994+0000] {processor.py:753} INFO - DAG(s) dict_keys(['bitcoin_second_webscrape', 'bitcoin_first_webscrape']) retrieved from /opt/airflow/dags/main.py
[2023-03-08T00:05:54.046+0000] {logging_mixin.py:137} INFO - [2023-03-08T00:05:54.041+0000] {dag.py:2690} INFO - Sync 2 DAGs
[2023-03-08T00:05:54.113+0000] {logging_mixin.py:137} INFO - [2023-03-08T00:05:54.112+0000] {dag.py:3441} INFO - Setting next_dagrun for bitcoin_first_webscrape to 2023-03-07T06:30:00+00:00, run_after=2023-03-08T06:30:00+00:00
[2023-03-08T00:05:54.134+0000] {logging_mixin.py:137} INFO - [2023-03-08T00:05:54.134+0000] {dag.py:3441} INFO - Setting next_dagrun for bitcoin_second_webscrape to 2023-03-07T13:00:00+00:00, run_after=2023-03-08T13:00:00+00:00
[2023-03-08T00:05:54.175+0000] {processor.py:175} INFO - Processing /opt/airflow/dags/main.py took 1.754 seconds
[2023-03-08T00:06:24.896+0000] {processor.py:153} INFO - Started process (PID=3054) to work on /opt/airflow/dags/main.py
[2023-03-08T00:06:24.901+0000] {processor.py:743} INFO - Processing file /opt/airflow/dags/main.py for tasks to queue
[2023-03-08T00:06:24.906+0000] {logging_mixin.py:137} INFO - [2023-03-08T00:06:24.905+0000] {dagbag.py:538} INFO - Filling up the DagBag from /opt/airflow/dags/main.py
[2023-03-08T00:06:26.576+0000] {logging_mixin.py:137} INFO - /opt/airflow/dags/main.py
[2023-03-08T00:06:26.581+0000] {logging_mixin.py:137} INFO - /opt/airflow/dags/main.py
[2023-03-08T00:06:26.599+0000] {processor.py:753} INFO - DAG(s) dict_keys(['bitcoin_second_webscrape', 'bitcoin_first_webscrape']) retrieved from /opt/airflow/dags/main.py
[2023-03-08T00:06:26.636+0000] {logging_mixin.py:137} INFO - [2023-03-08T00:06:26.636+0000] {dag.py:2690} INFO - Sync 2 DAGs
[2023-03-08T00:06:26.706+0000] {logging_mixin.py:137} INFO - [2023-03-08T00:06:26.705+0000] {dag.py:3441} INFO - Setting next_dagrun for bitcoin_first_webscrape to 2023-03-07T06:30:00+00:00, run_after=2023-03-08T06:30:00+00:00
[2023-03-08T00:06:26.724+0000] {logging_mixin.py:137} INFO - [2023-03-08T00:06:26.724+0000] {dag.py:3441} INFO - Setting next_dagrun for bitcoin_second_webscrape to 2023-03-07T13:00:00+00:00, run_after=2023-03-08T13:00:00+00:00
[2023-03-08T00:06:26.754+0000] {processor.py:175} INFO - Processing /opt/airflow/dags/main.py took 1.868 seconds
[2023-03-08T00:06:57.575+0000] {processor.py:153} INFO - Started process (PID=3125) to work on /opt/airflow/dags/main.py
[2023-03-08T00:06:57.580+0000] {processor.py:743} INFO - Processing file /opt/airflow/dags/main.py for tasks to queue
[2023-03-08T00:06:57.585+0000] {logging_mixin.py:137} INFO - [2023-03-08T00:06:57.585+0000] {dagbag.py:538} INFO - Filling up the DagBag from /opt/airflow/dags/main.py
[2023-03-08T00:07:00.876+0000] {logging_mixin.py:137} INFO - /opt/airflow/dags/main.py
[2023-03-08T00:07:00.894+0000] {logging_mixin.py:137} INFO - /opt/airflow/dags/main.py
[2023-03-08T00:07:00.931+0000] {processor.py:753} INFO - DAG(s) dict_keys(['bitcoin_first_webscrape', 'bitcoin_second_webscrape']) retrieved from /opt/airflow/dags/main.py
[2023-03-08T00:07:00.996+0000] {logging_mixin.py:137} INFO - [2023-03-08T00:07:00.995+0000] {dag.py:2690} INFO - Sync 2 DAGs
[2023-03-08T00:07:01.302+0000] {logging_mixin.py:137} INFO - [2023-03-08T00:07:01.301+0000] {dag.py:3441} INFO - Setting next_dagrun for bitcoin_first_webscrape to 2023-03-07T06:30:00+00:00, run_after=2023-03-08T06:30:00+00:00
[2023-03-08T00:07:01.408+0000] {logging_mixin.py:137} INFO - [2023-03-08T00:07:01.407+0000] {dag.py:3441} INFO - Setting next_dagrun for bitcoin_second_webscrape to 2023-03-07T13:00:00+00:00, run_after=2023-03-08T13:00:00+00:00
[2023-03-08T00:07:01.533+0000] {processor.py:175} INFO - Processing /opt/airflow/dags/main.py took 3.981 seconds
[2023-03-08T00:07:32.383+0000] {processor.py:153} INFO - Started process (PID=3200) to work on /opt/airflow/dags/main.py
[2023-03-08T00:07:32.404+0000] {processor.py:743} INFO - Processing file /opt/airflow/dags/main.py for tasks to queue
[2023-03-08T00:07:32.422+0000] {logging_mixin.py:137} INFO - [2023-03-08T00:07:32.421+0000] {dagbag.py:538} INFO - Filling up the DagBag from /opt/airflow/dags/main.py
[2023-03-08T00:07:38.737+0000] {logging_mixin.py:137} INFO - /opt/airflow/dags/main.py
[2023-03-08T00:07:38.759+0000] {logging_mixin.py:137} INFO - /opt/airflow/dags/main.py
[2023-03-08T00:07:38.840+0000] {processor.py:753} INFO - DAG(s) dict_keys(['bitcoin_second_webscrape', 'bitcoin_first_webscrape']) retrieved from /opt/airflow/dags/main.py
[2023-03-08T00:07:38.978+0000] {logging_mixin.py:137} INFO - [2023-03-08T00:07:38.975+0000] {dag.py:2690} INFO - Sync 2 DAGs
[2023-03-08T00:07:39.449+0000] {logging_mixin.py:137} INFO - [2023-03-08T00:07:39.448+0000] {dag.py:3441} INFO - Setting next_dagrun for bitcoin_first_webscrape to 2023-03-07T06:30:00+00:00, run_after=2023-03-08T06:30:00+00:00
[2023-03-08T00:07:39.482+0000] {logging_mixin.py:137} INFO - [2023-03-08T00:07:39.482+0000] {dag.py:3441} INFO - Setting next_dagrun for bitcoin_second_webscrape to 2023-03-07T13:00:00+00:00, run_after=2023-03-08T13:00:00+00:00
[2023-03-08T00:07:39.558+0000] {processor.py:175} INFO - Processing /opt/airflow/dags/main.py took 7.206 seconds
[2023-03-08T00:08:10.764+0000] {processor.py:153} INFO - Started process (PID=3272) to work on /opt/airflow/dags/main.py
[2023-03-08T00:08:10.777+0000] {processor.py:743} INFO - Processing file /opt/airflow/dags/main.py for tasks to queue
[2023-03-08T00:08:10.786+0000] {logging_mixin.py:137} INFO - [2023-03-08T00:08:10.786+0000] {dagbag.py:538} INFO - Filling up the DagBag from /opt/airflow/dags/main.py
[2023-03-08T00:08:14.282+0000] {logging_mixin.py:137} INFO - /opt/airflow/dags/main.py
[2023-03-08T00:08:14.293+0000] {logging_mixin.py:137} INFO - /opt/airflow/dags/main.py
[2023-03-08T00:08:14.329+0000] {processor.py:753} INFO - DAG(s) dict_keys(['bitcoin_first_webscrape', 'bitcoin_second_webscrape']) retrieved from /opt/airflow/dags/main.py
[2023-03-08T00:08:14.412+0000] {logging_mixin.py:137} INFO - [2023-03-08T00:08:14.411+0000] {dag.py:2690} INFO - Sync 2 DAGs
[2023-03-08T00:08:14.516+0000] {logging_mixin.py:137} INFO - [2023-03-08T00:08:14.515+0000] {dag.py:3441} INFO - Setting next_dagrun for bitcoin_first_webscrape to 2023-03-07T06:30:00+00:00, run_after=2023-03-08T06:30:00+00:00
[2023-03-08T00:08:14.540+0000] {logging_mixin.py:137} INFO - [2023-03-08T00:08:14.540+0000] {dag.py:3441} INFO - Setting next_dagrun for bitcoin_second_webscrape to 2023-03-07T13:00:00+00:00, run_after=2023-03-08T13:00:00+00:00
[2023-03-08T00:08:14.605+0000] {processor.py:175} INFO - Processing /opt/airflow/dags/main.py took 3.862 seconds
[2023-03-08T00:08:45.434+0000] {processor.py:153} INFO - Started process (PID=3343) to work on /opt/airflow/dags/main.py
[2023-03-08T00:08:45.451+0000] {processor.py:743} INFO - Processing file /opt/airflow/dags/main.py for tasks to queue
[2023-03-08T00:08:45.459+0000] {logging_mixin.py:137} INFO - [2023-03-08T00:08:45.458+0000] {dagbag.py:538} INFO - Filling up the DagBag from /opt/airflow/dags/main.py
[2023-03-08T00:08:50.616+0000] {logging_mixin.py:137} INFO - /opt/airflow/dags/main.py
[2023-03-08T00:08:50.627+0000] {logging_mixin.py:137} INFO - /opt/airflow/dags/main.py
[2023-03-08T00:08:50.660+0000] {processor.py:753} INFO - DAG(s) dict_keys(['bitcoin_second_webscrape', 'bitcoin_first_webscrape']) retrieved from /opt/airflow/dags/main.py
[2023-03-08T00:08:50.732+0000] {logging_mixin.py:137} INFO - [2023-03-08T00:08:50.729+0000] {dag.py:2690} INFO - Sync 2 DAGs
[2023-03-08T00:08:50.864+0000] {logging_mixin.py:137} INFO - [2023-03-08T00:08:50.864+0000] {dag.py:3441} INFO - Setting next_dagrun for bitcoin_first_webscrape to 2023-03-07T06:30:00+00:00, run_after=2023-03-08T06:30:00+00:00
[2023-03-08T00:08:50.890+0000] {logging_mixin.py:137} INFO - [2023-03-08T00:08:50.890+0000] {dag.py:3441} INFO - Setting next_dagrun for bitcoin_second_webscrape to 2023-03-07T13:00:00+00:00, run_after=2023-03-08T13:00:00+00:00
[2023-03-08T00:08:50.965+0000] {processor.py:175} INFO - Processing /opt/airflow/dags/main.py took 5.666 seconds
[2023-03-08T00:09:24.152+0000] {processor.py:153} INFO - Started process (PID=3410) to work on /opt/airflow/dags/main.py
[2023-03-08T00:09:24.233+0000] {processor.py:743} INFO - Processing file /opt/airflow/dags/main.py for tasks to queue
[2023-03-08T00:09:24.289+0000] {logging_mixin.py:137} INFO - [2023-03-08T00:09:24.289+0000] {dagbag.py:538} INFO - Filling up the DagBag from /opt/airflow/dags/main.py
[2023-03-08T00:09:29.264+0000] {logging_mixin.py:137} INFO - /opt/airflow/dags/main.py
[2023-03-08T00:09:29.273+0000] {logging_mixin.py:137} INFO - /opt/airflow/dags/main.py
[2023-03-08T00:09:29.305+0000] {processor.py:753} INFO - DAG(s) dict_keys(['bitcoin_second_webscrape', 'bitcoin_first_webscrape']) retrieved from /opt/airflow/dags/main.py
[2023-03-08T00:09:29.366+0000] {logging_mixin.py:137} INFO - [2023-03-08T00:09:29.364+0000] {dag.py:2690} INFO - Sync 2 DAGs
[2023-03-08T00:09:29.502+0000] {logging_mixin.py:137} INFO - [2023-03-08T00:09:29.502+0000] {dag.py:3441} INFO - Setting next_dagrun for bitcoin_first_webscrape to 2023-03-07T06:30:00+00:00, run_after=2023-03-08T06:30:00+00:00
[2023-03-08T00:09:29.526+0000] {logging_mixin.py:137} INFO - [2023-03-08T00:09:29.525+0000] {dag.py:3441} INFO - Setting next_dagrun for bitcoin_second_webscrape to 2023-03-07T13:00:00+00:00, run_after=2023-03-08T13:00:00+00:00
[2023-03-08T00:09:29.572+0000] {processor.py:175} INFO - Processing /opt/airflow/dags/main.py took 5.562 seconds
[2023-03-08T00:10:00.191+0000] {processor.py:153} INFO - Started process (PID=3485) to work on /opt/airflow/dags/main.py
[2023-03-08T00:10:00.196+0000] {processor.py:743} INFO - Processing file /opt/airflow/dags/main.py for tasks to queue
[2023-03-08T00:10:00.206+0000] {logging_mixin.py:137} INFO - [2023-03-08T00:10:00.203+0000] {dagbag.py:538} INFO - Filling up the DagBag from /opt/airflow/dags/main.py
[2023-03-08T00:10:02.939+0000] {logging_mixin.py:137} INFO - /opt/airflow/dags/main.py
[2023-03-08T00:10:02.949+0000] {logging_mixin.py:137} INFO - /opt/airflow/dags/main.py
[2023-03-08T00:10:02.993+0000] {processor.py:753} INFO - DAG(s) dict_keys(['bitcoin_first_webscrape', 'bitcoin_second_webscrape']) retrieved from /opt/airflow/dags/main.py
[2023-03-08T00:10:03.063+0000] {logging_mixin.py:137} INFO - [2023-03-08T00:10:03.062+0000] {dag.py:2690} INFO - Sync 2 DAGs
[2023-03-08T00:10:03.212+0000] {logging_mixin.py:137} INFO - [2023-03-08T00:10:03.211+0000] {dag.py:3441} INFO - Setting next_dagrun for bitcoin_first_webscrape to 2023-03-07T06:30:00+00:00, run_after=2023-03-08T06:30:00+00:00
[2023-03-08T00:10:03.245+0000] {logging_mixin.py:137} INFO - [2023-03-08T00:10:03.245+0000] {dag.py:3441} INFO - Setting next_dagrun for bitcoin_second_webscrape to 2023-03-07T13:00:00+00:00, run_after=2023-03-08T13:00:00+00:00
[2023-03-08T00:10:03.336+0000] {processor.py:175} INFO - Processing /opt/airflow/dags/main.py took 3.159 seconds
[2023-03-08T00:10:33.490+0000] {processor.py:153} INFO - Started process (PID=3557) to work on /opt/airflow/dags/main.py
[2023-03-08T00:10:33.497+0000] {processor.py:743} INFO - Processing file /opt/airflow/dags/main.py for tasks to queue
[2023-03-08T00:10:33.503+0000] {logging_mixin.py:137} INFO - [2023-03-08T00:10:33.503+0000] {dagbag.py:538} INFO - Filling up the DagBag from /opt/airflow/dags/main.py
[2023-03-08T00:10:35.687+0000] {logging_mixin.py:137} INFO - /opt/airflow/dags/main.py
[2023-03-08T00:10:35.695+0000] {logging_mixin.py:137} INFO - /opt/airflow/dags/main.py
[2023-03-08T00:10:35.720+0000] {processor.py:753} INFO - DAG(s) dict_keys(['bitcoin_first_webscrape', 'bitcoin_second_webscrape']) retrieved from /opt/airflow/dags/main.py
[2023-03-08T00:10:35.770+0000] {logging_mixin.py:137} INFO - [2023-03-08T00:10:35.769+0000] {dag.py:2690} INFO - Sync 2 DAGs
[2023-03-08T00:10:35.853+0000] {logging_mixin.py:137} INFO - [2023-03-08T00:10:35.852+0000] {dag.py:3441} INFO - Setting next_dagrun for bitcoin_first_webscrape to 2023-03-07T06:30:00+00:00, run_after=2023-03-08T06:30:00+00:00
[2023-03-08T00:10:35.876+0000] {logging_mixin.py:137} INFO - [2023-03-08T00:10:35.875+0000] {dag.py:3441} INFO - Setting next_dagrun for bitcoin_second_webscrape to 2023-03-07T13:00:00+00:00, run_after=2023-03-08T13:00:00+00:00
[2023-03-08T00:10:35.919+0000] {processor.py:175} INFO - Processing /opt/airflow/dags/main.py took 2.441 seconds
[2023-03-08T00:11:06.227+0000] {processor.py:153} INFO - Started process (PID=3629) to work on /opt/airflow/dags/main.py
[2023-03-08T00:11:06.235+0000] {processor.py:743} INFO - Processing file /opt/airflow/dags/main.py for tasks to queue
[2023-03-08T00:11:06.238+0000] {logging_mixin.py:137} INFO - [2023-03-08T00:11:06.238+0000] {dagbag.py:538} INFO - Filling up the DagBag from /opt/airflow/dags/main.py
[2023-03-08T00:11:08.758+0000] {logging_mixin.py:137} INFO - /opt/airflow/dags/main.py
[2023-03-08T00:11:08.766+0000] {logging_mixin.py:137} INFO - /opt/airflow/dags/main.py
[2023-03-08T00:11:08.798+0000] {processor.py:753} INFO - DAG(s) dict_keys(['bitcoin_second_webscrape', 'bitcoin_first_webscrape']) retrieved from /opt/airflow/dags/main.py
[2023-03-08T00:11:08.854+0000] {logging_mixin.py:137} INFO - [2023-03-08T00:11:08.853+0000] {dag.py:2690} INFO - Sync 2 DAGs
[2023-03-08T00:11:08.933+0000] {logging_mixin.py:137} INFO - [2023-03-08T00:11:08.933+0000] {dag.py:3441} INFO - Setting next_dagrun for bitcoin_first_webscrape to 2023-03-07T06:30:00+00:00, run_after=2023-03-08T06:30:00+00:00
[2023-03-08T00:11:08.965+0000] {logging_mixin.py:137} INFO - [2023-03-08T00:11:08.964+0000] {dag.py:3441} INFO - Setting next_dagrun for bitcoin_second_webscrape to 2023-03-07T13:00:00+00:00, run_after=2023-03-08T13:00:00+00:00
[2023-03-08T00:11:09.015+0000] {processor.py:175} INFO - Processing /opt/airflow/dags/main.py took 2.798 seconds
[2023-03-08T00:11:39.147+0000] {processor.py:153} INFO - Started process (PID=3700) to work on /opt/airflow/dags/main.py
[2023-03-08T00:11:39.153+0000] {processor.py:743} INFO - Processing file /opt/airflow/dags/main.py for tasks to queue
[2023-03-08T00:11:39.157+0000] {logging_mixin.py:137} INFO - [2023-03-08T00:11:39.156+0000] {dagbag.py:538} INFO - Filling up the DagBag from /opt/airflow/dags/main.py
[2023-03-08T00:11:41.017+0000] {logging_mixin.py:137} INFO - /opt/airflow/dags/main.py
[2023-03-08T00:11:41.022+0000] {logging_mixin.py:137} INFO - /opt/airflow/dags/main.py
[2023-03-08T00:11:41.041+0000] {processor.py:753} INFO - DAG(s) dict_keys(['bitcoin_first_webscrape', 'bitcoin_second_webscrape']) retrieved from /opt/airflow/dags/main.py
[2023-03-08T00:11:41.089+0000] {logging_mixin.py:137} INFO - [2023-03-08T00:11:41.087+0000] {dag.py:2690} INFO - Sync 2 DAGs
[2023-03-08T00:11:41.157+0000] {logging_mixin.py:137} INFO - [2023-03-08T00:11:41.156+0000] {dag.py:3441} INFO - Setting next_dagrun for bitcoin_first_webscrape to 2023-03-07T06:30:00+00:00, run_after=2023-03-08T06:30:00+00:00
[2023-03-08T00:11:41.168+0000] {logging_mixin.py:137} INFO - [2023-03-08T00:11:41.167+0000] {dag.py:3441} INFO - Setting next_dagrun for bitcoin_second_webscrape to 2023-03-07T13:00:00+00:00, run_after=2023-03-08T13:00:00+00:00
[2023-03-08T00:11:41.217+0000] {processor.py:175} INFO - Processing /opt/airflow/dags/main.py took 2.081 seconds
[2023-03-08T00:12:11.463+0000] {processor.py:153} INFO - Started process (PID=3771) to work on /opt/airflow/dags/main.py
[2023-03-08T00:12:11.468+0000] {processor.py:743} INFO - Processing file /opt/airflow/dags/main.py for tasks to queue
[2023-03-08T00:12:11.471+0000] {logging_mixin.py:137} INFO - [2023-03-08T00:12:11.471+0000] {dagbag.py:538} INFO - Filling up the DagBag from /opt/airflow/dags/main.py
[2023-03-08T00:12:13.218+0000] {logging_mixin.py:137} INFO - /opt/airflow/dags/main.py
[2023-03-08T00:12:13.225+0000] {logging_mixin.py:137} INFO - /opt/airflow/dags/main.py
[2023-03-08T00:12:13.249+0000] {processor.py:753} INFO - DAG(s) dict_keys(['bitcoin_first_webscrape', 'bitcoin_second_webscrape']) retrieved from /opt/airflow/dags/main.py
[2023-03-08T00:12:13.305+0000] {logging_mixin.py:137} INFO - [2023-03-08T00:12:13.304+0000] {dag.py:2690} INFO - Sync 2 DAGs
[2023-03-08T00:12:13.392+0000] {logging_mixin.py:137} INFO - [2023-03-08T00:12:13.392+0000] {dag.py:3441} INFO - Setting next_dagrun for bitcoin_first_webscrape to 2023-03-07T06:30:00+00:00, run_after=2023-03-08T06:30:00+00:00
[2023-03-08T00:12:13.412+0000] {logging_mixin.py:137} INFO - [2023-03-08T00:12:13.412+0000] {dag.py:3441} INFO - Setting next_dagrun for bitcoin_second_webscrape to 2023-03-07T13:00:00+00:00, run_after=2023-03-08T13:00:00+00:00
[2023-03-08T00:12:13.455+0000] {processor.py:175} INFO - Processing /opt/airflow/dags/main.py took 2.010 seconds
