[2023-03-08T00:00:19.107+0000] {processor.py:153} INFO - Started process (PID=2278) to work on /opt/airflow/dags/webscrape.py
[2023-03-08T00:00:19.113+0000] {processor.py:743} INFO - Processing file /opt/airflow/dags/webscrape.py for tasks to queue
[2023-03-08T00:00:19.135+0000] {logging_mixin.py:137} INFO - [2023-03-08T00:00:19.133+0000] {dagbag.py:538} INFO - Filling up the DagBag from /opt/airflow/dags/webscrape.py
[2023-03-08T00:00:21.832+0000] {processor.py:755} WARNING - No viable dags retrieved from /opt/airflow/dags/webscrape.py
[2023-03-08T00:00:21.852+0000] {processor.py:175} INFO - Processing /opt/airflow/dags/webscrape.py took 2.763 seconds
[2023-03-08T00:00:52.518+0000] {processor.py:153} INFO - Started process (PID=2342) to work on /opt/airflow/dags/webscrape.py
[2023-03-08T00:00:52.524+0000] {processor.py:743} INFO - Processing file /opt/airflow/dags/webscrape.py for tasks to queue
[2023-03-08T00:00:52.529+0000] {logging_mixin.py:137} INFO - [2023-03-08T00:00:52.528+0000] {dagbag.py:538} INFO - Filling up the DagBag from /opt/airflow/dags/webscrape.py
[2023-03-08T00:00:54.221+0000] {processor.py:755} WARNING - No viable dags retrieved from /opt/airflow/dags/webscrape.py
[2023-03-08T00:00:54.237+0000] {processor.py:175} INFO - Processing /opt/airflow/dags/webscrape.py took 1.733 seconds
[2023-03-08T00:01:24.846+0000] {processor.py:153} INFO - Started process (PID=2416) to work on /opt/airflow/dags/webscrape.py
[2023-03-08T00:01:24.853+0000] {processor.py:743} INFO - Processing file /opt/airflow/dags/webscrape.py for tasks to queue
[2023-03-08T00:01:24.857+0000] {logging_mixin.py:137} INFO - [2023-03-08T00:01:24.857+0000] {dagbag.py:538} INFO - Filling up the DagBag from /opt/airflow/dags/webscrape.py
[2023-03-08T00:01:29.575+0000] {processor.py:755} WARNING - No viable dags retrieved from /opt/airflow/dags/webscrape.py
[2023-03-08T00:01:29.625+0000] {processor.py:175} INFO - Processing /opt/airflow/dags/webscrape.py took 4.802 seconds
[2023-03-08T00:02:01.514+0000] {processor.py:153} INFO - Started process (PID=2484) to work on /opt/airflow/dags/webscrape.py
[2023-03-08T00:02:01.532+0000] {processor.py:743} INFO - Processing file /opt/airflow/dags/webscrape.py for tasks to queue
[2023-03-08T00:02:01.537+0000] {logging_mixin.py:137} INFO - [2023-03-08T00:02:01.536+0000] {dagbag.py:538} INFO - Filling up the DagBag from /opt/airflow/dags/webscrape.py
[2023-03-08T00:02:11.867+0000] {processor.py:755} WARNING - No viable dags retrieved from /opt/airflow/dags/webscrape.py
[2023-03-08T00:02:11.904+0000] {processor.py:175} INFO - Processing /opt/airflow/dags/webscrape.py took 10.415 seconds
[2023-03-08T00:02:42.742+0000] {processor.py:153} INFO - Started process (PID=2558) to work on /opt/airflow/dags/webscrape.py
[2023-03-08T00:02:42.761+0000] {processor.py:743} INFO - Processing file /opt/airflow/dags/webscrape.py for tasks to queue
[2023-03-08T00:02:42.770+0000] {logging_mixin.py:137} INFO - [2023-03-08T00:02:42.770+0000] {dagbag.py:538} INFO - Filling up the DagBag from /opt/airflow/dags/webscrape.py
[2023-03-08T00:02:50.118+0000] {processor.py:755} WARNING - No viable dags retrieved from /opt/airflow/dags/webscrape.py
[2023-03-08T00:02:50.152+0000] {processor.py:175} INFO - Processing /opt/airflow/dags/webscrape.py took 7.472 seconds
[2023-03-08T00:03:21.234+0000] {processor.py:153} INFO - Started process (PID=2634) to work on /opt/airflow/dags/webscrape.py
[2023-03-08T00:03:21.246+0000] {processor.py:743} INFO - Processing file /opt/airflow/dags/webscrape.py for tasks to queue
[2023-03-08T00:03:21.257+0000] {logging_mixin.py:137} INFO - [2023-03-08T00:03:21.257+0000] {dagbag.py:538} INFO - Filling up the DagBag from /opt/airflow/dags/webscrape.py
[2023-03-08T00:03:24.353+0000] {processor.py:755} WARNING - No viable dags retrieved from /opt/airflow/dags/webscrape.py
[2023-03-08T00:03:24.386+0000] {processor.py:175} INFO - Processing /opt/airflow/dags/webscrape.py took 3.181 seconds
[2023-03-08T00:03:54.925+0000] {processor.py:153} INFO - Started process (PID=2705) to work on /opt/airflow/dags/webscrape.py
[2023-03-08T00:03:54.929+0000] {processor.py:743} INFO - Processing file /opt/airflow/dags/webscrape.py for tasks to queue
[2023-03-08T00:03:54.934+0000] {logging_mixin.py:137} INFO - [2023-03-08T00:03:54.934+0000] {dagbag.py:538} INFO - Filling up the DagBag from /opt/airflow/dags/webscrape.py
[2023-03-08T00:03:57.289+0000] {processor.py:755} WARNING - No viable dags retrieved from /opt/airflow/dags/webscrape.py
[2023-03-08T00:03:57.312+0000] {processor.py:175} INFO - Processing /opt/airflow/dags/webscrape.py took 2.399 seconds
[2023-03-08T00:04:27.604+0000] {processor.py:153} INFO - Started process (PID=2778) to work on /opt/airflow/dags/webscrape.py
[2023-03-08T00:04:27.610+0000] {processor.py:743} INFO - Processing file /opt/airflow/dags/webscrape.py for tasks to queue
[2023-03-08T00:04:27.613+0000] {logging_mixin.py:137} INFO - [2023-03-08T00:04:27.613+0000] {dagbag.py:538} INFO - Filling up the DagBag from /opt/airflow/dags/webscrape.py
[2023-03-08T00:04:29.445+0000] {processor.py:755} WARNING - No viable dags retrieved from /opt/airflow/dags/webscrape.py
[2023-03-08T00:04:29.462+0000] {processor.py:175} INFO - Processing /opt/airflow/dags/webscrape.py took 1.869 seconds
[2023-03-08T00:04:59.877+0000] {processor.py:153} INFO - Started process (PID=2850) to work on /opt/airflow/dags/webscrape.py
[2023-03-08T00:04:59.889+0000] {processor.py:743} INFO - Processing file /opt/airflow/dags/webscrape.py for tasks to queue
[2023-03-08T00:04:59.915+0000] {logging_mixin.py:137} INFO - [2023-03-08T00:04:59.915+0000] {dagbag.py:538} INFO - Filling up the DagBag from /opt/airflow/dags/webscrape.py
[2023-03-08T00:05:03.014+0000] {processor.py:755} WARNING - No viable dags retrieved from /opt/airflow/dags/webscrape.py
[2023-03-08T00:05:03.046+0000] {processor.py:175} INFO - Processing /opt/airflow/dags/webscrape.py took 3.195 seconds
[2023-03-08T00:05:33.538+0000] {processor.py:153} INFO - Started process (PID=2925) to work on /opt/airflow/dags/webscrape.py
[2023-03-08T00:05:33.544+0000] {processor.py:743} INFO - Processing file /opt/airflow/dags/webscrape.py for tasks to queue
[2023-03-08T00:05:33.548+0000] {logging_mixin.py:137} INFO - [2023-03-08T00:05:33.547+0000] {dagbag.py:538} INFO - Filling up the DagBag from /opt/airflow/dags/webscrape.py
[2023-03-08T00:05:35.434+0000] {processor.py:755} WARNING - No viable dags retrieved from /opt/airflow/dags/webscrape.py
[2023-03-08T00:05:35.450+0000] {processor.py:175} INFO - Processing /opt/airflow/dags/webscrape.py took 1.921 seconds
[2023-03-08T00:06:05.574+0000] {processor.py:153} INFO - Started process (PID=2998) to work on /opt/airflow/dags/webscrape.py
[2023-03-08T00:06:05.578+0000] {processor.py:743} INFO - Processing file /opt/airflow/dags/webscrape.py for tasks to queue
[2023-03-08T00:06:05.581+0000] {logging_mixin.py:137} INFO - [2023-03-08T00:06:05.580+0000] {dagbag.py:538} INFO - Filling up the DagBag from /opt/airflow/dags/webscrape.py
[2023-03-08T00:06:07.150+0000] {processor.py:755} WARNING - No viable dags retrieved from /opt/airflow/dags/webscrape.py
[2023-03-08T00:06:07.165+0000] {processor.py:175} INFO - Processing /opt/airflow/dags/webscrape.py took 1.599 seconds
[2023-03-08T00:06:37.368+0000] {processor.py:153} INFO - Started process (PID=3080) to work on /opt/airflow/dags/webscrape.py
[2023-03-08T00:06:37.372+0000] {processor.py:743} INFO - Processing file /opt/airflow/dags/webscrape.py for tasks to queue
[2023-03-08T00:06:37.377+0000] {logging_mixin.py:137} INFO - [2023-03-08T00:06:37.377+0000] {dagbag.py:538} INFO - Filling up the DagBag from /opt/airflow/dags/webscrape.py
[2023-03-08T00:06:39.113+0000] {processor.py:755} WARNING - No viable dags retrieved from /opt/airflow/dags/webscrape.py
[2023-03-08T00:06:39.130+0000] {processor.py:175} INFO - Processing /opt/airflow/dags/webscrape.py took 1.771 seconds
[2023-03-08T00:07:10.395+0000] {processor.py:153} INFO - Started process (PID=3154) to work on /opt/airflow/dags/webscrape.py
[2023-03-08T00:07:10.416+0000] {processor.py:743} INFO - Processing file /opt/airflow/dags/webscrape.py for tasks to queue
[2023-03-08T00:07:10.424+0000] {logging_mixin.py:137} INFO - [2023-03-08T00:07:10.424+0000] {dagbag.py:538} INFO - Filling up the DagBag from /opt/airflow/dags/webscrape.py
[2023-03-08T00:07:12.918+0000] {processor.py:755} WARNING - No viable dags retrieved from /opt/airflow/dags/webscrape.py
[2023-03-08T00:07:12.948+0000] {processor.py:175} INFO - Processing /opt/airflow/dags/webscrape.py took 2.627 seconds
[2023-03-08T00:07:47.900+0000] {processor.py:153} INFO - Started process (PID=3231) to work on /opt/airflow/dags/webscrape.py
[2023-03-08T00:07:47.911+0000] {processor.py:743} INFO - Processing file /opt/airflow/dags/webscrape.py for tasks to queue
[2023-03-08T00:07:47.917+0000] {logging_mixin.py:137} INFO - [2023-03-08T00:07:47.917+0000] {dagbag.py:538} INFO - Filling up the DagBag from /opt/airflow/dags/webscrape.py
[2023-03-08T00:07:51.134+0000] {processor.py:755} WARNING - No viable dags retrieved from /opt/airflow/dags/webscrape.py
[2023-03-08T00:07:51.160+0000] {processor.py:175} INFO - Processing /opt/airflow/dags/webscrape.py took 3.306 seconds
[2023-03-08T00:08:22.370+0000] {processor.py:153} INFO - Started process (PID=3296) to work on /opt/airflow/dags/webscrape.py
[2023-03-08T00:08:22.378+0000] {processor.py:743} INFO - Processing file /opt/airflow/dags/webscrape.py for tasks to queue
[2023-03-08T00:08:22.390+0000] {logging_mixin.py:137} INFO - [2023-03-08T00:08:22.390+0000] {dagbag.py:538} INFO - Filling up the DagBag from /opt/airflow/dags/webscrape.py
[2023-03-08T00:08:24.824+0000] {processor.py:755} WARNING - No viable dags retrieved from /opt/airflow/dags/webscrape.py
[2023-03-08T00:08:24.838+0000] {processor.py:175} INFO - Processing /opt/airflow/dags/webscrape.py took 2.493 seconds
[2023-03-08T00:08:58.148+0000] {processor.py:153} INFO - Started process (PID=3367) to work on /opt/airflow/dags/webscrape.py
[2023-03-08T00:08:58.159+0000] {processor.py:743} INFO - Processing file /opt/airflow/dags/webscrape.py for tasks to queue
[2023-03-08T00:08:58.169+0000] {logging_mixin.py:137} INFO - [2023-03-08T00:08:58.168+0000] {dagbag.py:538} INFO - Filling up the DagBag from /opt/airflow/dags/webscrape.py
[2023-03-08T00:09:05.046+0000] {processor.py:755} WARNING - No viable dags retrieved from /opt/airflow/dags/webscrape.py
[2023-03-08T00:09:05.072+0000] {processor.py:175} INFO - Processing /opt/airflow/dags/webscrape.py took 6.967 seconds
[2023-03-08T00:09:36.188+0000] {processor.py:153} INFO - Started process (PID=3442) to work on /opt/airflow/dags/webscrape.py
[2023-03-08T00:09:36.215+0000] {processor.py:743} INFO - Processing file /opt/airflow/dags/webscrape.py for tasks to queue
[2023-03-08T00:09:36.225+0000] {logging_mixin.py:137} INFO - [2023-03-08T00:09:36.224+0000] {dagbag.py:538} INFO - Filling up the DagBag from /opt/airflow/dags/webscrape.py
[2023-03-08T00:09:40.712+0000] {processor.py:755} WARNING - No viable dags retrieved from /opt/airflow/dags/webscrape.py
[2023-03-08T00:09:40.758+0000] {processor.py:175} INFO - Processing /opt/airflow/dags/webscrape.py took 4.597 seconds
[2023-03-08T00:10:11.338+0000] {processor.py:153} INFO - Started process (PID=3518) to work on /opt/airflow/dags/webscrape.py
[2023-03-08T00:10:11.347+0000] {processor.py:743} INFO - Processing file /opt/airflow/dags/webscrape.py for tasks to queue
[2023-03-08T00:10:11.351+0000] {logging_mixin.py:137} INFO - [2023-03-08T00:10:11.350+0000] {dagbag.py:538} INFO - Filling up the DagBag from /opt/airflow/dags/webscrape.py
[2023-03-08T00:10:17.851+0000] {processor.py:755} WARNING - No viable dags retrieved from /opt/airflow/dags/webscrape.py
[2023-03-08T00:10:17.901+0000] {processor.py:175} INFO - Processing /opt/airflow/dags/webscrape.py took 6.573 seconds
[2023-03-08T00:10:48.566+0000] {processor.py:153} INFO - Started process (PID=3592) to work on /opt/airflow/dags/webscrape.py
[2023-03-08T00:10:48.577+0000] {processor.py:743} INFO - Processing file /opt/airflow/dags/webscrape.py for tasks to queue
[2023-03-08T00:10:48.582+0000] {logging_mixin.py:137} INFO - [2023-03-08T00:10:48.581+0000] {dagbag.py:538} INFO - Filling up the DagBag from /opt/airflow/dags/webscrape.py
[2023-03-08T00:10:50.523+0000] {processor.py:755} WARNING - No viable dags retrieved from /opt/airflow/dags/webscrape.py
[2023-03-08T00:10:50.551+0000] {processor.py:175} INFO - Processing /opt/airflow/dags/webscrape.py took 2.004 seconds
[2023-03-08T00:11:20.924+0000] {processor.py:153} INFO - Started process (PID=3666) to work on /opt/airflow/dags/webscrape.py
[2023-03-08T00:11:20.930+0000] {processor.py:743} INFO - Processing file /opt/airflow/dags/webscrape.py for tasks to queue
[2023-03-08T00:11:20.933+0000] {logging_mixin.py:137} INFO - [2023-03-08T00:11:20.933+0000] {dagbag.py:538} INFO - Filling up the DagBag from /opt/airflow/dags/webscrape.py
[2023-03-08T00:11:22.675+0000] {processor.py:755} WARNING - No viable dags retrieved from /opt/airflow/dags/webscrape.py
[2023-03-08T00:11:22.690+0000] {processor.py:175} INFO - Processing /opt/airflow/dags/webscrape.py took 1.773 seconds
[2023-03-08T00:11:52.826+0000] {processor.py:153} INFO - Started process (PID=3740) to work on /opt/airflow/dags/webscrape.py
[2023-03-08T00:11:52.831+0000] {processor.py:743} INFO - Processing file /opt/airflow/dags/webscrape.py for tasks to queue
[2023-03-08T00:11:52.835+0000] {logging_mixin.py:137} INFO - [2023-03-08T00:11:52.835+0000] {dagbag.py:538} INFO - Filling up the DagBag from /opt/airflow/dags/webscrape.py
[2023-03-08T00:11:54.097+0000] {processor.py:755} WARNING - No viable dags retrieved from /opt/airflow/dags/webscrape.py
[2023-03-08T00:11:54.110+0000] {processor.py:175} INFO - Processing /opt/airflow/dags/webscrape.py took 1.291 seconds
[2023-03-08T00:12:24.810+0000] {processor.py:153} INFO - Started process (PID=3813) to work on /opt/airflow/dags/webscrape.py
[2023-03-08T00:12:24.814+0000] {processor.py:743} INFO - Processing file /opt/airflow/dags/webscrape.py for tasks to queue
[2023-03-08T00:12:24.817+0000] {logging_mixin.py:137} INFO - [2023-03-08T00:12:24.816+0000] {dagbag.py:538} INFO - Filling up the DagBag from /opt/airflow/dags/webscrape.py
[2023-03-08T00:12:26.482+0000] {processor.py:755} WARNING - No viable dags retrieved from /opt/airflow/dags/webscrape.py
[2023-03-08T00:12:26.499+0000] {processor.py:175} INFO - Processing /opt/airflow/dags/webscrape.py took 1.697 seconds
