[2023-03-08T17:00:40.225+0000] {taskinstance.py:1083} INFO - Dependencies all met for <TaskInstance: bitcoin_second_webscrape.combine_open_close_pricing manual__2023-03-08T17:00:28.852949+00:00 [queued]>
[2023-03-08T17:00:40.241+0000] {taskinstance.py:1083} INFO - Dependencies all met for <TaskInstance: bitcoin_second_webscrape.combine_open_close_pricing manual__2023-03-08T17:00:28.852949+00:00 [queued]>
[2023-03-08T17:00:40.243+0000] {taskinstance.py:1279} INFO - 
--------------------------------------------------------------------------------
[2023-03-08T17:00:40.245+0000] {taskinstance.py:1280} INFO - Starting attempt 1 of 1
[2023-03-08T17:00:40.247+0000] {taskinstance.py:1281} INFO - 
--------------------------------------------------------------------------------
[2023-03-08T17:00:40.273+0000] {taskinstance.py:1300} INFO - Executing <Task(PythonOperator): combine_open_close_pricing> on 2023-03-08 17:00:28.852949+00:00
[2023-03-08T17:00:40.283+0000] {standard_task_runner.py:55} INFO - Started process 351 to run task
[2023-03-08T17:00:40.289+0000] {standard_task_runner.py:82} INFO - Running: ['***', 'tasks', 'run', 'bitcoin_second_webscrape', 'combine_open_close_pricing', 'manual__2023-03-08T17:00:28.852949+00:00', '--job-id', '209', '--raw', '--subdir', 'DAGS_FOLDER/main.py', '--cfg-path', '/tmp/tmpzb8zqieo']
[2023-03-08T17:00:40.290+0000] {standard_task_runner.py:83} INFO - Job 209: Subtask combine_open_close_pricing
[2023-03-08T17:00:40.469+0000] {task_command.py:388} INFO - Running <TaskInstance: bitcoin_second_webscrape.combine_open_close_pricing manual__2023-03-08T17:00:28.852949+00:00 [running]> on host cd114ba8c1f8
[2023-03-08T17:00:40.591+0000] {taskinstance.py:1509} INFO - Exporting the following env vars:
AIRFLOW_CTX_DAG_EMAIL=***@example.com
AIRFLOW_CTX_DAG_OWNER=***
AIRFLOW_CTX_DAG_ID=bitcoin_second_webscrape
AIRFLOW_CTX_TASK_ID=combine_open_close_pricing
AIRFLOW_CTX_EXECUTION_DATE=2023-03-08T17:00:28.852949+00:00
AIRFLOW_CTX_TRY_NUMBER=1
AIRFLOW_CTX_DAG_RUN_ID=manual__2023-03-08T17:00:28.852949+00:00
[2023-03-08T17:00:40.629+0000] {python.py:177} INFO - Done. Returned value was: None
[2023-03-08T17:00:40.648+0000] {taskinstance.py:1323} INFO - Marking task as SUCCESS. dag_id=bitcoin_second_webscrape, task_id=combine_open_close_pricing, execution_date=20230308T170028, start_date=20230308T170040, end_date=20230308T170040
[2023-03-08T17:00:40.708+0000] {local_task_job.py:208} INFO - Task exited with return code 0
[2023-03-08T17:00:40.755+0000] {taskinstance.py:2578} INFO - 1 downstream tasks scheduled from follow-on schedule check
